BD
SET_METRIC
C
BEGIN_EINRICHTEPLAN_INFO
C
ZA,MM,4
MM,AT,1, 60,1,1,,,,,T
MM,AT,1, 100,1,1,,,,,T
MM,AT,1,150,1,1,,'Maschinenzeit',,'min',Z
MM,AT,1,170,1,1,,,,,T
ZA,DA,1
C
DA,01492,1,26.53,1
C
ENDE_EINRICHTEPLAN_INFO
C
BEGIN_SHEET_TECH
C
ZA,MM,7
MM,AT,1,10,1,1,,,,,T
MM,AT,1,20,1,1,,,,'mm',Z
MM,AT,1,30,1,1,,,,'mm',Z
MM,AT,1,40,1,1,,,,'mm',Z
MM,AT,1,220,1,1,,,,'mm',Z
MM,AT,1,230,1,1,,,,'mm',Z
MM,AT,1,240,1,1,,'Materialkennung',,'',T
C
ZA,DA,1
DA,'SHT-1',200.0,135.0,0.8,200.0,135.0,'Al99'
C
ENDE_SHEET_TECH
C
BEGIN_SHEET_LOAD
C
ZA,MM,10
MM,AT,1,10,1,1,,'Table identifier',,,T
MM,AT,1,500,1,1,,'Loading unit',,,Z
MM,AT,1,620,1,1,,'Sheet stopper',,,Z
MM,AT,1,630,1,1,,'Measure sheet position',,,Z
MM,AT,1,640,1,1,,'Measure range in X',,'mm',Z
MM,AT,1,650,1,1,,'Measure range in Y',,'mm',Z
MM,AT,1,660,1,1,,'Calibration',,'Bool',Z
MM,AT,1,690,1,1,,'Type of pallet change',,,Z
MM,AT,1,700,1,1,,'Measuring Corner',,,Z
MM,AT,1,710,1,1,,,,,Z
C
ZA,DA,1
DA,'SHL-1',1,1,1,100.0,100.0,1,1,1,1
C
ENDE_SHEET_LOAD
C
BEGIN_LTT_CALLS
C
ZA,MM,1
MM,AT,1,10,1,1,,,,,T
C
ZA,DA,1
DA,'AL010MD0-N2S0-30-2'
C
ENDE_LTT_CALLS
C
BEGIN_MICROJOINT
C
ZA,MM,12
MM,AT,1,  10,1,1,,'Tabellenidentifikator              ',,'',T
MM,AT,1, 100,1,1,,'programmierte Microjoints aktiv    ',,'Bool',Z
MM,AT,1, 110,1,1,,'automatische Microjoints aktiv     ',,'Bool',Z
MM,AT,1, 120,1,1,,'Microjointbreite kleine Kontur     ',,'mm',Z
MM,AT,1, 130,1,1,,'Microjointbreite mittlere Kontur   ',,'mm',Z
MM,AT,1, 140,1,1,,'Microjointbreite grosse Kontur     ',,'mm',Z
MM,AT,1, 150,1,1,,'Konturausdehnung min X autom. Microjoint',,'mm',Z
MM,AT,1, 160,1,1,,'Konturausdehnung max X autom. Microjoint',,'mm',Z
MM,AT,1, 170,1,1,,'Konturausdehnung min Y autom. Microjoint',,'mm',Z
MM,AT,1, 180,1,1,,'Konturausdehnung max Y autom. Microjoint',,'mm',Z
MM,AT,1, 190,1,1,,'Einstechart nach Microjoint        ',,'',Z
MM,AT,1, 500,1,1,,'TRUMPF-Kennung                     ',,'',Z
C
ZA,DA,1
DA,'MIJO-1',1,0,0,0,1,-1,-1,-1,-1,11,1
C
ENDE_MICROJOINT
C
BEGIN_PROGRAMM
C
ZA,MM,4
MM,AT,1, 10,1,1,,,,,T
MM,AT,1, 20,1,1,,,,,T
MM,AT,1, 30,1,1,,,,,T
MM,AT,1, 40,1,1,,,,,Z
C
ZA,DA,2
DA,'L101492','UP',,
START_TEXT
N10G91
N20G01X-0.1Y0.011
N30TC_POS_LEVEL(40.0)
N40TC_LASER_ON(9,"AL010MD0-N2S0-30-2",10,100)
N50X0.421Y3.978
N60G03X-0.046Y0.055I-0.05J0.005
N70X-1.78Y-19.72I-0.89J-9.86
N80X1.78Y19.72I0.89J9.86
N90TC_LASER_OFF(4)
N100G01X4.954Y54.888
N110TC_LASER_ON(9,"AL010MD0-N2S0-30-2",10,100)
N120X3.993Y-0.241
N130G03X0.053Y0.048I0.003J0.05
N140X-19.78Y0.89I-9.89J0.445
N150X19.78Y-0.89I9.89J-0.445
N160TC_LASER_OFF(4)
N170G01X120.177Y-5.404
N180TC_LASER_ON(9,"AL010MD0-N2S0-30-2",10,100)
N190X-0.022Y-4
N200G03X0.05Y-0.051I0.05J-0.001
N210X-0.19Y19.8I-0.095J9.9
N220X0.19Y-19.8I0.095J-9.9
N230TC_LASER_OFF(4)
N240G01X0.375Y-49.269
N250TC_LASER_ON(9,"AL010MD0-N2S0-30-2",10,100)
N260X0.39Y3.981
N270G03X-0.046Y0.054I-0.05J0.005
N280X-1.628Y-19.732I-0.814J-9.866
N290X1.628Y19.732I0.814J9.866
N300TC_LASER_OFF(4)
N310G01X1.568Y17.898
N320TC_LASER_ON(9,"AL010MD0-N2S0-30-2",10,100)
N330X1.365Y-3.76
N340G03X0.065Y-0.03I0.047J0.017
N350X-3.521Y19.153I-3.521J9.253
N360G01X-28.858
N370G02X-0.097Y0.073I0J0.1
N380G03X-26.072Y26.072I-36.045J-9.973
N390G02X-0.073Y0.097I0.027J0.097
N400G01Y9.9
N410X-19.8
N420Y-9.9
N430G02X-0.074Y-0.097I-0.1J0
N440G03X-26.072Y-26.072I9.974J-36.045
N450G02X-0.097Y-0.073I-0.097J0.027
N460G01X-28.857
N470G03Y-19.8I0J-9.9
N480G01X28.857
N490G02X0.097Y-0.074I0J-0.1
N500G03X26.072Y-26.072I36.046J9.974
N510G02X0.074Y-0.096I-0.026J-0.096
N520G01Y-9.9
N530X19.8
N540Y9.9
N550G02X0.073Y0.096I0.1J0
N560G03X26.072Y26.072I-9.973J36.046
N570G02X0.097Y0.074I0.097J-0.026
N580G01X28.858
N590G03X3.521Y0.647I0J9.9
N600TC_LASER_OFF(4)
N610G01X16.852Y-44.534
N620TC_LASER_ON(9,"AL010MD0-N2S0-30-2",10,100)
N630X-2.845Y2.812
N640G03X-0.071I-0.035J-0.036
N650G02X-17.748Y-7.352I-17.748J17.748
N660G01X-130
N670G02X-25.1Y25.1I0J25.1
N680G01Y65
N690G02X25.1Y25.1I25.1J0
N700G01X130
N710G02X25.1Y-25.1I0J-25.1
N720G01Y-65
N730G02X-7.352Y-17.748I-25.1J0
N740TC_LASER_OFF(3)
N750G01
N760G90
N770M17
N780M02
STOP_TEXT
C
DA,'01492','HP',,
START_TEXT
N10MSG("PROGRAM NUMBER,01492")
N20MSG("SHEET Al99 : 200.0 x 135.0 x 0.8")
N30G71
N40F282000
N50TC_PCS_PIERCE
N60TC_POS_LEVEL(40.0)
N70TC_SHEET_TECH("SHT-1")
N80TC_SHEET_LOAD("SHL-1")
N90TC_MICROJOINT("MIJO-1")
N100 ;GOTOF ENTRY_LASER
N110;ENTRY_LASER:
N120;(PART NUMBER: L101492  Pieza_prueba_Maxwell_2 NUMBER:1)
N130G01X35.615Y40.816
N140L101492
N150TC_LASER_OFF(2)
N160M30
STOP_TEXT
ENDE_PROGRAMM
ED


