BD
SET_METRIC
C
BEGIN_EINRICHTEPLAN_INFO
C
ZA,MM,4
MM,AT,1, 60,1,1,,,,,T
MM,AT,1, 100,1,1,,,,,T
MM,AT,1,150,1,1,,'Maschinenzeit',,'min',Z
MM,AT,1,170,1,1,,,,,T
ZA,DA,1
C
DA,01493,1,22.3,1
C
ENDE_EINRICHTEPLAN_INFO
C
BEGIN_SHEET_TECH
C
ZA,MM,7
MM,AT,1,10,1,1,,,,,T
MM,AT,1,20,1,1,,,,'mm',Z
MM,AT,1,30,1,1,,,,'mm',Z
MM,AT,1,40,1,1,,,,'mm',Z
MM,AT,1,220,1,1,,,,'mm',Z
MM,AT,1,230,1,1,,,,'mm',Z
MM,AT,1,240,1,1,,'Materialkennung',,'',T
C
ZA,DA,1
DA,'SHT-1',246.2,102.0,0.8,246.2,102.0,'Al99'
C
ENDE_SHEET_TECH
C
BEGIN_SHEET_LOAD
C
ZA,MM,10
MM,AT,1,10,1,1,,'Table identifier',,,T
MM,AT,1,500,1,1,,'Loading unit',,,Z
MM,AT,1,620,1,1,,'Sheet stopper',,,Z
MM,AT,1,630,1,1,,'Measure sheet position',,,Z
MM,AT,1,640,1,1,,'Measure range in X',,'mm',Z
MM,AT,1,650,1,1,,'Measure range in Y',,'mm',Z
MM,AT,1,660,1,1,,'Calibration',,'Bool',Z
MM,AT,1,690,1,1,,'Type of pallet change',,,Z
MM,AT,1,700,1,1,,'Measuring Corner',,,Z
MM,AT,1,710,1,1,,,,,Z
C
ZA,DA,1
DA,'SHL-1',1,1,1,100.0,100.0,1,1,1,1
C
ENDE_SHEET_LOAD
C
BEGIN_LTT_CALLS
C
ZA,MM,1
MM,AT,1,10,1,1,,,,,T
C
ZA,DA,1
DA,'AL010MD0-N2S0-30-2'
C
ENDE_LTT_CALLS
C
BEGIN_MICROJOINT
C
ZA,MM,12
MM,AT,1,  10,1,1,,'Tabellenidentifikator              ',,'',T
MM,AT,1, 100,1,1,,'programmierte Microjoints aktiv    ',,'Bool',Z
MM,AT,1, 110,1,1,,'automatische Microjoints aktiv     ',,'Bool',Z
MM,AT,1, 120,1,1,,'Microjointbreite kleine Kontur     ',,'mm',Z
MM,AT,1, 130,1,1,,'Microjointbreite mittlere Kontur   ',,'mm',Z
MM,AT,1, 140,1,1,,'Microjointbreite grosse Kontur     ',,'mm',Z
MM,AT,1, 150,1,1,,'Konturausdehnung min X autom. Microjoint',,'mm',Z
MM,AT,1, 160,1,1,,'Konturausdehnung max X autom. Microjoint',,'mm',Z
MM,AT,1, 170,1,1,,'Konturausdehnung min Y autom. Microjoint',,'mm',Z
MM,AT,1, 180,1,1,,'Konturausdehnung max Y autom. Microjoint',,'mm',Z
MM,AT,1, 190,1,1,,'Einstechart nach Microjoint        ',,'',Z
MM,AT,1, 500,1,1,,'TRUMPF-Kennung                     ',,'',Z
C
ZA,DA,1
DA,'MIJO-1',1,0,0,0,1,-1,-1,-1,-1,11,1
C
ENDE_MICROJOINT
C
BEGIN_PROGRAMM
C
ZA,MM,4
MM,AT,1, 10,1,1,,,,,T
MM,AT,1, 20,1,1,,,,,T
MM,AT,1, 30,1,1,,,,,T
MM,AT,1, 40,1,1,,,,,Z
C
ZA,DA,2
DA,'L101493','UP',,
START_TEXT
N10G91
N20G01X-0.074Y-0.068
N30TC_POS_LEVEL(40.0)
N40TC_LASER_ON(9,"AL010MD0-N2S0-30-2",10,100)
N50X-2.707Y2.944
N60G03X-0.071Y0.003I-0.037J-0.033
N70G02X-44.222Y-25.958I-82.543J89.973
N80X-0.132Y0.074I-0.033J0.092
N90G03X-31.24Y-5.935I-15.645J-2.835
N100G02X-0.097Y-0.116I-0.102J-0.016
N110X-69.956Y17.379I-6.852J121.908
N120X-0.023Y0.147I0.052J0.082
N130G03X-12.89Y8.977I-5.958J5.189
N140G02X-0.15Y-0.026I-0.088J0.053
N150X-37.997Y52.129I76.167J95.431
N160X0.088Y0.135I0.096J0.036
N170G01X10.843Y0.778
N180G02X0.106Y-0.093I0.007J-0.1
N190G01X0.279Y-3.89
N200X21.745Y1.559
N210X-0.279Y3.89
N220G02X0.092Y0.107I0.099J0.007
N230G01X11.97Y0.857
N240G02X0.048Y-0.008I0.007J-0.099
N250G01X42.603Y-19.2
N260G03X46.344Y-2.679I26.669J59.167
N270G01X16.382Y19.385
N280G02X0.069Y0.035I0.076J-0.064
N290G01X10.503Y0.753
N300G02X0.105Y-0.08I0.007J-0.1
N310G01X2.307Y-11.778
N320X9.798Y0.703
N330X0.604Y11.986
N340G02X0.093Y0.094I0.1J-0.005
N350G01X11.231Y0.805
N360G02X0.106Y-0.087I0.007J-0.099
N370G01X0.673Y-5.436
N380G03X15.559Y-4.728I8.832J1.099
N390G01X7.997Y9.229
N400G02X0.175Y-0.058I0.075J-0.065
N410G01X0.584Y-8.149
N420X16.248Y1.165
N430G02X0.098Y-0.139I0.006J-0.099
N440X-29.664Y-41.827I-112.207J48.146
N450TC_LASER_OFF(3)
N460G01
N470G90
N480M17
N490M02
STOP_TEXT
C
DA,'01493','HP',,
START_TEXT
N10MSG("PROGRAM NUMBER,01493")
N20MSG("SHEET Al99 : 246.2 x 102.0 x 0.8")
N30G71
N40F282000
N50TC_PCS_PIERCE
N60TC_POS_LEVEL(40.0)
N70TC_SHEET_TECH("SHT-1")
N80TC_SHEET_LOAD("SHL-1")
N90TC_MICROJOINT("MIJO-1")
N100 ;GOTOF ENTRY_LASER
N110;ENTRY_LASER:
N120;(PART NUMBER: L101493  DXFPART7 NUMBER:1)
N130G01X209.465Y39.148
N140L101493
N150TC_LASER_OFF(2)
N160M30
STOP_TEXT
ENDE_PROGRAMM
ED


