BD
SET_METRIC
C
BEGIN_EINRICHTEPLAN_INFO
C
ZA,MM,4
MM,AT,1, 60,1,1,,,,,T
MM,AT,1, 100,1,1,,,,,T
MM,AT,1,150,1,1,,'Maschinenzeit',,'min',Z
MM,AT,1,170,1,1,,,,,T
ZA,DA,1
C
DA,01494,1,34.38,1
C
ENDE_EINRICHTEPLAN_INFO
C
BEGIN_SHEET_TECH
C
ZA,MM,7
MM,AT,1,10,1,1,,,,,T
MM,AT,1,20,1,1,,,,'mm',Z
MM,AT,1,30,1,1,,,,'mm',Z
MM,AT,1,40,1,1,,,,'mm',Z
MM,AT,1,220,1,1,,,,'mm',Z
MM,AT,1,230,1,1,,,,'mm',Z
MM,AT,1,240,1,1,,'Materialkennung',,'',T
C
ZA,DA,1
DA,'SHT-1',313.0,182.0,0.8,313.0,182.0,'Al99'
C
ENDE_SHEET_TECH
C
BEGIN_SHEET_LOAD
C
ZA,MM,10
MM,AT,1,10,1,1,,'Table identifier',,,T
MM,AT,1,500,1,1,,'Loading unit',,,Z
MM,AT,1,620,1,1,,'Sheet stopper',,,Z
MM,AT,1,630,1,1,,'Measure sheet position',,,Z
MM,AT,1,640,1,1,,'Measure range in X',,'mm',Z
MM,AT,1,650,1,1,,'Measure range in Y',,'mm',Z
MM,AT,1,660,1,1,,'Calibration',,'Bool',Z
MM,AT,1,690,1,1,,'Type of pallet change',,,Z
MM,AT,1,700,1,1,,'Measuring Corner',,,Z
MM,AT,1,710,1,1,,,,,Z
C
ZA,DA,1
DA,'SHL-1',1,1,1,100.0,100.0,1,1,1,1
C
ENDE_SHEET_LOAD
C
BEGIN_LTT_CALLS
C
ZA,MM,1
MM,AT,1,10,1,1,,,,,T
C
ZA,DA,1
DA,'AL010MD0-N2S0-30-2'
C
ENDE_LTT_CALLS
C
BEGIN_MICROJOINT
C
ZA,MM,12
MM,AT,1,  10,1,1,,'Tabellenidentifikator              ',,'',T
MM,AT,1, 100,1,1,,'programmierte Microjoints aktiv    ',,'Bool',Z
MM,AT,1, 110,1,1,,'automatische Microjoints aktiv     ',,'Bool',Z
MM,AT,1, 120,1,1,,'Microjointbreite kleine Kontur     ',,'mm',Z
MM,AT,1, 130,1,1,,'Microjointbreite mittlere Kontur   ',,'mm',Z
MM,AT,1, 140,1,1,,'Microjointbreite grosse Kontur     ',,'mm',Z
MM,AT,1, 150,1,1,,'Konturausdehnung min X autom. Microjoint',,'mm',Z
MM,AT,1, 160,1,1,,'Konturausdehnung max X autom. Microjoint',,'mm',Z
MM,AT,1, 170,1,1,,'Konturausdehnung min Y autom. Microjoint',,'mm',Z
MM,AT,1, 180,1,1,,'Konturausdehnung max Y autom. Microjoint',,'mm',Z
MM,AT,1, 190,1,1,,'Einstechart nach Microjoint        ',,'',Z
MM,AT,1, 500,1,1,,'TRUMPF-Kennung                     ',,'',Z
C
ZA,DA,1
DA,'MIJO-1',1,0,0,0,1,-1,-1,-1,-1,11,1
C
ENDE_MICROJOINT
C
BEGIN_PROGRAMM
C
ZA,MM,4
MM,AT,1, 10,1,1,,,,,T
MM,AT,1, 20,1,1,,,,,T
MM,AT,1, 30,1,1,,,,,T
MM,AT,1, 40,1,1,,,,,Z
C
ZA,DA,2
DA,'L101494','UP',,
START_TEXT
N10G91
N20G01X0.058Y0.082
N30TC_POS_LEVEL(40.0)
N40TC_LASER_ON(9,"AL010MD0-N2S0-30-2",10,100)
N50X2.402Y-1.706
N60G03X0.072Y0.014I0.029J0.041
N70X-5.064Y3.22I-2.532J1.61
N80X5.064Y-3.22I2.532J-1.61
N90TC_LASER_OFF(4)
N100G01X14.675Y-9.354
N110TC_LASER_ON(9,"AL010MD0-N2S0-30-2",10,100)
N120X0.761Y1.952
N130G03X-0.032Y0.066I-0.047J0.018
N140X-1.272Y-4.108I-0.636J-2.054
N150X1.272Y4.108I0.636J2.054
N160TC_LASER_OFF(4)
N170G01X5.796Y18.597
N180TC_LASER_ON(9,"AL010MD0-N2S0-30-2",10,100)
N190X1.671Y-1.263
N200G03X0.072Y0.012I0.03J0.04
N210X-3.606Y2.342I-1.803J1.171
N220X3.606Y-2.342I1.803J-1.171
N230TC_LASER_OFF(4)
N240G01X8.324Y-5.287
N250TC_LASER_ON(9,"AL010MD0-N2S0-30-2",10,100)
N260X1.122Y-0.906
N270G03X0.073Y0.012I0.031J0.039
N280X-2.516Y1.634I-1.258J0.817
N290X2.516Y-1.634I1.258J-0.817
N300TC_LASER_OFF(4)
N310G01X8.754Y-5.634
N320TC_LASER_ON(9,"AL010MD0-N2S0-30-2",10,100)
N330X1.787Y1.093
N340G03X0.014Y0.072I-0.026J0.043
N350X-3.498Y-2.5I-1.749J-1.25
N360X3.498Y2.5I1.749J1.25
N370TC_LASER_OFF(4)
N380G01X9.364Y6.678
N390TC_LASER_ON(9,"AL010MD0-N2S0-30-2",10,100)
N400X1.987Y-3.472
N410G03X0.069Y-0.018I0.043J0.025
N420X0.105Y8.285I-2.564J4.176
N430G01X-27.257Y17.701
N440G03X-5.337Y-8.219I-2.669J-4.11
N450G01X27.256Y-17.701
N460G03X5.233Y-0.066I2.669J4.11
N470TC_LASER_OFF(4)
N480G01X7.233Y-11.918
N490TC_LASER_ON(9,"AL010MD0-N2S0-30-2",10,100)
N500X0.428Y2.051
N510G03X-0.043Y0.06I-0.049J0.01
N520X-0.574Y-4.262I-0.287J-2.131
N530X0.574Y4.262I0.287J2.131
N540TC_LASER_OFF(4)
N550G01X5.163Y39.019
N560TC_LASER_ON(9,"AL010MD0-N2S0-30-2",10,100)
N570Y4
N580G03X-0.05Y0.05I-0.05J0
N590G01X-3.15
N600Y-9.8
N610X6.3
N620Y9.8
N630X-3.15
N640TC_LASER_OFF(4)
N650X-30.86Y29.144
N660TC_LASER_ON(9,"AL010MD0-N2S0-30-2",10,100)
N670X-0.275Y-0.093
N680G03X-0.012Y-0.057I0.01J-0.032
N690X0.41Y0.013I0.198J0.225
N700G01X4.738Y4.738
N710G03X-0.424Y0.424I-0.212J0.212
N720G01X-4.738Y-4.737
N730G03X0.014Y-0.438I0.212J-0.213
N740TC_LASER_OFF(4)
N750G01X-31.418Y-35.618
N760TC_LASER_ON(9,"AL010MD0-N2S0-30-2",10,100)
N770X2.233Y1.921
N780G03X0.004Y0.072I-0.032J0.038
N790X-4.344Y-4.138I-2.172J-2.069
N800X4.344Y4.138I2.172J2.069
N810TC_LASER_OFF(4)
N820G01X71.835Y68.531
N830TC_LASER_ON(9,"AL010MD0-N2S0-30-2",10,100)
N840X1.589Y-0.113
N850G03X0.054Y0.051I0.004J0.05
N860X-3.3Y-0.076I-1.65J-0.038
N870X3.3Y0.076I1.65J0.038
N880TC_LASER_OFF(4)
N890G01X41.701Y1.037
N900TC_LASER_ON(9,"AL010MD0-N2S0-30-2",10,100)
N910X0.248Y-0.152
N920G03X0.051Y0.028I0.018J0.028
N930X-0.3Y0.307I-0.3J0.007
N940G01X-6.7
N950G03Y-0.6I0J-0.3
N960G01X6.7
N970G03X0.3Y0.293I0J0.3
N980TC_LASER_OFF(4)
N990G01X36.42Y-0.88
N1000TC_LASER_ON(9,"AL010MD0-N2S0-30-2",10,100)
N1010X1.138Y-1.114
N1020G03X0.074Y0.005I0.035J0.036
N1030X-2.564Y2.076I-1.282J1.038
N1040X2.564Y-2.076I1.282J-1.038
N1050TC_LASER_OFF(4)
N1060G01X41.363Y-33.547
N1070TC_LASER_ON(9,"AL010MD0-N2S0-30-2",10,100)
N1080X-0.349Y-0.196
N1090G03Y-0.058I0.017J-0.029
N1100X0.365Y0.471I0.153J0.258
N1110G01X-4.738Y4.737
N1120G03X-0.424Y-0.424I-0.212J-0.212
N1130G01X4.738Y-4.738
N1140G03X0.059Y-0.046I0.212J0.212
N1150TC_LASER_OFF(4)
N1160G01X-30.802Y-35.711
N1170TC_LASER_ON(9,"AL010MD0-N2S0-30-2",10,100)
N1180X3.106
N1190G03X0.05Y0.05I0J0.05
N1200G01Y6.7
N1210X-6.3
N1220Y-9.8
N1230X6.3
N1240Y3.1
N1250TC_LASER_OFF(4)
N1260X59.448Y0.02
N1270TC_LASER_ON(9,"AL010MD0-N2S0-30-2",10,100)
N1280X0.6Y-2.884
N1290G03X0.062Y-0.038I0.049J0.01
N1300X-1.52Y5.804I-0.76J2.902
N1310X1.52Y-5.804I0.76J-2.902
N1320TC_LASER_OFF(4)
N1330G01X6.496Y-24.681
N1340TC_LASER_ON(9,"AL010MD0-N2S0-30-2",10,100)
N1350X-2.44Y-1.651
N1360G03X-0.012Y-0.071I0.028J-0.041
N1370X4.792Y3.61I2.396J1.805
N1380X-4.792Y-3.61I-2.396J-1.805
N1390TC_LASER_OFF(4)
N1400G01X-50.722Y-38.293
N1410TC_LASER_ON(9,"AL010MD0-N2S0-30-2",10,100)
N1420X-0.823Y0.147
N1430G03X-0.059Y-0.049I-0.009J-0.049
N1440X1.8I0.9J0
N1450X-1.8I-0.9J0
N1460TC_LASER_OFF(4)
N1470G01X-2.518Y-0.098
N1480TC_LASER_ON(9,"AL010MD0-N2S0-30-2",10,100)
N1490X-0.823Y0.147
N1500G03X-0.059Y-0.049I-0.009J-0.049
N1510X1.8I0.9J0
N1520X-1.8I-0.9J0
N1530TC_LASER_OFF(4)
N1540G01X-2.518Y-0.098
N1550TC_LASER_ON(9,"AL010MD0-N2S0-30-2",10,100)
N1560X-0.823Y0.147
N1570G03X-0.059Y-0.049I-0.009J-0.049
N1580X1.8I0.9J0
N1590X-1.8I-0.9J0
N1600TC_LASER_OFF(4)
N1610G01X-2.475Y0.097
N1620TC_LASER_ON(9,"AL010MD0-N2S0-30-2",10,100)
N1630X0.81Y-0.21
N1640G03X0.062Y0.045I0.013J0.049
N1650X-1.794Y0.136I-0.897J0.068
N1660X1.794Y-0.136I0.897J-0.068
N1670TC_LASER_OFF(4)
N1680G01X13.053Y-0.893
N1690TC_LASER_ON(9,"AL010MD0-N2S0-30-2",10,100)
N1700X4
N1710G03X0.05Y0.05I0J0.05
N1720G01Y0.811
N1730X-6.3
N1740Y-9.9
N1750G02X-0.1Y-0.1I-0.1J0
N1760G01X-13
N1770G02X-0.1Y0.1I0J0.1
N1780G01Y9.9
N1790X-6.3
N1800Y-9.9
N1810G02X-0.1Y-0.1I-0.1J0
N1820G01X-100.5
N1830G02X-0.1Y0.1I0J0.1
N1840G01Y11.9
N1850X-59.8
N1860Y-11.9
N1870G02X-0.1Y-0.1I-0.1J0
N1880G01X-15.7
N1890G02X-0.1Y0.1I0J0.1
N1900G01Y2.4
N1910X-10.7
N1920G02X-0.1Y0.1I0J0.1
N1930G01Y12.9
N1940X-9.4
N1950G02X-0.1Y0.1I0J0.1
N1960G01Y16.5
N1970G02X0.1Y0.1I0.1J0
N1980G01X10.6
N1990Y12.4
N2000G02X0.1Y0.1I0.1J0
N2010G01X9.5
N2020Y11.9
N2030G02X0.029Y0.071I0.1J0
N2040G01X7.171Y7.17
N2050Y29.259
N2060G02X0.029Y0.071I0.1J0
N2070G01X59.5Y59.5
N2080G02X0.071Y0.029I0.071J-0.071
N2090G01X23.9
N2100Y9.4
N2110G02X0.1Y0.1I0.1J0
N2120G01X71
N2130G02X0.1Y-0.1I0J-0.1
N2140G01Y-9.4
N2150X23.9
N2160G02X0.071Y-0.029I0J-0.1
N2170G01X59.5Y-59.5
N2180G02X0.029Y-0.071I-0.071J-0.071
N2190G01Y-29.259
N2200X7.171Y-7.17
N2210G02X0.029Y-0.071I-0.071J-0.071
N2220G01Y-11.9
N2230X9.5
N2240G02X0.1Y-0.1I0J-0.1
N2250G01Y-12.4
N2260X10.6
N2270G02X0.1Y-0.1I0J-0.1
N2280G01Y-16.5
N2290G02X-0.1Y-0.1I-0.1J0
N2300G01X-9.4
N2310Y-12.9
N2320G02X-0.1Y-0.1I-0.1J0
N2330G01X-10.7
N2340Y-2.4
N2350G02X-0.1Y-0.1I-0.1J0
N2360G01X-50.2
N2370G02X-0.1Y0.1I0J0.1
N2380G01Y9.089
N2390TC_LASER_OFF(3)
N2400G01
N2410G90
N2420M17
N2430M02
STOP_TEXT
C
DA,'01494','HP',,
START_TEXT
N10MSG("PROGRAM NUMBER,01494")
N20MSG("SHEET Al99 : 313.0 x 182.0 x 0.8")
N30G71
N40F282000
N50TC_PCS_PIERCE
N60TC_POS_LEVEL(40.0)
N70TC_SHEET_TECH("SHT-1")
N80TC_SHEET_LOAD("SHL-1")
N90TC_MICROJOINT("MIJO-1")
N100 ;GOTOF ENTRY_LASER
N110;ENTRY_LASER:
N120;(PART NUMBER: L101494  DXFPUNC0 NUMBER:1)
N130G01X35.3Y60
N140L101494
N150TC_LASER_OFF(2)
N160M30
STOP_TEXT
ENDE_PROGRAMM
ED


