BD
SET_METRIC
C
BEGIN_EINRICHTEPLAN_INFO
C
ZA,MM,4
MM,AT,1, 60,1,1,,,,,T
MM,AT,1, 100,1,1,,,,,T
MM,AT,1,150,1,1,,'Maschinenzeit',,'min',Z
MM,AT,1,170,1,1,,,,,T
ZA,DA,1
C
DA,01495,1,27.7,1
C
ENDE_EINRICHTEPLAN_INFO
C
BEGIN_SHEET_TECH
C
ZA,MM,7
MM,AT,1,10,1,1,,,,,T
MM,AT,1,20,1,1,,,,'mm',Z
MM,AT,1,30,1,1,,,,'mm',Z
MM,AT,1,40,1,1,,,,'mm',Z
MM,AT,1,220,1,1,,,,'mm',Z
MM,AT,1,230,1,1,,,,'mm',Z
MM,AT,1,240,1,1,,'Materialkennung',,'',T
C
ZA,DA,1
DA,'SHT-1',229.6,162.6,0.8,229.6,162.6,'Al99'
C
ENDE_SHEET_TECH
C
BEGIN_SHEET_LOAD
C
ZA,MM,10
MM,AT,1,10,1,1,,'Table identifier',,,T
MM,AT,1,500,1,1,,'Loading unit',,,Z
MM,AT,1,620,1,1,,'Sheet stopper',,,Z
MM,AT,1,630,1,1,,'Measure sheet position',,,Z
MM,AT,1,640,1,1,,'Measure range in X',,'mm',Z
MM,AT,1,650,1,1,,'Measure range in Y',,'mm',Z
MM,AT,1,660,1,1,,'Calibration',,'Bool',Z
MM,AT,1,690,1,1,,'Type of pallet change',,,Z
MM,AT,1,700,1,1,,'Measuring Corner',,,Z
MM,AT,1,710,1,1,,,,,Z
C
ZA,DA,1
DA,'SHL-1',1,1,1,100.0,100.0,1,1,1,1
C
ENDE_SHEET_LOAD
C
BEGIN_LTT_CALLS
C
ZA,MM,1
MM,AT,1,10,1,1,,,,,T
C
ZA,DA,1
DA,'AL010MD0-N2S0-30-2'
C
ENDE_LTT_CALLS
C
BEGIN_MICROJOINT
C
ZA,MM,12
MM,AT,1,  10,1,1,,'Tabellenidentifikator              ',,'',T
MM,AT,1, 100,1,1,,'programmierte Microjoints aktiv    ',,'Bool',Z
MM,AT,1, 110,1,1,,'automatische Microjoints aktiv     ',,'Bool',Z
MM,AT,1, 120,1,1,,'Microjointbreite kleine Kontur     ',,'mm',Z
MM,AT,1, 130,1,1,,'Microjointbreite mittlere Kontur   ',,'mm',Z
MM,AT,1, 140,1,1,,'Microjointbreite grosse Kontur     ',,'mm',Z
MM,AT,1, 150,1,1,,'Konturausdehnung min X autom. Microjoint',,'mm',Z
MM,AT,1, 160,1,1,,'Konturausdehnung max X autom. Microjoint',,'mm',Z
MM,AT,1, 170,1,1,,'Konturausdehnung min Y autom. Microjoint',,'mm',Z
MM,AT,1, 180,1,1,,'Konturausdehnung max Y autom. Microjoint',,'mm',Z
MM,AT,1, 190,1,1,,'Einstechart nach Microjoint        ',,'',Z
MM,AT,1, 500,1,1,,'TRUMPF-Kennung                     ',,'',Z
C
ZA,DA,1
DA,'MIJO-1',1,0,0,0,1,-1,-1,-1,-1,11,1
C
ENDE_MICROJOINT
C
BEGIN_PROGRAMM
C
ZA,MM,4
MM,AT,1, 10,1,1,,,,,T
MM,AT,1, 20,1,1,,,,,T
MM,AT,1, 30,1,1,,,,,T
MM,AT,1, 40,1,1,,,,,Z
C
ZA,DA,2
DA,'L101495','UP',,
START_TEXT
N10G91
N20G01X0.03Y0.096
N30TC_POS_LEVEL(40.0)
N40TC_LASER_ON(9,"AL010MD0-N2S0-30-2",10,100)
N50X3.809Y-1.222
N60G03X0.063Y0.033I0.015J0.047
N70X-2.895Y6.395I-5.186J1.505
N80X-61.867Y11.021I-51.498J-109.936
N90X0.922Y-10.761I0.461J-5.381
N100G02X56.364Y-10.04I9.447J-110.196
N110G03X7.476Y3.385I2.29J4.89
N120TC_LASER_OFF(4)
N130G01X54.574Y-15.757
N140TC_LASER_ON(9,"AL010MD0-N2S0-30-2",10,100)
N150X2.232Y-3.32
N160G03X0.071Y-0.012I0.041J0.028
N170X-5.16Y7.129I-2.58J3.564
N180X5.16Y-7.129I2.58J-3.565
N190TC_LASER_OFF(4)
N200G01X9.096Y-12.562
N210TC_LASER_ON(9,"AL010MD0-N2S0-30-2",10,100)
N220X3.321Y2.229
N230G03X0.013Y0.071I-0.028J0.041
N240X-7.134Y-5.154I-3.567J-2.577
N250X7.134Y5.154I3.567J2.577
N260TC_LASER_OFF(4)
N270G01X13.387Y9.68
N280TC_LASER_ON(9,"AL010MD0-N2S0-30-2",10,100)
N290X-2.115Y3.395
N300G03X-0.07Y0.015I-0.042J-0.027
N310X4.908Y-7.304I2.454J-3.652
N320X-4.908Y7.304I-2.454J3.652
N330TC_LASER_OFF(4)
N340G01X-8.749Y13.022
N350TC_LASER_ON(9,"AL010MD0-N2S0-30-2",10,100)
N360X3.379Y2.141
N370G03X0.014Y0.07I-0.027J0.042
N380X-7.266Y-4.964I-3.633J-2.482
N390X7.266Y4.964I3.633J2.482
N400TC_LASER_OFF(4)
N410G01X25.752Y17.588
N420TC_LASER_ON(9,"AL010MD0-N2S0-30-2",10,100)
N430X2.121Y-3.391
N440G03X0.071Y-0.015I0.043J0.026
N450X-4.922Y7.295I-2.461J3.647
N460X4.922Y-7.295I2.461J-3.648
N470TC_LASER_OFF(4)
N480G01X8.896Y-13.107
N490TC_LASER_ON(9,"AL010MD0-N2S0-30-2",10,100)
N500X-1.981Y-3.475
N510G03X0.021Y-0.069I0.044J-0.025
N520X4.091Y7.791I2.045J3.895
N530X-4.091Y-7.791I-2.046J-3.896
N540TC_LASER_OFF(4)
N550G01X-47.689Y-90.828
N560TC_LASER_ON(9,"AL010MD0-N2S0-30-2",10,100)
N570X3.273Y-2.299
N580G03X0.071Y0.013I0.029J0.041
N590X0.876Y3.44I-4.505J2.979
N600X-21.39Y59.089I-120.957J-10.37
N610X-8.858Y-6.179I-4.429J-3.09
N620G02X19.487Y-53.833I-90.709J-63.28
N630G03X9.885Y-2.517I5.38J0.462
N640TC_LASER_OFF(4)
N650G01X18.331Y-12.238
N660TC_LASER_ON(9,"AL010MD0-N2S0-30-2",10,100)
N670X-3.066Y2.569
N680G03X-0.069Y-0.005I-0.032J-0.039
N690G02X-2.013Y-0.986I-2.278J2.102
N700G01X-34.063Y-2.921
N710G02X-3.363Y3.201I-0.265J3.089
N720G03X-115.551Y97.302I-95.838J3.45
N730G02X-3.725Y2.769I-0.637J3.034
N740G01X-2.921Y34.063
N750G02X2.547Y3.317I3.089J0.265
N760X111.737Y-30.114I23.812J-134.001
N770G03X24.241Y-1.131I12.856J15.19
N780G01X46.926Y32.736
N790G02X4.316Y-0.769I1.773J-2.543
N800G01X19.453Y-27.885
N810G02X-0.769Y-4.316I-2.543J-1.774
N820G01X-46.925Y-32.736
N830G03X-7.309Y-23.141I11.385J-16.321
N840G02X8.241Y-47.302I-127.858J-46.645
N850X-0.822Y-2.087I-3.1J0.015
N860TC_LASER_OFF(3)
N870G01
N880G90
N890M17
N900M02
STOP_TEXT
C
DA,'01495','HP',,
START_TEXT
N10MSG("PROGRAM NUMBER,01495")
N20MSG("SHEET Al99 : 229.6 x 162.6 x 0.8")
N30G71
N40F282000
N50TC_PCS_PIERCE
N60TC_POS_LEVEL(40.0)
N70TC_SHEET_TECH("SHT-1")
N80TC_SHEET_LOAD("SHL-1")
N90TC_MICROJOINT("MIJO-1")
N100 ;GOTOF ENTRY_LASER
N110;ENTRY_LASER:
N120;(PART NUMBER: L101495  DXFPAR0105 NUMBER:1)
N130G01X86.761Y121.196
N140L101495
N150TC_LASER_OFF(2)
N160M30
STOP_TEXT
ENDE_PROGRAMM
ED


