BD
SET_METRIC
C
BEGIN_EINRICHTEPLAN_INFO
C
ZA,MM,9
MM,AT,1,10,1,1,,'DeviceName',,'',T
MM,AT,1, 60,1,1,,,,,T
MM,AT,1,100,1,1,,,,,Z
MM,AT,1,130,1,1,,,,,T
MM,AT,1,170,1,1,,,,,T
MM,AT,1,280,1,1,,'MachineViewerName',,'',T
MM,AT,1,300,1,1,,'CheckLevel',,'',Z
MM,AT,1,310,1,1,,'SetupSuppression',,'',Z
MM,AT,1, 150,1,1,,'Maschinenzeit'                         ,,'min',Z
C
ZA,DA,1
DA,'L20',01009,1,'Al99 0.8',1,'TruLaser 3030 (L20)',-1,0,  0.28             
C
ENDE_EINRICHTEPLAN_INFO
C
BEGIN_SHEET_TECH
C
ZA,MM,10
MM,AT,1,10,1,1,,,,,T
MM,AT,1,20,1,1,,,,'mm',Z
MM,AT,1,30,1,1,,,,'mm',Z
MM,AT,1,40,1,1,,,,'mm',Z
MM,AT,1,220,1,1,,,,'mm',Z
MM,AT,1,230,1,1,,,,'mm',Z
MM,AT,1, 240,1,1,,'Materialkennung'                       ,,'',T
MM,AT,1, 260,1,1,,'Werkstoffdichte'                       ,,'kg/dm3',Z
MM,AT,1, 370,1,1,,'AdvancedEvaporateSwitch'               ,,'',Z
MM,AT,1, 380,1,1,,'AdvancedEvaporateCircleRadius'         ,,'mm',Z
C
ZA,DA,1
DA,'SHT-1',180.0,115.0,0.8,180.0,115.0,'Al99',2.7,0,0.00
C
ENDE_SHEET_TECH
C
BEGIN_MACHINE_LOAD_DATA
C
ZA,MM,9
MM,AT,1,  10,1,1,,'Load Name'                             ,,'',T
MM,AT,1,  50,1,1,,'Loading Type'                          ,,'',Z
MM,AT,1,  60,1,1,,'Calibration Active'                    ,,'Bool',Z
MM,AT,1, 100,1,1,,'Pallet Changer Type'                   ,,'',Z
MM,AT,1, 110,1,1,,'Sheet Stop'                            ,,'',Z
MM,AT,1, 120,1,1,,'Measure Sheet Position'                ,,'',Z
MM,AT,1, 130,1,1,,'Measuring Range X'                     ,,'mm',Z
MM,AT,1, 140,1,1,,'Measuring Range Y'                     ,,'mm',Z
MM,AT,1, 150,1,1,,'Measuring Corner'                      ,,'',Z
C
ZA,DA,1
DA,'SHL-1',6,1,1,1,1,50.0,50.0,1
C
ENDE_MACHINE_LOAD_DATA
C
BEGIN_SHEET_LOAD_DATA
C
ZA,MM,19
MM,AT,1,  10,1,1,,'Load Name'                             ,,'',T
MM,AT,1,  30,1,1,,'Double Sheet Detection Active'         ,,'Bool',Z
MM,AT,1,  60,1,1,,'Sheet Alignment Active'                ,,'Bool',Z
MM,AT,1,  80,1,1,,'Peeling Type'                          ,,'',Z
MM,AT,1, 110,1,1,,'Suction Cup Configuration 1'           ,,'',T
MM,AT,1, 120,1,1,,'Suction Cup Configuration 2'           ,,'',T
MM,AT,1, 130,1,1,,'Suction Cup Configuration 3'           ,,'',T
MM,AT,1, 140,1,1,,'Suction Cup Configuration 4'           ,,'',T
MM,AT,1, 230,1,1,,'Loading Type'                          ,,'',Z
MM,AT,1, 240,1,1,,'TransportMode'                         ,,'',Z
MM,AT,1, 260,1,1,,'Suction Cup Group 1'                   ,,'',Z
MM,AT,1, 270,1,1,,'Suction Cup Group 2'                   ,,'',Z
MM,AT,1, 280,1,1,,'Suction Cup Group 3'                   ,,'',Z
MM,AT,1, 290,1,1,,'Suction Cup Group 4'                   ,,'',Z
MM,AT,1, 300,1,1,,'Suction Cup Selection Type'            ,,'',Z
MM,AT,1, 310,1,1,,'Suction Cup Configuration 5'           ,,'',T
MM,AT,1, 320,1,1,,'Suction Cup Configuration 6'           ,,'',T
MM,AT,1, 330,1,1,,'Suction Cup Configuration 7'           ,,'',T
MM,AT,1, 340,1,1,,'Suction Cup Configuration 8'           ,,'',T
C
ZA,DA,1
DA,'SHL-1',0,0,1,'00000000','00000000','00000000','00000000',6,0,
*  0,0,0,0,0,'00000000','00000000','00000000','00000000'
C
ENDE_SHEET_LOAD_DATA
C
C
BEGIN_LTT_CALLS
C
ZA,MM,1
MM,AT,1,10,1,1,,,,,T
C
ZA,DA,1
DA,'AL010MD0-N2S0-30-2'
C
ENDE_LTT_CALLS
C
BEGIN_MICROJOINT
C
ZA,MM,12
MM,AT,1,  10,1,1,,'Tabellenidentifikator              ',,'',T
MM,AT,1, 100,1,1,,'programmierte Microjoints aktiv    ',,'Bool',Z
MM,AT,1, 110,1,1,,'automatische Microjoints aktiv     ',,'Bool',Z
MM,AT,1, 120,1,1,,'Microjointbreite kleine Kontur     ',,'mm',Z
MM,AT,1, 130,1,1,,'Microjointbreite mittlere Kontur   ',,'mm',Z
MM,AT,1, 140,1,1,,'Microjointbreite grosse Kontur     ',,'mm',Z
MM,AT,1, 150,1,1,,'Konturausdehnung min X autom. Microjoint',,'mm',Z
MM,AT,1, 160,1,1,,'Konturausdehnung max X autom. Microjoint',,'mm',Z
MM,AT,1, 170,1,1,,'Konturausdehnung min Y autom. Microjoint',,'mm',Z
MM,AT,1, 180,1,1,,'Konturausdehnung max Y autom. Microjoint',,'mm',Z
MM,AT,1, 190,1,1,,'Einstechart nach Microjoint        ',,'',Z
MM,AT,1, 500,1,1,,'TRUMPF-Kennung                     ',,'',Z
C
ZA,DA,1
DA,'MIJO-1',1,0,0,0,0.7,-1,-1,-1,-1,11,1
C
ENDE_MICROJOINT
C
BEGIN_PROGRAMM
C
ZA,MM,6
MM,AT,1, 10,1,1,,,,,T
MM,AT,1, 20,1,1,,,,,T
MM,AT,1, 30,1,1,,,,,T
MM,AT,1, 40,1,1,,,,,Z
MM,AT,1, 60,1,1,,'IncreasingRecordNumberFlag'            ,,'Bool',Z
MM,AT,1, 70,1,1,,'PartTypeIndex'            ,,'',Z
C
ZA,DA,2
DA,'L101009','UP',,,1,0
START_TEXT
N10G91
N20TC_POS_LEVEL(40.0)
N30TC_LASER_ON(9,"AL010MD0-N2S0-30-2",10,100)
N40TC_LASERCORR_ON(T_LEFT)
N50G01X2.4Y0
N60TC_LASER_ON(11,"AL010MD0-N2S0-30-2",0,100)
N70X28.858Y0
N80G03X0Y20I0J10
N90G01X-28.858Y0
N100G03X-26.142Y26.142I-36.142J-10
N110G01X0Y10
N120X-20Y0
N130X0Y-10
N140G03X-26.143Y-26.142I10J-36.142
N150G01X-28.857Y0
N160G03X0Y-20I0J-10
N170G01X28.857Y0
N180G03X26.143Y-26.142I36.143J10
N190G01X0Y-10
N200X20Y0
N210X0Y10
N220G03X26.142Y26.142I-10J36.142
N230TC_LASER_OFF(3)
N240TC_LASERCORR_OFF
N250G01X33.753Y-28.574
N260TC_LASER_ON(9,"AL010MD0-N2S0-30-2",10,100)
N270TC_LASERCORR_ON(T_LEFT)
N280X1.671Y-1.722
N290TC_LASER_ON(11,"AL010MD0-N2S0-30-2",0,100)
N300G03X0.214Y-0.002I0.108J0.104
N310X-14.142Y14.142I-7.071J7.071
N320X14.142Y-14.142I7.071J-7.071
N330TC_LASER_OFF(3)
N340TC_LASERCORR_OFF
N350G01X-1.885Y66.724
N360TC_LASER_ON(9,"AL010MD0-N2S0-30-2",10,100)
N370TC_LASERCORR_ON(T_LEFT)
N380X1.671Y-1.722
N390TC_LASER_ON(11,"AL010MD0-N2S0-30-2",0,100)
N400G03X0.214Y-0.002I0.108J0.104
N410X-14.142Y14.142I-7.071J7.071
N420X14.142Y-14.142I7.071J-7.071
N430TC_LASER_OFF(3)
N440TC_LASERCORR_OFF
N450G01X-131.885Y1.724
N460TC_LASER_ON(9,"AL010MD0-N2S0-30-2",10,100)
N470TC_LASERCORR_ON(T_LEFT)
N480X1.671Y-1.722
N490TC_LASER_ON(11,"AL010MD0-N2S0-30-2",0,100)
N500G03X0.214Y-0.002I0.108J0.104
N510X-14.142Y14.142I-7.071J7.071
N520X14.142Y-14.142I7.071J-7.071
N530TC_LASER_OFF(3)
N540TC_LASERCORR_OFF
N550G01X-1.885Y-63.276
N560TC_LASER_ON(9,"AL010MD0-N2S0-30-2",10,100)
N570TC_LASERCORR_ON(T_LEFT)
N580X1.671Y-1.722
N590TC_LASER_ON(11,"AL010MD0-N2S0-30-2",0,100)
N600G03X0.214Y-0.002I0.108J0.104
N610X-14.142Y14.142I-7.071J7.071
N620X14.142Y-14.142I7.071J-7.071
N630TC_LASER_OFF(3)
N640TC_LASERCORR_OFF
N650G01X-7.071Y-7.929
N660TC_SHEET_THICK ("AL010MD0-N2S0-30-2")
N670X0Y-20
N680TC_LASER_ON(12,"AL010MD0-N2S0-30-2",10,100)
N690X0Y9.875
N700G02X-5.943Y0.713I0J25.125
N710TC_LASER_ON(11,"AL010MD0-N2S0-30-2",0,100)
N720X-19.182Y24.412I5.943J24.412
N730G01X0Y0.5
N740TC_LASER_ON(12,"AL010MD0-N2S0-30-2",0,100)
N750X-9.875Y-0.375
N760TC_LASER_OFF(3)
N770X20Y64.875
N780TC_SHEET_THICK ("AL010MD0-N2S0-30-2")
N790X-20Y0
N800TC_LASER_ON(12,"AL010MD0-N2S0-30-2",10,100)
N810X9.875Y0
N820G02X0.713Y5.943I25.125J0
N830TC_LASER_ON(11,"AL010MD0-N2S0-30-2",0,100)
N840X24.412Y19.182I24.412J-5.943
N850G01X0.5Y0
N860TC_LASER_ON(12,"AL010MD0-N2S0-30-2",0,100)
N870X-0.375Y9.875
N880TC_LASER_OFF(3)
N890X129.875Y-20
N900TC_SHEET_THICK ("AL010MD0-N2S0-30-2")
N910X0Y20
N920TC_LASER_ON(12,"AL010MD0-N2S0-30-2",10,100)
N930X0Y-9.875
N940G02X5.943Y-0.713I0J-25.125
N950TC_LASER_ON(11,"AL010MD0-N2S0-30-2",0,100)
N960X19.182Y-24.412I-5.943J-24.412
N970G01X-0Y-0.5
N980TC_LASER_ON(12,"AL010MD0-N2S0-30-2",0,100)
N990X9.875Y0.375
N1000TC_LASER_OFF(3)
N1010X-20Y-64.875
N1020TC_SHEET_THICK ("AL010MD0-N2S0-30-2")
N1030X20Y0
N1040TC_LASER_ON(12,"AL010MD0-N2S0-30-2",10,100)
N1050X-9.875Y0
N1060G02X-0.713Y-5.943I-25.125J0
N1070TC_LASER_ON(11,"AL010MD0-N2S0-30-2",0,100)
N1080X-24.412Y-19.182I-24.412J5.943
N1090G01X-0.5Y0
N1100TC_LASER_ON(12,"AL010MD0-N2S0-30-2",0,100)
N1110X0.375Y-9.875
N1120TC_LASER_OFF(3)
N1130G01
N1140G90
N1150M17
N1160M02
STOP_TEXT
C
DA,'01009','HP',,,1,0
START_TEXT
N10MSG("PROGRAM NUMBER,01009")
N20MSG("SHEET Al99 : 180.0 x 115.0 x 0.8")
N30MSG("MSG,PART #:Pieza_prueba_Maxwell_2 QTY 1")
N40G71
N50TC_PCS_PIERCE
N60F84000
N70TC_SHEET_TECH("SHT-1")
N80TC_SHEET_LOAD("SHL-1")
N90TC_MICROJOINT("MIJO-1")
N100TC_TIMER(1,1,"01009")
N110 ;GOTOF ENTRY_LASER
N120;ENTRY_LASER:
N130;(PART NUMBER: L101009  Pieza_prueba_Maxwell_2 NUMBER:1)
N140X124.033Y48.227
N150L101009
N160TC_PART_END(1)
N170TC_LASER_OFF(2)
N180TC_TIMER(4)
N190M30
STOP_TEXT
ENDE_PROGRAMM
ED


