BD
SET_METRIC
C
BEGIN_EINRICHTEPLAN_INFO
C
ZA,MM,9
MM,AT,1,10,1,1,,'DeviceName',,'',T
MM,AT,1, 60,1,1,,,,,T
MM,AT,1,100,1,1,,,,,Z
MM,AT,1,130,1,1,,,,,T
MM,AT,1,170,1,1,,,,,T
MM,AT,1,280,1,1,,'MachineViewerName',,'',T
MM,AT,1,300,1,1,,'CheckLevel',,'',Z
MM,AT,1,310,1,1,,'SetupSuppression',,'',Z
MM,AT,1, 150,1,1,,'Maschinenzeit'                         ,,'min',Z
C
ZA,DA,1
DA,'L20',01011,1,'Al99 0.8',1,'TruLaser 3030 (L20)',-1,0,  0.72             
C
ENDE_EINRICHTEPLAN_INFO
C
BEGIN_SHEET_TECH
C
ZA,MM,10
MM,AT,1,10,1,1,,,,,T
MM,AT,1,20,1,1,,,,'mm',Z
MM,AT,1,30,1,1,,,,'mm',Z
MM,AT,1,40,1,1,,,,'mm',Z
MM,AT,1,220,1,1,,,,'mm',Z
MM,AT,1,230,1,1,,,,'mm',Z
MM,AT,1, 240,1,1,,'Materialkennung'                       ,,'',T
MM,AT,1, 260,1,1,,'Werkstoffdichte'                       ,,'kg/dm3',Z
MM,AT,1, 370,1,1,,'AdvancedEvaporateSwitch'               ,,'',Z
MM,AT,1, 380,1,1,,'AdvancedEvaporateCircleRadius'         ,,'mm',Z
C
ZA,DA,1
DA,'SHT-1',293.0,162.0,0.8,293.0,162.0,'Al99',2.7,0,0.00
C
ENDE_SHEET_TECH
C
BEGIN_MACHINE_LOAD_DATA
C
ZA,MM,9
MM,AT,1,  10,1,1,,'Load Name'                             ,,'',T
MM,AT,1,  50,1,1,,'Loading Type'                          ,,'',Z
MM,AT,1,  60,1,1,,'Calibration Active'                    ,,'Bool',Z
MM,AT,1, 100,1,1,,'Pallet Changer Type'                   ,,'',Z
MM,AT,1, 110,1,1,,'Sheet Stop'                            ,,'',Z
MM,AT,1, 120,1,1,,'Measure Sheet Position'                ,,'',Z
MM,AT,1, 130,1,1,,'Measuring Range X'                     ,,'mm',Z
MM,AT,1, 140,1,1,,'Measuring Range Y'                     ,,'mm',Z
MM,AT,1, 150,1,1,,'Measuring Corner'                      ,,'',Z
C
ZA,DA,1
DA,'SHL-1',6,1,1,1,1,50.0,50.0,1
C
ENDE_MACHINE_LOAD_DATA
C
BEGIN_SHEET_LOAD_DATA
C
ZA,MM,19
MM,AT,1,  10,1,1,,'Load Name'                             ,,'',T
MM,AT,1,  30,1,1,,'Double Sheet Detection Active'         ,,'Bool',Z
MM,AT,1,  60,1,1,,'Sheet Alignment Active'                ,,'Bool',Z
MM,AT,1,  80,1,1,,'Peeling Type'                          ,,'',Z
MM,AT,1, 110,1,1,,'Suction Cup Configuration 1'           ,,'',T
MM,AT,1, 120,1,1,,'Suction Cup Configuration 2'           ,,'',T
MM,AT,1, 130,1,1,,'Suction Cup Configuration 3'           ,,'',T
MM,AT,1, 140,1,1,,'Suction Cup Configuration 4'           ,,'',T
MM,AT,1, 230,1,1,,'Loading Type'                          ,,'',Z
MM,AT,1, 240,1,1,,'TransportMode'                         ,,'',Z
MM,AT,1, 260,1,1,,'Suction Cup Group 1'                   ,,'',Z
MM,AT,1, 270,1,1,,'Suction Cup Group 2'                   ,,'',Z
MM,AT,1, 280,1,1,,'Suction Cup Group 3'                   ,,'',Z
MM,AT,1, 290,1,1,,'Suction Cup Group 4'                   ,,'',Z
MM,AT,1, 300,1,1,,'Suction Cup Selection Type'            ,,'',Z
MM,AT,1, 310,1,1,,'Suction Cup Configuration 5'           ,,'',T
MM,AT,1, 320,1,1,,'Suction Cup Configuration 6'           ,,'',T
MM,AT,1, 330,1,1,,'Suction Cup Configuration 7'           ,,'',T
MM,AT,1, 340,1,1,,'Suction Cup Configuration 8'           ,,'',T
C
ZA,DA,1
DA,'SHL-1',0,0,1,'00000000','00000000','00000000','00000000',6,0,
*  0,0,0,0,0,'00000000','00000000','00000000','00000000'
C
ENDE_SHEET_LOAD_DATA
C
C
BEGIN_LTT_CALLS
C
ZA,MM,1
MM,AT,1,10,1,1,,,,,T
C
ZA,DA,1
DA,'AL010MD0-N2S0-30-2'
C
ENDE_LTT_CALLS
C
BEGIN_MICROJOINT
C
ZA,MM,12
MM,AT,1,  10,1,1,,'Tabellenidentifikator              ',,'',T
MM,AT,1, 100,1,1,,'programmierte Microjoints aktiv    ',,'Bool',Z
MM,AT,1, 110,1,1,,'automatische Microjoints aktiv     ',,'Bool',Z
MM,AT,1, 120,1,1,,'Microjointbreite kleine Kontur     ',,'mm',Z
MM,AT,1, 130,1,1,,'Microjointbreite mittlere Kontur   ',,'mm',Z
MM,AT,1, 140,1,1,,'Microjointbreite grosse Kontur     ',,'mm',Z
MM,AT,1, 150,1,1,,'Konturausdehnung min X autom. Microjoint',,'mm',Z
MM,AT,1, 160,1,1,,'Konturausdehnung max X autom. Microjoint',,'mm',Z
MM,AT,1, 170,1,1,,'Konturausdehnung min Y autom. Microjoint',,'mm',Z
MM,AT,1, 180,1,1,,'Konturausdehnung max Y autom. Microjoint',,'mm',Z
MM,AT,1, 190,1,1,,'Einstechart nach Microjoint        ',,'',Z
MM,AT,1, 500,1,1,,'TRUMPF-Kennung                     ',,'',Z
C
ZA,DA,1
DA,'MIJO-1',1,0,0,0,0.7,-1,-1,-1,-1,11,1
C
ENDE_MICROJOINT
C
BEGIN_PROGRAMM
C
ZA,MM,6
MM,AT,1, 10,1,1,,,,,T
MM,AT,1, 20,1,1,,,,,T
MM,AT,1, 30,1,1,,,,,T
MM,AT,1, 40,1,1,,,,,Z
MM,AT,1, 60,1,1,,'IncreasingRecordNumberFlag'            ,,'Bool',Z
MM,AT,1, 70,1,1,,'PartTypeIndex'            ,,'',Z
C
ZA,DA,2
DA,'L101011','UP',,,1,0
START_TEXT
N10G91
N20TC_POS_LEVEL(40.0)
N30TC_LASER_ON(9,"AL010MD0-N2S0-30-2",10,100)
N40TC_LASERCORR_ON(T_LEFT)
N50G01X1.609Y-1.782
N60TC_LASER_ON(11,"AL010MD0-N2S0-30-2",0,100)
N70G03X0.217Y-0.005I0.111J0.101
N80X-4.384Y4.384I-2.192J2.192
N90X4.384Y-4.384I2.192J-2.192
N100TC_LASER_OFF(3)
N110TC_LASERCORR_OFF
N120G01X15.108Y-8.808
N130TC_LASER_ON(9,"AL010MD0-N2S0-30-2",10,100)
N140TC_LASERCORR_ON(T_LEFT)
N150X1.372Y-1.583
N160TC_LASER_ON(11,"AL010MD0-N2S0-30-2",0,100)
N170G03X0.219Y-0.008I0.113J0.098
N180X-3.182Y3.182I-1.591J1.591
N190X3.182Y-3.182I1.591J-1.591
N200TC_LASER_OFF(3)
N210TC_LASERCORR_OFF
N220G01X37.525Y16.309
N230TC_LASER_ON(9,"AL010MD0-N2S0-30-2",10,100)
N240TC_LASERCORR_ON(T_LEFT)
N250X1.971Y-1.369
N260TC_LASER_ON(11,"AL010MD0-N2S0-30-2",0,100)
N270G03X0.211Y0.041I0.086J0.123
N280X-1.47Y6.917I-4.193J2.724
N290G01X-27.257Y17.701
N300G03X-5.446Y-8.387I-2.723J-4.194
N310G01X27.257Y-17.701
N320G03X6.916Y1.47I2.723J4.194
N330TC_LASER_OFF(3)
N340TC_LASERCORR_OFF
N350G01X5.702Y-13.39
N360TC_LASER_ON(9,"AL010MD0-N2S0-30-2",10,100)
N370TC_LASERCORR_ON(T_LEFT)
N380X1.372Y-1.583
N390TC_LASER_ON(11,"AL010MD0-N2S0-30-2",0,100)
N400G03X0.219Y-0.008I0.113J0.098
N410X-3.182Y3.182I-1.591J1.591
N420X3.182Y-3.182I1.591J-1.591
N430TC_LASER_OFF(3)
N440TC_LASERCORR_OFF
N450G01X-22.091Y9.091
N460TC_LASER_ON(9,"AL010MD0-N2S0-30-2",10,100)
N470TC_LASERCORR_ON(T_LEFT)
N480X1.372Y-1.583
N490TC_LASER_ON(11,"AL010MD0-N2S0-30-2",0,100)
N500G03X0.219Y-0.008I0.113J0.098
N510X-3.182Y3.182I-1.591J1.591
N520X3.182Y-3.182I1.591J-1.591
N530TC_LASER_OFF(3)
N540TC_LASERCORR_OFF
N550G01X-11.655Y8.127
N560TC_LASER_ON(9,"AL010MD0-N2S0-30-2",10,100)
N570TC_LASERCORR_ON(T_LEFT)
N580X0.909Y-1.12
N590TC_LASER_ON(11,"AL010MD0-N2S0-30-2",0,100)
N600G03X0.222Y-0.012I0.116J0.094
N610X-2.262Y2.263I-1.131J1.132
N620X2.262Y-2.263I1.131J-1.131
N630TC_LASER_OFF(3)
N640TC_LASERCORR_OFF
N650G01X-11.195Y7.667
N660TC_LASER_ON(9,"AL010MD0-N2S0-30-2",10,100)
N670TC_LASERCORR_ON(T_LEFT)
N680X1.371Y-1.583
N690TC_LASER_ON(11,"AL010MD0-N2S0-30-2",0,100)
N700G03X0.22Y-0.008I0.114J0.098
N710X-3.182Y3.182I-1.591J1.591
N720X3.182Y-3.182I1.591J-1.591
N730TC_LASER_OFF(3)
N740TC_LASERCORR_OFF
N750G01X-17.697Y19.115
N760TC_LASER_ON(9,"AL010MD0-N2S0-30-2",10,100)
N770TC_LASERCORR_ON(T_LEFT)
N780X1.609Y-1.781
N790TC_LASER_ON(11,"AL010MD0-N2S0-30-2",0,100)
N800G03X0.217Y-0.006I0.111J0.1
N810X-4.384Y4.384I-2.192J2.192
N820X4.384Y-4.384I2.192J-2.192
N830TC_LASER_OFF(3)
N840TC_LASERCORR_OFF
N850G01X31.85Y40.281
N860TC_LASER_ON(9,"AL010MD0-N2S0-30-2",10,100)
N870TC_LASERCORR_ON(T_LEFT)
N880X0.083Y-0.084
N890TC_LASER_ON(11,"AL010MD0-N2S0-30-2",0,100)
N900G03X0.078Y0I0.039J0.039
N910G01X2.369Y2.369
N920G03X-0.566Y0.566I-0.283J0.283
N930G01X-4.737Y-4.738
N940G03X0.565Y-0.565I0.282J-0.283
N950G01X2.369Y2.368
N960TC_LASER_OFF(3)
N970TC_LASERCORR_OFF
N980X28.147Y-38.655
N990TC_LASER_ON(9,"AL010MD0-N2S0-30-2",10,100)
N1000TC_LASERCORR_ON(T_LEFT)
N1010X0Y-2.4
N1020TC_LASER_ON(11,"AL010MD0-N2S0-30-2",0,100)
N1030G03X0.15Y-0.15I0.15J0
N1040G01X3.25Y0
N1050X0Y10
N1060X-6.5Y0
N1070X0Y-10
N1080X3.25Y0
N1090TC_LASER_OFF(3)
N1100TC_LASERCORR_OFF
N1110X11.5Y73.7
N1120TC_LASER_ON(9,"AL010MD0-N2S0-30-2",10,100)
N1130TC_LASERCORR_ON(T_LEFT)
N1140X1.016Y-1.227
N1150TC_LASER_ON(11,"AL010MD0-N2S0-30-2",0,100)
N1160G03X0.221Y-0.01I0.115J0.096
N1170X-2.474Y2.474I-1.237J1.237
N1180X2.474Y-2.474I1.237J-1.237
N1190TC_LASER_OFF(3)
N1200TC_LASERCORR_OFF
N1210G01X38.708Y1.969
N1220TC_LASER_ON(9,"AL010MD0-N2S0-30-2",10,100)
N1230TC_LASERCORR_ON(T_LEFT)
N1240X0Y-0.118
N1250TC_LASER_ON(11,"AL010MD0-N2S0-30-2",0,100)
N1260G03X0.055Y-0.056I0.055J0
N1270G01X3.35Y0
N1280G03X0Y0.8I0J0.4
N1290G01X-6.7Y0
N1300G03X0Y-0.8I0J-0.4
N1310G01X3.35Y0
N1320TC_LASER_OFF(3)
N1330TC_LASERCORR_OFF
N1340X40Y-0.558
N1350TC_LASER_ON(9,"AL010MD0-N2S0-30-2",10,100)
N1360TC_LASERCORR_ON(T_LEFT)
N1370X1.016Y-1.227
N1380TC_LASER_ON(11,"AL010MD0-N2S0-30-2",0,100)
N1390G03X0.221Y-0.01I0.115J0.096
N1400X-2.474Y2.474I-1.237J1.237
N1410X2.474Y-2.474I1.237J-1.237
N1420TC_LASER_OFF(3)
N1430TC_LASERCORR_OFF
N1440G01X38.643Y-31.096
N1450TC_LASER_ON(9,"AL010MD0-N2S0-30-2",10,100)
N1460TC_LASERCORR_ON(T_LEFT)
N1470X-0.083Y-0.084
N1480TC_LASER_ON(11,"AL010MD0-N2S0-30-2",0,100)
N1490G03X0Y-0.078I0.039J-0.039
N1500G01X2.369Y-2.368
N1510G03X0.565Y0.565I0.283J0.282
N1520G01X-4.737Y4.738
N1530G03X-0.566Y-0.566I-0.283J-0.283
N1540G01X2.369Y-2.369
N1550TC_LASER_OFF(3)
N1560TC_LASERCORR_OFF
N1570X-28.447Y-38.655
N1580TC_LASER_ON(9,"AL010MD0-N2S0-30-2",10,100)
N1590TC_LASERCORR_ON(T_LEFT)
N1600X0Y-2.4
N1610TC_LASER_ON(11,"AL010MD0-N2S0-30-2",0,100)
N1620G03X0.15Y-0.15I0.15J0
N1630G01X3.25Y0
N1640X0Y10
N1650X-6.5Y0
N1660X0Y-10
N1670X3.25Y0
N1680TC_LASER_OFF(3)
N1690TC_LASERCORR_OFF
N1700X62.866Y2.795
N1710TC_LASER_ON(9,"AL010MD0-N2S0-30-2",10,100)
N1720TC_LASERCORR_ON(T_LEFT)
N1730X1.609Y-1.782
N1740TC_LASER_ON(11,"AL010MD0-N2S0-30-2",0,100)
N1750G03X0.217Y-0.005I0.111J0.101
N1760X-4.384Y4.384I-2.192J2.192
N1770X4.384Y-4.384I2.192J-2.192
N1780TC_LASER_OFF(3)
N1790TC_LASERCORR_OFF
N1800G01X5.374Y-25.713
N1810TC_LASER_ON(9,"AL010MD0-N2S0-30-2",10,100)
N1820TC_LASERCORR_ON(T_LEFT)
N1830X1.609Y-1.782
N1840TC_LASER_ON(11,"AL010MD0-N2S0-30-2",0,100)
N1850G03X0.217Y-0.005I0.111J0.101
N1860X-4.384Y4.384I-2.192J2.192
N1870X4.384Y-4.384I2.192J-2.192
N1880TC_LASER_OFF(3)
N1890TC_LASERCORR_OFF
N1900G01X-55.292Y-37.808
N1910TC_LASER_ON(9,"AL010MD0-N2S0-30-2",10,100)
N1920TC_LASERCORR_ON(T_LEFT)
N1930X0.478Y-0.687
N1940TC_LASER_ON(11,"AL010MD0-N2S0-30-2",0,100)
N1950G03X0.229Y-0.02I0.123J0.086
N1960X-1.414Y1.414I-0.707J0.707
N1970X1.414Y-1.414I0.707J-0.707
N1980TC_LASER_OFF(3)
N1990TC_LASERCORR_OFF
N2000G01X-4.107Y0.707
N2010TC_LASER_ON(9,"AL010MD0-N2S0-30-2",10,100)
N2020TC_LASERCORR_ON(T_LEFT)
N2030X0.478Y-0.687
N2040TC_LASER_ON(11,"AL010MD0-N2S0-30-2",0,100)
N2050G03X0.229Y-0.02I0.123J0.086
N2060X-1.414Y1.414I-0.707J0.707
N2070X1.414Y-1.414I0.707J-0.707
N2080TC_LASER_OFF(3)
N2090TC_LASERCORR_OFF
N2100G01X-4.107Y0.707
N2110TC_LASER_ON(9,"AL010MD0-N2S0-30-2",10,100)
N2120TC_LASERCORR_ON(T_LEFT)
N2130X0.478Y-0.687
N2140TC_LASER_ON(11,"AL010MD0-N2S0-30-2",0,100)
N2150G03X0.229Y-0.02I0.123J0.086
N2160X-1.414Y1.414I-0.707J0.707
N2170X1.414Y-1.414I0.707J-0.707
N2180TC_LASER_OFF(3)
N2190TC_LASERCORR_OFF
N2200G01X-4.107Y0.707
N2210TC_LASER_ON(9,"AL010MD0-N2S0-30-2",10,100)
N2220TC_LASERCORR_ON(T_LEFT)
N2230X0.478Y-0.687
N2240TC_LASER_ON(11,"AL010MD0-N2S0-30-2",0,100)
N2250G03X0.229Y-0.02I0.123J0.086
N2260X-1.414Y1.414I-0.707J0.707
N2270X1.414Y-1.414I0.707J-0.707
N2280TC_LASER_OFF(3)
N2290TC_LASERCORR_OFF
N2300G01X-2.107Y0.707
N2310TC_SHEET_THICK ("AL010MD0-N2S0-30-2")
N2320X-0.125Y-20
N2330TC_LASER_ON(12,"AL010MD0-N2S0-30-2",10,100)
N2340X0Y19.875
N2350TC_LASER_ON(11,"AL010MD0-N2S0-30-2",0,100)
N2360X-6.25Y0
N2370X-0Y-0.5
N2380TC_LASER_ON(12,"AL010MD0-N2S0-30-2",0,100)
N2390X0Y-19.375
N2400TC_LASER_ON(11,"AL010MD0-N2S0-30-2",0,100)
N2410X0Y0.5
N2420TC_LASER_ON(12,"AL010MD0-N2S0-30-2",0,100)
N2430X-0Y-0.5
N2440TC_LASER_OFF(3)
N2450X25.875Y20
N2460TC_SHEET_THICK ("AL010MD0-N2S0-30-2")
N2470X-0.125Y-20
N2480TC_LASER_ON(12,"AL010MD0-N2S0-30-2",10,100)
N2490X0Y19.875
N2500TC_LASER_ON(11,"AL010MD0-N2S0-30-2",0,100)
N2510X-6.25Y0
N2520X-0Y-0.5
N2530TC_LASER_ON(12,"AL010MD0-N2S0-30-2",0,100)
N2540X0Y-19.375
N2550TC_LASER_ON(11,"AL010MD0-N2S0-30-2",0,100)
N2560X0Y0.5
N2570TC_LASER_ON(12,"AL010MD0-N2S0-30-2",0,100)
N2580X-0Y-0.5
N2590TC_LASER_OFF(3)
N2600X66.875Y20
N2610TC_SHEET_THICK ("AL010MD0-N2S0-30-2")
N2620X20Y5.375
N2630TC_LASER_ON(12,"AL010MD0-N2S0-30-2",10,100)
N2640X-19.375Y0
N2650TC_LASER_ON(11,"AL010MD0-N2S0-30-2",0,100)
N2660X0Y-12.875
N2670G02X-0.125Y-0.125I-0.125J0
N2680G01X-10.675Y0
N2690X-0Y-0.5
N2700TC_LASER_ON(12,"AL010MD0-N2S0-30-2",0,100)
N2710X0Y-11.875
N2720X0Y0.5
N2730TC_LASER_ON(12,"AL010MD0-N2S0-30-2",0,100)
N2740X-0Y-0.5
N2750TC_LASER_OFF(3)
N2760X-252.65Y20
N2770TC_SHEET_THICK ("AL010MD0-N2S0-30-2")
N2780X0Y-20
N2790TC_LASER_ON(12,"AL010MD0-N2S0-30-2",10,100)
N2800X0Y12.375
N2810TC_LASER_ON(11,"AL010MD0-N2S0-30-2",0,100)
N2820X-10.675Y0
N2830G02X-0.125Y0.125I0J0.125
N2840G01X0Y12.875
N2850X-0.5Y0
N2860TC_LASER_ON(12,"AL010MD0-N2S0-30-2",0,100)
N2870X-18.875Y-0
N2880X0.5Y0
N2890TC_LASER_ON(12,"AL010MD0-N2S0-30-2",0,100)
N2900X-0.5Y0
N2910TC_LASER_OFF(3)
N2920X106Y-5.375
N2930TC_SHEET_THICK ("AL010MD0-N2S0-30-2")
N2940X-0.125Y-20
N2950TC_LASER_ON(12,"AL010MD0-N2S0-30-2",10,100)
N2960X0Y20
N2970TC_LASER_ON(11,"AL010MD0-N2S0-30-2",0,100)
N2980X-0Y1.875
N2990X-59.75Y0
N3000X0Y-1.875
N3010TC_LASER_ON(12,"AL010MD0-N2S0-30-2",0,100)
N3020X0Y-20
N3030TC_LASER_ON(11,"AL010MD0-N2S0-30-2",0,100)
N3040X0Y0.5
N3050TC_LASER_ON(12,"AL010MD0-N2S0-30-2",0,100)
N3060X-0Y-0.5
N3070TC_LASER_OFF(3)
N3080X170.375Y162
N3090TC_SHEET_THICK ("AL010MD0-N2S0-30-2")
N3100X-24.375Y20
N3110TC_LASER_ON(12,"AL010MD0-N2S0-30-2",10,100)
N3120X0Y-19.375
N3130TC_LASER_ON(11,"AL010MD0-N2S0-30-2",0,100)
N3140X23.875Y0
N3150G02X0.088Y-0.037I0J-0.125
N3160G01X59.5Y-59.5
N3170G02X0.037Y-0.088I-0.088J-0.088
N3180G01X0Y-29.248
N3190X7.163Y-7.164
N3200G02X0.037Y-0.088I-0.088J-0.088
N3210G01X0Y-11.875
N3220X9.475Y0
N3230G02X0.125Y-0.125I0J-0.125
N3240G01X0Y-12.375
N3250X0.575Y0
N3260TC_LASER_ON(12,"AL010MD0-N2S0-30-2",0,100)
N3270X20Y0
N3280X-0.5Y0
N3290TC_LASER_ON(12,"AL010MD0-N2S0-30-2",0,100)
N3300X0.5Y-0
N3310TC_LASER_OFF(3)
N3320X-293Y-0.125
N3330TC_SHEET_THICK ("AL010MD0-N2S0-30-2")
N3340X-20Y0.125
N3350TC_LASER_ON(12,"AL010MD0-N2S0-30-2",10,100)
N3360X20Y0
N3370TC_LASER_ON(11,"AL010MD0-N2S0-30-2",0,100)
N3380X0.575Y0
N3390X0Y12.375
N3400G02X0.125Y0.125I0.125J0
N3410G01X9.475Y0
N3420X0Y11.875
N3430G02X0.037Y0.088I0.125J0
N3440G01X7.163Y7.164
N3450X0Y29.248
N3460G02X0.037Y0.088I0.125J0
N3470G01X59.5Y59.5
N3480G02X0.088Y0.037I0.088J-0.088
N3490G01X23.875Y0
N3500X0Y0.5
N3510TC_LASER_ON(12,"AL010MD0-N2S0-30-2",0,100)
N3520X-0Y18.875
N3530X-0Y-0.5
N3540TC_LASER_ON(12,"AL010MD0-N2S0-30-2",0,100)
N3550X0Y0.5
N3560TC_LASER_OFF(3)
N3570G01
N3580G90
N3590M17
N3600M02
STOP_TEXT
C
DA,'01011','HP',,,1,0
START_TEXT
N10MSG("PROGRAM NUMBER,01011")
N20MSG("SHEET Al99 : 293.0 x 162.0 x 0.8")
N30MSG("MSG,PART #:DXFPUNC0 QTY 1")
N40G71
N50TC_PCS_PIERCE
N60F84000
N70TC_SHEET_TECH("SHT-1")
N80TC_SHEET_LOAD("SHL-1")
N90TC_MICROJOINT("MIJO-1")
N100TC_TIMER(1,1,"01011")
N110 ;GOTOF ENTRY_LASER
N120;ENTRY_LASER:
N130;(PART NUMBER: L101011  DXFPUNC0 NUMBER:1)
N140X25.666Y49.595
N150L101011
N160TC_PART_END(1)
N170TC_LASER_OFF(2)
N180TC_TIMER(4)
N190M30
STOP_TEXT
ENDE_PROGRAMM
ED


