BD
SET_METRIC
C
BEGIN_EINRICHTEPLAN_INFO
C
ZA,MM,9
MM,AT,1,10,1,1,,'DeviceName',,'',T
MM,AT,1, 60,1,1,,,,,T
MM,AT,1,100,1,1,,,,,Z
MM,AT,1,130,1,1,,,,,T
MM,AT,1,170,1,1,,,,,T
MM,AT,1,280,1,1,,'MachineViewerName',,'',T
MM,AT,1,300,1,1,,'CheckLevel',,'',Z
MM,AT,1,310,1,1,,'SetupSuppression',,'',Z
MM,AT,1, 150,1,1,,'Maschinenzeit'                         ,,'min',Z
C
ZA,DA,1
DA,'L20',01012,1,'Al99 0.8',1,'TruLaser 3030 (L20)',-1,0,  0.30             
C
ENDE_EINRICHTEPLAN_INFO
C
BEGIN_SHEET_TECH
C
ZA,MM,10
MM,AT,1,10,1,1,,,,,T
MM,AT,1,20,1,1,,,,'mm',Z
MM,AT,1,30,1,1,,,,'mm',Z
MM,AT,1,40,1,1,,,,'mm',Z
MM,AT,1,220,1,1,,,,'mm',Z
MM,AT,1,230,1,1,,,,'mm',Z
MM,AT,1, 240,1,1,,'Materialkennung'                       ,,'',T
MM,AT,1, 260,1,1,,'Werkstoffdichte'                       ,,'kg/dm3',Z
MM,AT,1, 370,1,1,,'AdvancedEvaporateSwitch'               ,,'',Z
MM,AT,1, 380,1,1,,'AdvancedEvaporateCircleRadius'         ,,'mm',Z
C
ZA,DA,1
DA,'SHT-1',203.3,175.3,0.8,203.3,175.3,'Al99',2.7,0,0.00
C
ENDE_SHEET_TECH
C
BEGIN_MACHINE_LOAD_DATA
C
ZA,MM,9
MM,AT,1,  10,1,1,,'Load Name'                             ,,'',T
MM,AT,1,  50,1,1,,'Loading Type'                          ,,'',Z
MM,AT,1,  60,1,1,,'Calibration Active'                    ,,'Bool',Z
MM,AT,1, 100,1,1,,'Pallet Changer Type'                   ,,'',Z
MM,AT,1, 110,1,1,,'Sheet Stop'                            ,,'',Z
MM,AT,1, 120,1,1,,'Measure Sheet Position'                ,,'',Z
MM,AT,1, 130,1,1,,'Measuring Range X'                     ,,'mm',Z
MM,AT,1, 140,1,1,,'Measuring Range Y'                     ,,'mm',Z
MM,AT,1, 150,1,1,,'Measuring Corner'                      ,,'',Z
C
ZA,DA,1
DA,'SHL-1',6,1,1,1,1,50.0,50.0,1
C
ENDE_MACHINE_LOAD_DATA
C
BEGIN_SHEET_LOAD_DATA
C
ZA,MM,19
MM,AT,1,  10,1,1,,'Load Name'                             ,,'',T
MM,AT,1,  30,1,1,,'Double Sheet Detection Active'         ,,'Bool',Z
MM,AT,1,  60,1,1,,'Sheet Alignment Active'                ,,'Bool',Z
MM,AT,1,  80,1,1,,'Peeling Type'                          ,,'',Z
MM,AT,1, 110,1,1,,'Suction Cup Configuration 1'           ,,'',T
MM,AT,1, 120,1,1,,'Suction Cup Configuration 2'           ,,'',T
MM,AT,1, 130,1,1,,'Suction Cup Configuration 3'           ,,'',T
MM,AT,1, 140,1,1,,'Suction Cup Configuration 4'           ,,'',T
MM,AT,1, 230,1,1,,'Loading Type'                          ,,'',Z
MM,AT,1, 240,1,1,,'TransportMode'                         ,,'',Z
MM,AT,1, 260,1,1,,'Suction Cup Group 1'                   ,,'',Z
MM,AT,1, 270,1,1,,'Suction Cup Group 2'                   ,,'',Z
MM,AT,1, 280,1,1,,'Suction Cup Group 3'                   ,,'',Z
MM,AT,1, 290,1,1,,'Suction Cup Group 4'                   ,,'',Z
MM,AT,1, 300,1,1,,'Suction Cup Selection Type'            ,,'',Z
MM,AT,1, 310,1,1,,'Suction Cup Configuration 5'           ,,'',T
MM,AT,1, 320,1,1,,'Suction Cup Configuration 6'           ,,'',T
MM,AT,1, 330,1,1,,'Suction Cup Configuration 7'           ,,'',T
MM,AT,1, 340,1,1,,'Suction Cup Configuration 8'           ,,'',T
C
ZA,DA,1
DA,'SHL-1',0,0,1,'00000000','00000000','00000000','00000000',6,0,
*  0,0,0,0,0,'00000000','00000000','00000000','00000000'
C
ENDE_SHEET_LOAD_DATA
C
C
BEGIN_LTT_CALLS
C
ZA,MM,1
MM,AT,1,10,1,1,,,,,T
C
ZA,DA,1
DA,'AL010MD0-N2S0-30-2'
C
ENDE_LTT_CALLS
C
BEGIN_MICROJOINT
C
ZA,MM,12
MM,AT,1,  10,1,1,,'Tabellenidentifikator              ',,'',T
MM,AT,1, 100,1,1,,'programmierte Microjoints aktiv    ',,'Bool',Z
MM,AT,1, 110,1,1,,'automatische Microjoints aktiv     ',,'Bool',Z
MM,AT,1, 120,1,1,,'Microjointbreite kleine Kontur     ',,'mm',Z
MM,AT,1, 130,1,1,,'Microjointbreite mittlere Kontur   ',,'mm',Z
MM,AT,1, 140,1,1,,'Microjointbreite grosse Kontur     ',,'mm',Z
MM,AT,1, 150,1,1,,'Konturausdehnung min X autom. Microjoint',,'mm',Z
MM,AT,1, 160,1,1,,'Konturausdehnung max X autom. Microjoint',,'mm',Z
MM,AT,1, 170,1,1,,'Konturausdehnung min Y autom. Microjoint',,'mm',Z
MM,AT,1, 180,1,1,,'Konturausdehnung max Y autom. Microjoint',,'mm',Z
MM,AT,1, 190,1,1,,'Einstechart nach Microjoint        ',,'',Z
MM,AT,1, 500,1,1,,'TRUMPF-Kennung                     ',,'',Z
C
ZA,DA,1
DA,'MIJO-1',1,0,0,0,0.7,-1,-1,-1,-1,11,1
C
ENDE_MICROJOINT
C
BEGIN_PROGRAMM
C
ZA,MM,6
MM,AT,1, 10,1,1,,,,,T
MM,AT,1, 20,1,1,,,,,T
MM,AT,1, 30,1,1,,,,,T
MM,AT,1, 40,1,1,,,,,Z
MM,AT,1, 60,1,1,,'IncreasingRecordNumberFlag'            ,,'Bool',Z
MM,AT,1, 70,1,1,,'PartTypeIndex'            ,,'',Z
C
ZA,DA,2
DA,'L101012','UP',,,1,0
START_TEXT
N10G91
N20TC_POS_LEVEL(40.0)
N30TC_LASER_ON(9,"AL010MD0-N2S0-30-2",10,100)
N40TC_LASERCORR_ON(T_LEFT)
N50G01X1.699Y-1.695
N60TC_LASER_ON(11,"AL010MD0-N2S0-30-2",0,100)
N70G03X0.212Y0.001I0.106J0.107
N80G02X22.886Y17.56I78.136J-78.136
N90G03X-5.5Y9.526I-2.75J4.763
N100X-44.472Y-44.472I60.75J-105.222
N110X9.526Y-5.5I4.763J-2.75
N120G02X17.56Y22.886I95.696J-55.25
N130TC_LASER_OFF(3)
N140TC_LASERCORR_OFF
N150G01X138.646Y20.778
N160TC_LASER_ON(9,"AL010MD0-N2S0-30-2",10,100)
N170TC_LASERCORR_ON(T_LEFT)
N180X2.044Y-1.258
N190TC_LASER_ON(11,"AL010MD0-N2S0-30-2",0,100)
N200G03X0.209Y0.053I0.079J0.128
N210X-2.013Y7.513I-4.763J2.75
N220X-60.75Y16.278I-60.75J-105.222
N230X0Y-11I0J-5.5
N240G02X55.25Y-14.804I0J-110.5
N250G03X7.513Y2.013I2.75J4.763
N260TC_LASER_OFF(3)
N270TC_LASERCORR_OFF
N280G01X-51.435Y40.368
N290TC_LASER_ON(9,"AL010MD0-N2S0-30-2",10,100)
N300TC_LASERCORR_ON(T_LEFT)
N310X1.638Y-1.755
N320TC_LASER_ON(11,"AL010MD0-N2S0-30-2",0,100)
N330G03X0.216Y-0.004I0.11J0.102
N340X-6.364Y6.364I-3.182J3.182
N350X6.364Y-6.364I3.182J-3.182
N360TC_LASER_OFF(3)
N370TC_LASERCORR_OFF
N380G01X-21.854Y1.759
N390TC_LASER_ON(9,"AL010MD0-N2S0-30-2",10,100)
N400TC_LASERCORR_ON(T_LEFT)
N410X1.638Y-1.755
N420TC_LASER_ON(11,"AL010MD0-N2S0-30-2",0,100)
N430G03X0.216Y-0.004I0.11J0.102
N440X-6.364Y6.364I-3.182J3.182
N450X6.364Y-6.364I3.182J-3.182
N460TC_LASER_OFF(3)
N470TC_LASERCORR_OFF
N480G01X-1.854Y22.759
N490TC_LASER_ON(9,"AL010MD0-N2S0-30-2",10,100)
N500TC_LASERCORR_ON(T_LEFT)
N510X1.638Y-1.755
N520TC_LASER_ON(11,"AL010MD0-N2S0-30-2",0,100)
N530G03X0.216Y-0.004I0.11J0.102
N540X-6.364Y6.364I-3.182J3.182
N550X6.364Y-6.364I3.182J-3.182
N560TC_LASER_OFF(3)
N570TC_LASERCORR_OFF
N580G01X18.146Y1.759
N590TC_LASER_ON(9,"AL010MD0-N2S0-30-2",10,100)
N600TC_LASERCORR_ON(T_LEFT)
N610X1.638Y-1.755
N620TC_LASER_ON(11,"AL010MD0-N2S0-30-2",0,100)
N630G03X0.216Y-0.004I0.11J0.102
N640X-6.364Y6.364I-3.182J3.182
N650X6.364Y-6.364I3.182J-3.182
N660TC_LASER_OFF(3)
N670TC_LASERCORR_OFF
N680G01X-1.854Y37.259
N690TC_LASER_ON(9,"AL010MD0-N2S0-30-2",10,100)
N700TC_LASERCORR_ON(T_LEFT)
N710X1.638Y-1.755
N720TC_LASER_ON(11,"AL010MD0-N2S0-30-2",0,100)
N730G03X0.216Y-0.004I0.11J0.102
N740X-6.364Y6.364I-3.182J3.182
N750X6.364Y-6.364I3.182J-3.182
N760TC_LASER_OFF(3)
N770TC_LASERCORR_OFF
N780G01X-21.854Y1.759
N790TC_LASER_ON(9,"AL010MD0-N2S0-30-2",10,100)
N800TC_LASERCORR_ON(T_LEFT)
N810X1.638Y-1.755
N820TC_LASER_ON(11,"AL010MD0-N2S0-30-2",0,100)
N830G03X0.216Y-0.004I0.11J0.102
N840X-6.364Y6.364I-3.182J3.182
N850X6.364Y-6.364I3.182J-3.182
N860TC_LASER_OFF(3)
N870TC_LASERCORR_OFF
N880G01X-13.182Y8.182
N890TC_SHEET_THICK ("AL010MD0-N2S0-30-2")
N900X3Y20
N910TC_LASER_ON(12,"AL010MD0-N2S0-30-2",10,100)
N920X0Y-9.875
N930G03X-3.125Y-3.125I0J-3.125
N940G01X-0Y-20
N950TC_LASER_ON(11,"AL010MD0-N2S0-30-2",0,100)
N960X0Y-37.215
N970G02X-14.779Y-19.211I-19.875J0
N980G03X-88.644Y-74.425I34.904J-131.574
N990X1.273Y-4.019I2.836J-1.312
N1000G01X29.608Y-17.093
N1010G03X4.438Y1.483I1.562J2.706
N1020G02X145.877Y39.088I88.229J-37.52
N1030G03X4.585Y0.934I1.879J2.497
N1040G01X17.094Y29.607
N1050G03X-0.906Y4.117I-2.706J1.563
N1060X-43.518Y20.308I-78.421J-111.266
N1070G02X-14.778Y19.211I5.097J19.211
N1080G01X0Y57.215
N1090G03X-3.125Y3.125I-3.125J0
N1100G01X-0.5Y0
N1110TC_LASER_ON(12,"AL010MD0-N2S0-30-2",0,100)
N1120X0.375Y9.875
N1130TC_LASER_OFF(3)
N1140G01
N1150G90
N1160M17
N1170M02
STOP_TEXT
C
DA,'01012','HP',,,1,0
START_TEXT
N10MSG("PROGRAM NUMBER,01012")
N20MSG("SHEET Al99 : 203.3 x 175.3 x 0.8")
N30MSG("MSG,PART #:DXFPAR0105 QTY 1")
N40G71
N50TC_PCS_PIERCE
N60F84000
N70TC_SHEET_TECH("SHT-1")
N80TC_SHEET_LOAD("SHL-1")
N90TC_MICROJOINT("MIJO-1")
N100TC_TIMER(1,1,"01012")
N110 ;GOTOF ENTRY_LASER
N120;ENTRY_LASER:
N130;(PART NUMBER: L101012  DXFPAR0105 NUMBER:1)
N140X43.665Y44.087
N150L101012
N160TC_PART_END(1)
N170TC_LASER_OFF(2)
N180TC_TIMER(4)
N190M30
STOP_TEXT
ENDE_PROGRAMM
ED


