BD
SET_METRIC
C
BEGIN_EINRICHTEPLAN_INFO
C
ZA,MM,2
MM,AT,1, 60,1,1,,,,,T
MM,AT,1,170,1,1,,,,,T
ZA,DA,1
C
DA,01021,1
C
ENDE_EINRICHTEPLAN_INFO
C
BEGIN_SHEET_MEASURE
C
ZA,MM,33
MM,AT,1,10,1,1,,,,,T
MM,AT,1,20,1,1,,,,,Z
MM,AT,1,30,1,1,,,,'Bool',Z
MM,AT,1,40,1,1,,,,'mm',Z
MM,AT,1,50,1,1,,,,'mm',Z
MM,AT,1,60,1,1,,,,'mm',Z
MM,AT,1,70,1,1,,,,'mm',Z
MM,AT,1,80,1,1,,,,'mm',Z
MM,AT,1,90,1,1,,,,'mm',Z
MM,AT,1,100,1,1,,,,'mm',Z
MM,AT,1,110,1,1,,,,'mm',Z
MM,AT,1,120,1,1,,,,'mm',Z
MM,AT,1,130,1,1,,,,'mm',Z
MM,AT,1,140,1,1,,,,'mm',Z
MM,AT,1,150,1,1,,,,'mm',Z
MM,AT,1,160,1,1,,,,'mm',Z
MM,AT,1,170,1,1,,,,'mm',Z
MM,AT,1,180,1,1,,,,'mm',Z
MM,AT,1,190,1,1,,,,'mm',Z
MM,AT,1,200,1,1,,,,'mm',Z
MM,AT,1,210,1,1,,,,'mm',Z
MM,AT,1,220,1,1,,,,'mm',Z
MM,AT,1,230,1,1,,,,'mm',Z
MM,AT,1,240,1,1,,,,'mm',Z
MM,AT,1,250,1,1,,,,'mm',Z
MM,AT,1,260,1,1,,,,'mm',Z
MM,AT,1,270,1,1,,,,'',Z
MM,AT,1,300,1,1,,,,'mm',Z
MM,AT,1,310,1,1,,,,'mm',Z
MM,AT,1,320,1,1,,,,'mm',Z
MM,AT,1,330,1,1,,,,'mm',Z
MM,AT,1,340,1,1,,,,'mm',Z
MM,AT,1,350,1,1,,,,'mm',Z
C
ZA,DA,1
DA,'SHM-1',0,0,25,0.0,0.0,0.0,0.0,313,182,0.0,0.0,0.0,0.0,
*  0.0,0.0,0.0,0.0,0.0,0.0,0.0,0.0,0.0,0.0,0.0,0.0,1,234.75,
*  78.25,91,0.0,0.0,0.0
C
ENDE_SHEET_MEASURE
C
BEGIN_SHEET_TECH
C
ZA,MM,7
MM,AT,1,10,1,1,,,,,T
MM,AT,1,20,1,1,,,,'mm',Z
MM,AT,1,30,1,1,,,,'mm',Z
MM,AT,1,40,1,1,,,,'mm',Z
MM,AT,1,220,1,1,,,,'mm',Z
MM,AT,1,230,1,1,,,,'mm',Z
MM,AT,1,240,1,1,,'Materialkennung',,'',T
C
ZA,DA,1
DA,'SHT-1',313.0,182.0,0.8,313.0,182.0,'Al99'
C
ENDE_SHEET_TECH
C
BEGIN_SHEET_LOAD
C
ZA,MM,10
MM,AT,1,10,1,1,,'Table identifier',,,T
MM,AT,1,500,1,1,,'Loading unit',,,Z
MM,AT,1,620,1,1,,'Sheet stopper',,,Z
MM,AT,1,630,1,1,,'Measure sheet position',,,Z
MM,AT,1,640,1,1,,'Measure range in X',,'mm',Z
MM,AT,1,650,1,1,,'Measure range in Y',,'mm',Z
MM,AT,1,660,1,1,,'Calibration',,'Bool',Z
MM,AT,1,690,1,1,,'Type of pallet change',,,Z
MM,AT,1,700,1,1,,'Measuring Corner',,,Z
MM,AT,1,710,1,1,,,,,Z
C
ZA,DA,1
DA,'SHL-1',1,1,1,120.0,120.0,1,0,1,1
C
ENDE_SHEET_LOAD
C
BEGIN_LTT_CALLS
C
ZA,MM,1
MM,AT,1,10,1,1,,,,,T
C
ZA,DA,1
DA,'ST250MD0-O2SW-30-2'
C
ENDE_LTT_CALLS
C
BEGIN_PROGRAMM
C
ZA,MM,4
MM,AT,1, 10,1,1,,,,,T
MM,AT,1, 20,1,1,,,,,T
MM,AT,1, 30,1,1,,,,,T
MM,AT,1, 40,1,1,,,,,Z
C
ZA,DA,2
DA,'L101021','UP',,
START_TEXT
N10G91
N11G01X0.147Y-0.025
N12TC_POS_LEVEL(40.0)
N13TC_LASER_ON(9,"ST250MD0-O2SW-30-2",10,110)
N14X-0.476Y-2.799
N15TC_LASER_ON(11,"ST250MD0-O2SW-30-2",0,100)
N16G03X0.023Y-0.081I0.099J-0.016
N17X4.333Y3.997I2.247J1.911
N18X-3.997Y-4.333I-2.086J-2.086
N19TC_LASER_OFF(3)
N20G01X18.016Y-8.049
N21TC_LASER_ON(9,"ST250MD0-O2SW-30-2",10,110)
N22X-0.465Y-1.929
N23TC_LASER_ON(11,"ST250MD0-O2SW-30-2",0,100)
N24G03X0.02Y-0.086I0.098J-0.024
N25X3.125Y2.796I1.64J1.311
N26X-2.796Y-3.125I-1.485J-1.485
N27TC_LASER_OFF(3)
N28G01X20.903Y27.393
N29TC_LASER_ON(9,"ST250MD0-O2SW-30-2",10,110)
N30X0.99Y-4.658
N31TC_LASER_ON(11,"ST250MD0-O2SW-30-2",0,100)
N32G03X0.043Y-0.062I0.098J0.021
N33G01X13.839Y-8.987
N34G03X5.283Y8.135I2.641J4.068
N35G01X-27.257Y17.701
N36G03X-5.283Y-8.135I-2.642J-4.068
N37G01X13.838Y-8.987
N38TC_LASER_OFF(3)
N39X-5.349Y-6.236
N40TC_LASER_ON(9,"ST250MD0-O2SW-30-2",10,110)
N41X-0.446Y-1.249
N42TC_LASER_ON(11,"ST250MD0-O2SW-30-2",0,100)
N43G03X0.014Y-0.093I0.094J-0.034
N44X2.197Y1.879I1.172J0.854
N45X-1.878Y-2.198I-1.025J-1.025
N46TC_LASER_OFF(3)
N47G01X-10.406Y8.412
N48TC_LASER_ON(9,"ST250MD0-O2SW-30-2",10,110)
N49X-0.465Y-1.929
N50TC_LASER_ON(11,"ST250MD0-O2SW-30-2",0,100)
N51G03X0.019Y-0.086I0.098J-0.023
N52X3.126Y2.796I1.641J1.311
N53X-2.796Y-3.125I-1.485J-1.485
N54TC_LASER_OFF(3)
N55G01X-16.955Y20.538
N56TC_LASER_ON(9,"ST250MD0-O2SW-30-2",10,110)
N57X-0.476Y-2.799
N58TC_LASER_ON(11,"ST250MD0-O2SW-30-2",0,100)
N59G03X0.023Y-0.081I0.099J-0.016
N60X4.333Y3.997I2.247J1.911
N61X-3.997Y-4.333I-2.086J-2.086
N62TC_LASER_OFF(3)
N63G01X37.316Y-28.049
N64TC_LASER_ON(9,"ST250MD0-O2SW-30-2",10,110)
N65X-0.465Y-1.929
N66TC_LASER_ON(11,"ST250MD0-O2SW-30-2",0,100)
N67G03X0.02Y-0.086I0.098J-0.024
N68X3.125Y2.796I1.64J1.311
N69X-2.796Y-3.125I-1.485J-1.485
N70TC_LASER_OFF(3)
N71G01X20.616Y-5.156
N72TC_LASER_ON(9,"ST250MD0-O2SW-30-2",10,110)
N73X-0.465Y-1.929
N74TC_LASER_ON(11,"ST250MD0-O2SW-30-2",0,100)
N75G03X0.02Y-0.086I0.098J-0.024
N76X3.125Y2.796I1.64J1.311
N77X-2.796Y-3.125I-1.485J-1.485
N78TC_LASER_OFF(3)
N79G01X10.921Y41.008
N80TC_LASER_ON(9,"ST250MD0-O2SW-30-2",10,110)
N81X-3.889Y-3.889
N82TC_LASER_ON(11,"ST250MD0-O2SW-30-2",0,100)
N83G02X-0.071Y-0.029I-0.071J0.071
N84G01X-2.85
N85G02X-0.5Y0.5I0J0.5
N86G01Y8.7
N87G02X0.5Y0.5I0.5J0
N88G01X5.2
N89G02X0.5Y-0.5I0J-0.5
N90G01Y-8.7
N91G02X-0.5Y-0.5I-0.5J0
N92G01X-2.85
N93TC_LASER_OFF(3)
N94X-28.612Y40.978
N95TC_LASER_ON(9,"ST250MD0-O2SW-30-2",10,110)
N96X0.267
N97TC_LASER_ON(11,"ST250MD0-O2SW-30-2",0,100)
N98G03X0.015Y0.007I0J0.022
N99G01X2.546Y2.545
N100G03X-0.354Y0.354I-0.177J0.177
N101G01X-4.737Y-4.738
N102G03X0.353Y-0.353I0.176J-0.177
N103G01X2.546Y2.545
N104TC_LASER_OFF(3)
N105X38.882Y32.752
N106TC_LASER_ON(9,"ST250MD0-O2SW-30-2",10,110)
N107X-0.452Y-1.408
N108TC_LASER_ON(11,"ST250MD0-O2SW-30-2",0,100)
N109G03X0.015Y-0.091I0.095J-0.031
N110X2.412Y2.09I1.281J0.959
N111X-2.09Y-2.412I-1.131J-1.131
N112TC_LASER_OFF(3)
N113G01X41.413Y2.184
N114TC_LASER_ON(9,"ST250MD0-O2SW-30-2",10,110)
N115X-0.189Y-0.188
N116TC_LASER_ON(11,"ST250MD0-O2SW-30-2",0,100)
N117G02X-0.015Y-0.007I-0.015J0.015
N118G01X-3.6
N119G02Y0.5I0J0.25
N120G01X6.7
N121G02Y-0.5I0J-0.25
N122G01X-3.6
N123TC_LASER_OFF(3)
N124X39.406Y-0.168
N125TC_LASER_ON(9,"ST250MD0-O2SW-30-2",10,110)
N126X-0.452Y-1.408
N127TC_LASER_ON(11,"ST250MD0-O2SW-30-2",0,100)
N128G03X0.015Y-0.091I0.095J-0.031
N129X2.412Y2.09I1.281J0.959
N130X-2.09Y-2.412I-1.131J-1.131
N131TC_LASER_OFF(3)
N132G01X41.321Y-31.291
N133TC_LASER_ON(9,"ST250MD0-O2SW-30-2",10,110)
N134X-0.267
N135TC_LASER_ON(11,"ST250MD0-O2SW-30-2",0,100)
N136G02X-0.015Y0.007I0J0.022
N137G01X-2.546Y2.545
N138G02X0.354Y0.354I0.177J0.177
N139G01X4.737Y-4.738
N140G02X-0.353Y-0.353I-0.176J-0.177
N141G01X-2.546Y2.545
N142TC_LASER_OFF(3)
N143X-24.016Y-37.42
N144TC_LASER_ON(9,"ST250MD0-O2SW-30-2",10,110)
N145X-3.889Y-3.889
N146TC_LASER_ON(11,"ST250MD0-O2SW-30-2",0,100)
N147G02X-0.071Y-0.029I-0.071J0.071
N148G01X-2.85
N149G02X-0.5Y0.5I0J0.5
N150G01Y8.7
N151G02X0.5Y0.5I0.5J0
N152G01X5.2
N153G02X0.5Y-0.5I0J-0.5
N154G01Y-8.7
N155G02X-0.5Y-0.5I-0.5J0
N156G01X-2.85
N157TC_LASER_OFF(3)
N158X60.956Y4.019
N159TC_LASER_ON(9,"ST250MD0-O2SW-30-2",10,110)
N160X-0.476Y-2.799
N161TC_LASER_ON(11,"ST250MD0-O2SW-30-2",0,100)
N162G03X0.023Y-0.081I0.099J-0.016
N163X4.333Y3.997I2.247J1.911
N164X-3.997Y-4.333I-2.086J-2.086
N165TC_LASER_OFF(3)
N166G01X7.317Y-24.284
N167TC_LASER_ON(9,"ST250MD0-O2SW-30-2",10,110)
N168X-0.476Y-2.799
N169TC_LASER_ON(11,"ST250MD0-O2SW-30-2",0,100)
N170G03X0.023Y-0.081I0.099J-0.016
N171X4.333Y3.997I2.247J1.911
N172X-3.997Y-4.333I-2.086J-2.086
N173TC_LASER_OFF(3)
N174G01X-51.524Y-37.492
N175TC_LASER_ON(9,"ST250MD0-O2SW-30-2",10,110)
N176X-0.393Y-0.588
N177TC_LASER_ON(11,"ST250MD0-O2SW-30-2",0,100)
N178G03X-0.003Y-0.107I0.083J-0.056
N179X1.332Y1.035I0.731J0.434
N180X-1.035Y-1.332I-0.601J-0.601
N181TC_LASER_OFF(3)
N182G01X-3.301Y0.992
N183TC_LASER_ON(9,"ST250MD0-O2SW-30-2",10,110)
N184X-0.393Y-0.588
N185TC_LASER_ON(11,"ST250MD0-O2SW-30-2",0,100)
N186G03X-0.003Y-0.107I0.083J-0.056
N187X1.332Y1.035I0.731J0.434
N188X-1.035Y-1.332I-0.601J-0.601
N189TC_LASER_OFF(3)
N190G01X-3.301Y0.992
N191TC_LASER_ON(9,"ST250MD0-O2SW-30-2",10,110)
N192X-0.393Y-0.588
N193TC_LASER_ON(11,"ST250MD0-O2SW-30-2",0,100)
N194G03X-0.003Y-0.107I0.083J-0.056
N195X1.332Y1.035I0.731J0.434
N196X-1.035Y-1.332I-0.601J-0.601
N197TC_LASER_OFF(3)
N198G01X-3.301Y0.992
N199TC_LASER_ON(9,"ST250MD0-O2SW-30-2",10,110)
N200X-0.393Y-0.588
N201TC_LASER_ON(11,"ST250MD0-O2SW-30-2",0,100)
N202G03X-0.003Y-0.107I0.083J-0.056
N203X1.332Y1.035I0.731J0.434
N204X-1.035Y-1.332I-0.601J-0.601
N205TC_LASER_OFF(3)
N206G01X-185.006Y-10.837
N207TC_LASER_ON(9,"ST250MD0-O2SW-30-2",10,110)
N208X-3.889Y3.889
N209TC_LASER_ON(11,"ST250MD0-O2SW-30-2",0,100)
N210G03X-0.071Y0.029I-0.071J-0.071
N211G01X-5.15
N212G02X-0.5Y0.5I0J0.5
N213G01Y12
N214G03X-0.5Y0.5I-0.5J0
N215G01X-8.5
N216G02X-0.5Y0.5I0J0.5
N217G01Y15.8
N218G02X0.5Y0.5I0.5J0
N219G01X9.7
N220G03X0.5Y0.5I0J0.5
N221G01Y11.5
N222G02X0.5Y0.5I0.5J0
N223G01X8.6
N224G03X0.5Y0.5I0J0.5
N225G01Y11.205
N226G02X0.146Y0.354I0.5J0
N227G01X6.908Y6.907
N228G03X0.146Y0.353I-0.354J0.353
N229G01Y28.886
N230G02X0.146Y0.354I0.5J0
N231G01X59.295Y59.295
N232G02X0.354Y0.146I0.354J-0.354
N233G01X23.205
N234G03X0.5Y0.5I0J0.5
N235G01Y8.5
N236G02X0.5Y0.5I0.5J0
N237G01X70.3
N238G02X0.5Y-0.5I0J-0.5
N239G01Y-8.5
N240G03X0.5Y-0.5I0.5J0
N241G01X23.205
N242G02X0.354Y-0.146I0J-0.5
N243G01X59.295Y-59.295
N244G02X0.146Y-0.354I-0.354J-0.354
N245G01Y-28.886
N246G03X0.146Y-0.353I0.5J0
N247G01X6.908Y-6.907
N248G02X0.146Y-0.354I-0.354J-0.354
N249G01Y-11.205
N250G03X0.5Y-0.5I0.5J0
N251G01X8.6
N252G02X0.5Y-0.5I0J-0.5
N253G01Y-11.5
N254G03X0.5Y-0.5I0.5J0
N255G01X9.7
N256G02X0.5Y-0.5I0J-0.5
N257G01Y-15.8
N258G02X-0.5Y-0.5I-0.5J0
N259G01X-8.5
N260G03X-0.5Y-0.5I0J-0.5
N261G01Y-12
N262G02X-0.5Y-0.5I-0.5J0
N263G01X-9.8
N264G03X-0.5Y-0.5I0J-0.5
N265G01Y-1.5
N266G02X-0.5Y-0.5I-0.5J0
N267G01X-49.5
N268G02X-0.5Y0.5I0J0.5
N269G01Y9
N270G03X-0.5Y0.5I-0.5J0
N271G01X-5.2
N272G03X-0.5Y-0.5I0J-0.5
N273G01Y-9
N274G02X-0.5Y-0.5I-0.5J0
N275G01X-12.3
N276G02X-0.5Y0.5I0J0.5
N277G01Y9
N278G03X-0.5Y0.5I-0.5J0
N279G01X-5.2
N280G03X-0.5Y-0.5I0J-0.5
N281G01Y-9
N282G02X-0.5Y-0.5I-0.5J0
N283G01X-99.8
N284G02X-0.5Y0.5I0J0.5
N285G01Y11
N286G03X-0.5Y0.5I-0.5J0
N287G01X-58.7
N288G03X-0.5Y-0.5I0J-0.5
N289G01Y-11
N290G02X-0.5Y-0.5I-0.5J0
N291G01X-15
N292G02X-0.5Y0.5I0J0.5
N293G01Y1.5
N294G03X-0.5Y0.5I-0.5J0
N295G01X-5.15
N296TC_LASER_OFF(3)
N297G01
N298G90
N299M17
N300M02
STOP_TEXT
C
DA,'01021','HP',,
START_TEXT
N10MSG("PROGRAM NUMBER,01021")
N11MSG("SHEET Al99 : 313.0 x 182.0 x 0.8")
N12MSG("MSG,PART #:DXFPUNC0 QTY 1")
N13G71
N14F282000
N15TC_PCS_PIERCE
N16TC_POS_LEVEL(40.0)
N17TC_SHEET_TECH("SHT-1")
N18TC_SHEET_LOAD("SHL-1")
N19 ;GOTOF ENTRY_LASER
N20;ENTRY_LASER:
N21;(PART NUMBER: L101021  DXFPUNC0 NUMBER:1)
N22G01X33.359Y60.994
N23L101021
N24TC_LASER_OFF(2)
N25M30
STOP_TEXT
ENDE_PROGRAMM
ED


