BD
SET_METRIC
C
BEGIN_EINRICHTEPLAN_INFO
C
ZA,MM,2
MM,AT,1, 60,1,1,,,,,T
MM,AT,1,170,1,1,,,,,T
ZA,DA,1
C
DA,01018,1
C
ENDE_EINRICHTEPLAN_INFO
C
BEGIN_SHEET_MEASURE
C
ZA,MM,33
MM,AT,1,10,1,1,,,,,T
MM,AT,1,20,1,1,,,,,Z
MM,AT,1,30,1,1,,,,'Bool',Z
MM,AT,1,40,1,1,,,,'mm',Z
MM,AT,1,50,1,1,,,,'mm',Z
MM,AT,1,60,1,1,,,,'mm',Z
MM,AT,1,70,1,1,,,,'mm',Z
MM,AT,1,80,1,1,,,,'mm',Z
MM,AT,1,90,1,1,,,,'mm',Z
MM,AT,1,100,1,1,,,,'mm',Z
MM,AT,1,110,1,1,,,,'mm',Z
MM,AT,1,120,1,1,,,,'mm',Z
MM,AT,1,130,1,1,,,,'mm',Z
MM,AT,1,140,1,1,,,,'mm',Z
MM,AT,1,150,1,1,,,,'mm',Z
MM,AT,1,160,1,1,,,,'mm',Z
MM,AT,1,170,1,1,,,,'mm',Z
MM,AT,1,180,1,1,,,,'mm',Z
MM,AT,1,190,1,1,,,,'mm',Z
MM,AT,1,200,1,1,,,,'mm',Z
MM,AT,1,210,1,1,,,,'mm',Z
MM,AT,1,220,1,1,,,,'mm',Z
MM,AT,1,230,1,1,,,,'mm',Z
MM,AT,1,240,1,1,,,,'mm',Z
MM,AT,1,250,1,1,,,,'mm',Z
MM,AT,1,260,1,1,,,,'mm',Z
MM,AT,1,270,1,1,,,,'',Z
MM,AT,1,300,1,1,,,,'mm',Z
MM,AT,1,310,1,1,,,,'mm',Z
MM,AT,1,320,1,1,,,,'mm',Z
MM,AT,1,330,1,1,,,,'mm',Z
MM,AT,1,340,1,1,,,,'mm',Z
MM,AT,1,350,1,1,,,,'mm',Z
C
ZA,DA,1
DA,'SHM-1',0,0,25,0.0,0.0,0.0,0.0,120,120,0.0,0.0,0.0,0.0,
*  0.0,0.0,0.0,0.0,0.0,0.0,0.0,0.0,0.0,0.0,0.0,0.0,1,90,30,
*  60,0.0,0.0,0.0
C
ENDE_SHEET_MEASURE
C
BEGIN_SHEET_TECH
C
ZA,MM,7
MM,AT,1,10,1,1,,,,,T
MM,AT,1,20,1,1,,,,'mm',Z
MM,AT,1,30,1,1,,,,'mm',Z
MM,AT,1,40,1,1,,,,'mm',Z
MM,AT,1,220,1,1,,,,'mm',Z
MM,AT,1,230,1,1,,,,'mm',Z
MM,AT,1,240,1,1,,'Materialkennung',,'',T
C
ZA,DA,1
DA,'SHT-1',120.0,120.0,0.8,120.0,120.0,'Al99'
C
ENDE_SHEET_TECH
C
BEGIN_SHEET_LOAD
C
ZA,MM,10
MM,AT,1,10,1,1,,'Table identifier',,,T
MM,AT,1,500,1,1,,'Loading unit',,,Z
MM,AT,1,620,1,1,,'Sheet stopper',,,Z
MM,AT,1,630,1,1,,'Measure sheet position',,,Z
MM,AT,1,640,1,1,,'Measure range in X',,'mm',Z
MM,AT,1,650,1,1,,'Measure range in Y',,'mm',Z
MM,AT,1,660,1,1,,'Calibration',,'Bool',Z
MM,AT,1,690,1,1,,'Type of pallet change',,,Z
MM,AT,1,700,1,1,,'Measuring Corner',,,Z
MM,AT,1,710,1,1,,,,,Z
C
ZA,DA,1
DA,'SHL-1',1,1,1,120.0,120.0,1,0,1,1
C
ENDE_SHEET_LOAD
C
BEGIN_LTT_CALLS
C
ZA,MM,1
MM,AT,1,10,1,1,,,,,T
C
ZA,DA,1
DA,'ST250MD0-O2SW-30-2'
C
ENDE_LTT_CALLS
C
BEGIN_PROGRAMM
C
ZA,MM,4
MM,AT,1, 10,1,1,,,,,T
MM,AT,1, 20,1,1,,,,,T
MM,AT,1, 30,1,1,,,,,T
MM,AT,1, 40,1,1,,,,,Z
C
ZA,DA,2
DA,'L101018','UP',,
START_TEXT
N10G91
N11G01X0.15Y-0.003
N12TC_POS_LEVEL(40.0)
N13TC_LASER_ON(9,"ST250MD0-O2SW-30-2",10,110)
N14X-0.111Y-5.499
N15TC_LASER_ON(11,"ST250MD0-O2SW-30-2",0,100)
N16G03X0.029Y-0.072I0.1J-0.002
N17X35.318Y34.967I17.746J17.395
N18X-34.967Y-35.318I-17.572J-17.572
N19TC_LASER_OFF(3)
N20G01X-0.283Y35.424
N21TC_LASER_ON(9,"ST250MD0-O2SW-30-2",10,110)
N22X-7.071Y7.071
N23TC_LASER_ON(11,"ST250MD0-O2SW-30-2",0,100)
N24X-25.251Y25.251
N25TC_LASER_OFF(3)
N26X3.307Y-102.915
N27TC_LASER_ON(9,"ST250MD0-O2SW-30-2",10,110)
N28X-0.272Y5.493
N29TC_LASER_ON(11,"ST250MD0-O2SW-30-2",0,100)
N30G03X-0.03Y0.068I-0.099J-0.005
N31G02X-3.155Y7.354I6.995J7.354
N32G01Y89.65
N33G02X0.5Y0.5I0.5J0
N34G01X89.65
N35G02X10.15Y-10.15I0J-10.15
N36G01Y-89.65
N37G02X-0.5Y-0.5I-0.5J0
N38G01X-89.65
N39G02X-7.354Y3.155I0J10.15
N40TC_LASER_OFF(3)
N41G01
N42G90
N43M17
N44M02
STOP_TEXT
C
DA,'01018','HP',,
START_TEXT
N10MSG("PROGRAM NUMBER,01018")
N11MSG("SHEET Al99 : 120.0 x 120.0 x 0.8")
N12MSG("MSG,PART #:Pieza_prueba_Maxwell QTY 1")
N13G71
N14F282000
N15TC_PCS_PIERCE
N16TC_POS_LEVEL(40.0)
N17TC_SHEET_TECH("SHT-1")
N18TC_SHEET_LOAD("SHL-1")
N19 ;GOTOF ENTRY_LASER
N20;ENTRY_LASER:
N21;(PART NUMBER: L101018  Pieza_prueba_Maxwell NUMBER:1)
N22G01X42.186Y48.179
N23L101018
N24TC_LASER_OFF(2)
N25M30
STOP_TEXT
ENDE_PROGRAMM
ED


