BD
SET_METRIC
C
BEGIN_EINRICHTEPLAN_INFO
C
ZA,MM,2
MM,AT,1, 60,1,1,,,,,T
MM,AT,1,170,1,1,,,,,T
ZA,DA,1
C
DA,01019,1
C
ENDE_EINRICHTEPLAN_INFO
C
BEGIN_SHEET_MEASURE
C
ZA,MM,33
MM,AT,1,10,1,1,,,,,T
MM,AT,1,20,1,1,,,,,Z
MM,AT,1,30,1,1,,,,'Bool',Z
MM,AT,1,40,1,1,,,,'mm',Z
MM,AT,1,50,1,1,,,,'mm',Z
MM,AT,1,60,1,1,,,,'mm',Z
MM,AT,1,70,1,1,,,,'mm',Z
MM,AT,1,80,1,1,,,,'mm',Z
MM,AT,1,90,1,1,,,,'mm',Z
MM,AT,1,100,1,1,,,,'mm',Z
MM,AT,1,110,1,1,,,,'mm',Z
MM,AT,1,120,1,1,,,,'mm',Z
MM,AT,1,130,1,1,,,,'mm',Z
MM,AT,1,140,1,1,,,,'mm',Z
MM,AT,1,150,1,1,,,,'mm',Z
MM,AT,1,160,1,1,,,,'mm',Z
MM,AT,1,170,1,1,,,,'mm',Z
MM,AT,1,180,1,1,,,,'mm',Z
MM,AT,1,190,1,1,,,,'mm',Z
MM,AT,1,200,1,1,,,,'mm',Z
MM,AT,1,210,1,1,,,,'mm',Z
MM,AT,1,220,1,1,,,,'mm',Z
MM,AT,1,230,1,1,,,,'mm',Z
MM,AT,1,240,1,1,,,,'mm',Z
MM,AT,1,250,1,1,,,,'mm',Z
MM,AT,1,260,1,1,,,,'mm',Z
MM,AT,1,270,1,1,,,,'',Z
MM,AT,1,300,1,1,,,,'mm',Z
MM,AT,1,310,1,1,,,,'mm',Z
MM,AT,1,320,1,1,,,,'mm',Z
MM,AT,1,330,1,1,,,,'mm',Z
MM,AT,1,340,1,1,,,,'mm',Z
MM,AT,1,350,1,1,,,,'mm',Z
C
ZA,DA,1
DA,'SHM-1',0,0,25,0.0,0.0,0.0,0.0,200,135,0.0,0.0,0.0,0.0,
*  0.0,0.0,0.0,0.0,0.0,0.0,0.0,0.0,0.0,0.0,0.0,0.0,1,150,50,
*  67.5,0.0,0.0,0.0
C
ENDE_SHEET_MEASURE
C
BEGIN_SHEET_TECH
C
ZA,MM,7
MM,AT,1,10,1,1,,,,,T
MM,AT,1,20,1,1,,,,'mm',Z
MM,AT,1,30,1,1,,,,'mm',Z
MM,AT,1,40,1,1,,,,'mm',Z
MM,AT,1,220,1,1,,,,'mm',Z
MM,AT,1,230,1,1,,,,'mm',Z
MM,AT,1,240,1,1,,'Materialkennung',,'',T
C
ZA,DA,1
DA,'SHT-1',200.0,135.0,0.8,200.0,135.0,'Al99'
C
ENDE_SHEET_TECH
C
BEGIN_SHEET_LOAD
C
ZA,MM,10
MM,AT,1,10,1,1,,'Table identifier',,,T
MM,AT,1,500,1,1,,'Loading unit',,,Z
MM,AT,1,620,1,1,,'Sheet stopper',,,Z
MM,AT,1,630,1,1,,'Measure sheet position',,,Z
MM,AT,1,640,1,1,,'Measure range in X',,'mm',Z
MM,AT,1,650,1,1,,'Measure range in Y',,'mm',Z
MM,AT,1,660,1,1,,'Calibration',,'Bool',Z
MM,AT,1,690,1,1,,'Type of pallet change',,,Z
MM,AT,1,700,1,1,,'Measuring Corner',,,Z
MM,AT,1,710,1,1,,,,,Z
C
ZA,DA,1
DA,'SHL-1',1,1,1,120.0,120.0,1,0,1,1
C
ENDE_SHEET_LOAD
C
BEGIN_LTT_CALLS
C
ZA,MM,1
MM,AT,1,10,1,1,,,,,T
C
ZA,DA,1
DA,'ST250MD0-O2SW-30-2'
C
ENDE_LTT_CALLS
C
BEGIN_PROGRAMM
C
ZA,MM,4
MM,AT,1, 10,1,1,,,,,T
MM,AT,1, 20,1,1,,,,,T
MM,AT,1, 30,1,1,,,,,T
MM,AT,1, 40,1,1,,,,,Z
C
ZA,DA,2
DA,'L101019','UP',,
START_TEXT
N10G91
N11G01X0.15Y-0.008
N12TC_POS_LEVEL(40.0)
N13TC_LASER_ON(9,"ST250MD0-O2SW-30-2",10,110)
N14X-0.278Y-5.493
N15TC_LASER_ON(11,"ST250MD0-O2SW-30-2",0,100)
N16G03X0.027Y-0.074I0.1J-0.005
N17X14.102Y13.754I7.137J6.789
N18X-13.754Y-14.102I-6.965J-6.965
N19TC_LASER_OFF(3)
N20G01X1.347Y44.369
N21TC_LASER_ON(9,"ST250MD0-O2SW-30-2",10,110)
N22X-4.081Y-3.687
N23TC_LASER_ON(11,"ST250MD0-O2SW-30-2",0,100)
N24G03X-0.033Y-0.072I0.067J-0.075
N25X9.847Y-10.096I9.847J-0.246
N26G01X28.592
N27G02X0.481Y-0.364I0J-0.5
N28G03X25.713Y-25.713I35.927J10.214
N29G02X0.364Y-0.481I-0.136J-0.481
N30G01Y-9.084
N31G03X0.5Y-0.5I0.5J0
N32G01X18.7
N33G03X0.5Y0.5I0J0.5
N34G01Y9.084
N35G02X0.363Y0.481I0.5J0
N36G03X25.713Y25.713I-10.213J35.927
N37G02X0.481Y0.364I0.481J-0.136
N38G01X28.593
N39G03Y19.7I0J9.85
N40G01X-28.593
N41G02X-0.481Y0.363I0J0.5
N42G03X-25.713Y25.713I-35.926J-10.213
N43G02X-0.363Y0.481I0.137J0.481
N44G01Y9.085
N45G03X-0.5Y0.5I-0.5J0
N46G01X-18.7
N47G03X-0.5Y-0.5I0J-0.5
N48G01Y-9.085
N49G02X-0.364Y-0.481I-0.5J0
N50G03X-25.713Y-25.713I10.214J-35.926
N51G02X-0.481Y-0.363I-0.481J0.137
N52G01X-28.592
N53G03X-9.847Y-10.096I0J-9.85
N54TC_LASER_OFF(3)
N55G01X2.67Y30.797
N56TC_LASER_ON(9,"ST250MD0-O2SW-30-2",10,110)
N57X-0.278Y-5.493
N58TC_LASER_ON(11,"ST250MD0-O2SW-30-2",0,100)
N59G03X0.027Y-0.074I0.1J-0.005
N60X14.102Y13.754I7.137J6.789
N61X-13.754Y-14.102I-6.965J-6.965
N62TC_LASER_OFF(3)
N63G01X129.903Y5.915
N64TC_LASER_ON(9,"ST250MD0-O2SW-30-2",10,110)
N65X-0.278Y-5.493
N66TC_LASER_ON(11,"ST250MD0-O2SW-30-2",0,100)
N67G03X0.027Y-0.074I0.1J-0.005
N68X14.102Y13.754I7.137J6.789
N69X-13.754Y-14.102I-6.965J-6.965
N70TC_LASER_OFF(3)
N71G01X-0.097Y-59.085
N72TC_LASER_ON(9,"ST250MD0-O2SW-30-2",10,110)
N73X-0.278Y-5.493
N74TC_LASER_ON(11,"ST250MD0-O2SW-30-2",0,100)
N75G03X0.027Y-0.074I0.1J-0.005
N76X14.102Y13.754I7.137J6.789
N77X-13.754Y-14.102I-6.965J-6.965
N78TC_LASER_OFF(3)
N79G01X-146.74Y-10.329
N80TC_LASER_ON(9,"ST250MD0-O2SW-30-2",10,110)
N81X5.499Y-0.109
N82TC_LASER_ON(11,"ST250MD0-O2SW-30-2",0,100)
N83G02X0.069Y-0.03I-0.002J-0.1
N84G03X17.961Y-7.545I17.961J17.605
N85G01X130
N86G03X25.15Y25.15I0J25.15
N87G01Y65
N88G03X-25.15Y25.15I-25.15J0
N89G01X-130
N90G03X-25.15Y-25.15I0J-25.15
N91G01Y-65
N92G03X7.545Y-17.961I25.15J0
N93TC_LASER_OFF(3)
N94G01
N95G90
N96M17
N97M02
STOP_TEXT
C
DA,'01019','HP',,
START_TEXT
N10MSG("PROGRAM NUMBER,01019")
N11MSG("SHEET Al99 : 200.0 x 135.0 x 0.8")
N12MSG("MSG,PART #:Pieza_prueba_Maxwell_2 QTY 1")
N13G71
N14F282000
N15TC_PCS_PIERCE
N16TC_POS_LEVEL(40.0)
N17TC_SHEET_TECH("SHT-1")
N18TC_SHEET_LOAD("SHL-1")
N19 ;GOTOF ENTRY_LASER
N20;ENTRY_LASER:
N21;(PART NUMBER: L101019  Pieza_prueba_Maxwell_2 NUMBER:1)
N22G01X27.964Y33.786
N23L101019
N24TC_LASER_OFF(2)
N25M30
STOP_TEXT
ENDE_PROGRAMM
ED


