BD
SET_METRIC
C
BEGIN_EINRICHTEPLAN_INFO
C
ZA,MM,2
MM,AT,1, 60,1,1,,,,,T
MM,AT,1,170,1,1,,,,,T
ZA,DA,1
C
DA,01020,1
C
ENDE_EINRICHTEPLAN_INFO
C
BEGIN_SHEET_MEASURE
C
ZA,MM,33
MM,AT,1,10,1,1,,,,,T
MM,AT,1,20,1,1,,,,,Z
MM,AT,1,30,1,1,,,,'Bool',Z
MM,AT,1,40,1,1,,,,'mm',Z
MM,AT,1,50,1,1,,,,'mm',Z
MM,AT,1,60,1,1,,,,'mm',Z
MM,AT,1,70,1,1,,,,'mm',Z
MM,AT,1,80,1,1,,,,'mm',Z
MM,AT,1,90,1,1,,,,'mm',Z
MM,AT,1,100,1,1,,,,'mm',Z
MM,AT,1,110,1,1,,,,'mm',Z
MM,AT,1,120,1,1,,,,'mm',Z
MM,AT,1,130,1,1,,,,'mm',Z
MM,AT,1,140,1,1,,,,'mm',Z
MM,AT,1,150,1,1,,,,'mm',Z
MM,AT,1,160,1,1,,,,'mm',Z
MM,AT,1,170,1,1,,,,'mm',Z
MM,AT,1,180,1,1,,,,'mm',Z
MM,AT,1,190,1,1,,,,'mm',Z
MM,AT,1,200,1,1,,,,'mm',Z
MM,AT,1,210,1,1,,,,'mm',Z
MM,AT,1,220,1,1,,,,'mm',Z
MM,AT,1,230,1,1,,,,'mm',Z
MM,AT,1,240,1,1,,,,'mm',Z
MM,AT,1,250,1,1,,,,'mm',Z
MM,AT,1,260,1,1,,,,'mm',Z
MM,AT,1,270,1,1,,,,'',Z
MM,AT,1,300,1,1,,,,'mm',Z
MM,AT,1,310,1,1,,,,'mm',Z
MM,AT,1,320,1,1,,,,'mm',Z
MM,AT,1,330,1,1,,,,'mm',Z
MM,AT,1,340,1,1,,,,'mm',Z
MM,AT,1,350,1,1,,,,'mm',Z
C
ZA,DA,1
DA,'SHM-1',0,0,25,0.0,0.0,0.0,0.0,244.91,106.98,0.0,0.0,0.0,
*  0.0,0.0,0.0,0.0,0.0,0.0,0.0,0.0,0.0,0.0,0.0,0.0,0.0,1,
*  183.68,61.23,53.49,0.0,0.0,0.0
C
ENDE_SHEET_MEASURE
C
BEGIN_SHEET_TECH
C
ZA,MM,7
MM,AT,1,10,1,1,,,,,T
MM,AT,1,20,1,1,,,,'mm',Z
MM,AT,1,30,1,1,,,,'mm',Z
MM,AT,1,40,1,1,,,,'mm',Z
MM,AT,1,220,1,1,,,,'mm',Z
MM,AT,1,230,1,1,,,,'mm',Z
MM,AT,1,240,1,1,,'Materialkennung',,'',T
C
ZA,DA,1
DA,'SHT-1',244.9,107.0,0.8,244.9,107.0,'Al99'
C
ENDE_SHEET_TECH
C
BEGIN_SHEET_LOAD
C
ZA,MM,10
MM,AT,1,10,1,1,,'Table identifier',,,T
MM,AT,1,500,1,1,,'Loading unit',,,Z
MM,AT,1,620,1,1,,'Sheet stopper',,,Z
MM,AT,1,630,1,1,,'Measure sheet position',,,Z
MM,AT,1,640,1,1,,'Measure range in X',,'mm',Z
MM,AT,1,650,1,1,,'Measure range in Y',,'mm',Z
MM,AT,1,660,1,1,,'Calibration',,'Bool',Z
MM,AT,1,690,1,1,,'Type of pallet change',,,Z
MM,AT,1,700,1,1,,'Measuring Corner',,,Z
MM,AT,1,710,1,1,,,,,Z
C
ZA,DA,1
DA,'SHL-1',1,1,1,120.0,120.0,1,0,1,1
C
ENDE_SHEET_LOAD
C
BEGIN_LTT_CALLS
C
ZA,MM,1
MM,AT,1,10,1,1,,,,,T
C
ZA,DA,1
DA,'ST250MD0-O2SW-30-2'
C
ENDE_LTT_CALLS
C
BEGIN_PROGRAMM
C
ZA,MM,4
MM,AT,1, 10,1,1,,,,,T
MM,AT,1, 20,1,1,,,,,T
MM,AT,1, 30,1,1,,,,,T
MM,AT,1, 40,1,1,,,,,Z
C
ZA,DA,2
DA,'L101020','UP',,
START_TEXT
N10G91
N11G01X-0.034Y-0.146
N12TC_POS_LEVEL(40.0)
N13TC_LASER_ON(9,"ST250MD0-O2SW-30-2",10,110)
N14X5.354Y-1.259
N15TC_LASER_ON(11,"ST250MD0-O2SW-30-2",0,100)
N16G02X0.062Y-0.045I-0.023J-0.097
N17G03X20.59Y-24.977I103.717J64.525
N18X0.746Y0.075I0.34J0.367
N19G02X12.189Y-9.854I6.381J-4.573
N20G03X0.083Y-0.746I0.37J-0.336
N21X67.831Y-22.102I70.109J100.027
N22X0.506Y0.55I0.009J0.5
N23G02X31.483Y3.673I15.772J1.579
N24G03X0.619Y-0.419I0.495J0.066
N25X77.925Y61.743I-30.33J118.325
N26X-0.444Y0.732I-0.444J0.232
N27G01X-15.161
N28G02X-0.5Y0.5I0J0.5
N29G01Y6.776
N30G03X-0.854Y0.353I-0.5J0
N31G01X-8.039Y-8.037
N32G02X-15.095Y5.796I-6.257J6.258
N33G01X-0.266Y5.137
N34G03X-0.499Y0.475I-0.499J-0.025
N35G01X-10.618
N36G03X-0.496Y-0.439I0J-0.5
N37G01X-1.362Y-11.122
N38G02X-0.497Y-0.439I-0.497J0.061
N39G01X-8.849
N40G02X-0.496Y0.439I0J0.5
N41G01X-1.363Y11.122
N42G03X-0.496Y0.439I-0.496J-0.061
N43G01X-10.073
N44G03X-0.358Y-0.151I0J-0.5
N45G01X-17.511Y-17.945
N46G02X-0.242Y-0.137I-0.358J0.349
N47X-45.844Y6.018I-15.036J63.083
N48G01X-41.043Y22.155
N49G03X-0.238Y0.06I-0.238J-0.44
N50G01X-11.561
N51G03X-0.5Y-0.5I0J-0.5
N52G01Y-3
N53G02X-0.5Y-0.5I-0.5J0
N54G01X-20.7
N55G02X-0.5Y0.5I0J0.5
N56G01Y3
N57G03X-0.5Y0.5I-0.5J0
N58G01X-10.051
N59G03X-0.478Y-0.645I0J-0.5
N60X13.427Y-29.454I116.879J35.495
N61TC_LASER_OFF(3)
N62G01
N63G90
N64M17
N65M02
STOP_TEXT
C
DA,'01020','HP',,
START_TEXT
N10MSG("PROGRAM NUMBER,01020")
N11MSG("SHEET Al99 : 244.9 x 107.0 x 0.8")
N12MSG("MSG,PART #:DXFPART7 QTY 1")
N13G71
N14F282000
N15TC_PCS_PIERCE
N16TC_POS_LEVEL(40.0)
N17TC_SHEET_TECH("SHT-1")
N18TC_SHEET_LOAD("SHL-1")
N19 ;GOTOF ENTRY_LASER
N20;ENTRY_LASER:
N21;(PART NUMBER: L101020  DXFPART7 NUMBER:1)
N22G01X17.652Y68.904
N23L101020
N24TC_LASER_OFF(2)
N25M30
STOP_TEXT
ENDE_PROGRAMM
ED


