BD
SET_METRIC
C
BEGIN_EINRICHTEPLAN_INFO
C
ZA,MM,2
MM,AT,1, 60,1,1,,,,,T
MM,AT,1,170,1,1,,,,,T
ZA,DA,1
C
DA,01022,1
C
ENDE_EINRICHTEPLAN_INFO
C
BEGIN_SHEET_MEASURE
C
ZA,MM,33
MM,AT,1,10,1,1,,,,,T
MM,AT,1,20,1,1,,,,,Z
MM,AT,1,30,1,1,,,,'Bool',Z
MM,AT,1,40,1,1,,,,'mm',Z
MM,AT,1,50,1,1,,,,'mm',Z
MM,AT,1,60,1,1,,,,'mm',Z
MM,AT,1,70,1,1,,,,'mm',Z
MM,AT,1,80,1,1,,,,'mm',Z
MM,AT,1,90,1,1,,,,'mm',Z
MM,AT,1,100,1,1,,,,'mm',Z
MM,AT,1,110,1,1,,,,'mm',Z
MM,AT,1,120,1,1,,,,'mm',Z
MM,AT,1,130,1,1,,,,'mm',Z
MM,AT,1,140,1,1,,,,'mm',Z
MM,AT,1,150,1,1,,,,'mm',Z
MM,AT,1,160,1,1,,,,'mm',Z
MM,AT,1,170,1,1,,,,'mm',Z
MM,AT,1,180,1,1,,,,'mm',Z
MM,AT,1,190,1,1,,,,'mm',Z
MM,AT,1,200,1,1,,,,'mm',Z
MM,AT,1,210,1,1,,,,'mm',Z
MM,AT,1,220,1,1,,,,'mm',Z
MM,AT,1,230,1,1,,,,'mm',Z
MM,AT,1,240,1,1,,,,'mm',Z
MM,AT,1,250,1,1,,,,'mm',Z
MM,AT,1,260,1,1,,,,'mm',Z
MM,AT,1,270,1,1,,,,'',Z
MM,AT,1,300,1,1,,,,'mm',Z
MM,AT,1,310,1,1,,,,'mm',Z
MM,AT,1,320,1,1,,,,'mm',Z
MM,AT,1,330,1,1,,,,'mm',Z
MM,AT,1,340,1,1,,,,'mm',Z
MM,AT,1,350,1,1,,,,'mm',Z
C
ZA,DA,1
DA,'SHM-1',0,0,25,0.0,0.0,0.0,0.0,223.33,195.26,0.0,0.0,0.0,
*  0.0,0.0,0.0,0.0,0.0,0.0,0.0,0.0,0.0,0.0,0.0,0.0,0.0,1,
*  167.5,55.83,97.63,0.0,0.0,0.0
C
ENDE_SHEET_MEASURE
C
BEGIN_SHEET_TECH
C
ZA,MM,7
MM,AT,1,10,1,1,,,,,T
MM,AT,1,20,1,1,,,,'mm',Z
MM,AT,1,30,1,1,,,,'mm',Z
MM,AT,1,40,1,1,,,,'mm',Z
MM,AT,1,220,1,1,,,,'mm',Z
MM,AT,1,230,1,1,,,,'mm',Z
MM,AT,1,240,1,1,,'Materialkennung',,'',T
C
ZA,DA,1
DA,'SHT-1',223.3,195.3,0.8,223.3,195.3,'Al99'
C
ENDE_SHEET_TECH
C
BEGIN_SHEET_LOAD
C
ZA,MM,10
MM,AT,1,10,1,1,,'Table identifier',,,T
MM,AT,1,500,1,1,,'Loading unit',,,Z
MM,AT,1,620,1,1,,'Sheet stopper',,,Z
MM,AT,1,630,1,1,,'Measure sheet position',,,Z
MM,AT,1,640,1,1,,'Measure range in X',,'mm',Z
MM,AT,1,650,1,1,,'Measure range in Y',,'mm',Z
MM,AT,1,660,1,1,,'Calibration',,'Bool',Z
MM,AT,1,690,1,1,,'Type of pallet change',,,Z
MM,AT,1,700,1,1,,'Measuring Corner',,,Z
MM,AT,1,710,1,1,,,,,Z
C
ZA,DA,1
DA,'SHL-1',1,1,1,120.0,120.0,1,0,1,1
C
ENDE_SHEET_LOAD
C
BEGIN_LTT_CALLS
C
ZA,MM,1
MM,AT,1,10,1,1,,,,,T
C
ZA,DA,1
DA,'ST250MD0-O2SW-30-2'
C
ENDE_LTT_CALLS
C
BEGIN_PROGRAMM
C
ZA,MM,4
MM,AT,1, 10,1,1,,,,,T
MM,AT,1, 20,1,1,,,,,T
MM,AT,1, 30,1,1,,,,,T
MM,AT,1, 40,1,1,,,,,Z
C
ZA,DA,2
DA,'L101022','UP',,
START_TEXT
N10G91
N11G01X-0.001Y0.15
N12TC_POS_LEVEL(40.0)
N13TC_LASER_ON(9,"ST250MD0-O2SW-30-2",10,110)
N14X5.5Y0.025
N15TC_LASER_ON(11,"ST250MD0-O2SW-30-2",0,100)
N16G03X0.07Y0.029I0J0.1
N17G02X23.094Y17.762I78.419J-78.064
N18G03X-5.35Y9.266I-2.675J4.633
N19X-44.418Y-44.417I60.675J-105.092
N20X9.267Y-5.35I4.634J-2.675
N21G02X17.761Y23.093I95.826J-55.325
N22TC_LASER_OFF(3)
N23G01X103.629Y33.323
N24TC_LASER_ON(9,"ST250MD0-O2SW-30-2",10,110)
N25X2.771Y-4.75
N26TC_LASER_ON(11,"ST250MD0-O2SW-30-2",0,100)
N27G03X0.061Y-0.047I0.087J0.05
N28G02X26.929Y-11.118I-28.396J-106.944
N29G03X5.35Y9.266I2.675J4.633
N30X-60.675Y16.258I-60.675J-105.092
N31Y-10.7I0J-5.35
N32G02X28.88Y-3.835I0J-110.65
N33TC_LASER_OFF(3)
N34G01X-21.663Y34.078
N35TC_LASER_ON(9,"ST250MD0-O2SW-30-2",10,110)
N36X-0.484Y-4.215
N37TC_LASER_ON(11,"ST250MD0-O2SW-30-2",0,100)
N38G03X0.025Y-0.078I0.099J-0.011
N39X6.318Y5.976I3.242J2.9
N40X-5.977Y-6.318I-3.076J-3.076
N41TC_LASER_OFF(3)
N42G01X-19.882Y4.635
N43TC_LASER_ON(9,"ST250MD0-O2SW-30-2",10,110)
N44X-0.484Y-4.215
N45TC_LASER_ON(11,"ST250MD0-O2SW-30-2",0,100)
N46G03X0.025Y-0.078I0.099J-0.011
N47X6.318Y5.976I3.242J2.9
N48X-5.977Y-6.318I-3.076J-3.076
N49TC_LASER_OFF(3)
N50G01X0.118Y25.635
N51TC_LASER_ON(9,"ST250MD0-O2SW-30-2",10,110)
N52X-0.484Y-4.215
N53TC_LASER_ON(11,"ST250MD0-O2SW-30-2",0,100)
N54G03X0.025Y-0.078I0.099J-0.011
N55X6.318Y5.976I3.242J2.9
N56X-5.977Y-6.318I-3.076J-3.076
N57TC_LASER_OFF(3)
N58G01X20.118Y4.635
N59TC_LASER_ON(9,"ST250MD0-O2SW-30-2",10,110)
N60X-0.484Y-4.215
N61TC_LASER_ON(11,"ST250MD0-O2SW-30-2",0,100)
N62G03X0.025Y-0.078I0.099J-0.011
N63X6.318Y5.976I3.242J2.9
N64X-5.977Y-6.318I-3.076J-3.076
N65TC_LASER_OFF(3)
N66G01X0.118Y40.135
N67TC_LASER_ON(9,"ST250MD0-O2SW-30-2",10,110)
N68X-0.484Y-4.215
N69TC_LASER_ON(11,"ST250MD0-O2SW-30-2",0,100)
N70G03X0.025Y-0.078I0.099J-0.011
N71X6.318Y5.976I3.242J2.9
N72X-5.977Y-6.318I-3.076J-3.076
N73TC_LASER_OFF(3)
N74G01X-19.882Y4.635
N75TC_LASER_ON(9,"ST250MD0-O2SW-30-2",10,110)
N76X-0.484Y-4.215
N77TC_LASER_ON(11,"ST250MD0-O2SW-30-2",0,100)
N78G03X0.025Y-0.078I0.099J-0.011
N79X6.318Y5.976I3.242J2.9
N80X-5.977Y-6.318I-3.076J-3.076
N81TC_LASER_OFF(3)
N82G01X-92.896Y-153.694
N83TC_LASER_ON(9,"ST250MD0-O2SW-30-2",10,110)
N84X-1.423Y5.312
N85TC_LASER_ON(11,"ST250MD0-O2SW-30-2",0,100)
N86G03X-0.047Y0.061I-0.097J-0.026
N87G01X-15.02Y8.672
N88G02X-1.284Y4.05I1.575J2.728
N89X88.66Y74.44I123.571J-57.159
N90G03X14.761Y19.186I-5.089J19.186
N91G01Y57.215
N92G02X3.15Y3.15I3.15J0
N93G01X34
N94G02X3.15Y-3.15I0J-3.15
N95G01Y-57.215
N96G03X14.76Y-19.186I19.85J0
N97G02X43.525Y-20.312I-34.91J-131.599
N98X0.914Y-4.15I-1.814J-2.575
N99G01X-17.094Y-29.607
N100G02X-4.622Y-0.942I-2.728J1.575
N101G03X-145.839Y-39.078I-57.633J-76.588
N102G02X-4.474Y-1.495I-2.899J1.233
N103G01X-15.02Y8.672
N104TC_LASER_OFF(3)
N105G01
N106G90
N107M17
N108M02
STOP_TEXT
C
DA,'01022','HP',,
START_TEXT
N10MSG("PROGRAM NUMBER,01022")
N11MSG("SHEET Al99 : 223.3 x 195.3 x 0.8")
N12MSG("MSG,PART #:DXFPAR0105 QTY 1")
N13G71
N14F282000
N15TC_PCS_PIERCE
N16TC_POS_LEVEL(40.0)
N17TC_SHEET_TECH("SHT-1")
N18TC_SHEET_LOAD("SHL-1")
N19 ;GOTOF ENTRY_LASER
N20;ENTRY_LASER:
N21;(PART NUMBER: L101022  DXFPAR0105 NUMBER:1)
N22G01X49.724Y52.117
N23L101022
N24TC_LASER_OFF(2)
N25M30
STOP_TEXT
ENDE_PROGRAMM
ED


