BD
SET_METRIC
C
BEGIN_EINRICHTEPLAN_INFO
C
ZA,MM,27
MM,AT,1,   10, 1,1,,'Maschine'                          ,,'',T
MM,AT,1,   20, 1,1,,'Typ'                               ,,'',Z
MM,AT,1,   30, 1,1,,'Steuerung'                         ,,'',T
MM,AT,1,   40, 1,1,,'Variante'                          ,,'',Z
MM,AT,1,   50, 1,1,,'Firma'                             ,,'',T
MM,AT,1,   60, 1,1,,'Programmnummer'                    ,,'',T
MM,AT,1,   70, 1,1,,'Bearbeiter'                        ,,'',T
MM,AT,1,   80, 1,1,,'Datum'                             ,,'',T
MM,AT,1,   90, 1,1,,'Auftragsname'                      ,,'',T
MM,AT,1,  100, 1,1,,'Anzahl der Programmdurchlaeufe'    ,,'',Z
MM,AT,1,  110, 1,1,,'Tafelname'                         ,,'',T
MM,AT,1,  120, 1,1,,'Speicherbedarf'                    ,,'',Z
MM,AT,1,  130, 1,1,,'Material-ID'                       ,,'',T
MM,AT,1,  140, 1,1,,'Tafelgewicht'                      ,,'kg',Z
MM,AT,1,  160, 1,1,,'Bemerkung'                         ,,'',T
MM,AT,1,  170, 1,1,,'Flag Automatisiert'                ,,'Bool',Z
MM,AT,1,  180, 1,1,,'Flag ToPsxxx-Programm'             ,,'Bool',Z
MM,AT,1,  190, 1,1,,'Einrichteplanfilename'             ,,'',T
MM,AT,1,  200, 1,1,,'Lagergutbezeichnung'               ,,'',T
MM,AT,1,  210, 1,1,,'Palettierungsflag'                 ,,'Bool',Z
MM,AT,1,  220, 1,1,,'Palettierungmodus'                 ,,'',Z
MM,AT,1,  230, 1,1,,'Palette putzen'                    ,,'Bool',Z
MM,AT,1,  240, 1,1,,'Sauger putzen'                     ,,'Bool',Z
MM,AT,1,  250, 1,1,,'SystemPalletType'                  ,,'',T
MM,AT,1,  260, 1,1,,'Bearbeitungszeit PierceLine'       ,,'min',Z
MM,AT,1,  270, 1,1,,'Schneidl?ge'                      ,,'mm',Z
MM,AT,1,  280, 1,1,,'viewer name machine'               ,,'',T
C
ZA,DA,1
DA,'L20',11,'Sin 840D',1,'Trumpf','00001109','User','22.06.2022',
*  'TRUMPF',1,'',14074,
*  'Al99',,'  ',0,1,
*  '','',0,1,1,1,'',19.05,
*  83378.04,'TruLaser 3030 (L20)'
C
ENDE_EINRICHTEPLAN_INFO
C
BEGIN_SHEET_TECH
C
ZA,MM,14
MM,AT,1,  10,1,1,,'Tabellenidentifikator'                 ,,'',T
MM,AT,1,  20,1,1,,'Blechmass X'                           ,,'mm',Z
MM,AT,1,  30,1,1,,'Blechmass Y'                           ,,'mm',Z
MM,AT,1,  40,1,1,,'Blechmass Z'                           ,,'mm',Z
MM,AT,1, 200,1,1,,'TRUMPF-Kennung'                        ,,'',Z
MM,AT,1, 220,1,1,,'Blechmass X real'                      ,,'mm',Z
MM,AT,1, 230,1,1,,'Blechmass Y real'                      ,,'mm',Z
MM,AT,1, 240,1,1,,'Materialkennung'                       ,,'',T
MM,AT,1, 260,1,1,,'Werkstoffdichte'                       ,,'kg/dm3',Z
MM,AT,1, 280,1,1,,'Dynamikstufe'                          ,,'',Z
MM,AT,1, 290,1,1,,'Werkstoffkennung'                      ,,'',T
MM,AT,1, 370,1,1,,'AdvancedEvaporateSwitch'               ,,'',Z
MM,AT,1, 380,1,1,,'AdvancedEvaporateCircleRadius'         ,,'mm',Z
MM,AT,1, 390,1,1,,'Surface Optical Reflection Property'   ,,'',Z
C
ZA,DA,1
DA,'SHT-1',190.0,125.0,0.8,1,190.0,125.0,'Al99',2.7,
*  0.0,'Al99',0,0,0
C
ENDE_SHEET_TECH
C
BEGIN_MACHINE_LOAD_DATA
C
ZA,MM,9
MM,AT,1,10,1,1,,'Load Name',,'',T
MM,AT,1,50,1,1,,'Loading Type',,'',Z
MM,AT,1,60,1,1,,'Calibration Active',,'Bool',Z
MM,AT,1,100,1,1,,'Pallet Changer Type',,'',Z
MM,AT,1,110,1,1,,'Sheet Stop',,'',Z
MM,AT,1,120,1,1,,'Measure Sheet Position',,'',Z
MM,AT,1,130,1,1,,'Measuring Range X',,'mm',Z
MM,AT,1,140,1,1,,'Measuring Range Y',,'mm',Z
MM,AT,1,150,1,1,,'Measuring Corner',,'',Z
C
ZA,DA,1
DA,'SHL-1',5,1,1,1,1,50.0,50.0,1
C
ENDE_MACHINE_LOAD_DATA
C
BEGIN_LTT_CALLS
C
ZA,MM,1
MM,AT,1,10,1,1,,,,,T
C
ZA,DA,1
DA,'T2D-5440'
C
ENDE_LTT_CALLS
C
BEGIN_PROGRAMM
C
ZA,MM,4
MM,AT,1, 10,1,1,,,,,T
MM,AT,1, 20,1,1,,,,,T
MM,AT,1, 30,1,1,,,,,T
MM,AT,1, 40,1,1,,,,,Z
C
ZA,DA,2
DA,'L100001109','UP',,
START_TEXT
N10G91
N11G01X-0.101Y-0.074
N12TC_POS_LEVEL(40.0)
N13TC_LASER_ON(1,"T2D-5440",10,100)
N14X-2.364Y3.227
N15G03X-0.085Y0.05I-0.101J-0.074
N16X-2.267Y-19.618I-1.256J-9.795
N17X1.776Y19.668I1.011J9.823
N18TC_LASER_OFF(1)
N19G01X5.411Y50.905
N20TC_LASER_ON(1,"T2D-5440",10,100)
N21X3.418Y2.078
N22G03X0.057Y0.08I-0.065J0.106
N23X-19.351Y3.942I-9.651J2.092
N24X19.443Y-3.457I9.7J-1.85
N25TC_LASER_OFF(1)
N26G01X119.53Y-23.156
N27TC_LASER_ON(1,"T2D-5440",10,100)
N28X-2.828Y2.828
N29G03X-0.089Y0.037I-0.089J-0.088
N30G01X-24.639
N31G02X-0.481Y0.363I0J0.5
N32G03X-25.707Y25.707I-35.945J-10.238
N33G02X-0.363Y0.481I0.137J0.481
N34G01Y9.091
N35G03X-0.5Y0.5I-0.5J0
N36G01X-18.75
N37G03X-0.5Y-0.5I0J-0.5
N38G01Y-9.091
N39G02X-0.363Y-0.481I-0.5J0
N40G03X-25.708Y-25.707I10.238J-35.945
N41G02X-0.481Y-0.363I-0.481J0.137
N42G01X-28.573
N43G03Y-19.75I0J-9.875
N44G01X28.573
N45G02X0.481Y-0.363I0J-0.5
N46G03X25.708Y-25.708I35.946J10.238
N47G02X0.363Y-0.481I-0.137J-0.481
N48G01Y-9.09
N49G03X0.5Y-0.5I0.5J0
N50G01X18.75
N51G03X0.5Y0.5I0J0.5
N52G01Y9.09
N53G02X0.363Y0.481I0.5J0
N54G03X25.707Y25.708I-10.238J35.946
N55G02X0.481Y0.363I0.481J-0.137
N56G01X28.574
N57G03Y19.75I0J9.875
N58G01X-4.435
N59TC_LASER_OFF(1)
N60X0.352Y15.43
N61TC_LASER_ON(1,"T2D-5440",10,100)
N62X2.32Y-3.258
N63G03X0.085Y-0.051I0.102J0.073
N64X2.529Y19.586I1.387J9.777
N65X-2.039Y-19.643I-1.142J-9.809
N66TC_LASER_OFF(1)
N67G01X-6.339Y-53.206
N68TC_LASER_ON(1,"T2D-5440",10,100)
N69X-2.535Y-3.094
N70G03X-0.027Y-0.095I0.097J-0.079
N71X19.562Y2.702I9.798J1.229
N72X-19.489Y-3.19I-9.764J-1.473
N73TC_LASER_OFF(1)
N74G01X-137.524Y-20.485
N75TC_LASER_ON(1,"T2D-5440",10,100)
N76X-0.12Y3.998
N77G03X-0.038Y0.086I-0.125J-0.004
N78G02X-7.718Y18.118I17.407J18.118
N79G01Y65
N80G02X25.125Y25.125I25.125J0
N81G01X130
N82G02X25.125Y-25.125I0J-25.125
N83G01Y-65
N84G02X-25.125Y-25.125I-25.125J0
N85G01X-130
N86G02X-17.766Y7.359I0J25.125
N87TC_LASER_OFF(1)
N88G01
N89G90
N90M17
N91M02
STOP_TEXT
C
DA,'00001109','HP',,
START_TEXT
N10MSG("PROGRAM NUMBER,00001109")
N11MSG("SHEET Al99 : 190.0 x 125.0 x 0.8")
N12MSG("MSG,PART #:Pieza_prueba_Maxwell_2 QTY 1")
N13G71
N14F100000
N15TC_POS_LEVEL(40.0)
N16TC_SHEET_TECH("SHT-1")
N17TC_SHEET_LOAD("SHL-1")
N18 ;GOTOF ENTRY_LASER
N19;ENTRY_LASER:
N20;(PART NUMBER: L100001109  Pieza_prueba_Maxwell_2 NUMBER:1)
N21G01X33.806Y36.592
N22L100001109
N23TC_LASER_OFF(2)
N24M30
STOP_TEXT
ENDE_PROGRAMM
ED


