BD
SET_METRIC
C
BEGIN_EINRICHTEPLAN_INFO
C
ZA,MM,27
MM,AT,1,   10, 1,1,,'Maschine'                          ,,'',T
MM,AT,1,   20, 1,1,,'Typ'                               ,,'',Z
MM,AT,1,   30, 1,1,,'Steuerung'                         ,,'',T
MM,AT,1,   40, 1,1,,'Variante'                          ,,'',Z
MM,AT,1,   50, 1,1,,'Firma'                             ,,'',T
MM,AT,1,   60, 1,1,,'Programmnummer'                    ,,'',T
MM,AT,1,   70, 1,1,,'Bearbeiter'                        ,,'',T
MM,AT,1,   80, 1,1,,'Datum'                             ,,'',T
MM,AT,1,   90, 1,1,,'Auftragsname'                      ,,'',T
MM,AT,1,  100, 1,1,,'Anzahl der Programmdurchlaeufe'    ,,'',Z
MM,AT,1,  110, 1,1,,'Tafelname'                         ,,'',T
MM,AT,1,  120, 1,1,,'Speicherbedarf'                    ,,'',Z
MM,AT,1,  130, 1,1,,'Material-ID'                       ,,'',T
MM,AT,1,  140, 1,1,,'Tafelgewicht'                      ,,'kg',Z
MM,AT,1,  160, 1,1,,'Bemerkung'                         ,,'',T
MM,AT,1,  170, 1,1,,'Flag Automatisiert'                ,,'Bool',Z
MM,AT,1,  180, 1,1,,'Flag ToPsxxx-Programm'             ,,'Bool',Z
MM,AT,1,  190, 1,1,,'Einrichteplanfilename'             ,,'',T
MM,AT,1,  200, 1,1,,'Lagergutbezeichnung'               ,,'',T
MM,AT,1,  210, 1,1,,'Palettierungsflag'                 ,,'Bool',Z
MM,AT,1,  220, 1,1,,'Palettierungmodus'                 ,,'',Z
MM,AT,1,  230, 1,1,,'Palette putzen'                    ,,'Bool',Z
MM,AT,1,  240, 1,1,,'Sauger putzen'                     ,,'Bool',Z
MM,AT,1,  250, 1,1,,'SystemPalletType'                  ,,'',T
MM,AT,1,  260, 1,1,,'Bearbeitungszeit PierceLine'       ,,'min',Z
MM,AT,1,  270, 1,1,,'Schneidl?ge'                      ,,'mm',Z
MM,AT,1,  280, 1,1,,'viewer name machine'               ,,'',T
C
ZA,DA,1
DA,'L20',11,'Sin 840D',1,'Trumpf','00001110','User','22.06.2022',
*  'TRUMPF',1,'',14074,
*  'Al99',,'  ',0,1,
*  '','',0,1,1,1,'',19.05,
*  83378.04,'TruLaser 3030 (L20)'
C
ENDE_EINRICHTEPLAN_INFO
C
BEGIN_SHEET_TECH
C
ZA,MM,14
MM,AT,1,  10,1,1,,'Tabellenidentifikator'                 ,,'',T
MM,AT,1,  20,1,1,,'Blechmass X'                           ,,'mm',Z
MM,AT,1,  30,1,1,,'Blechmass Y'                           ,,'mm',Z
MM,AT,1,  40,1,1,,'Blechmass Z'                           ,,'mm',Z
MM,AT,1, 200,1,1,,'TRUMPF-Kennung'                        ,,'',Z
MM,AT,1, 220,1,1,,'Blechmass X real'                      ,,'mm',Z
MM,AT,1, 230,1,1,,'Blechmass Y real'                      ,,'mm',Z
MM,AT,1, 240,1,1,,'Materialkennung'                       ,,'',T
MM,AT,1, 260,1,1,,'Werkstoffdichte'                       ,,'kg/dm3',Z
MM,AT,1, 280,1,1,,'Dynamikstufe'                          ,,'',Z
MM,AT,1, 290,1,1,,'Werkstoffkennung'                      ,,'',T
MM,AT,1, 370,1,1,,'AdvancedEvaporateSwitch'               ,,'',Z
MM,AT,1, 380,1,1,,'AdvancedEvaporateCircleRadius'         ,,'mm',Z
MM,AT,1, 390,1,1,,'Surface Optical Reflection Property'   ,,'',Z
C
ZA,DA,1
DA,'SHT-1',303.0,172.0,0.8,1,303.0,172.0,'Al99',2.7,
*  0.0,'Al99',0,0,0
C
ENDE_SHEET_TECH
C
BEGIN_MACHINE_LOAD_DATA
C
ZA,MM,9
MM,AT,1,10,1,1,,'Load Name',,'',T
MM,AT,1,50,1,1,,'Loading Type',,'',Z
MM,AT,1,60,1,1,,'Calibration Active',,'Bool',Z
MM,AT,1,100,1,1,,'Pallet Changer Type',,'',Z
MM,AT,1,110,1,1,,'Sheet Stop',,'',Z
MM,AT,1,120,1,1,,'Measure Sheet Position',,'',Z
MM,AT,1,130,1,1,,'Measuring Range X',,'mm',Z
MM,AT,1,140,1,1,,'Measuring Range Y',,'mm',Z
MM,AT,1,150,1,1,,'Measuring Corner',,'',Z
C
ZA,DA,1
DA,'SHL-1',5,1,1,1,1,50.0,50.0,1
C
ENDE_MACHINE_LOAD_DATA
C
BEGIN_LTT_CALLS
C
ZA,MM,1
MM,AT,1,10,1,1,,,,,T
C
ZA,DA,1
DA,'T2D-5440'
C
ENDE_LTT_CALLS
C
BEGIN_PROGRAMM
C
ZA,MM,4
MM,AT,1, 10,1,1,,,,,T
MM,AT,1, 20,1,1,,,,,T
MM,AT,1, 30,1,1,,,,,T
MM,AT,1, 40,1,1,,,,,Z
C
ZA,DA,2
DA,'L100001110','UP',,
START_TEXT
N10G91
N11G01X-0.01Y0.125
N12TC_POS_LEVEL(40.0)
N13TC_LASER_ON(1,"T2D-5440",10,100)
N14X2.828Y0.247
N15G03X0.091Y0.053I-0.011J0.125
N16X-5.006Y3.208I-2.438J1.705
N17X5.248Y-2.794I2.568J-1.503
N18TC_LASER_OFF(1)
N19G01X16.03Y-9.761
N20TC_LASER_ON(1,"T2D-5440",10,100)
N21X-0.499Y1.921
N22G03X-0.072Y0.083I-0.121J-0.032
N23X-1.457Y-3.985I-0.839J-1.952
N24X1.006Y4.122I0.618J2.033
N25TC_LASER_OFF(1)
N26G01X5.44Y17.181
N27TC_LASER_ON(1,"T2D-5440",10,100)
N28X1.973Y-0.209
N29G03X0.103Y0.038I0.013J0.125
N30X-3.218Y2.766I-1.532J1.472
N31X3.505Y-2.392I1.686J-1.294
N32TC_LASER_OFF(1)
N33G01X8.017Y-6.32
N34TC_LASER_ON(1,"T2D-5440",10,100)
N35X1.327Y-0.024
N36G03X0.104Y0.053I0.002J0.125
N37X-2.524Y1.51I-1.203J0.854
N38X2.728Y-1.099I1.321J-0.656
N39TC_LASER_OFF(1)
N40G01X9.793Y-5.257
N41TC_LASER_ON(1,"T2D-5440",10,100)
N42X-1.584Y1.194
N43G03X-0.108Y0.021I-0.075J-0.1
N44X1.336Y-4.028I0.556J-2.051
N45X-1.774Y3.855I-0.78J1.977
N46TC_LASER_OFF(1)
N47G01X-5.78Y15.625
N48TC_LASER_ON(1,"T2D-5440",10,100)
N49X0.832Y-3.912
N50G03X0.054Y-0.079I0.122J0.026
N51G01X13.838Y-8.987
N52G03X5.31Y8.177I2.655J4.089
N53G01X-27.257Y17.701
N54G03X-5.31Y-8.177I-2.655J-4.089
N55G01X13.838Y-8.987
N56TC_LASER_OFF(1)
N57X27.371Y-20.586
N58TC_LASER_ON(1,"T2D-5440",10,100)
N59X-0.772Y1.828
N60G03X-0.083Y0.072I-0.115J-0.048
N61X-0.863Y-4.154I-0.547J-2.053
N62X0.397Y4.224I0.316J2.101
N63TC_LASER_OFF(1)
N64G01X6.506Y42.167
N65TC_LASER_ON(1,"T2D-5440",10,100)
N66X-0.849Y0.848
N67G03X-0.088Y0.037I-0.088J-0.088
N68G01X-2.875
N69G03X-0.5Y-0.5I0J-0.5
N70G01Y-8.75
N71G03X0.5Y-0.5I0.5J0
N72G01X5.25
N73G03X0.5Y0.5I0J0.5
N74G01Y8.75
N75G03X-0.5Y0.5I-0.5J0
N76G01X-2.875
N77TC_LASER_OFF(1)
N78X-29.496Y30.345
N79TC_LASER_ON(1,"T2D-5440",10,100)
N80X0.267
N81G03X0.033Y0.013I0J0.046
N82G01X3.429Y3.43
N83G03X-0.388Y0.388I-0.194J0.194
N84G01X-4.738Y-4.737
N85G03X0.389Y-0.389I0.194J-0.195
N86G01X1.662Y1.662
N87TC_LASER_OFF(1)
N88X-31.624Y-38.422
N89TC_LASER_ON(1,"T2D-5440",10,100)
N90X0.571Y2.781
N91G03X-0.024Y0.103I-0.122J0.025
N92X-4.505Y-3.88I-2.331J-1.849
N93X4.178Y4.23I2.174J2.031
N94TC_LASER_OFF(1)
N95G01X72.244Y67.305
N96TC_LASER_ON(1,"T2D-5440",10,100)
N97X1.3Y0.704
N98G03X0.065Y0.094I-0.059J0.109
N99X-3.238Y0.164I-1.613J0.198
N100X3.228Y0.299I1.625J0.034
N101TC_LASER_OFF(1)
N102G01X36.676Y0.621
N103TC_LASER_ON(1,"T2D-5440",10,100)
N104X0.188Y-0.189
N105G03X0.033Y-0.014I0.033J0.033
N106G01X4.85
N107G03Y0.55I0J0.275
N108G01X-6.7
N109G03Y-0.55I0J-0.275
N110G01X2.35
N111TC_LASER_OFF(1)
N112X40.55Y-1.606
N113TC_LASER_ON(1,"T2D-5440",10,100)
N114X1.449Y-0.295
N115G03X0.111Y0.031I0.025J0.122
N116X-2.377Y2.204I-1.11J1.187
N117X2.666Y-1.843I1.267J-1.017
N118TC_LASER_OFF(1)
N119G01X37.412Y-30.22
N120TC_LASER_ON(1,"T2D-5440",10,100)
N121Y-0.267
N122G03X0.014Y-0.033I0.047J0
N123G01X3.429Y-3.429
N124G03X0.389Y0.389I0.195J0.194
N125G01X-4.738Y4.737
N126G03X-0.388Y-0.388I-0.194J-0.194
N127G01X1.661Y-1.662
N128TC_LASER_OFF(1)
N129X-27.418Y-40.168
N130TC_LASER_ON(1,"T2D-5440",10,100)
N131X2.828Y2.829
N132G03X0.037Y0.088I-0.088J0.088
N133G01Y4.625
N134G03X-0.5Y0.5I-0.5J0
N135G01X-5.25
N136G03X-0.5Y-0.5I0J-0.5
N137G01Y-8.75
N138G03X0.5Y-0.5I0.5J0
N139G01X5.25
N140G03X0.5Y0.5I0J0.5
N141G01Y4.625
N142TC_LASER_OFF(1)
N143X57.563Y-3.035
N144TC_LASER_ON(1,"T2D-5440",10,100)
N145X2.077Y-1.935
N146G03X0.101Y-0.032I0.085J0.092
N147X-0.968Y5.865I-0.366J2.952
N148X1.437Y-5.768I0.602J-2.913
N149TC_LASER_OFF(1)
N150G01X4.708Y-23.416
N151TC_LASER_ON(1,"T2D-5440",10,100)
N152X-0.879Y-2.7
N153G03X0.013Y-0.105I0.119J-0.038
N154X4.911Y3.35I2.523J1.576
N155X-4.626Y-3.734I-2.388J-1.774
N156TC_LASER_OFF(1)
N157G01X-50.844Y-37.591
N158TC_LASER_ON(1,"T2D-5440",10,100)
N159X-0.707Y-0.02
N160G03X-0.111Y-0.074I0.004J-0.125
N161X1.663Y-0.501I0.8J-0.355
N162X-1.735Y0.074I-0.863J0.146
N163TC_LASER_OFF(1)
N164G01X-2.51Y0.521
N165TC_LASER_ON(1,"T2D-5440",10,100)
N166X-0.707Y-0.02
N167G03X-0.111Y-0.074I0.003J-0.125
N168X1.663Y-0.501I0.8J-0.355
N169X-1.735Y0.074I-0.863J0.146
N170TC_LASER_OFF(1)
N171G01X-2.521Y0.521
N172TC_LASER_ON(1,"T2D-5440",10,100)
N173X-0.706Y-0.036
N174G03X-0.109Y-0.077I0.007J-0.125
N175X1.674Y-0.462I0.808J-0.336
N176X-1.736Y0.034I-0.866J0.126
N177TC_LASER_OFF(1)
N178G01X-2.703Y0.507
N179TC_LASER_ON(1,"T2D-5440",10,100)
N180X-0.633Y-0.316
N181G03X-0.069Y-0.114I0.056J-0.111
N182X1.719Y0.246I0.875J0.015
N183X-1.605Y-0.663I-0.844J-0.231
N184TC_LASER_OFF(1)
N185G01X-2.702Y-0.578
N186TC_LASER_ON(1,"T2D-5440",10,100)
N187X-0.849Y0.848
N188G03X-0.088Y0.037I-0.088J-0.088
N189G01X-2.875
N190G03X-0.5Y-0.5I0J-0.5
N191G01Y-9
N192G02X-0.5Y-0.5I-0.5J0
N193G01X-99.75
N194G02X-0.5Y0.5I0J0.5
N195G01Y11
N196G03X-0.5Y0.5I-0.5J0
N197G01X-58.75
N198G03X-0.5Y-0.5I0J-0.5
N199G01Y-11
N200G02X-0.5Y-0.5I-0.5J0
N201G01X-14.95
N202G02X-0.5Y0.5I0J0.5
N203G01Y1.5
N204G03X-0.5Y0.5I-0.5J0
N205G01X-9.8
N206G02X-0.5Y0.5I0J0.5
N207G01Y12
N208G03X-0.5Y0.5I-0.5J0
N209G01X-8.5
N210G02X-0.5Y0.5I0J0.5
N211G01Y15.75
N212G02X0.5Y0.5I0.5J0
N213G01X9.7
N214G03X0.5Y0.5I0J0.5
N215G01Y11.5
N216G02X0.5Y0.5I0.5J0
N217G01X8.6
N218G03X0.5Y0.5I0J0.5
N219G01Y11.22
N220G02X0.146Y0.353I0.5J0
N221G01X6.908Y6.907
N222G03X0.146Y0.354I-0.354J0.354
N223G01Y28.886
N224G02X0.146Y0.353I0.5J0
N225G01X59.281Y59.281
N226G02X0.353Y0.146I0.353J-0.354
N227G01X23.22
N228G03X0.5Y0.5I0J0.5
N229G01Y8.5
N230G02X0.5Y0.5I0.5J0
N231G01X70.25
N232G02X0.5Y-0.5I0J-0.5
N233G01Y-8.5
N234G03X0.5Y-0.5I0.5J0
N235G01X23.22
N236G02X0.353Y-0.146I0J-0.5
N237G01X59.281Y-59.281
N238G02X0.146Y-0.353I-0.354J-0.353
N239G01Y-28.886
N240G03X0.146Y-0.354I0.5J0
N241G01X6.908Y-6.907
N242G02X0.146Y-0.353I-0.354J-0.353
N243G01Y-11.22
N244G03X0.5Y-0.5I0.5J0
N245G01X8.6
N246G02X0.5Y-0.5I0J-0.5
N247G01Y-11.5
N248G03X0.5Y-0.5I0.5J0
N249G01X9.7
N250G02X0.5Y-0.5I0J-0.5
N251G01Y-15.75
N252G02X-0.5Y-0.5I-0.5J0
N253G01X-8.5
N254G03X-0.5Y-0.5I0J-0.5
N255G01Y-12
N256G02X-0.5Y-0.5I-0.5J0
N257G01X-9.8
N258G03X-0.5Y-0.5I0J-0.5
N259G01Y-1.5
N260G02X-0.5Y-0.5I-0.5J0
N261G01X-49.45
N262G02X-0.5Y0.5I0J0.5
N263G01Y9
N264G03X-0.5Y0.5I-0.5J0
N265G01X-5.25
N266G03X-0.5Y-0.5I0J-0.5
N267G01Y-9
N268G02X-0.5Y-0.5I-0.5J0
N269G01X-12.25
N270G02X-0.5Y0.5I0J0.5
N271G01Y9
N272G03X-0.5Y0.5I-0.5J0
N273G01X-2.875
N274TC_LASER_OFF(1)
N275G01
N276G90
N277M17
N278M02
STOP_TEXT
C
DA,'00001110','HP',,
START_TEXT
N10MSG("PROGRAM NUMBER,00001110")
N11MSG("SHEET Al99 : 303.0 x 172.0 x 0.8")
N12MSG("MSG,PART #:DXFPUNC0 QTY 1")
N13G71
N14F100000
N15TC_POS_LEVEL(40.0)
N16TC_SHEET_TECH("SHT-1")
N17TC_SHEET_LOAD("SHL-1")
N18 ;GOTOF ENTRY_LASER
N19;ENTRY_LASER:
N20;(PART NUMBER: L100001110  DXFPUNC0 NUMBER:1)
N21G01X29.829Y52.87
N22L100001110
N23TC_LASER_OFF(2)
N24M30
STOP_TEXT
ENDE_PROGRAMM
ED


