BD
SET_METRIC
C
BEGIN_EINRICHTEPLAN_INFO
C
ZA,MM,27
MM,AT,1,   10, 1,1,,'Maschine'                          ,,'',T
MM,AT,1,   20, 1,1,,'Typ'                               ,,'',Z
MM,AT,1,   30, 1,1,,'Steuerung'                         ,,'',T
MM,AT,1,   40, 1,1,,'Variante'                          ,,'',Z
MM,AT,1,   50, 1,1,,'Firma'                             ,,'',T
MM,AT,1,   60, 1,1,,'Programmnummer'                    ,,'',T
MM,AT,1,   70, 1,1,,'Bearbeiter'                        ,,'',T
MM,AT,1,   80, 1,1,,'Datum'                             ,,'',T
MM,AT,1,   90, 1,1,,'Auftragsname'                      ,,'',T
MM,AT,1,  100, 1,1,,'Anzahl der Programmdurchlaeufe'    ,,'',Z
MM,AT,1,  110, 1,1,,'Tafelname'                         ,,'',T
MM,AT,1,  120, 1,1,,'Speicherbedarf'                    ,,'',Z
MM,AT,1,  130, 1,1,,'Material-ID'                       ,,'',T
MM,AT,1,  140, 1,1,,'Tafelgewicht'                      ,,'kg',Z
MM,AT,1,  160, 1,1,,'Bemerkung'                         ,,'',T
MM,AT,1,  170, 1,1,,'Flag Automatisiert'                ,,'Bool',Z
MM,AT,1,  180, 1,1,,'Flag ToPsxxx-Programm'             ,,'Bool',Z
MM,AT,1,  190, 1,1,,'Einrichteplanfilename'             ,,'',T
MM,AT,1,  200, 1,1,,'Lagergutbezeichnung'               ,,'',T
MM,AT,1,  210, 1,1,,'Palettierungsflag'                 ,,'Bool',Z
MM,AT,1,  220, 1,1,,'Palettierungmodus'                 ,,'',Z
MM,AT,1,  230, 1,1,,'Palette putzen'                    ,,'Bool',Z
MM,AT,1,  240, 1,1,,'Sauger putzen'                     ,,'Bool',Z
MM,AT,1,  250, 1,1,,'SystemPalletType'                  ,,'',T
MM,AT,1,  260, 1,1,,'Bearbeitungszeit PierceLine'       ,,'min',Z
MM,AT,1,  270, 1,1,,'Schneidl?ge'                      ,,'mm',Z
MM,AT,1,  280, 1,1,,'viewer name machine'               ,,'',T
C
ZA,DA,1
DA,'L20',11,'Sin 840D',1,'Trumpf','00001108','User','22.06.2022',
*  'TRUMPF',1,'',14074,
*  'Al99',,'  ',0,1,
*  '','',0,1,1,1,'',19.05,
*  83378.04,'TruLaser 3030 (L20)'
C
ENDE_EINRICHTEPLAN_INFO
C
BEGIN_SHEET_TECH
C
ZA,MM,14
MM,AT,1,  10,1,1,,'Tabellenidentifikator'                 ,,'',T
MM,AT,1,  20,1,1,,'Blechmass X'                           ,,'mm',Z
MM,AT,1,  30,1,1,,'Blechmass Y'                           ,,'mm',Z
MM,AT,1,  40,1,1,,'Blechmass Z'                           ,,'mm',Z
MM,AT,1, 200,1,1,,'TRUMPF-Kennung'                        ,,'',Z
MM,AT,1, 220,1,1,,'Blechmass X real'                      ,,'mm',Z
MM,AT,1, 230,1,1,,'Blechmass Y real'                      ,,'mm',Z
MM,AT,1, 240,1,1,,'Materialkennung'                       ,,'',T
MM,AT,1, 260,1,1,,'Werkstoffdichte'                       ,,'kg/dm3',Z
MM,AT,1, 280,1,1,,'Dynamikstufe'                          ,,'',Z
MM,AT,1, 290,1,1,,'Werkstoffkennung'                      ,,'',T
MM,AT,1, 370,1,1,,'AdvancedEvaporateSwitch'               ,,'',Z
MM,AT,1, 380,1,1,,'AdvancedEvaporateCircleRadius'         ,,'mm',Z
MM,AT,1, 390,1,1,,'Surface Optical Reflection Property'   ,,'',Z
C
ZA,DA,1
DA,'SHT-1',110.0,110.0,0.8,1,110.0,110.0,'Al99',2.7,
*  0.0,'Al99',0,0,0
C
ENDE_SHEET_TECH
C
BEGIN_MACHINE_LOAD_DATA
C
ZA,MM,9
MM,AT,1,10,1,1,,'Load Name',,'',T
MM,AT,1,50,1,1,,'Loading Type',,'',Z
MM,AT,1,60,1,1,,'Calibration Active',,'Bool',Z
MM,AT,1,100,1,1,,'Pallet Changer Type',,'',Z
MM,AT,1,110,1,1,,'Sheet Stop',,'',Z
MM,AT,1,120,1,1,,'Measure Sheet Position',,'',Z
MM,AT,1,130,1,1,,'Measuring Range X',,'mm',Z
MM,AT,1,140,1,1,,'Measuring Range Y',,'mm',Z
MM,AT,1,150,1,1,,'Measuring Corner',,'',Z
C
ZA,DA,1
DA,'SHL-1',5,1,1,1,1,50.0,50.0,1
C
ENDE_MACHINE_LOAD_DATA
C
BEGIN_LTT_CALLS
C
ZA,MM,1
MM,AT,1,10,1,1,,,,,T
C
ZA,DA,1
DA,'T2D-5440'
C
ENDE_LTT_CALLS
C
BEGIN_PROGRAMM
C
ZA,MM,4
MM,AT,1, 10,1,1,,,,,T
MM,AT,1, 20,1,1,,,,,T
MM,AT,1, 30,1,1,,,,,T
MM,AT,1, 40,1,1,,,,,Z
C
ZA,DA,2
DA,'L100001108','UP',,
START_TEXT
N10G91
N11G01X0.125Y-0.002
N12TC_POS_LEVEL(40.0)
N13TC_LASER_ON(1,"T2D-5440",10,100)
N14X-0.08Y-3.999
N15G03X0.036Y-0.091I0.125J-0.003
N16X35.353Y35.002I17.764J17.413
N17X-35.002Y-35.353I-17.589J-17.589
N18TC_LASER_OFF(1)
N19G01X-0.265Y35.442
N20TC_LASER_ON(1,"T2D-5440",10,100)
N21X-32.322Y32.322
N22TC_LASER_OFF(1)
N23X3.337Y-98.788
N24TC_LASER_ON(1,"T2D-5440",10,100)
N25X-0.089Y1.196
N26G03X-0.041Y0.084I-0.125J-0.009
N27G02X-3.332Y7.508I6.793J7.508
N28G01Y89.625
N29G02X0.5Y0.5I0.5J0
N30G01X89.625
N31G02X10.125Y-10.125I0J-10.125
N32G01Y-89.625
N33G02X-0.5Y-0.5I-0.5J0
N34G01X-89.625
N35G02X-7.159Y2.966I0J10.125
N36TC_LASER_OFF(1)
N37G01
N38G90
N39M17
N40M02
STOP_TEXT
C
DA,'00001108','HP',,
START_TEXT
N10MSG("PROGRAM NUMBER,00001108")
N11MSG("SHEET Al99 : 110.0 x 110.0 x 0.8")
N12MSG("MSG,PART #:Pieza_prueba_Maxwell QTY 1")
N13G71
N14F100000
N15TC_POS_LEVEL(40.0)
N16TC_SHEET_TECH("SHT-1")
N17TC_SHEET_LOAD("SHL-1")
N18 ;GOTOF ENTRY_LASER
N19;ENTRY_LASER:
N20;(PART NUMBER: L100001108  Pieza_prueba_Maxwell NUMBER:1)
N21G01X37.155Y41.679
N22L100001108
N23TC_LASER_OFF(2)
N24M30
STOP_TEXT
ENDE_PROGRAMM
ED


