BD
SET_METRIC
C
BEGIN_EINRICHTEPLAN_INFO
C
ZA,MM,27
MM,AT,1,   10, 1,1,,'Maschine'                          ,,'',T
MM,AT,1,   20, 1,1,,'Typ'                               ,,'',Z
MM,AT,1,   30, 1,1,,'Steuerung'                         ,,'',T
MM,AT,1,   40, 1,1,,'Variante'                          ,,'',Z
MM,AT,1,   50, 1,1,,'Firma'                             ,,'',T
MM,AT,1,   60, 1,1,,'Programmnummer'                    ,,'',T
MM,AT,1,   70, 1,1,,'Bearbeiter'                        ,,'',T
MM,AT,1,   80, 1,1,,'Datum'                             ,,'',T
MM,AT,1,   90, 1,1,,'Auftragsname'                      ,,'',T
MM,AT,1,  100, 1,1,,'Anzahl der Programmdurchlaeufe'    ,,'',Z
MM,AT,1,  110, 1,1,,'Tafelname'                         ,,'',T
MM,AT,1,  120, 1,1,,'Speicherbedarf'                    ,,'',Z
MM,AT,1,  130, 1,1,,'Material-ID'                       ,,'',T
MM,AT,1,  140, 1,1,,'Tafelgewicht'                      ,,'kg',Z
MM,AT,1,  160, 1,1,,'Bemerkung'                         ,,'',T
MM,AT,1,  170, 1,1,,'Flag Automatisiert'                ,,'Bool',Z
MM,AT,1,  180, 1,1,,'Flag ToPsxxx-Programm'             ,,'Bool',Z
MM,AT,1,  190, 1,1,,'Einrichteplanfilename'             ,,'',T
MM,AT,1,  200, 1,1,,'Lagergutbezeichnung'               ,,'',T
MM,AT,1,  210, 1,1,,'Palettierungsflag'                 ,,'Bool',Z
MM,AT,1,  220, 1,1,,'Palettierungmodus'                 ,,'',Z
MM,AT,1,  230, 1,1,,'Palette putzen'                    ,,'Bool',Z
MM,AT,1,  240, 1,1,,'Sauger putzen'                     ,,'Bool',Z
MM,AT,1,  250, 1,1,,'SystemPalletType'                  ,,'',T
MM,AT,1,  260, 1,1,,'Bearbeitungszeit PierceLine'       ,,'min',Z
MM,AT,1,  270, 1,1,,'Schneidl?ge'                      ,,'mm',Z
MM,AT,1,  280, 1,1,,'viewer name machine'               ,,'',T
C
ZA,DA,1
DA,'L20',11,'Sin 840D',1,'Trumpf','00001111','User','22.06.2022',
*  'TRUMPF',1,'',14074,
*  'Al99',,'  ',0,1,
*  '','',0,1,1,1,'',19.05,
*  83378.04,'TruLaser 3030 (L20)'
C
ENDE_EINRICHTEPLAN_INFO
C
BEGIN_SHEET_TECH
C
ZA,MM,14
MM,AT,1,  10,1,1,,'Tabellenidentifikator'                 ,,'',T
MM,AT,1,  20,1,1,,'Blechmass X'                           ,,'mm',Z
MM,AT,1,  30,1,1,,'Blechmass Y'                           ,,'mm',Z
MM,AT,1,  40,1,1,,'Blechmass Z'                           ,,'mm',Z
MM,AT,1, 200,1,1,,'TRUMPF-Kennung'                        ,,'',Z
MM,AT,1, 220,1,1,,'Blechmass X real'                      ,,'mm',Z
MM,AT,1, 230,1,1,,'Blechmass Y real'                      ,,'mm',Z
MM,AT,1, 240,1,1,,'Materialkennung'                       ,,'',T
MM,AT,1, 260,1,1,,'Werkstoffdichte'                       ,,'kg/dm3',Z
MM,AT,1, 280,1,1,,'Dynamikstufe'                          ,,'',Z
MM,AT,1, 290,1,1,,'Werkstoffkennung'                      ,,'',T
MM,AT,1, 370,1,1,,'AdvancedEvaporateSwitch'               ,,'',Z
MM,AT,1, 380,1,1,,'AdvancedEvaporateCircleRadius'         ,,'mm',Z
MM,AT,1, 390,1,1,,'Surface Optical Reflection Property'   ,,'',Z
C
ZA,DA,1
DA,'SHT-1',213.3,185.3,0.8,1,213.3,185.3,'Al99',2.7,
*  0.0,'Al99',0,0,0
C
ENDE_SHEET_TECH
C
BEGIN_MACHINE_LOAD_DATA
C
ZA,MM,9
MM,AT,1,10,1,1,,'Load Name',,'',T
MM,AT,1,50,1,1,,'Loading Type',,'',Z
MM,AT,1,60,1,1,,'Calibration Active',,'Bool',Z
MM,AT,1,100,1,1,,'Pallet Changer Type',,'',Z
MM,AT,1,110,1,1,,'Sheet Stop',,'',Z
MM,AT,1,120,1,1,,'Measure Sheet Position',,'',Z
MM,AT,1,130,1,1,,'Measuring Range X',,'mm',Z
MM,AT,1,140,1,1,,'Measuring Range Y',,'mm',Z
MM,AT,1,150,1,1,,'Measuring Corner',,'',Z
C
ZA,DA,1
DA,'SHL-1',5,1,1,1,1,50.0,50.0,1
C
ENDE_MACHINE_LOAD_DATA
C
BEGIN_LTT_CALLS
C
ZA,MM,1
MM,AT,1,10,1,1,,,,,T
C
ZA,DA,1
DA,'T2D-5440'
C
ENDE_LTT_CALLS
C
BEGIN_PROGRAMM
C
ZA,MM,4
MM,AT,1, 10,1,1,,,,,T
MM,AT,1, 20,1,1,,,,,T
MM,AT,1, 30,1,1,,,,,T
MM,AT,1, 40,1,1,,,,,Z
C
ZA,DA,2
DA,'L100001111','UP',,
START_TEXT
N10G91
N11G01X-0.031Y-0.121
N12TC_POS_LEVEL(40.0)
N13TC_LASER_ON(1,"T2D-5440",10,100)
N14X-3.872Y1.004
N15G03X-0.095Y-0.014I-0.031J-0.121
N16X-43.348Y-43.796I61.766J-104.484
N17X9.31Y-5.375I4.655J-2.688
N18G02X40.491Y40.491I95.804J-55.313
N19G03X-5.375Y9.31I-2.687J4.655
N20X-1.508Y-0.885I60.688J-105.114
N21TC_LASER_OFF(1)
N22G01X53.553Y32.528
N23TC_LASER_ON(1,"T2D-5440",10,100)
N24X2.976Y2.673
N25G03X0.042Y0.094I-0.083J0.093
N26X-8.742Y-0.29I-4.375J-0.024
N27X8.712Y0.775I4.367J0.266
N28TC_LASER_OFF(1)
N29G01X18.42Y0.803
N30TC_LASER_ON(1,"T2D-5440",10,100)
N31X-2.623Y3.02
N32G03X-0.093Y0.043I-0.094J-0.082
N33X0.144Y-8.745I-0.049J-4.375
N34X-0.629Y8.724I-0.193J4.37
N35TC_LASER_OFF(1)
N36G01X-0.555Y19.543
N37TC_LASER_ON(1,"T2D-5440",10,100)
N38X-3.297Y-2.265
N39G03X-0.053Y-0.087I0.071J-0.103
N40X8.705Y-0.847I4.341J-0.545
N41X-8.739Y0.362I-4.364J0.302
N42TC_LASER_OFF(1)
N43G01X-12.771Y1.046
N44TC_LASER_ON(1,"T2D-5440",10,100)
N45X-2.395Y3.204
N46G03X-0.09Y0.05I-0.1J-0.075
N47X-0.496Y-8.733I-0.369J-4.36
N48X0.011Y8.747I0.127J4.373
N49TC_LASER_OFF(1)
N50G01X0.992Y28.193
N51TC_LASER_ON(1,"T2D-5440",10,100)
N52X3.383Y2.134
N53G03X0.057Y0.086I-0.066J0.106
N54X-8.666Y1.186I-4.316J0.713
N55X8.719Y-0.703I4.35J-0.473
N56TC_LASER_OFF(1)
N57G01X13.154Y-1.569
N58TC_LASER_ON(1,"T2D-5440",10,100)
N59X3.135Y-2.484
N60G03X0.099Y-0.026I0.078J0.098
N61X-1.753Y8.569I-0.757J4.309
N62X2.227Y-8.458I0.996J-4.26
N63TC_LASER_OFF(1)
N64G01X19.141Y-82.419
N65TC_LASER_ON(1,"T2D-5440",10,100)
N66X1.886Y-3.527
N67G03X0.074Y-0.061I0.111J0.058
N68G02X22.98Y-9.991I-32.332J-105.795
N69G03X5.375Y9.31I2.688J4.655
N70X-60.687Y16.261I-60.687J-105.114
N71Y-10.75I0J-5.375
N72G02X32.81Y-4.977I0J-110.625
N73TC_LASER_OFF(1)
N74G01X-5.496Y-16.699
N75TC_LASER_ON(1,"T2D-5440",10,100)
N76X-1.974Y3.479
N77G03X-0.076Y0.059I-0.109J-0.062
N78X-113.493Y-54.967I-25.264J-92.487
N79G02X-4.438Y-1.483I-2.876J1.223
N80G01X-29.608Y17.093
N81G02X-1.273Y4.019I1.563J2.707
N82X88.644Y74.425I123.548J-57.149
N83G03X14.779Y19.211I-5.096J19.211
N84G01Y57.215
N85G02X3.125Y3.125I3.125J0
N86G01X34
N87G02X3.125Y-3.125I0J-3.125
N88G01Y-57.215
N89G03X14.778Y-19.211I19.875J0
N90G02X43.518Y-20.308I-34.903J-131.574
N91X0.906Y-4.117I-1.8J-2.554
N92G01X-17.094Y-29.607
N93G02X-4.585Y-0.934I-2.706J1.563
N94G03X-32.866Y16.009I-57.648J-76.608
N95TC_LASER_OFF(1)
N96G01
N97G90
N98M17
N99M02
STOP_TEXT
C
DA,'00001111','HP',,
START_TEXT
N10MSG("PROGRAM NUMBER,00001111")
N11MSG("SHEET Al99 : 213.3 x 185.3 x 0.8")
N12MSG("MSG,PART #:DXFPAR0105 QTY 1")
N13G71
N14F100000
N15TC_POS_LEVEL(40.0)
N16TC_SHEET_TECH("SHT-1")
N17TC_SHEET_LOAD("SHL-1")
N18 ;GOTOF ENTRY_LASER
N19;ENTRY_LASER:
N20;(PART NUMBER: L100001111  DXFPAR0105 NUMBER:1)
N21G01X70.944Y72.872
N22L100001111
N23TC_LASER_OFF(2)
N24M30
STOP_TEXT
ENDE_PROGRAMM
ED


