BD
SET_METRIC
C
BEGIN_EINRICHTEPLAN_INFO
C
ZA,MM,27
MM,AT,1,   10, 1,1,,'Maschine'                          ,,'',T
MM,AT,1,   20, 1,1,,'Typ'                               ,,'',Z
MM,AT,1,   30, 1,1,,'Steuerung'                         ,,'',T
MM,AT,1,   40, 1,1,,'Variante'                          ,,'',Z
MM,AT,1,   50, 1,1,,'Firma'                             ,,'',T
MM,AT,1,   60, 1,1,,'Programmnummer'                    ,,'',T
MM,AT,1,   70, 1,1,,'Bearbeiter'                        ,,'',T
MM,AT,1,   80, 1,1,,'Datum'                             ,,'',T
MM,AT,1,   90, 1,1,,'Auftragsname'                      ,,'',T
MM,AT,1,  100, 1,1,,'Anzahl der Programmdurchlaeufe'    ,,'',Z
MM,AT,1,  110, 1,1,,'Tafelname'                         ,,'',T
MM,AT,1,  120, 1,1,,'Speicherbedarf'                    ,,'',Z
MM,AT,1,  130, 1,1,,'Material-ID'                       ,,'',T
MM,AT,1,  140, 1,1,,'Tafelgewicht'                      ,,'kg',Z
MM,AT,1,  160, 1,1,,'Bemerkung'                         ,,'',T
MM,AT,1,  170, 1,1,,'Flag Automatisiert'                ,,'Bool',Z
MM,AT,1,  180, 1,1,,'Flag ToPsxxx-Programm'             ,,'Bool',Z
MM,AT,1,  190, 1,1,,'Einrichteplanfilename'             ,,'',T
MM,AT,1,  200, 1,1,,'Lagergutbezeichnung'               ,,'',T
MM,AT,1,  210, 1,1,,'Palettierungsflag'                 ,,'Bool',Z
MM,AT,1,  220, 1,1,,'Palettierungmodus'                 ,,'',Z
MM,AT,1,  230, 1,1,,'Palette putzen'                    ,,'Bool',Z
MM,AT,1,  240, 1,1,,'Sauger putzen'                     ,,'Bool',Z
MM,AT,1,  250, 1,1,,'SystemPalletType'                  ,,'',T
MM,AT,1,  260, 1,1,,'Bearbeitungszeit PierceLine'       ,,'min',Z
MM,AT,1,  270, 1,1,,'Schneidl?ge'                      ,,'mm',Z
MM,AT,1,  280, 1,1,,'viewer name machine'               ,,'',T
C
ZA,DA,1
DA,'L20',11,'Sin 840D',1,'Trumpf','2212','User','22.06.2022',
*  'TRUMPF',1,'',14074,
*  'Al99',,'  ',0,1,
*  '','',0,1,1,1,'',19.05,
*  83378.04,'TruLaser 3030 (L20)'
C
ENDE_EINRICHTEPLAN_INFO
C
BEGIN_SHEET_TECH
C
ZA,MM,14
MM,AT,1,  10,1,1,,'Tabellenidentifikator'                 ,,'',T
MM,AT,1,  20,1,1,,'Blechmass X'                           ,,'mm',Z
MM,AT,1,  30,1,1,,'Blechmass Y'                           ,,'mm',Z
MM,AT,1,  40,1,1,,'Blechmass Z'                           ,,'mm',Z
MM,AT,1, 200,1,1,,'TRUMPF-Kennung'                        ,,'',Z
MM,AT,1, 220,1,1,,'Blechmass X real'                      ,,'mm',Z
MM,AT,1, 230,1,1,,'Blechmass Y real'                      ,,'mm',Z
MM,AT,1, 240,1,1,,'Materialkennung'                       ,,'',T
MM,AT,1, 260,1,1,,'Werkstoffdichte'                       ,,'kg/dm3',Z
MM,AT,1, 280,1,1,,'Dynamikstufe'                          ,,'',Z
MM,AT,1, 290,1,1,,'Werkstoffkennung'                      ,,'',T
MM,AT,1, 370,1,1,,'AdvancedEvaporateSwitch'               ,,'',Z
MM,AT,1, 380,1,1,,'AdvancedEvaporateCircleRadius'         ,,'mm',Z
MM,AT,1, 390,1,1,,'Surface Optical Reflection Property'   ,,'',Z
C
ZA,DA,1
DA,'SHT-1',224.9,347.0,0.8,1,224.9,347.0,'Al99',2.7,
*  0.0,'Al99',0,0,0
C
ENDE_SHEET_TECH
C
BEGIN_MACHINE_LOAD_DATA
C
ZA,MM,9
MM,AT,1,10,1,1,,'Load Name',,'',T
MM,AT,1,50,1,1,,'Loading Type',,'',Z
MM,AT,1,60,1,1,,'Calibration Active',,'Bool',Z
MM,AT,1,100,1,1,,'Pallet Changer Type',,'',Z
MM,AT,1,110,1,1,,'Sheet Stop',,'',Z
MM,AT,1,120,1,1,,'Measure Sheet Position',,'',Z
MM,AT,1,130,1,1,,'Measuring Range X',,'mm',Z
MM,AT,1,140,1,1,,'Measuring Range Y',,'mm',Z
MM,AT,1,150,1,1,,'Measuring Corner',,'',Z
C
ZA,DA,1
DA,'SHL-1',6,1,1,1,1,50.0,50.0,1
C
ENDE_MACHINE_LOAD_DATA
C
BEGIN_SHEET_LOAD_DATA
C
ZA,MM,15
MM,AT,1,10,1,1,,'Load Name',,,T
MM,AT,1,30,1,1,,'Double Sheet Detection Active',,'Bool',Z
MM,AT,1,60,1,1,,'Sheet Alignment Active',,'Bool',Z
MM,AT,1,80,1,1,,'Peeling Type',,,Z
MM,AT,1,110,1,1,,'Suction Cup Configuration 1',,,T
MM,AT,1,120,1,1,,'Suction Cup Configuration 2',,,T
MM,AT,1,130,1,1,,'Suction Cup Configuration 3',,,T
MM,AT,1,140,1,1,,'Suction Cup Configuration 4',,,T
MM,AT,1,230,1,1,,'Loading Type',,,Z
MM,AT,1,240,1,1,,'TransportMode',,,Z
MM,AT,1,260,1,1,,'Suction Cup Group 1',,,Z
MM,AT,1,270,1,1,,'Suction Cup Group 2',,,Z
MM,AT,1,280,1,1,,'Suction Cup Group 3',,,Z
MM,AT,1,290,1,1,,'Suction Cup Group 4',,,Z
MM,AT,1,300,1,1,,'Suction Cup Selection Type',,,Z
C
ZA,DA,1
DA,'SHL-1',1,0,1,'00000000','00000000','00000000','00000000',5,0,0,0,0,0,0
C
ENDE_SHEET_LOAD_DATA
C
BEGIN_LTT_CALLS
C
ZA,MM,1
MM,AT,1,10,1,1,,,,,T
C
ZA,DA,1
DA,'CO060MD0-O2S0-30-2'
C
ENDE_LTT_CALLS
C
BEGIN_PROGRAMM
C
ZA,MM,4
MM,AT,1, 10,1,1,,,,,T
MM,AT,1, 20,1,1,,,,,T
MM,AT,1, 30,1,1,,,,,T
MM,AT,1, 40,1,1,,,,,Z
C
ZA,DA,2
DA,'L12212','UP',,
START_TEXT
N10G91
N11G01X0.048Y-0.077
N12TC_POS_LEVEL(40.0)
N13TC_LASER_ON(1,"CO060MD0-O2S0-30-2",10,100)
N14X3.32Y2.066
N15G03X20.479Y-24.837I103.615J64.575
N16X0.744Y0.072I0.34J0.366
N17G02X12.287Y-9.934I6.392J-4.66
N18G03X0.086Y-0.743I0.373J-0.334
N19X67.674Y-22.051I70.019J100.017
N20X0.507Y0.548I0.01J0.5
N21G02X31.599Y3.686I15.838J1.52
N22G03X0.62Y-0.416I0.496J0.068
N23X57.741Y33.748I-30.381J118.25
N24TC_LASER_ON(6,"CO060MD0-O2S0-30-2",0,100)
N25X20.033Y27.86I-88.122J84.502
N26X-0.033Y0.518I-0.443J0.232
N27TC_LASER_ON(5,"CO060MD0-O2S0-30-2",0,100)
N28X-0.41Y0.214I-0.41J-0.286
N29G01X-15.122
N30G02X-0.5Y0.5I0J0.5
N31G01Y6.691
N32G03X-0.854Y0.353I-0.5J0
N33G01X-7.936Y-7.935
N34G02X-15.198Y5.835I-6.3J6.301
N35G01X-0.263Y5.081
N36G03X-0.499Y0.475I-0.499J-0.025
N37G01X-10.508
N38G03X-0.496Y-0.44I0J-0.5
N39G01X-1.362Y-11.121
N40G02X-0.496Y-0.439I-0.496J0.061
N41G01X-8.956
N42G02X-0.497Y0.439I0J0.5
N43G01X-1.362Y11.121
N44G03X-0.496Y0.44I-0.496J-0.06
N45G01X-9.995
N46G03X-0.357Y-0.151I0J-0.5
N47G01X-17.506Y-17.939
N48G02X-0.242Y-0.137I-0.358J0.349
N49X-45.903Y6.019I-15.067J63.136
N50G01X-41.03Y22.148
N51G03X-0.238Y0.06I-0.238J-0.44
N52G01X-11.486
N53G03X-0.5Y-0.5I0J-0.5
N54G01Y-3
N55G02X-0.5Y-0.5I-0.5J0
N56G01X-20.82
N57G02X-0.5Y0.5I0J0.5
N58G01Y3
N59G03X-0.5Y0.5I-0.5J0
N60G01X-9.91
N61G03X-0.41Y-0.214I0J-0.5
N62TC_LASER_ON(6,"CO060MD0-O2S0-30-2",0,100)
N63X-0.068Y-0.432I0.41J-0.286
N64X0.068Y-0.223I116.798J35.556
N65TC_LASER_ON(5,"CO060MD0-O2S0-30-2",0,100)
N66X13.332Y-29.144I116.73J35.779
N67TC_LASER_OFF(1)
N68G01
N69G90
N70M17
N71M02
STOP_TEXT
C
DA,'2212','HP',,
START_TEXT
N10MSG("PROGRAM NUMBER,2212")
N11MSG("SHEET Al99 : 224.9 x 347.0 x 0.8")
N12MSG("MSG,PART #:DXFPART7 QTY 1")
N13G71
N14F282000
N15TC_POS_LEVEL(40.0)
N16TC_SHEET_TECH("SHT-1")
N17TC_SHEET_LOAD("SHL-1")
N18 ;GOTOF ENTRY_LASER
N19;ENTRY_LASER:
N20;(PART NUMBER: L12212  DXFPART7 NUMBER:1)
N21G01X9.747Y65.414
N22L12212
N23TC_LASER_OFF(2)
N24M30
STOP_TEXT
ENDE_PROGRAMM
ED


