BD
SET_METRIC
C
BEGIN_EINRICHTEPLAN_INFO
C
ZA,MM,27
MM,AT,1,   10, 1,1,,'Maschine'                          ,,'',T
MM,AT,1,   20, 1,1,,'Typ'                               ,,'',Z
MM,AT,1,   30, 1,1,,'Steuerung'                         ,,'',T
MM,AT,1,   40, 1,1,,'Variante'                          ,,'',Z
MM,AT,1,   50, 1,1,,'Firma'                             ,,'',T
MM,AT,1,   60, 1,1,,'Programmnummer'                    ,,'',T
MM,AT,1,   70, 1,1,,'Bearbeiter'                        ,,'',T
MM,AT,1,   80, 1,1,,'Datum'                             ,,'',T
MM,AT,1,   90, 1,1,,'Auftragsname'                      ,,'',T
MM,AT,1,  100, 1,1,,'Anzahl der Programmdurchlaeufe'    ,,'',Z
MM,AT,1,  110, 1,1,,'Tafelname'                         ,,'',T
MM,AT,1,  120, 1,1,,'Speicherbedarf'                    ,,'',Z
MM,AT,1,  130, 1,1,,'Material-ID'                       ,,'',T
MM,AT,1,  140, 1,1,,'Tafelgewicht'                      ,,'kg',Z
MM,AT,1,  160, 1,1,,'Bemerkung'                         ,,'',T
MM,AT,1,  170, 1,1,,'Flag Automatisiert'                ,,'Bool',Z
MM,AT,1,  180, 1,1,,'Flag ToPsxxx-Programm'             ,,'Bool',Z
MM,AT,1,  190, 1,1,,'Einrichteplanfilename'             ,,'',T
MM,AT,1,  200, 1,1,,'Lagergutbezeichnung'               ,,'',T
MM,AT,1,  210, 1,1,,'Palettierungsflag'                 ,,'Bool',Z
MM,AT,1,  220, 1,1,,'Palettierungmodus'                 ,,'',Z
MM,AT,1,  230, 1,1,,'Palette putzen'                    ,,'Bool',Z
MM,AT,1,  240, 1,1,,'Sauger putzen'                     ,,'Bool',Z
MM,AT,1,  250, 1,1,,'SystemPalletType'                  ,,'',T
MM,AT,1,  260, 1,1,,'Bearbeitungszeit PierceLine'       ,,'min',Z
MM,AT,1,  270, 1,1,,'Schneidl?ge'                      ,,'mm',Z
MM,AT,1,  280, 1,1,,'viewer name machine'               ,,'',T
C
ZA,DA,1
DA,'L20',11,'Sin 840D',1,'Trumpf','2213','User','22.06.2022',
*  'TRUMPF',1,'',14074,
*  'Al99',,'  ',0,1,
*  '','',0,1,1,1,'',19.05,
*  83378.04,'TruLaser 3030 (L20)'
C
ENDE_EINRICHTEPLAN_INFO
C
BEGIN_SHEET_TECH
C
ZA,MM,14
MM,AT,1,  10,1,1,,'Tabellenidentifikator'                 ,,'',T
MM,AT,1,  20,1,1,,'Blechmass X'                           ,,'mm',Z
MM,AT,1,  30,1,1,,'Blechmass Y'                           ,,'mm',Z
MM,AT,1,  40,1,1,,'Blechmass Z'                           ,,'mm',Z
MM,AT,1, 200,1,1,,'TRUMPF-Kennung'                        ,,'',Z
MM,AT,1, 220,1,1,,'Blechmass X real'                      ,,'mm',Z
MM,AT,1, 230,1,1,,'Blechmass Y real'                      ,,'mm',Z
MM,AT,1, 240,1,1,,'Materialkennung'                       ,,'',T
MM,AT,1, 260,1,1,,'Werkstoffdichte'                       ,,'kg/dm3',Z
MM,AT,1, 280,1,1,,'Dynamikstufe'                          ,,'',Z
MM,AT,1, 290,1,1,,'Werkstoffkennung'                      ,,'',T
MM,AT,1, 370,1,1,,'AdvancedEvaporateSwitch'               ,,'',Z
MM,AT,1, 380,1,1,,'AdvancedEvaporateCircleRadius'         ,,'mm',Z
MM,AT,1, 390,1,1,,'Surface Optical Reflection Property'   ,,'',Z
C
ZA,DA,1
DA,'SHT-1',293.0,422.0,0.8,1,293.0,422.0,'Al99',2.7,
*  0.0,'Al99',0,0,0
C
ENDE_SHEET_TECH
C
BEGIN_MACHINE_LOAD_DATA
C
ZA,MM,9
MM,AT,1,10,1,1,,'Load Name',,'',T
MM,AT,1,50,1,1,,'Loading Type',,'',Z
MM,AT,1,60,1,1,,'Calibration Active',,'Bool',Z
MM,AT,1,100,1,1,,'Pallet Changer Type',,'',Z
MM,AT,1,110,1,1,,'Sheet Stop',,'',Z
MM,AT,1,120,1,1,,'Measure Sheet Position',,'',Z
MM,AT,1,130,1,1,,'Measuring Range X',,'mm',Z
MM,AT,1,140,1,1,,'Measuring Range Y',,'mm',Z
MM,AT,1,150,1,1,,'Measuring Corner',,'',Z
C
ZA,DA,1
DA,'SHL-1',6,1,1,1,1,50.0,50.0,1
C
ENDE_MACHINE_LOAD_DATA
C
BEGIN_SHEET_LOAD_DATA
C
ZA,MM,15
MM,AT,1,10,1,1,,'Load Name',,,T
MM,AT,1,30,1,1,,'Double Sheet Detection Active',,'Bool',Z
MM,AT,1,60,1,1,,'Sheet Alignment Active',,'Bool',Z
MM,AT,1,80,1,1,,'Peeling Type',,,Z
MM,AT,1,110,1,1,,'Suction Cup Configuration 1',,,T
MM,AT,1,120,1,1,,'Suction Cup Configuration 2',,,T
MM,AT,1,130,1,1,,'Suction Cup Configuration 3',,,T
MM,AT,1,140,1,1,,'Suction Cup Configuration 4',,,T
MM,AT,1,230,1,1,,'Loading Type',,,Z
MM,AT,1,240,1,1,,'TransportMode',,,Z
MM,AT,1,260,1,1,,'Suction Cup Group 1',,,Z
MM,AT,1,270,1,1,,'Suction Cup Group 2',,,Z
MM,AT,1,280,1,1,,'Suction Cup Group 3',,,Z
MM,AT,1,290,1,1,,'Suction Cup Group 4',,,Z
MM,AT,1,300,1,1,,'Suction Cup Selection Type',,,Z
C
ZA,DA,1
DA,'SHL-1',1,0,1,'00000000','00000000','00000000','00000000',5,0,0,0,0,0,0
C
ENDE_SHEET_LOAD_DATA
C
BEGIN_LTT_CALLS
C
ZA,MM,1
MM,AT,1,10,1,1,,,,,T
C
ZA,DA,1
DA,'CO060MD0-O2S0-30-2'
C
ENDE_LTT_CALLS
C
BEGIN_PROGRAMM
C
ZA,MM,4
MM,AT,1, 10,1,1,,,,,T
MM,AT,1, 20,1,1,,,,,T
MM,AT,1, 30,1,1,,,,,T
MM,AT,1, 40,1,1,,,,,Z
C
ZA,DA,2
DA,'L12213','UP',,
START_TEXT
N10G91
N11G01X-0.007Y-0.09
N12TC_POS_LEVEL(40.0)
N13TC_LASER_ON(1,"CO060MD0-O2S0-30-2",10,100)
N14X-2.999Y0.243
N15G03X6.016Y-0.153I3.006J-0.153
N16X-6.01Y-0.242I-3.01J0
N17TC_LASER_OFF(1)
N18G01X20.29Y-10.847
N19TC_LASER_ON(1,"CO060MD0-O2S0-30-2",10,100)
N20X-2.145Y0.239
N21G03X4.315Y-0.15I2.155J-0.15
N22X-4.307Y-0.24I-2.16J0
N23TC_LASER_OFF(1)
N24G01X8.509Y20.722
N25TC_LASER_ON(1,"CO060MD0-O2S0-30-2",10,100)
N26X-2.145Y0.239
N27G03X4.315Y-0.15I2.155J-0.15
N28X-4.307Y-0.239I-2.16J0
N29TC_LASER_OFF(1)
N30G01X12.197Y-6.385
N31TC_LASER_ON(1,"CO060MD0-O2S0-30-2",10,100)
N32X-1.489Y0.234
N33G03X3.013Y-0.145I1.503J-0.145
N34X-3.002Y-0.235I-1.51J0
N35TC_LASER_OFF(1)
N36G01X11.546Y-6.39
N37TC_LASER_ON(1,"CO060MD0-O2S0-30-2",10,100)
N38X-2.145Y0.239
N39G03X4.315Y-0.15I2.155J-0.15
N40X-4.307Y-0.24I-2.16J0
N41TC_LASER_OFF(1)
N42G01X-1.555Y16.953
N43TC_LASER_ON(1,"CO060MD0-O2S0-30-2",10,100)
N44X-2.13Y-3.28
N45X13.763Y-8.937
N46G03X5.348Y8.236I2.674J4.118
N47G01X-27.257Y17.7
N48G03X-5.348Y-8.235I-2.674J-4.118
N49G01X13.838Y-8.987
N50TC_LASER_OFF(1)
N51X25.978Y-20.799
N52TC_LASER_ON(1,"CO060MD0-O2S0-30-2",10,100)
N53X-2.145Y0.239
N54G03X4.315Y-0.15I2.155J-0.15
N55X-4.307Y-0.24I-2.16J0
N56TC_LASER_OFF(1)
N57G01X8.297Y40.38
N58TC_LASER_ON(1,"CO060MD0-O2S0-30-2",10,100)
N59X-3.91
N60Y4.57
N61G02X0.5Y0.5I0.5J0
N62G01X5.32
N63G02X0.5Y-0.5I0J-0.5
N64G01Y-8.82
N65G02X-0.5Y-0.5I-0.5J0
N66G01X-5.32
N67G02X-0.5Y0.5I0J0.5
N68G01Y4.66
N69TC_LASER_OFF(1)
N70X-25.307Y36.351
N71TC_LASER_ON(1,"CO060MD0-O2S0-30-2",10,100)
N72X-0.219Y0.22
N73X-2.482Y-2.482
N74G03X0.439Y-0.439I0.219J-0.22
N75G01X4.737Y4.738
N76G03X-0.438Y0.438I-0.219J0.219
N77G01X-2.546Y-2.545
N78TC_LASER_OFF(1)
N79X-33.531Y-38.421
N80TC_LASER_ON(1,"CO060MD0-O2S0-30-2",10,100)
N81X-2.999Y0.243
N82G03X6.016Y-0.153I3.006J-0.153
N83X-6.01Y-0.242I-3.01J0
N84TC_LASER_OFF(1)
N85G01X76.987Y70.653
N86TC_LASER_ON(1,"CO060MD0-O2S0-30-2",10,100)
N87X-1.64Y0.236
N88G03X3.313Y-0.147I1.653J-0.147
N89X-3.303Y-0.236I-1.66J0
N90TC_LASER_OFF(1)
N91G01X41.803Y1.194
N92TC_LASER_ON(1,"CO060MD0-O2S0-30-2",10,100)
N93Y-0.31
N94X-3.51
N95G02Y0.62I0J0.31
N96G01X6.7
N97G02Y-0.62I0J-0.31
N98G01X-3.6
N99TC_LASER_OFF(1)
N100X40.237Y-0.737
N101TC_LASER_ON(1,"CO060MD0-O2S0-30-2",10,100)
N102X-1.64Y0.236
N103G03X3.313Y-0.147I1.653J-0.147
N104X-3.303Y-0.236I-1.66J0
N105TC_LASER_OFF(1)
N106G01X41.836Y-32.089
N107TC_LASER_ON(1,"CO060MD0-O2S0-30-2",10,100)
N108X-0.219Y-0.219
N109X-2.482Y2.482
N110G02X0.438Y0.438I0.219J0.219
N111G01X4.738Y-4.737
N112G02X-0.439Y-0.439I-0.219J-0.22
N113G01X-2.545Y2.546
N114TC_LASER_OFF(1)
N115X-27.434Y-36.606
N116TC_LASER_ON(1,"CO060MD0-O2S0-30-2",10,100)
N117X-3.91
N118Y4.57
N119G02X0.5Y0.5I0.5J0
N120G01X5.32
N121G02X0.5Y-0.5I0J-0.5
N122G01Y-8.82
N123G02X-0.5Y-0.5I-0.5J0
N124G01X-5.32
N125G02X-0.5Y0.5I0J0.5
N126G01Y4.66
N127TC_LASER_OFF(1)
N128X65.653Y-2.14
N129TC_LASER_ON(1,"CO060MD0-O2S0-30-2",10,100)
N130X-2.999Y0.243
N131G03X6.016Y-0.153I3.006J-0.153
N132X-6.01Y-0.242I-3.01J0
N133TC_LASER_OFF(1)
N134G01X10.193Y-27.348
N135TC_LASER_ON(1,"CO060MD0-O2S0-30-2",10,100)
N136X-2.999Y0.243
N137G03X6.016Y-0.153I3.006J-0.153
N138X-6.01Y-0.242I-3.01J0
N139TC_LASER_OFF(1)
N140G01X-50.122Y-39.845
N141TC_LASER_ON(1,"CO060MD0-O2S0-30-2",10,100)
N142X-0.878Y0.224
N143G03X1.81Y-0.137I0.9J-0.137
N144X-1.792Y-0.225I-0.91J0
N145TC_LASER_OFF(1)
N146G01X-2.54Y0.138
N147TC_LASER_ON(1,"CO060MD0-O2S0-30-2",10,100)
N148X-0.878Y0.224
N149G03X1.81Y-0.137I0.9J-0.137
N150X-1.792Y-0.225I-0.91J0
N151TC_LASER_OFF(1)
N152G01X-2.54Y0.138
N153TC_LASER_ON(1,"CO060MD0-O2S0-30-2",10,100)
N154X-0.878Y0.224
N155G03X1.81Y-0.137I0.9J-0.137
N156X-1.792Y-0.225I-0.91J0
N157TC_LASER_OFF(1)
N158G01X-2.54Y0.138
N159TC_LASER_ON(1,"CO060MD0-O2S0-30-2",10,100)
N160X-0.878Y0.224
N161G03X1.81Y-0.137I0.9J-0.137
N162X-1.792Y-0.225I-0.91J0
N163TC_LASER_OFF(1)
N164G01X89.572Y6.135
N165X-0.146Y-0.354
N166TC_SHEET_THICK()
N167X0.146Y0.354
N168TC_LASER_ON(6,"CO060MD0-O2S0-30-2",0,100)
N169G02X-0.09Y-0.286I-0.5J0
N170TC_LASER_ON(5,"CO060MD0-O2S0-30-2",0,100)
N171X-0.41Y-0.214I-0.41J0.286
N172G01X-8.5
N173G03X-0.5Y-0.5I0J-0.5
N174G01Y-12
N175G02X-0.5Y-0.5I-0.5J0
N176G01X-9.8
N177G03X-0.5Y-0.5I0J-0.5
N178G01Y-1.5
N179G02X-0.5Y-0.5I-0.5J0
N180G01X-49.38
N181G02X-0.5Y0.5I0J0.5
N182G01Y9
N183G03X-0.5Y0.5I-0.5J0
N184G01X-5.32
N185G03X-0.5Y-0.5I0J-0.5
N186G01Y-9
N187G02X-0.5Y-0.5I-0.5J0
N188G01X-12.18
N189G02X-0.5Y0.5I0J0.5
N190G01Y9
N191G03X-0.5Y0.5I-0.5J0
N192G01X-5.32
N193G03X-0.5Y-0.5I0J-0.5
N194G01Y-9
N195G02X-0.5Y-0.5I-0.5J0
N196G01X-99.68
N197G02X-0.5Y0.5I0J0.5
N198G01Y11
N199G03X-0.5Y0.5I-0.5J0
N200G01X-58.82
N201G03X-0.5Y-0.5I0J-0.5
N202G01Y-11
N203G02X-0.5Y-0.5I-0.5J0
N204G01X-14.88
N205G02X-0.5Y0.5I0J0.5
N206G01Y1.5
N207G03X-0.5Y0.5I-0.5J0
N208G01X-9.8
N209G02X-0.5Y0.5I0J0.5
N210G01Y12
N211G03X-0.5Y0.5I-0.5J0
N212G01X-8.5
N213G02X-0.41Y0.214I0J0.5
N214TC_LASER_ON(6,"CO060MD0-O2S0-30-2",0,100)
N215X-0.09Y0.286I0.41J0.286
N216TC_LASER_OFF(1)
N217G01Y15.68
N218X0.146Y0.354
N219TC_SHEET_THICK()
N220X-0.146Y-0.354
N221TC_LASER_ON(6,"CO060MD0-O2S0-30-2",0,100)
N222G02X0.09Y0.286I0.5J0
N223TC_LASER_ON(5,"CO060MD0-O2S0-30-2",0,100)
N224X0.41Y0.214I0.41J-0.286
N225G01X9.7
N226G03X0.5Y0.5I0J0.5
N227G01Y11.5
N228G02X0.5Y0.5I0.5J0
N229G01X8.6
N230G03X0.5Y0.5I0J0.5
N231G01Y11.24
N232G02X0.146Y0.354I0.5J0
N233G01X6.908Y6.907
N234G03X0.146Y0.353I-0.354J0.353
N235G01Y28.886
N236G02X0.146Y0.354I0.5J0
N237G01X59.26Y59.26
N238G02X0.354Y0.146I0.354J-0.354
N239G01X23.24
N240G03X0.5Y0.5I0J0.5
N241G01Y8.5
N242G02X0.5Y0.5I0.5J0
N243G01X70.18
N244G02X0.5Y-0.5I0J-0.5
N245G01Y-8.5
N246G03X0.5Y-0.5I0.5J0
N247G01X23.24
N248G02X0.354Y-0.146I0J-0.5
N249G01X59.26Y-59.26
N250G02X0.146Y-0.354I-0.354J-0.354
N251G01Y-28.886
N252G03X0.146Y-0.353I0.5J0
N253G01X6.908Y-6.907
N254G02X0.146Y-0.354I-0.354J-0.354
N255G01Y-11.24
N256G03X0.5Y-0.5I0.5J0
N257G01X8.6
N258G02X0.5Y-0.5I0J-0.5
N259G01Y-11.5
N260G03X0.5Y-0.5I0.5J0
N261G01X9.7
N262G02X0.41Y-0.214I0J-0.5
N263TC_LASER_ON(6,"CO060MD0-O2S0-30-2",0,100)
N264X0.09Y-0.286I-0.41J-0.286
N265TC_LASER_OFF(1)
N266G01
N267G90
N268M17
N269M02
STOP_TEXT
C
DA,'2213','HP',,
START_TEXT
N10MSG("PROGRAM NUMBER,2213")
N11MSG("SHEET Al99 : 293.0 x 422.0 x 0.8")
N12MSG("MSG,PART #:DXFPUNC0 QTY 1")
N13G71
N14F282000
N15TC_POS_LEVEL(40.0)
N16TC_SHEET_TECH("SHT-1")
N17TC_SHEET_LOAD("SHL-1")
N18 ;GOTOF ENTRY_LASER
N19;ENTRY_LASER:
N20;(PART NUMBER: L12213  DXFPUNC0 NUMBER:1)
N21G01X25.3Y60
N22L12213
N23TC_LASER_OFF(2)
N24M30
STOP_TEXT
ENDE_PROGRAMM
ED


