BD
SET_METRIC
C
BEGIN_EINRICHTEPLAN_INFO
C
ZA,MM,28
MM,AT,1,   10, 1,1,,'Maschine'                          ,,'',T
MM,AT,1,   20, 1,1,,'Typ'                               ,,'',Z
MM,AT,1,   30, 1,1,,'Steuerung'                         ,,'',T
MM,AT,1,   40, 1,1,,'Variante'                          ,,'',Z
MM,AT,1,   50, 1,1,,'Firma'                             ,,'',T
MM,AT,1,   60, 1,1,,'Programmnummer'                    ,,'',T
MM,AT,1,   70, 1,1,,'Bearbeiter'                        ,,'',T
MM,AT,1,   80, 1,1,,'Datum'                             ,,'',T
MM,AT,1,   90, 1,1,,'Auftragsname'                      ,,'',T
MM,AT,1,  100, 1,1,,'Anzahl der Programmdurchlaeufe'    ,,'',Z
MM,AT,1,  110, 1,1,,'Tafelname'                         ,,'',T
MM,AT,1,  120, 1,1,,'Speicherbedarf'                    ,,'',Z
MM,AT,1,  130, 1,1,,'Material-ID'                       ,,'',T
MM,AT,1,  140, 1,1,,'Tafelgewicht'                      ,,'kg',Z
MM,AT,1,  150, 1,1,,'Maschinenzeit'                     ,,'min',Z
MM,AT,1,  160, 1,1,,'Bemerkung'                         ,,'',T
MM,AT,1,  170, 1,1,,'Flag Automatisiert'                ,,'Bool',Z
MM,AT,1,  180, 1,1,,'Flag ToPsxxx-Programm'             ,,'Bool',Z
MM,AT,1,  190, 1,1,,'Einrichteplanfilename'             ,,'',T
MM,AT,1,  200, 1,1,,'Lagergutbezeichnung'               ,,'',T
MM,AT,1,  210, 1,1,,'Palettierungsflag'                 ,,'Bool',Z
MM,AT,1,  220, 1,1,,'Palettierungmodus'                 ,,'',Z
MM,AT,1,  230, 1,1,,'Palette putzen'                    ,,'Bool',Z
MM,AT,1,  240, 1,1,,'Sauger putzen'                     ,,'Bool',Z
MM,AT,1,  250, 1,1,,'SystemPalletType'                  ,,'',T
MM,AT,1,  260, 1,1,,'Bearbeitungszeit PierceLine'       ,,'min',Z
MM,AT,1,  270, 1,1,,'Schneidl?ge'                      ,,'mm',Z
MM,AT,1,  280, 1,1,,'viewer name machine'               ,,'',T
C
ZA,DA,1
DA,'L49',11,'Sin 840D',1,'Trumpf','01159','User','22.06.2022',
*  '1Al9903130182008',1,2MD,14074,
*  'Al99',,1.34,'  ',0,1,
*  '','1Al9903130182008',0,1,1,1,'',1.34,
*  83378.04,'Trumatic 3030 (L49)'
C
ENDE_EINRICHTEPLAN_INFO
C
BEGIN_SHEET_TECH
C
ZA,MM,14
MM,AT,1,  10,1,1,,'Tabellenidentifikator'                 ,,'',T
MM,AT,1,  20,1,1,,'Blechmass X'                           ,,'mm',Z
MM,AT,1,  30,1,1,,'Blechmass Y'                           ,,'mm',Z
MM,AT,1,  40,1,1,,'Blechmass Z'                           ,,'mm',Z
MM,AT,1, 200,1,1,,'TRUMPF-Kennung'                        ,,'',Z
MM,AT,1, 220,1,1,,'Blechmass X real'                      ,,'mm',Z
MM,AT,1, 230,1,1,,'Blechmass Y real'                      ,,'mm',Z
MM,AT,1, 240,1,1,,'Materialkennung'                       ,,'',T
MM,AT,1, 260,1,1,,'Werkstoffdichte'                       ,,'kg/dm3',Z
MM,AT,1, 280,1,1,,'Dynamikstufe'                          ,,'',Z
MM,AT,1, 290,1,1,,'Werkstoffkennung'                      ,,'',T
MM,AT,1, 370,1,1,,'AdvancedEvaporateSwitch'               ,,'',Z
MM,AT,1, 380,1,1,,'AdvancedEvaporateCircleRadius'         ,,'mm',Z
MM,AT,1, 390,1,1,,'Surface Optical Reflection Property'   ,,'',Z
C
ZA,DA,1
DA,'SHT-1',313.0,182.0,0.8,1,313.0,182.0,'Al99',2.7,
*  0.0,'Al99',0,0,0
C
ENDE_SHEET_TECH
C
BEGIN_SHEET_LOAD
C
ZA,MM,20
MM,AT,1,10,1,1,,'Table identifier',,,T
MM,AT,1,500,1,1,,'Loading unit',,,Z
MM,AT,1,520,1,1,,,,,Z
MM,AT,1,530,1,1,,,,,Z
MM,AT,1,540,1,1,,,,,Z
MM,AT,1,550,1,1,,,,,Z
MM,AT,1,580,1,1,,'Double sheet detector',,'Bool',Z
MM,AT,1,590,1,1,,'Peeling tool activated',,'Bool',Z
MM,AT,1,620,1,1,,'Sheet stopper',,,Z
MM,AT,1,630,1,1,,'Measure sheet position',,,Z
MM,AT,1,640,1,1,,'Measure range in X',,'mm',Z
MM,AT,1,650,1,1,,'Measure range in Y',,'mm',Z
MM,AT,1,660,1,1,,'Calibration',,'Bool',Z
MM,AT,1,690,1,1,,'Type of pallet change',,,Z
MM,AT,1,700,1,1,,'Measuring Corner',,,Z
MM,AT,1,710,1,1,,,,,Z
MM,AT,1,720,1,1,,,,'Bool',Z
MM,AT,1,730,1,1,,,,'Bool',Z
MM,AT,1,740,1,1,,,,'Bool',Z
MM,AT,1,750,1,1,,,,,Z
C
ZA,DA,1
DA,'SHL-1',10,0,0,0,0,0,0,1,1,50.0,50.0,1,0,1,1,0,1,0,0
C
ENDE_SHEET_LOAD
C
BEGIN_LTT_CALLS
C
ZA,MM,1
MM,AT,1,10,1,1,,,,,T
C
ZA,DA,1
DA,'BR080MD0-N2S0-30-2'
C
ENDE_LTT_CALLS
C
BEGIN_MICROJOINT
C
ZA,MM,12
MM,AT,1,  10,1,1,,'Tabellenidentifikator              ',,'',T
MM,AT,1, 100,1,1,,'programmierte Microjoints aktiv    ',,'Bool',Z
MM,AT,1, 110,1,1,,'automatische Microjoints aktiv     ',,'Bool',Z
MM,AT,1, 120,1,1,,'Microjointbreite kleine Kontur     ',,'mm',Z
MM,AT,1, 130,1,1,,'Microjointbreite mittlere Kontur   ',,'mm',Z
MM,AT,1, 140,1,1,,'Microjointbreite grosse Kontur     ',,'mm',Z
MM,AT,1, 150,1,1,,'Konturausdehnung min X autom. Microjoint',,'mm',Z
MM,AT,1, 160,1,1,,'Konturausdehnung max X autom. Microjoint',,'mm',Z
MM,AT,1, 170,1,1,,'Konturausdehnung min Y autom. Microjoint',,'mm',Z
MM,AT,1, 180,1,1,,'Konturausdehnung max Y autom. Microjoint',,'mm',Z
MM,AT,1, 190,1,1,,'Einstechart nach Microjoint        ',,'',Z
MM,AT,1, 500,1,1,,'TRUMPF-Kennung                     ',,'',Z
C
ZA,DA,1
DA,'MIJO-1',1,0,0,0,0,-1,-1,-1,-1,11,1
C
ENDE_MICROJOINT
C
BEGIN_PROGRAM_PROPERTIES
C
ZA,MM,3
MM,AT,1,  10,1,1,,'Sync Data Change Pierce To Cut'        ,,'',Z
MM,AT,1,  20,1,1,,'ProgramType'                           ,,'',Z
MM,AT,1,  80,1,1,,'FluidSprayMode'                        ,,'',Z
C
ZA,DA,1
DA,0,3,0
C
ENDE_PROGRAM_PROPERTIES
C
BEGIN_PROGRAMM
C
ZA,MM,4
MM,AT,1, 10,1,1,,,,,T
MM,AT,1, 20,1,1,,,,,T
MM,AT,1, 30,1,1,,,,,T
MM,AT,1, 40,1,1,,,,,Z
C
ZA,DA,2
DA,'L101159','UP',,
START_TEXT
N10G91
N20G01X0.082Y0.268
N30TC_POS_LEVEL(80.0)
N40TC_LASER_ON(9,"BR080MD0-N2S0-30-2",10,110)
N50X1.756Y-0.536
N60TC_LASER_ON(11,"BR080MD0-N2S0-30-2",0,100)
N70X0.439Y-0.134
N80G03X0.543Y0.402I0.123J0.402
N90X-5.64I-2.82J0
N100X5.64I2.82J0
N110TC_LASER_OFF(3)
N120G01X14.606Y-10.75
N130TC_LASER_ON(9,"BR080MD0-N2S0-30-2",10,110)
N140X0.987Y-0.5
N150TC_LASER_ON(11,"BR080MD0-N2S0-30-2",0,100)
N160X0.247Y-0.125
N170G03X0.61Y0.375I0.19J0.375
N180X-3.94I-1.97J0
N190X3.94I1.97J0
N200TC_LASER_OFF(3)
N210G01X4.528Y20.821
N220TC_LASER_ON(9,"BR080MD0-N2S0-30-2",10,110)
N230X0.987Y-0.499
N240TC_LASER_ON(11,"BR080MD0-N2S0-30-2",0,100)
N250X0.247Y-0.125
N260G03X0.61Y0.374I0.19J0.374
N270X-3.94I-1.97J0
N280X3.94I1.97J0
N290TC_LASER_OFF(3)
N300G01X8.234Y-6.293
N310TC_LASER_ON(9,"BR080MD0-N2S0-30-2",10,110)
N320X0.64Y-0.37
N330TC_LASER_ON(11,"BR080MD0-N2S0-30-2",0,100)
N340X0.16Y-0.092
N350G03X0.38Y0.22I0.127J0.22
N360X-2.64I-1.32J0
N370X2.64I1.32J0
N380TC_LASER_OFF(3)
N390G01X8.87Y-6.286
N400TC_LASER_ON(9,"BR080MD0-N2S0-30-2",10,110)
N410X0.987Y-0.5
N420TC_LASER_ON(11,"BR080MD0-N2S0-30-2",0,100)
N430X0.247Y-0.125
N440G03X0.61Y0.375I0.19J0.375
N450X-3.94I-1.97J0
N460X3.94I1.97J0
N470TC_LASER_OFF(3)
N480G01X18.656Y-7.25
N490TC_LASER_ON(9,"BR080MD0-N2S0-30-2",10,110)
N500X0.987Y-0.5
N510TC_LASER_ON(11,"BR080MD0-N2S0-30-2",0,100)
N520X0.247Y-0.125
N530G03X0.61Y0.375I0.19J0.375
N540X-3.94I-1.97J0
N550X3.94I1.97J0
N560TC_LASER_OFF(3)
N570G01X5.38Y44.709
N580TC_LASER_ON(9,"BR080MD0-N2S0-30-2",10,110)
N590X0.751Y-0.277
N600TC_LASER_ON(11,"BR080MD0-N2S0-30-2",0,100)
N610X0.188Y-0.069
N620G03X0.07Y0.06I0.018J0.051
N630X-0.709Y0.597I-0.709J-0.123
N640G01X-4.5
N650G03X-0.72Y-0.72I0J-0.72
N660G01Y-8
N670G03X0.72Y-0.72I0.72J0
N680G01X4.5
N690G03X0.72Y0.72I0J0.72
N700G01Y8
N710G03X-0.011Y0.123I-0.72J0
N720TC_LASER_OFF(3)
N730G01X-31.589Y32.262
N740TC_LASER_ON(9,"BR080MD0-N2S0-30-2",10,110)
N750X-0.089Y0.089
N760TC_LASER_ON(11,"BR080MD0-N2S0-30-2",0,100)
N770X-0.022Y0.022
N780X-2.293Y-2.292
N790G03X0.17Y-0.169I0.085J-0.085
N800G01X4.738Y4.737
N810G03X-0.17Y0.17I-0.085J0.085
N820G01X-2.369Y-2.369
N830TC_LASER_OFF(3)
N840X-33.753Y-38.105
N850TC_LASER_ON(9,"BR080MD0-N2S0-30-2",10,110)
N860X1.756Y-0.536
N870TC_LASER_ON(11,"BR080MD0-N2S0-30-2",0,100)
N880X0.439Y-0.134
N890G03X0.543Y0.402I0.123J0.402
N900X-5.64I-2.82J0
N910X5.64I2.82J0
N920TC_LASER_OFF(3)
N930G01X71.32Y70.742
N940TC_LASER_ON(9,"BR080MD0-N2S0-30-2",10,110)
N950X0.7Y-0.404
N960TC_LASER_ON(11,"BR080MD0-N2S0-30-2",0,100)
N970X0.175Y-0.101
N980G03X0.455Y0.263I0.152J0.263
N990X-2.94I-1.47J0
N1000X2.94I1.47J0
N1010TC_LASER_OFF(3)
N1020G01X38.421Y0.92
N1030TC_LASER_ON(9,"BR080MD0-N2S0-30-2",10,110)
N1040Y0.126
N1050TC_LASER_ON(11,"BR080MD0-N2S0-30-2",0,100)
N1060Y0.032
N1070X-3.241
N1080G03Y-0.24I0J-0.12
N1090G01X6.7
N1100G03Y0.24I0J0.12
N1110G01X-3.35
N1120TC_LASER_OFF(3)
N1130X40.14Y-0.836
N1140TC_LASER_ON(9,"BR080MD0-N2S0-30-2",10,110)
N1150X0.7Y-0.404
N1160TC_LASER_ON(11,"BR080MD0-N2S0-30-2",0,100)
N1170X0.175Y-0.101
N1180G03X0.455Y0.263I0.152J0.263
N1190X-2.94I-1.47J0
N1200X2.94I1.47J0
N1210TC_LASER_OFF(3)
N1220G01X38.714Y-32.262
N1230TC_LASER_ON(9,"BR080MD0-N2S0-30-2",10,110)
N1240X-0.09Y-0.089
N1250TC_LASER_ON(11,"BR080MD0-N2S0-30-2",0,100)
N1260X-0.022Y-0.022
N1270X2.292Y-2.292
N1280G03X0.17Y0.169I0.085J0.084
N1290G01X-4.738Y4.738
N1300G03X-0.17Y-0.17I-0.085J-0.085
N1310G01X2.369Y-2.369
N1320TC_LASER_OFF(3)
N1330X-26.545Y-31.994
N1340TC_LASER_ON(9,"BR080MD0-N2S0-30-2",10,110)
N1350X0.751Y-0.277
N1360TC_LASER_ON(11,"BR080MD0-N2S0-30-2",0,100)
N1370X0.188Y-0.069
N1380G03X0.07Y0.06I0.018J0.051
N1390X-0.709Y0.597I-0.709J-0.123
N1400G01X-4.5
N1410G03X-0.72Y-0.72I0J-0.72
N1420G01Y-8
N1430G03X0.72Y-0.72I0.72J0
N1440G01X4.5
N1450G03X0.72Y0.72I0J0.72
N1460G01Y8
N1470G03X-0.011Y0.123I-0.72J0
N1480TC_LASER_OFF(3)
N1490G01X59.623Y-5.655
N1500TC_LASER_ON(9,"BR080MD0-N2S0-30-2",10,110)
N1510X1.757Y-0.536
N1520TC_LASER_ON(11,"BR080MD0-N2S0-30-2",0,100)
N1530X0.439Y-0.134
N1540G03X0.542Y0.402I0.122J0.402
N1550X-5.64I-2.82J0
N1560X5.64I2.82J0
N1570TC_LASER_OFF(3)
N1580G01X4.462Y-27.232
N1590TC_LASER_ON(9,"BR080MD0-N2S0-30-2",10,110)
N1600X1.757Y-0.536
N1610TC_LASER_ON(11,"BR080MD0-N2S0-30-2",0,100)
N1620X0.439Y-0.134
N1630G03X0.542Y0.402I0.122J0.402
N1640X-5.64I-2.82J0
N1650X5.64I2.82J0
N1660TC_LASER_OFF(3)
N1670G01X-55.78Y-39.758
N1680TC_LASER_ON(9,"BR080MD0-N2S0-30-2",10,110)
N1690X0.4Y-0.23
N1700TC_LASER_ON(11,"BR080MD0-N2S0-30-2",0,100)
N1710X0.1Y-0.058
N1720G03X0.08Y0.046I0.027J0.046
N1730X-1.44I-0.72J0
N1740X1.44I0.72J0
N1750TC_LASER_OFF(3)
N1760G01X-3.98Y0.242
N1770TC_LASER_ON(9,"BR080MD0-N2S0-30-2",10,110)
N1780X0.4Y-0.23
N1790TC_LASER_ON(11,"BR080MD0-N2S0-30-2",0,100)
N1800X0.1Y-0.058
N1810G03X0.08Y0.046I0.027J0.046
N1820X-1.44I-0.72J0
N1830X1.44I0.72J0
N1840TC_LASER_OFF(3)
N1850G01X-3.98Y0.242
N1860TC_LASER_ON(9,"BR080MD0-N2S0-30-2",10,110)
N1870X0.4Y-0.23
N1880TC_LASER_ON(11,"BR080MD0-N2S0-30-2",0,100)
N1890X0.1Y-0.058
N1900G03X0.08Y0.046I0.027J0.046
N1910X-1.44I-0.72J0
N1920X1.44I0.72J0
N1930TC_LASER_OFF(3)
N1940G01X-3.98Y0.242
N1950TC_LASER_ON(9,"BR080MD0-N2S0-30-2",10,110)
N1960X0.4Y-0.23
N1970TC_LASER_ON(11,"BR080MD0-N2S0-30-2",0,100)
N1980X0.1Y-0.058
N1990G03X0.08Y0.046I0.027J0.046
N2000X-1.44I-0.72J0
N2010X1.44I0.72J0
N2020TC_LASER_OFF(3)
N2030G01X-125.323Y45.408
N2040TC_LASER_ON(9,"BR080MD0-N2S0-30-2",10,110)
N2050X2.6Y-2.356
N2060TC_LASER_ON(11,"BR080MD0-N2S0-30-2",0,100)
N2070X0.65Y-0.589
N2080G03X0.617Y0.08I0.274J0.302
N2090X-1.388Y6.529I-3.959J2.571
N2100G01X-27.257Y17.701
N2110G03X-5.141Y-7.917I-2.571J-3.959
N2120G01X27.256Y-17.701
N2130G03X6.53Y1.388I2.571J3.959
N2140TC_LASER_OFF(3)
N2150G01X191.036Y26.227
N2160TC_LASER_ON(9,"BR080MD0-N2S0-30-2",10,110)
N2170X-6.8
N2180TC_LASER_ON(11,"BR080MD0-N2S0-30-2",0,100)
N2190X-1.7
N2200G03X-0.42Y-0.42I0J-0.42
N2210G01Y-14.236
N2220G03X0.211Y-0.509I0.72J0
N2230G01X6.614Y-6.614
N2240G02X0.375Y-0.905I-0.905J-0.905
N2250G01Y-10.586
N2260G03X0.72Y-0.72I0.72J0
N2270G01X7.6
N2280G02X1.28Y-1.28I0J-1.28
N2290G01Y-10.5
N2300G03X0.72Y-0.72I0.72J0
N2310G01X8.7
N2320G02X1.28Y-1.28I0J-1.28
N2330G01Y-14.5
N2340G02X-1.28Y-1.28I-1.28J0
N2350G01X-7.5
N2360G03X-0.72Y-0.72I0J-0.72
N2370G01Y-11
N2380G02X-1.28Y-1.28I-1.28J0
N2390G01X-8.8
N2400G03X-0.72Y-0.72I0J-0.72
N2410G01Y-0.5
N2420G02X-1.28Y-1.28I-1.28J0
N2430G01X-48.2
N2440G02X-1.28Y1.28I0J1.28
N2450G01Y8
N2460G03X-0.72Y0.72I-0.72J0
N2470G01X-4.5
N2480G03X-0.72Y-0.72I0J-0.72
N2490G01Y-8
N2500G02X-1.28Y-1.28I-1.28J0
N2510G01X-11
N2520G02X-1.28Y1.28I0J1.28
N2530G01Y8
N2540G03X-0.72Y0.72I-0.72J0
N2550G01X-4.5
N2560G03X-0.72Y-0.72I0J-0.72
N2570G01Y-8
N2580G02X-1.28Y-1.28I-1.28J0
N2590G01X-98.5
N2600G02X-1.28Y1.28I0J1.28
N2610G01Y10
N2620G03X-0.72Y0.72I-0.72J0
N2630G01X-58
N2640G03X-0.72Y-0.72I0J-0.72
N2650G01Y-10
N2660G02X-1.28Y-1.28I-1.28J0
N2670G01X-13.7
N2680G02X-1.28Y1.28I0J1.28
N2690G01Y0.5
N2700G03X-0.72Y0.72I-0.72J0
N2710G01X-8.8
N2720G02X-1.28Y1.28I0J1.28
N2730G01Y11
N2740G03X-0.72Y0.72I-0.72J0
N2750G01X-7.5
N2760G02X-1.28Y1.28I0J1.28
N2770G01Y14.5
N2780G02X1.28Y1.28I1.28J0
N2790G01X8.7
N2800G03X0.72Y0.72I0J0.72
N2810G01Y10.5
N2820G02X1.28Y1.28I1.28J0
N2830G01X7.6
N2840G03X0.72Y0.72I0J0.72
N2850G01Y10.586
N2860G02X0.375Y0.905I1.28J0
N2870G01X6.614Y6.614
N2880G03X0.211Y0.509I-0.509J0.509
N2890G01Y28.472
N2900G02X0.375Y0.905I1.28J0
N2910G01X58.914Y58.914
N2920G02X0.905Y0.375I0.905J-0.905
N2930G01X22.586
N2940G03X0.72Y0.72I0J0.72
N2950G01Y7.5
N2960G02X1.28Y1.28I1.28J0
N2970G01X69
N2980G02X1.28Y-1.28I0J-1.28
N2990G01Y-7.5
N3000G03X0.72Y-0.72I0.72J0
N3010G01X22.586
N3020G02X0.905Y-0.375I0J-1.28
N3030G01X58.914Y-58.914
N3040G02X0.375Y-0.905I-0.905J-0.905
N3050G01Y-14.236
N3060TC_LASER_OFF(3)
N3070G01
N3080G90
N3090M17
N3100M02
STOP_TEXT
C
DA,'01159','HP',,
START_TEXT
N10MSG("PROGRAM NUMBER,01159")
N20MSG("SHEET Al99 : 313.0 x 182.0 x 0.8")
N30MSG("MSG,PART #:DXFPUNC0 QTY 1")
N40G71
N50F100000
N60TC_PCS_PIERCE
N70TC_POS_LEVEL(80.0)
N80TC_SHEET_TECH("SHT-1")
N90TC_SHEET_LOAD("SHL-1")
N100TC_MICROJOINT("MIJO-1")
N110 ;GOTOF ENTRY_LASER
N120TC_TIMER(1,1,"0#2220.LST")
N130TC_TIMER(4)
N140;ENTRY_LASER:
N150;(NUMERO PEZZI: L101159  DXFPUNC0 N:1)
N160G01X35.3Y60
N170L101159
N180TC_LASER_OFF(2)
N190TC_PART_END(-1)
N200TC_TIMER(1,1,"1#2220.LST")
N210TC_TIMER(4)
N220M30
STOP_TEXT
ENDE_PROGRAMM
ED


