BD
SET_METRIC
C
BEGIN_EINRICHTEPLAN_INFO
C
ZA,MM,2
MM,AT,1, 60,1,1,,,,,T
MM,AT,1,170,1,1,,,,,T
ZA,DA,1
C
DA,0038053,1
C
ENDE_EINRICHTEPLAN_INFO
C
BEGIN_SHEET_TECH
C
ZA,MM,7
MM,AT,1,10,1,1,,,,,T
MM,AT,1,20,1,1,,,,'mm',Z
MM,AT,1,30,1,1,,,,'mm',Z
MM,AT,1,40,1,1,,,,'mm',Z
MM,AT,1,220,1,1,,,,'mm',Z
MM,AT,1,230,1,1,,,,'mm',Z
MM,AT,1,240,1,1,,'Materialkennung',,'',T
C
ZA,DA,1
DA,'SHT-1',110.0,110.0,0.8,110.0,110.0,'Al99'
C
ENDE_SHEET_TECH
C
BEGIN_SHEET_LOAD
C
ZA,MM,23
MM,AT,1,10,1,1,,'Table identifier',,,T
MM,AT,1,  70,1,1,,'TRUMPF-Kennung'                        ,,'',Z
MM,AT,1, 100,1,1,,'maximale Bearbeitungsposition X'       ,,'mm',Z
MM,AT,1, 110,1,1,,'maximale Bearbeitungsposition Y'       ,,'mm',Z
MM,AT,1,500,1,1,,'Loading unit',,,Z
MM,AT,1,520,1,1,,,,,Z
MM,AT,1,530,1,1,,,,,Z
MM,AT,1,540,1,1,,,,,Z
MM,AT,1,550,1,1,,,,,Z
MM,AT,1,580,1,1,,'Double sheet detector',,'Bool',Z
MM,AT,1,590,1,1,,'Peeling tool activated',,'Bool',Z
MM,AT,1,620,1,1,,'Sheet stopper',,,Z
MM,AT,1,630,1,1,,'Measure sheet position',,,Z
MM,AT,1,640,1,1,,'Measure range in X',,'mm',Z
MM,AT,1,650,1,1,,'Measure range in Y',,'mm',Z
MM,AT,1,660,1,1,,'Calibration',,'Bool',Z
MM,AT,1,690,1,1,,'Type of pallet change',,,Z
MM,AT,1,700,1,1,,'Measuring Corner',,,Z
MM,AT,1,720,1,1,,'Spreizmagnet (Lift)'                   ,,'Bool',Z
MM,AT,1,730,1,1,,'Drehzylinder  (Lift)'                  ,,'Bool',Z
MM,AT,1,810,1,1,,'Einzelsaugeranwahl'                    ,,'',Z
MM,AT,1,830,1,1,,'Codierung Einzelsauger 1'              ,,'',T
MM,AT,1,840,1,1,,'Codierung Einzelsauger 2'              ,,'',T
C
ZA,DA,1
DA,'SHL-1',1,110.0,110.0,1,1,1,0,1,1,1,1,0,50.0,50.0,1,1,1,0,1,
*  0,'00000000','00000000'
C
ENDE_SHEET_LOAD
C
BEGIN_LTT_CALLS
C
ZA,MM,1
MM,AT,1,10,1,1,,,,,T
C
ZA,DA,1
DA,'KT2D-6786B'
C
ENDE_LTT_CALLS
C
BEGIN_LASER_HEAD
C
ZA, MM, 10
MM,AT,1,  10,1,1,,'Tabellenidentifikator'            ,,'',T
MM,AT,1,  20,1,1,,'Schneidkopf 1 aktiviert'          ,,'Bool',Z
MM,AT,1,  30,1,1,,'Schneidkopf 2 aktiviert'          ,,'Bool',Z
MM,AT,1,  40,1,1,,'Schneidkopf 3 aktiviert'          ,,'Bool',Z
MM,AT,1,  50,1,1,,'Schneidkopf 4 aktiviert'          ,,'Bool',Z
MM,AT,1,  60,1,1,,'Abstand Kopf 2 zu Kopf 1'         ,,'mm',Z
MM,AT,1,  70,1,1,,'Abstand Kopf 3 zu Kopf 2'         ,,'mm',Z
MM,AT,1,  80,1,1,,'Abstand Kopf 4 zu Kopf 3'         ,,'mm',Z
MM,AT,1,  90,1,1,,'Anzahl Schneidkoepfe'             ,,'',Z
MM,AT,1, 100,1,1,,'TRUMPF-Kennung'                   ,,'',Z
C
ZA,DA,1
DA, LHT-1,1,0,0,0,500,0,0,2,1
C
ENDE_LASER_HEAD
C
BEGIN_MICROJOINT
C
ZA,MM,12
MM,AT,1,  10,1,1,,'Tabellenidentifikator              ',,'',T
MM,AT,1, 100,1,1,,'programmierte Microjoints aktiv    ',,'Bool',Z
MM,AT,1, 110,1,1,,'automatische Microjoints aktiv     ',,'Bool',Z
MM,AT,1, 120,1,1,,'Microjointbreite kleine Kontur     ',,'mm',Z
MM,AT,1, 130,1,1,,'Microjointbreite mittlere Kontur   ',,'mm',Z
MM,AT,1, 140,1,1,,'Microjointbreite grosse Kontur     ',,'mm',Z
MM,AT,1, 150,1,1,,'Konturausdehnung min X autom. Microjoint',,'mm',Z
MM,AT,1, 160,1,1,,'Konturausdehnung max X autom. Microjoint',,'mm',Z
MM,AT,1, 170,1,1,,'Konturausdehnung min Y autom. Microjoint',,'mm',Z
MM,AT,1, 180,1,1,,'Konturausdehnung max Y autom. Microjoint',,'mm',Z
MM,AT,1, 190,1,1,,'Einstechart nach Microjoint        ',,'',Z
MM,AT,1, 500,1,1,,'TRUMPF-Kennung                     ',,'',Z
C
ZA,DA,1
DA,'MIJO-1',1,0,0,0,0.7,-1,-1,-1,-1,11,1
C
ENDE_MICROJOINT
C
BEGIN_PROGRAMM
C
ZA,MM,4
MM,AT,1, 10,1,1,,,,,T
MM,AT,1, 20,1,1,,,,,T
MM,AT,1, 30,1,1,,,,,T
MM,AT,1, 40,1,1,,,,,Z
C
ZA,DA,2
DA,'L10038053','UP',,
START_TEXT
N10G91
N20G01X-0.134Y-0.112
N30TC_POS_LEVEL(40.0)
N40TC_LASER_ON(1,"KT2D-6786B",10,100)
N50X-2.572Y3.063
N60G03X-1.398Y0.652I-1.398J-1.173
N70Y-49.65I0J-24.825
N80X0.072Y49.65I0J24.825
N90G01X-0.655Y-0.656
N100TC_LASER_OFF(3)
N110X18.261Y-6.491
N120TC_LASER_ON(1,"KT2D-6786B",10,100)
N130X32.322Y32.322
N140TC_LASER_OFF(3)
N150X-104Y-100.175
N160TC_LASER_ON(1,"KT2D-6786B",10,100)
N170X4
N180X90
N190G03X10.175Y10.175I0J10.175
N200G01Y90.175
N210X-90.175
N220G03X-10.175Y-10.175I0J-10.175
N230G01Y-90
N240Y-1
N250TC_LASER_OFF(3)
N260G01
N270G90
N280M17
N290M02
STOP_TEXT
C
DA,'0038053','HP',,
START_TEXT
N10MSG("PROGRAM NUMBER,0038053")
N20MSG("SHEET Al99 : 110.0 x 110.0 x 0.8")
N30MSG("MSG,PART #:Pieza_prueba_Maxwell QTY 1")
N40G71
N50F304000
N60TC_POS_LEVEL(40.0)
N70TC_SHEET_TECH("SHT-1")
N80TC_SHEET_LOAD("SHL-1")
N90TC_MICROJOINT("MIJO-1")
N100 ;GOTOF ENTRY_LASER
N110;ENTRY_LASER:
N120;(PART NUMBER: L10038053  Pieza_prueba_Maxwell NUMBER:1)
N130TC_LASER_HEAD("LHT-1")
N140G01X59.104Y76.222
N150L10038053
N160TC_LASER_OFF(2)
N170M30
STOP_TEXT
ENDE_PROGRAMM
ED


