BD
SET_METRIC
C
BEGIN_EINRICHTEPLAN_INFO
C
ZA,MM,2
MM,AT,1, 60,1,1,,,,,T
MM,AT,1,170,1,1,,,,,T
ZA,DA,1
C
DA,0038054,1
C
ENDE_EINRICHTEPLAN_INFO
C
BEGIN_SHEET_TECH
C
ZA,MM,7
MM,AT,1,10,1,1,,,,,T
MM,AT,1,20,1,1,,,,'mm',Z
MM,AT,1,30,1,1,,,,'mm',Z
MM,AT,1,40,1,1,,,,'mm',Z
MM,AT,1,220,1,1,,,,'mm',Z
MM,AT,1,230,1,1,,,,'mm',Z
MM,AT,1,240,1,1,,'Materialkennung',,'',T
C
ZA,DA,1
DA,'SHT-1',125.0,190.0,0.8,125.0,190.0,'Al99'
C
ENDE_SHEET_TECH
C
BEGIN_SHEET_LOAD
C
ZA,MM,23
MM,AT,1,10,1,1,,'Table identifier',,,T
MM,AT,1,  70,1,1,,'TRUMPF-Kennung'                        ,,'',Z
MM,AT,1, 100,1,1,,'maximale Bearbeitungsposition X'       ,,'mm',Z
MM,AT,1, 110,1,1,,'maximale Bearbeitungsposition Y'       ,,'mm',Z
MM,AT,1,500,1,1,,'Loading unit',,,Z
MM,AT,1,520,1,1,,,,,Z
MM,AT,1,530,1,1,,,,,Z
MM,AT,1,540,1,1,,,,,Z
MM,AT,1,550,1,1,,,,,Z
MM,AT,1,580,1,1,,'Double sheet detector',,'Bool',Z
MM,AT,1,590,1,1,,'Peeling tool activated',,'Bool',Z
MM,AT,1,620,1,1,,'Sheet stopper',,,Z
MM,AT,1,630,1,1,,'Measure sheet position',,,Z
MM,AT,1,640,1,1,,'Measure range in X',,'mm',Z
MM,AT,1,650,1,1,,'Measure range in Y',,'mm',Z
MM,AT,1,660,1,1,,'Calibration',,'Bool',Z
MM,AT,1,690,1,1,,'Type of pallet change',,,Z
MM,AT,1,700,1,1,,'Measuring Corner',,,Z
MM,AT,1,720,1,1,,'Spreizmagnet (Lift)'                   ,,'Bool',Z
MM,AT,1,730,1,1,,'Drehzylinder  (Lift)'                  ,,'Bool',Z
MM,AT,1,810,1,1,,'Einzelsaugeranwahl'                    ,,'',Z
MM,AT,1,830,1,1,,'Codierung Einzelsauger 1'              ,,'',T
MM,AT,1,840,1,1,,'Codierung Einzelsauger 2'              ,,'',T
C
ZA,DA,1
DA,'SHL-1',1,125.0,190.0,1,1,1,0,1,1,1,1,0,50.0,50.0,1,1,1,0,1,
*  0,'00000000','00000000'
C
ENDE_SHEET_LOAD
C
BEGIN_LTT_CALLS
C
ZA,MM,1
MM,AT,1,10,1,1,,,,,T
C
ZA,DA,1
DA,'KT2D-6786B'
C
ENDE_LTT_CALLS
C
BEGIN_LASER_HEAD
C
ZA, MM, 10
MM,AT,1,  10,1,1,,'Tabellenidentifikator'            ,,'',T
MM,AT,1,  20,1,1,,'Schneidkopf 1 aktiviert'          ,,'Bool',Z
MM,AT,1,  30,1,1,,'Schneidkopf 2 aktiviert'          ,,'Bool',Z
MM,AT,1,  40,1,1,,'Schneidkopf 3 aktiviert'          ,,'Bool',Z
MM,AT,1,  50,1,1,,'Schneidkopf 4 aktiviert'          ,,'Bool',Z
MM,AT,1,  60,1,1,,'Abstand Kopf 2 zu Kopf 1'         ,,'mm',Z
MM,AT,1,  70,1,1,,'Abstand Kopf 3 zu Kopf 2'         ,,'mm',Z
MM,AT,1,  80,1,1,,'Abstand Kopf 4 zu Kopf 3'         ,,'mm',Z
MM,AT,1,  90,1,1,,'Anzahl Schneidkoepfe'             ,,'',Z
MM,AT,1, 100,1,1,,'TRUMPF-Kennung'                   ,,'',Z
C
ZA,DA,1
DA, LHT-1,1,0,0,0,500,0,0,2,1
C
ENDE_LASER_HEAD
C
BEGIN_MICROJOINT
C
ZA,MM,12
MM,AT,1,  10,1,1,,'Tabellenidentifikator              ',,'',T
MM,AT,1, 100,1,1,,'programmierte Microjoints aktiv    ',,'Bool',Z
MM,AT,1, 110,1,1,,'automatische Microjoints aktiv     ',,'Bool',Z
MM,AT,1, 120,1,1,,'Microjointbreite kleine Kontur     ',,'mm',Z
MM,AT,1, 130,1,1,,'Microjointbreite mittlere Kontur   ',,'mm',Z
MM,AT,1, 140,1,1,,'Microjointbreite grosse Kontur     ',,'mm',Z
MM,AT,1, 150,1,1,,'Konturausdehnung min X autom. Microjoint',,'mm',Z
MM,AT,1, 160,1,1,,'Konturausdehnung max X autom. Microjoint',,'mm',Z
MM,AT,1, 170,1,1,,'Konturausdehnung min Y autom. Microjoint',,'mm',Z
MM,AT,1, 180,1,1,,'Konturausdehnung max Y autom. Microjoint',,'mm',Z
MM,AT,1, 190,1,1,,'Einstechart nach Microjoint        ',,'',Z
MM,AT,1, 500,1,1,,'TRUMPF-Kennung                     ',,'',Z
C
ZA,DA,1
DA,'MIJO-1',1,0,0,0,0.7,-1,-1,-1,-1,11,1
C
ENDE_MICROJOINT
C
BEGIN_PROGRAMM
C
ZA,MM,4
MM,AT,1, 10,1,1,,,,,T
MM,AT,1, 20,1,1,,,,,T
MM,AT,1, 30,1,1,,,,,T
MM,AT,1, 40,1,1,,,,,Z
C
ZA,DA,2
DA,'L10038054','UP',,
START_TEXT
N10G91
N20G01X0.047Y-0.168
N30TC_POS_LEVEL(40.0)
N40TC_LASER_ON(1,"KT2D-6786B",10,100)
N50X-3.856Y-1.067
N60G03X-26.055Y-26.149I9.954J-35.974
N70G01X-9.133
N80G03X-0.825Y-0.825I0J-0.825
N90G01Y-18
N100G03X0.825Y-0.825I0.825J0
N110G01X9.133
N120G03X26.184Y-26.183I36.009J9.825
N130G01Y-28.992
N140G03X19.65I9.825J0
N150G01Y28.992
N160G03X26.183Y26.183I-9.825J36.008
N170G01X9.134
N180G03X0.825Y0.825I0J0.825
N190G01Y18
N200G03X-0.825Y0.825I-0.825J0
N210G01X-9.134
N220G03X-26.183Y26.184I-36.008J-9.825
N230G01Y28.991
N240G03X-19.65I-9.825J0
N250G01Y-28.857
N260Y-1
N270TC_LASER_OFF(3)
N280X-19.798Y35.629
N290TC_LASER_ON(1,"KT2D-6786B",10,100)
N300X-2.032Y3.446
N310G03X-1.572Y0.898I-1.572J-0.927
N320Y-19.65I0J-9.825
N330X0.072Y19.65I0J9.825
N340G01X-0.655Y-0.656
N350TC_LASER_OFF(3)
N360X69.187Y-3.688
N370TC_LASER_ON(1,"KT2D-6786B",10,100)
N380X-2.032Y3.446
N390G03X-1.572Y0.898I-1.572J-0.927
N400Y-19.65I0J-9.825
N410X0.072Y19.65I0J9.825
N420G01X-0.655Y-0.656
N430TC_LASER_OFF(3)
N440X4.187Y-133.688
N450TC_LASER_ON(1,"KT2D-6786B",10,100)
N460X-2.032Y3.446
N470G03X-1.572Y0.898I-1.572J-0.927
N480Y-19.65I0J-9.825
N490X0.072Y19.65I0J9.825
N500G01X-0.655Y-0.656
N510TC_LASER_OFF(3)
N520X-60.813Y-3.688
N530TC_LASER_ON(1,"KT2D-6786B",10,100)
N540X-2.032Y3.446
N550G03X-1.572Y0.898I-1.572J-0.927
N560Y-19.65I0J-9.825
N570X0.072Y19.65I0J9.825
N580G01X-0.655Y-0.656
N590TC_LASER_OFF(3)
N600X89.046Y140.4
N610TC_LASER_ON(1,"KT2D-6786B",10,100)
N620X-3.438Y-2.046
N630G02X-2.224Y0.278I-0.933J1.569
N640G03X-17.801Y7.374I-17.801J-17.801
N650G01X-65
N660G03X-25.175Y-25.175I0J-25.175
N670G01Y-130
N680G03X25.175Y-25.175I25.175J0
N690G01X65
N700G03X25.175Y25.175I0J25.175
N710G01Y130
N720G03X-7.27Y17.697I-25.175J0
N730G01X0.49Y0.699
N740TC_LASER_OFF(3)
N750G01
N760G90
N770M17
N780M02
STOP_TEXT
C
DA,'0038054','HP',,
START_TEXT
N10MSG("PROGRAM NUMBER,0038054")
N20MSG("SHEET Al99 : 125.0 x 190.0 x 0.8")
N30MSG("MSG,PART #:Pieza_prueba_Maxwell_2 QTY 1")
N40G71
N50F304000
N60TC_POS_LEVEL(40.0)
N70TC_SHEET_TECH("SHT-1")
N80TC_SHEET_LOAD("SHL-1")
N90TC_MICROJOINT("MIJO-1")
N100 ;GOTOF ENTRY_LASER
N110;ENTRY_LASER:
N120;(PART NUMBER: L10038054  Pieza_prueba_Maxwell_2 NUMBER:1)
N130TC_LASER_HEAD("LHT-1")
N140G01X57.082Y131.918
N150L10038054
N160TC_LASER_OFF(2)
N170M30
STOP_TEXT
ENDE_PROGRAMM
ED


