BD
SET_METRIC
C
BEGIN_EINRICHTEPLAN_INFO
C
ZA,MM,2
MM,AT,1, 60,1,1,,,,,T
MM,AT,1,170,1,1,,,,,T
ZA,DA,1
C
DA,0038056,1
C
ENDE_EINRICHTEPLAN_INFO
C
BEGIN_SHEET_TECH
C
ZA,MM,7
MM,AT,1,10,1,1,,,,,T
MM,AT,1,20,1,1,,,,'mm',Z
MM,AT,1,30,1,1,,,,'mm',Z
MM,AT,1,40,1,1,,,,'mm',Z
MM,AT,1,220,1,1,,,,'mm',Z
MM,AT,1,230,1,1,,,,'mm',Z
MM,AT,1,240,1,1,,'Materialkennung',,'',T
C
ZA,DA,1
DA,'SHT-1',172.0,303.0,0.8,172.0,303.0,'Al99'
C
ENDE_SHEET_TECH
C
BEGIN_SHEET_LOAD
C
ZA,MM,23
MM,AT,1,10,1,1,,'Table identifier',,,T
MM,AT,1,  70,1,1,,'TRUMPF-Kennung'                        ,,'',Z
MM,AT,1, 100,1,1,,'maximale Bearbeitungsposition X'       ,,'mm',Z
MM,AT,1, 110,1,1,,'maximale Bearbeitungsposition Y'       ,,'mm',Z
MM,AT,1,500,1,1,,'Loading unit',,,Z
MM,AT,1,520,1,1,,,,,Z
MM,AT,1,530,1,1,,,,,Z
MM,AT,1,540,1,1,,,,,Z
MM,AT,1,550,1,1,,,,,Z
MM,AT,1,580,1,1,,'Double sheet detector',,'Bool',Z
MM,AT,1,590,1,1,,'Peeling tool activated',,'Bool',Z
MM,AT,1,620,1,1,,'Sheet stopper',,,Z
MM,AT,1,630,1,1,,'Measure sheet position',,,Z
MM,AT,1,640,1,1,,'Measure range in X',,'mm',Z
MM,AT,1,650,1,1,,'Measure range in Y',,'mm',Z
MM,AT,1,660,1,1,,'Calibration',,'Bool',Z
MM,AT,1,690,1,1,,'Type of pallet change',,,Z
MM,AT,1,700,1,1,,'Measuring Corner',,,Z
MM,AT,1,720,1,1,,'Spreizmagnet (Lift)'                   ,,'Bool',Z
MM,AT,1,730,1,1,,'Drehzylinder  (Lift)'                  ,,'Bool',Z
MM,AT,1,810,1,1,,'Einzelsaugeranwahl'                    ,,'',Z
MM,AT,1,830,1,1,,'Codierung Einzelsauger 1'              ,,'',T
MM,AT,1,840,1,1,,'Codierung Einzelsauger 2'              ,,'',T
C
ZA,DA,1
DA,'SHL-1',1,172.0,303.0,1,1,1,0,1,1,1,1,0,50.0,50.0,1,1,1,0,1,
*  0,'00000000','00000000'
C
ENDE_SHEET_LOAD
C
BEGIN_LTT_CALLS
C
ZA,MM,1
MM,AT,1,10,1,1,,,,,T
C
ZA,DA,1
DA,'KT2D-6786B'
C
ENDE_LTT_CALLS
C
BEGIN_LASER_HEAD
C
ZA, MM, 10
MM,AT,1,  10,1,1,,'Tabellenidentifikator'            ,,'',T
MM,AT,1,  20,1,1,,'Schneidkopf 1 aktiviert'          ,,'Bool',Z
MM,AT,1,  30,1,1,,'Schneidkopf 2 aktiviert'          ,,'Bool',Z
MM,AT,1,  40,1,1,,'Schneidkopf 3 aktiviert'          ,,'Bool',Z
MM,AT,1,  50,1,1,,'Schneidkopf 4 aktiviert'          ,,'Bool',Z
MM,AT,1,  60,1,1,,'Abstand Kopf 2 zu Kopf 1'         ,,'mm',Z
MM,AT,1,  70,1,1,,'Abstand Kopf 3 zu Kopf 2'         ,,'mm',Z
MM,AT,1,  80,1,1,,'Abstand Kopf 4 zu Kopf 3'         ,,'mm',Z
MM,AT,1,  90,1,1,,'Anzahl Schneidkoepfe'             ,,'',Z
MM,AT,1, 100,1,1,,'TRUMPF-Kennung'                   ,,'',Z
C
ZA,DA,1
DA, LHT-1,1,0,0,0,500,0,0,2,1
C
ENDE_LASER_HEAD
C
BEGIN_MICROJOINT
C
ZA,MM,12
MM,AT,1,  10,1,1,,'Tabellenidentifikator              ',,'',T
MM,AT,1, 100,1,1,,'programmierte Microjoints aktiv    ',,'Bool',Z
MM,AT,1, 110,1,1,,'automatische Microjoints aktiv     ',,'Bool',Z
MM,AT,1, 120,1,1,,'Microjointbreite kleine Kontur     ',,'mm',Z
MM,AT,1, 130,1,1,,'Microjointbreite mittlere Kontur   ',,'mm',Z
MM,AT,1, 140,1,1,,'Microjointbreite grosse Kontur     ',,'mm',Z
MM,AT,1, 150,1,1,,'Konturausdehnung min X autom. Microjoint',,'mm',Z
MM,AT,1, 160,1,1,,'Konturausdehnung max X autom. Microjoint',,'mm',Z
MM,AT,1, 170,1,1,,'Konturausdehnung min Y autom. Microjoint',,'mm',Z
MM,AT,1, 180,1,1,,'Konturausdehnung max Y autom. Microjoint',,'mm',Z
MM,AT,1, 190,1,1,,'Einstechart nach Microjoint        ',,'',Z
MM,AT,1, 500,1,1,,'TRUMPF-Kennung                     ',,'',Z
C
ZA,DA,1
DA,'MIJO-1',1,0,0,0,0.7,-1,-1,-1,-1,11,1
C
ENDE_MICROJOINT
C
BEGIN_PROGRAMM
C
ZA,MM,4
MM,AT,1, 10,1,1,,,,,T
MM,AT,1, 20,1,1,,,,,T
MM,AT,1, 30,1,1,,,,,T
MM,AT,1, 40,1,1,,,,,Z
C
ZA,DA,2
DA,'L10038056','UP',,
START_TEXT
N10G91
N20G01X-0.169Y-0.045
N30TC_POS_LEVEL(40.0)
N40TC_LASER_ON(1,"KT2D-6786B",10,100)
N50X-0.463Y1.729
N60G03X-0.829Y0.636I-0.829J-0.222
N70Y-5.85I0J-2.925
N80X0.072Y5.849I0J2.925
N90G01X-0.655Y-0.655
N100TC_LASER_OFF(3)
N110X29.375Y5.491
N120TC_LASER_ON(1,"KT2D-6786B",10,100)
N130X-0.463Y1.729
N140G03X-0.829Y0.636I-0.829J-0.222
N150Y-5.85I0J-2.925
N160X0.072Y5.849I0J2.925
N170G01X-0.655Y-0.655
N180TC_LASER_OFF(3)
N190X40.102Y32.934
N200TC_LASER_ON(1,"KT2D-6786B",10,100)
N210X-0.265Y0.001
N220X-3.494Y-3.494
N230G03X0.319Y-0.318I0.159J-0.159
N240G01X4.737Y4.738
N250G03X-0.318Y0.318I-0.159J0.159
N260G01X-1.192Y-1.192
N270Y-0.328
N280TC_LASER_OFF(3)
N290X-35.264Y26.618
N300TC_LASER_ON(1,"KT2D-6786B",10,100)
N310X-0.445Y2.521
N320G03X-1.797Y1.508I-1.797J-0.317
N330G01X-4
N340G03X-0.825Y-0.825I0J-0.825
N350G01Y-4.5
N360G03X0.825Y-0.825I0.825J0
N370G01X8
N380G03X0.825Y0.825I0J0.825
N390G01Y4.5
N400G03X-0.825Y0.825I-0.825J0
N410G01X-3.853
N420X-0.148Y-0.84
N430TC_LASER_OFF(3)
N440X69.357Y9.561
N450TC_LASER_ON(1,"KT2D-6786B",10,100)
N460X-0.262Y0.976
N470G03X-0.394Y0.303I-0.394J-0.105
N480Y-3.15I0J-1.575
N490X0.071Y3.148I0J1.575
N500G01X-0.654Y-0.654
N510TC_LASER_OFF(3)
N520X1.504Y40.858
N530TC_LASER_ON(1,"KT2D-6786B",10,100)
N540X-0.188Y-0.186
N550Y-4.941
N560G03X0.45I0.225J0
N570G01Y6.7
N580G03X-0.45I-0.225J0
N590G01Y-1.686
N600X0.232Y-0.232
N610TC_LASER_OFF(3)
N620X-0.309Y38.864
N630TC_LASER_ON(1,"KT2D-6786B",10,100)
N640X-0.262Y0.976
N650G03X-0.394Y0.303I-0.394J-0.105
N660Y-3.15I0J-1.575
N670X0.071Y3.148I0J1.575
N680G01X-0.654Y-0.654
N690TC_LASER_OFF(3)
N700X-30.345Y37.931
N710TC_LASER_ON(1,"KT2D-6786B",10,100)
N720X0.001Y0.264
N730X-3.494Y3.494
N740G03X-0.319Y-0.318I-0.16J-0.159
N750G01X4.738Y-4.738
N760G03X0.318Y0.318I0.159J0.159
N770G01X-1.192Y1.192
N780X-0.328
N790TC_LASER_OFF(3)
N800X-35.254Y-28.516
N810TC_LASER_ON(1,"KT2D-6786B",10,100)
N820X-0.445Y2.521
N830G03X-1.797Y1.508I-1.797J-0.317
N840G01X-4
N850G03X-0.825Y-0.825I0J-0.825
N860G01Y-4.5
N870G03X0.825Y-0.825I0.825J0
N880G01X8
N890G03X0.825Y0.825I0J0.825
N900G01Y4.5
N910G03X-0.825Y0.825I-0.825J0
N920G01X-3.853
N930X-0.148Y-0.84
N940TC_LASER_OFF(3)
N950X-4.281Y39.481
N960TC_LASER_ON(1,"KT2D-6786B",10,100)
N970X1.031Y3.17
N980G03X-0.607Y1.712I-1.419J0.461
N990X-6.674Y-1.418I-2.628J-4.046
N1000G01X-17.701Y-27.257
N1010G03X8.093Y-5.256I4.047J-2.628
N1020G01X17.701Y27.257
N1030G03X-1.359Y6.635I-4.047J2.628
N1040G01X-0.906Y-0.193
N1050TC_LASER_OFF(3)
N1060X-14.133Y0.056
N1070TC_LASER_ON(1,"KT2D-6786B",10,100)
N1080X-0.336Y1.255
N1090G03X-0.556Y0.426I-0.556J-0.149
N1100Y-4.15I0J-2.075
N1110X0.072Y4.149I0J2.075
N1120G01X-0.655Y-0.655
N1130TC_LASER_OFF(3)
N1140X-5.367Y-11.216
N1150TC_LASER_ON(1,"KT2D-6786B",10,100)
N1160X-0.239Y0.892
N1170G03X-0.346Y0.266I-0.346J-0.092
N1180Y-2.85I0J-1.425
N1190X0.07Y2.848I0J1.425
N1200G01X-0.654Y-0.654
N1210TC_LASER_OFF(3)
N1220X-5.06Y-10.439
N1230TC_LASER_ON(1,"KT2D-6786B",10,100)
N1240X-0.337Y1.255
N1250G03X-0.555Y0.426I-0.555J-0.149
N1260Y-4.15I0J-2.075
N1270X0.071Y4.149I0J2.075
N1280G01X-0.654Y-0.655
N1290TC_LASER_OFF(3)
N1300X-6.025Y-21.525
N1310TC_LASER_ON(1,"KT2D-6786B",10,100)
N1320X-0.337Y1.255
N1330G03X-0.555Y0.426I-0.555J-0.149
N1340Y-4.15I0J-2.075
N1350X0.071Y4.149I0J2.075
N1360G01X-0.654Y-0.655
N1370TC_LASER_OFF(3)
N1380X1.475Y45.975
N1390TC_LASER_ON(1,"KT2D-6786B",10,100)
N1400X-0.337Y1.255
N1410G03X-0.555Y0.426I-0.555J-0.149
N1420Y-4.15I0J-2.075
N1430X0.071Y4.149I0J2.075
N1440G01X-0.654Y-0.655
N1450TC_LASER_OFF(3)
N1460X12.875Y16.441
N1470TC_LASER_ON(1,"KT2D-6786B",10,100)
N1480X-0.463Y1.729
N1490G03X-0.829Y0.636I-0.829J-0.222
N1500Y-5.85I0J-2.925
N1510X0.072Y5.849I0J2.925
N1520G01X-0.655Y-0.655
N1530TC_LASER_OFF(3)
N1540X29.375Y-8.909
N1550TC_LASER_ON(1,"KT2D-6786B",10,100)
N1560X-0.463Y1.729
N1570G03X-0.829Y0.636I-0.829J-0.222
N1580Y-5.85I0J-2.925
N1590X0.072Y5.849I0J2.925
N1600G01X-0.655Y-0.655
N1610TC_LASER_OFF(3)
N1620X-66.615Y-174.019
N1630TC_LASER_ON(1,"KT2D-6786B",10,100)
N1640X-0.149Y0.558
N1650G03X-0.153Y0.117I-0.153J-0.041
N1660Y-1.65I0J-0.825
N1670X0.07Y1.647I0J0.825
N1680G01X-0.653Y-0.653
N1690TC_LASER_OFF(3)
N1700X0.885Y-3.419
N1710TC_LASER_ON(1,"KT2D-6786B",10,100)
N1720X-0.149Y0.558
N1730G03X-0.153Y0.117I-0.153J-0.041
N1740Y-1.65I0J-0.825
N1750X0.07Y1.647I0J0.825
N1760G01X-0.653Y-0.653
N1770TC_LASER_OFF(3)
N1780X0.885Y-3.419
N1790TC_LASER_ON(1,"KT2D-6786B",10,100)
N1800X-0.149Y0.558
N1810G03X-0.153Y0.117I-0.153J-0.041
N1820Y-1.65I0J-0.825
N1830X0.07Y1.647I0J0.825
N1840G01X-0.653Y-0.653
N1850TC_LASER_OFF(3)
N1860X0.885Y-3.419
N1870TC_LASER_ON(1,"KT2D-6786B",10,100)
N1880X-0.149Y0.558
N1890G03X-0.153Y0.117I-0.153J-0.041
N1900Y-1.65I0J-0.825
N1910X0.07Y1.647I0J0.825
N1920G01X-0.653Y-0.653
N1930TC_LASER_OFF(3)
N1940X156.583Y103.606
N1950TC_LASER_ON(1,"KT2D-6786B",10,100)
N1960X-4
N1970X-8.5
N1980G02X-0.825Y0.825I0J0.825
N1990G01Y22.586
N2000G03X-0.344Y0.831I-1.175J0
N2010G01X-58.914Y58.914
N2020G03X-0.831Y0.344I-0.831J-0.831
N2030G01X-28.472
N2040G02X-0.583Y0.242I0J0.825
N2050G01X-6.614Y6.614
N2060G03X-0.831Y0.344I-0.831J-0.831
N2070G01X-10.586
N2080G02X-0.825Y0.825I0J0.825
N2090G01Y8.775
N2100X-11.675
N2110G02X-0.825Y0.825I0J0.825
N2120G01Y9.875
N2130X-16.85
N2140Y-8.675
N2150G02X-0.825Y-0.825I-0.825J0
N2160G01X-12.175
N2170Y-9.975
N2180G02X-0.825Y-0.825I-0.825J0
N2190G01X-1.675
N2200Y-16.05
N2210X11.175
N2220G02X0.825Y-0.825I0J-0.825
N2230G01Y-58
N2240G02X-0.825Y-0.825I-0.825J0
N2250G01X-11.175
N2260Y-100.85
N2270X9.175
N2280G02X0.825Y-0.825I0J-0.825
N2290G01Y-4.5
N2300G02X-0.825Y-0.825I-0.825J0
N2310G01X-9.175
N2320Y-13.35
N2330X9.175
N2340G02X0.825Y-0.825I0J-0.825
N2350G01Y-4.5
N2360G02X-0.825Y-0.825I-0.825J0
N2370G01X-9.175
N2380Y-50.55
N2390X1.675
N2400G02X0.825Y-0.825I0J-0.825
N2410G01Y-9.975
N2420X12.175
N2430G02X0.825Y-0.825I0J-0.825
N2440G01Y-8.675
N2450X16.85
N2460Y9.875
N2470G02X0.825Y0.825I0.825J0
N2480G01X11.675
N2490Y8.775
N2500G02X0.825Y0.825I0.825J0
N2510G01X11.072
N2520X6.959Y6.958
N2530G02X0.583Y0.242I0.583J-0.583
N2540G01X28.472
N2550G03X0.831Y0.344I0J1.175
N2560G01X58.914Y58.914
N2570G03X0.344Y0.831I-0.831J0.831
N2580G01Y22.586
N2590G02X0.825Y0.825I0.825J0
N2600G01X8.675
N2610Y71.175
N2620Y1
N2630TC_LASER_OFF(3)
N2640G01
N2650G90
N2660M17
N2670M02
STOP_TEXT
C
DA,'0038056','HP',,
START_TEXT
N10MSG("PROGRAM NUMBER,0038056")
N20MSG("SHEET Al99 : 172.0 x 303.0 x 0.8")
N30MSG("MSG,PART #:DXFPUNC0 QTY 1")
N40G71
N50F304000
N60TC_POS_LEVEL(40.0)
N70TC_SHEET_TECH("SHT-1")
N80TC_SHEET_LOAD("SHL-1")
N90TC_MICROJOINT("MIJO-1")
N100 ;GOTOF ENTRY_LASER
N110;ENTRY_LASER:
N120;(PART NUMBER: L10038056  DXFPUNC0 NUMBER:1)
N130TC_LASER_HEAD("LHT-1")
N140G01X56.461Y30.905
N150L10038056
N160TC_LASER_OFF(2)
N170M30
STOP_TEXT
ENDE_PROGRAMM
ED


