BD
SET_METRIC
C
BEGIN_EINRICHTEPLAN_INFO
C
ZA,MM,2
MM,AT,1, 60,1,1,,,,,T
MM,AT,1,170,1,1,,,,,T
ZA,DA,1
C
DA,0038057,1
C
ENDE_EINRICHTEPLAN_INFO
C
BEGIN_SHEET_TECH
C
ZA,MM,7
MM,AT,1,10,1,1,,,,,T
MM,AT,1,20,1,1,,,,'mm',Z
MM,AT,1,30,1,1,,,,'mm',Z
MM,AT,1,40,1,1,,,,'mm',Z
MM,AT,1,220,1,1,,,,'mm',Z
MM,AT,1,230,1,1,,,,'mm',Z
MM,AT,1,240,1,1,,'Materialkennung',,'',T
C
ZA,DA,1
DA,'SHT-1',185.3,213.3,0.8,185.3,213.3,'Al99'
C
ENDE_SHEET_TECH
C
BEGIN_SHEET_LOAD
C
ZA,MM,23
MM,AT,1,10,1,1,,'Table identifier',,,T
MM,AT,1,  70,1,1,,'TRUMPF-Kennung'                        ,,'',Z
MM,AT,1, 100,1,1,,'maximale Bearbeitungsposition X'       ,,'mm',Z
MM,AT,1, 110,1,1,,'maximale Bearbeitungsposition Y'       ,,'mm',Z
MM,AT,1,500,1,1,,'Loading unit',,,Z
MM,AT,1,520,1,1,,,,,Z
MM,AT,1,530,1,1,,,,,Z
MM,AT,1,540,1,1,,,,,Z
MM,AT,1,550,1,1,,,,,Z
MM,AT,1,580,1,1,,'Double sheet detector',,'Bool',Z
MM,AT,1,590,1,1,,'Peeling tool activated',,'Bool',Z
MM,AT,1,620,1,1,,'Sheet stopper',,,Z
MM,AT,1,630,1,1,,'Measure sheet position',,,Z
MM,AT,1,640,1,1,,'Measure range in X',,'mm',Z
MM,AT,1,650,1,1,,'Measure range in Y',,'mm',Z
MM,AT,1,660,1,1,,'Calibration',,'Bool',Z
MM,AT,1,690,1,1,,'Type of pallet change',,,Z
MM,AT,1,700,1,1,,'Measuring Corner',,,Z
MM,AT,1,720,1,1,,'Spreizmagnet (Lift)'                   ,,'Bool',Z
MM,AT,1,730,1,1,,'Drehzylinder  (Lift)'                  ,,'Bool',Z
MM,AT,1,810,1,1,,'Einzelsaugeranwahl'                    ,,'',Z
MM,AT,1,830,1,1,,'Codierung Einzelsauger 1'              ,,'',T
MM,AT,1,840,1,1,,'Codierung Einzelsauger 2'              ,,'',T
C
ZA,DA,1
DA,'SHL-1',1,185.3,213.3,1,1,1,0,1,1,1,1,0,50.0,50.0,1,1,1,0,1,
*  0,'00000000','00000000'
C
ENDE_SHEET_LOAD
C
BEGIN_LTT_CALLS
C
ZA,MM,1
MM,AT,1,10,1,1,,,,,T
C
ZA,DA,1
DA,'KT2D-6786B'
C
ENDE_LTT_CALLS
C
BEGIN_LASER_HEAD
C
ZA, MM, 10
MM,AT,1,  10,1,1,,'Tabellenidentifikator'            ,,'',T
MM,AT,1,  20,1,1,,'Schneidkopf 1 aktiviert'          ,,'Bool',Z
MM,AT,1,  30,1,1,,'Schneidkopf 2 aktiviert'          ,,'Bool',Z
MM,AT,1,  40,1,1,,'Schneidkopf 3 aktiviert'          ,,'Bool',Z
MM,AT,1,  50,1,1,,'Schneidkopf 4 aktiviert'          ,,'Bool',Z
MM,AT,1,  60,1,1,,'Abstand Kopf 2 zu Kopf 1'         ,,'mm',Z
MM,AT,1,  70,1,1,,'Abstand Kopf 3 zu Kopf 2'         ,,'mm',Z
MM,AT,1,  80,1,1,,'Abstand Kopf 4 zu Kopf 3'         ,,'mm',Z
MM,AT,1,  90,1,1,,'Anzahl Schneidkoepfe'             ,,'',Z
MM,AT,1, 100,1,1,,'TRUMPF-Kennung'                   ,,'',Z
C
ZA,DA,1
DA, LHT-1,1,0,0,0,500,0,0,2,1
C
ENDE_LASER_HEAD
C
BEGIN_MICROJOINT
C
ZA,MM,12
MM,AT,1,  10,1,1,,'Tabellenidentifikator              ',,'',T
MM,AT,1, 100,1,1,,'programmierte Microjoints aktiv    ',,'Bool',Z
MM,AT,1, 110,1,1,,'automatische Microjoints aktiv     ',,'Bool',Z
MM,AT,1, 120,1,1,,'Microjointbreite kleine Kontur     ',,'mm',Z
MM,AT,1, 130,1,1,,'Microjointbreite mittlere Kontur   ',,'mm',Z
MM,AT,1, 140,1,1,,'Microjointbreite grosse Kontur     ',,'mm',Z
MM,AT,1, 150,1,1,,'Konturausdehnung min X autom. Microjoint',,'mm',Z
MM,AT,1, 160,1,1,,'Konturausdehnung max X autom. Microjoint',,'mm',Z
MM,AT,1, 170,1,1,,'Konturausdehnung min Y autom. Microjoint',,'mm',Z
MM,AT,1, 180,1,1,,'Konturausdehnung max Y autom. Microjoint',,'mm',Z
MM,AT,1, 190,1,1,,'Einstechart nach Microjoint        ',,'',Z
MM,AT,1, 500,1,1,,'TRUMPF-Kennung                     ',,'',Z
C
ZA,DA,1
DA,'MIJO-1',1,0,0,0,0.7,-1,-1,-1,-1,11,1
C
ENDE_MICROJOINT
C
BEGIN_PROGRAMM
C
ZA,MM,4
MM,AT,1, 10,1,1,,,,,T
MM,AT,1, 20,1,1,,,,,T
MM,AT,1, 30,1,1,,,,,T
MM,AT,1, 40,1,1,,,,,Z
C
ZA,DA,2
DA,'L10038057','UP',,
START_TEXT
N10G91
N20G01X-0.164Y0.06
N30TC_POS_LEVEL(40.0)
N40TC_LASER_ON(1,"KT2D-6786B",10,100)
N50X1.368Y3.759
N60G03X-1.559Y2.225I-1.559J0.567
N70X-5.325Y-5.325I0J-5.325
N80G02X-14.827Y-55.337I-110.675J0
N90G03X9.223Y-5.325I4.611J-2.663
N100X16.254Y60.662I-105.071J60.662
N110X-5.178Y5.323I-5.325J0
N120G01X-0.148Y-0.838
N130TC_LASER_OFF(3)
N140X25.454Y6.348
N150TC_LASER_ON(1,"KT2D-6786B",10,100)
N160X-0.673Y2.51
N170G03X-1.28Y0.982I-1.28J-0.343
N180Y-8.65I0J-4.325
N190X0.072Y8.649I0J4.325
N200G01X-0.655Y-0.655
N210TC_LASER_OFF(3)
N220X23.536Y-2.836
N230TC_LASER_ON(1,"KT2D-6786B",10,100)
N240X-0.673Y2.51
N250G03X-1.28Y0.982I-1.28J-0.343
N260Y-8.65I0J-4.325
N270X0.072Y8.649I0J4.325
N280G01X-0.655Y-0.655
N290TC_LASER_OFF(3)
N300X2.536Y-22.836
N310TC_LASER_ON(1,"KT2D-6786B",10,100)
N320X-0.673Y2.51
N330G03X-1.28Y0.982I-1.28J-0.343
N340Y-8.65I0J-4.325
N350X0.072Y8.649I0J4.325
N360G01X-0.655Y-0.655
N370TC_LASER_OFF(3)
N380X-18.464Y-2.836
N390TC_LASER_ON(1,"KT2D-6786B",10,100)
N400X-0.673Y2.51
N410G03X-1.28Y0.982I-1.28J-0.343
N420Y-8.65I0J-4.325
N430X0.072Y8.649I0J4.325
N440G01X-0.655Y-0.655
N450TC_LASER_OFF(3)
N460X59.036Y-2.836
N470TC_LASER_ON(1,"KT2D-6786B",10,100)
N480X-0.673Y2.51
N490G03X-1.28Y0.982I-1.28J-0.343
N500Y-8.65I0J-4.325
N510X0.072Y8.649I0J4.325
N520G01X-0.655Y-0.655
N530TC_LASER_OFF(3)
N540X2.536Y17.164
N550TC_LASER_ON(1,"KT2D-6786B",10,100)
N560X-0.673Y2.51
N570G03X-1.28Y0.982I-1.28J-0.343
N580Y-8.65I0J-4.325
N590X0.072Y8.649I0J4.325
N600G01X-0.655Y-0.655
N610TC_LASER_OFF(3)
N620X-111.789Y66.521
N630TC_LASER_ON(1,"KT2D-6786B",10,100)
N640X2.349Y3.238
N650G03X-0.187Y2.362I-1.477J1.071
N660X-25.127Y19.281I-85.79J-85.79
N670X-5.325Y-9.224I-2.663J-4.612
N680G02X40.51Y-40.509I-55.338J-95.847
N690G03X9.223Y5.325I4.611J2.662
N700X-19.177Y25.023I-105.071J-60.663
N710G01X-0.699Y-0.489
N720TC_LASER_OFF(3)
N730X83.057Y-59.575
N740TC_LASER_ON(1,"KT2D-6786B",10,100)
N750X-0.695Y-3.939
N760G02X-1.797Y-1.508I-1.797J0.317
N770G01X-14.975
N780G02X-19.162Y14.742I0J19.825
N790G03X-74.453Y88.676I-131.623J-34.917
N800X-4.083Y-1.294I-1.333J-2.881
N810G01X-17.094Y-29.607
N820G03X1.507Y-4.509I2.75J-1.588
N830G02X39.068Y-145.801I-37.5J-88.183
N840G03X0.949Y-4.659I2.537J-1.909
N850G01X29.607Y-17.094
N860G03X4.183Y0.921I1.588J2.75
N870X20.316Y43.533I-111.307J78.45
N880G02X19.162Y14.742I19.162J-5.083
N890G01X57.215
N900G03X3.175Y3.175I0J3.175
N910G01Y34
N920G03X-3.175Y3.175I-3.175J0
N930G01X-42.093
N940X-0.148Y0.84
N950TC_LASER_OFF(3)
N960G01
N970G90
N980M17
N990M02
STOP_TEXT
C
DA,'0038057','HP',,
START_TEXT
N10MSG("PROGRAM NUMBER,0038057")
N20MSG("SHEET Al99 : 185.3 x 213.3 x 0.8")
N30MSG("MSG,PART #:DXFPAR0105 QTY 1")
N40G71
N50F304000
N60TC_POS_LEVEL(40.0)
N70TC_SHEET_TECH("SHT-1")
N80TC_SHEET_LOAD("SHL-1")
N90TC_MICROJOINT("MIJO-1")
N100 ;GOTOF ENTRY_LASER
N110;ENTRY_LASER:
N120;(PART NUMBER: L10038057  DXFPAR0105 NUMBER:1)
N130TC_LASER_HEAD("LHT-1")
N140G01X85.612Y83.902
N150L10038057
N160TC_LASER_OFF(2)
N170M30
STOP_TEXT
ENDE_PROGRAMM
ED


