BD
SET_METRIC
C
BEGIN_EINRICHTEPLAN_INFO
C
ZA,MM,2
MM,AT,1, 60,1,1,,,,,T
MM,AT,1,170,1,1,,,,,T
ZA,DA,1
C
DA,0038060,1
C
ENDE_EINRICHTEPLAN_INFO
C
BEGIN_SHEET_TECH
C
ZA,MM,7
MM,AT,1,10,1,1,,,,,T
MM,AT,1,20,1,1,,,,'mm',Z
MM,AT,1,30,1,1,,,,'mm',Z
MM,AT,1,40,1,1,,,,'mm',Z
MM,AT,1,220,1,1,,,,'mm',Z
MM,AT,1,230,1,1,,,,'mm',Z
MM,AT,1,240,1,1,,'Materialkennung',,'',T
C
ZA,DA,1
DA,'SHT-1',107.0,245.3,0.8,107.0,245.3,'Al99'
C
ENDE_SHEET_TECH
C
BEGIN_SHEET_LOAD
C
ZA,MM,10
MM,AT,1,10,1,1,,'Table identifier',,,T
MM,AT,1,500,1,1,,'Loading unit',,,Z
MM,AT,1,620,1,1,,'Sheet stopper',,,Z
MM,AT,1,630,1,1,,'Measure sheet position',,,Z
MM,AT,1,640,1,1,,'Measure range in X',,'mm',Z
MM,AT,1,650,1,1,,'Measure range in Y',,'mm',Z
MM,AT,1,660,1,1,,'Calibration',,'Bool',Z
MM,AT,1,690,1,1,,'Type of pallet change',,,Z
MM,AT,1,700,1,1,,'Measuring Corner',,,Z
MM,AT,1,710,1,1,,,,,Z
C
ZA,DA,1
DA,'SHL-1',1,1,1,50.0,50.0,1,0,1,1
C
ENDE_SHEET_LOAD
C
BEGIN_LTT_CALLS
C
ZA,MM,1
MM,AT,1,10,1,1,,,,,T
C
ZA,DA,1
DA,'T2D-6792'
C
ENDE_LTT_CALLS
C
BEGIN_LASER_HEAD
C
ZA, MM, 10
MM,AT,1,  10,1,1,,'Tabellenidentifikator'            ,,'',T
MM,AT,1,  20,1,1,,'Schneidkopf 1 aktiviert'          ,,'Bool',Z
MM,AT,1,  30,1,1,,'Schneidkopf 2 aktiviert'          ,,'Bool',Z
MM,AT,1,  40,1,1,,'Schneidkopf 3 aktiviert'          ,,'Bool',Z
MM,AT,1,  50,1,1,,'Schneidkopf 4 aktiviert'          ,,'Bool',Z
MM,AT,1,  60,1,1,,'Abstand Kopf 2 zu Kopf 1'         ,,'mm',Z
MM,AT,1,  70,1,1,,'Abstand Kopf 3 zu Kopf 2'         ,,'mm',Z
MM,AT,1,  80,1,1,,'Abstand Kopf 4 zu Kopf 3'         ,,'mm',Z
MM,AT,1,  90,1,1,,'Anzahl Schneidkoepfe'             ,,'',Z
MM,AT,1, 100,1,1,,'TRUMPF-Kennung'                   ,,'',Z
C
ZA,DA,1
DA, LHT-1,1,0,0,0,450,0,0,2,1
C
ENDE_LASER_HEAD
C
BEGIN_MICROJOINT
C
ZA,MM,12
MM,AT,1,  10,1,1,,'Tabellenidentifikator              ',,'',T
MM,AT,1, 100,1,1,,'programmierte Microjoints aktiv    ',,'Bool',Z
MM,AT,1, 110,1,1,,'automatische Microjoints aktiv     ',,'Bool',Z
MM,AT,1, 120,1,1,,'Microjointbreite kleine Kontur     ',,'mm',Z
MM,AT,1, 130,1,1,,'Microjointbreite mittlere Kontur   ',,'mm',Z
MM,AT,1, 140,1,1,,'Microjointbreite grosse Kontur     ',,'mm',Z
MM,AT,1, 150,1,1,,'Konturausdehnung min X autom. Microjoint',,'mm',Z
MM,AT,1, 160,1,1,,'Konturausdehnung max X autom. Microjoint',,'mm',Z
MM,AT,1, 170,1,1,,'Konturausdehnung min Y autom. Microjoint',,'mm',Z
MM,AT,1, 180,1,1,,'Konturausdehnung max Y autom. Microjoint',,'mm',Z
MM,AT,1, 190,1,1,,'Einstechart nach Microjoint        ',,'',Z
MM,AT,1, 500,1,1,,'TRUMPF-Kennung                     ',,'',Z
C
ZA,DA,1
DA,'MIJO-1',1,0,0,0,0.7,-1,-1,-1,-1,11,1
C
ENDE_MICROJOINT
C
BEGIN_PROGRAMM
C
ZA,MM,4
MM,AT,1, 10,1,1,,,,,T
MM,AT,1, 20,1,1,,,,,T
MM,AT,1, 30,1,1,,,,,T
MM,AT,1, 40,1,1,,,,,Z
C
ZA,DA,2
DA,'L10038060','UP',,
START_TEXT
N10G91
N20G01X-0.029Y0.096
N30TC_POS_LEVEL(40.0)
N40TC_LASER_ON(6,"T2D-6792",10,110)
N50X-9.58Y-2.869
N60F304000
N70X9.58Y2.869
N80TC_LASER_ON(6,"T2D-6792",0,100)
N90X-9.58Y-2.869
N100G03X-54.711Y-34.172I35.03J-116.967
N110X0.015Y-0.151I0.069J-0.067
N120G02X-9.875Y-12.215I-4.275J-6.644
N130G03X-0.149Y-0.013I-0.067J-0.071
N140X-22.336Y-68.535I99.75J-70.416
N150X0.108Y-0.104I0.096J-0.005
N160G02X3.686Y-31.585I1.977J-15.777
N170G03X-0.082Y-0.126I0.015J-0.101
N180X62.328Y-78.543I118.374J29.934
N190X0.145Y0.087I0.045J0.087
N200G01Y15.39
N210G02X0.9Y0.9I0.9J0
N220G01X7.27
N230G03X0.071Y0.171I0J0.1
N240G01X-8.634Y8.636
N250G02X5.829Y15.181I6.293J6.293
N260G01X5.47Y0.282
N270G03X0.094Y0.1I-0.006J0.1
N280G01Y11.26
N290G03X-0.087Y0.099I-0.1J0
N300G01X-11.122Y1.363
N310G02X-0.791Y0.893I0.109J0.893
N320G01Y8.23
N330G02X0.791Y0.893I0.9J0
N340G01X11.122Y1.363
N350G03X0.087Y0.099I-0.013J0.099
N360G01Y10.53
N370G03X-0.03Y0.072I-0.1J0
N380G01X-17.977Y17.543
N390G02X-0.248Y0.437I0.628J0.644
N400X6.046Y45.779I63.155J14.948
N410G01X22.077Y40.899
N420G03X0.132Y0.523I-0.968J0.523
N430G01Y11.747
N440G03X-0.1Y0.1I-0.1J0
N450G01X-3
N460G02X-0.9Y0.9I0J0.9
N470G01Y20
N480G02X0.9Y0.9I0.9J0
N490G01X3
N500G03X0.1Y0.1I0J0.1
N510G01Y10.87
N520Y2
N530TC_LASER_OFF(1)
N540G01
N550G90
N560M17
N570M02
STOP_TEXT
C
DA,'0038060','HP',,
START_TEXT
N10MSG("PROGRAM NUMBER,0038060")
N20MSG("SHEET Al99 : 107.0 x 245.3 x 0.8")
N30MSG("MSG,PART #:DXFPART7 QTY 1")
N40G71
N50F304000
N60TC_POS_LEVEL(40.0)
N70TC_SHEET_TECH("SHT-1")
N80TC_SHEET_LOAD("SHL-1")
N90TC_MICROJOINT("MIJO-1")
N100 ;GOTOF ENTRY_LASER
N110;ENTRY_LASER:
N120;(PART NUMBER: L10038060   NUMBER:1)
N130TC_LASER_HEAD("LHT-1")
N140G01X106.569Y238.13
N150L10038060
N160TC_LASER_OFF(2)
N170M30
STOP_TEXT
ENDE_PROGRAMM
ED


