BD
SET_METRIC
C
BEGIN_EINRICHTEPLAN_INFO
C
ZA,MM,2
MM,AT,1, 60,1,1,,,,,T
MM,AT,1,170,1,1,,,,,T
ZA,DA,1
C
DA,0038061,1
C
ENDE_EINRICHTEPLAN_INFO
C
BEGIN_SHEET_TECH
C
ZA,MM,7
MM,AT,1,10,1,1,,,,,T
MM,AT,1,20,1,1,,,,'mm',Z
MM,AT,1,30,1,1,,,,'mm',Z
MM,AT,1,40,1,1,,,,'mm',Z
MM,AT,1,220,1,1,,,,'mm',Z
MM,AT,1,230,1,1,,,,'mm',Z
MM,AT,1,240,1,1,,'Materialkennung',,'',T
C
ZA,DA,1
DA,'SHT-1',182.0,313.0,0.8,182.0,313.0,'Al99'
C
ENDE_SHEET_TECH
C
BEGIN_SHEET_LOAD
C
ZA,MM,10
MM,AT,1,10,1,1,,'Table identifier',,,T
MM,AT,1,500,1,1,,'Loading unit',,,Z
MM,AT,1,620,1,1,,'Sheet stopper',,,Z
MM,AT,1,630,1,1,,'Measure sheet position',,,Z
MM,AT,1,640,1,1,,'Measure range in X',,'mm',Z
MM,AT,1,650,1,1,,'Measure range in Y',,'mm',Z
MM,AT,1,660,1,1,,'Calibration',,'Bool',Z
MM,AT,1,690,1,1,,'Type of pallet change',,,Z
MM,AT,1,700,1,1,,'Measuring Corner',,,Z
MM,AT,1,710,1,1,,,,,Z
C
ZA,DA,1
DA,'SHL-1',1,1,1,50.0,50.0,1,0,1,1
C
ENDE_SHEET_LOAD
C
BEGIN_LTT_CALLS
C
ZA,MM,1
MM,AT,1,10,1,1,,,,,T
C
ZA,DA,1
DA,'T2D-6792'
C
ENDE_LTT_CALLS
C
BEGIN_LASER_HEAD
C
ZA, MM, 10
MM,AT,1,  10,1,1,,'Tabellenidentifikator'            ,,'',T
MM,AT,1,  20,1,1,,'Schneidkopf 1 aktiviert'          ,,'Bool',Z
MM,AT,1,  30,1,1,,'Schneidkopf 2 aktiviert'          ,,'Bool',Z
MM,AT,1,  40,1,1,,'Schneidkopf 3 aktiviert'          ,,'Bool',Z
MM,AT,1,  50,1,1,,'Schneidkopf 4 aktiviert'          ,,'Bool',Z
MM,AT,1,  60,1,1,,'Abstand Kopf 2 zu Kopf 1'         ,,'mm',Z
MM,AT,1,  70,1,1,,'Abstand Kopf 3 zu Kopf 2'         ,,'mm',Z
MM,AT,1,  80,1,1,,'Abstand Kopf 4 zu Kopf 3'         ,,'mm',Z
MM,AT,1,  90,1,1,,'Anzahl Schneidkoepfe'             ,,'',Z
MM,AT,1, 100,1,1,,'TRUMPF-Kennung'                   ,,'',Z
C
ZA,DA,1
DA, LHT-1,1,0,0,0,450,0,0,2,1
C
ENDE_LASER_HEAD
C
BEGIN_MICROJOINT
C
ZA,MM,12
MM,AT,1,  10,1,1,,'Tabellenidentifikator              ',,'',T
MM,AT,1, 100,1,1,,'programmierte Microjoints aktiv    ',,'Bool',Z
MM,AT,1, 110,1,1,,'automatische Microjoints aktiv     ',,'Bool',Z
MM,AT,1, 120,1,1,,'Microjointbreite kleine Kontur     ',,'mm',Z
MM,AT,1, 130,1,1,,'Microjointbreite mittlere Kontur   ',,'mm',Z
MM,AT,1, 140,1,1,,'Microjointbreite grosse Kontur     ',,'mm',Z
MM,AT,1, 150,1,1,,'Konturausdehnung min X autom. Microjoint',,'mm',Z
MM,AT,1, 160,1,1,,'Konturausdehnung max X autom. Microjoint',,'mm',Z
MM,AT,1, 170,1,1,,'Konturausdehnung min Y autom. Microjoint',,'mm',Z
MM,AT,1, 180,1,1,,'Konturausdehnung max Y autom. Microjoint',,'mm',Z
MM,AT,1, 190,1,1,,'Einstechart nach Microjoint        ',,'',Z
MM,AT,1, 500,1,1,,'TRUMPF-Kennung                     ',,'',Z
C
ZA,DA,1
DA,'MIJO-1',1,0,0,0,0.7,-1,-1,-1,-1,11,1
C
ENDE_MICROJOINT
C
BEGIN_PROGRAMM
C
ZA,MM,4
MM,AT,1, 10,1,1,,,,,T
MM,AT,1, 20,1,1,,,,,T
MM,AT,1, 30,1,1,,,,,T
MM,AT,1, 40,1,1,,,,,Z
C
ZA,DA,11
DA,'L10038061','UP',,
START_TEXT
N10G91
N20G01X-0.096Y-0.026
N30TC_POS_LEVEL(40.0)
N40TC_LASER_ON(6,"T2D-6792",10,110)
N50X-0.463Y1.729
N60F304000
N70X0.463Y-1.729
N80TC_LASER_ON(6,"T2D-6792",0,100)
N90X-0.463Y1.729
N100G03X-0.902Y0.692I-0.902J-0.241
N110Y-6I0J-3
N120Y6I0J3
N130TC_LASER_OFF(1)
N140G01
N150G90
N160M17
N170M02
STOP_TEXT
C
DA,'L20038061','UP',,
START_TEXT
N10G91
N20G01X-0.097Y-0.026
N30TC_POS_LEVEL(40.0)
N40TC_LASER_ON(6,"T2D-6792",10,110)
N50X-0.336Y1.255
N60F304000
N70X0.336Y-1.255
N80TC_LASER_ON(6,"T2D-6792",0,100)
N90X-0.336Y1.255
N100G03X-0.628Y0.482I-0.628J-0.168
N110Y-4.3I0J-2.15
N120Y4.3I0J2.15
N130TC_LASER_OFF(1)
N140G01
N150G90
N160M17
N170M02
STOP_TEXT
C
DA,'L30038061','UP',,
START_TEXT
N10G91
N20G01X-0.097Y-0.025
N30TC_POS_LEVEL(40.0)
N40TC_LASER_ON(6,"T2D-6792",10,110)
N50X-0.239Y0.892
N60F304000
N70X0.239Y-0.892
N80TC_LASER_ON(6,"T2D-6792",0,100)
N90X-0.239Y0.892
N100G03X-0.418Y0.321I-0.418J-0.112
N110Y-3I0J-1.5
N120Y3I0J1.5
N130TC_LASER_OFF(1)
N140G01
N150G90
N160M17
N170M02
STOP_TEXT
C
DA,'L40038061','UP',,
START_TEXT
N10G91
N20G01X-0.095Y0.031
N30TC_POS_LEVEL(40.0)
N40TC_LASER_ON(6,"T2D-6792",10,110)
N50X1.104Y3.396
N60F304000
N70X-1.104Y-3.396
N80TC_LASER_ON(6,"T2D-6792",0,100)
N90X1.104Y3.396
N100G03X-0.637Y1.798I-1.49J0.484
N110X-6.778Y-1.441I-2.669J-4.109
N120G01X-17.701Y-27.256
N130G03X8.219Y-5.338I4.11J-2.669
N140G01X17.701Y27.257
N150G03X-1.441Y6.778I-4.11J2.669
N160TC_LASER_OFF(1)
N170G01
N180G90
N190M17
N200M02
STOP_TEXT
C
DA,'L50038061','UP',,
START_TEXT
N10G91
N20G01X0.099Y-0.017
N30TC_POS_LEVEL(40.0)
N40TC_LASER_ON(6,"T2D-6792",10,110)
N50X0.375Y2.127
N60F304000
N70X-0.375Y-2.127
N80TC_LASER_ON(6,"T2D-6792",0,100)
N90X0.375Y2.127
N100G02X1.871Y1.57I1.871J-0.33
N110G01X4
N120G02X0.9Y-0.9I0J-0.9
N130G01Y-4.5
N140G02X-0.9Y-0.9I-0.9J0
N150G01X-8
N160G02X-0.9Y0.9I0J0.9
N170G01Y4.5
N180G02X0.9Y0.9I0.9J0
N190G01X4
N200TC_LASER_OFF(1)
N210G01
N220G90
N230M17
N240M02
STOP_TEXT
C
DA,'L60038061','UP',,
START_TEXT
N10G91
N20G01X-0.1
N30TC_POS_LEVEL(40.0)
N40TC_LASER_ON(6,"T2D-6792",10,110)
N50Y0.266
N60F304000
N70Y-0.266
N80TC_LASER_ON(6,"T2D-6792",0,100)
N90Y0.266
N100G03X-0.021Y0.051I-0.072J0
N110G01X-3.494Y3.494
N120G03X-0.425Y-0.424I-0.213J-0.212
N130G01X4.738Y-4.738
N140G03X0.424Y0.424I0.212J0.212
N150G01X-1.243Y1.244
N160TC_LASER_OFF(1)
N170G01
N180G90
N190M17
N200M02
STOP_TEXT
C
DA,'L70038061','UP',,
START_TEXT
N10G91
N20G01X-0.097Y-0.026
N30TC_POS_LEVEL(40.0)
N40TC_LASER_ON(6,"T2D-6792",10,110)
N50X-0.261Y0.976
N60F304000
N70X0.261Y-0.976
N80TC_LASER_ON(6,"T2D-6792",0,100)
N90X-0.261Y0.976
N100G03X-0.467Y0.358I-0.467J-0.125
N110Y-3.3I0J-1.65
N120Y3.3I0J1.65
N130TC_LASER_OFF(1)
N140G01
N150G90
N160M17
N170M02
STOP_TEXT
C
DA,'L80038061','UP',,
START_TEXT
N10G91
N20G01X0.071Y0.071
N30TC_POS_LEVEL(40.0)
N40TC_LASER_ON(6,"T2D-6792",10,110)
N50X-0.189Y0.188
N60F304000
N70X0.189Y-0.188
N80TC_LASER_ON(6,"T2D-6792",0,100)
N90X-0.189Y0.188
N100G02X-0.021Y0.051I0.051J0.051
N110G01Y4.941
N120G02X0.6I0.3J0
N130G01Y-6.7
N140G02X-0.6I-0.3J0
N150G01Y1.759
N160TC_LASER_OFF(1)
N170G01
N180G90
N190M17
N200M02
STOP_TEXT
C
DA,'L90038061','UP',,
START_TEXT
N10G91
N20G01X-0.096Y-0.026
N30TC_POS_LEVEL(40.0)
N40TC_LASER_ON(6,"T2D-6792",10,110)
N50X-0.15Y0.558
N60F304000
N70X0.15Y-0.558
N80TC_LASER_ON(6,"T2D-6792",0,100)
N90X-0.15Y0.558
N100G03X-0.225Y0.173I-0.225J-0.06
N110Y-1.8I0J-0.9
N120Y1.8I0J0.9
N130TC_LASER_OFF(1)
N140G01
N150G90
N160M17
N170M02
STOP_TEXT
C
DA,'L100038061','UP',,
START_TEXT
N10G91
N20G01X0.071Y0.071
N30TC_POS_LEVEL(40.0)
N40TC_LASER_ON(6,"T2D-6792",10,110)
N50X7.071Y-7.071
N60F304000
N70X-7.071Y7.071
N80TC_LASER_ON(6,"T2D-6792",0,100)
N90X7.071Y-7.071
N100X59.5Y-59.5
N110G02X0.029Y-0.071I-0.071J-0.071
N120G01Y-23
N130G03X0.9Y-0.9I0.9J0
N140G01X8.5
N150G02X0.1Y-0.1I0J-0.1
N160G01Y-71
N170G02X-0.1Y-0.1I-0.1J0
N180G01X-8.5
N190G03X-0.9Y-0.9I0J-0.9
N200G01Y-23
N210G02X-0.029Y-0.071I-0.1J0
N220G01X-59.5Y-59.5
N230G02X-0.071Y-0.029I-0.071J0.071
N240G01X-28.886
N250G03X-0.636Y-0.264I0J-0.9
N260G01X-6.907Y-6.907
N270G02X-0.071Y-0.029I-0.071J0.071
N280G01X-11
N290G03X-0.9Y-0.9I0J-0.9
N300G01Y-8.6
N310G02X-0.1Y-0.1I-0.1J0
N320G01X-11.5
N330G03X-0.9Y-0.9I0J-0.9
N340G01Y-9.7
N350G02X-0.1Y-0.1I-0.1J0
N360G01X-16.5
N370G02X-0.1Y0.1I0J0.1
N380G01Y8.5
N390G03X-0.9Y0.9I-0.9J0
N400G01X-12
N410G02X-0.1Y0.1I0J0.1
N420G01Y9.8
N430G03X-0.9Y0.9I-0.9J0
N440G01X-1.5
N450G02X-0.1Y0.1I0J0.1
N460G01Y50.2
N470G02X0.1Y0.1I0.1J0
N480G01X9
N490G03X0.9Y0.9I0J0.9
N500G01Y4.5
N510G03X-0.9Y0.9I-0.9J0
N520G01X-9
N530G02X-0.1Y0.1I0J0.1
N540G01Y13
N550G02X0.1Y0.1I0.1J0
N560G01X9
N570G03X0.9Y0.9I0J0.9
N580G01Y4.5
N590G03X-0.9Y0.9I-0.9J0
N600G01X-9
N610G02X-0.1Y0.1I0J0.1
N620G01Y100.5
N630G02X0.1Y0.1I0.1J0
N640G01X11
N650G03X0.9Y0.9I0J0.9
N660G01Y58
N670G03X-0.9Y0.9I-0.9J0
N680G01X-11
N690G02X-0.1Y0.1I0J0.1
N700G01Y15.7
N710G02X0.1Y0.1I0.1J0
N720G01X1.5
N730G03X0.9Y0.9I0J0.9
N740G01Y9.8
N750G02X0.1Y0.1I0.1J0
N760G01X12
N770G03X0.9Y0.9I0J0.9
N780G01Y8.5
N790G02X0.1Y0.1I0.1J0
N800G01X16.5
N810G02X0.1Y-0.1I0J-0.1
N820G01Y-9.7
N830G03X0.9Y-0.9I0.9J0
N840G01X11.5
N850G02X0.1Y-0.1I0J-0.1
N860G01Y-8.6
N870G03X0.9Y-0.9I0.9J0
N880G01X11
N890G02X0.071Y-0.029I0J-0.1
N900G01X6.907Y-6.907
N910G03X0.636Y-0.264I0.636J0.636
N920G01X28.886
N930X2
N940TC_LASER_OFF(1)
N950G01
N960G90
N970M17
N980M02
STOP_TEXT
C
DA,'0038061','HP',,
START_TEXT
N10MSG("PROGRAM NUMBER,0038061")
N20MSG("SHEET Al99 : 182.0 x 313.0 x 0.8")
N30MSG("MSG,PART #:DXFPUNC0 QTY 1")
N40G71
N50F304000
N60TC_POS_LEVEL(40.0)
N70TC_SHEET_TECH("SHT-1")
N80TC_SHEET_LOAD("SHL-1")
N90TC_MICROJOINT("MIJO-1")
N100 ;GOTOF ENTRY_LASER
N110;ENTRY_LASER:
N120;(PART NUMBER: L10038061   NUMBER:1)
N130TC_LASER_HEAD("LHT-1")
N140G01X61.461Y278.305
N150L10038061
N160;ENTRY_LASER:
N170;(PART NUMBER: L20038061   NUMBER:2)
N180TC_LASER_HEAD("LHT-1")
N190G01X50.061Y260.839
N200L20038061
N210;ENTRY_LASER:
N220;(PART NUMBER: L20038061   NUMBER:3)
N230TC_LASER_HEAD("LHT-1")
N240G01X70.632Y254.467
N250L20038061
N260;ENTRY_LASER:
N270;(PART NUMBER: L30038061   NUMBER:4)
N280TC_LASER_HEAD("LHT-1")
N290G01X63.79Y244.276
N300L30038061
N310;ENTRY_LASER:
N320;(PART NUMBER: L20038061   NUMBER:5)
N330TC_LASER_HEAD("LHT-1")
N340G01X57.561Y234.339
N350L20038061
N360;ENTRY_LASER:
N370;(PART NUMBER: L40038061   NUMBER:6)
N380TC_LASER_HEAD("LHT-1")
N390G01X85.111Y249.436
N400L40038061
N410;ENTRY_LASER:
N420;(PART NUMBER: L20038061   NUMBER:7)
N430TC_LASER_HEAD("LHT-1")
N440G01X50.061Y213.839
N450L20038061
N460;ENTRY_LASER:
N470;(PART NUMBER: L50038061   NUMBER:8)
N480TC_LASER_HEAD("LHT-1")
N490G01X86.955Y207.47
N500L50038061
N510;ENTRY_LASER:
N520;(PART NUMBER: L60038061   NUMBER:9)
N530TC_LASER_HEAD("LHT-1")
N540G01X127.247Y235.35
N550L60038061
N560;ENTRY_LASER:
N570;(PART NUMBER: L10038061   NUMBER:10)
N580TC_LASER_HEAD("LHT-1")
N590G01X88.961Y271.105
N600L10038061
N610;ENTRY_LASER:
N620;(PART NUMBER: L70038061   NUMBER:11)
N630TC_LASER_HEAD("LHT-1")
N640G01X158.825Y196.842
N650L70038061
N660;ENTRY_LASER:
N670;(PART NUMBER: L80038061   NUMBER:12)
N680TC_LASER_HEAD("LHT-1")
N690G01X158.797Y154.599
N700L80038061
N710;ENTRY_LASER:
N720;(PART NUMBER: L70038061   NUMBER:13)
N730TC_LASER_HEAD("LHT-1")
N740G01X158.825Y116.842
N750L70038061
N760;ENTRY_LASER:
N770;(PART NUMBER: L80038061   NUMBER:14)
N780TC_LASER_HEAD("LHT-1")
N790G01X124.33Y75.19
N800ROT RPL=315
N810L80038061
N820ROT
N830;ENTRY_LASER:
N840;(PART NUMBER: L50038061   NUMBER:15)
N850TC_LASER_HEAD("LHT-1")
N860G01X86.955Y104.47
N870L50038061
N880;ENTRY_LASER:
N890;(PART NUMBER: L10038061   NUMBER:16)
N900TC_LASER_HEAD("LHT-1")
N910G01X88.961Y43.105
N920L10038061
N930;ENTRY_LASER:
N940;(PART NUMBER: L10038061   NUMBER:17)
N950TC_LASER_HEAD("LHT-1")
N960G01X61.461Y35.905
N970L10038061
N980;ENTRY_LASER:
N990;(PART NUMBER: L90038061   NUMBER:18)
N1000TC_LASER_HEAD("LHT-1")
N1010G01X20.471Y88.595
N1020L90038061
N1030;ENTRY_LASER:
N1040;(PART NUMBER: L90038061   NUMBER:19)
N1050TC_LASER_HEAD("LHT-1")
N1060G01X20.471Y91.995
N1070L90038061
N1080;ENTRY_LASER:
N1090;(PART NUMBER: L90038061   NUMBER:20)
N1100TC_LASER_HEAD("LHT-1")
N1110G01X20.471Y95.395
N1120L90038061
N1130;ENTRY_LASER:
N1140;(PART NUMBER: L90038061   NUMBER:21)
N1150TC_LASER_HEAD("LHT-1")
N1160G01X20.471Y98.795
N1170L90038061
N1180;ENTRY_LASER:
N1190;(PART NUMBER: L100038061   NUMBER:22)
N1200TC_LASER_HEAD("LHT-1")
N1210G01X95.929Y282.571
N1220L100038061
N1230TC_LASER_OFF(2)
N1240M30
STOP_TEXT
ENDE_PROGRAMM
ED


