BD
SET_METRIC
C
BEGIN_EINRICHTEPLAN_INFO
C
ZA,MM,2
MM,AT,1, 60,1,1,,,,,T
MM,AT,1,170,1,1,,,,,T
ZA,DA,1
C
DA,0038059,1
C
ENDE_EINRICHTEPLAN_INFO
C
BEGIN_SHEET_TECH
C
ZA,MM,7
MM,AT,1,10,1,1,,,,,T
MM,AT,1,20,1,1,,,,'mm',Z
MM,AT,1,30,1,1,,,,'mm',Z
MM,AT,1,40,1,1,,,,'mm',Z
MM,AT,1,220,1,1,,,,'mm',Z
MM,AT,1,230,1,1,,,,'mm',Z
MM,AT,1,240,1,1,,'Materialkennung',,'',T
C
ZA,DA,1
DA,'SHT-1',135.0,200.0,0.8,135.0,200.0,'Al99'
C
ENDE_SHEET_TECH
C
BEGIN_SHEET_LOAD
C
ZA,MM,10
MM,AT,1,10,1,1,,'Table identifier',,,T
MM,AT,1,500,1,1,,'Loading unit',,,Z
MM,AT,1,620,1,1,,'Sheet stopper',,,Z
MM,AT,1,630,1,1,,'Measure sheet position',,,Z
MM,AT,1,640,1,1,,'Measure range in X',,'mm',Z
MM,AT,1,650,1,1,,'Measure range in Y',,'mm',Z
MM,AT,1,660,1,1,,'Calibration',,'Bool',Z
MM,AT,1,690,1,1,,'Type of pallet change',,,Z
MM,AT,1,700,1,1,,'Measuring Corner',,,Z
MM,AT,1,710,1,1,,,,,Z
C
ZA,DA,1
DA,'SHL-1',1,1,1,50.0,50.0,1,0,1,1
C
ENDE_SHEET_LOAD
C
BEGIN_LTT_CALLS
C
ZA,MM,1
MM,AT,1,10,1,1,,,,,T
C
ZA,DA,1
DA,'T2D-6792'
C
ENDE_LTT_CALLS
C
BEGIN_LASER_HEAD
C
ZA, MM, 10
MM,AT,1,  10,1,1,,'Tabellenidentifikator'            ,,'',T
MM,AT,1,  20,1,1,,'Schneidkopf 1 aktiviert'          ,,'Bool',Z
MM,AT,1,  30,1,1,,'Schneidkopf 2 aktiviert'          ,,'Bool',Z
MM,AT,1,  40,1,1,,'Schneidkopf 3 aktiviert'          ,,'Bool',Z
MM,AT,1,  50,1,1,,'Schneidkopf 4 aktiviert'          ,,'Bool',Z
MM,AT,1,  60,1,1,,'Abstand Kopf 2 zu Kopf 1'         ,,'mm',Z
MM,AT,1,  70,1,1,,'Abstand Kopf 3 zu Kopf 2'         ,,'mm',Z
MM,AT,1,  80,1,1,,'Abstand Kopf 4 zu Kopf 3'         ,,'mm',Z
MM,AT,1,  90,1,1,,'Anzahl Schneidkoepfe'             ,,'',Z
MM,AT,1, 100,1,1,,'TRUMPF-Kennung'                   ,,'',Z
C
ZA,DA,1
DA, LHT-1,1,0,0,0,450,0,0,2,1
C
ENDE_LASER_HEAD
C
BEGIN_MICROJOINT
C
ZA,MM,12
MM,AT,1,  10,1,1,,'Tabellenidentifikator              ',,'',T
MM,AT,1, 100,1,1,,'programmierte Microjoints aktiv    ',,'Bool',Z
MM,AT,1, 110,1,1,,'automatische Microjoints aktiv     ',,'Bool',Z
MM,AT,1, 120,1,1,,'Microjointbreite kleine Kontur     ',,'mm',Z
MM,AT,1, 130,1,1,,'Microjointbreite mittlere Kontur   ',,'mm',Z
MM,AT,1, 140,1,1,,'Microjointbreite grosse Kontur     ',,'mm',Z
MM,AT,1, 150,1,1,,'Konturausdehnung min X autom. Microjoint',,'mm',Z
MM,AT,1, 160,1,1,,'Konturausdehnung max X autom. Microjoint',,'mm',Z
MM,AT,1, 170,1,1,,'Konturausdehnung min Y autom. Microjoint',,'mm',Z
MM,AT,1, 180,1,1,,'Konturausdehnung max Y autom. Microjoint',,'mm',Z
MM,AT,1, 190,1,1,,'Einstechart nach Microjoint        ',,'',Z
MM,AT,1, 500,1,1,,'TRUMPF-Kennung                     ',,'',Z
C
ZA,DA,1
DA,'MIJO-1',1,0,0,0,0.7,-1,-1,-1,-1,11,1
C
ENDE_MICROJOINT
C
BEGIN_PROGRAMM
C
ZA,MM,4
MM,AT,1, 10,1,1,,,,,T
MM,AT,1, 20,1,1,,,,,T
MM,AT,1, 30,1,1,,,,,T
MM,AT,1, 40,1,1,,,,,Z
C
ZA,DA,4
DA,'L10038059','UP',,
START_TEXT
N10G91
N20G01X-0.086Y-0.051
N30TC_POS_LEVEL(40.0)
N40TC_LASER_ON(6,"T2D-6792",10,110)
N50X-3.934Y6.673
N60F304000
N70X3.934Y-6.673
N80TC_LASER_ON(6,"T2D-6792",0,100)
N90X-3.934Y6.673
N100G03X-1.637Y0.935I-1.637J-0.965
N110Y-19.8I0J-9.9
N120Y19.8I0J9.9
N130TC_LASER_OFF(1)
N140G01
N150G90
N160M17
N170M02
STOP_TEXT
C
DA,'L20038059','UP',,
START_TEXT
N10G91
N20G01X0.026Y-0.096
N30TC_POS_LEVEL(40.0)
N40TC_LASER_ON(6,"T2D-6792",10,110)
N50X-9.638Y-2.667
N60F304000
N70X9.638Y2.667
N80TC_LASER_ON(6,"T2D-6792",0,100)
N90X-9.638Y-2.667
N100G03X-26.072Y-26.072I9.974J-36.046
N110G02X-0.096Y-0.074I-0.096J0.026
N120G01X-9
N130G03X-0.9Y-0.9I0J-0.9
N140G01Y-18
N150G03X0.9Y-0.9I0.9J0
N160G01X9
N170G02X0.096Y-0.073I0J-0.1
N180G03X26.072Y-26.072I36.046J9.973
N190G02X0.074Y-0.097I-0.026J-0.097
N200G01Y-28.858
N210G03X19.8I9.9J0
N220G01Y28.858
N230G02X0.073Y0.097I0.1J0
N240G03X26.072Y26.072I-9.973J36.045
N250G02X0.097Y0.073I0.097J-0.027
N260G01X9
N270G03X0.9Y0.9I0J0.9
N280G01Y18
N290G03X-0.9Y0.9I-0.9J0
N300G01X-9
N310G02X-0.097Y0.074I0J0.1
N320G03X-26.072Y26.072I-36.045J-9.974
N330G02X-0.073Y0.097I0.027J0.097
N340G01Y28.857
N350G03X-19.8I-9.9J0
N360G01Y-28.857
N370Y-2
N380TC_LASER_OFF(1)
N390G01
N400G90
N410M17
N420M02
STOP_TEXT
C
DA,'L30038059','UP',,
START_TEXT
N10G91
N20G01X-0.051Y0.086
N30TC_POS_LEVEL(40.0)
N40TC_LASER_ON(6,"T2D-6792",10,110)
N50X-8.594Y-5.113
N60F304000
N70X8.594Y5.113
N80TC_LASER_ON(6,"T2D-6792",0,100)
N90X-8.594Y-5.113
N100G02X-2.315Y0.289I-0.971J1.633
N110G03X-17.748Y7.352I-17.748J-17.748
N120G01X-65
N130G03X-25.1Y-25.1I0J-25.1
N140G01Y-130
N150G03X25.1Y-25.1I25.1J0
N160G01X65
N170G03X25.1Y25.1I0J25.1
N180G01Y130
N190G03X-7.352Y17.748I-25.1J0
N200TC_LASER_OFF(1)
N210G01
N220G90
N230M17
N240M02
STOP_TEXT
C
DA,'0038059','HP',,
START_TEXT
N10MSG("PROGRAM NUMBER,0038059")
N20MSG("SHEET Al99 : 135.0 x 200.0 x 0.8")
N30MSG("MSG,PART #:Pieza_prueba_Maxwell_2 QTY 1")
N40G71
N50F304000
N60TC_POS_LEVEL(40.0)
N70TC_SHEET_TECH("SHT-1")
N80TC_SHEET_LOAD("SHL-1")
N90TC_MICROJOINT("MIJO-1")
N100 ;GOTOF ENTRY_LASER
N110;ENTRY_LASER:
N120;(PART NUMBER: L10038059   NUMBER:1)
N130TC_LASER_HEAD("LHT-1")
N140G01X40.657Y167.343
N150L10038059
N160;ENTRY_LASER:
N170;(PART NUMBER: L10038059   NUMBER:2)
N180TC_LASER_HEAD("LHT-1")
N190G01X105.657Y167.343
N200L10038059
N210;ENTRY_LASER:
N220;(PART NUMBER: L20038059   NUMBER:3)
N230TC_LASER_HEAD("LHT-1")
N240G01X67.865Y138.518
N250L20038059
N260;ENTRY_LASER:
N270;(PART NUMBER: L10038059   NUMBER:4)
N280TC_LASER_HEAD("LHT-1")
N290G01X105.657Y37.343
N300L10038059
N310;ENTRY_LASER:
N320;(PART NUMBER: L10038059   NUMBER:5)
N330TC_LASER_HEAD("LHT-1")
N340G01X40.657Y37.343
N350L10038059
N360;ENTRY_LASER:
N370;(PART NUMBER: L30038059   NUMBER:6)
N380TC_LASER_HEAD("LHT-1")
N390G01X128.708Y187.486
N400L30038059
N410TC_LASER_OFF(2)
N420M30
STOP_TEXT
ENDE_PROGRAMM
ED


