BD
SET_METRIC
C
BEGIN_EINRICHTEPLAN_INFO
C
ZA,MM,2
MM,AT,1, 60,1,1,,,,,T
MM,AT,1,170,1,1,,,,,T
ZA,DA,1
C
DA,0038062,1
C
ENDE_EINRICHTEPLAN_INFO
C
BEGIN_SHEET_TECH
C
ZA,MM,7
MM,AT,1,10,1,1,,,,,T
MM,AT,1,20,1,1,,,,'mm',Z
MM,AT,1,30,1,1,,,,'mm',Z
MM,AT,1,40,1,1,,,,'mm',Z
MM,AT,1,220,1,1,,,,'mm',Z
MM,AT,1,230,1,1,,,,'mm',Z
MM,AT,1,240,1,1,,'Materialkennung',,'',T
C
ZA,DA,1
DA,'SHT-1',195.3,223.3,0.8,195.3,223.3,'Al99'
C
ENDE_SHEET_TECH
C
BEGIN_SHEET_LOAD
C
ZA,MM,10
MM,AT,1,10,1,1,,'Table identifier',,,T
MM,AT,1,500,1,1,,'Loading unit',,,Z
MM,AT,1,620,1,1,,'Sheet stopper',,,Z
MM,AT,1,630,1,1,,'Measure sheet position',,,Z
MM,AT,1,640,1,1,,'Measure range in X',,'mm',Z
MM,AT,1,650,1,1,,'Measure range in Y',,'mm',Z
MM,AT,1,660,1,1,,'Calibration',,'Bool',Z
MM,AT,1,690,1,1,,'Type of pallet change',,,Z
MM,AT,1,700,1,1,,'Measuring Corner',,,Z
MM,AT,1,710,1,1,,,,,Z
C
ZA,DA,1
DA,'SHL-1',1,1,1,50.0,50.0,1,0,1,1
C
ENDE_SHEET_LOAD
C
BEGIN_LTT_CALLS
C
ZA,MM,1
MM,AT,1,10,1,1,,,,,T
C
ZA,DA,1
DA,'T2D-6792'
C
ENDE_LTT_CALLS
C
BEGIN_LASER_HEAD
C
ZA, MM, 10
MM,AT,1,  10,1,1,,'Tabellenidentifikator'            ,,'',T
MM,AT,1,  20,1,1,,'Schneidkopf 1 aktiviert'          ,,'Bool',Z
MM,AT,1,  30,1,1,,'Schneidkopf 2 aktiviert'          ,,'Bool',Z
MM,AT,1,  40,1,1,,'Schneidkopf 3 aktiviert'          ,,'Bool',Z
MM,AT,1,  50,1,1,,'Schneidkopf 4 aktiviert'          ,,'Bool',Z
MM,AT,1,  60,1,1,,'Abstand Kopf 2 zu Kopf 1'         ,,'mm',Z
MM,AT,1,  70,1,1,,'Abstand Kopf 3 zu Kopf 2'         ,,'mm',Z
MM,AT,1,  80,1,1,,'Abstand Kopf 4 zu Kopf 3'         ,,'mm',Z
MM,AT,1,  90,1,1,,'Anzahl Schneidkoepfe'             ,,'',Z
MM,AT,1, 100,1,1,,'TRUMPF-Kennung'                   ,,'',Z
C
ZA,DA,1
DA, LHT-1,1,0,0,0,450,0,0,2,1
C
ENDE_LASER_HEAD
C
BEGIN_MICROJOINT
C
ZA,MM,12
MM,AT,1,  10,1,1,,'Tabellenidentifikator              ',,'',T
MM,AT,1, 100,1,1,,'programmierte Microjoints aktiv    ',,'Bool',Z
MM,AT,1, 110,1,1,,'automatische Microjoints aktiv     ',,'Bool',Z
MM,AT,1, 120,1,1,,'Microjointbreite kleine Kontur     ',,'mm',Z
MM,AT,1, 130,1,1,,'Microjointbreite mittlere Kontur   ',,'mm',Z
MM,AT,1, 140,1,1,,'Microjointbreite grosse Kontur     ',,'mm',Z
MM,AT,1, 150,1,1,,'Konturausdehnung min X autom. Microjoint',,'mm',Z
MM,AT,1, 160,1,1,,'Konturausdehnung max X autom. Microjoint',,'mm',Z
MM,AT,1, 170,1,1,,'Konturausdehnung min Y autom. Microjoint',,'mm',Z
MM,AT,1, 180,1,1,,'Konturausdehnung max Y autom. Microjoint',,'mm',Z
MM,AT,1, 190,1,1,,'Einstechart nach Microjoint        ',,'',Z
MM,AT,1, 500,1,1,,'TRUMPF-Kennung                     ',,'',Z
C
ZA,DA,1
DA,'MIJO-1',1,0,0,0,0.7,-1,-1,-1,-1,11,1
C
ENDE_MICROJOINT
C
BEGIN_PROGRAMM
C
ZA,MM,4
MM,AT,1, 10,1,1,,,,,T
MM,AT,1, 20,1,1,,,,,T
MM,AT,1, 30,1,1,,,,,T
MM,AT,1, 40,1,1,,,,,Z
C
ZA,DA,5
DA,'L10038062','UP',,
START_TEXT
N10G91
N20G01X0.028Y-0.096
N30TC_POS_LEVEL(40.0)
N40TC_LASER_ON(6,"T2D-6792",10,110)
N50X-5.28Y-1.541
N60F304000
N70X5.28Y1.541
N80TC_LASER_ON(6,"T2D-6792",0,100)
N90X-5.28Y-1.541
N100G03X-0.911Y-2.69I0.486J-1.664
N110X1.653Y-1.482I4.353J3.195
N120G02X40.483Y-40.482I-55.3J-95.782
N130G03X9.353Y5.4I4.676J2.7
N140X-44.436Y44.436I-105.136J-60.7
N150X-7.053Y-7.872I-2.7J-4.677
N160TC_LASER_OFF(1)
N170G01
N180G90
N190M17
N200M02
STOP_TEXT
C
DA,'L20038062','UP',,
START_TEXT
N10G91
N20G01X-0.097Y-0.026
N30TC_POS_LEVEL(40.0)
N40TC_LASER_ON(6,"T2D-6792",10,110)
N50X-0.672Y2.509
N60F304000
N70X0.672Y-2.509
N80TC_LASER_ON(6,"T2D-6792",0,100)
N90X-0.672Y2.509
N100G03X-1.353Y1.038I-1.353J-0.362
N110Y-8.8I0J-4.4
N120Y8.8I0J4.4
N130TC_LASER_OFF(1)
N140G01
N150G90
N160M17
N170M02
STOP_TEXT
C
DA,'L30038062','UP',,
START_TEXT
N10G91
N20G01X-0.094Y0.035
N30TC_POS_LEVEL(40.0)
N40TC_LASER_ON(6,"T2D-6792",10,110)
N50X1.881Y5.168
N60F304000
N70X-1.881Y-5.168
N80TC_LASER_ON(6,"T2D-6792",0,100)
N90X1.881Y5.168
N100G03X-1.629Y2.326I-1.629J0.593
N110X-5.4Y-5.4I0J-5.4
N120G02X-14.817Y-55.3I-110.6J0
N130G03X9.353Y-5.4I4.676J-2.7
N140X16.264Y60.7I-105.136J60.7
N150X-5.4Y5.4I-5.4J0
N160TC_LASER_OFF(1)
N170G01
N180G90
N190M17
N200M02
STOP_TEXT
C
DA,'L40038062','UP',,
START_TEXT
N10G91
N20G01X-0.098Y-0.017
N30TC_POS_LEVEL(40.0)
N40TC_LASER_ON(6,"T2D-6792",10,110)
N50X-1.737Y9.848
N60F304000
N70X1.737Y-9.848
N80TC_LASER_ON(6,"T2D-6792",0,100)
N90X-1.737Y9.848
N100G03X-1.871Y1.57I-1.871J-0.33
N110G01X-14.975
N120G03X-19.235Y-14.797I0J-19.9
N130G02X-20.304Y-43.51I-131.55J34.897
N140X-4.084Y-0.899I-2.534J1.786
N150G01X-29.607Y17.094
N160G02X-0.927Y4.549I1.55J2.685
N170G03X-39.098Y145.915I-76.628J57.663
N180G02X-1.472Y4.402I1.213J2.852
N190G01X17.094Y29.608
N200G02X3.986Y1.263I2.685J-1.55
N210X74.412Y-88.627I-57.138J-123.525
N220G03X19.235Y-14.798I19.235J5.102
N230G01X57.215
N240G02X3.1Y-3.1I0J-3.1
N250G01Y-34
N260G02X-3.1Y-3.1I-3.1J0
N270G01X-42.24
N280TC_LASER_OFF(1)
N290G01
N300G90
N310M17
N320M02
STOP_TEXT
C
DA,'0038062','HP',,
START_TEXT
N10MSG("PROGRAM NUMBER,0038062")
N20MSG("SHEET Al99 : 195.3 x 223.3 x 0.8")
N30MSG("MSG,PART #:DXFPAR0105 QTY 1")
N40G71
N50F304000
N60TC_POS_LEVEL(40.0)
N70TC_SHEET_TECH("SHT-1")
N80TC_SHEET_LOAD("SHL-1")
N90TC_MICROJOINT("MIJO-1")
N100 ;GOTOF ENTRY_LASER
N110;ENTRY_LASER:
N120;(PART NUMBER: L10038062   NUMBER:1)
N130TC_LASER_HEAD("LHT-1")
N140G01X34.067Y191.212
N150L10038062
N160;ENTRY_LASER:
N170;(PART NUMBER: L20038062   NUMBER:2)
N180TC_LASER_HEAD("LHT-1")
N190G01X115.879Y100.5
N200L20038062
N210;ENTRY_LASER:
N220;(PART NUMBER: L20038062   NUMBER:3)
N230TC_LASER_HEAD("LHT-1")
N240G01X115.879Y80.5
N250L20038062
N260;ENTRY_LASER:
N270;(PART NUMBER: L20038062   NUMBER:4)
N280TC_LASER_HEAD("LHT-1")
N290G01X136.879Y80.5
N300L20038062
N310;ENTRY_LASER:
N320;(PART NUMBER: L20038062   NUMBER:5)
N330TC_LASER_HEAD("LHT-1")
N340G01X136.879Y100.5
N350L20038062
N360;ENTRY_LASER:
N370;(PART NUMBER: L20038062   NUMBER:6)
N380TC_LASER_HEAD("LHT-1")
N390G01X172.379Y100.5
N400L20038062
N410;ENTRY_LASER:
N420;(PART NUMBER: L20038062   NUMBER:7)
N430TC_LASER_HEAD("LHT-1")
N440G01X172.379Y80.5
N450L20038062
N460;ENTRY_LASER:
N470;(PART NUMBER: L30038062   NUMBER:8)
N480TC_LASER_HEAD("LHT-1")
N490G01X90.099Y87.492
N500L30038062
N510;ENTRY_LASER:
N520;(PART NUMBER: L40038062   NUMBER:9)
N530TC_LASER_HEAD("LHT-1")
N540G01X143.723Y58.12
N550L40038062
N560TC_LASER_OFF(2)
N570M30
STOP_TEXT
ENDE_PROGRAMM
ED


