BD
SET_METRIC
C
BEGIN_EINRICHTEPLAN_INFO
C
ZA,MM,28
MM,AT,1,   10, 1,1,,'Maschine'                          ,,'',T
MM,AT,1,   20, 1,1,,'Typ'                               ,,'',Z
MM,AT,1,   30, 1,1,,'Steuerung'                         ,,'',T
MM,AT,1,   40, 1,1,,'Variante'                          ,,'',Z
MM,AT,1,   50, 1,1,,'Firma'                             ,,'',T
MM,AT,1,   60, 1,1,,'Programmnummer'                    ,,'',T
MM,AT,1,   70, 1,1,,'Bearbeiter'                        ,,'',T
MM,AT,1,   80, 1,1,,'Datum'                             ,,'',T
MM,AT,1,   90, 1,1,,'Auftragsname'                      ,,'',T
MM,AT,1,  100, 1,1,,'Anzahl der Programmdurchlaeufe'    ,,'',Z
MM,AT,1,  110, 1,1,,'Tafelname'                         ,,'',T
MM,AT,1,  120, 1,1,,'Speicherbedarf'                    ,,'',Z
MM,AT,1,  130, 1,1,,'Material-ID'                       ,,'',T
MM,AT,1,  140, 1,1,,'Tafelgewicht'                      ,,'kg',Z
MM,AT,1,  150, 1,1,,'Maschinenzeit'                     ,,'min',Z
MM,AT,1,  160, 1,1,,'Bemerkung'                         ,,'',T
MM,AT,1,  170, 1,1,,'Flag Automatisiert'                ,,'Bool',Z
MM,AT,1,  180, 1,1,,'Flag ToPsxxx-Programm'             ,,'Bool',Z
MM,AT,1,  190, 1,1,,'Einrichteplanfilename'             ,,'',T
MM,AT,1,  200, 1,1,,'Lagergutbezeichnung'               ,,'',T
MM,AT,1,  210, 1,1,,'Palettierungsflag'                 ,,'Bool',Z
MM,AT,1,  220, 1,1,,'Palettierungmodus'                 ,,'',Z
MM,AT,1,  230, 1,1,,'Palette putzen'                    ,,'Bool',Z
MM,AT,1,  240, 1,1,,'Sauger putzen'                     ,,'Bool',Z
MM,AT,1,  250, 1,1,,'SystemPalletType'                  ,,'',T
MM,AT,1,  260, 1,1,,'Bearbeitungszeit PierceLine'       ,,'min',Z
MM,AT,1,  270, 1,1,,'Schneidlänge'                      ,,'mm',Z
MM,AT,1,  280, 1,1,,'viewer name machine'               ,,'',T
C
ZA,DA,1
DA,'L22',1,'BR ARNC0',1,'Trumpf','38066','User','22.06.2022',
*  'TRUMPF',1,'',14074,
*  'Al99',,0.94,'  ',0,1,'',
*  '',0,1,1,1,'',0.00,405.38,'TruLaser 1030 (L22)'
C
ENDE_EINRICHTEPLAN_INFO
C
BEGIN_SHEET_TECH
C
ZA,MM,10
MM,AT,1,  10,1,1,,'Tabellenidentifikator'                 ,,'',T
MM,AT,1,  20,1,1,,'Blechmass X'                           ,,'mm',Z
MM,AT,1,  30,1,1,,'Blechmass Y'                           ,,'mm',Z
MM,AT,1,  40,1,1,,'Blechmass Z'                           ,,'mm',Z
MM,AT,1, 200,1,1,,'TRUMPF-Kennung'                        ,,'',Z
MM,AT,1, 220,1,1,,'Blechmass X real'                      ,,'mm',Z
MM,AT,1, 230,1,1,,'Blechmass Y real'                      ,,'mm',Z
MM,AT,1, 240,1,1,,'Materialkennung'                       ,,'',T
MM,AT,1, 260,1,1,,'Werkstoffdichte'                       ,,'kg/dm3',Z
MM,AT,1, 290,1,1,,'Werkstoffkennung'                      ,,'',T
C
ZA,DA,1
DA,'SHT-1',303.0,172.0,0.8,1,303.0,172.0,'Al99',2.7,
*  'Al99'
C
ENDE_SHEET_TECH
C
BEGIN_SHEET_LOAD
C
ZA,MM,25
MM,AT,1,  10,1,1,,'Tabellenidentifikator'                 ,,'',T
MM,AT,1,  70,1,1,,'TRUMPF-Kennung'                        ,,'',Z
MM,AT,1, 100,1,1,,'maximale Bearbeitungsposition X'       ,,'mm',Z
MM,AT,1, 110,1,1,,'maximale Bearbeitungsposition Y'       ,,'mm',Z
MM,AT,1, 500,1,1,,'Beladegeraet'                          ,,'',Z
MM,AT,1, 520,1,1,,'LIFT_SAUGERGRUPPE_1'                   ,,'',Z
MM,AT,1, 530,1,1,,'LIFT_SAUGERGRUPPE_2'                   ,,'',Z
MM,AT,1, 540,1,1,,'LIFT_SAUGERGRUPPE_3'                   ,,'',Z
MM,AT,1, 550,1,1,,'LIFT_SAUGERGRUPPE_4'                   ,,'',Z
MM,AT,1, 580,1,1,,'Lift Doppelblechdet aktiv'             ,,'Bool',Z
MM,AT,1, 590,1,1,,'Lift abschaelen'                       ,,'Bool',Z
MM,AT,1, 620,1,1,,'Blechanschlag'                         ,,'',Z
MM,AT,1, 630,1,1,,'Blechlage vermessen'                   ,,'',Z
MM,AT,1, 640,1,1,,'Messbereich X'                         ,,'mm',Z
MM,AT,1, 650,1,1,,'Messbereich Y'                         ,,'mm',Z
MM,AT,1, 660,1,1,,'Kalibrierung'                          ,,'Bool',Z
MM,AT,1, 690,1,1,,'Palettenwechselart'                    ,,'',Z
MM,AT,1, 700,1,1,,'Messecke'                              ,,'',Z
MM,AT,1, 720,1,1,,'Spreizmagnet (Lift)'                   ,,'Bool',Z
MM,AT,1, 730,1,1,,'Drehzylinder  (Lift)'                  ,,'Bool',Z
MM,AT,1, 810,1,1,,'Einzelsaugeranwahl'                    ,,'',Z
MM,AT,1, 820,1,1,,'Blech beim Beladen ausrichten'         ,,'',Z
MM,AT,1, 830,1,1,,'Codierung Einzelsauger 1'              ,,'',T
MM,AT,1, 840,1,1,,'Codierung Einzelsauger 2'              ,,'',T
MM,AT,1, 850,1,1,,'Saugermodus'                           ,,'',Z
C
ZA,DA,1
DA,'SHL-1',1,,,0,0,0,0,0,1,1,1,0,50.0,50.0,1,1,1,1,1,0,
*  0,'00000000','00000000',0
C
ENDE_SHEET_LOAD
C
BEGIN_SHEET_UNLOAD
C
ZA,MM,2
MM,AT,1,  10,1,1,,'Tabellenidentifikator',,'',T
MM,AT,1, 580,1,1,,'Entladegeraet',,'',Z
C
ZA,DA,1
DA,'SHU-1',1
C
ENDE_SHEET_UNLOAD
C
BEGIN_LTT_STAMM
C
ZA,MM,189
MM,AT,1,   10, 1,1,,'Tabellenidentifikator'             ,,'',T
MM,AT,1,   20, 1,1,,'Bearbeiter'                        ,,'',T
MM,AT,1,   30, 1,1,,'Erstellungsdatum'                  ,,'',T
MM,AT,1,   40, 1,1,,'letzte Aenderung'                  ,,'',T
MM,AT,1,   50, 1,1,,'Bemerkung'                         ,,'',T
MM,AT,1,   60, 1,1,,'Einblendstatus'                    ,,'',Z
MM,AT,1,   70, 1,1,,'Erstellungs-Einheit'               ,,'',Z
MM,AT,1,   80, 1,1,,'Maschinentyp'                      ,,'',T
MM,AT,1,   90, 1,1,,'Lasernennleistung'                ,,'W',Z
MM,AT,1,  100, 1,1,,'Material'                          ,,'',T
MM,AT,1,  110, 1,1,,'Materialdicke'                   ,,'mm',Z
MM,AT,1,  120, 1,1,,'Linsenbrennweite'                 ,,'mm',Z
MM,AT,1,  130, 1,1,,'Duesentyp Duesendurchmesser'       ,,'',T
MM,AT,1,  140, 1,1,,'Schneidkopfnummer'                 ,,'',Z
MM,AT,1,  150, 1,1,,'Gasspuelen Schneiden-Einst'       ,,'s',Z
MM,AT,1,  160, 1,1,,'Gasspuelen Einst-Schneiden'       ,,'s',Z
MM,AT,1,  170, 1,1,,'SCHN Einstellmass'               ,,'mm',Z
MM,AT,1,  180, 1,1,,'SCHN red. Beschleunigung'      ,,'m/s2',Z
MM,AT,1,  190, 1,1,,'SCHN Beschleunigung'           ,,'m/s2',Z
MM,AT,1,  200, 1,1,,'SCHN Eckenkuehlzeit'              ,,'s',Z
MM,AT,1,  210, 1,1,,'SCHN V-Red AnschnittDickblech'    ,,'%',Z
MM,AT,1,  220, 1,1,,'SCHN Gasart Schneiden'             ,,'',Z
MM,AT,1,  230, 1,1,,'SCHN Gasart red. Schneiden'        ,,'',Z
MM,AT,1,  240, 1,1,,'SCHN-GR Schnittspalt'            ,,'mm',Z
MM,AT,1,  250, 1,1,,'SCHN-GR-N Laserleistung'         ,,'W',Z
MM,AT,1,  260, 1,1,,'SCHN-GR-N Tastfrequenz'          ,,'Hz',Z
MM,AT,1,  270, 1,1,,'SCHN-GR-N Geschwindigkeit'    ,,'m/min',Z
MM,AT,1,  280, 1,1,,'SCHN-GR-N Duesenabstand'        ,,'mm',Z
MM,AT,1,  290, 1,1,,'SCHN-GR-N Gasdruck'            ,,'bar',Z
MM,AT,1,  300, 1,1,,'SCHN-GR-R Laserleistung'         ,,'W',Z
MM,AT,1,  310, 1,1,,'SCHN-GR-R Tastfrequenz'         ,,'Hz',Z
MM,AT,1,  320, 1,1,,'SCHN-GR-R Geschwindigkeit'    ,,'m/min',Z
MM,AT,1,  330, 1,1,,'SCHN-GR-R Duesenabstand'         ,,'mm',Z
MM,AT,1,  340, 1,1,,'SCHN-GR-R Gasdruck'             ,,'bar',Z
MM,AT,1,  350, 1,1,,'SCHN-MI Schnittspalt'           ,,'mm',Z
MM,AT,1,  360, 1,1,,'SCHN-MI-N Laserleistung'         ,,'W',Z
MM,AT,1,  370, 1,1,,'SCHN-MI-N Tastfrequenz'         ,,'Hz',Z
MM,AT,1,  380, 1,1,,'SCHN-MI-N Geschwindigkeit'   ,,'m/min',Z
MM,AT,1,  390, 1,1,,'SCHN-MI-N Duesenabstand'        ,,'mm',Z
MM,AT,1,  400, 1,1,,'SCHN-MI-N Gasdruck'            ,,'bar',Z
MM,AT,1,  410, 1,1,,'SCHN-MI-R Laserleistung'         ,,'W',Z
MM,AT,1,  420, 1,1,,'SCHN-MI-R Tastfrequenz'         ,,'Hz',Z
MM,AT,1,  430, 1,1,,'SCHN-MI-R Geschwindigkeit'   ,,'m/min',Z
MM,AT,1,  440, 1,1,,'SCHN-MI-R Duesenabstand'        ,,'mm',Z
MM,AT,1,  450, 1,1,,'SCHN-MI-R Gasdruck'            ,,'bar',Z
MM,AT,1,  460, 1,1,,'SCHN-KL Schnittspalt'            ,,'mm',Z
MM,AT,1,  470, 1,1,,'SCHN-KL-N Laserleistung'          ,,'W',Z
MM,AT,1,  480, 1,1,,'SCHN-KL-N Tastfrequenz'          ,,'Hz',Z
MM,AT,1,  490, 1,1,,'SCHN-KL-N Geschwindigkeit'    ,,'m/min',Z
MM,AT,1,  500, 1,1,,'SCHN-KL-N Duesenabstand'         ,,'mm',Z
MM,AT,1,  510, 1,1,,'SCHN-KL-N Gasdruck'             ,,'bar',Z
MM,AT,1,  520, 1,1,,'SCHN-KL-R Laserleistung'          ,,'W',Z
MM,AT,1,  530, 1,1,,'SCHN-KL-R Tastfrequenz'          ,,'Hz',Z
MM,AT,1,  540, 1,1,,'SCHN-KL-R Geschwindigkeit'    ,,'m/min',Z
MM,AT,1,  550, 1,1,,'SCHN-KL-R Duesenabstand'         ,,'mm',Z
MM,AT,1,  560, 1,1,,'SCHN-KL-R Gasdruck'             ,,'bar',Z
MM,AT,1,  570, 1,1,,'EINS Einstellmass'               ,,'mm',Z
MM,AT,1,  580, 1,1,,'EINS-N Zeit'                      ,,'s',Z
MM,AT,1,  590, 1,1,,'EINS-N Rampenzyklusnummer'         ,,'',Z
MM,AT,1,  600, 1,1,,'EINS-N Duesenabstand'            ,,'mm',Z
MM,AT,1,  610, 1,1,,'EINS-N Ausblaszeit'               ,,'s',Z
MM,AT,1,  620, 1,1,,'EINS-N Gasart'                     ,,'',Z
MM,AT,1,  630, 1,1,,'EINS-N Gasdruck'                ,,'bar',Z
MM,AT,1,  640, 1,1,,'EINS-N Oelspruehen'               ,,'',Z
MM,AT,1,  650, 1,1,,'EINS-R Zeit'                      ,,'s',Z
MM,AT,1,  660, 1,1,,'EINS-R Rampenzyklusnummer'         ,,'',Z
MM,AT,1,  670, 1,1,,'EINS-R Duesenabstand'            ,,'mm',Z
MM,AT,1,  680, 1,1,,'EINS-R Ausblaszeit'               ,,'s',Z
MM,AT,1,  690, 1,1,,'EINS-R Gasart'                     ,,'',Z
MM,AT,1,  700, 1,1,,'EINS-R Gasdruck'                ,,'bar',Z
MM,AT,1,  710, 1,1,,'EINS-R Oelspruehen'               ,,'',Z
MM,AT,1,  720, 1,1,,'ABDA Einstellmass'               ,,'mm',Z
MM,AT,1,  730, 1,1,,'ABDA Zeit'                        ,,'s',Z
MM,AT,1,  740, 1,1,,'ABDA Duesenabstand'               ,,'mm',Z
MM,AT,1,  750, 1,1,,'ABDA Laserleistung'               ,,'W',Z
MM,AT,1,  760, 1,1,,'ABDA Tastfrequenz'               ,,'Hz',Z
MM,AT,1,  770, 1,1,,'ABDA Geschwindigkeit'         ,,'m/min',Z
MM,AT,1,  780, 1,1,,'ABDA Gasart'                       ,,'',Z
MM,AT,1,  790, 1,1,,'ABDA Gasdruck'                  ,,'bar',Z
MM,AT,1,  800, 1,1,,'KENN Einstellmass'               ,,'mm',Z
MM,AT,1,  810, 1,1,,'KENN Duesenabstand'              ,,'mm',Z
MM,AT,1,  820, 1,1,,'KENN Laserleistung'               ,,'W',Z
MM,AT,1,  830, 1,1,,'KENN Tastfrequenz'               ,,'Hz',Z
MM,AT,1,  840, 1,1,,'KENN Geschwindigkeit'         ,,'m/min',Z
MM,AT,1,  850, 1,1,,'KENN Gasart'                       ,,'',Z
MM,AT,1,  860, 1,1,,'KENN Gasdruck'                  ,,'bar',Z
MM,AT,1,  870, 1,1,,'KOER-G Einstellmass'             ,,'mm',Z
MM,AT,1,  880, 1,1,,'KOER-G Duesenabstand'            ,,'mm',Z
MM,AT,1,  890, 1,1,,'KOER-G Laserleistung'             ,,'W',Z
MM,AT,1,  900, 1,1,,'KOER-G Tastfrequenz'             ,,'Hz',Z
MM,AT,1,  910, 1,1,,'KOER-G Geschwindigkeit'       ,,'m/min',Z
MM,AT,1,  920, 1,1,,'KOER-G Gasart'                     ,,'',Z
MM,AT,1,  930, 1,1,,'KOER-G Gasdruck'                ,,'bar',Z
MM,AT,1,  940, 1,1,,'KOER-P Einstechzeit'              ,,'s',Z
MM,AT,1,  950, 1,1,,'KOER-P Rampenzyklusnummer'         ,,'',Z
MM,AT,1,  960, 1,1,,'KOER-P Duesenabstand'            ,,'mm',Z
MM,AT,1,  970, 1,1,,'KOER-P Gasart'                     ,,'',Z
MM,AT,1,  980, 1,1,,'KOER-P Gasdruck'                ,,'bar',Z
MM,AT,1,  990, 1,1,,'PUNK Einstellmass'               ,,'mm',Z
MM,AT,1, 1000, 1,1,,'PUNK-S Zeit'                      ,,'s',Z
MM,AT,1, 1010, 1,1,,'PUNK-S Rampenzyklusnummer'         ,,'',Z
MM,AT,1, 1020, 1,1,,'PUNK-S Duesenabstand'            ,,'mm',Z
MM,AT,1, 1030, 1,1,,'PUNK-S Gasart'                     ,,'',Z
MM,AT,1, 1040, 1,1,,'PUNK-S Gasdruck'                ,,'bar',Z
MM,AT,1, 1050, 1,1,,'PUNK-F Zeit'                      ,,'s',Z
MM,AT,1, 1060, 1,1,,'PUNK-F Rampenzyklusnummer'         ,,'',Z
MM,AT,1, 1070, 1,1,,'PUNK-F Duesenabstand'            ,,'mm',Z
MM,AT,1, 1080, 1,1,,'PUNK-F Gasart'                     ,,'',Z
MM,AT,1, 1090, 1,1,,'PUNK-F Gasdruck'                ,,'bar',Z
MM,AT,1, 1100, 1,1,,'TRUMPF-Kennung'                    ,,'',Z
MM,AT,1, 1110, 1,1,,'Vorschub Anf. aus Stanzloch'      ,,'%',Z
MM,AT,1, 1120, 1,1,,'SCHN-GR Einstellmass'            ,,'mm',Z
MM,AT,1, 1130, 1,1,,'SCHN-MI Einstellmass'            ,,'mm',Z
MM,AT,1, 1140, 1,1,,'SCHN-KL Einstellmass'            ,,'mm',Z
MM,AT,1, 1150, 1,1,,'EINS-N Zeit SprintLas'            ,,'s',Z
MM,AT,1, 1160, 1,1,,'SCHN hohe Beschleunigung'      ,,'m/s2',Z
MM,AT,1,1730,1,1,,'PlasmaLine Aktiv'                      ,,'',Z
MM,AT,1,1740,1,1,,'PlasmaLine-Schwellenwert 1'            ,,'%',Z
MM,AT,1,1750,1,1,,'PlasmaLine-Schwellenwert 2'            ,,'%',Z
MM,AT,1,1760,1,1,,'LLS - LFS Modus'                       ,,'',Z
MM,AT,1,1770,1,1,,'LLS obere Grenze in %'                 ,,'%',Z
MM,AT,1,1780,1,1,,'Leistung bei oberer Grenze in %'       ,,'%',Z
MM,AT,1,1790,1,1,,'LLS untere Grenze in %'                ,,'%',Z
MM,AT,1,1800,1,1,,'Leistung bei unterer Grenze in %'      ,,'%',Z
MM,AT,1,1810,1,1,,'LFS obere Grenze in %'                 ,,'%',Z
MM,AT,1,1820,1,1,,'Frequenz bei oberer Grenze in %'       ,,'%',Z
MM,AT,1,1830,1,1,,'LFS untere Grenze in %'                ,,'%',Z
MM,AT,1,1840,1,1,,'Frequenz bei unterer Grenze in %'      ,,'%',Z
MM,AT,1,1850,1,1,,'Sensorik Einstechen normal'            ,,'',Z
MM,AT,1,1860,1,1,,'Sensorik Einstechen sanft'             ,,'',Z
MM,AT,1,1870,1,1,,'SCHN-GR Strahldurchmesser'             ,,'mm',Z
MM,AT,1,1880,1,1,,'SCHN-MI Strahldurchmesser'             ,,'mm',Z
MM,AT,1,1890,1,1,,'SCHN-KL Strahldurchmesser'             ,,'mm',Z
MM,AT,1,1900,1,1,,'EINS Strahldurchmesser'                ,,'mm',Z
MM,AT,1,1910,1,1,,'ABDA Strahldurchmesser'                ,,'mm',Z
MM,AT,1,1920,1,1,,'KENN Strahldurchmesser'                ,,'mm',Z
MM,AT,1,1930,1,1,,'KOER Strahldurchmesser'                ,,'mm',Z
MM,AT,1,1940,1,1,,'PUNK Strahldurchmesser'                ,,'mm',Z
MM,AT,1,1950,1,1,,'LLS Geschw. bei oberer Grenze'         ,,'m/min',Z
MM,AT,1,1960,1,1,,'Leistung bei oberer Grenze'            ,,'W',Z
MM,AT,1,1970,1,1,,'LLS Geschw. bei unterer Grenze'        ,,'m/min',Z
MM,AT,1,1980,1,1,,'Leistung bei unterer Grenze'           ,,'W',Z
MM,AT,1,1990,1,1,,'LFS Geschw. bei oberer Grenze'         ,,'m/min',Z
MM,AT,1,2000,1,1,,'Frequenz bei oberer Grenze'            ,,'Hz',Z
MM,AT,1,2010,1,1,,'LFS Geschw. bei unterer Grenze'        ,,'m/min',Z
MM,AT,1,2020,1,1,,'Frequenz bei unterer Grenze'           ,,'Hz',Z
MM,AT,1,2030,1,1,,'EINS sanft Einstellmass'               ,,'mm',Z
MM,AT,1,2040,1,1,,'PlasmaLine Aktiv Mittlere Kontur'      ,,'',Z
MM,AT,1,2050,1,1,,'PlasmaLine Aktiv Kleine Kontur'        ,,'',Z
MM,AT,1,2060,1,1,,'Beschleunigung Sonderbearb.'           ,,'m/s2',Z
MM,AT,1,2070,1,1,,'PierceLine Strahldurchmesser'          ,,'mm',Z
MM,AT,1,2080,1,1,,'PierceLine-N Einstellmass'             ,,'mm',Z
MM,AT,1,2090,1,1,,'PierceLine-N Zeit'                     ,,'s',Z
MM,AT,1,2100,1,1,,'PierceLine-N Rampenzyklusnummer'       ,,'',Z
MM,AT,1,2110,1,1,,'PierceLine-N Duesenabstand'            ,,'mm',Z
MM,AT,1,2120,1,1,,'PierceLine-N Ausblaszeit'              ,,'s',Z
MM,AT,1,2130,1,1,,'PierceLine-N Gasart'                   ,,'',Z
MM,AT,1,2140,1,1,,'PierceLine-N Gasdruck'                 ,,'bar',Z
MM,AT,1,2150,1,1,,'PierceLine-N Oelspruehen'              ,,'',Z
MM,AT,1,2160,1,1,,'PierceLine-N Sensortyp'                ,,'',Z
MM,AT,1,2170,1,1,,'PierceLine-N Querblasen'               ,,'Bool',Z
MM,AT,1,2180,1,1,,'PierceLine-R Einstellmass'             ,,'mm',Z
MM,AT,1,2190,1,1,,'PierceLine-R Zeit'                     ,,'s',Z
MM,AT,1,2200,1,1,,'PierceLine-R Rampenzyklusnummer'       ,,'',Z
MM,AT,1,2210,1,1,,'PierceLine-R Duesenabstand'            ,,'mm',Z
MM,AT,1,2220,1,1,,'PierceLine-R Ausblaszeit'              ,,'s',Z
MM,AT,1,2230,1,1,,'PierceLine-R Gasart'                   ,,'',Z
MM,AT,1,2240,1,1,,'PierceLine-R Gasdruck'                 ,,'bar',Z
MM,AT,1,2250,1,1,,'PierceLine-R Oelspruehen'              ,,'',Z
MM,AT,1,2260,1,1,,'PierceLine-R Sensortyp'                ,,'',Z
MM,AT,1,2270,1,1,,'PierceLine-R Querblasen'               ,,'Bool',Z
MM,AT,1,2280,1,1,,'SCHN hohe Beschleun. Kinematik 2'      ,,'m/s2',Z
MM,AT,1,2290,1,1,,'Material-Standard'                     ,,'',Z
MM,AT,1,2300,1,1,,'Ausgangstabelle'                       ,,'',T
MM,AT,1,2310,1,1,,'Offset Einstellmass'                   ,,'mm',Z
MM,AT,1,2340,1,1,,'Schneidkopf Generation'                ,,'',Z
MM,AT,1,2350,1,1,,'Schneidkopf Identifikation'            ,,'',Z
MM,AT,1,2360,1,1,,'untere Grenzgeschw. AWS. Kennz.'       ,,'m/min',Z
MM,AT,1,2370,1,1,,'Leistung bei unterer Grenze Kennz.'    ,,'W',Z
MM,AT,1,2380,1,1,,'untere Grenzgeschw. AWS. Abda.'        ,,'m/min',Z
MM,AT,1,2390,1,1,,'Leistung bei unterer Grenze Abda.'     ,,'W',Z
MM,AT,1,2400,1,1,,'Frequenz bei unterer Grenze Kennz.'    ,,'Hz',Z
MM,AT,1,2410,1,1,,'Frequenz bei unterer Grenze Abda.'     ,,'Hz',Z
MM,AT,1,2420,1,1,,'SCHN normale Beschleun. 2. Y-Achse'    ,,'m/s2',Z
MM,AT,1,2430,1,1,,'SCHN normale Beschleun. 2. X-Achse'    ,,'m/s2',Z
MM,AT,1,2500,1,1,,'PulsePower Regulation'                 ,,'W',Z
MM,AT,1,2820,1,1,,'SCH_KL_RED_FOKUSLAGE'                  ,,'mm',Z
MM,AT,1,2830,1,1,,'SCH_MI_RED_FOKUSLAGE'                  ,,'mm',Z
MM,AT,1,2840,1,1,,'SCH_GR_RED_FOKUSLAGE'                  ,,'mm',Z
C
ZA,DA,1
DA,'AL010MD0-N2S0-30-2','TUS560FW','','','',1,0,'TC24',2000,'Al99',0.800,
*  7.500,0.8,4,-1,-1,,,,,,,,
*  ,,,,,,,,,,,,,,,
*  ,,,,,,,,,,,,,,,
*  ,,,,,,,,,,,,,,,
*  ,,,,,,,,,,,,,,,
*  ,,,,,,,,,,,,,,,
*  ,,,,,,,,,,,,,,,
*  ,,,,,,,,,,,,,,,
*  ,,,,,,,,,,,,,,,
*  ,,,,,,,,,,,,,,,
*  ,,,,,,,,,,,,,,,
*  ,,,,,,,,,,,,,,,,
C
ENDE_LTT_STAMM
C
BEGIN_LTT_CALLS
C
ZA,MM,1
MM,AT,1,  10,1,1,,'Tabellenidentifikator'            ,,'',T
C
ZA,DA,1
DA,'AL010MD0-N2S0-30-2'
C
ENDE_LTT_CALLS
C
BEGIN_PARTS_IN_PROGRAM
C
ZA,MM,23
MM,AT,1,  10,1,1,,'Hauptprogrammname'                     ,,'',T
MM,AT,1,  20,1,1,,'reserviert'                            ,,'',T
MM,AT,1,  30,1,1,,'Teil-Identnummer'                      ,,'',T
MM,AT,1,  40,1,1,,'reserviert'                            ,,'',Z
MM,AT,1,  50,1,1,,'Geometriefilename'                     ,,'',T
MM,AT,1,  60,1,1,,'Anzahl'                                ,,'',Z
MM,AT,1,  70,1,1,,'Geometriefilename (einf.Darstl)'       ,,'',T
MM,AT,1,  80,1,1,,'Bearbeitungszeit'                      ,,'min',Z
MM,AT,1,  90,1,1,,'Flaeche'                               ,,'mm2',Z
MM,AT,1, 100,1,1,,'ToPs-Zeichnungskunde'                  ,,'',T
MM,AT,1, 110,1,1,,'ToPs-Teile-Nummerierung'               ,,'',T
MM,AT,1, 120,1,1,,'ToPs-Zeichnungsname'                   ,,'',T
MM,AT,1, 130,1,1,,'Abmessung X'                           ,,'mm',Z
MM,AT,1, 140,1,1,,'Abmessung Y'                           ,,'mm',Z
MM,AT,1, 170,1,1,,'Verbuchungsteil'                       ,,'Bool',Z
MM,AT,1, 180,1,1,,'Offset X (Urspr. zu Schwerpkt.)'       ,,'mm',Z
MM,AT,1, 190,1,1,,'Offset Y (Urspr. zu Schwerpkt.)'       ,,'mm',Z
MM,AT,1, 200,1,1,,'Bearbeitungszeit PierceLine'           ,,'min',Z
MM,AT,1, 210,1,1,,'Schneidlänge'                          ,,'mm',Z
MM,AT,1, 240,1,1,,'Part Type Index'                       ,,'',Z
MM,AT,1, 250,1,1,,'AmountMirroredParts'                   ,,'',Z
MM,AT,1, 260,1,1,,'Part Angle In File'                    ,,'deg',Z
MM,AT,1, 500,1,1,,'TRUMPF-Kennung'                        ,,'',Z
C
ZA,DA,1
DA,'38066','0','DXFPUNC0',0,
*  '',1,'',0.10,10000.00,
*  'none','1','',293.00,162.00,1,50.00,50.00,0.00,,1,0,0.00,
*  1
C
ENDE_PARTS_IN_PROGRAM
C
BEGIN_PARTS_IN_PROGRAM_POS
C
ZA,MM,19
MM,AT,1,  10,1,1,,'laufende Nummer gefertigtes Teil'      ,,'',Z
MM,AT,1,  20,1,1,,'Hauptprogrammname'                     ,,'',T
MM,AT,1,  30,1,1,,'Teil-Identnummer'                      ,,'',T
MM,AT,1,  60,1,1,,'Position X-Koordinate'                 ,,'mm',Z
MM,AT,1,  70,1,1,,'Position Y-Koordinate'                 ,,'mm',Z
MM,AT,1,  80,1,1,,'Abmessung in X'                        ,,'mm',Z
MM,AT,1,  90,1,1,,'Abmessung in Y'                        ,,'mm',Z
MM,AT,1, 100,1,1,,'Winkellage'                            ,,'deg',Z
MM,AT,1, 150,1,1,,'X-Koordinate Schwerpunkt'              ,,'mm',Z
MM,AT,1, 160,1,1,,'Y-Koordinate Schwerpunkt'              ,,'mm',Z
MM,AT,1, 190,1,1,,'Entnahmenummer'                        ,,'',Z
MM,AT,1, 200,1,1,,'Referenzteil'                          ,,'',Z
MM,AT,1, 210,1,1,,'Name der PartUnloadData-Tabelle'       ,,'',T
MM,AT,1, 220,1,1,,'Name der PartPalettData-Tabelle'       ,,'',T
MM,AT,1, 240,1,1,,'Klassifizierung'                       ,,'',Z
MM,AT,1, 250,1,1,,'reserviert'                            ,,'',T
MM,AT,1, 320,1,1,,'Part Type Index'                       ,,'',Z
MM,AT,1, 330,1,1,,'Mirrored At Y'                         ,,'Bool',Z
MM,AT,1, 500,1,1,,'TRUMPF-Kennung'                        ,,'',Z
C
ZA,DA,1
DA,1,'38066','DXFPUNC0',,,293.00,
*  162.00,0.00,0.00,0.00,0,0,'','',1,'1',1,0,1
C
ENDE_PARTS_IN_PROGRAM_POS
C
BEGIN_CONSUMPTION_TIMES
C
ZA,MM,7
MM,AT,1,  10,1,1,,'ConsumptionGroup'                      ,,'',Z
MM,AT,1,  20,1,1,,'GasType'                               ,,'',Z
MM,AT,1,  30,1,1,,'OnTime'                                ,,'s',Z
MM,AT,1,  40,1,1,,'PartTypeIndex'                         ,,'',Z
MM,AT,1,  50,1,1,,'NozzleDiameter'                        ,,'mm',Z
MM,AT,1,  60,1,1,,'GasPressure'                           ,,'bar',Z
MM,AT,1,  70,1,1,,'LaserPower'                            ,,'W',Z
C
ZA,DA,4
DA,1,1,,1,,,0
DA,1,1,,1,,,0
DA,2,0,,1,0.00,0,1000
DA,2,0,,1,0.00,0.0,1500
C
ENDE_CONSUMPTION_TIMES
C
BEGIN_TOPS_DATA
C
ZA,MM,10
MM,AT,1,  10,1,1,,'LfdNr'                                 ,,'',Z
MM,AT,1,  20,1,1,,'Typ'                                   ,,'',T
MM,AT,1,  30,1,1,,'Datensatzname'                         ,,'',Z
MM,AT,1,  40,1,1,,'Datensatznr'                           ,,'',Z
MM,AT,1,  50,1,1,,'Beschreibung'                          ,,'',T
MM,AT,1,  60,1,1,,'Datentyp'                              ,,'',T
MM,AT,1,  70,1,1,,'physik. Einheit'                       ,,'',T
MM,AT,1,  80,1,1,,'Wert'                                  ,,'',T
MM,AT,1,  90,1,1,,'Referenzstueckliste'                   ,,'',T
MM,AT,1, 100,1,1,,'Referenzdatensatz'                     ,,'',Z
C
ZA,DA,36
DA,1,'INTERNAL_DATA',120,1,'','T','','0.8','',0
DA,2,'INTERNAL_DATA',320,1,'','T','','X','',0
DA,3,'INTERNAL_DATA',690,1,'','T','',' ','',0
DA,4,'INTERNAL_DATA',200,1,'','T','','AL010MD0-N2S0-30-2','',0
DA,5,'INTERNAL_DATA',210,1,'','T','','NORMAL','',0
DA,6,'INTERNAL_DATA',220,1,'','T','','NORMAL','',0
DA,7,'INTERNAL_DATA',230,1,'','T','','GRANDE','',0
DA,8,'INTERNAL_DATA',103,1,'','T','','','',0
DA,9,'INTERNAL_DATA',102,1,'','T','','','',0
DA,10,'INTERNAL_DATA',101,1,'','T','','','',0
DA,11,'INTERNAL_DATA',280,1,'','Z','mm','','',0
DA,12,'INTERNAL_DATA',650,1,'','T','','TruLaser 1030 (L22)','',0
DA,13,'INTERNAL_DATA',290,1,'','T','','','',
*  0
DA,14,'INTERNAL_DATA',550,1,'','T','','sem','',0
DA,15,'INTERNAL_DATA',600,1,'','T','','BMP','',0
DA,16,'INTERNAL_DATA',610,1,'','T','','BMP','',0
DA,17,'INTERNAL_DATA',660,1,'','T','','pt','',0
DA,18,'INTERNAL_DATA',420,1,'','T','','','',0
DA,19,'INTERNAL_DATA',430,1,'','T','','','',0
DA,20,'INTERNAL_DATA',350,1,'','T','','canto vivo','',0
DA,21,'INTERNAL_DATA',571,1,'','T','','0.10 min','',0
DA,22,'INTERNAL_DATA',570,1,'','T','','0 : 00 : 06 [h:min:s]','',0
DA,23,'INTERNAL_DATA',620,1,'','Z','','','PARTS_IN_PROGRAM',0
DA,24,'INTERNAL_DATA',340,1,'','Z','','1','',0
DA,25,'INTERNAL_DATA',370,1,'','T','','0.10','',0
DA,26,'INTERNAL_DATA',330,1,'','Z','mm','','',0
DA,27,'INTERNAL_DATA',360,1,'','T','','','',0
DA,28,'INTERNAL_DATA',311,1,'','T',''
*  'DISTÂNCIA DAS BARRAS DE SUPORTE:','',0
DA,29,'INTERNAL_DATA',310,1,'','T','','50 mm','',0
DA,30,'INTERNAL_DATA',312,1,'','T','',
*  'Máquina standard, todos colocados','',0
DA,31,'INTERNAL_DATA',313,1,'','T','','','',0
DA,32,'INTERNAL_DATA',440,1,'','Z','','','',0
DA,33,'INTERNAL_DATA',640,1,'','Z','','','',0
DA,34,'INTERNAL_DATA',641,1,'','Z','','','',0
DA,35,'INTERNAL_DATA',450,1,'','T','','','',0
DA,36,'INTERNAL_DATA',590,1,'','T','','não colocados','',0
C
ENDE_TOPS_DATA
C
BEGIN_PROGRAMM
C
ZA,MM,7
MM,AT,1,  10,1,1,,'Programmnummer'                        ,,'',T
MM,AT,1,  20,1,1,,'Programmtyp'                           ,,'',T
MM,AT,1,  30,1,1,,'Bemerkung'                             ,,'',T
MM,AT,1,  40,1,1,,'Bearbeitungszeit'                      ,,'min',Z
MM,AT,1,  50,1,1,,'Dateityp'                              ,,'',T
MM,AT,1,  60,1,1,,'IncreasingRecordNumberFlag'            ,,'Bool',Z
MM,AT,1,  70,1,1,,'PartTypeIndex'                         ,,'',Z
C
ZA,DA,2
DA,'SP138066','UP','',0.10,'LST',1,0
START_TEXT
N10MSG("NUMERO DO SUBPROGRAMA,SP138066")
N20G91
N30G01X-0.034Y-0.066
N40TC_POS_LEVEL(40.0)
N50TC_LASER_ON(9,"AL010MD0-N2S0-30-2",10,110)
N60X1.712Y-0.878
N70TC_LASER_ON(11,"AL010MD0-N2S0-30-2",0,100)
N80G02X-5.229Y3.038I-2.657J1.446
N90X5.493Y-2.378I2.572J-1.592
N100TC_LASER_OFF(3)
N110G01X14.413Y-9.955
N120TC_LASER_ON(9,"AL010MD0-N2S0-30-2",10,110)
N130X0.789Y1.754
N140TC_LASER_ON(11,"AL010MD0-N2S0-30-2",0,100)
N150G03X-1.49Y-4.083I-0.823J-2.013
N160X2.091Y3.714I0.667J2.07
N170TC_LASER_OFF(3)
N180G01X5.121Y18.732
N190TC_LASER_ON(9,"AL010MD0-N2S0-30-2",10,110)
N200X1.633Y-1.017
N210TC_LASER_ON(11,"AL010MD0-N2S0-30-2",0,100)
N220G02X-3.514Y2.559I-1.806J1.212
N230X3.807Y-1.918I1.708J-1.347
N240TC_LASER_OFF(3)
N250G01X8.014Y-5.908
N260TC_LASER_ON(9,"AL010MD0-N2S0-30-2",10,110)
N270X1.149Y-1
N280TC_LASER_ON(11,"AL010MD0-N2S0-30-2",0,100)
N290G03X-2.49Y1.753I-1.198J0.944
N300X1.948Y-2.186I1.292J-0.809
N310TC_LASER_OFF(3)
N320G01X9.621Y-5.008
N330TC_LASER_ON(9,"AL010MD0-N2S0-30-2",10,110)
N340X1.821Y0.619
N350TC_LASER_ON(11,"AL010MD0-N2S0-30-2",0,100)
N360G03X-4.003Y-1.693I-2.034J-0.77
N370X4.143Y1.002I1.969J0.923
N380TC_LASER_OFF(3)
N390G01X8.554Y4.869
N400TC_LASER_ON(9,"AL010MD0-N2S0-30-2",10,110)
N410X1.639Y1.146
N420TC_LASER_ON(11,"AL010MD0-N2S0-30-2",0,100)
N430G02X1.06Y-1.517I0.53J-0.758
N440X-5.504Y-0.094I-2.822J4.037
N450G01X-27.257Y17.701
N460G02X5.365Y8.261I2.682J4.13
N470G01X27.256Y-17.701
N480G02X0.585Y-7.815I-2.682J-4.13
N490TC_LASER_OFF(3)
N500G01X6.615Y-12.168
N510TC_LASER_ON(9,"AL010MD0-N2S0-30-2",10,110)
N520X0.459Y1.868
N530TC_LASER_ON(11,"AL010MD0-N2S0-30-2",0,100)
N540G03X-0.727Y-4.286I-0.446J-2.129
N550X1.384Y4.032I0.281J2.157
N560TC_LASER_OFF(3)
N570G01X4.472Y41.425
N580TC_LASER_ON(9,"AL010MD0-N2S0-30-2",10,110)
N590Y1.925
N600TC_LASER_ON(11,"AL010MD0-N2S0-30-2",0,100)
N610X-3.35
N620Y-9.85
N630X6.35
N640Y9.85
N650X-2.275
N660TC_LASER_OFF(3)
N670X-32.006Y28.952
N680TC_LASER_ON(9,"AL010MD0-N2S0-30-2",10,110)
N690X-0.046Y0.195
N700TC_LASER_ON(11,"AL010MD0-N2S0-30-2",0,100)
N710G03X-0.113Y-0.026I-0.056J-0.013
N720X0.546Y-0.156I0.316J0.073
N730G01X4.738Y4.737
N740G03X-0.46Y0.46I-0.23J0.23
N750G01X-4.582Y-4.583
N760TC_LASER_OFF(3)
N770X-30.669Y-35.554
N780TC_LASER_ON(9,"AL010MD0-N2S0-30-2",10,110)
N790X1.495Y1.211
N800TC_LASER_ON(11,"AL010MD0-N2S0-30-2",0,100)
N810G03X-4.493Y-4.048I-2.303J-1.961
N820X4.887Y3.456I2.19J2.087
N830TC_LASER_OFF(3)
N840G01X71.315Y69.057
N850TC_LASER_ON(9,"AL010MD0-N2S0-30-2",10,110)
N860X1.651Y0.278
N870TC_LASER_ON(11,"AL010MD0-N2S0-30-2",0,100)
N880G02X-3.338Y-0.244I-1.663J-0.204
N890X3.111Y0.903I1.675J0.04
N900TC_LASER_OFF(3)
N910G01X42.201Y0.128
N920TC_LASER_ON(9,"AL010MD0-N2S0-30-2",10,110)
N930X-0.121Y-0.159
N940TC_LASER_ON(11,"AL010MD0-N2S0-30-2",0,100)
N950G03X0.093Y-0.071I0.046J-0.035
N960X-0.259Y0.522I-0.259J0.197
N970G01X-6.7
N980G03Y-0.65I0J-0.325
N990G01X6.694
N1000TC_LASER_OFF(3)
N1010X36.621Y-0.699
N1020TC_LASER_ON(9,"AL010MD0-N2S0-30-2",10,110)
N1030X1.475Y-0.789
N1040TC_LASER_ON(11,"AL010MD0-N2S0-30-2",0,100)
N1050G02X-2.79Y1.847I-1.44J0.855
N1060X3.014Y-1.187I1.35J-0.992
N1070TC_LASER_OFF(3)
N1080G01X39.201Y-32.908
N1090TC_LASER_ON(9,"AL010MD0-N2S0-30-2",10,110)
N1100X1.326Y-1.326
N1110TC_LASER_ON(11,"AL010MD0-N2S0-30-2",0,100)
N1120G02X-0.177Y-0.176I-0.089J-0.088
N1130G01X-4.533Y4.532
N1140G02X0.46Y0.46I0.23J0.23
N1150G01X4.737Y-4.738
N1160G02X-0.365Y-0.525I-0.229J-0.23
N1170TC_LASER_OFF(3)
N1180G01X-29.563Y-36.499
N1190TC_LASER_ON(9,"AL010MD0-N2S0-30-2",10,110)
N1200X1.925
N1210TC_LASER_ON(11,"AL010MD0-N2S0-30-2",0,100)
N1220Y-2.25
N1230X-6.35
N1240Y9.85
N1250X6.35
N1260Y-6.875
N1270TC_LASER_OFF(3)
N1280X59.581Y-0.922
N1290TC_LASER_ON(9,"AL010MD0-N2S0-30-2",10,110)
N1300X0.574Y-1.837
N1310TC_LASER_ON(11,"AL010MD0-N2S0-30-2",0,100)
N1320G02X-1.497Y5.86I-0.83J2.909
N1330X2.153Y-5.586I0.667J-2.951
N1340TC_LASER_OFF(3)
N1350G01X4.842Y-25.539
N1360TC_LASER_ON(9,"AL010MD0-N2S0-30-2",10,110)
N1370X-1.439Y-1.278
N1380TC_LASER_ON(11,"AL010MD0-N2S0-30-2",0,100)
N1390G02X4.727Y3.772I2.311J1.952
N1400X-4.207Y-4.258I-2.416J-1.82
N1410TC_LASER_OFF(3)
N1420G01X-51.328Y-37.489
N1430TC_LASER_ON(9,"AL010MD0-N2S0-30-2",10,110)
N1440X-0.893Y-0.228
N1450TC_LASER_ON(11,"AL010MD0-N2S0-30-2",0,100)
N1460G02X1.837Y0.155I0.912J0.155
N1470X-1.604Y-0.628I-0.925J0
N1480TC_LASER_OFF(3)
N1490G01X-2.74Y0.555
N1500TC_LASER_ON(9,"AL010MD0-N2S0-30-2",10,110)
N1510X-0.893Y0.228
N1520TC_LASER_ON(11,"AL010MD0-N2S0-30-2",0,100)
N1530G03X1.837Y-0.155I0.912J-0.155
N1540X-1.604Y0.628I-0.925J0
N1550TC_LASER_OFF(3)
N1560G01X-2.74Y-0.555
N1570TC_LASER_ON(9,"AL010MD0-N2S0-30-2",10,110)
N1580X-0.893Y-0.228
N1590TC_LASER_ON(11,"AL010MD0-N2S0-30-2",0,100)
N1600G02X1.837Y0.155I0.912J0.155
N1610X-1.604Y-0.628I-0.925J0
N1620TC_LASER_OFF(3)
N1630G01X-2.74Y0.701
N1640TC_LASER_ON(9,"AL010MD0-N2S0-30-2",10,110)
N1650X-0.893Y-0.228
N1660TC_LASER_ON(11,"AL010MD0-N2S0-30-2",0,100)
N1670G02X1.837Y0.155I0.912J0.155
N1680X-1.604Y-0.628I-0.925J0
N1690TC_LASER_OFF(3)
N1700G01X-116.823Y0.628
N1710TC_LASER_ON(9,"AL010MD0-N2S0-30-2",10,110)
N1720Y1.925
N1730TC_LASER_ON(11,"AL010MD0-N2S0-30-2",0,100)
N1740X-50.823
N1750Y-12
N1760X-15.85
N1770Y2.5
N1780X-10.8
N1790Y13
N1800X-9.5
N1810Y16.65
N1820X10.7
N1830Y12.5
N1840X9.6
N1850Y11.956
N1860X7.2Y7.2
N1870Y29.3
N1880X59.544Y59.544
N1890X23.956
N1900Y9.5
N1910X71.15
N1920Y-9.5
N1930X23.956
N1940X59.544Y-59.544
N1950Y-29.3
N1960X7.2Y-7.2
N1970Y-11.956
N1980X9.6
N1990Y-12.5
N2000X10.7
N2010Y-16.65
N2020X-9.5
N2030Y-13
N2040X-10.8
N2050Y-2.5
N2060X-50.35
N2070Y10
N2080X-6.35
N2090Y-10
N2100X-13.15
N2110Y10
N2120X-6.35
N2130Y-10
N2140X-100.65
N2150Y12
N2160X-8.302
N2170TC_LASER_OFF(3)
N2180G01
N2190G90
N2200M17
N2210M02
STOP_TEXT
DA,'38066','HP','',0.12,'LST',1,0
START_TEXT
N10MSG("NUMERO DO PROGRAMA PRINCIPAL,38066")
N20MSG("TRUTOPS LASER V08.01.01 B471 - TruLaser 1030 -  BR ARNC0")
N30MSG("DIMENSOES DA CHAPA 0.8 x 303.0 x 172.0")
N40MSG("MSG,PART #:DXFPUNC0 QTY 1")
N50G71
N60F282000
N70TC_POS_LEVEL(40.0)
N80TC_SHEET_TECH("SHT-1")
N90TC_SHEET_LOAD("SHL-1")
N100 ;GOTOF ENTRY_LASER
N110TC_PART_END(2)
N120;ENTRY_LASER:
N130;(PART NUMBER: SP138066  DXFPUNC0 NUMBER:3)
N140G01X31.279Y54.498
N150SP138066
N160TC_PART_END(3)
N170TC_LASER_OFF(2)
N180TC_PART_END(-1)
N190TC_SHEET_UNLOAD("SHU-1")
N200M30
STOP_TEXT
C
ENDE_PROGRAMM
C
ED
