BD
SET_INCH
C
BEGIN_EINRICHTEPLAN_INFO
C
ZA,MM,28
MM,AT,1,   10, 1,1,,'Maschine'                          ,,'',T
MM,AT,1,   20, 1,1,,'Typ'                               ,,'',Z
MM,AT,1,   30, 1,1,,'Steuerung'                         ,,'',T
MM,AT,1,   40, 1,1,,'Variante'                          ,,'',Z
MM,AT,1,   50, 1,1,,'Firma'                             ,,'',T
MM,AT,1,   60, 1,1,,'Programmnummer'                    ,,'',T
MM,AT,1,   70, 1,1,,'Bearbeiter'                        ,,'',T
MM,AT,1,   80, 1,1,,'Datum'                             ,,'',T
MM,AT,1,   90, 1,1,,'Auftragsname'                      ,,'',T
MM,AT,1,  100, 1,1,,'Anzahl der Programmdurchlaeufe'    ,,'',Z
MM,AT,1,  110, 1,1,,'Tafelname'                         ,,'',T
MM,AT,1,  120, 1,1,,'Speicherbedarf'                    ,,'',Z
MM,AT,1,  130, 1,1,,'Material-ID'                       ,,'',T
MM,AT,1,  140, 1,1,,'Tafelgewicht'                      ,,'kg',Z
MM,AT,1,  150, 1,1,,'Maschinenzeit'                     ,,'min',Z
MM,AT,1,  160, 1,1,,'Bemerkung'                         ,,'',T
MM,AT,1,  170, 1,1,,'Flag Automatisiert'                ,,'Bool',Z
MM,AT,1,  180, 1,1,,'Flag ToPsxxx-Programm'             ,,'Bool',Z
MM,AT,1,  190, 1,1,,'Einrichteplanfilename'             ,,'',T
MM,AT,1,  200, 1,1,,'Lagergutbezeichnung'               ,,'',T
MM,AT,1,  210, 1,1,,'Palettierungsflag'                 ,,'Bool',Z
MM,AT,1,  220, 1,1,,'Palettierungmodus'                 ,,'',Z
MM,AT,1,  230, 1,1,,'Palette putzen'                    ,,'Bool',Z
MM,AT,1,  240, 1,1,,'Sauger putzen'                     ,,'Bool',Z
MM,AT,1,  250, 1,1,,'SystemPalletType'                  ,,'',T
MM,AT,1,  260, 1,1,,'Bearbeitungszeit PierceLine'       ,,'min',Z
MM,AT,1,  270, 1,1,,'Schneidlänge'                      ,,'in',Z
MM,AT,1,  280, 1,1,,'viewer name machine'               ,,'',T
C
ZA,DA,1
DA,'L22',1,'BR ARNC0',1,'Trumpf','38068','User','22.06.2022',
*  'TRUMPF',1,'',14074,
*  'Al99',,4.16,'  ',0,1,'',
*  '',0,1,1,1,'',0.00,405.38,'TruLaser 1030 (L22)'
C
ENDE_EINRICHTEPLAN_INFO
C
BEGIN_SHEET_TECH
C
ZA,MM,10
MM,AT,1,  10,1,1,,'Tabellenidentifikator'                 ,,'',T
MM,AT,1,  20,1,1,,'Blechmass X'                           ,,'in',Z
MM,AT,1,  30,1,1,,'Blechmass Y'                           ,,'in',Z
MM,AT,1,  40,1,1,,'Blechmass Z'                           ,,'in',Z
MM,AT,1, 200,1,1,,'TRUMPF-Kennung'                        ,,'',Z
MM,AT,1, 220,1,1,,'Blechmass X real'                      ,,'in',Z
MM,AT,1, 230,1,1,,'Blechmass Y real'                      ,,'in',Z
MM,AT,1, 240,1,1,,'Materialkennung'                       ,,'',T
MM,AT,1, 260,1,1,,'Werkstoffdichte'                       ,,'kg/dm3',Z
MM,AT,1, 290,1,1,,'Werkstoffkennung'                      ,,'',T
C
ZA,DA,1
DA,'SHT-1',3.937,3.937,0.031,1,3.937,3.937,'Al99',2.700,
*  'Al99'
C
ENDE_SHEET_TECH
C
BEGIN_SHEET_LOAD
C
ZA,MM,10
MM,AT,1,  10,1,1,,'Tabellenidentifikator'                 ,,'',T
MM,AT,1,  70,1,1,,'TRUMPF-Kennung'                        ,,'',Z
MM,AT,1, 100,1,1,,'maximale Bearbeitungsposition X'       ,,'in',Z
MM,AT,1, 110,1,1,,'maximale Bearbeitungsposition Y'       ,,'in',Z
MM,AT,1, 500,1,1,,'Beladegeraet'                          ,,'',Z
MM,AT,1, 580,1,1,,'Lift Doppelblechdet aktiv'             ,,'Bool',Z
MM,AT,1, 590,1,1,,'Lift abschaelen'                       ,,'Bool',Z
MM,AT,1, 620,1,1,,'Blechanschlag'                         ,,'',Z
MM,AT,1, 630,1,1,,'Blechlage vermessen'                   ,,'',Z
MM,AT,1, 640,1,1,,'Messbereich X'                         ,,'in',Z
MM,AT,1, 650,1,1,,'Messbereich Y'                         ,,'in',Z
MM,AT,1, 660,1,1,,'Kalibrierung'                          ,,'Bool',Z
MM,AT,1, 690,1,1,,'Palettenwechselart'                    ,,'',Z
MM,AT,1, 700,1,1,,'Messecke'                              ,,'',Z
MM,AT,1, 810,1,1,,'Einzelsaugeranwahl'                    ,,'',Z
MM,AT,1, 820,1,1,,'Blech beim Beladen ausrichten'         ,,'',Z
MM,AT,1, 830,1,1,,'Codierung Einzelsauger 1'              ,,'',T
MM,AT,1, 840,1,1,,'Codierung Einzelsauger 2'              ,,'',T
MM,AT,1, 850,1,1,,'Saugermodus'                           ,,'',Z
C
ZA,DA,1
DA,'SHL-1',1,,,1,0,0,1,0,50.0,50.0,1,1,1,0,
*  0,'00000000','00000000',0
C
ENDE_SHEET_LOAD
C
BEGIN_SHEET_UNLOAD
C
ZA,MM,2
MM,AT,1,  10,1,1,,'Tabellenidentifikator',,'',T
MM,AT,1, 580,1,1,,'Entladegeraet',,'',Z
C
ZA,DA,1
DA,'SHU-1',1
C
ENDE_SHEET_UNLOAD
C
BEGIN_LTT_STAMM
C
ZA,MM,189
MM,AT,1,   10, 1,1,,'Tabellenidentifikator'             ,,'',T
MM,AT,1,   20, 1,1,,'Bearbeiter'                        ,,'',T
MM,AT,1,   30, 1,1,,'Erstellungsdatum'                  ,,'',T
MM,AT,1,   40, 1,1,,'letzte Aenderung'                  ,,'',T
MM,AT,1,   50, 1,1,,'Bemerkung'                         ,,'',T
MM,AT,1,   60, 1,1,,'Einblendstatus'                    ,,'',Z
MM,AT,1,   70, 1,1,,'Erstellungs-Einheit'               ,,'',Z
MM,AT,1,   80, 1,1,,'Maschinentyp'                      ,,'',T
MM,AT,1,   90, 1,1,,'Lasernennleistung'                ,,'W',Z
MM,AT,1,  100, 1,1,,'Material'                          ,,'',T
MM,AT,1,  110, 1,1,,'Materialdicke'                   ,,'in',Z
MM,AT,1,  120, 1,1,,'Linsenbrennweite'                 ,,'in',Z
MM,AT,1,  130, 1,1,,'Duesentyp Duesendurchmesser'       ,,'',T
MM,AT,1,  140, 1,1,,'Schneidkopfnuiner'                 ,,'',Z
MM,AT,1,  150, 1,1,,'Gasspuelen Schneiden-Einst'       ,,'s',Z
MM,AT,1,  160, 1,1,,'Gasspuelen Einst-Schneiden'       ,,'s',Z
MM,AT,1,  170, 1,1,,'SCHN Einstellmass'               ,,'in',Z
MM,AT,1,  180, 1,1,,'SCHN red. Beschleunigung'      ,,'m/s2',Z
MM,AT,1,  190, 1,1,,'SCHN Beschleunigung'           ,,'m/s2',Z
MM,AT,1,  200, 1,1,,'SCHN Eckenkuehlzeit'              ,,'s',Z
MM,AT,1,  210, 1,1,,'SCHN V-Red AnschnittDickblech'    ,,'%',Z
MM,AT,1,  220, 1,1,,'SCHN Gasart Schneiden'             ,,'',Z
MM,AT,1,  230, 1,1,,'SCHN Gasart red. Schneiden'        ,,'',Z
MM,AT,1,  240, 1,1,,'SCHN-GR Schnittspalt'            ,,'in',Z
MM,AT,1,  250, 1,1,,'SCHN-GR-N Laserleistung'         ,,'W',Z
MM,AT,1,  260, 1,1,,'SCHN-GR-N Tastfrequenz'          ,,'Hz',Z
MM,AT,1,  270, 1,1,,'SCHN-GR-N Geschwindigkeit'    ,,'m/min',Z
MM,AT,1,  280, 1,1,,'SCHN-GR-N Duesenabstand'        ,,'in',Z
MM,AT,1,  290, 1,1,,'SCHN-GR-N Gasdruck'            ,,'bar',Z
MM,AT,1,  300, 1,1,,'SCHN-GR-R Laserleistung'         ,,'W',Z
MM,AT,1,  310, 1,1,,'SCHN-GR-R Tastfrequenz'         ,,'Hz',Z
MM,AT,1,  320, 1,1,,'SCHN-GR-R Geschwindigkeit'    ,,'m/min',Z
MM,AT,1,  330, 1,1,,'SCHN-GR-R Duesenabstand'         ,,'in',Z
MM,AT,1,  340, 1,1,,'SCHN-GR-R Gasdruck'             ,,'bar',Z
MM,AT,1,  350, 1,1,,'SCHN-MI Schnittspalt'           ,,'in',Z
MM,AT,1,  360, 1,1,,'SCHN-MI-N Laserleistung'         ,,'W',Z
MM,AT,1,  370, 1,1,,'SCHN-MI-N Tastfrequenz'         ,,'Hz',Z
MM,AT,1,  380, 1,1,,'SCHN-MI-N Geschwindigkeit'   ,,'m/min',Z
MM,AT,1,  390, 1,1,,'SCHN-MI-N Duesenabstand'        ,,'in',Z
MM,AT,1,  400, 1,1,,'SCHN-MI-N Gasdruck'            ,,'bar',Z
MM,AT,1,  410, 1,1,,'SCHN-MI-R Laserleistung'         ,,'W',Z
MM,AT,1,  420, 1,1,,'SCHN-MI-R Tastfrequenz'         ,,'Hz',Z
MM,AT,1,  430, 1,1,,'SCHN-MI-R Geschwindigkeit'   ,,'m/min',Z
MM,AT,1,  440, 1,1,,'SCHN-MI-R Duesenabstand'        ,,'in',Z
MM,AT,1,  450, 1,1,,'SCHN-MI-R Gasdruck'            ,,'bar',Z
MM,AT,1,  460, 1,1,,'SCHN-KL Schnittspalt'            ,,'in',Z
MM,AT,1,  470, 1,1,,'SCHN-KL-N Laserleistung'          ,,'W',Z
MM,AT,1,  480, 1,1,,'SCHN-KL-N Tastfrequenz'          ,,'Hz',Z
MM,AT,1,  490, 1,1,,'SCHN-KL-N Geschwindigkeit'    ,,'m/min',Z
MM,AT,1,  500, 1,1,,'SCHN-KL-N Duesenabstand'         ,,'in',Z
MM,AT,1,  510, 1,1,,'SCHN-KL-N Gasdruck'             ,,'bar',Z
MM,AT,1,  520, 1,1,,'SCHN-KL-R Laserleistung'          ,,'W',Z
MM,AT,1,  530, 1,1,,'SCHN-KL-R Tastfrequenz'          ,,'Hz',Z
MM,AT,1,  540, 1,1,,'SCHN-KL-R Geschwindigkeit'    ,,'m/min',Z
MM,AT,1,  550, 1,1,,'SCHN-KL-R Duesenabstand'         ,,'in',Z
MM,AT,1,  560, 1,1,,'SCHN-KL-R Gasdruck'             ,,'bar',Z
MM,AT,1,  570, 1,1,,'EINS Einstellmass'               ,,'in',Z
MM,AT,1,  580, 1,1,,'EINS-N Zeit'                      ,,'s',Z
MM,AT,1,  590, 1,1,,'EINS-N Rampenzyklusnuiner'         ,,'',Z
MM,AT,1,  600, 1,1,,'EINS-N Duesenabstand'            ,,'in',Z
MM,AT,1,  610, 1,1,,'EINS-N Ausblaszeit'               ,,'s',Z
MM,AT,1,  620, 1,1,,'EINS-N Gasart'                     ,,'',Z
MM,AT,1,  630, 1,1,,'EINS-N Gasdruck'                ,,'bar',Z
MM,AT,1,  640, 1,1,,'EINS-N Oelspruehen'               ,,'',Z
MM,AT,1,  650, 1,1,,'EINS-R Zeit'                      ,,'s',Z
MM,AT,1,  660, 1,1,,'EINS-R Rampenzyklusnuiner'         ,,'',Z
MM,AT,1,  670, 1,1,,'EINS-R Duesenabstand'            ,,'in',Z
MM,AT,1,  680, 1,1,,'EINS-R Ausblaszeit'               ,,'s',Z
MM,AT,1,  690, 1,1,,'EINS-R Gasart'                     ,,'',Z
MM,AT,1,  700, 1,1,,'EINS-R Gasdruck'                ,,'bar',Z
MM,AT,1,  710, 1,1,,'EINS-R Oelspruehen'               ,,'',Z
MM,AT,1,  720, 1,1,,'ABDA Einstellmass'               ,,'in',Z
MM,AT,1,  730, 1,1,,'ABDA Zeit'                        ,,'s',Z
MM,AT,1,  740, 1,1,,'ABDA Duesenabstand'               ,,'in',Z
MM,AT,1,  750, 1,1,,'ABDA Laserleistung'               ,,'W',Z
MM,AT,1,  760, 1,1,,'ABDA Tastfrequenz'               ,,'Hz',Z
MM,AT,1,  770, 1,1,,'ABDA Geschwindigkeit'         ,,'m/min',Z
MM,AT,1,  780, 1,1,,'ABDA Gasart'                       ,,'',Z
MM,AT,1,  790, 1,1,,'ABDA Gasdruck'                  ,,'bar',Z
MM,AT,1,  800, 1,1,,'KENN Einstellmass'               ,,'in',Z
MM,AT,1,  810, 1,1,,'KENN Duesenabstand'              ,,'in',Z
MM,AT,1,  820, 1,1,,'KENN Laserleistung'               ,,'W',Z
MM,AT,1,  830, 1,1,,'KENN Tastfrequenz'               ,,'Hz',Z
MM,AT,1,  840, 1,1,,'KENN Geschwindigkeit'         ,,'m/min',Z
MM,AT,1,  850, 1,1,,'KENN Gasart'                       ,,'',Z
MM,AT,1,  860, 1,1,,'KENN Gasdruck'                  ,,'bar',Z
MM,AT,1,  870, 1,1,,'KOER-G Einstellmass'             ,,'in',Z
MM,AT,1,  880, 1,1,,'KOER-G Duesenabstand'            ,,'in',Z
MM,AT,1,  890, 1,1,,'KOER-G Laserleistung'             ,,'W',Z
MM,AT,1,  900, 1,1,,'KOER-G Tastfrequenz'             ,,'Hz',Z
MM,AT,1,  910, 1,1,,'KOER-G Geschwindigkeit'       ,,'m/min',Z
MM,AT,1,  920, 1,1,,'KOER-G Gasart'                     ,,'',Z
MM,AT,1,  930, 1,1,,'KOER-G Gasdruck'                ,,'bar',Z
MM,AT,1,  940, 1,1,,'KOER-P Einstechzeit'              ,,'s',Z
MM,AT,1,  950, 1,1,,'KOER-P Rampenzyklusnuiner'         ,,'',Z
MM,AT,1,  960, 1,1,,'KOER-P Duesenabstand'            ,,'in',Z
MM,AT,1,  970, 1,1,,'KOER-P Gasart'                     ,,'',Z
MM,AT,1,  980, 1,1,,'KOER-P Gasdruck'                ,,'bar',Z
MM,AT,1,  990, 1,1,,'PUNK Einstellmass'               ,,'in',Z
MM,AT,1, 1000, 1,1,,'PUNK-S Zeit'                      ,,'s',Z
MM,AT,1, 1010, 1,1,,'PUNK-S Rampenzyklusnuiner'         ,,'',Z
MM,AT,1, 1020, 1,1,,'PUNK-S Duesenabstand'            ,,'in',Z
MM,AT,1, 1030, 1,1,,'PUNK-S Gasart'                     ,,'',Z
MM,AT,1, 1040, 1,1,,'PUNK-S Gasdruck'                ,,'bar',Z
MM,AT,1, 1050, 1,1,,'PUNK-F Zeit'                      ,,'s',Z
MM,AT,1, 1060, 1,1,,'PUNK-F Rampenzyklusnuiner'         ,,'',Z
MM,AT,1, 1070, 1,1,,'PUNK-F Duesenabstand'            ,,'in',Z
MM,AT,1, 1080, 1,1,,'PUNK-F Gasart'                     ,,'',Z
MM,AT,1, 1090, 1,1,,'PUNK-F Gasdruck'                ,,'bar',Z
MM,AT,1, 1100, 1,1,,'TRUMPF-Kennung'                    ,,'',Z
MM,AT,1, 1110, 1,1,,'Vorschub Anf. aus Stanzloch'      ,,'%',Z
MM,AT,1, 1120, 1,1,,'SCHN-GR Einstellmass'            ,,'in',Z
MM,AT,1, 1130, 1,1,,'SCHN-MI Einstellmass'            ,,'in',Z
MM,AT,1, 1140, 1,1,,'SCHN-KL Einstellmass'            ,,'in',Z
MM,AT,1, 1150, 1,1,,'EINS-N Zeit SprintLas'            ,,'s',Z
MM,AT,1, 1160, 1,1,,'SCHN hohe Beschleunigung'      ,,'m/s2',Z
MM,AT,1,1730,1,1,,'PlasmaLine Aktiv'                      ,,'',Z
MM,AT,1,1740,1,1,,'PlasmaLine-Schwellenwert 1'            ,,'%',Z
MM,AT,1,1750,1,1,,'PlasmaLine-Schwellenwert 2'            ,,'%',Z
MM,AT,1,1760,1,1,,'LLS - LFS Modus'                       ,,'',Z
MM,AT,1,1770,1,1,,'LLS obere Grenze in %'                 ,,'%',Z
MM,AT,1,1780,1,1,,'Leistung bei oberer Grenze in %'       ,,'%',Z
MM,AT,1,1790,1,1,,'LLS untere Grenze in %'                ,,'%',Z
MM,AT,1,1800,1,1,,'Leistung bei unterer Grenze in %'      ,,'%',Z
MM,AT,1,1810,1,1,,'LFS obere Grenze in %'                 ,,'%',Z
MM,AT,1,1820,1,1,,'Frequenz bei oberer Grenze in %'       ,,'%',Z
MM,AT,1,1830,1,1,,'LFS untere Grenze in %'                ,,'%',Z
MM,AT,1,1840,1,1,,'Frequenz bei unterer Grenze in %'      ,,'%',Z
MM,AT,1,1850,1,1,,'Sensorik Einstechen normal'            ,,'',Z
MM,AT,1,1860,1,1,,'Sensorik Einstechen sanft'             ,,'',Z
MM,AT,1,1870,1,1,,'SCHN-GR Strahldurchmesser'             ,,'in',Z
MM,AT,1,1880,1,1,,'SCHN-MI Strahldurchmesser'             ,,'in',Z
MM,AT,1,1890,1,1,,'SCHN-KL Strahldurchmesser'             ,,'in',Z
MM,AT,1,1900,1,1,,'EINS Strahldurchmesser'                ,,'in',Z
MM,AT,1,1910,1,1,,'ABDA Strahldurchmesser'                ,,'in',Z
MM,AT,1,1920,1,1,,'KENN Strahldurchmesser'                ,,'in',Z
MM,AT,1,1930,1,1,,'KOER Strahldurchmesser'                ,,'in',Z
MM,AT,1,1940,1,1,,'PUNK Strahldurchmesser'                ,,'in',Z
MM,AT,1,1950,1,1,,'LLS Geschw. bei oberer Grenze'         ,,'m/min',Z
MM,AT,1,1960,1,1,,'Leistung bei oberer Grenze'            ,,'W',Z
MM,AT,1,1970,1,1,,'LLS Geschw. bei unterer Grenze'        ,,'m/min',Z
MM,AT,1,1980,1,1,,'Leistung bei unterer Grenze'           ,,'W',Z
MM,AT,1,1990,1,1,,'LFS Geschw. bei oberer Grenze'         ,,'m/min',Z
MM,AT,1,2000,1,1,,'Frequenz bei oberer Grenze'            ,,'Hz',Z
MM,AT,1,2010,1,1,,'LFS Geschw. bei unterer Grenze'        ,,'m/min',Z
MM,AT,1,2020,1,1,,'Frequenz bei unterer Grenze'           ,,'Hz',Z
MM,AT,1,2030,1,1,,'EINS sanft Einstellmass'               ,,'in',Z
MM,AT,1,2040,1,1,,'PlasmaLine Aktiv Mittlere Kontur'      ,,'',Z
MM,AT,1,2050,1,1,,'PlasmaLine Aktiv Kleine Kontur'        ,,'',Z
MM,AT,1,2060,1,1,,'Beschleunigung Sonderbearb.'           ,,'m/s2',Z
MM,AT,1,2070,1,1,,'PierceLine Strahldurchmesser'          ,,'in',Z
MM,AT,1,2080,1,1,,'PierceLine-N Einstellmass'             ,,'in',Z
MM,AT,1,2090,1,1,,'PierceLine-N Zeit'                     ,,'s',Z
MM,AT,1,2100,1,1,,'PierceLine-N Rampenzyklusnuiner'       ,,'',Z
MM,AT,1,2110,1,1,,'PierceLine-N Duesenabstand'            ,,'in',Z
MM,AT,1,2120,1,1,,'PierceLine-N Ausblaszeit'              ,,'s',Z
MM,AT,1,2130,1,1,,'PierceLine-N Gasart'                   ,,'',Z
MM,AT,1,2140,1,1,,'PierceLine-N Gasdruck'                 ,,'bar',Z
MM,AT,1,2150,1,1,,'PierceLine-N Oelspruehen'              ,,'',Z
MM,AT,1,2160,1,1,,'PierceLine-N Sensortyp'                ,,'',Z
MM,AT,1,2170,1,1,,'PierceLine-N Querblasen'               ,,'Bool',Z
MM,AT,1,2180,1,1,,'PierceLine-R Einstellmass'             ,,'in',Z
MM,AT,1,2190,1,1,,'PierceLine-R Zeit'                     ,,'s',Z
MM,AT,1,2200,1,1,,'PierceLine-R Rampenzyklusnuiner'       ,,'',Z
MM,AT,1,2210,1,1,,'PierceLine-R Duesenabstand'            ,,'in',Z
MM,AT,1,2220,1,1,,'PierceLine-R Ausblaszeit'              ,,'s',Z
MM,AT,1,2230,1,1,,'PierceLine-R Gasart'                   ,,'',Z
MM,AT,1,2240,1,1,,'PierceLine-R Gasdruck'                 ,,'bar',Z
MM,AT,1,2250,1,1,,'PierceLine-R Oelspruehen'              ,,'',Z
MM,AT,1,2260,1,1,,'PierceLine-R Sensortyp'                ,,'',Z
MM,AT,1,2270,1,1,,'PierceLine-R Querblasen'               ,,'Bool',Z
MM,AT,1,2280,1,1,,'SCHN hohe Beschleun. Kinematik 2'      ,,'m/s2',Z
MM,AT,1,2290,1,1,,'Material-Standard'                     ,,'',Z
MM,AT,1,2300,1,1,,'Ausgangstabelle'                       ,,'',T
MM,AT,1,2310,1,1,,'Offset Einstellmass'                   ,,'in',Z
MM,AT,1,2340,1,1,,'Schneidkopf Generation'                ,,'',Z
MM,AT,1,2350,1,1,,'Schneidkopf Identifikation'            ,,'',Z
MM,AT,1,2360,1,1,,'untere Grenzgeschw. AWS. Kennz.'       ,,'m/min',Z
MM,AT,1,2370,1,1,,'Leistung bei unterer Grenze Kennz.'    ,,'W',Z
MM,AT,1,2380,1,1,,'untere Grenzgeschw. AWS. Abda.'        ,,'m/min',Z
MM,AT,1,2390,1,1,,'Leistung bei unterer Grenze Abda.'     ,,'W',Z
MM,AT,1,2400,1,1,,'Frequenz bei unterer Grenze Kennz.'    ,,'Hz',Z
MM,AT,1,2410,1,1,,'Frequenz bei unterer Grenze Abda.'     ,,'Hz',Z
MM,AT,1,2420,1,1,,'SCHN normale Beschleun. 2. Y-Achse'    ,,'m/s2',Z
MM,AT,1,2430,1,1,,'SCHN normale Beschleun. 2. X-Achse'    ,,'m/s2',Z
MM,AT,1,2500,1,1,,'PulsePower Regulation'                 ,,'W',Z
MM,AT,1,2820,1,1,,'SCH_KL_RED_FOKUSLAGE'                  ,,'in',Z
MM,AT,1,2830,1,1,,'SCH_MI_RED_FOKUSLAGE'                  ,,'in',Z
MM,AT,1,2840,1,1,,'SCH_GR_RED_FOKUSLAGE'                  ,,'in',Z
C
ZA,DA,1
DA,'AL004IA0-N2S0-30-2','TUS560FW','','','',1,0,'TC24',2000,'Al99',0.031,
*  7.500,0.8,4,-1,-1,,,,,,,,
*  ,,,,,,,,,,,,,,,
*  ,,,,,,,,,,,,,,,
*  ,,,,,,,,,,,,,,,
*  ,,,,,,,,,,,,,,,
*  ,,,,,,,,,,,,,,,
*  ,,,,,,,,,,,,,,,
*  ,,,,,,,,,,,,,,,
*  ,,,,,,,,,,,,,,,
*  ,,,,,,,,,,,,,,,
*  ,,,,,,,,,,,,,,,
*  ,,,,,,,,,,,,,,,,
C
ENDE_LTT_STAMM
C
BEGIN_LTT_CALLS
C
ZA,MM,1
MM,AT,1,  10,1,1,,'Tabellenidentifikator'            ,,'',T
C
ZA,DA,1
DA,'AL004IA0-N2S0-30-2'
C
ENDE_LTT_CALLS
C
BEGIN_PROGRAMM
C
ZA,MM,7
MM,AT,1,  10,1,1,,'Programmnummer'                        ,,'',T
MM,AT,1,  20,1,1,,'Programmtyp'                           ,,'',T
MM,AT,1,  30,1,1,,'Bemerkung'                             ,,'',T
MM,AT,1,  40,1,1,,'Bearbeitungszeit'                      ,,'min',Z
MM,AT,1,  50,1,1,,'Dateityp'                              ,,'',T
MM,AT,1,  60,1,1,,'IncreasingRecordNumberFlag'            ,,'Bool',Z
MM,AT,1,  70,1,1,,'PartTypeIndex'                         ,,'',Z
C
ZA,DA,3
DA,'SPV138068','UP','',0.10,'LST',1,0
START_TEXT
N10G91
N11TC_POS_LEVEL(1.000)
N12TC_LASER_ON(6,"AL004IA0-N2S0-30-2",0,400)
N13TC_LASERCORR_ON(T_LEFT)
N14G01X0.0625
N15G03X-1.9685I-0.9843J0
N16X1.9685I0.9843J0
N17TC_LASER_OFF(1)
N18G01X-1.6802Y0.696
N19TC_LASER_ON(6,"AL004IA0-N2S0-30-2",0,400)
N20X-0.2784Y0.2784
N21X-0.4374Y0.4374
N22X-0.6403Y0.6403
N23TC_LASER_OFF(1)
N24X3.6268Y-0.0835
N25X-3.1496Y-3.937
N26G01
N27G90
N28M17
N29M02
STOP_TEXT
DA,'SP138068','UP','',0.10,'LST',1,0
START_TEXT
N10MSG("NUMERO DO SUBPROGRAMA,SP138068")
N11G91
N12TC_POS_LEVEL(1.000)
N13TC_LASER_ON(9,"AL004IA0-N2S0-30-2",11,110)
N14TC_LASERCORR_ON(T_LEFT)
N15G01X0.0625
N16TC_LASER_ON(11,"AL004IA0-N2S0-30-2",0,100)
N17G03X-1.9685I-0.9843J0
N18X1.9685I0.9843J0
N19TC_LASER_OFF(3)
N20TC_LASERCORR_OFF
N21G01X-1.6802Y0.696
N22TC_LASER_ON(9,"AL004IA0-N2S0-30-2",11,110)
N23X-0.2784Y0.2784
N24TC_LASER_ON(11,"AL004IA0-N2S0-30-2",0,100)
N25X-0.4374Y0.4374
N26TC_LASER_ON(6,"AL004IA0-N2S0-30-2",0,100)
N27X-0.6403Y0.6403
N28TC_LASER_OFF(3)
N29X3.6268Y-0.0835
N30X-3.1496Y-3.937
N31G01
N32G90
N33M17
N34M02
STOP_TEXT
DA,'38068','HP','',0.12,'LST',1,0
START_TEXT
N10MSG("NUMERO DO PROGRAMA PRINCIPAL,38068")
N11MSG("TRUTOPS LASER V08.01.01 B471 - TruLaser 1030 -  BR ARNC0")
N12MSG("DIMENSOES DA CHAPA 0.031 x 3.937 x 3.937")
N13G70
N14F11102
N15TC_POS_LEVEL(1.000)
N16TC_SHEET_TECH("SHT-1")
N17TC_SHEET_LOAD("SHL-1")
N18 ;GOTOF ENTRY_LASER
N19TC_PART_END(3)
N20;ENTRY_LASER:
N21;(PART NUMBER: SP138068  Pieza_prueba_Maxwell NUMBER:4)
N22G01X2.8903Y1.9685
N23SPV138068
N24G01X2.8903Y1.9685
N25SP138068
N26TC_PART_END(4)
N27TC_LASER_OFF(2)
N28TC_PART_END(-1)
N29TC_SHEET_UNLOAD("SHU-1")
N30M30
STOP_TEXT
C
ENDE_PROGRAMM
C
ED
