BD
SET_INCH
C
BEGIN_EINRICHTEPLAN_INFO
C
ZA,MM,28
MM,AT,1,   10, 1,1,,'Maschine'                          ,,'',T
MM,AT,1,   20, 1,1,,'Typ'                               ,,'',Z
MM,AT,1,   30, 1,1,,'Steuerung'                         ,,'',T
MM,AT,1,   40, 1,1,,'Variante'                          ,,'',Z
MM,AT,1,   50, 1,1,,'Firma'                             ,,'',T
MM,AT,1,   60, 1,1,,'Programmnummer'                    ,,'',T
MM,AT,1,   70, 1,1,,'Bearbeiter'                        ,,'',T
MM,AT,1,   80, 1,1,,'Datum'                             ,,'',T
MM,AT,1,   90, 1,1,,'Auftragsname'                      ,,'',T
MM,AT,1,  100, 1,1,,'Anzahl der Programmdurchlaeufe'    ,,'',Z
MM,AT,1,  110, 1,1,,'Tafelname'                         ,,'',T
MM,AT,1,  120, 1,1,,'Speicherbedarf'                    ,,'',Z
MM,AT,1,  130, 1,1,,'Material-ID'                       ,,'',T
MM,AT,1,  140, 1,1,,'Tafelgewicht'                      ,,'kg',Z
MM,AT,1,  150, 1,1,,'Maschinenzeit'                     ,,'min',Z
MM,AT,1,  160, 1,1,,'Bemerkung'                         ,,'',T
MM,AT,1,  170, 1,1,,'Flag Automatisiert'                ,,'Bool',Z
MM,AT,1,  180, 1,1,,'Flag ToPsxxx-Programm'             ,,'Bool',Z
MM,AT,1,  190, 1,1,,'Einrichteplanfilename'             ,,'',T
MM,AT,1,  200, 1,1,,'Lagergutbezeichnung'               ,,'',T
MM,AT,1,  210, 1,1,,'Palettierungsflag'                 ,,'Bool',Z
MM,AT,1,  220, 1,1,,'Palettierungmodus'                 ,,'',Z
MM,AT,1,  230, 1,1,,'Palette putzen'                    ,,'Bool',Z
MM,AT,1,  240, 1,1,,'Sauger putzen'                     ,,'Bool',Z
MM,AT,1,  250, 1,1,,'SystemPalletType'                  ,,'',T
MM,AT,1,  260, 1,1,,'Bearbeitungszeit PierceLine'       ,,'min',Z
MM,AT,1,  270, 1,1,,'Schneidlänge'                      ,,'in',Z
MM,AT,1,  280, 1,1,,'viewer name machine'               ,,'',T
C
ZA,DA,1
DA,'L22',1,'BR ARNC0',1,'Trumpf','38071','User','22.06.2022',
*  'TRUMPF',1,'',14074,
*  'Al99',,5.06,'  ',0,1,'',
*  '',0,1,1,1,'',0.00,405.38,'TruLaser 1030 (L22)'
C
ENDE_EINRICHTEPLAN_INFO
C
BEGIN_SHEET_TECH
C
ZA,MM,10
MM,AT,1,  10,1,1,,'Tabellenidentifikator'                 ,,'',T
MM,AT,1,  20,1,1,,'Blechmass X'                           ,,'in',Z
MM,AT,1,  30,1,1,,'Blechmass Y'                           ,,'in',Z
MM,AT,1,  40,1,1,,'Blechmass Z'                           ,,'in',Z
MM,AT,1, 200,1,1,,'TRUMPF-Kennung'                        ,,'',Z
MM,AT,1, 220,1,1,,'Blechmass X real'                      ,,'in',Z
MM,AT,1, 230,1,1,,'Blechmass Y real'                      ,,'in',Z
MM,AT,1, 240,1,1,,'Materialkennung'                       ,,'',T
MM,AT,1, 260,1,1,,'Werkstoffdichte'                       ,,'kg/dm3',Z
MM,AT,1, 290,1,1,,'Werkstoffkennung'                      ,,'',T
C
ZA,DA,1
DA,'SHT-1',11.535,6.378,0.031,1,11.535,6.378,'Al99',2.700,
*  'Al99'
C
ENDE_SHEET_TECH
C
BEGIN_SHEET_LOAD
C
ZA,MM,10
MM,AT,1,  10,1,1,,'Tabellenidentifikator'                 ,,'',T
MM,AT,1,  70,1,1,,'TRUMPF-Kennung'                        ,,'',Z
MM,AT,1, 100,1,1,,'maximale Bearbeitungsposition X'       ,,'in',Z
MM,AT,1, 110,1,1,,'maximale Bearbeitungsposition Y'       ,,'in',Z
MM,AT,1, 500,1,1,,'Beladegeraet'                          ,,'',Z
MM,AT,1, 580,1,1,,'Lift Doppelblechdet aktiv'             ,,'Bool',Z
MM,AT,1, 590,1,1,,'Lift abschaelen'                       ,,'Bool',Z
MM,AT,1, 620,1,1,,'Blechanschlag'                         ,,'',Z
MM,AT,1, 630,1,1,,'Blechlage vermessen'                   ,,'',Z
MM,AT,1, 640,1,1,,'Messbereich X'                         ,,'in',Z
MM,AT,1, 650,1,1,,'Messbereich Y'                         ,,'in',Z
MM,AT,1, 660,1,1,,'Kalibrierung'                          ,,'Bool',Z
MM,AT,1, 690,1,1,,'Palettenwechselart'                    ,,'',Z
MM,AT,1, 700,1,1,,'Messecke'                              ,,'',Z
MM,AT,1, 810,1,1,,'Einzelsaugeranwahl'                    ,,'',Z
MM,AT,1, 820,1,1,,'Blech beim Beladen ausrichten'         ,,'',Z
MM,AT,1, 830,1,1,,'Codierung Einzelsauger 1'              ,,'',T
MM,AT,1, 840,1,1,,'Codierung Einzelsauger 2'              ,,'',T
MM,AT,1, 850,1,1,,'Saugermodus'                           ,,'',Z
C
ZA,DA,1
DA,'SHL-1',1,,,1,0,0,1,0,50.0,50.0,1,1,1,0,
*  0,'00000000','00000000',0
C
ENDE_SHEET_LOAD
C
BEGIN_SHEET_UNLOAD
C
ZA,MM,2
MM,AT,1,  10,1,1,,'Tabellenidentifikator',,'',T
MM,AT,1, 580,1,1,,'Entladegeraet',,'',Z
C
ZA,DA,1
DA,'SHU-1',1
C
ENDE_SHEET_UNLOAD
C
BEGIN_LTT_STAMM
C
ZA,MM,189
MM,AT,1,   10, 1,1,,'Tabellenidentifikator'             ,,'',T
MM,AT,1,   20, 1,1,,'Bearbeiter'                        ,,'',T
MM,AT,1,   30, 1,1,,'Erstellungsdatum'                  ,,'',T
MM,AT,1,   40, 1,1,,'letzte Aenderung'                  ,,'',T
MM,AT,1,   50, 1,1,,'Bemerkung'                         ,,'',T
MM,AT,1,   60, 1,1,,'Einblendstatus'                    ,,'',Z
MM,AT,1,   70, 1,1,,'Erstellungs-Einheit'               ,,'',Z
MM,AT,1,   80, 1,1,,'Maschinentyp'                      ,,'',T
MM,AT,1,   90, 1,1,,'Lasernennleistung'                ,,'W',Z
MM,AT,1,  100, 1,1,,'Material'                          ,,'',T
MM,AT,1,  110, 1,1,,'Materialdicke'                   ,,'in',Z
MM,AT,1,  120, 1,1,,'Linsenbrennweite'                 ,,'in',Z
MM,AT,1,  130, 1,1,,'Duesentyp Duesendurchmesser'       ,,'',T
MM,AT,1,  140, 1,1,,'Schneidkopfnuiner'                 ,,'',Z
MM,AT,1,  150, 1,1,,'Gasspuelen Schneiden-Einst'       ,,'s',Z
MM,AT,1,  160, 1,1,,'Gasspuelen Einst-Schneiden'       ,,'s',Z
MM,AT,1,  170, 1,1,,'SCHN Einstellmass'               ,,'in',Z
MM,AT,1,  180, 1,1,,'SCHN red. Beschleunigung'      ,,'m/s2',Z
MM,AT,1,  190, 1,1,,'SCHN Beschleunigung'           ,,'m/s2',Z
MM,AT,1,  200, 1,1,,'SCHN Eckenkuehlzeit'              ,,'s',Z
MM,AT,1,  210, 1,1,,'SCHN V-Red AnschnittDickblech'    ,,'%',Z
MM,AT,1,  220, 1,1,,'SCHN Gasart Schneiden'             ,,'',Z
MM,AT,1,  230, 1,1,,'SCHN Gasart red. Schneiden'        ,,'',Z
MM,AT,1,  240, 1,1,,'SCHN-GR Schnittspalt'            ,,'in',Z
MM,AT,1,  250, 1,1,,'SCHN-GR-N Laserleistung'         ,,'W',Z
MM,AT,1,  260, 1,1,,'SCHN-GR-N Tastfrequenz'          ,,'Hz',Z
MM,AT,1,  270, 1,1,,'SCHN-GR-N Geschwindigkeit'    ,,'m/min',Z
MM,AT,1,  280, 1,1,,'SCHN-GR-N Duesenabstand'        ,,'in',Z
MM,AT,1,  290, 1,1,,'SCHN-GR-N Gasdruck'            ,,'bar',Z
MM,AT,1,  300, 1,1,,'SCHN-GR-R Laserleistung'         ,,'W',Z
MM,AT,1,  310, 1,1,,'SCHN-GR-R Tastfrequenz'         ,,'Hz',Z
MM,AT,1,  320, 1,1,,'SCHN-GR-R Geschwindigkeit'    ,,'m/min',Z
MM,AT,1,  330, 1,1,,'SCHN-GR-R Duesenabstand'         ,,'in',Z
MM,AT,1,  340, 1,1,,'SCHN-GR-R Gasdruck'             ,,'bar',Z
MM,AT,1,  350, 1,1,,'SCHN-MI Schnittspalt'           ,,'in',Z
MM,AT,1,  360, 1,1,,'SCHN-MI-N Laserleistung'         ,,'W',Z
MM,AT,1,  370, 1,1,,'SCHN-MI-N Tastfrequenz'         ,,'Hz',Z
MM,AT,1,  380, 1,1,,'SCHN-MI-N Geschwindigkeit'   ,,'m/min',Z
MM,AT,1,  390, 1,1,,'SCHN-MI-N Duesenabstand'        ,,'in',Z
MM,AT,1,  400, 1,1,,'SCHN-MI-N Gasdruck'            ,,'bar',Z
MM,AT,1,  410, 1,1,,'SCHN-MI-R Laserleistung'         ,,'W',Z
MM,AT,1,  420, 1,1,,'SCHN-MI-R Tastfrequenz'         ,,'Hz',Z
MM,AT,1,  430, 1,1,,'SCHN-MI-R Geschwindigkeit'   ,,'m/min',Z
MM,AT,1,  440, 1,1,,'SCHN-MI-R Duesenabstand'        ,,'in',Z
MM,AT,1,  450, 1,1,,'SCHN-MI-R Gasdruck'            ,,'bar',Z
MM,AT,1,  460, 1,1,,'SCHN-KL Schnittspalt'            ,,'in',Z
MM,AT,1,  470, 1,1,,'SCHN-KL-N Laserleistung'          ,,'W',Z
MM,AT,1,  480, 1,1,,'SCHN-KL-N Tastfrequenz'          ,,'Hz',Z
MM,AT,1,  490, 1,1,,'SCHN-KL-N Geschwindigkeit'    ,,'m/min',Z
MM,AT,1,  500, 1,1,,'SCHN-KL-N Duesenabstand'         ,,'in',Z
MM,AT,1,  510, 1,1,,'SCHN-KL-N Gasdruck'             ,,'bar',Z
MM,AT,1,  520, 1,1,,'SCHN-KL-R Laserleistung'          ,,'W',Z
MM,AT,1,  530, 1,1,,'SCHN-KL-R Tastfrequenz'          ,,'Hz',Z
MM,AT,1,  540, 1,1,,'SCHN-KL-R Geschwindigkeit'    ,,'m/min',Z
MM,AT,1,  550, 1,1,,'SCHN-KL-R Duesenabstand'         ,,'in',Z
MM,AT,1,  560, 1,1,,'SCHN-KL-R Gasdruck'             ,,'bar',Z
MM,AT,1,  570, 1,1,,'EINS Einstellmass'               ,,'in',Z
MM,AT,1,  580, 1,1,,'EINS-N Zeit'                      ,,'s',Z
MM,AT,1,  590, 1,1,,'EINS-N Rampenzyklusnuiner'         ,,'',Z
MM,AT,1,  600, 1,1,,'EINS-N Duesenabstand'            ,,'in',Z
MM,AT,1,  610, 1,1,,'EINS-N Ausblaszeit'               ,,'s',Z
MM,AT,1,  620, 1,1,,'EINS-N Gasart'                     ,,'',Z
MM,AT,1,  630, 1,1,,'EINS-N Gasdruck'                ,,'bar',Z
MM,AT,1,  640, 1,1,,'EINS-N Oelspruehen'               ,,'',Z
MM,AT,1,  650, 1,1,,'EINS-R Zeit'                      ,,'s',Z
MM,AT,1,  660, 1,1,,'EINS-R Rampenzyklusnuiner'         ,,'',Z
MM,AT,1,  670, 1,1,,'EINS-R Duesenabstand'            ,,'in',Z
MM,AT,1,  680, 1,1,,'EINS-R Ausblaszeit'               ,,'s',Z
MM,AT,1,  690, 1,1,,'EINS-R Gasart'                     ,,'',Z
MM,AT,1,  700, 1,1,,'EINS-R Gasdruck'                ,,'bar',Z
MM,AT,1,  710, 1,1,,'EINS-R Oelspruehen'               ,,'',Z
MM,AT,1,  720, 1,1,,'ABDA Einstellmass'               ,,'in',Z
MM,AT,1,  730, 1,1,,'ABDA Zeit'                        ,,'s',Z
MM,AT,1,  740, 1,1,,'ABDA Duesenabstand'               ,,'in',Z
MM,AT,1,  750, 1,1,,'ABDA Laserleistung'               ,,'W',Z
MM,AT,1,  760, 1,1,,'ABDA Tastfrequenz'               ,,'Hz',Z
MM,AT,1,  770, 1,1,,'ABDA Geschwindigkeit'         ,,'m/min',Z
MM,AT,1,  780, 1,1,,'ABDA Gasart'                       ,,'',Z
MM,AT,1,  790, 1,1,,'ABDA Gasdruck'                  ,,'bar',Z
MM,AT,1,  800, 1,1,,'KENN Einstellmass'               ,,'in',Z
MM,AT,1,  810, 1,1,,'KENN Duesenabstand'              ,,'in',Z
MM,AT,1,  820, 1,1,,'KENN Laserleistung'               ,,'W',Z
MM,AT,1,  830, 1,1,,'KENN Tastfrequenz'               ,,'Hz',Z
MM,AT,1,  840, 1,1,,'KENN Geschwindigkeit'         ,,'m/min',Z
MM,AT,1,  850, 1,1,,'KENN Gasart'                       ,,'',Z
MM,AT,1,  860, 1,1,,'KENN Gasdruck'                  ,,'bar',Z
MM,AT,1,  870, 1,1,,'KOER-G Einstellmass'             ,,'in',Z
MM,AT,1,  880, 1,1,,'KOER-G Duesenabstand'            ,,'in',Z
MM,AT,1,  890, 1,1,,'KOER-G Laserleistung'             ,,'W',Z
MM,AT,1,  900, 1,1,,'KOER-G Tastfrequenz'             ,,'Hz',Z
MM,AT,1,  910, 1,1,,'KOER-G Geschwindigkeit'       ,,'m/min',Z
MM,AT,1,  920, 1,1,,'KOER-G Gasart'                     ,,'',Z
MM,AT,1,  930, 1,1,,'KOER-G Gasdruck'                ,,'bar',Z
MM,AT,1,  940, 1,1,,'KOER-P Einstechzeit'              ,,'s',Z
MM,AT,1,  950, 1,1,,'KOER-P Rampenzyklusnuiner'         ,,'',Z
MM,AT,1,  960, 1,1,,'KOER-P Duesenabstand'            ,,'in',Z
MM,AT,1,  970, 1,1,,'KOER-P Gasart'                     ,,'',Z
MM,AT,1,  980, 1,1,,'KOER-P Gasdruck'                ,,'bar',Z
MM,AT,1,  990, 1,1,,'PUNK Einstellmass'               ,,'in',Z
MM,AT,1, 1000, 1,1,,'PUNK-S Zeit'                      ,,'s',Z
MM,AT,1, 1010, 1,1,,'PUNK-S Rampenzyklusnuiner'         ,,'',Z
MM,AT,1, 1020, 1,1,,'PUNK-S Duesenabstand'            ,,'in',Z
MM,AT,1, 1030, 1,1,,'PUNK-S Gasart'                     ,,'',Z
MM,AT,1, 1040, 1,1,,'PUNK-S Gasdruck'                ,,'bar',Z
MM,AT,1, 1050, 1,1,,'PUNK-F Zeit'                      ,,'s',Z
MM,AT,1, 1060, 1,1,,'PUNK-F Rampenzyklusnuiner'         ,,'',Z
MM,AT,1, 1070, 1,1,,'PUNK-F Duesenabstand'            ,,'in',Z
MM,AT,1, 1080, 1,1,,'PUNK-F Gasart'                     ,,'',Z
MM,AT,1, 1090, 1,1,,'PUNK-F Gasdruck'                ,,'bar',Z
MM,AT,1, 1100, 1,1,,'TRUMPF-Kennung'                    ,,'',Z
MM,AT,1, 1110, 1,1,,'Vorschub Anf. aus Stanzloch'      ,,'%',Z
MM,AT,1, 1120, 1,1,,'SCHN-GR Einstellmass'            ,,'in',Z
MM,AT,1, 1130, 1,1,,'SCHN-MI Einstellmass'            ,,'in',Z
MM,AT,1, 1140, 1,1,,'SCHN-KL Einstellmass'            ,,'in',Z
MM,AT,1, 1150, 1,1,,'EINS-N Zeit SprintLas'            ,,'s',Z
MM,AT,1, 1160, 1,1,,'SCHN hohe Beschleunigung'      ,,'m/s2',Z
MM,AT,1,1730,1,1,,'PlasmaLine Aktiv'                      ,,'',Z
MM,AT,1,1740,1,1,,'PlasmaLine-Schwellenwert 1'            ,,'%',Z
MM,AT,1,1750,1,1,,'PlasmaLine-Schwellenwert 2'            ,,'%',Z
MM,AT,1,1760,1,1,,'LLS - LFS Modus'                       ,,'',Z
MM,AT,1,1770,1,1,,'LLS obere Grenze in %'                 ,,'%',Z
MM,AT,1,1780,1,1,,'Leistung bei oberer Grenze in %'       ,,'%',Z
MM,AT,1,1790,1,1,,'LLS untere Grenze in %'                ,,'%',Z
MM,AT,1,1800,1,1,,'Leistung bei unterer Grenze in %'      ,,'%',Z
MM,AT,1,1810,1,1,,'LFS obere Grenze in %'                 ,,'%',Z
MM,AT,1,1820,1,1,,'Frequenz bei oberer Grenze in %'       ,,'%',Z
MM,AT,1,1830,1,1,,'LFS untere Grenze in %'                ,,'%',Z
MM,AT,1,1840,1,1,,'Frequenz bei unterer Grenze in %'      ,,'%',Z
MM,AT,1,1850,1,1,,'Sensorik Einstechen normal'            ,,'',Z
MM,AT,1,1860,1,1,,'Sensorik Einstechen sanft'             ,,'',Z
MM,AT,1,1870,1,1,,'SCHN-GR Strahldurchmesser'             ,,'in',Z
MM,AT,1,1880,1,1,,'SCHN-MI Strahldurchmesser'             ,,'in',Z
MM,AT,1,1890,1,1,,'SCHN-KL Strahldurchmesser'             ,,'in',Z
MM,AT,1,1900,1,1,,'EINS Strahldurchmesser'                ,,'in',Z
MM,AT,1,1910,1,1,,'ABDA Strahldurchmesser'                ,,'in',Z
MM,AT,1,1920,1,1,,'KENN Strahldurchmesser'                ,,'in',Z
MM,AT,1,1930,1,1,,'KOER Strahldurchmesser'                ,,'in',Z
MM,AT,1,1940,1,1,,'PUNK Strahldurchmesser'                ,,'in',Z
MM,AT,1,1950,1,1,,'LLS Geschw. bei oberer Grenze'         ,,'m/min',Z
MM,AT,1,1960,1,1,,'Leistung bei oberer Grenze'            ,,'W',Z
MM,AT,1,1970,1,1,,'LLS Geschw. bei unterer Grenze'        ,,'m/min',Z
MM,AT,1,1980,1,1,,'Leistung bei unterer Grenze'           ,,'W',Z
MM,AT,1,1990,1,1,,'LFS Geschw. bei oberer Grenze'         ,,'m/min',Z
MM,AT,1,2000,1,1,,'Frequenz bei oberer Grenze'            ,,'Hz',Z
MM,AT,1,2010,1,1,,'LFS Geschw. bei unterer Grenze'        ,,'m/min',Z
MM,AT,1,2020,1,1,,'Frequenz bei unterer Grenze'           ,,'Hz',Z
MM,AT,1,2030,1,1,,'EINS sanft Einstellmass'               ,,'in',Z
MM,AT,1,2040,1,1,,'PlasmaLine Aktiv Mittlere Kontur'      ,,'',Z
MM,AT,1,2050,1,1,,'PlasmaLine Aktiv Kleine Kontur'        ,,'',Z
MM,AT,1,2060,1,1,,'Beschleunigung Sonderbearb.'           ,,'m/s2',Z
MM,AT,1,2070,1,1,,'PierceLine Strahldurchmesser'          ,,'in',Z
MM,AT,1,2080,1,1,,'PierceLine-N Einstellmass'             ,,'in',Z
MM,AT,1,2090,1,1,,'PierceLine-N Zeit'                     ,,'s',Z
MM,AT,1,2100,1,1,,'PierceLine-N Rampenzyklusnuiner'       ,,'',Z
MM,AT,1,2110,1,1,,'PierceLine-N Duesenabstand'            ,,'in',Z
MM,AT,1,2120,1,1,,'PierceLine-N Ausblaszeit'              ,,'s',Z
MM,AT,1,2130,1,1,,'PierceLine-N Gasart'                   ,,'',Z
MM,AT,1,2140,1,1,,'PierceLine-N Gasdruck'                 ,,'bar',Z
MM,AT,1,2150,1,1,,'PierceLine-N Oelspruehen'              ,,'',Z
MM,AT,1,2160,1,1,,'PierceLine-N Sensortyp'                ,,'',Z
MM,AT,1,2170,1,1,,'PierceLine-N Querblasen'               ,,'Bool',Z
MM,AT,1,2180,1,1,,'PierceLine-R Einstellmass'             ,,'in',Z
MM,AT,1,2190,1,1,,'PierceLine-R Zeit'                     ,,'s',Z
MM,AT,1,2200,1,1,,'PierceLine-R Rampenzyklusnuiner'       ,,'',Z
MM,AT,1,2210,1,1,,'PierceLine-R Duesenabstand'            ,,'in',Z
MM,AT,1,2220,1,1,,'PierceLine-R Ausblaszeit'              ,,'s',Z
MM,AT,1,2230,1,1,,'PierceLine-R Gasart'                   ,,'',Z
MM,AT,1,2240,1,1,,'PierceLine-R Gasdruck'                 ,,'bar',Z
MM,AT,1,2250,1,1,,'PierceLine-R Oelspruehen'              ,,'',Z
MM,AT,1,2260,1,1,,'PierceLine-R Sensortyp'                ,,'',Z
MM,AT,1,2270,1,1,,'PierceLine-R Querblasen'               ,,'Bool',Z
MM,AT,1,2280,1,1,,'SCHN hohe Beschleun. Kinematik 2'      ,,'m/s2',Z
MM,AT,1,2290,1,1,,'Material-Standard'                     ,,'',Z
MM,AT,1,2300,1,1,,'Ausgangstabelle'                       ,,'',T
MM,AT,1,2310,1,1,,'Offset Einstellmass'                   ,,'in',Z
MM,AT,1,2340,1,1,,'Schneidkopf Generation'                ,,'',Z
MM,AT,1,2350,1,1,,'Schneidkopf Identifikation'            ,,'',Z
MM,AT,1,2360,1,1,,'untere Grenzgeschw. AWS. Kennz.'       ,,'m/min',Z
MM,AT,1,2370,1,1,,'Leistung bei unterer Grenze Kennz.'    ,,'W',Z
MM,AT,1,2380,1,1,,'untere Grenzgeschw. AWS. Abda.'        ,,'m/min',Z
MM,AT,1,2390,1,1,,'Leistung bei unterer Grenze Abda.'     ,,'W',Z
MM,AT,1,2400,1,1,,'Frequenz bei unterer Grenze Kennz.'    ,,'Hz',Z
MM,AT,1,2410,1,1,,'Frequenz bei unterer Grenze Abda.'     ,,'Hz',Z
MM,AT,1,2420,1,1,,'SCHN normale Beschleun. 2. Y-Achse'    ,,'m/s2',Z
MM,AT,1,2430,1,1,,'SCHN normale Beschleun. 2. X-Achse'    ,,'m/s2',Z
MM,AT,1,2500,1,1,,'PulsePower Regulation'                 ,,'W',Z
MM,AT,1,2820,1,1,,'SCH_KL_RED_FOKUSLAGE'                  ,,'in',Z
MM,AT,1,2830,1,1,,'SCH_MI_RED_FOKUSLAGE'                  ,,'in',Z
MM,AT,1,2840,1,1,,'SCH_GR_RED_FOKUSLAGE'                  ,,'in',Z
C
ZA,DA,1
DA,'AL004IA0-N2S0-30-2','TUS560FW','','','',1,0,'TC24',2000,'Al99',0.031,
*  7.500,0.8,4,-1,-1,,,,,,,,
*  ,,,,,,,,,,,,,,,
*  ,,,,,,,,,,,,,,,
*  ,,,,,,,,,,,,,,,
*  ,,,,,,,,,,,,,,,
*  ,,,,,,,,,,,,,,,
*  ,,,,,,,,,,,,,,,
*  ,,,,,,,,,,,,,,,
*  ,,,,,,,,,,,,,,,
*  ,,,,,,,,,,,,,,,
*  ,,,,,,,,,,,,,,,
*  ,,,,,,,,,,,,,,,,
C
ENDE_LTT_STAMM
C
BEGIN_LTT_CALLS
C
ZA,MM,1
MM,AT,1,  10,1,1,,'Tabellenidentifikator'            ,,'',T
C
ZA,DA,1
DA,'AL004IA0-N2S0-30-2'
C
ENDE_LTT_CALLS
C
BEGIN_PROGRAMM
C
ZA,MM,7
MM,AT,1,  10,1,1,,'Programmnummer'                        ,,'',T
MM,AT,1,  20,1,1,,'Programmtyp'                           ,,'',T
MM,AT,1,  30,1,1,,'Bemerkung'                             ,,'',T
MM,AT,1,  40,1,1,,'Bearbeitungszeit'                      ,,'min',Z
MM,AT,1,  50,1,1,,'Dateityp'                              ,,'',T
MM,AT,1,  60,1,1,,'IncreasingRecordNumberFlag'            ,,'Bool',Z
MM,AT,1,  70,1,1,,'PartTypeIndex'                         ,,'',Z
C
ZA,DA,3
DA,'SPV138071','UP','',0.10,'LST',1,0
START_TEXT
N10G91
N11TC_POS_LEVEL(1.000)
N12TC_LASER_ON(6,"AL004IA0-N2S0-30-2",0,400)
N13TC_LASERCORR_ON(T_LEFT)
N14G01X0.0625
N15G03X-0.2441I-0.122J0
N16X0.2441I0.122J0
N17TC_LASER_OFF(1)
N18G01X0.5851Y-0.4331
N19TC_LASER_ON(6,"AL004IA0-N2S0-30-2",0,400)
N20TC_LASERCORR_ON(T_LEFT)
N21X0.0625
N22G03X-0.1772I-0.0886J0
N23X0.1772I0.0886J0
N24TC_LASER_OFF(1)
N25G01X0.2389Y1.3704
N26TC_LASER_ON(6,"AL004IA0-N2S0-30-2",0,400)
N27TC_LASERCORR_ON(T_LEFT)
N28X-0.1048Y0.0681
N29G03X0.0579Y-0.2723I0.1651J-0.1072
N30G01X1.0731Y-0.6969
N31G03X0.2144Y0.3302I0.1072J0.1651
N32G01X-1.0731Y0.6969
N33G03X-0.2723Y-0.0579I-0.1072J-0.1651
N34G01X0.0419Y-0.0272
N35TC_LASER_OFF(1)
N36X0.0124Y-0.6014
N37TC_LASER_ON(6,"AL004IA0-N2S0-30-2",0,400)
N38TC_LASERCORR_ON(T_LEFT)
N39X0.0625
N40G03X-0.1772I-0.0886J0
N41X0.1772I0.0886J0
N42TC_LASER_OFF(1)
N43G01X0.3081Y-0.2573
N44TC_LASER_ON(6,"AL004IA0-N2S0-30-2",0,400)
N45TC_LASERCORR_ON(T_LEFT)
N46X0.0625
N47G03X-0.126I-0.063J0
N48X0.126I0.063J0
N49TC_LASER_OFF(1)
N50G01X0.3593Y-0.2573
N51TC_LASER_ON(6,"AL004IA0-N2S0-30-2",0,400)
N52TC_LASERCORR_ON(T_LEFT)
N53X0.0625
N54G03X-0.1772I-0.0886J0
N55X0.1772I0.0886J0
N56TC_LASER_OFF(1)
N57G01X0.7446Y-0.2953
N58TC_LASER_ON(6,"AL004IA0-N2S0-30-2",0,400)
N59TC_LASERCORR_ON(T_LEFT)
N60X0.0625
N61G03X-0.1772I-0.0886J0
N62X0.1772I0.0886J0
N63TC_LASER_OFF(1)
N64G01X0.124Y1.5148
N65TC_LASER_ON(6,"AL004IA0-N2S0-30-2",0,400)
N66TC_LASERCORR_ON(T_RIGHT)
N67Y-0.125
N68X-0.128
N69Y0.3937
N70X0.2559
N71Y-0.3937
N72X-0.128
N73Y0.05
N74TC_LASER_OFF(1)
N75X-1.1252Y1.5834
N76TC_LASER_ON(6,"AL004IA0-N2S0-30-2",0,400)
N77TC_LASERCORR_ON(T_LEFT)
N78X-0.0111Y0.0111
N79X-0.0932Y-0.0933
N80G03X0.0222Y-0.0222I0.0111J-0.0111
N81G01X0.1865Y0.1865
N82G03X-0.0223Y0.0223I-0.0111J0.0111
N83G01X-0.0933Y-0.0933
N84X0.0111Y-0.0111
N85TC_LASER_OFF(1)
N86X-1.2759Y-1.5074
N87TC_LASER_ON(6,"AL004IA0-N2S0-30-2",0,400)
N88TC_LASERCORR_ON(T_LEFT)
N89X0.0625
N90G03X-0.2441I-0.122J0
N91X0.2441I0.122J0
N92TC_LASER_OFF(1)
N93G01X2.7977Y2.7756
N94TC_LASER_ON(6,"AL004IA0-N2S0-30-2",0,400)
N95TC_LASERCORR_ON(T_LEFT)
N96X0.0625
N97G03X-0.1378I-0.0689J0
N98X0.1378I0.0689J0
N99TC_LASER_OFF(1)
N100G01X1.5059Y0.0377
N101TC_LASER_ON(6,"AL004IA0-N2S0-30-2",0,400)
N102TC_LASERCORR_ON(T_RIGHT)
N103Y-0.0157
N104X-0.1319
N105G02Y0.0315I0J0.0157
N106G01X0.2638
N107G02Y-0.0315I0J-0.0157
N108G01X-0.1319
N109Y0.0157
N110TC_LASER_OFF(1)
N111X1.5812Y-0.0377
N112TC_LASER_ON(6,"AL004IA0-N2S0-30-2",0,400)
N113TC_LASERCORR_ON(T_LEFT)
N114X0.0625
N115G03X-0.1378I-0.0689J0
N116X0.1378I0.0689J0
N117TC_LASER_OFF(1)
N118G01X1.5091Y-1.2682
N119TC_LASER_ON(6,"AL004IA0-N2S0-30-2",0,400)
N120TC_LASERCORR_ON(T_RIGHT)
N121X-0.0111Y-0.0111
N122X-0.0933Y0.0933
N123G02X0.0223Y0.0223I0.0111J0.0111
N124G01X0.1865Y-0.1865
N125G02X-0.0222Y-0.0222I-0.0111J-0.0111
N126G01X-0.0933Y0.0932
N127X0.0111Y0.0111
N128TC_LASER_OFF(1)
N129X-1.1281Y-1.4365
N130TC_LASER_ON(6,"AL004IA0-N2S0-30-2",0,400)
N131TC_LASERCORR_ON(T_RIGHT)
N132X-0.125
N133Y0.1969
N134X0.2559
N135Y-0.3937
N136X-0.2559
N137Y0.1969
N138X0.05
N139TC_LASER_OFF(1)
N140X2.5981Y-0.0709
N141TC_LASER_ON(6,"AL004IA0-N2S0-30-2",0,400)
N142TC_LASERCORR_ON(T_LEFT)
N143X0.0625
N144G03X-0.2441I-0.122J0
N145X0.2441I0.122J0
N146TC_LASER_OFF(1)
N147G01X0.221Y-1.0827
N148TC_LASER_ON(6,"AL004IA0-N2S0-30-2",0,400)
N149TC_LASERCORR_ON(T_LEFT)
N150X0.0625
N151G03X-0.2441I-0.122J0
N152X0.2441I0.122J0
N153TC_LASER_OFF(1)
N154G01X-2.2126Y-1.5748
N155TC_LASER_ON(6,"AL004IA0-N2S0-30-2",0,400)
N156TC_LASERCORR_ON(T_LEFT)
N157X0.0394
N158G03X-0.0787I-0.0394J0
N159X0.0787I0.0394J0
N160TC_LASER_OFF(1)
N161G01X-0.1732
N162TC_LASER_ON(6,"AL004IA0-N2S0-30-2",0,400)
N163TC_LASERCORR_ON(T_LEFT)
N164X0.0394
N165G03X-0.0787I-0.0394J0
N166X0.0787I0.0394J0
N167TC_LASER_OFF(1)
N168G01X-0.1732
N169TC_LASER_ON(6,"AL004IA0-N2S0-30-2",0,400)
N170TC_LASERCORR_ON(T_LEFT)
N171X0.0394
N172G03X-0.0787I-0.0394J0
N173X0.0787I0.0394J0
N174TC_LASER_OFF(1)
N175G01X-0.1732
N176TC_LASER_ON(6,"AL004IA0-N2S0-30-2",0,400)
N177TC_LASERCORR_ON(T_LEFT)
N178X0.0394
N179G03X-0.0787I-0.0394J0
N180X0.0787I0.0394J0
N181TC_LASER_OFF(1)
N182G01X-0.0945Y-0.3937
N183Y0.7874
N184TC_SHEET_THICK()
N185Y-0.9055
N186TC_LASER_ON(6,"AL004IA0-N2S0-30-2",0,400)
N187TC_LASERCORR_ON(T_LEFT)
N188Y0.0354
N189Y0.0827
N190Y0.3937
N191X-0.2559
N192Y-0.5118
N193TC_LASER_OFF(1)
N194X1.0236Y0.1181
N195Y0.7874
N196TC_SHEET_THICK()
N197Y-0.9055
N198TC_LASER_ON(6,"AL004IA0-N2S0-30-2",0,400)
N199TC_LASERCORR_ON(T_LEFT)
N200Y0.0354
N201Y0.0827
N202Y0.3937
N203X-0.2559
N204Y-0.5118
N205TC_LASER_OFF(1)
N206X3.0315Y0.7283
N207X-0.7874
N208TC_SHEET_THICK()
N209X0.9055
N210TC_LASER_ON(6,"AL004IA0-N2S0-30-2",0,400)
N211TC_LASERCORR_ON(T_LEFT)
N212X-0.0354
N213X-0.0827
N214X-0.374
N215Y-0.5118
N216X-0.4252
N217Y-0.2165
N218TC_LASER_OFF(1)
N219X-9.937Y0.1181
N220Y0.7874
N221TC_SHEET_THICK()
N222Y-0.7874
N223TC_LASER_ON(6,"AL004IA0-N2S0-30-2",0,400)
N224Y0.0984
N225TC_LASERCORR_ON(T_LEFT)
N226X-0.4252
N227Y0.5118
N228X-0.4921
N229TC_LASER_OFF(1)
N230X3.8976Y-0.6102
N231Y0.7874
N232TC_SHEET_THICK()
N233Y-0.9055
N234TC_LASER_ON(6,"AL004IA0-N2S0-30-2",0,400)
N235TC_LASERCORR_ON(T_LEFT)
N236Y0.0354
N237Y0.0827
N238Y0.4724
N239X-2.3622
N240Y-0.5906
N241TC_LASER_OFF(1)
N242X5.748Y6.4961
N243Y-0.7874
N244TC_SHEET_THICK()
N245Y0.9055
N246TC_LASER_ON(6,"AL004IA0-N2S0-30-2",0,400)
N247TC_LASERCORR_ON(T_LEFT)
N248Y-0.0354
N249Y-0.0827
N250Y-0.374
N251X0.9449
N252X2.3425Y-2.3425
N253Y-1.1535
N254X0.2835Y-0.2835
N255Y-0.4724
N256X0.378
N257Y-0.4921
N258X0.5394
N259TC_LASER_OFF(1)
N260X-11.6535
N261X0.7874
N262TC_SHEET_THICK()
N263X-0.9055
N264TC_LASER_ON(6,"AL004IA0-N2S0-30-2",0,400)
N265TC_LASERCORR_ON(T_LEFT)
N266X0.0354
N267X0.0827
N268X0.4213
N269Y0.4921
N270X0.378
N271Y0.4724
N272X0.2835Y0.2835
N273Y1.1535
N274X2.3425Y2.3425
N275X0.9449
N276Y0.4921
N277TC_LASER_OFF(1)
N278G01
N279G90
N280M17
N281M02
STOP_TEXT
DA,'SP138071','UP','',0.10,'LST',1,0
START_TEXT
N10MSG("NUMERO DO SUBPROGRAMA,SP138071")
N11G91
N12TC_POS_LEVEL(1.000)
N13TC_LASER_ON(9,"AL004IA0-N2S0-30-2",10,210)
N14TC_LASERCORR_ON(T_LEFT)
N15G01X0.0625
N16TC_LASER_ON(11,"AL004IA0-N2S0-30-2",0,200)
N17G03X-0.2441I-0.122J0
N18X0.2441I0.122J0
N19TC_LASER_OFF(3)
N20TC_LASERCORR_OFF
N21G01X0.5851Y-0.4331
N22TC_LASER_ON(9,"AL004IA0-N2S0-30-2",10,310)
N23TC_LASERCORR_ON(T_LEFT)
N24X0.0625
N25TC_LASER_ON(11,"AL004IA0-N2S0-30-2",0,300)
N26G03X-0.1772I-0.0886J0
N27X0.1772I0.0886J0
N28TC_LASER_OFF(3)
N29TC_LASERCORR_OFF
N30G01X0.2389Y1.3704
N31TC_LASER_ON(9,"AL004IA0-N2S0-30-2",11,110)
N32TC_LASERCORR_ON(T_LEFT)
N33X-0.1048Y0.0681
N34TC_LASER_ON(11,"AL004IA0-N2S0-30-2",0,100)
N35G03X0.0579Y-0.2723I0.1651J-0.1072
N36G01X1.0731Y-0.6969
N37G03X0.2144Y0.3302I0.1072J0.1651
N38G01X-1.0731Y0.6969
N39G03X-0.2723Y-0.0579I-0.1072J-0.1651
N40G01X0.0419Y-0.0272
N41TC_LASER_OFF(3)
N42TC_LASERCORR_OFF
N43X0.0124Y-0.6014
N44TC_LASER_ON(9,"AL004IA0-N2S0-30-2",10,310)
N45TC_LASERCORR_ON(T_LEFT)
N46X0.0625
N47TC_LASER_ON(11,"AL004IA0-N2S0-30-2",0,300)
N48G03X-0.1772I-0.0886J0
N49X0.1772I0.0886J0
N50TC_LASER_OFF(3)
N51TC_LASERCORR_OFF
N52G01X0.3081Y-0.2573
N53TC_LASER_ON(9,"AL004IA0-N2S0-30-2",10,310)
N54TC_LASERCORR_ON(T_LEFT)
N55X0.0625
N56TC_LASER_ON(11,"AL004IA0-N2S0-30-2",0,300)
N57G03X-0.126I-0.063J0
N58X0.126I0.063J0
N59TC_LASER_OFF(3)
N60TC_LASERCORR_OFF
N61G01X0.3593Y-0.2573
N62TC_LASER_ON(9,"AL004IA0-N2S0-30-2",10,310)
N63TC_LASERCORR_ON(T_LEFT)
N64X0.0625
N65TC_LASER_ON(11,"AL004IA0-N2S0-30-2",0,300)
N66G03X-0.1772I-0.0886J0
N67X0.1772I0.0886J0
N68TC_LASER_OFF(3)
N69TC_LASERCORR_OFF
N70G01X0.7446Y-0.2953
N71TC_LASER_ON(9,"AL004IA0-N2S0-30-2",10,310)
N72TC_LASERCORR_ON(T_LEFT)
N73X0.0625
N74TC_LASER_ON(11,"AL004IA0-N2S0-30-2",0,300)
N75G03X-0.1772I-0.0886J0
N76X0.1772I0.0886J0
N77TC_LASER_OFF(3)
N78TC_LASERCORR_OFF
N79G01X0.124Y1.5148
N80TC_LASER_ON(9,"AL004IA0-N2S0-30-2",10,210)
N81TC_LASERCORR_ON(T_RIGHT)
N82Y-0.125
N83TC_LASER_ON(11,"AL004IA0-N2S0-30-2",0,200)
N84X-0.128
N85Y0.3937
N86X0.2559
N87Y-0.3937
N88X-0.128
N89Y0.05
N90TC_LASER_OFF(3)
N91TC_LASERCORR_OFF
N92X-1.1252Y1.5834
N93TC_LASER_ON(9,"AL004IA0-N2S0-30-2",10,310)
N94TC_LASERCORR_ON(T_LEFT)
N95X-0.0111Y0.0111
N96TC_LASER_ON(11,"AL004IA0-N2S0-30-2",0,300)
N97X-0.0932Y-0.0933
N98G03X0.0222Y-0.0222I0.0111J-0.0111
N99G01X0.1865Y0.1865
N100G03X-0.0223Y0.0223I-0.0111J0.0111
N101G01X-0.0933Y-0.0933
N102X0.0111Y-0.0111
N103TC_LASER_OFF(3)
N104TC_LASERCORR_OFF
N105X-1.2759Y-1.5074
N106TC_LASER_ON(9,"AL004IA0-N2S0-30-2",10,210)
N107TC_LASERCORR_ON(T_LEFT)
N108X0.0625
N109TC_LASER_ON(11,"AL004IA0-N2S0-30-2",0,200)
N110G03X-0.2441I-0.122J0
N111X0.2441I0.122J0
N112TC_LASER_OFF(3)
N113TC_LASERCORR_OFF
N114G01X2.7977Y2.7756
N115TC_LASER_ON(9,"AL004IA0-N2S0-30-2",10,310)
N116TC_LASERCORR_ON(T_LEFT)
N117X0.0625
N118TC_LASER_ON(11,"AL004IA0-N2S0-30-2",0,300)
N119G03X-0.1378I-0.0689J0
N120X0.1378I0.0689J0
N121TC_LASER_OFF(3)
N122TC_LASERCORR_OFF
N123G01X1.5059Y0.0377
N124TC_LASER_ON(9,"AL004IA0-N2S0-30-2",10,310)
N125TC_LASERCORR_ON(T_RIGHT)
N126Y-0.0157
N127TC_LASER_ON(11,"AL004IA0-N2S0-30-2",0,300)
N128X-0.1319
N129G02Y0.0315I0J0.0157
N130G01X0.2638
N131G02Y-0.0315I0J-0.0157
N132G01X-0.1319
N133Y0.0157
N134TC_LASER_OFF(3)
N135TC_LASERCORR_OFF
N136X1.5812Y-0.0377
N137TC_LASER_ON(9,"AL004IA0-N2S0-30-2",10,310)
N138TC_LASERCORR_ON(T_LEFT)
N139X0.0625
N140TC_LASER_ON(11,"AL004IA0-N2S0-30-2",0,300)
N141G03X-0.1378I-0.0689J0
N142X0.1378I0.0689J0
N143TC_LASER_OFF(3)
N144TC_LASERCORR_OFF
N145G01X1.5091Y-1.2682
N146TC_LASER_ON(9,"AL004IA0-N2S0-30-2",10,310)
N147TC_LASERCORR_ON(T_RIGHT)
N148X-0.0111Y-0.0111
N149TC_LASER_ON(11,"AL004IA0-N2S0-30-2",0,300)
N150X-0.0933Y0.0933
N151G02X0.0223Y0.0223I0.0111J0.0111
N152G01X0.1865Y-0.1865
N153G02X-0.0222Y-0.0222I-0.0111J-0.0111
N154G01X-0.0933Y0.0932
N155X0.0111Y0.0111
N156TC_LASER_OFF(3)
N157TC_LASERCORR_OFF
N158X-1.1281Y-1.4365
N159TC_LASER_ON(9,"AL004IA0-N2S0-30-2",10,210)
N160TC_LASERCORR_ON(T_RIGHT)
N161X-0.125
N162TC_LASER_ON(11,"AL004IA0-N2S0-30-2",0,200)
N163Y0.1969
N164X0.2559
N165Y-0.3937
N166X-0.2559
N167Y0.1969
N168X0.05
N169TC_LASER_OFF(3)
N170TC_LASERCORR_OFF
N171X2.5981Y-0.0709
N172TC_LASER_ON(9,"AL004IA0-N2S0-30-2",10,210)
N173TC_LASERCORR_ON(T_LEFT)
N174X0.0625
N175TC_LASER_ON(11,"AL004IA0-N2S0-30-2",0,200)
N176G03X-0.2441I-0.122J0
N177X0.2441I0.122J0
N178TC_LASER_OFF(3)
N179TC_LASERCORR_OFF
N180G01X0.221Y-1.0827
N181TC_LASER_ON(9,"AL004IA0-N2S0-30-2",10,210)
N182TC_LASERCORR_ON(T_LEFT)
N183X0.0625
N184TC_LASER_ON(11,"AL004IA0-N2S0-30-2",0,200)
N185G03X-0.2441I-0.122J0
N186X0.2441I0.122J0
N187TC_LASER_OFF(3)
N188TC_LASERCORR_OFF
N189G01X-2.2126Y-1.5748
N190TC_LASER_ON(9,"AL004IA0-N2S0-30-2",10,310)
N191TC_LASERCORR_ON(T_LEFT)
N192X0.0394
N193TC_LASER_ON(11,"AL004IA0-N2S0-30-2",0,300)
N194G03X-0.0787I-0.0394J0
N195X0.0787I0.0394J0
N196TC_LASER_OFF(3)
N197TC_LASERCORR_OFF
N198G01X-0.1732
N199TC_LASER_ON(9,"AL004IA0-N2S0-30-2",10,310)
N200TC_LASERCORR_ON(T_LEFT)
N201X0.0394
N202TC_LASER_ON(11,"AL004IA0-N2S0-30-2",0,300)
N203G03X-0.0787I-0.0394J0
N204X0.0787I0.0394J0
N205TC_LASER_OFF(3)
N206TC_LASERCORR_OFF
N207G01X-0.1732
N208TC_LASER_ON(9,"AL004IA0-N2S0-30-2",10,310)
N209TC_LASERCORR_ON(T_LEFT)
N210X0.0394
N211TC_LASER_ON(11,"AL004IA0-N2S0-30-2",0,300)
N212G03X-0.0787I-0.0394J0
N213X0.0787I0.0394J0
N214TC_LASER_OFF(3)
N215TC_LASERCORR_OFF
N216G01X-0.1732
N217TC_LASER_ON(9,"AL004IA0-N2S0-30-2",10,310)
N218TC_LASERCORR_ON(T_LEFT)
N219X0.0394
N220TC_LASER_ON(11,"AL004IA0-N2S0-30-2",0,300)
N221G03X-0.0787I-0.0394J0
N222X0.0787I0.0394J0
N223TC_LASER_OFF(3)
N224TC_LASERCORR_OFF
N225G01X-0.0945Y-0.3937
N226Y0.7874
N227TC_SHEET_THICK()
N228Y-0.9055
N229TC_LASER_ON(6,"AL004IA0-N2S0-30-2",0,110)
N230TC_LASERCORR_ON(T_LEFT)
N231Y0.0354
N232TC_LASER_ON(6,"AL004IA0-N2S0-30-2",0,100)
N233Y0.0827
N234TC_LASER_ON(5,"AL004IA0-N2S0-30-2",0,100)
N235Y0.3937
N236X-0.2559
N237TC_LASER_ON(6,"AL004IA0-N2S0-30-2",0,100)
N238Y-0.5118
N239TC_LASER_OFF(3)
N240TC_LASERCORR_OFF
N241X1.0236Y0.1181
N242Y0.7874
N243TC_SHEET_THICK()
N244Y-0.9055
N245TC_LASER_ON(6,"AL004IA0-N2S0-30-2",0,110)
N246TC_LASERCORR_ON(T_LEFT)
N247Y0.0354
N248TC_LASER_ON(6,"AL004IA0-N2S0-30-2",0,100)
N249Y0.0827
N250TC_LASER_ON(5,"AL004IA0-N2S0-30-2",0,100)
N251Y0.3937
N252X-0.2559
N253TC_LASER_ON(6,"AL004IA0-N2S0-30-2",0,100)
N254Y-0.5118
N255TC_LASER_OFF(3)
N256TC_LASERCORR_OFF
N257X3.0315Y0.7283
N258X-0.7874
N259TC_SHEET_THICK()
N260X0.9055
N261TC_LASER_ON(6,"AL004IA0-N2S0-30-2",0,110)
N262TC_LASERCORR_ON(T_LEFT)
N263X-0.0354
N264TC_LASER_ON(6,"AL004IA0-N2S0-30-2",0,100)
N265X-0.0827
N266TC_LASER_ON(5,"AL004IA0-N2S0-30-2",0,100)
N267X-0.374
N268Y-0.5118
N269X-0.4252
N270TC_LASER_ON(6,"AL004IA0-N2S0-30-2",0,100)
N271Y-0.2165
N272TC_LASER_OFF(3)
N273TC_LASERCORR_OFF
N274X-9.937Y0.1181
N275Y0.7874
N276TC_SHEET_THICK()
N277Y-0.7874
N278TC_LASER_ON(5,"AL004IA0-N2S0-30-2",0,100)
N279Y0.0984
N280TC_LASER_ON(11,"AL004IA0-N2S0-30-2",0,100)
N281TC_LASERCORR_ON(T_LEFT)
N282X-0.4252
N283Y0.5118
N284TC_LASER_ON(6,"AL004IA0-N2S0-30-2",0,100)
N285X-0.4921
N286TC_LASER_OFF(3)
N287TC_LASERCORR_OFF
N288X3.8976Y-0.6102
N289Y0.7874
N290TC_SHEET_THICK()
N291Y-0.9055
N292TC_LASER_ON(6,"AL004IA0-N2S0-30-2",0,110)
N293TC_LASERCORR_ON(T_LEFT)
N294Y0.0354
N295TC_LASER_ON(6,"AL004IA0-N2S0-30-2",0,100)
N296Y0.0827
N297TC_LASER_ON(5,"AL004IA0-N2S0-30-2",0,100)
N298Y0.4724
N299X-2.3622
N300TC_LASER_ON(6,"AL004IA0-N2S0-30-2",0,100)
N301Y-0.5906
N302TC_LASER_OFF(3)
N303TC_LASERCORR_OFF
N304X5.748Y6.4961
N305Y-0.7874
N306TC_SHEET_THICK()
N307Y0.9055
N308TC_LASER_ON(6,"AL004IA0-N2S0-30-2",0,110)
N309TC_LASERCORR_ON(T_LEFT)
N310Y-0.0354
N311TC_LASER_ON(6,"AL004IA0-N2S0-30-2",0,100)
N312Y-0.0827
N313TC_LASER_ON(5,"AL004IA0-N2S0-30-2",0,100)
N314Y-0.374
N315X0.9449
N316X2.3425Y-2.3425
N317Y-1.1535
N318X0.2835Y-0.2835
N319Y-0.4724
N320X0.378
N321Y-0.4921
N322TC_LASER_ON(6,"AL004IA0-N2S0-30-2",0,100)
N323X0.5394
N324TC_LASER_OFF(3)
N325TC_LASERCORR_OFF
N326X-11.6535
N327X0.7874
N328TC_SHEET_THICK()
N329X-0.9055
N330TC_LASER_ON(6,"AL004IA0-N2S0-30-2",0,110)
N331TC_LASERCORR_ON(T_LEFT)
N332X0.0354
N333TC_LASER_ON(6,"AL004IA0-N2S0-30-2",0,100)
N334X0.0827
N335TC_LASER_ON(5,"AL004IA0-N2S0-30-2",0,100)
N336X0.4213
N337Y0.4921
N338X0.378
N339Y0.4724
N340X0.2835Y0.2835
N341Y1.1535
N342X2.3425Y2.3425
N343X0.9449
N344TC_LASER_ON(6,"AL004IA0-N2S0-30-2",0,100)
N345Y0.4921
N346TC_LASER_OFF(3)
N347TC_LASERCORR_OFF
N348G01
N349G90
N350M17
N351M02
STOP_TEXT
DA,'38071','HP','',0.12,'LST',1,0
START_TEXT
N10MSG("NUMERO DO PROGRAMA PRINCIPAL,38071")
N11MSG("TRUTOPS LASER V08.01.01 B471 - TruLaser 1030 -  BR ARNC0")
N12MSG("DIMENSOES DA CHAPA 0.031 x 11.535 x 6.378")
N13G70
N14F11102
N15TC_POS_LEVEL(1.000)
N16TC_SHEET_TECH("SHT-1")
N17TC_SHEET_LOAD("SHL-1")
N18 ;GOTOF ENTRY_LASER
N19TC_PART_END(2)
N20;ENTRY_LASER:
N21;(PART NUMBER: SP138071  DXFPUNC0 NUMBER:3)
N22G01X1.0556Y1.9685
N23SPV138071
N24G01X1.0556Y1.9685
N25SP138071
N26TC_PART_END(3)
N27TC_LASER_OFF(2)
N28TC_PART_END(-1)
N29TC_SHEET_UNLOAD("SHU-1")
N30M30
STOP_TEXT
C
ENDE_PROGRAMM
C
ED
