BD
SET_METRIC
C
BEGIN_EINRICHTEPLAN_INFO
C
ZA,MM,2
MM,AT,1, 60,1,1,,,,,T
MM,AT,1,170,1,1,,,,,T
ZA,DA,1
C
DA,38073,1
C
ENDE_EINRICHTEPLAN_INFO
C
BEGIN_SHEET_TECH
C
ZA,MM,7
MM,AT,1,10,1,1,,,,,T
MM,AT,1,20,1,1,,,,'mm',Z
MM,AT,1,30,1,1,,,,'mm',Z
MM,AT,1,40,1,1,,,,'mm',Z
MM,AT,1,220,1,1,,,,'mm',Z
MM,AT,1,230,1,1,,,,'mm',Z
MM,AT,1,240,1,1,,'Materialkennung',,'',T
C
ZA,DA,1
DA,'SHT-1',100.0,360.0,0.8,100.0,360.0,'Al99'
C
ENDE_SHEET_TECH
C
BEGIN_SHEET_LOAD
C
ZA,MM,10
MM,AT,1,10,1,1,,'Table identifier',,,T
MM,AT,1,500,1,1,,'Loading unit',,,Z
MM,AT,1,620,1,1,,'Sheet stopper',,,Z
MM,AT,1,630,1,1,,'Measure sheet position',,,Z
MM,AT,1,640,1,1,,'Measure range in X',,'mm',Z
MM,AT,1,650,1,1,,'Measure range in Y',,'mm',Z
MM,AT,1,660,1,1,,'Calibration',,'Bool',Z
MM,AT,1,690,1,1,,'Type of pallet change',,,Z
MM,AT,1,700,1,1,,'Measuring Corner',,,Z
MM,AT,1,710,1,1,,,,,Z
C
ZA,DA,1
DA,'SHL-1',1,1,1,50.0,50.0,1,0,1,1
C
ENDE_SHEET_LOAD
C
BEGIN_LTT_CALLS
C
ZA,MM,1
MM,AT,1,10,1,1,,,,,T
C
ZA,DA,1
DA,'AL010MD0-AIS0-10-2'
C
ENDE_LTT_CALLS
C
BEGIN_PROGRAMM
C
ZA,MM,4
MM,AT,1, 10,1,1,,,,,T
MM,AT,1, 20,1,1,,,,,T
MM,AT,1, 30,1,1,,,,,T
MM,AT,1, 40,1,1,,,,,Z
C
ZA,DA,2
DA,'L138073','UP',,
START_TEXT
N10G91
N11G01X0.073Y-0.075
N12TC_POS_LEVEL(40.0)
N13TC_LASER_ON(1,"AL010MD0-AIS0-10-2",10,110)
N14X-2.067Y-2.026
N15TC_LASER_ON(5,"AL010MD0-AIS0-10-2",0,100)
N16G03X35.308Y35.104I17.705J17.501
N17X-35.03Y-35.382I-17.603J-17.603
N18TC_LASER_OFF(1)
N19G01X-0.251Y35.457
N20TC_LASER_ON(1,"AL010MD0-AIS0-10-2",10,110)
N21X-7.071Y7.071
N22TC_LASER_ON(5,"AL010MD0-AIS0-10-2",0,100)
N23X-11.109Y11.109
N24TC_LASER_ON(11,"AL010MD0-AIS0-10-2",0,100)
N25X-14.142Y14.142
N26TC_LASER_ON(5,"AL010MD0-AIS0-10-2",0,100)
N27X0Y0.105
N28X23
N29X67
N30G02X10Y-8.652I0J-10.105
N31TC_LASER_ON(6,"AL010MD0-AIS0-10-2",0,100)
N32X0.105Y-1.453I-10J-1.453
N33TC_LASER_OFF(1)
N34G01X-0.105Y-90.105
N35X-20
N36TC_SHEET_THICK()
N37X23
N38TC_LASER_ON(6,"AL010MD0-AIS0-10-2",0,110)
N39X-3
N40TC_LASER_ON(6,"AL010MD0-AIS0-10-2",0,100)
N41X-20
N42TC_LASER_ON(5,"AL010MD0-AIS0-10-2",0,100)
N43X-70
N44G02X-10Y8.652I0J10.105
N45TC_LASER_ON(6,"AL010MD0-AIS0-10-2",0,100)
N46X-0.105Y1.453I10J1.453
N47TC_LASER_OFF(1)
N48G01
N49G90
N50M17
N51M02
STOP_TEXT
C
DA,'38073','HP',,
START_TEXT
N10MSG("PROGRAM NUMBER,38073")
N11MSG("SHEET Al99 : 100.0 x 360.0 x 0.8")
N12MSG("MSG,PART #:Pieza_prueba_Maxwell QTY 1")
N13G71
N14F100000
N15TC_POS_LEVEL(40.0)
N16TC_SHEET_TECH("SHT-1")
N17TC_SHEET_LOAD("SHL-1")
N18 ;GOTOF ENTRY_LASER
N19;ENTRY_LASER:
N20;(PART NUMBER: L138073  Pieza_prueba_Maxwell NUMBER:1)
N21G01X34.289Y44.6
N22L138073
N23TC_LASER_OFF(2)
N24M30
STOP_TEXT
ENDE_PROGRAMM
ED


