BD
SET_METRIC
C
BEGIN_EINRICHTEPLAN_INFO
C
ZA,MM,2
MM,AT,1, 60,1,1,,,,,T
MM,AT,1,170,1,1,,,,,T
ZA,DA,1
C
DA,38075,1
C
ENDE_EINRICHTEPLAN_INFO
C
BEGIN_SHEET_TECH
C
ZA,MM,7
MM,AT,1,10,1,1,,,,,T
MM,AT,1,20,1,1,,,,'mm',Z
MM,AT,1,30,1,1,,,,'mm',Z
MM,AT,1,40,1,1,,,,'mm',Z
MM,AT,1,220,1,1,,,,'mm',Z
MM,AT,1,230,1,1,,,,'mm',Z
MM,AT,1,240,1,1,,'Materialkennung',,'',T
C
ZA,DA,1
DA,'SHT-1',225.3,347.0,0.8,225.3,347.0,'Al99'
C
ENDE_SHEET_TECH
C
BEGIN_SHEET_LOAD
C
ZA,MM,10
MM,AT,1,10,1,1,,'Table identifier',,,T
MM,AT,1,500,1,1,,'Loading unit',,,Z
MM,AT,1,620,1,1,,'Sheet stopper',,,Z
MM,AT,1,630,1,1,,'Measure sheet position',,,Z
MM,AT,1,640,1,1,,'Measure range in X',,'mm',Z
MM,AT,1,650,1,1,,'Measure range in Y',,'mm',Z
MM,AT,1,660,1,1,,'Calibration',,'Bool',Z
MM,AT,1,690,1,1,,'Type of pallet change',,,Z
MM,AT,1,700,1,1,,'Measuring Corner',,,Z
MM,AT,1,710,1,1,,,,,Z
C
ZA,DA,1
DA,'SHL-1',1,1,1,50.0,50.0,1,0,1,1
C
ENDE_SHEET_LOAD
C
BEGIN_LTT_CALLS
C
ZA,MM,1
MM,AT,1,10,1,1,,,,,T
C
ZA,DA,1
DA,'AL010MD0-AIS0-10-2'
C
ENDE_LTT_CALLS
C
BEGIN_PROGRAMM
C
ZA,MM,4
MM,AT,1, 10,1,1,,,,,T
MM,AT,1, 20,1,1,,,,,T
MM,AT,1, 30,1,1,,,,,T
MM,AT,1, 40,1,1,,,,,Z
C
ZA,DA,2
DA,'L138075','UP',,
START_TEXT
N10G91
N11G01X0.055Y-0.089
N12TC_POS_LEVEL(40.0)
N13TC_LASER_ON(1,"AL010MD0-AIS0-10-2",10,110)
N14X2.459Y1.529
N15TC_LASER_ON(5,"AL010MD0-AIS0-10-2",0,100)
N16G03X20.936Y-25.269I103.641J64.562
N17G02X12.185Y-9.852I6.705J-4.17
N18G03X68.763Y-22.41I70.52J99.683
N19G02X31.572Y3.684I15.757J2.092
N20G03X58.575Y34.166I-29.815J118.409
N21TC_LASER_ON(6,"AL010MD0-AIS0-10-2",0,100)
N22X20.17Y28.347I-88.39J84.243
N23G01X-0.17
N24TC_LASER_ON(5,"AL010MD0-AIS0-10-2",0,100)
N25X-16.285
N26Y8.419
N27X-8.816Y-8.813
N28G02X-15.172Y5.825I-6.289J6.289
N29G01X-0.288Y5.569
N30X-11.452
N31X-1.47Y-12
N32X-9.814
N33X-1.47Y12
N34X-10.668
N35X-17.755Y-18.194
N36G02X-46.029Y5.985I-15.2J63.089
N37G01X-41.145Y22.209
N38X-12.131
N39Y-4
N40X-21.79
N41Y4
N42G03X2.463Y-30.002I105.895J34.896
N43TC_LASER_OFF(1)
N44G01
N45G90
N46M17
N47M02
STOP_TEXT
C
DA,'38075','HP',,
START_TEXT
N10MSG("PROGRAM NUMBER,38075")
N11MSG("SHEET Al99 : 225.3 x 347.0 x 0.8")
N12MSG("MSG,PART #:DXFPART7 QTY 1")
N13G71
N14F100000
N15TC_POS_LEVEL(40.0)
N16TC_SHEET_TECH("SHT-1")
N17TC_SHEET_LOAD("SHL-1")
N18 ;GOTOF ENTRY_LASER
N19;ENTRY_LASER:
N20;(PART NUMBER: L138075  DXFPART7 NUMBER:1)
N21G01X10.717Y65.988
N22L138075
N23TC_LASER_OFF(2)
N24M30
STOP_TEXT
ENDE_PROGRAMM
ED


