BD
SET_METRIC
C
BEGIN_EINRICHTEPLAN_INFO
C
ZA,MM,2
MM,AT,1, 60,1,1,,,,,T
MM,AT,1,170,1,1,,,,,T
ZA,DA,1
C
DA,38074,1
C
ENDE_EINRICHTEPLAN_INFO
C
BEGIN_SHEET_TECH
C
ZA,MM,7
MM,AT,1,10,1,1,,,,,T
MM,AT,1,20,1,1,,,,'mm',Z
MM,AT,1,30,1,1,,,,'mm',Z
MM,AT,1,40,1,1,,,,'mm',Z
MM,AT,1,220,1,1,,,,'mm',Z
MM,AT,1,230,1,1,,,,'mm',Z
MM,AT,1,240,1,1,,'Materialkennung',,'',T
C
ZA,DA,1
DA,'SHT-1',180.0,375.0,0.8,180.0,375.0,'Al99'
C
ENDE_SHEET_TECH
C
BEGIN_SHEET_LOAD
C
ZA,MM,10
MM,AT,1,10,1,1,,'Table identifier',,,T
MM,AT,1,500,1,1,,'Loading unit',,,Z
MM,AT,1,620,1,1,,'Sheet stopper',,,Z
MM,AT,1,630,1,1,,'Measure sheet position',,,Z
MM,AT,1,640,1,1,,'Measure range in X',,'mm',Z
MM,AT,1,650,1,1,,'Measure range in Y',,'mm',Z
MM,AT,1,660,1,1,,'Calibration',,'Bool',Z
MM,AT,1,690,1,1,,'Type of pallet change',,,Z
MM,AT,1,700,1,1,,'Measuring Corner',,,Z
MM,AT,1,710,1,1,,,,,Z
C
ZA,DA,1
DA,'SHL-1',1,1,1,50.0,50.0,1,0,1,1
C
ENDE_SHEET_LOAD
C
BEGIN_LTT_CALLS
C
ZA,MM,1
MM,AT,1,10,1,1,,,,,T
C
ZA,DA,1
DA,'AL010MD0-AIS0-10-2'
C
ENDE_LTT_CALLS
C
BEGIN_PROGRAMM
C
ZA,MM,4
MM,AT,1, 10,1,1,,,,,T
MM,AT,1, 20,1,1,,,,,T
MM,AT,1, 30,1,1,,,,,T
MM,AT,1, 40,1,1,,,,,Z
C
ZA,DA,2
DA,'L138074','UP',,
START_TEXT
N10G91
N11G01X0.072Y-0.077
N12TC_POS_LEVEL(40.0)
N13TC_LASER_ON(1,"AL010MD0-AIS0-10-2",10,110)
N14X-2.097Y-1.994
N15TC_LASER_ON(5,"AL010MD0-AIS0-10-2",0,100)
N16G03X14.094Y13.892I7.097J6.895
N17X-13.817Y-14.167I-6.997J-6.997
N18TC_LASER_OFF(1)
N19G01X1.82Y67.269
N20TC_LASER_ON(1,"AL010MD0-AIS0-10-2",10,110)
N21X-2.097Y-1.994
N22TC_LASER_ON(5,"AL010MD0-AIS0-10-2",0,100)
N23G03X14.094Y13.892I7.097J6.895
N24X-13.817Y-14.167I-6.997J-6.997
N25TC_LASER_OFF(1)
N26G01X0.11Y-24.533
N27TC_LASER_ON(1,"AL010MD0-AIS0-10-2",10,110)
N28X-2.893Y0.072
N29TC_LASER_ON(5,"AL010MD0-AIS0-10-2",0,100)
N30G03X9.894Y-10.037I9.894J-0.142
N31G01X28.937
N32G03X26.168Y-26.167I36.063J9.895
N33G01Y-9.975
N34X19.79
N35Y9.975
N36G03X26.167Y26.167I-9.895J36.062
N37G01X28.938
N38G03Y19.79I0J9.895
N39G01X-28.938
N40G03X-26.167Y26.167I-36.062J-9.895
N41G01Y9.975
N42X-19.79
N43Y-9.975
N44G03X-26.168Y-26.167I9.895J-36.062
N45G01X-28.937
N46G03X-9.892Y-10.143I0J-9.895
N47TC_LASER_OFF(1)
N48G01X134.601Y27.12
N49TC_LASER_ON(1,"AL010MD0-AIS0-10-2",10,110)
N50X-2.097Y-1.994
N51TC_LASER_ON(5,"AL010MD0-AIS0-10-2",0,100)
N52G03X14.094Y13.892I7.097J6.895
N53X-13.817Y-14.167I-6.997J-6.997
N54TC_LASER_OFF(1)
N55G01X1.82Y-62.731
N56TC_LASER_ON(1,"AL010MD0-AIS0-10-2",10,110)
N57X-2.097Y-1.994
N58TC_LASER_ON(5,"AL010MD0-AIS0-10-2",0,100)
N59G03X14.094Y13.892I7.097J6.895
N60X-13.817Y-14.167I-6.997J-6.997
N61TC_LASER_OFF(1)
N62G01X31.925Y7.17
N63X-7.353Y-17.752
N64TC_SHEET_THICK()
N65X7.353Y17.752
N66TC_LASER_ON(6,"AL010MD0-AIS0-10-2",0,110)
N67G02X-0.009Y-0.689I-25.105J0
N68TC_LASER_ON(6,"AL010MD0-AIS0-10-2",0,100)
N69X-0.096Y-1.605I-25.096J0.689
N70TC_LASER_ON(5,"AL010MD0-AIS0-10-2",0,100)
N71X-0.452Y-2.964I-25J2.294
N72X-24.548Y-19.847I-24.548J5.258
N73G01X-130
N74G02X-25Y22.811I0J25.105
N75TC_LASER_ON(6,"AL010MD0-AIS0-10-2",0,100)
N76X-0.105Y2.294I25J2.294
N77TC_LASER_OFF(1)
N78G01Y65
N79X7.353Y17.752
N80TC_SHEET_THICK()
N81X-7.353Y-17.752
N82TC_LASER_ON(6,"AL010MD0-AIS0-10-2",0,110)
N83G02X0.179Y2.993I25.105J0
N84TC_LASER_ON(6,"AL010MD0-AIS0-10-2",0,100)
N85X19.926Y21.609I24.926J-2.993
N86TC_LASER_ON(5,"AL010MD0-AIS0-10-2",0,100)
N87X5Y0.503I5J-24.602
N88G01X130
N89G02X5Y-0.503I0J-25.105
N90TC_LASER_ON(6,"AL010MD0-AIS0-10-2",0,100)
N91X20.105Y-24.602I-5J-24.602
N92TC_LASER_OFF(1)
N93G01
N94G90
N95M17
N96M02
STOP_TEXT
C
DA,'38074','HP',,
START_TEXT
N10MSG("PROGRAM NUMBER,38074")
N11MSG("SHEET Al99 : 180.0 x 375.0 x 0.8")
N12MSG("MSG,PART #:Pieza_prueba_Maxwell_2 QTY 1")
N13G71
N14F100000
N15TC_POS_LEVEL(40.0)
N16TC_SHEET_TECH("SHT-1")
N17TC_SHEET_LOAD("SHL-1")
N18 ;GOTOF ENTRY_LASER
N19;ENTRY_LASER:
N20;(PART NUMBER: L138074  Pieza_prueba_Maxwell_2 NUMBER:1)
N21G01X19.928Y30.176
N22L138074
N23TC_LASER_OFF(2)
N24M30
STOP_TEXT
ENDE_PROGRAMM
ED


