BD
SET_METRIC
C
BEGIN_EINRICHTEPLAN_INFO
C
ZA,MM,2
MM,AT,1, 60,1,1,,,,,T
MM,AT,1,170,1,1,,,,,T
ZA,DA,1
C
DA,38076,1
C
ENDE_EINRICHTEPLAN_INFO
C
BEGIN_SHEET_TECH
C
ZA,MM,7
MM,AT,1,10,1,1,,,,,T
MM,AT,1,20,1,1,,,,'mm',Z
MM,AT,1,30,1,1,,,,'mm',Z
MM,AT,1,40,1,1,,,,'mm',Z
MM,AT,1,220,1,1,,,,'mm',Z
MM,AT,1,230,1,1,,,,'mm',Z
MM,AT,1,240,1,1,,'Materialkennung',,'',T
C
ZA,DA,1
DA,'SHT-1',293.0,422.0,0.8,293.0,422.0,'Al99'
C
ENDE_SHEET_TECH
C
BEGIN_SHEET_LOAD
C
ZA,MM,10
MM,AT,1,10,1,1,,'Table identifier',,,T
MM,AT,1,500,1,1,,'Loading unit',,,Z
MM,AT,1,620,1,1,,'Sheet stopper',,,Z
MM,AT,1,630,1,1,,'Measure sheet position',,,Z
MM,AT,1,640,1,1,,'Measure range in X',,'mm',Z
MM,AT,1,650,1,1,,'Measure range in Y',,'mm',Z
MM,AT,1,660,1,1,,'Calibration',,'Bool',Z
MM,AT,1,690,1,1,,'Type of pallet change',,,Z
MM,AT,1,700,1,1,,'Measuring Corner',,,Z
MM,AT,1,710,1,1,,,,,Z
C
ZA,DA,1
DA,'SHL-1',1,1,1,50.0,50.0,1,0,1,1
C
ENDE_SHEET_LOAD
C
BEGIN_LTT_CALLS
C
ZA,MM,1
MM,AT,1,10,1,1,,,,,T
C
ZA,DA,1
DA,'AL010MD0-AIS0-10-2'
C
ENDE_LTT_CALLS
C
BEGIN_PROGRAMM
C
ZA,MM,4
MM,AT,1, 10,1,1,,,,,T
MM,AT,1, 20,1,1,,,,,T
MM,AT,1, 30,1,1,,,,,T
MM,AT,1, 40,1,1,,,,,Z
C
ZA,DA,2
DA,'L138076','UP',,
START_TEXT
N10G91
N11G01X0.068Y-0.08
N12TC_POS_LEVEL(40.0)
N13TC_LASER_ON(1,"AL010MD0-AIS0-10-2",10,110)
N14X-2.204Y-1.874
N15TC_LASER_ON(5,"AL010MD0-AIS0-10-2",0,100)
N16G03X4.33Y4.137I2.212J2.019
N17X-4.058Y-4.4I-2.118J-2.118
N18TC_LASER_OFF(1)
N19G01X19.306Y-8.8
N20TC_LASER_ON(1,"AL010MD0-AIS0-10-2",10,110)
N21X-1.674Y-1.338
N22TC_LASER_ON(5,"AL010MD0-AIS0-10-2",0,100)
N23G03X3.125Y2.937I1.608J1.42
N24X-2.856Y-3.193I-1.517J-1.517
N25TC_LASER_OFF(1)
N26G01X7.776Y22.165
N27TC_LASER_ON(1,"AL010MD0-AIS0-10-2",10,110)
N28X-1.673Y-1.337
N29TC_LASER_ON(5,"AL010MD0-AIS0-10-2",0,100)
N30G03X3.125Y2.936I1.608J1.419
N31X-2.856Y-3.192I-1.517J-1.517
N32TC_LASER_OFF(1)
N33G01X11.465Y-4.945
N34TC_LASER_ON(1,"AL010MD0-AIS0-10-2",10,110)
N35X-1.206Y-0.878
N36TC_LASER_ON(5,"AL010MD0-AIS0-10-2",0,100)
N37G03X2.201Y2.02I1.144J0.963
N38X-1.937Y-2.266I-1.057J-1.057
N39TC_LASER_OFF(1)
N40G01X11.01Y-5.409
N41TC_LASER_ON(1,"AL010MD0-AIS0-10-2",10,110)
N42X-1.674Y-1.338
N43TC_LASER_ON(5,"AL010MD0-AIS0-10-2",0,100)
N44G03X3.125Y2.937I1.608J1.42
N45X-2.856Y-3.193I-1.517J-1.517
N46TC_LASER_OFF(1)
N47G01X-2.895Y17.542
N48TC_LASER_ON(1,"AL010MD0-AIS0-10-2",10,110)
N49X-1.577Y-2.428
N50TC_LASER_ON(5,"AL010MD0-AIS0-10-2",0,100)
N51X13.75Y-8.93
N52G03X5.332Y8.211I2.666J4.106
N53G01X-27.257Y17.701
N54G03X-5.332Y-8.211I-2.666J-4.106
N55G01X13.838Y-8.986
N56TC_LASER_OFF(1)
N57X26.046Y-20.805
N58TC_LASER_ON(1,"AL010MD0-AIS0-10-2",10,110)
N59X-1.674Y-1.338
N60TC_LASER_ON(5,"AL010MD0-AIS0-10-2",0,100)
N61G03X3.125Y2.937I1.608J1.42
N62X-2.856Y-3.193I-1.517J-1.517
N63TC_LASER_OFF(1)
N64G01X6.884Y39.976
N65TC_LASER_ON(1,"AL010MD0-AIS0-10-2",10,110)
N66Y-2.895
N67TC_LASER_ON(5,"AL010MD0-AIS0-10-2",0,100)
N68X-3.29
N69Y9.79
N70X6.29
N71Y-9.79
N72X-3.395
N73TC_LASER_OFF(1)
N74X-28.432Y41.281
N75TC_LASER_ON(1,"AL010MD0-AIS0-10-2",10,110)
N76X0.208Y-0.209
N77TC_LASER_ON(5,"AL010MD0-AIS0-10-2",0,100)
N78X2.472Y2.471
N79G03X-0.418Y0.418I-0.209J0.209
N80G01X-4.737Y-4.738
N81G03X0.417Y-0.417I0.208J-0.209
N82G01X2.546Y2.545
N83TC_LASER_OFF(1)
N84X-34.314Y-38.401
N85TC_LASER_ON(1,"AL010MD0-AIS0-10-2",10,110)
N86X-2.204Y-1.874
N87TC_LASER_ON(5,"AL010MD0-AIS0-10-2",0,100)
N88G03X4.33Y4.137I2.212J2.019
N89X-4.058Y-4.4I-2.118J-2.118
N90TC_LASER_OFF(1)
N91G01X76.003Y72.698
N92TC_LASER_ON(1,"AL010MD0-AIS0-10-2",10,110)
N93X-1.314Y-0.984
N94TC_LASER_ON(5,"AL010MD0-AIS0-10-2",0,100)
N95G03X2.414Y2.231I1.251J1.068
N96X-2.149Y-2.48I-1.163J-1.163
N97TC_LASER_OFF(1)
N98G01X41.131Y2.275
N99TC_LASER_ON(1,"AL010MD0-AIS0-10-2",10,110)
N100Y-0.295
N101TC_LASER_ON(5,"AL010MD0-AIS0-10-2",0,100)
N102X-3.495
N103G02Y0.59I0J0.295
N104G01X6.7
N105G02Y-0.59I0J-0.295
N106G01X-3.6
N107TC_LASER_OFF(1)
N108X40.313Y-0.747
N109TC_LASER_ON(1,"AL010MD0-AIS0-10-2",10,110)
N110X-1.314Y-0.984
N111TC_LASER_ON(5,"AL010MD0-AIS0-10-2",0,100)
N112G03X2.414Y2.231I1.251J1.068
N113X-2.149Y-2.48I-1.163J-1.163
N114TC_LASER_OFF(1)
N115G01X41.168Y-30.997
N116TC_LASER_ON(1,"AL010MD0-AIS0-10-2",10,110)
N117X-0.208Y-0.209
N118TC_LASER_ON(5,"AL010MD0-AIS0-10-2",0,100)
N119X-2.472Y2.471
N120G02X0.418Y0.418I0.209J0.209
N121G01X4.737Y-4.738
N122G02X-0.417Y-0.417I-0.208J-0.209
N123G01X-2.546Y2.545
N124TC_LASER_OFF(1)
N125X-28.049Y-38.456
N126TC_LASER_ON(1,"AL010MD0-AIS0-10-2",10,110)
N127Y-2.895
N128TC_LASER_ON(5,"AL010MD0-AIS0-10-2",0,100)
N129X-3.29
N130Y9.79
N131X6.29
N132Y-9.79
N133X-3.395
N134TC_LASER_OFF(1)
N135X62.742Y2.95
N136TC_LASER_ON(1,"AL010MD0-AIS0-10-2",10,110)
N137X-2.204Y-1.874
N138TC_LASER_ON(5,"AL010MD0-AIS0-10-2",0,100)
N139G03X4.33Y4.137I2.212J2.019
N140X-4.058Y-4.4I-2.118J-2.118
N141TC_LASER_OFF(1)
N142G01X9.132Y-25.363
N143TC_LASER_ON(1,"AL010MD0-AIS0-10-2",10,110)
N144X-2.204Y-1.874
N145TC_LASER_ON(5,"AL010MD0-AIS0-10-2",0,100)
N146G03X4.33Y4.137I2.212J2.019
N147X-4.058Y-4.4I-2.118J-2.118
N148TC_LASER_OFF(1)
N149G01X-51.106Y-37.808
N150TC_LASER_ON(1,"AL010MD0-AIS0-10-2",10,110)
N151X-0.765Y-0.454
N152TC_LASER_ON(5,"AL010MD0-AIS0-10-2",0,100)
N153G03X1.344Y1.177I0.711J0.544
N154X-1.09Y-1.403I-0.633J-0.633
N155TC_LASER_OFF(1)
N156G01X-2.889Y0.68
N157TC_LASER_ON(1,"AL010MD0-AIS0-10-2",10,110)
N158X-0.765Y-0.454
N159TC_LASER_ON(5,"AL010MD0-AIS0-10-2",0,100)
N160G03X1.344Y1.177I0.711J0.544
N161X-1.09Y-1.403I-0.633J-0.633
N162TC_LASER_OFF(1)
N163G01X-2.889Y0.68
N164TC_LASER_ON(1,"AL010MD0-AIS0-10-2",10,110)
N165X-0.765Y-0.454
N166TC_LASER_ON(5,"AL010MD0-AIS0-10-2",0,100)
N167G03X1.344Y1.177I0.711J0.544
N168X-1.09Y-1.403I-0.633J-0.633
N169TC_LASER_OFF(1)
N170G01X-2.889Y0.68
N171TC_LASER_ON(1,"AL010MD0-AIS0-10-2",10,110)
N172X-0.765Y-0.454
N173TC_LASER_ON(5,"AL010MD0-AIS0-10-2",0,100)
N174G03X1.344Y1.177I0.711J0.544
N175X-1.09Y-1.403I-0.633J-0.633
N176TC_LASER_OFF(1)
N177G01X89.057Y6.165
N178X-20
N179TC_SHEET_THICK()
N180X23
N181TC_LASER_ON(6,"AL010MD0-AIS0-10-2",0,110)
N182X-0.9
N183TC_LASER_ON(6,"AL010MD0-AIS0-10-2",0,100)
N184X-2.1
N185TC_LASER_ON(5,"AL010MD0-AIS0-10-2",0,100)
N186X-9.395
N187Y-13
N188X-10.8
N189Y-2.5
N190X-50.41
N191Y10
N192X-6.29
N193Y-10
N194X-13.21
N195Y10
N196X-6.29
N197Y-10
N198X-100.71
N199Y12
N200X-59.79
N201Y-12
N202X-15.91
N203Y2.5
N204X-10.8
N205Y13
N206X-12.395
N207TC_LASER_OFF(1)
N208X3Y16.71
N209X20
N210TC_SHEET_THICK()
N211X-23
N212TC_LASER_ON(6,"AL010MD0-AIS0-10-2",0,110)
N213X0.9
N214TC_LASER_ON(6,"AL010MD0-AIS0-10-2",0,100)
N215X2.1
N216TC_LASER_ON(5,"AL010MD0-AIS0-10-2",0,100)
N217X10.595
N218Y12.5
N219X9.6
N220Y11.938
N221X7.2Y7.2
N222Y29.3
N223X59.562Y59.562
N224X23.938
N225Y9.5
N226X71.21
N227Y-9.5
N228X23.938
N229X59.562Y-59.562
N230Y-29.3
N231X7.2Y-7.2
N232Y-11.938
N233X9.6
N234Y-12.5
N235X13.595
N236TC_LASER_OFF(1)
N237G01
N238G90
N239M17
N240M02
STOP_TEXT
C
DA,'38076','HP',,
START_TEXT
N10MSG("PROGRAM NUMBER,38076")
N11MSG("SHEET Al99 : 293.0 x 422.0 x 0.8")
N12MSG("MSG,PART #:DXFPUNC0 QTY 1")
N13G71
N14F100000
N15TC_POS_LEVEL(40.0)
N16TC_SHEET_TECH("SHT-1")
N17TC_SHEET_LOAD("SHL-1")
N18 ;GOTOF ENTRY_LASER
N19;ENTRY_LASER:
N20;(PART NUMBER: L138076  DXFPUNC0 NUMBER:1)
N21G01X25.224Y59.935
N22L138076
N23TC_LASER_OFF(2)
N24M30
STOP_TEXT
ENDE_PROGRAMM
ED


