BD
SET_METRIC
C
BEGIN_EINRICHTEPLAN_INFO
C
ZA,MM,2
MM,AT,1, 60,1,1,,,,,T
MM,AT,1,170,1,1,,,,,T
ZA,DA,1
C
DA,38077,1
C
ENDE_EINRICHTEPLAN_INFO
C
BEGIN_SHEET_TECH
C
ZA,MM,7
MM,AT,1,10,1,1,,,,,T
MM,AT,1,20,1,1,,,,'mm',Z
MM,AT,1,30,1,1,,,,'mm',Z
MM,AT,1,40,1,1,,,,'mm',Z
MM,AT,1,220,1,1,,,,'mm',Z
MM,AT,1,230,1,1,,,,'mm',Z
MM,AT,1,240,1,1,,'Materialkennung',,'',T
C
ZA,DA,1
DA,'SHT-1',203.3,435.3,0.8,203.3,435.3,'Al99'
C
ENDE_SHEET_TECH
C
BEGIN_SHEET_LOAD
C
ZA,MM,10
MM,AT,1,10,1,1,,'Table identifier',,,T
MM,AT,1,500,1,1,,'Loading unit',,,Z
MM,AT,1,620,1,1,,'Sheet stopper',,,Z
MM,AT,1,630,1,1,,'Measure sheet position',,,Z
MM,AT,1,640,1,1,,'Measure range in X',,'mm',Z
MM,AT,1,650,1,1,,'Measure range in Y',,'mm',Z
MM,AT,1,660,1,1,,'Calibration',,'Bool',Z
MM,AT,1,690,1,1,,'Type of pallet change',,,Z
MM,AT,1,700,1,1,,'Measuring Corner',,,Z
MM,AT,1,710,1,1,,,,,Z
C
ZA,DA,1
DA,'SHL-1',1,1,1,50.0,50.0,1,0,1,1
C
ENDE_SHEET_LOAD
C
BEGIN_LTT_CALLS
C
ZA,MM,1
MM,AT,1,10,1,1,,,,,T
C
ZA,DA,1
DA,'AL010MD0-AIS0-10-2'
C
ENDE_LTT_CALLS
C
BEGIN_PROGRAMM
C
ZA,MM,4
MM,AT,1, 10,1,1,,,,,T
MM,AT,1, 20,1,1,,,,,T
MM,AT,1, 30,1,1,,,,,T
MM,AT,1, 40,1,1,,,,,Z
C
ZA,DA,2
DA,'L138077','UP',,
START_TEXT
N10G91
N11G01X0.074Y0.075
N12TC_POS_LEVEL(40.0)
N13TC_LASER_ON(1,"AL010MD0-AIS0-10-2",10,110)
N14X2.051Y-2.043
N15TC_LASER_ON(5,"AL010MD0-AIS0-10-2",0,100)
N16G02X23.01Y17.68I78.313J-78.107
N17G03X-5.395Y9.344I-2.697J4.672
N18X-44.434Y-44.433I60.698J-105.131
N19X9.345Y-5.395I4.673J-2.698
N20G02X17.754Y23.084I95.787J-55.303
N21TC_LASER_OFF(1)
N22G01X66.985Y60.035
N23TC_LASER_ON(1,"AL010MD0-AIS0-10-2",10,110)
N24X-2.157Y-1.93
N25TC_LASER_ON(5,"AL010MD0-AIS0-10-2",0,100)
N26G03X6.312Y6.116I3.205J3.008
N27X-6.038Y-6.383I-3.107J-3.108
N28TC_LASER_OFF(1)
N29G01X21.883Y2.197
N30TC_LASER_ON(1,"AL010MD0-AIS0-10-2",10,110)
N31X-2.157Y-1.93
N32TC_LASER_ON(5,"AL010MD0-AIS0-10-2",0,100)
N33G03X6.312Y6.116I3.205J3.008
N34X-6.038Y-6.383I-3.107J-3.108
N35TC_LASER_OFF(1)
N36G01X1.883Y23.197
N37TC_LASER_ON(1,"AL010MD0-AIS0-10-2",10,110)
N38X-2.157Y-1.93
N39TC_LASER_ON(5,"AL010MD0-AIS0-10-2",0,100)
N40G03X6.312Y6.116I3.205J3.008
N41X-6.038Y-6.383I-3.107J-3.108
N42TC_LASER_OFF(1)
N43G01X-18.117Y2.197
N44TC_LASER_ON(1,"AL010MD0-AIS0-10-2",10,110)
N45X-2.157Y-1.93
N46TC_LASER_ON(5,"AL010MD0-AIS0-10-2",0,100)
N47G03X6.312Y6.116I3.205J3.008
N48X-6.038Y-6.383I-3.107J-3.108
N49TC_LASER_OFF(1)
N50G01X1.883Y37.697
N51TC_LASER_ON(1,"AL010MD0-AIS0-10-2",10,110)
N52X-2.157Y-1.93
N53TC_LASER_ON(5,"AL010MD0-AIS0-10-2",0,100)
N54G03X6.312Y6.116I3.205J3.008
N55X-6.038Y-6.383I-3.107J-3.108
N56TC_LASER_OFF(1)
N57G01X21.883Y2.197
N58TC_LASER_ON(1,"AL010MD0-AIS0-10-2",10,110)
N59X-2.157Y-1.93
N60TC_LASER_ON(5,"AL010MD0-AIS0-10-2",0,100)
N61G03X6.312Y6.116I3.205J3.008
N62X-6.038Y-6.383I-3.107J-3.108
N63TC_LASER_OFF(1)
N64G01X22.16Y-83.053
N65TC_LASER_ON(1,"AL010MD0-AIS0-10-2",10,110)
N66X-0.743Y-2.798
N67TC_LASER_ON(5,"AL010MD0-AIS0-10-2",0,100)
N68G02X26.816Y-11.087I-28.486J-106.874
N69G03X5.395Y9.344I2.698J4.672
N70X-60.697Y16.264I-60.697J-105.131
N71Y-10.79I0J-5.395
N72G02X28.868Y-3.834I0J-110.605
N73TC_LASER_OFF(1)
N74G01X-137.651Y-64.75
N75TC_LASER_ON(1,"AL010MD0-AIS0-10-2",10,110)
N76X1.448Y2.507
N77TC_LASER_ON(5,"AL010MD0-AIS0-10-2",0,100)
N78X-14.93Y8.62
N79G02X-1.447Y3.491I1.553J2.689
N80TC_LASER_ON(6,"AL010MD0-AIS0-10-2",0,100)
N81X0.182Y0.501I3J-0.802
N82TC_LASER_OFF(1)
N83G01X-0.182Y-0.501
N84TC_SHEET_THICK()
N85X-0Y-1.603
N86TC_LASER_ON(6,"AL010MD0-AIS0-10-2",0,100)
N87G02X-0.105Y0.802I3J0.802
N88X0.105Y0.802I3.105J-0
N89TC_LASER_ON(5,"AL010MD0-AIS0-10-2",0,100)
N90X20Y31.432I123.712J-56.639
N91X68.813Y43.485I103.712J-88.07
N92G03X14.794Y19.23I-5.101J19.23
N93G01Y57.215
N94G02X3.105Y3.105I3.105J0
N95G01X34
N96G02X3.105Y-3.105I0J-3.105
N97G01Y-57.215
N98G03X14.793Y-19.23I19.895J0
N99G02X43.511Y-20.305I-34.898J-131.555
N100X1.212Y-3.338I-1.788J-2.538
N101TC_LASER_ON(6,"AL010MD0-AIS0-10-2",0,100)
N102X-0.311Y-0.753I-3J0.8
N103TC_LASER_OFF(1)
N104G01X0.311Y0.753
N105TC_SHEET_THICK()
N106Y1.6
N107TC_LASER_ON(6,"AL010MD0-AIS0-10-2",0,100)
N108G02X0.105Y-0.8I-3J-0.8
N109X-0.105Y-0.8I-3.105J0
N110TC_LASER_ON(5,"AL010MD0-AIS0-10-2",0,100)
N111G01X-11.439Y-19.954
N112X-5.966Y-10.406
N113G02X-4.556Y-0.928I-2.689J1.553
N114G03X-145.907Y-39.096I-57.66J-76.624
N115G02X-4.41Y-1.474I-2.858J1.215
N116G01X-15.02Y8.672
N117TC_LASER_OFF(1)
N118G01
N119G90
N120M17
N121M02
STOP_TEXT
C
DA,'38077','HP',,
START_TEXT
N10MSG("PROGRAM NUMBER,38077")
N11MSG("SHEET Al99 : 203.3 x 435.3 x 0.8")
N12MSG("MSG,PART #:DXFPAR0105 QTY 1")
N13G71
N14F100000
N15TC_POS_LEVEL(40.0)
N16TC_SHEET_TECH("SHT-1")
N17TC_SHEET_LOAD("SHL-1")
N18 ;GOTOF ENTRY_LASER
N19;ENTRY_LASER:
N20;(PART NUMBER: L138077  DXFPAR0105 NUMBER:1)
N21G01X43.274Y54.332
N22L138077
N23TC_LASER_OFF(2)
N24M30
STOP_TEXT
ENDE_PROGRAMM
ED


