BD
SET_METRIC
C
BEGIN_EINRICHTEPLAN_INFO
C
ZA,MM,2
MM,AT,1, 60,1,1,,,,,T
MM,AT,1,170,1,1,,,,,T
ZA,DA,1
C
DA,38078,1
C
ENDE_EINRICHTEPLAN_INFO
C
BEGIN_SHEET_TECH
C
ZA,MM,7
MM,AT,1,10,1,1,,,,,T
MM,AT,1,20,1,1,,,,'mm',Z
MM,AT,1,30,1,1,,,,'mm',Z
MM,AT,1,40,1,1,,,,'mm',Z
MM,AT,1,220,1,1,,,,'mm',Z
MM,AT,1,230,1,1,,,,'mm',Z
MM,AT,1,240,1,1,,'Materialkennung',,'',T
C
ZA,DA,1
DA,'SHT-1',110.0,110.0,0.8,110.0,110.0,'Al99'
C
ENDE_SHEET_TECH
C
BEGIN_SHEET_LOAD
C
ZA,MM,10
MM,AT,1,10,1,1,,'Table identifier',,,T
MM,AT,1,500,1,1,,'Loading unit',,,Z
MM,AT,1,620,1,1,,'Sheet stopper',,,Z
MM,AT,1,630,1,1,,'Measure sheet position',,,Z
MM,AT,1,640,1,1,,'Measure range in X',,'mm',Z
MM,AT,1,650,1,1,,'Measure range in Y',,'mm',Z
MM,AT,1,660,1,1,,'Calibration',,'Bool',Z
MM,AT,1,690,1,1,,'Type of pallet change',,,Z
MM,AT,1,700,1,1,,'Measuring Corner',,,Z
MM,AT,1,710,1,1,,,,,Z
C
ZA,DA,1
DA,'SHL-1',1,1,0,50.0,50.0,1,0,1,1
C
ENDE_SHEET_LOAD
C
BEGIN_LTT_CALLS
C
ZA,MM,1
MM,AT,1,10,1,1,,,,,T
C
ZA,DA,1
DA,'T2D-5650'
C
ENDE_LTT_CALLS
C
BEGIN_PROGRAMM
C
ZA,MM,4
MM,AT,1, 10,1,1,,,,,T
MM,AT,1, 20,1,1,,,,,T
MM,AT,1, 30,1,1,,,,,T
MM,AT,1, 40,1,1,,,,,Z
C
ZA,DA,2
DA,'L138078','UP',,
START_TEXT
N10G91
N11G01X-0.052Y0.054
N12TC_POS_LEVEL(40.0)
N13TC_LASER_ON(6,"T2D-5650",0,400)
N14X2.088Y2.047
N15G03X-35.372Y-35.126I-17.747J-17.501
N16X35.095Y35.403I17.625J17.625
N17G01X-0.069
N18TC_LASER_OFF(3)
N19X-1.742Y-2.324
N20TC_LASER_ON(9,"T2D-5650",10,110)
N21X2.088Y2.047
N22TC_LASER_ON(11,"T2D-5650",0,100)
N23G03X-35.372Y-35.126I-17.747J-17.501
N24X35.095Y35.403I17.625J17.625
N25G01X-0.069
N26TC_LASER_OFF(3)
N27X-35.079Y-0.1
N28TC_LASER_ON(6,"T2D-5650",0,400)
N29X-7.071Y7.071
N30X-25.251Y25.251
N31TC_LASER_OFF(3)
N32X32.322Y-32.322
N33TC_LASER_ON(9,"T2D-5650",10,110)
N34X-7.071Y7.071
N35TC_LASER_ON(11,"T2D-5650",0,100)
N36X-25.251Y25.251
N37TC_LASER_OFF(3)
N38X100.72Y-100.075
N39TC_LASER_ON(6,"T2D-5650",0,400)
N40X-0.72
N41X-90
N42G02X-10.075Y10.075I0J10.075
N43G01Y90.075
N44X90.075
N45G02X10.075Y-10.075I0J-10.075
N46G01Y-90
N47Y-0.1
N48TC_LASER_OFF(3)
N49X0.645Y0.025
N50TC_LASER_ON(9,"T2D-5650",10,110)
N51X-0.72
N52TC_LASER_ON(11,"T2D-5650",0,100)
N53X-90
N54G02X-10.075Y10.075I0J10.075
N55G01Y90.075
N56X90.075
N57G02X10.075Y-10.075I0J-10.075
N58G01Y-90
N59Y-0.1
N60TC_LASER_OFF(3)
N61G01
N62G90
N63M17
N64M02
STOP_TEXT
C
DA,'38078','HP',,
START_TEXT
N10MSG("PROGRAM NUMBER,38078")
N11MSG("SHEET Al99 : 110.0 x 110.0 x 0.8")
N12MSG("MSG,PART #:Pieza_prueba_Maxwell QTY 1")
N13G71
N14F84000
N15TC_POS_LEVEL(40.0)
N16TC_SHEET_TECH("SHT-1")
N17TC_SHEET_LOAD("SHL-1")
N18 ;GOTOF ENTRY_LASER
N19;ENTRY_LASER:
N20;(PART NUMBER: L138078  Pieza_prueba_Maxwell NUMBER:1)
N21G01X70.711Y70.4
N22L138078
N23TC_LASER_OFF(2)
N24M30
STOP_TEXT
ENDE_PROGRAMM
ED


