BD
SET_METRIC
C
BEGIN_EINRICHTEPLAN_INFO
C
ZA,MM,2
MM,AT,1, 60,1,1,,,,,T
MM,AT,1,170,1,1,,,,,T
ZA,DA,1
C
DA,38079,1
C
ENDE_EINRICHTEPLAN_INFO
C
BEGIN_SHEET_TECH
C
ZA,MM,7
MM,AT,1,10,1,1,,,,,T
MM,AT,1,20,1,1,,,,'mm',Z
MM,AT,1,30,1,1,,,,'mm',Z
MM,AT,1,40,1,1,,,,'mm',Z
MM,AT,1,220,1,1,,,,'mm',Z
MM,AT,1,230,1,1,,,,'mm',Z
MM,AT,1,240,1,1,,'Materialkennung',,'',T
C
ZA,DA,1
DA,'SHT-1',190.0,125.0,0.8,190.0,125.0,'Al99'
C
ENDE_SHEET_TECH
C
BEGIN_SHEET_LOAD
C
ZA,MM,10
MM,AT,1,10,1,1,,'Table identifier',,,T
MM,AT,1,500,1,1,,'Loading unit',,,Z
MM,AT,1,620,1,1,,'Sheet stopper',,,Z
MM,AT,1,630,1,1,,'Measure sheet position',,,Z
MM,AT,1,640,1,1,,'Measure range in X',,'mm',Z
MM,AT,1,650,1,1,,'Measure range in Y',,'mm',Z
MM,AT,1,660,1,1,,'Calibration',,'Bool',Z
MM,AT,1,690,1,1,,'Type of pallet change',,,Z
MM,AT,1,700,1,1,,'Measuring Corner',,,Z
MM,AT,1,710,1,1,,,,,Z
C
ZA,DA,1
DA,'SHL-1',1,1,0,50.0,50.0,1,0,1,1
C
ENDE_SHEET_LOAD
C
BEGIN_LTT_CALLS
C
ZA,MM,1
MM,AT,1,10,1,1,,,,,T
C
ZA,DA,1
DA,'T2D-5650'
C
ENDE_LTT_CALLS
C
BEGIN_PROGRAMM
C
ZA,MM,4
MM,AT,1, 10,1,1,,,,,T
MM,AT,1, 20,1,1,,,,,T
MM,AT,1, 30,1,1,,,,,T
MM,AT,1, 40,1,1,,,,,Z
C
ZA,DA,2
DA,'L138079','UP',,
START_TEXT
N10G91
N11G01X-0.052Y0.055
N12TC_POS_LEVEL(40.0)
N13TC_LASER_ON(6,"T2D-5650",0,400)
N14X2.119Y2.016
N15G03X-14.157Y-13.913I-7.139J-6.895
N16X13.881Y14.188I7.018J7.018
N17G01X-0.069Y-0.002
N18TC_LASER_OFF(3)
N19X-1.774Y-2.289
N20TC_LASER_ON(9,"T2D-5650",10,110)
N21X2.119Y2.016
N22TC_LASER_ON(11,"T2D-5650",0,100)
N23G03X-14.157Y-13.913I-7.139J-6.895
N24X13.881Y14.188I7.018J7.018
N25G01X-0.069Y-0.002
N26TC_LASER_OFF(3)
N27X-1.774Y62.711
N28TC_LASER_ON(6,"T2D-5650",0,400)
N29X2.119Y2.016
N30G03X-14.157Y-13.913I-7.139J-6.895
N31X13.881Y14.188I7.018J7.018
N32G01X-0.069Y-0.002
N33TC_LASER_OFF(3)
N34X-1.774Y-2.289
N35TC_LASER_ON(9,"T2D-5650",10,110)
N36X2.119Y2.016
N37TC_LASER_ON(11,"T2D-5650",0,100)
N38G03X-14.157Y-13.913I-7.139J-6.895
N39X13.881Y14.188I7.018J7.018
N40G01X-0.069Y-0.002
N41TC_LASER_OFF(3)
N42X95.366Y-31.853
N43TC_LASER_ON(6,"T2D-5650",0,400)
N44X-0.8Y2.892
N45G03X-26.144Y26.105I-36.069J-9.98
N46G01Y9.982
N47X-19.85
N48Y-9.982
N49G03X-26.16Y-26.16I9.925J-36.085
N50G01X-28.915
N51G03Y-19.85I0J-9.925
N52G01X28.915
N53G03X26.16Y-26.16I36.085J9.925
N54G01Y-9.982
N55X19.85
N56Y9.982
N57G03X26.16Y26.16I-9.925J36.085
N58G01X28.915
N59G03Y19.85I0J9.925
N60G01X-28.858
N61X-0.1
N62TC_LASER_OFF(3)
N63X0.827Y-2.837
N64TC_LASER_ON(9,"T2D-5650",10,110)
N65X-0.8Y2.892
N66TC_LASER_ON(11,"T2D-5650",0,100)
N67G03X-26.144Y26.105I-36.069J-9.98
N68G01Y9.982
N69X-19.85
N70Y-9.982
N71G03X-26.16Y-26.16I9.925J-36.085
N72G01X-28.915
N73G03Y-19.85I0J-9.925
N74G01X28.915
N75G03X26.16Y-26.16I36.085J9.925
N76G01Y-9.982
N77X19.85
N78Y9.982
N79G03X26.16Y26.16I-9.925J36.085
N80G01X28.915
N81G03Y19.85I0J9.925
N82G01X-28.858
N83X-0.1
N84TC_LASER_OFF(3)
N85X33.687Y26.727
N86TC_LASER_ON(6,"T2D-5650",0,400)
N87X2.119Y2.016
N88G03X-14.157Y-13.913I-7.139J-6.895
N89X13.881Y14.188I7.018J7.018
N90G01X-0.069Y-0.002
N91TC_LASER_OFF(3)
N92X-1.774Y-2.289
N93TC_LASER_ON(9,"T2D-5650",10,110)
N94X2.119Y2.016
N95TC_LASER_ON(11,"T2D-5650",0,100)
N96G03X-14.157Y-13.913I-7.139J-6.895
N97X13.881Y14.188I7.018J7.018
N98G01X-0.069Y-0.002
N99TC_LASER_OFF(3)
N100X-1.774Y-67.289
N101TC_LASER_ON(6,"T2D-5650",0,400)
N102X2.119Y2.016
N103G03X-14.157Y-13.913I-7.139J-6.895
N104X13.881Y14.188I7.018J7.018
N105G01X-0.069Y-0.002
N106TC_LASER_OFF(3)
N107X-1.774Y-2.289
N108TC_LASER_ON(9,"T2D-5650",10,110)
N109X2.119Y2.016
N110TC_LASER_ON(11,"T2D-5650",0,100)
N111G03X-14.157Y-13.913I-7.139J-6.895
N112X13.881Y14.188I7.018J7.018
N113G01X-0.069Y-0.002
N114TC_LASER_OFF(3)
N115X9.784Y-27.815
N116TC_LASER_ON(6,"T2D-5650",0,400)
N117X0.117Y0.993
N118G02X0.858Y1.747I2.905J-0.342
N119G03X7.522Y17.907I-17.553J17.907
N120G01Y65
N121G03X-25.075Y25.075I-25.075J0
N122G01X-130
N123G03X-25.075Y-25.075I0J-25.075
N124G01Y-65
N125G03X25.075Y-25.075I25.075J0
N126G01X130
N127G03X17.907Y7.522I0J25.075
N128G02X0.087Y0.038I0.089J-0.087
N129G01X0.1Y0.002
N130TC_LASER_OFF(3)
N131X-1.516Y-3.134
N132TC_LASER_ON(9,"T2D-5650",10,110)
N133X0.117Y0.993
N134TC_LASER_ON(11,"T2D-5650",0,100)
N135G02X0.858Y1.747I2.905J-0.342
N136G03X7.522Y17.907I-17.553J17.907
N137G01Y65
N138G03X-25.075Y25.075I-25.075J0
N139G01X-130
N140G03X-25.075Y-25.075I0J-25.075
N141G01Y-65
N142G03X25.075Y-25.075I25.075J0
N143G01X130
N144G03X17.907Y7.522I0J25.075
N145G02X0.087Y0.038I0.089J-0.087
N146G01X0.1Y0.002
N147TC_LASER_OFF(3)
N148G01
N149G90
N150M17
N151M02
STOP_TEXT
C
DA,'38079','HP',,
START_TEXT
N10MSG("PROGRAM NUMBER,38079")
N11MSG("SHEET Al99 : 190.0 x 125.0 x 0.8")
N12MSG("MSG,PART #:Pieza_prueba_Maxwell_2 QTY 1")
N13G71
N14F84000
N15TC_POS_LEVEL(40.0)
N16TC_SHEET_TECH("SHT-1")
N17TC_SHEET_LOAD("SHL-1")
N18 ;GOTOF ENTRY_LASER
N19;ENTRY_LASER:
N20;(PART NUMBER: L138079  Pieza_prueba_Maxwell_2 NUMBER:1)
N21G01X35.072Y34.824
N22L138079
N23TC_LASER_OFF(2)
N24M30
STOP_TEXT
ENDE_PROGRAMM
ED


