BD
SET_METRIC
C
BEGIN_EINRICHTEPLAN_INFO
C
ZA,MM,2
MM,AT,1, 60,1,1,,,,,T
MM,AT,1,170,1,1,,,,,T
ZA,DA,1
C
DA,38080,1
C
ENDE_EINRICHTEPLAN_INFO
C
BEGIN_SHEET_TECH
C
ZA,MM,7
MM,AT,1,10,1,1,,,,,T
MM,AT,1,20,1,1,,,,'mm',Z
MM,AT,1,30,1,1,,,,'mm',Z
MM,AT,1,40,1,1,,,,'mm',Z
MM,AT,1,220,1,1,,,,'mm',Z
MM,AT,1,230,1,1,,,,'mm',Z
MM,AT,1,240,1,1,,'Materialkennung',,'',T
C
ZA,DA,1
DA,'SHT-1',235.3,97.0,0.8,235.3,97.0,'Al99'
C
ENDE_SHEET_TECH
C
BEGIN_SHEET_LOAD
C
ZA,MM,10
MM,AT,1,10,1,1,,'Table identifier',,,T
MM,AT,1,500,1,1,,'Loading unit',,,Z
MM,AT,1,620,1,1,,'Sheet stopper',,,Z
MM,AT,1,630,1,1,,'Measure sheet position',,,Z
MM,AT,1,640,1,1,,'Measure range in X',,'mm',Z
MM,AT,1,650,1,1,,'Measure range in Y',,'mm',Z
MM,AT,1,660,1,1,,'Calibration',,'Bool',Z
MM,AT,1,690,1,1,,'Type of pallet change',,,Z
MM,AT,1,700,1,1,,'Measuring Corner',,,Z
MM,AT,1,710,1,1,,,,,Z
C
ZA,DA,1
DA,'SHL-1',1,1,0,50.0,50.0,1,0,1,1
C
ENDE_SHEET_LOAD
C
BEGIN_LTT_CALLS
C
ZA,MM,1
MM,AT,1,10,1,1,,,,,T
C
ZA,DA,1
DA,'T2D-5650'
C
ENDE_LTT_CALLS
C
BEGIN_PROGRAMM
C
ZA,MM,4
MM,AT,1, 10,1,1,,,,,T
MM,AT,1, 20,1,1,,,,,T
MM,AT,1, 30,1,1,,,,,T
MM,AT,1, 40,1,1,,,,,Z
C
ZA,DA,2
DA,'L138080','UP',,
START_TEXT
N10G91
N11G01X-0.053Y0.053
N12TC_POS_LEVEL(40.0)
N13TC_LASER_ON(6,"T2D-5650",0,400)
N14X-2.122Y-2.12
N15X-8.636Y-8.634
N16G02X-15.224Y5.845I-6.311J6.31
N17G01X-0.286Y5.54
N18X-11.398
N19X-1.47Y-12
N20X-9.867
N21X-1.47Y12
N22X-10.628
N23X-17.752Y-18.191
N24G02X-46.059Y5.985I-15.216J63.116
N25G01X-41.138Y22.206
N26X-12.094
N27Y-4
N28X-21.85
N29Y4
N30X-11.048
N31G03X34.262Y-54.859I116.973J34.926
N32G02X12.238Y-9.895I6.711J-4.216
N33G03X68.682Y-22.382I70.473J99.68
N34G02X31.632Y3.69I15.791J2.061
N35G03X78.67Y62.446I-29.841J118.372
N36G01X-16.436
N37Y8.195
N38Y0.1
N39TC_LASER_OFF(3)
N40X1.994Y2.074
N41TC_LASER_ON(9,"T2D-5650",10,110)
N42X-2.122Y-2.12
N43TC_LASER_ON(11,"T2D-5650",0,100)
N44X-8.636Y-8.634
N45G02X-15.224Y5.845I-6.311J6.31
N46G01X-0.286Y5.54
N47X-11.398
N48X-1.47Y-12
N49X-9.867
N50X-1.47Y12
N51X-10.628
N52X-17.752Y-18.191
N53G02X-46.059Y5.985I-15.216J63.116
N54G01X-41.138Y22.206
N55X-12.094
N56Y-4
N57X-21.85
N58Y4
N59X-11.048
N60G03X34.262Y-54.859I116.973J34.926
N61G02X12.238Y-9.895I6.711J-4.216
N62G03X68.682Y-22.382I70.473J99.68
N63G02X31.632Y3.69I15.791J2.061
N64G03X78.67Y62.446I-29.841J118.372
N65G01X-16.436
N66Y8.195
N67Y0.1
N68TC_LASER_OFF(3)
N69G01
N70G90
N71M17
N72M02
STOP_TEXT
C
DA,'38080','HP',,
START_TEXT
N10MSG("PROGRAM NUMBER,38080")
N11MSG("SHEET Al99 : 235.3 x 97.0 x 0.8")
N12MSG("MSG,PART #:DXFPART7 QTY 1")
N13G71
N14F84000
N15TC_POS_LEVEL(40.0)
N16TC_SHEET_TECH("SHT-1")
N17TC_SHEET_LOAD("SHL-1")
N18 ;GOTOF ENTRY_LASER
N19;ENTRY_LASER:
N20;(PART NUMBER: L138080  DXFPART7 NUMBER:1)
N21G01X215.994Y81.38
N22L138080
N23TC_LASER_OFF(2)
N24M30
STOP_TEXT
ENDE_PROGRAMM
ED


