BD
SET_METRIC
C
BEGIN_EINRICHTEPLAN_INFO
C
ZA,MM,2
MM,AT,1, 60,1,1,,,,,T
MM,AT,1,170,1,1,,,,,T
ZA,DA,1
C
DA,38081,1
C
ENDE_EINRICHTEPLAN_INFO
C
BEGIN_SHEET_TECH
C
ZA,MM,7
MM,AT,1,10,1,1,,,,,T
MM,AT,1,20,1,1,,,,'mm',Z
MM,AT,1,30,1,1,,,,'mm',Z
MM,AT,1,40,1,1,,,,'mm',Z
MM,AT,1,220,1,1,,,,'mm',Z
MM,AT,1,230,1,1,,,,'mm',Z
MM,AT,1,240,1,1,,'Materialkennung',,'',T
C
ZA,DA,1
DA,'SHT-1',303.0,172.0,0.8,303.0,172.0,'Al99'
C
ENDE_SHEET_TECH
C
BEGIN_SHEET_LOAD
C
ZA,MM,10
MM,AT,1,10,1,1,,'Table identifier',,,T
MM,AT,1,500,1,1,,'Loading unit',,,Z
MM,AT,1,620,1,1,,'Sheet stopper',,,Z
MM,AT,1,630,1,1,,'Measure sheet position',,,Z
MM,AT,1,640,1,1,,'Measure range in X',,'mm',Z
MM,AT,1,650,1,1,,'Measure range in Y',,'mm',Z
MM,AT,1,660,1,1,,'Calibration',,'Bool',Z
MM,AT,1,690,1,1,,'Type of pallet change',,,Z
MM,AT,1,700,1,1,,'Measuring Corner',,,Z
MM,AT,1,710,1,1,,,,,Z
C
ZA,DA,1
DA,'SHL-1',1,1,0,50.0,50.0,1,0,1,1
C
ENDE_SHEET_LOAD
C
BEGIN_LTT_CALLS
C
ZA,MM,1
MM,AT,1,10,1,1,,,,,T
C
ZA,DA,1
DA,'T2D-5650'
C
ENDE_LTT_CALLS
C
BEGIN_PROGRAMM
C
ZA,MM,4
MM,AT,1, 10,1,1,,,,,T
MM,AT,1, 20,1,1,,,,,T
MM,AT,1, 30,1,1,,,,,T
MM,AT,1, 40,1,1,,,,,Z
C
ZA,DA,2
DA,'L138081','UP',,
START_TEXT
N10G91
N11G01X-0.048Y0.057
N12TC_POS_LEVEL(40.0)
N13TC_LASER_ON(6,"T2D-5650",0,400)
N14X2.227Y1.894
N15G03X-4.394Y-4.155I-2.255J-2.016
N16X4.122Y4.423I2.139J2.139
N17G01X-0.068Y-0.005
N18TC_LASER_OFF(3)
N19X-1.887Y-2.157
N20TC_LASER_ON(9,"T2D-5650",10,110)
N21X2.227Y1.894
N22TC_LASER_ON(11,"T2D-5650",0,100)
N23G03X-4.394Y-4.155I-2.255J-2.016
N24X4.122Y4.423I2.139J2.139
N25G01X-0.068Y-0.005
N26TC_LASER_OFF(3)
N27X15.338Y-13.22
N28TC_LASER_ON(6,"T2D-5650",0,400)
N29X1.698Y1.357
N30G03X-3.189Y-2.954I-1.651J-1.416
N31X2.92Y3.218I1.538J1.538
N32G01X-0.068Y-0.008
N33TC_LASER_OFF(3)
N34X-1.361Y-1.613
N35TC_LASER_ON(9,"T2D-5650",10,110)
N36X1.698Y1.357
N37TC_LASER_ON(11,"T2D-5650",0,100)
N38G03X-3.189Y-2.954I-1.651J-1.416
N39X2.92Y3.218I1.538J1.538
N40G01X-0.068Y-0.008
N41TC_LASER_OFF(3)
N42X5.011Y18.958
N43TC_LASER_ON(6,"T2D-5650",0,400)
N44X1.698Y1.357
N45G03X-3.189Y-2.954I-1.651J-1.416
N46X2.92Y3.218I1.538J1.538
N47G01X-0.068Y-0.008
N48TC_LASER_OFF(3)
N49X-1.361Y-1.613
N50TC_LASER_ON(9,"T2D-5650",10,110)
N51X1.698Y1.357
N52TC_LASER_ON(11,"T2D-5650",0,100)
N53G03X-3.189Y-2.954I-1.651J-1.416
N54X2.92Y3.218I1.538J1.538
N55G01X-0.068Y-0.008
N56TC_LASER_OFF(3)
N57X8.706Y-8.147
N58TC_LASER_ON(6,"T2D-5650",0,400)
N59X1.231Y0.897
N60G03X-2.265Y-2.036I-1.187J-0.957
N61X2Y2.293I1.078J1.079
N62G01X-0.068Y-0.01
N63TC_LASER_OFF(3)
N64X-0.898Y-1.144
N65TC_LASER_ON(9,"T2D-5650",10,110)
N66X1.231Y0.897
N67TC_LASER_ON(11,"T2D-5650",0,100)
N68G03X-2.265Y-2.036I-1.187J-0.957
N69X2Y2.293I1.078J1.079
N70G01X-0.068Y-0.01
N71TC_LASER_OFF(3)
N72X9.163Y-7.681
N73TC_LASER_ON(6,"T2D-5650",0,400)
N74X1.698Y1.357
N75G03X-3.189Y-2.954I-1.651J-1.416
N76X2.92Y3.218I1.538J1.538
N77G01X-0.068Y-0.008
N78TC_LASER_OFF(3)
N79X-1.361Y-1.613
N80TC_LASER_ON(9,"T2D-5650",10,110)
N81X1.698Y1.357
N82TC_LASER_ON(11,"T2D-5650",0,100)
N83G03X-3.189Y-2.954I-1.651J-1.416
N84X2.92Y3.218I1.538J1.538
N85G01X-0.068Y-0.008
N86TC_LASER_OFF(3)
N87X-5.764Y16.808
N88TC_LASER_ON(6,"T2D-5650",0,400)
N89X1.677Y-1.089
N90G03X2.642Y4.067I1.321J2.034
N91G01X-13.838Y8.987
N92G03X-5.365Y-8.261I-2.683J-4.131
N93G01X27.257Y-17.701
N94G03X5.364Y8.261I2.682J4.131
N95G01X-13.838Y8.987
N96TC_LASER_OFF(3)
N97X-3.899Y-3.251
N98TC_LASER_ON(9,"T2D-5650",10,110)
N99X1.677Y-1.089
N100TC_LASER_ON(11,"T2D-5650",0,100)
N101G03X2.642Y4.067I1.321J2.034
N102G01X-13.838Y8.987
N103G03X-5.365Y-8.261I-2.683J-4.131
N104G01X27.257Y-17.701
N105G03X5.364Y8.261I2.682J4.131
N106G01X-13.838Y8.987
N107TC_LASER_OFF(3)
N108X21.004Y-29.172
N109TC_LASER_ON(6,"T2D-5650",0,400)
N110X1.698Y1.357
N111G03X-3.189Y-2.954I-1.651J-1.416
N112X2.92Y3.218I1.538J1.538
N113G01X-0.068Y-0.008
N114TC_LASER_OFF(3)
N115X-1.361Y-1.613
N116TC_LASER_ON(9,"T2D-5650",10,110)
N117X1.698Y1.357
N118TC_LASER_ON(11,"T2D-5650",0,100)
N119G03X-3.189Y-2.954I-1.651J-1.416
N120X2.92Y3.218I1.538J1.538
N121G01X-0.068Y-0.008
N122TC_LASER_OFF(3)
N123X3.911Y40.628
N124TC_LASER_ON(6,"T2D-5650",0,400)
N125Y2.925
N126X3.35
N127Y-9.85
N128X-6.35
N129Y9.85
N130X3.394
N131X0.078Y-0.078
N132TC_LASER_OFF(3)
N133X-0.472Y-2.847
N134TC_LASER_ON(9,"T2D-5650",10,110)
N135Y2.925
N136TC_LASER_ON(11,"T2D-5650",0,100)
N137X3.35
N138Y-9.85
N139X-6.35
N140Y9.85
N141X3.394
N142X0.078Y-0.078
N143TC_LASER_OFF(3)
N144X-29.662Y30.75
N145TC_LASER_ON(6,"T2D-5650",0,400)
N146X-1.326Y-1.326
N147G03X0.177Y-0.176I0.089J-0.088
N148G01X4.533Y4.532
N149G03X-0.46Y0.46I-0.23J0.23
N150G01X-4.737Y-4.738
N151G03X0.459Y-0.459I0.229J-0.23
N152G01X0.559Y0.558
N153TC_LASER_OFF(3)
N154X0.795Y1.149
N155TC_LASER_ON(9,"T2D-5650",10,110)
N156X-1.326Y-1.326
N157TC_LASER_ON(11,"T2D-5650",0,100)
N158G03X0.177Y-0.176I0.089J-0.088
N159G01X4.533Y4.532
N160G03X-0.46Y0.46I-0.23J0.23
N161G01X-4.737Y-4.738
N162G03X0.459Y-0.459I0.229J-0.23
N163G01X0.559Y0.558
N164TC_LASER_OFF(3)
N165X-32.312Y-36.126
N166TC_LASER_ON(6,"T2D-5650",0,400)
N167X2.227Y1.894
N168G03X-4.394Y-4.155I-2.255J-2.016
N169X4.122Y4.423I2.139J2.139
N170G01X-0.068Y-0.005
N171TC_LASER_OFF(3)
N172X-1.887Y-2.157
N173TC_LASER_ON(9,"T2D-5650",10,110)
N174X2.227Y1.894
N175TC_LASER_ON(11,"T2D-5650",0,100)
N176G03X-4.394Y-4.155I-2.255J-2.016
N177X4.122Y4.423I2.139J2.139
N178G01X-0.068Y-0.005
N179TC_LASER_OFF(3)
N180X72.04Y68.281
N181TC_LASER_ON(6,"T2D-5650",0,400)
N182X1.34Y1.003
N183G03X-2.479Y-2.247I-1.295J-1.063
N184X2.212Y2.506I1.184J1.184
N185G01X-0.068Y-0.009
N186TC_LASER_OFF(3)
N187X-1.005Y-1.253
N188TC_LASER_ON(9,"T2D-5650",10,110)
N189X1.34Y1.003
N190TC_LASER_ON(11,"T2D-5650",0,100)
N191G03X-2.479Y-2.247I-1.295J-1.063
N192X2.212Y2.506I1.184J1.184
N193G01X-0.068Y-0.009
N194TC_LASER_OFF(3)
N195X40.225Y-0.43
N196TC_LASER_ON(6,"T2D-5650",0,400)
N197X1.875
N198G02Y-0.25I0J-0.125
N199G01X-6.41
N200G02Y0.65I0J0.325
N201G01X6.7
N202G02Y-0.65I0J-0.325
N203G01X-0.79
N204TC_LASER_OFF(3)
N205X-1.375Y0.25
N206TC_LASER_ON(9,"T2D-5650",10,110)
N207X1.875
N208TC_LASER_ON(11,"T2D-5650",0,100)
N209G02Y-0.25I0J-0.125
N210G01X-6.41
N211G02Y0.65I0J0.325
N212G01X6.7
N213G02Y-0.65I0J-0.325
N214G01X-0.79
N215TC_LASER_OFF(3)
N216X37.395Y-0.573
N217TC_LASER_ON(6,"T2D-5650",0,400)
N218X1.34Y1.003
N219G03X-2.479Y-2.247I-1.295J-1.063
N220X2.212Y2.506I1.184J1.184
N221G01X-0.068Y-0.009
N222TC_LASER_OFF(3)
N223X-1.005Y-1.253
N224TC_LASER_ON(9,"T2D-5650",10,110)
N225X1.34Y1.003
N226TC_LASER_ON(11,"T2D-5650",0,100)
N227G03X-2.479Y-2.247I-1.295J-1.063
N228X2.212Y2.506I1.184J1.184
N229G01X-0.068Y-0.009
N230TC_LASER_OFF(3)
N231X39.905Y-34.416
N232TC_LASER_ON(6,"T2D-5650",0,400)
N233X1.326Y-1.326
N234G02X-0.177Y-0.176I-0.089J-0.088
N235G01X-4.533Y4.532
N236G02X0.46Y0.46I0.23J0.23
N237G01X4.737Y-4.738
N238G02X-0.459Y-0.459I-0.229J-0.23
N239G01X-0.559Y0.558
N240TC_LASER_OFF(3)
N241X-0.795Y1.149
N242TC_LASER_ON(9,"T2D-5650",10,110)
N243X1.326Y-1.326
N244TC_LASER_ON(11,"T2D-5650",0,100)
N245G02X-0.177Y-0.176I-0.089J-0.088
N246G01X-4.533Y4.532
N247G02X0.46Y0.46I0.23J0.23
N248G01X4.737Y-4.738
N249G02X-0.459Y-0.459I-0.229J-0.23
N250G01X-0.559Y0.558
N251TC_LASER_OFF(3)
N252X-30.335Y-32.448
N253TC_LASER_ON(6,"T2D-5650",0,400)
N254Y2.925
N255X3.35
N256Y-9.85
N257X-6.35
N258Y9.85
N259X3.394
N260X0.078Y-0.078
N261TC_LASER_OFF(3)
N262X-0.472Y-2.847
N263TC_LASER_ON(9,"T2D-5650",10,110)
N264Y2.925
N265TC_LASER_ON(11,"T2D-5650",0,100)
N266X3.35
N267Y-9.85
N268X-6.35
N269Y9.85
N270X3.394
N271X0.078Y-0.078
N272TC_LASER_OFF(3)
N273X62.231Y-6.525
N274TC_LASER_ON(6,"T2D-5650",0,400)
N275X2.227Y1.894
N276G03X-4.394Y-4.155I-2.255J-2.016
N277X4.122Y4.423I2.139J2.139
N278G01X-0.068Y-0.005
N279TC_LASER_OFF(3)
N280X-1.887Y-2.157
N281TC_LASER_ON(9,"T2D-5650",10,110)
N282X2.227Y1.894
N283TC_LASER_ON(11,"T2D-5650",0,100)
N284G03X-4.394Y-4.155I-2.255J-2.016
N285X4.122Y4.423I2.139J2.139
N286G01X-0.068Y-0.005
N287TC_LASER_OFF(3)
N288X5.313Y-29.657
N289TC_LASER_ON(6,"T2D-5650",0,400)
N290X2.227Y1.894
N291G03X-4.394Y-4.155I-2.255J-2.016
N292X4.122Y4.423I2.139J2.139
N293G01X-0.068Y-0.005
N294TC_LASER_OFF(3)
N295X-1.887Y-2.157
N296TC_LASER_ON(9,"T2D-5650",10,110)
N297X2.227Y1.894
N298TC_LASER_ON(11,"T2D-5650",0,100)
N299G03X-4.394Y-4.155I-2.255J-2.016
N300X4.122Y4.423I2.139J2.139
N301G01X-0.068Y-0.005
N302TC_LASER_OFF(3)
N303X-55.018Y-42.204
N304TC_LASER_ON(6,"T2D-5650",0,400)
N305X0.922Y0.033
N306G03X-1.807Y-0.368I-0.919J-0.108
N307X1.699Y0.705I0.888J0.26
N308G01X-0.066Y0.017
N309TC_LASER_OFF(3)
N310X-0.748Y-0.387
N311TC_LASER_ON(9,"T2D-5650",10,110)
N312X0.922Y0.033
N313TC_LASER_ON(11,"T2D-5650",0,100)
N314G03X-1.807Y-0.368I-0.919J-0.108
N315X1.699Y0.705I0.888J0.26
N316G01X-0.066Y0.017
N317TC_LASER_OFF(3)
N318X-4.148Y-0.387
N319TC_LASER_ON(6,"T2D-5650",0,400)
N320X0.922Y0.033
N321G03X-1.807Y-0.368I-0.919J-0.108
N322X1.699Y0.705I0.888J0.26
N323G01X-0.066Y0.017
N324TC_LASER_OFF(3)
N325X-0.748Y-0.387
N326TC_LASER_ON(9,"T2D-5650",10,110)
N327X0.922Y0.033
N328TC_LASER_ON(11,"T2D-5650",0,100)
N329G03X-1.807Y-0.368I-0.919J-0.108
N330X1.699Y0.705I0.888J0.26
N331G01X-0.066Y0.017
N332TC_LASER_OFF(3)
N333X-4.148Y-0.387
N334TC_LASER_ON(6,"T2D-5650",0,400)
N335X0.922Y0.033
N336G03X-1.807Y-0.368I-0.919J-0.108
N337X1.699Y0.705I0.888J0.26
N338G01X-0.066Y0.017
N339TC_LASER_OFF(3)
N340X-0.748Y-0.387
N341TC_LASER_ON(9,"T2D-5650",10,110)
N342X0.922Y0.033
N343TC_LASER_ON(11,"T2D-5650",0,100)
N344G03X-1.807Y-0.368I-0.919J-0.108
N345X1.699Y0.705I0.888J0.26
N346G01X-0.066Y0.017
N347TC_LASER_OFF(3)
N348X-4.148Y-0.387
N349TC_LASER_ON(6,"T2D-5650",0,400)
N350X0.922Y0.033
N351G03X-1.807Y-0.368I-0.919J-0.108
N352X1.699Y0.705I0.888J0.26
N353G01X-0.066Y0.017
N354TC_LASER_OFF(3)
N355X-0.748Y-0.387
N356TC_LASER_ON(9,"T2D-5650",10,110)
N357X0.922Y0.033
N358TC_LASER_ON(11,"T2D-5650",0,100)
N359G03X-1.807Y-0.368I-0.919J-0.108
N360X1.699Y0.705I0.888J0.26
N361G01X-0.066Y0.017
N362TC_LASER_OFF(3)
N363X81.355Y-8.037
N364TC_LASER_ON(6,"T2D-5650",0,400)
N365X-3
N366X-10.725
N367Y-2.5
N368X-50.35
N369Y10
N370X-6.35
N371Y-10
N372X-13.15
N373Y10
N374X-6.35
N375Y-10
N376X-100.65
N377Y12
N378X-59.85
N379Y-12
N380X-15.85
N381Y2.5
N382X-10.8
N383Y13
N384X-9.5
N385Y16.65
N386X10.7
N387Y12.5
N388X9.6
N389Y11.956
N390X7.2Y7.2
N391Y29.3
N392X59.544Y59.544
N393X23.956
N394Y9.5
N395X71.15
N396Y-9.5
N397X23.956
N398X59.544Y-59.544
N399Y-29.3
N400X7.2Y-7.2
N401Y-11.956
N402X9.6
N403Y-12.5
N404X10.7
N405Y-16.65
N406X-9.5
N407Y-12.925
N408Y-0.1
N409TC_LASER_OFF(3)
N410X2.925Y0.025
N411TC_LASER_ON(9,"T2D-5650",10,110)
N412X-3
N413TC_LASER_ON(11,"T2D-5650",0,100)
N414X-10.725
N415Y-2.5
N416X-50.35
N417Y10
N418X-6.35
N419Y-10
N420X-13.15
N421Y10
N422X-6.35
N423Y-10
N424X-100.65
N425Y12
N426X-59.85
N427Y-12
N428X-15.85
N429Y2.5
N430X-10.8
N431Y13
N432X-9.5
N433Y16.65
N434X10.7
N435Y12.5
N436X9.6
N437Y11.956
N438X7.2Y7.2
N439Y29.3
N440X59.544Y59.544
N441X23.956
N442Y9.5
N443X71.15
N444Y-9.5
N445X23.956
N446X59.544Y-59.544
N447Y-29.3
N448X7.2Y-7.2
N449Y-11.956
N450X9.6
N451Y-12.5
N452X10.7
N453Y-16.65
N454X-9.5
N455Y-12.925
N456Y-0.1
N457TC_LASER_OFF(3)
N458G01
N459G90
N460M17
N461M02
STOP_TEXT
C
DA,'38081','HP',,
START_TEXT
N10MSG("PROGRAM NUMBER,38081")
N11MSG("SHEET Al99 : 303.0 x 172.0 x 0.8")
N12MSG("MSG,PART #:DXFPUNC0 QTY 1")
N13G71
N14F84000
N15TC_POS_LEVEL(40.0)
N16TC_SHEET_TECH("SHT-1")
N17TC_SHEET_LOAD("SHL-1")
N18 ;GOTOF ENTRY_LASER
N19;ENTRY_LASER:
N20;(PART NUMBER: L138081  DXFPUNC0 NUMBER:1)
N21G01X30.376Y55.065
N22L138081
N23TC_LASER_OFF(2)
N24M30
STOP_TEXT
ENDE_PROGRAMM
ED


