BD
SET_METRIC
C
BEGIN_EINRICHTEPLAN_INFO
C
ZA,MM,2
MM,AT,1, 60,1,1,,,,,T
MM,AT,1,170,1,1,,,,,T
ZA,DA,1
C
DA,38082,1
C
ENDE_EINRICHTEPLAN_INFO
C
BEGIN_SHEET_TECH
C
ZA,MM,7
MM,AT,1,10,1,1,,,,,T
MM,AT,1,20,1,1,,,,'mm',Z
MM,AT,1,30,1,1,,,,'mm',Z
MM,AT,1,40,1,1,,,,'mm',Z
MM,AT,1,220,1,1,,,,'mm',Z
MM,AT,1,230,1,1,,,,'mm',Z
MM,AT,1,240,1,1,,'Materialkennung',,'',T
C
ZA,DA,1
DA,'SHT-1',213.3,185.3,0.8,213.3,185.3,'Al99'
C
ENDE_SHEET_TECH
C
BEGIN_SHEET_LOAD
C
ZA,MM,10
MM,AT,1,10,1,1,,'Table identifier',,,T
MM,AT,1,500,1,1,,'Loading unit',,,Z
MM,AT,1,620,1,1,,'Sheet stopper',,,Z
MM,AT,1,630,1,1,,'Measure sheet position',,,Z
MM,AT,1,640,1,1,,'Measure range in X',,'mm',Z
MM,AT,1,650,1,1,,'Measure range in Y',,'mm',Z
MM,AT,1,660,1,1,,'Calibration',,'Bool',Z
MM,AT,1,690,1,1,,'Type of pallet change',,,Z
MM,AT,1,700,1,1,,'Measuring Corner',,,Z
MM,AT,1,710,1,1,,,,,Z
C
ZA,DA,1
DA,'SHL-1',1,1,0,50.0,50.0,1,0,1,1
C
ENDE_SHEET_LOAD
C
BEGIN_LTT_CALLS
C
ZA,MM,1
MM,AT,1,10,1,1,,,,,T
C
ZA,DA,1
DA,'T2D-5650'
C
ENDE_LTT_CALLS
C
BEGIN_PROGRAMM
C
ZA,MM,4
MM,AT,1, 10,1,1,,,,,T
MM,AT,1, 20,1,1,,,,,T
MM,AT,1, 30,1,1,,,,,T
MM,AT,1, 40,1,1,,,,,Z
C
ZA,DA,2
DA,'L138082','UP',,
START_TEXT
N10G91
N11G01X-0.051Y0.056
N12TC_POS_LEVEL(40.0)
N13TC_LASER_ON(6,"T2D-5650",0,400)
N14X0.739Y0.674
N15G03X0.375Y2.107I-1.186J1.298
N16X-7.529Y2.202I-4.816J-2.496
N17X-44.445Y-44.444I60.713J-105.157
N18X9.397Y-5.425I4.699J-2.713
N19G02X40.473Y40.473I95.761J-55.288
N20G03X1.858Y7.621I-2.712J4.698
N21X-0.083Y0.056I-0.106J-0.067
N22G01X-0.099Y0.018
N23TC_LASER_OFF(3)
N24X-0.686Y-3.282
N25TC_LASER_ON(9,"T2D-5650",10,110)
N26X0.739Y0.674
N27TC_LASER_ON(11,"T2D-5650",0,100)
N28G03X0.375Y2.107I-1.186J1.298
N29X-7.529Y2.202I-4.816J-2.496
N30X-44.445Y-44.444I60.713J-105.157
N31X9.397Y-5.425I4.699J-2.713
N32G02X40.473Y40.473I95.761J-55.288
N33G03X1.858Y7.621I-2.712J4.698
N34X-0.083Y0.056I-0.106J-0.067
N35G01X-0.099Y0.018
N36TC_LASER_OFF(3)
N37X44.68Y37.1
N38TC_LASER_ON(6,"T2D-5650",0,400)
N39X2.179Y1.95
N40G03X-6.376Y-6.135I-3.247J-3.006
N41X6.102Y6.406I3.129J3.129
N42G01X-0.069Y-0.003
N43TC_LASER_OFF(3)
N44X-1.836Y-2.218
N45TC_LASER_ON(9,"T2D-5650",10,110)
N46X2.179Y1.95
N47TC_LASER_ON(11,"T2D-5650",0,100)
N48G03X-6.376Y-6.135I-3.247J-3.006
N49X6.102Y6.406I3.129J3.129
N50G01X-0.069Y-0.003
N51TC_LASER_OFF(3)
N52X18.164Y-2.218
N53TC_LASER_ON(6,"T2D-5650",0,400)
N54X2.179Y1.95
N55G03X-6.376Y-6.135I-3.247J-3.006
N56X6.102Y6.406I3.129J3.129
N57G01X-0.069Y-0.003
N58TC_LASER_OFF(3)
N59X-1.836Y-2.218
N60TC_LASER_ON(9,"T2D-5650",10,110)
N61X2.179Y1.95
N62TC_LASER_ON(11,"T2D-5650",0,100)
N63G03X-6.376Y-6.135I-3.247J-3.006
N64X6.102Y6.406I3.129J3.129
N65G01X-0.069Y-0.003
N66TC_LASER_OFF(3)
N67X-1.836Y18.782
N68TC_LASER_ON(6,"T2D-5650",0,400)
N69X2.179Y1.95
N70G03X-6.376Y-6.135I-3.247J-3.006
N71X6.102Y6.406I3.129J3.129
N72G01X-0.069Y-0.003
N73TC_LASER_OFF(3)
N74X-1.836Y-2.218
N75TC_LASER_ON(9,"T2D-5650",10,110)
N76X2.179Y1.95
N77TC_LASER_ON(11,"T2D-5650",0,100)
N78G03X-6.376Y-6.135I-3.247J-3.006
N79X6.102Y6.406I3.129J3.129
N80G01X-0.069Y-0.003
N81TC_LASER_OFF(3)
N82X-21.836Y-2.218
N83TC_LASER_ON(6,"T2D-5650",0,400)
N84X2.179Y1.95
N85G03X-6.376Y-6.135I-3.247J-3.006
N86X6.102Y6.406I3.129J3.129
N87G01X-0.069Y-0.003
N88TC_LASER_OFF(3)
N89X-1.836Y-2.218
N90TC_LASER_ON(9,"T2D-5650",10,110)
N91X2.179Y1.95
N92TC_LASER_ON(11,"T2D-5650",0,100)
N93G03X-6.376Y-6.135I-3.247J-3.006
N94X6.102Y6.406I3.129J3.129
N95G01X-0.069Y-0.003
N96TC_LASER_OFF(3)
N97X-1.836Y33.282
N98TC_LASER_ON(6,"T2D-5650",0,400)
N99X2.179Y1.95
N100G03X-6.376Y-6.135I-3.247J-3.006
N101X6.102Y6.406I3.129J3.129
N102G01X-0.069Y-0.003
N103TC_LASER_OFF(3)
N104X-1.836Y-2.218
N105TC_LASER_ON(9,"T2D-5650",10,110)
N106X2.179Y1.95
N107TC_LASER_ON(11,"T2D-5650",0,100)
N108G03X-6.376Y-6.135I-3.247J-3.006
N109X6.102Y6.406I3.129J3.129
N110G01X-0.069Y-0.003
N111TC_LASER_OFF(3)
N112X18.164Y-2.218
N113TC_LASER_ON(6,"T2D-5650",0,400)
N114X2.179Y1.95
N115G03X-6.376Y-6.135I-3.247J-3.006
N116X6.102Y6.406I3.129J3.129
N117G01X-0.069Y-0.003
N118TC_LASER_OFF(3)
N119X-1.836Y-2.218
N120TC_LASER_ON(9,"T2D-5650",10,110)
N121X2.179Y1.95
N122TC_LASER_ON(11,"T2D-5650",0,100)
N123G03X-6.376Y-6.135I-3.247J-3.006
N124X6.102Y6.406I3.129J3.129
N125G01X-0.069Y-0.003
N126TC_LASER_OFF(3)
N127X46.699Y-102.164
N128TC_LASER_ON(6,"T2D-5650",0,400)
N129X0.954Y-0.302
N130G03X2.013Y0.728I0.531J1.676
N131X-1.858Y7.621I-4.57J2.923
N132X-60.712Y16.268I-60.712J-105.157
N133Y-10.85I0J-5.425
N134G02X55.287Y-14.814I0J-110.575
N135G03X7.529Y2.202I2.713J4.698
N136X0.007Y0.1I-0.111J0.058
N137G01X-0.034Y0.094
N138TC_LASER_OFF(3)
N139X-3.186Y-1.047
N140TC_LASER_ON(9,"T2D-5650",10,110)
N141X0.954Y-0.302
N142TC_LASER_ON(11,"T2D-5650",0,100)
N143G03X2.013Y0.728I0.531J1.676
N144X-1.858Y7.621I-4.57J2.923
N145X-60.712Y16.268I-60.712J-105.157
N146Y-10.85I0J-5.425
N147G02X55.287Y-14.814I0J-110.575
N148G03X7.529Y2.202I2.713J4.698
N149X0.007Y0.1I-0.111J0.058
N150G01X-0.034Y0.094
N151TC_LASER_OFF(3)
N152X10.815Y-3.948
N153TC_LASER_ON(6,"T2D-5650",0,400)
N154X-0.966Y-0.259
N155G03X-1.776Y-1.363I0.757J-2.825
N156G01X-8.672Y-15.02
N157G02X-4.512Y-0.919I-2.663J1.538
N158G03X-145.953Y-39.108I-57.678J-76.648
N159G02X-4.367Y-1.46I-2.83J1.203
N160G01X-29.608Y17.094
N161G02X-1.253Y3.954I1.538J2.663
N162X88.612Y74.398I123.503J-57.128
N163G03X14.816Y19.259I-5.109J19.259
N164G01Y57.215
N165G02X3.075Y3.075I3.075J0
N166G01X34
N167G02X3.075Y-3.075I0J-3.075
N168G01Y-57.215
N169G03X14.816Y-19.259I19.925J0
N170G02X43.501Y-20.301I-34.891J-131.526
N171X0.892Y-4.051I-1.771J-2.513
N172G01X-8.672Y-15.02
N173G03X-0.013Y-0.095I0.108J-0.062
N174G01X0.026Y-0.096
N175TC_LASER_OFF(3)
N176X2.979Y2.246
N177TC_LASER_ON(9,"T2D-5650",10,110)
N178X-0.966Y-0.259
N179TC_LASER_ON(11,"T2D-5650",0,100)
N180G03X-1.776Y-1.363I0.757J-2.825
N181G01X-8.672Y-15.02
N182G02X-4.512Y-0.919I-2.663J1.538
N183G03X-145.953Y-39.108I-57.678J-76.648
N184G02X-4.367Y-1.46I-2.83J1.203
N185G01X-29.608Y17.094
N186G02X-1.253Y3.954I1.538J2.663
N187X88.612Y74.398I123.503J-57.128
N188G03X14.816Y19.259I-5.109J19.259
N189G01Y57.215
N190G02X3.075Y3.075I3.075J0
N191G01X34
N192G02X3.075Y-3.075I0J-3.075
N193G01Y-57.215
N194G03X14.816Y-19.259I19.925J0
N195G02X43.501Y-20.301I-34.891J-131.526
N196X0.892Y-4.051I-1.771J-2.513
N197G01X-8.672Y-15.02
N198G03X-0.013Y-0.095I0.108J-0.062
N199G01X0.026Y-0.096
N200TC_LASER_OFF(3)
N201G01
N202G90
N203M17
N204M02
STOP_TEXT
C
DA,'38082','HP',,
START_TEXT
N10MSG("PROGRAM NUMBER,38082")
N11MSG("SHEET Al99 : 213.3 x 185.3 x 0.8")
N12MSG("MSG,PART #:DXFPAR0105 QTY 1")
N13G71
N14F84000
N15TC_POS_LEVEL(40.0)
N16TC_SHEET_TECH("SHT-1")
N17TC_SHEET_LOAD("SHL-1")
N18 ;GOTOF ENTRY_LASER
N19;ENTRY_LASER:
N20;(PART NUMBER: L138082  DXFPAR0105 NUMBER:1)
N21G01X74.465Y69.375
N22L138082
N23TC_LASER_OFF(2)
N24M30
STOP_TEXT
ENDE_PROGRAMM
ED


