BD
SET_METRIC
C
BEGIN_EINRICHTEPLAN_INFO
C
ZA,MM,2
MM,AT,1, 60,1,1,,,,,T
MM,AT,1,170,1,1,,,,,T
ZA,DA,1
C
DA,38083,1
C
ENDE_EINRICHTEPLAN_INFO
C
BEGIN_SHEET_TECH
C
ZA,MM,7
MM,AT,1,10,1,1,,,,,T
MM,AT,1,20,1,1,,,,'mm',Z
MM,AT,1,30,1,1,,,,'mm',Z
MM,AT,1,40,1,1,,,,'mm',Z
MM,AT,1,220,1,1,,,,'mm',Z
MM,AT,1,230,1,1,,,,'mm',Z
MM,AT,1,240,1,1,,'Materialkennung',,'',T
C
ZA,DA,1
DA,'SHT-1',110.0,110.0,0.8,110.0,110.0,'Al99'
C
ENDE_SHEET_TECH
C
BEGIN_SHEET_LOAD
C
ZA,MM,10
MM,AT,1,10,1,1,,'Table identifier',,,T
MM,AT,1,500,1,1,,'Loading unit',,,Z
MM,AT,1,620,1,1,,'Sheet stopper',,,Z
MM,AT,1,630,1,1,,'Measure sheet position',,,Z
MM,AT,1,640,1,1,,'Measure range in X',,'mm',Z
MM,AT,1,650,1,1,,'Measure range in Y',,'mm',Z
MM,AT,1,660,1,1,,'Calibration',,'Bool',Z
MM,AT,1,690,1,1,,'Type of pallet change',,,Z
MM,AT,1,700,1,1,,'Measuring Corner',,,Z
MM,AT,1,710,1,1,,,,,Z
C
ZA,DA,1
DA,'SHL-1',5,1,1,50.0,50.0,1,0,1,1
C
ENDE_SHEET_LOAD
C
BEGIN_LTT_CALLS
C
ZA,MM,1
MM,AT,1,10,1,1,,,,,T
C
ZA,DA,1
DA,'4249'
C
ENDE_LTT_CALLS
C
BEGIN_PROGRAMM
C
ZA,MM,4
MM,AT,1, 10,1,1,,,,,T
MM,AT,1, 20,1,1,,,,,T
MM,AT,1, 30,1,1,,,,,T
MM,AT,1, 40,1,1,,,,,Z
C
ZA,DA,2
DA,'SP138083','UP',,
START_TEXT
N10G91
N11G01Y-0.125
N12TC_POS_LEVEL(40.0)
N13TC_LASER_ON(9,"4249",10,110)
N14X9.875
N15TC_LASER_ON(11,"4249",0,100)
N16G02X-49.75Y0.125I-24.875J0.125
N17X49.75Y0.122I24.875J0
N18TC_LASER_OFF(3)
N19G01X-42.553Y17.556
N20TC_LASER_ON(9,"4249",10,110)
N21X-4.95Y4.95
N22TC_LASER_ON(11,"4249",0,100)
N23X-27.372Y27.372
N24TC_LASER_OFF(3)
N25X103Y-55.125
N26TC_LASER_ON(9,"4249",10,110)
N27X-2.875
N28TC_LASER_ON(11,"4249",0,100)
N29Y-45
N30X-90.125
N31G02X-10.125Y10.125I0J10.125
N32G01Y90.125
N33X90.125
N34G02X10.125Y-10.125I0J-10.125
N35G01Y-45
N36TC_LASER_OFF(3)
N37G01
N38G90
N39M17
N40M02
STOP_TEXT
C
DA,'38083','HP',,
START_TEXT
N10MSG("PROGRAM NUMBER,38083")
N11MSG("SHEET Al99 : 110.0 x 110.0 x 0.8")
N12MSG("MSG,PART #:Pieza_prueba_Maxwell QTY 1")
N13G71
N14F200000
N15TC_POS_LEVEL(40.0)
N16TC_SHEET_TECH("SHT-1")
N17TC_SHEET_LOAD("SHL-1")
N18 ;GOTOF ENTRY_LASER
N19;ENTRY_LASER:
N20;(PART NUMBER: SP138083  Pieza_prueba_Maxwell NUMBER:1)
N21G01X70Y55
N22SP138083
N23TC_LASER_OFF(2)
N24M30
STOP_TEXT
ENDE_PROGRAMM
ED


