BD
SET_METRIC
C
BEGIN_EINRICHTEPLAN_INFO
C
ZA,MM,2
MM,AT,1, 60,1,1,,,,,T
MM,AT,1,170,1,1,,,,,T
ZA,DA,1
C
DA,38084,1
C
ENDE_EINRICHTEPLAN_INFO
C
BEGIN_SHEET_TECH
C
ZA,MM,7
MM,AT,1,10,1,1,,,,,T
MM,AT,1,20,1,1,,,,'mm',Z
MM,AT,1,30,1,1,,,,'mm',Z
MM,AT,1,40,1,1,,,,'mm',Z
MM,AT,1,220,1,1,,,,'mm',Z
MM,AT,1,230,1,1,,,,'mm',Z
MM,AT,1,240,1,1,,'Materialkennung',,'',T
C
ZA,DA,1
DA,'SHT-1',190.0,125.0,0.8,190.0,125.0,'Al99'
C
ENDE_SHEET_TECH
C
BEGIN_SHEET_LOAD
C
ZA,MM,10
MM,AT,1,10,1,1,,'Table identifier',,,T
MM,AT,1,500,1,1,,'Loading unit',,,Z
MM,AT,1,620,1,1,,'Sheet stopper',,,Z
MM,AT,1,630,1,1,,'Measure sheet position',,,Z
MM,AT,1,640,1,1,,'Measure range in X',,'mm',Z
MM,AT,1,650,1,1,,'Measure range in Y',,'mm',Z
MM,AT,1,660,1,1,,'Calibration',,'Bool',Z
MM,AT,1,690,1,1,,'Type of pallet change',,,Z
MM,AT,1,700,1,1,,'Measuring Corner',,,Z
MM,AT,1,710,1,1,,,,,Z
C
ZA,DA,1
DA,'SHL-1',5,1,1,50.0,50.0,1,0,1,1
C
ENDE_SHEET_LOAD
C
BEGIN_LTT_CALLS
C
ZA,MM,1
MM,AT,1,10,1,1,,,,,T
C
ZA,DA,1
DA,'4249'
C
ENDE_LTT_CALLS
C
BEGIN_PROGRAMM
C
ZA,MM,4
MM,AT,1, 10,1,1,,,,,T
MM,AT,1, 20,1,1,,,,,T
MM,AT,1, 30,1,1,,,,,T
MM,AT,1, 40,1,1,,,,,Z
C
ZA,DA,2
DA,'SP138084','UP',,
START_TEXT
N10G91
N11G01Y-0.125
N12TC_POS_LEVEL(40.0)
N13TC_LASER_ON(9,"4249",10,110)
N14X9.874
N15TC_LASER_ON(11,"4249",0,100)
N16G02X-19.749Y0.125I-9.874J0.125
N17X19.749Y0.122I9.875J0
N18TC_LASER_OFF(3)
N19G01X-16.583Y33.23
N20TC_LASER_ON(9,"4249",10,110)
N21X-2.875
N22TC_LASER_ON(11,"4249",0,100)
N23G02X9.875Y9.75I9.875J-0.125
N24G01X28.953
N25G02X26.172Y26.172I36.047J-9.875
N26G01Y9.97
N27X19.75
N28Y-9.97
N29G02X26.171Y-26.172I-9.875J-36.047
N30G01X28.954
N31G02Y-19.75I0J-9.875
N32G01X-28.954
N33G02X-26.171Y-26.172I-36.046J9.875
N34G01Y-9.97
N35X-19.75
N36Y9.97
N37G02X-26.172Y26.172I9.875J36.047
N38G01X-28.953
N39G02X-9.875Y9.875I0J9.875
N40TC_LASER_OFF(3)
N41G01X9.584Y31.648
N42TC_LASER_ON(9,"4249",10,110)
N43X9.874
N44TC_LASER_ON(11,"4249",0,100)
N45G02X-19.749Y0.125I-9.874J0.125
N46X19.749Y0.122I9.875J0
N47TC_LASER_OFF(3)
N48G01X120.126Y-0.247
N49TC_LASER_ON(9,"4249",10,110)
N50X9.874
N51TC_LASER_ON(11,"4249",0,100)
N52G02X-19.749Y0.125I-9.874J0.125
N53X19.749Y0.122I9.875J0
N54TC_LASER_OFF(3)
N55G01X-9.874Y-65.247
N56TC_LASER_ON(9,"4249",10,110)
N57X9.874
N58TC_LASER_ON(11,"4249",0,100)
N59G02X-19.749Y0.125I-9.874J0.125
N60X19.749Y0.122I9.875J0
N61TC_LASER_OFF(3)
N62G01X9.837Y-20.009
N63TC_LASER_ON(9,"4249",10,110)
N64X-2.034Y2.033
N65TC_LASER_ON(11,"4249",0,100)
N66G02X-17.677Y-7.271I-17.677J17.854
N67G01X-130
N68G02X-25.125Y25.125I0J25.125
N69G01Y65
N70G02X25.125Y25.125I25.125J0
N71G01X130
N72G02X25.125Y-25.125I0J-25.125
N73G01Y-65
N74G02X-7.359Y-17.766I-25.125J0
N75TC_LASER_OFF(3)
N76G01
N77G90
N78M17
N79M02
STOP_TEXT
C
DA,'38084','HP',,
START_TEXT
N10MSG("PROGRAM NUMBER,38084")
N11MSG("SHEET Al99 : 190.0 x 125.0 x 0.8")
N12MSG("MSG,PART #:Pieza_prueba_Maxwell_2 QTY 1")
N13G71
N14F200000
N15TC_POS_LEVEL(40.0)
N16TC_SHEET_TECH("SHT-1")
N17TC_SHEET_LOAD("SHL-1")
N18 ;GOTOF ENTRY_LASER
N19;ENTRY_LASER:
N20;(PART NUMBER: SP138084  Pieza_prueba_Maxwell_2 NUMBER:1)
N21G01X30Y30
N22SP138084
N23TC_LASER_OFF(2)
N24M30
STOP_TEXT
ENDE_PROGRAMM
ED


