BD
SET_METRIC
C
BEGIN_EINRICHTEPLAN_INFO
C
ZA,MM,2
MM,AT,1, 60,1,1,,,,,T
MM,AT,1,170,1,1,,,,,T
ZA,DA,1
C
DA,38085,1
C
ENDE_EINRICHTEPLAN_INFO
C
BEGIN_SHEET_TECH
C
ZA,MM,7
MM,AT,1,10,1,1,,,,,T
MM,AT,1,20,1,1,,,,'mm',Z
MM,AT,1,30,1,1,,,,'mm',Z
MM,AT,1,40,1,1,,,,'mm',Z
MM,AT,1,220,1,1,,,,'mm',Z
MM,AT,1,230,1,1,,,,'mm',Z
MM,AT,1,240,1,1,,'Materialkennung',,'',T
C
ZA,DA,1
DA,'SHT-1',235.3,97.0,0.8,235.3,97.0,'Al99'
C
ENDE_SHEET_TECH
C
BEGIN_SHEET_LOAD
C
ZA,MM,10
MM,AT,1,10,1,1,,'Table identifier',,,T
MM,AT,1,500,1,1,,'Loading unit',,,Z
MM,AT,1,620,1,1,,'Sheet stopper',,,Z
MM,AT,1,630,1,1,,'Measure sheet position',,,Z
MM,AT,1,640,1,1,,'Measure range in X',,'mm',Z
MM,AT,1,650,1,1,,'Measure range in Y',,'mm',Z
MM,AT,1,660,1,1,,'Calibration',,'Bool',Z
MM,AT,1,690,1,1,,'Type of pallet change',,,Z
MM,AT,1,700,1,1,,'Measuring Corner',,,Z
MM,AT,1,710,1,1,,,,,Z
C
ZA,DA,1
DA,'SHL-1',5,1,1,50.0,50.0,1,0,1,1
C
ENDE_SHEET_LOAD
C
BEGIN_LTT_CALLS
C
ZA,MM,1
MM,AT,1,10,1,1,,,,,T
C
ZA,DA,1
DA,'4249'
C
ENDE_LTT_CALLS
C
BEGIN_PROGRAMM
C
ZA,MM,4
MM,AT,1, 10,1,1,,,,,T
MM,AT,1, 20,1,1,,,,,T
MM,AT,1, 30,1,1,,,,,T
MM,AT,1, 40,1,1,,,,,Z
C
ZA,DA,2
DA,'SP138085','UP',,
START_TEXT
N10G91
N11G01X-0.098Y-0.078
N12TC_POS_LEVEL(40.0)
N13TC_LASER_ON(9,"4249",10,110)
N14X-1.787Y2.252
N15TC_LASER_ON(11,"4249",0,100)
N16G02X-46.019Y-22.693I-75.816J95.742
N17G03X-31.531Y-3.678I-15.797J-1.566
N18G02X-68.817Y22.427I1.734J122.113
N19G03X-12.15Y9.823I-5.449J5.685
N20G02X-34.339Y54.987I82.701J89.863
N21G01X11.165
N22Y-4
N23X21.75
N24Y4
N25X12.156
N26X41.149Y-22.212
N27G03X46.01Y-5.984I30.82J57.087
N28G01X17.757Y18.196
N29X10.693
N30X1.47Y-12
N31X9.779
N32X1.47Y12
N33X11.489
N34X0.289Y-5.588
N35G03X15.138Y-5.812I8.863J0.463
N36G01X8.85Y8.847
N37Y-8.447
N38X16.468
N39G02X-32.679Y-39.788I-108.593J55.876
N40TC_LASER_OFF(3)
N41G01
N42G90
N43M17
N44M02
STOP_TEXT
C
DA,'38085','HP',,
START_TEXT
N10MSG("PROGRAM NUMBER,38085")
N11MSG("SHEET Al99 : 235.3 x 97.0 x 0.8")
N12MSG("MSG,PART #:DXFPART7 QTY 1")
N13G71
N14F200000
N15TC_POS_LEVEL(40.0)
N16TC_SHEET_TECH("SHT-1")
N17TC_SHEET_LOAD("SHL-1")
N18 ;GOTOF ENTRY_LASER
N19;ENTRY_LASER:
N20;(PART NUMBER: SP138085  DXFPART7 NUMBER:1)
N21G01X199.573Y29.074
N22SP138085
N23TC_LASER_OFF(2)
N24M30
STOP_TEXT
ENDE_PROGRAMM
ED


