BD
SET_METRIC
C
BEGIN_EINRICHTEPLAN_INFO
C
ZA,MM,2
MM,AT,1, 60,1,1,,,,,T
MM,AT,1,170,1,1,,,,,T
ZA,DA,1
C
DA,38086,1
C
ENDE_EINRICHTEPLAN_INFO
C
BEGIN_SHEET_TECH
C
ZA,MM,7
MM,AT,1,10,1,1,,,,,T
MM,AT,1,20,1,1,,,,'mm',Z
MM,AT,1,30,1,1,,,,'mm',Z
MM,AT,1,40,1,1,,,,'mm',Z
MM,AT,1,220,1,1,,,,'mm',Z
MM,AT,1,230,1,1,,,,'mm',Z
MM,AT,1,240,1,1,,'Materialkennung',,'',T
C
ZA,DA,1
DA,'SHT-1',303.0,172.0,0.8,303.0,172.0,'Al99'
C
ENDE_SHEET_TECH
C
BEGIN_SHEET_LOAD
C
ZA,MM,10
MM,AT,1,10,1,1,,'Table identifier',,,T
MM,AT,1,500,1,1,,'Loading unit',,,Z
MM,AT,1,620,1,1,,'Sheet stopper',,,Z
MM,AT,1,630,1,1,,'Measure sheet position',,,Z
MM,AT,1,640,1,1,,'Measure range in X',,'mm',Z
MM,AT,1,650,1,1,,'Measure range in Y',,'mm',Z
MM,AT,1,660,1,1,,'Calibration',,'Bool',Z
MM,AT,1,690,1,1,,'Type of pallet change',,,Z
MM,AT,1,700,1,1,,'Measuring Corner',,,Z
MM,AT,1,710,1,1,,,,,Z
C
ZA,DA,1
DA,'SHL-1',5,1,1,50.0,50.0,1,0,1,1
C
ENDE_SHEET_LOAD
C
BEGIN_LTT_CALLS
C
ZA,MM,1
MM,AT,1,10,1,1,,,,,T
C
ZA,DA,1
DA,'4249'
C
ENDE_LTT_CALLS
C
BEGIN_PROGRAMM
C
ZA,MM,4
MM,AT,1, 10,1,1,,,,,T
MM,AT,1, 20,1,1,,,,,T
MM,AT,1, 30,1,1,,,,,T
MM,AT,1, 40,1,1,,,,,Z
C
ZA,DA,2
DA,'SP138086','UP',,
START_TEXT
N10G91
N11G01Y-0.125
N12TC_POS_LEVEL(40.0)
N13TC_LASER_ON(9,"4249",10,110)
N14X2.972
N15TC_LASER_ON(11,"4249",0,100)
N16G02X-5.947Y0.125I-2.972J0.125
N17X5.947Y0.122I2.975J0
N18TC_LASER_OFF(3)
N19G01X14.328Y-11.247
N20TC_LASER_ON(9,"4249",10,110)
N21X2.121
N22TC_LASER_ON(11,"4249",0,100)
N23G02X-4.246Y0.125I-2.121J0.125
N24X4.247Y0.122I2.125J0
N25TC_LASER_OFF(3)
N26G01X14.314Y13.789
N27TC_LASER_ON(9,"4249",10,110)
N28X1.47
N29TC_LASER_ON(11,"4249",0,100)
N30G02X-2.945Y0.125I-1.47J0.125
N31X2.945Y0.121I1.475J0
N32TC_LASER_OFF(3)
N33G01X8.594Y-6.782
N34TC_LASER_ON(9,"4249",10,110)
N35X2.121
N36TC_LASER_ON(11,"4249",0,100)
N37G02X-4.246Y0.125I-2.121J0.125
N38X4.247Y0.122I2.125J0
N39TC_LASER_OFF(3)
N40G01X-22.588Y27.576
N41TC_LASER_ON(9,"4249",10,110)
N42X-0.316Y0.949
N43TC_LASER_ON(11,"4249",0,100)
N44G02X0.042Y0.323I0.356J0.118
N45X6.743Y1.433I4.088J-2.656
N46G01X27.257Y-17.701
N47G02X-5.31Y-8.177I-2.655J-4.088
N48G01X-27.257Y17.701
N49G02X-1.433Y6.744I2.655J4.088
N50TC_LASER_OFF(3)
N51G01X41.24Y-36.595
N52TC_LASER_ON(9,"4249",10,110)
N53X2.121
N54TC_LASER_ON(11,"4249",0,100)
N55G02X-4.246Y0.125I-2.121J0.125
N56X4.247Y0.122I2.125J0
N57TC_LASER_OFF(3)
N58G01X2.252Y36.278
N59TC_LASER_ON(9,"4249",10,110)
N60X-1.992Y1.992
N61TC_LASER_ON(11,"4249",0,100)
N62G02X-0.107Y0.258I0.258J0.258
N63G01Y6.525
N64X6.25
N65Y-9.75
N66X-6.25
N67Y3.173
N68X0.034Y0.034
N69TC_LASER_OFF(3)
N70X-42.937Y-18.186
N71TC_LASER_ON(9,"4249",10,110)
N72X2.121
N73TC_LASER_ON(11,"4249",0,100)
N74G02X-4.246Y0.125I-2.121J0.125
N75X4.246Y0.122I2.125J0
N76TC_LASER_OFF(3)
N77G01X-18.593Y17.682
N78TC_LASER_ON(9,"4249",10,110)
N79X2.972
N80TC_LASER_ON(11,"4249",0,100)
N81G02X-5.947Y0.125I-2.972J0.125
N82X5.947Y0.122I2.975J0
N83TC_LASER_OFF(3)
N84G01X31.156Y38.271
N85TC_LASER_ON(9,"4249",10,110)
N86Y-0.266
N87TC_LASER_ON(11,"4249",0,100)
N88G02X-0.013Y-0.033I-0.046J0
N89G01X-2.369Y-2.369
N90G02X-0.389Y0.389I-0.195J0.194
N91G01X4.738Y4.737
N92G02X0.388Y-0.388I0.194J-0.194
N93G01X-2.368Y-2.369
N94TC_LASER_OFF(3)
N95X39.885Y32.281
N96TC_LASER_ON(9,"4249",10,110)
N97X1.62
N98TC_LASER_ON(11,"4249",0,100)
N99G02X-3.245Y0.125I-1.62J0.125
N100X3.245Y0.121I1.625J0
N101TC_LASER_OFF(3)
N102G01X38.601Y0.765
N103TC_LASER_ON(9,"4249",10,110)
N104X-0.188Y-0.189
N105TC_LASER_ON(11,"4249",0,100)
N106G02X-0.033Y-0.014I-0.033J0.033
N107G01X-3.35
N108G02Y0.55I0J0.275
N109G01X6.7
N110G02Y-0.55I0J-0.275
N111G01X-3.35
N112TC_LASER_OFF(3)
N113X40Y-0.808
N114TC_LASER_ON(9,"4249",10,110)
N115X1.62
N116TC_LASER_ON(11,"4249",0,100)
N117G02X-3.245Y0.125I-1.62J0.125
N118X3.245Y0.121I1.625J0
N119TC_LASER_OFF(3)
N120G01X38.565Y-32.541
N121TC_LASER_ON(9,"4249",10,110)
N122X-0.267
N123TC_LASER_ON(11,"4249",0,100)
N124G02X-0.033Y0.014I0J0.047
N125G01X-2.368Y2.369
N126G02X0.388Y0.388I0.194J0.194
N127G01X4.738Y-4.737
N128G02X-0.389Y-0.389I-0.194J-0.195
N129G01X-2.369Y2.369
N130TC_LASER_OFF(3)
N131X-29.411Y-38.544
N132TC_LASER_ON(9,"4249",10,110)
N133X-1.992Y1.992
N134TC_LASER_ON(11,"4249",0,100)
N135G02X-0.107Y0.258I0.258J0.258
N136G01Y4.875
N137X6.25
N138Y-9.75
N139X-6.25
N140Y4.823
N141X0.034Y0.034
N142TC_LASER_OFF(3)
N143X65.591Y-1.907
N144TC_LASER_ON(9,"4249",10,110)
N145X2.972
N146TC_LASER_ON(11,"4249",0,100)
N147G02X-5.947Y0.125I-2.972J0.125
N148X5.948Y0.122I2.975J0
N149TC_LASER_OFF(3)
N150G01X4.227Y-27.747
N151TC_LASER_ON(9,"4249",10,110)
N152X2.972
N153TC_LASER_ON(11,"4249",0,100)
N154G02X-5.947Y0.125I-2.972J0.125
N155X5.948Y0.122I2.975J0
N156TC_LASER_OFF(3)
N157G01X-56.073Y-40.247
N158TC_LASER_ON(9,"4249",10,110)
N159X0.866
N160TC_LASER_ON(11,"4249",0,100)
N161G02X-1.741Y0.125I-0.866J0.125
N162X1.742Y0.12I0.875J0
N163TC_LASER_OFF(3)
N164G01X-4.267Y-0.245
N165TC_LASER_ON(9,"4249",10,110)
N166X0.866
N167TC_LASER_ON(11,"4249",0,100)
N168G02X-1.741Y0.125I-0.866J0.125
N169X1.742Y0.12I0.875J0
N170TC_LASER_OFF(3)
N171G01X-4.267Y-0.245
N172TC_LASER_ON(9,"4249",10,110)
N173X0.866
N174TC_LASER_ON(11,"4249",0,100)
N175G02X-1.741Y0.125I-0.866J0.125
N176X1.742Y0.12I0.875J0
N177TC_LASER_OFF(3)
N178G01X-4.267Y-0.245
N179TC_LASER_ON(9,"4249",10,110)
N180X0.866
N181TC_LASER_ON(11,"4249",0,100)
N182G02X-1.741Y0.125I-0.866J0.125
N183X1.742Y0.12I0.875J0
N184TC_LASER_OFF(3)
N185G01X72.708Y-10.62
N186TC_LASER_ON(9,"4249",10,110)
N187Y2.875
N188TC_LASER_ON(11,"4249",0,100)
N189X-5.15
N190Y-2.5
N191X-50.45
N192Y10
N193X-6.25
N194Y-10
N195X-13.25
N196Y10
N197X-6.25
N198Y-10
N199X-100.75
N200Y12
N201X-59.75
N202Y-12
N203X-15.95
N204Y2.5
N205X-10.8
N206Y13
N207X-9.5
N208Y16.75
N209X10.7
N210Y12.5
N211X9.6
N212Y11.927
N213X7.2Y7.2
N214Y29.3
N215X59.573Y59.573
N216X23.927
N217Y9.5
N218X71.25
N219Y-9.5
N220X23.927
N221X59.573Y-59.573
N222Y-29.3
N223X7.2Y-7.2
N224Y-11.927
N225X9.6
N226Y-12.5
N227X10.7
N228Y-16.75
N229X-9.5
N230Y-13
N231X-5.525
N232TC_LASER_OFF(3)
N233G01
N234G90
N235M17
N236M02
STOP_TEXT
C
DA,'38086','HP',,
START_TEXT
N10MSG("PROGRAM NUMBER,38086")
N11MSG("SHEET Al99 : 303.0 x 172.0 x 0.8")
N12MSG("MSG,PART #:DXFPUNC0 QTY 1")
N13G71
N14F200000
N15TC_POS_LEVEL(40.0)
N16TC_SHEET_TECH("SHT-1")
N17TC_SHEET_LOAD("SHL-1")
N18 ;GOTOF ENTRY_LASER
N19;ENTRY_LASER:
N20;(PART NUMBER: SP138086  DXFPUNC0 NUMBER:1)
N21G01X30.3Y55
N22SP138086
N23TC_LASER_OFF(2)
N24M30
STOP_TEXT
ENDE_PROGRAMM
ED


