BD
SET_METRIC
C
BEGIN_EINRICHTEPLAN_INFO
C
ZA,MM,2
MM,AT,1, 60,1,1,,,,,T
MM,AT,1,170,1,1,,,,,T
ZA,DA,1
C
DA,38087,1
C
ENDE_EINRICHTEPLAN_INFO
C
BEGIN_SHEET_TECH
C
ZA,MM,7
MM,AT,1,10,1,1,,,,,T
MM,AT,1,20,1,1,,,,'mm',Z
MM,AT,1,30,1,1,,,,'mm',Z
MM,AT,1,40,1,1,,,,'mm',Z
MM,AT,1,220,1,1,,,,'mm',Z
MM,AT,1,230,1,1,,,,'mm',Z
MM,AT,1,240,1,1,,'Materialkennung',,'',T
C
ZA,DA,1
DA,'SHT-1',213.3,185.3,0.8,213.3,185.3,'Al99'
C
ENDE_SHEET_TECH
C
BEGIN_SHEET_LOAD
C
ZA,MM,10
MM,AT,1,10,1,1,,'Table identifier',,,T
MM,AT,1,500,1,1,,'Loading unit',,,Z
MM,AT,1,620,1,1,,'Sheet stopper',,,Z
MM,AT,1,630,1,1,,'Measure sheet position',,,Z
MM,AT,1,640,1,1,,'Measure range in X',,'mm',Z
MM,AT,1,650,1,1,,'Measure range in Y',,'mm',Z
MM,AT,1,660,1,1,,'Calibration',,'Bool',Z
MM,AT,1,690,1,1,,'Type of pallet change',,,Z
MM,AT,1,700,1,1,,'Measuring Corner',,,Z
MM,AT,1,710,1,1,,,,,Z
C
ZA,DA,1
DA,'SHL-1',5,1,1,50.0,50.0,1,0,1,1
C
ENDE_SHEET_LOAD
C
BEGIN_LTT_CALLS
C
ZA,MM,1
MM,AT,1,10,1,1,,,,,T
C
ZA,DA,1
DA,'4249'
C
ENDE_LTT_CALLS
C
BEGIN_PROGRAMM
C
ZA,MM,4
MM,AT,1, 10,1,1,,,,,T
MM,AT,1, 20,1,1,,,,,T
MM,AT,1, 30,1,1,,,,,T
MM,AT,1, 40,1,1,,,,,Z
C
ZA,DA,2
DA,'SP138087','UP',,
START_TEXT
N10G91
N11G01X-0.109Y0.063
N12TC_POS_LEVEL(40.0)
N13TC_LASER_ON(9,"4249",10,110)
N14X-1.436Y-2.489
N15TC_LASER_ON(11,"4249",0,100)
N16G02X-1.86Y7.279I2.795J4.591
N17X44.426Y44.426I105.114J-60.688
N18X5.375Y-9.31I2.688J-4.655
N19G03X-40.491Y-40.491I55.313J-95.804
N20G02X-7.343Y-1.968I-4.655J2.687
N21TC_LASER_OFF(3)
N22G01X93.147Y86.03
N23TC_LASER_ON(9,"4249",10,110)
N24X4.373
N25TC_LASER_ON(11,"4249",0,100)
N26G02X-8.748Y0.125I-4.373J0.125
N27X8.748Y0.122I4.375J0
N28TC_LASER_OFF(3)
N29G01X15.627Y-0.247
N30TC_LASER_ON(9,"4249",10,110)
N31X4.373
N32TC_LASER_ON(11,"4249",0,100)
N33G02X-8.748Y0.125I-4.373J0.125
N34X8.748Y0.122I4.375J0
N35TC_LASER_OFF(3)
N36G01X-4.373Y20.753
N37TC_LASER_ON(9,"4249",10,110)
N38X4.373
N39TC_LASER_ON(11,"4249",0,100)
N40G02X-8.748Y0.125I-4.373J0.125
N41X8.748Y0.122I4.375J0
N42TC_LASER_OFF(3)
N43G01X-24.373Y-0.247
N44TC_LASER_ON(9,"4249",10,110)
N45X4.373
N46TC_LASER_ON(11,"4249",0,100)
N47G02X-8.748Y0.125I-4.373J0.125
N48X8.748Y0.122I4.375J0
N49TC_LASER_OFF(3)
N50G01X-4.373Y35.253
N51TC_LASER_ON(9,"4249",10,110)
N52X4.373
N53TC_LASER_ON(11,"4249",0,100)
N54G02X-8.748Y0.125I-4.373J0.125
N55X8.748Y0.122I4.375J0
N56TC_LASER_OFF(3)
N57G01X15.627Y-0.247
N58TC_LASER_ON(9,"4249",10,110)
N59X4.373
N60TC_LASER_ON(11,"4249",0,100)
N61G02X-8.748Y0.125I-4.373J0.125
N62X8.748Y0.122I4.375J0
N63TC_LASER_OFF(3)
N64G01X-16.873Y-79.997
N65TC_LASER_ON(9,"4249",10,110)
N66X-2.874
N67TC_LASER_ON(11,"4249",0,100)
N68G02X5.374Y5.25I5.374J-0.125
N69X60.687Y-16.261I0J-121.375
N70X-5.375Y-9.31I-2.687J-4.655
N71G03X-55.312Y14.821I-55.312J-95.804
N72G02X-5.375Y5.375I0J5.375
N73TC_LASER_OFF(3)
N74G01X65.978Y-42.799
N75TC_LASER_ON(9,"4249",10,110)
N76X-0.575Y2.819
N77TC_LASER_ON(11,"4249",0,100)
N78G02X-2.38Y0.588I-0.501J3.085
N79G03X-145.877Y-39.088I-57.648J-76.608
N80G02X-4.438Y-1.483I-2.876J1.223
N81G01X-29.608Y17.093
N82G02X-1.273Y4.019I1.563J2.707
N83X88.644Y74.425I123.548J-57.149
N84G03X14.779Y19.211I-5.096J19.211
N85G01Y57.215
N86G02X3.125Y3.125I3.125J0
N87G01X34
N88G02X3.125Y-3.125I0J-3.125
N89G01Y-57.215
N90G03X14.778Y-19.211I19.875J0
N91G02X43.518Y-20.308I-34.903J-131.574
N92X0.906Y-4.117I-1.8J-2.554
N93G01X-17.094Y-29.607
N94G02X-2.082Y-1.499I-2.706J1.563
N95TC_LASER_OFF(3)
N96G01
N97G90
N98M17
N99M02
STOP_TEXT
C
DA,'38087','HP',,
START_TEXT
N10MSG("PROGRAM NUMBER,38087")
N11MSG("SHEET Al99 : 213.3 x 185.3 x 0.8")
N12MSG("MSG,PART #:DXFPAR0105 QTY 1")
N13G71
N14F200000
N15TC_POS_LEVEL(40.0)
N16TC_SHEET_TECH("SHT-1")
N17TC_SHEET_LOAD("SHL-1")
N18 ;GOTOF ENTRY_LASER
N19;ENTRY_LASER:
N20;(PART NUMBER: SP138087  DXFPAR0105 NUMBER:1)
N21G01X27.003Y25.092
N22SP138087
N23TC_LASER_OFF(2)
N24M30
STOP_TEXT
ENDE_PROGRAMM
ED


