BD
SET_METRIC
C
BEGIN_EINRICHTEPLAN_INFO
C
ZA,MM,2
MM,AT,1, 60,1,1,,,,,T
MM,AT,1,170,1,1,,,,,T
ZA,DA,1
C
DA,38088,1
C
ENDE_EINRICHTEPLAN_INFO
C
BEGIN_SHEET_TECH
C
ZA,MM,7
MM,AT,1,10,1,1,,,,,T
MM,AT,1,20,1,1,,,,'mm',Z
MM,AT,1,30,1,1,,,,'mm',Z
MM,AT,1,40,1,1,,,,'mm',Z
MM,AT,1,220,1,1,,,,'mm',Z
MM,AT,1,230,1,1,,,,'mm',Z
MM,AT,1,240,1,1,,'Materialkennung',,'',T
C
ZA,DA,1
DA,'SHT-1',100.0,100.0,0.8,100.0,100.0,'Al99'
C
ENDE_SHEET_TECH
C
BEGIN_SHEET_LOAD
C
ZA,MM,10
MM,AT,1,10,1,1,,'Table identifier',,,T
MM,AT,1,500,1,1,,'Loading unit',,,Z
MM,AT,1,620,1,1,,'Sheet stopper',,,Z
MM,AT,1,630,1,1,,'Measure sheet position',,,Z
MM,AT,1,640,1,1,,'Measure range in X',,'mm',Z
MM,AT,1,650,1,1,,'Measure range in Y',,'mm',Z
MM,AT,1,660,1,1,,'Calibration',,'Bool',Z
MM,AT,1,690,1,1,,'Type of pallet change',,,Z
MM,AT,1,700,1,1,,'Measuring Corner',,,Z
MM,AT,1,710,1,1,,,,,Z
C
ZA,DA,1
DA,'SHL-1',1,1,1,50.0,50.0,1,0,1,1
C
ENDE_SHEET_LOAD
C
BEGIN_LTT_CALLS
C
ZA,MM,1
MM,AT,1,10,1,1,,,,,T
C
ZA,DA,1
DA,'T2D-5414B'
C
ENDE_LTT_CALLS
C
BEGIN_PROGRAMM
C
ZA,MM,4
MM,AT,1, 10,1,1,,,,,T
MM,AT,1, 20,1,1,,,,,T
MM,AT,1, 30,1,1,,,,,T
MM,AT,1, 40,1,1,,,,,Z
C
ZA,DA,3
DA,'LV138088','UP',,
START_TEXT
N10G91
N20G01X0.1
N30TC_POS_LEVEL(40.0)
N40TC_LASER_ON(6,"T2D-5414B",0,400)
N50X-0.099Y-9.9
N60G03X0.149Y49.8I0.149J24.9
N70X0.208Y-49.799I0J-24.9
N80G01X0.041Y0.042
N90TC_LASER_OFF(1)
N100X-17.927Y42.535
N110TC_LASER_ON(6,"T2D-5414B",0,400)
N120X-7.071Y7.071
N130X-11.109Y11.109
N140X-14.142Y14.142
N150TC_LASER_OFF(1)
N160X90Y0.1
N170X7.142Y-2.958
N180TC_SHEET_THICK()
N190X-7.142Y2.958
N200TC_LASER_ON(6,"T2D-5414B",0,400)
N210G02X0.284Y-0.004I0J-10.1
N220X1.133Y-0.096I-0.284J-10.096
N230X8.582Y-8.582I-1.418J-10
N240X0.1Y-1.418I-10J-1.418
N250TC_LASER_OFF(1)
N260G01X-90.1Y-90.1
N270X-7.142Y2.958
N280TC_SHEET_THICK()
N290X7.142Y-2.958
N300TC_LASER_ON(6,"T2D-5414B",0,400)
N310G02X-0.284Y0.004I0J10.1
N320X-1.133Y0.096I0.284J10.096
N330X-8.582Y8.582I1.418J10
N340X-0.1Y1.418I10J1.418
N350TC_LASER_OFF(1)
N360G01
N370G90
N380M17
N390M02
STOP_TEXT
C
DA,'L138088','UP',,
START_TEXT
N10G91
N20G01X0.1
N30TC_POS_LEVEL(40.0)
N40TC_LASER_ON(1,"T2D-5414B",10,110)
N50X-0.099Y-9.9
N60TC_LASER_ON(5,"T2D-5414B",0,100)
N70G03X0.149Y49.8I0.149J24.9
N80X0.208Y-49.799I0J-24.9
N90G01X0.041Y0.042
N100TC_LASER_OFF(1)
N110X-17.927Y42.535
N120TC_LASER_ON(1,"T2D-5414B",10,110)
N130X-7.071Y7.071
N140TC_LASER_ON(5,"T2D-5414B",0,100)
N150X-11.109Y11.109
N160TC_LASER_ON(11,"T2D-5414B",0,100)
N170X-14.142Y14.142
N180TC_LASER_OFF(1)
N190X90Y0.1
N200X7.142Y-2.958
N210TC_SHEET_THICK()
N220X-7.142Y2.958
N230TC_LASER_ON(6,"T2D-5414B",0,110)
N240G02X0.284Y-0.004I0J-10.1
N250TC_LASER_ON(6,"T2D-5414B",0,100)
N260X1.133Y-0.096I-0.284J-10.096
N270TC_LASER_ON(5,"T2D-5414B",0,100)
N280X8.582Y-8.582I-1.418J-10
N290TC_LASER_ON(6,"T2D-5414B",0,100)
N300X0.1Y-1.418I-10J-1.418
N310TC_LASER_OFF(1)
N320G01X-90.1Y-90.1
N330X-7.142Y2.958
N340TC_SHEET_THICK()
N350X7.142Y-2.958
N360TC_LASER_ON(6,"T2D-5414B",0,110)
N370G02X-0.284Y0.004I0J10.1
N380TC_LASER_ON(6,"T2D-5414B",0,100)
N390X-1.133Y0.096I0.284J10.096
N400TC_LASER_ON(5,"T2D-5414B",0,100)
N410X-8.582Y8.582I1.418J10
N420TC_LASER_ON(6,"T2D-5414B",0,100)
N430X-0.1Y1.418I10J1.418
N440TC_LASER_OFF(1)
N450G01
N460G90
N470M17
N480M02
STOP_TEXT
C
DA,'38088','HP',,
START_TEXT
N10MSG("PROGRAM NUMBER,38088")
N20MSG("SHEET Al99 : 100.0 x 100.0 x 0.8")
N30MSG("MSG,PART #:Pieza_prueba_Maxwell QTY 1")
N40G71
N50F240000
N60TC_POS_LEVEL(40.0)
N70TC_SHEET_TECH("SHT-1")
N80TC_SHEET_LOAD("SHL-1")
N90 ;GOTOF ENTRY_LASER
N100;ENTRY_LASER:
N110;(PART NUMBER: L138088  Pieza_prueba_Maxwell NUMBER:1)
N120G01X49.85Y35.001
N130LV138088
N140G01X49.85Y35.001
N150L138088
N160TC_LASER_OFF(2)
N170M30
STOP_TEXT
ENDE_PROGRAMM
ED


