BD
SET_METRIC
C
BEGIN_EINRICHTEPLAN_INFO
C
ZA,MM,2
MM,AT,1, 60,1,1,,,,,T
MM,AT,1,170,1,1,,,,,T
ZA,DA,1
C
DA,38089,1
C
ENDE_EINRICHTEPLAN_INFO
C
BEGIN_SHEET_TECH
C
ZA,MM,7
MM,AT,1,10,1,1,,,,,T
MM,AT,1,20,1,1,,,,'mm',Z
MM,AT,1,30,1,1,,,,'mm',Z
MM,AT,1,40,1,1,,,,'mm',Z
MM,AT,1,220,1,1,,,,'mm',Z
MM,AT,1,230,1,1,,,,'mm',Z
MM,AT,1,240,1,1,,'Materialkennung',,'',T
C
ZA,DA,1
DA,'SHT-1',180.0,115.0,0.8,180.0,115.0,'Al99'
C
ENDE_SHEET_TECH
C
BEGIN_SHEET_LOAD
C
ZA,MM,10
MM,AT,1,10,1,1,,'Table identifier',,,T
MM,AT,1,500,1,1,,'Loading unit',,,Z
MM,AT,1,620,1,1,,'Sheet stopper',,,Z
MM,AT,1,630,1,1,,'Measure sheet position',,,Z
MM,AT,1,640,1,1,,'Measure range in X',,'mm',Z
MM,AT,1,650,1,1,,'Measure range in Y',,'mm',Z
MM,AT,1,660,1,1,,'Calibration',,'Bool',Z
MM,AT,1,690,1,1,,'Type of pallet change',,,Z
MM,AT,1,700,1,1,,'Measuring Corner',,,Z
MM,AT,1,710,1,1,,,,,Z
C
ZA,DA,1
DA,'SHL-1',1,1,1,50.0,50.0,1,0,1,1
C
ENDE_SHEET_LOAD
C
BEGIN_LTT_CALLS
C
ZA,MM,1
MM,AT,1,10,1,1,,,,,T
C
ZA,DA,1
DA,'T2D-5414B'
C
ENDE_LTT_CALLS
C
BEGIN_PROGRAMM
C
ZA,MM,4
MM,AT,1, 10,1,1,,,,,T
MM,AT,1, 20,1,1,,,,,T
MM,AT,1, 30,1,1,,,,,T
MM,AT,1, 40,1,1,,,,,Z
C
ZA,DA,3
DA,'LV138089','UP',,
START_TEXT
N10G91
N20G01X0.1Y-0.002
N30TC_POS_LEVEL(40.0)
N40TC_LASER_ON(6,"T2D-5414B",0,400)
N50X-0.247Y-9.897
N60G03X0.147Y19.799I0.147J9.899
N70X0.206Y-19.798I0J-9.9
N80G01X0.04Y0.043
N90TC_LASER_OFF(1)
N100X-0.146Y74.853
N110TC_LASER_ON(6,"T2D-5414B",0,400)
N120X-0.247Y-9.897
N130G03X0.147Y19.799I0.147J9.899
N140X0.206Y-19.798I0J-9.9
N150G01X0.04Y0.043
N160TC_LASER_OFF(1)
N170X55.145Y-50.06
N180TC_LASER_ON(6,"T2D-5414B",0,400)
N190Y-8
N200Y-9.9
N210X19.8
N220Y9.976
N230G03X26.165Y26.166I-9.9J36.066
N240G01X28.935
N250G03Y19.8I0J9.9
N260G01X-28.935
N270G03X-26.165Y26.166I-36.065J-9.9
N280G01Y9.976
N290X-19.8
N300Y-9.976
N310G03X-26.166Y-26.166I9.9J-36.066
N320G01X-28.934
N330G03Y-19.8I0J-9.9
N340G01X28.934
N350G03X26.092Y-26.146I36.066J9.9
N360G01X0.097Y-0.027
N370TC_LASER_OFF(1)
N380X74.686Y67.844
N390TC_LASER_ON(6,"T2D-5414B",0,400)
N400X-0.247Y-9.897
N410G03X0.147Y19.799I0.147J9.899
N420X0.206Y-19.798I0J-9.9
N430G01X0.04Y0.043
N440TC_LASER_OFF(1)
N450X-0.146Y-55.147
N460TC_LASER_ON(6,"T2D-5414B",0,400)
N470X-0.247Y-9.897
N480G03X0.147Y19.799I0.147J9.899
N490X0.206Y-19.798I0J-9.9
N500G01X0.04Y0.043
N510TC_LASER_OFF(1)
N520X-0.246Y-15.245
N530X17.748Y7.352
N540TC_SHEET_THICK()
N550X-17.748Y-7.352
N560TC_LASER_ON(6,"T2D-5414B",0,400)
N570G03X0.448Y0.004I0J25.1
N580X1.79Y0.096I-0.448J25.096
N590X1.983Y0.257I-2.238J25
N600X20.779Y22.504I-4.221J24.743
N610X0.1Y2.238I-25J2.238
N620TC_LASER_OFF(1)
N630G01Y65
N640X-7.352Y17.748
N650TC_SHEET_THICK()
N660X7.352Y-17.748
N670TC_LASER_ON(6,"T2D-5414B",0,400)
N680G03X-0.004Y0.448I-25.1J0
N690X-0.096Y1.79I-25.096J-0.448
N700X-0.257Y1.983I-25J-2.238
N710X-22.504Y20.779I-24.743J-4.221
N720X-2.238Y0.1I-2.238J-25
N730TC_LASER_OFF(1)
N740G01X-130
N750X-17.748Y-7.352
N760TC_SHEET_THICK()
N770X17.748Y7.352
N780TC_LASER_ON(6,"T2D-5414B",0,400)
N790G03X-0.448Y-0.004I0J-25.1
N800X-1.79Y-0.096I0.448J-25.096
N810X-1.983Y-0.257I2.238J-25
N820X-20.779Y-22.504I4.221J-24.743
N830X-0.1Y-2.238I25J-2.238
N840TC_LASER_OFF(1)
N850G01Y-65
N860X7.352Y-17.748
N870TC_SHEET_THICK()
N880X-7.352Y17.748
N890TC_LASER_ON(6,"T2D-5414B",0,400)
N900G03X0.004Y-0.448I25.1J0
N910X0.096Y-1.79I25.096J0.448
N920X0.257Y-1.983I25J2.238
N930X22.504Y-20.779I24.743J4.221
N940X2.238Y-0.1I2.238J25
N950TC_LASER_OFF(1)
N960G01
N970G90
N980M17
N990M02
STOP_TEXT
C
DA,'L138089','UP',,
START_TEXT
N10G91
N20G01X0.1Y-0.002
N30TC_POS_LEVEL(40.0)
N40TC_LASER_ON(1,"T2D-5414B",10,110)
N50X-0.247Y-9.897
N60TC_LASER_ON(5,"T2D-5414B",0,100)
N70G03X0.147Y19.799I0.147J9.899
N80X0.206Y-19.798I0J-9.9
N90G01X0.04Y0.043
N100TC_LASER_OFF(1)
N110X-0.146Y74.853
N120TC_LASER_ON(1,"T2D-5414B",10,110)
N130X-0.247Y-9.897
N140TC_LASER_ON(5,"T2D-5414B",0,100)
N150G03X0.147Y19.799I0.147J9.899
N160X0.206Y-19.798I0J-9.9
N170G01X0.04Y0.043
N180TC_LASER_OFF(1)
N190X55.145Y-50.06
N200TC_LASER_ON(1,"T2D-5414B",10,110)
N210Y-8
N220TC_LASER_ON(5,"T2D-5414B",0,100)
N230Y-9.9
N240X19.8
N250Y9.976
N260G03X26.165Y26.166I-9.9J36.066
N270G01X28.935
N280G03Y19.8I0J9.9
N290G01X-28.935
N300G03X-26.165Y26.166I-36.065J-9.9
N310G01Y9.976
N320X-19.8
N330Y-9.976
N340G03X-26.166Y-26.166I9.9J-36.066
N350G01X-28.934
N360G03Y-19.8I0J-9.9
N370G01X28.934
N380G03X26.092Y-26.146I36.066J9.9
N390G01X0.097Y-0.027
N400TC_LASER_OFF(1)
N410X74.686Y67.844
N420TC_LASER_ON(1,"T2D-5414B",10,110)
N430X-0.247Y-9.897
N440TC_LASER_ON(5,"T2D-5414B",0,100)
N450G03X0.147Y19.799I0.147J9.899
N460X0.206Y-19.798I0J-9.9
N470G01X0.04Y0.043
N480TC_LASER_OFF(1)
N490X-0.146Y-55.147
N500TC_LASER_ON(1,"T2D-5414B",10,110)
N510X-0.247Y-9.897
N520TC_LASER_ON(5,"T2D-5414B",0,100)
N530G03X0.147Y19.799I0.147J9.899
N540X0.206Y-19.798I0J-9.9
N550G01X0.04Y0.043
N560TC_LASER_OFF(1)
N570X-0.246Y-15.245
N580X17.748Y7.352
N590TC_SHEET_THICK()
N600X-17.748Y-7.352
N610TC_LASER_ON(6,"T2D-5414B",0,110)
N620G03X0.448Y0.004I0J25.1
N630TC_LASER_ON(6,"T2D-5414B",0,100)
N640X1.79Y0.096I-0.448J25.096
N650TC_LASER_ON(5,"T2D-5414B",0,100)
N660X1.983Y0.257I-2.238J25
N670X20.779Y22.504I-4.221J24.743
N680TC_LASER_ON(6,"T2D-5414B",0,100)
N690X0.1Y2.238I-25J2.238
N700TC_LASER_OFF(1)
N710G01Y65
N720X-7.352Y17.748
N730TC_SHEET_THICK()
N740X7.352Y-17.748
N750TC_LASER_ON(6,"T2D-5414B",0,110)
N760G03X-0.004Y0.448I-25.1J0
N770TC_LASER_ON(6,"T2D-5414B",0,100)
N780X-0.096Y1.79I-25.096J-0.448
N790TC_LASER_ON(5,"T2D-5414B",0,100)
N800X-0.257Y1.983I-25J-2.238
N810X-22.504Y20.779I-24.743J-4.221
N820TC_LASER_ON(6,"T2D-5414B",0,100)
N830X-2.238Y0.1I-2.238J-25
N840TC_LASER_OFF(1)
N850G01X-130
N860X-17.748Y-7.352
N870TC_SHEET_THICK()
N880X17.748Y7.352
N890TC_LASER_ON(6,"T2D-5414B",0,110)
N900G03X-0.448Y-0.004I0J-25.1
N910TC_LASER_ON(6,"T2D-5414B",0,100)
N920X-1.79Y-0.096I0.448J-25.096
N930TC_LASER_ON(5,"T2D-5414B",0,100)
N940X-1.983Y-0.257I2.238J-25
N950X-20.779Y-22.504I4.221J-24.743
N960TC_LASER_ON(6,"T2D-5414B",0,100)
N970X-0.1Y-2.238I25J-2.238
N980TC_LASER_OFF(1)
N990G01Y-65
N1000X7.352Y-17.748
N1010TC_SHEET_THICK()
N1020X-7.352Y17.748
N1030TC_LASER_ON(6,"T2D-5414B",0,110)
N1040G03X0.004Y-0.448I25.1J0
N1050TC_LASER_ON(6,"T2D-5414B",0,100)
N1060X0.096Y-1.79I25.096J0.448
N1070TC_LASER_ON(5,"T2D-5414B",0,100)
N1080X0.257Y-1.983I25J2.238
N1090X22.504Y-20.779I24.743J4.221
N1100TC_LASER_ON(6,"T2D-5414B",0,100)
N1110X2.238Y-0.1I2.238J25
N1120TC_LASER_OFF(1)
N1130G01
N1140G90
N1150M17
N1160M02
STOP_TEXT
C
DA,'38089','HP',,
START_TEXT
N10MSG("PROGRAM NUMBER,38089")
N20MSG("SHEET Al99 : 180.0 x 115.0 x 0.8")
N30MSG("MSG,PART #:Pieza_prueba_Maxwell_2 QTY 1")
N40G71
N50F240000
N60TC_POS_LEVEL(40.0)
N70TC_SHEET_TECH("SHT-1")
N80TC_SHEET_LOAD("SHL-1")
N90 ;GOTOF ENTRY_LASER
N100;ENTRY_LASER:
N110;(PART NUMBER: L138089  Pieza_prueba_Maxwell_2 NUMBER:1)
N120G01X25Y25
N130LV138089
N140G01X25Y25
N150L138089
N160TC_LASER_OFF(2)
N170M30
STOP_TEXT
ENDE_PROGRAMM
ED


