BD
SET_METRIC
C
BEGIN_EINRICHTEPLAN_INFO
C
ZA,MM,2
MM,AT,1, 60,1,1,,,,,T
MM,AT,1,170,1,1,,,,,T
ZA,DA,1
C
DA,38090,1
C
ENDE_EINRICHTEPLAN_INFO
C
BEGIN_SHEET_TECH
C
ZA,MM,7
MM,AT,1,10,1,1,,,,,T
MM,AT,1,20,1,1,,,,'mm',Z
MM,AT,1,30,1,1,,,,'mm',Z
MM,AT,1,40,1,1,,,,'mm',Z
MM,AT,1,220,1,1,,,,'mm',Z
MM,AT,1,230,1,1,,,,'mm',Z
MM,AT,1,240,1,1,,'Materialkennung',,'',T
C
ZA,DA,1
DA,'SHT-1',225.3,87.0,0.8,225.3,87.0,'Al99'
C
ENDE_SHEET_TECH
C
BEGIN_SHEET_LOAD
C
ZA,MM,10
MM,AT,1,10,1,1,,'Table identifier',,,T
MM,AT,1,500,1,1,,'Loading unit',,,Z
MM,AT,1,620,1,1,,'Sheet stopper',,,Z
MM,AT,1,630,1,1,,'Measure sheet position',,,Z
MM,AT,1,640,1,1,,'Measure range in X',,'mm',Z
MM,AT,1,650,1,1,,'Measure range in Y',,'mm',Z
MM,AT,1,660,1,1,,'Calibration',,'Bool',Z
MM,AT,1,690,1,1,,'Type of pallet change',,,Z
MM,AT,1,700,1,1,,'Measuring Corner',,,Z
MM,AT,1,710,1,1,,,,,Z
C
ZA,DA,1
DA,'SHL-1',1,1,1,50.0,50.0,1,0,1,1
C
ENDE_SHEET_LOAD
C
BEGIN_LTT_CALLS
C
ZA,MM,1
MM,AT,1,10,1,1,,,,,T
C
ZA,DA,1
DA,'T2D-5414B'
C
ENDE_LTT_CALLS
C
BEGIN_PROGRAMM
C
ZA,MM,4
MM,AT,1, 10,1,1,,,,,T
MM,AT,1, 20,1,1,,,,,T
MM,AT,1, 30,1,1,,,,,T
MM,AT,1, 40,1,1,,,,,Z
C
ZA,DA,3
DA,'LV138090','UP',,
START_TEXT
N10G91
N20G01X0.1
N30TC_POS_LEVEL(40.0)
N40Y-20
N50TC_SHEET_THICK()
N60Y23
N70TC_LASER_ON(6,"T2D-5414B",0,400)
N80Y-0.6
N90Y-2.4
N100Y-3.9
N110X21.8
N120Y6.9
N130TC_LASER_OFF(1)
N140X12.147Y-2.912
N150X17.6Y-9.5
N160TC_SHEET_THICK()
N170X-20.24Y10.925
N180TC_LASER_ON(6,"T2D-5414B",0,400)
N190X1.76Y-0.95
N200X18.48Y-9.975
N210X23.522Y-12.697
N220G03X46.034Y-5.985I30.831J57.109
N230G01X17.754Y18.194
N240X10.661
N250X1.47Y-12
N260X9.823
N270X1.47Y12
N280X11.444
N290X0.287Y-5.564
N300G03X15.181Y-5.829I8.888J0.464
N310G01X8.807Y8.805
N320Y-8.412
N330G02X-62.281Y-62.502I-92.1J55.901
N340G03X-31.594Y-3.587I-15.819J-1.598
N350X0.012Y-0.098I15.775J1.989
N360G02X-65.368Y20.098I1.763J122.088
N370X-3.381Y2.307I67.131J101.99
N380G03X-12.194Y9.859I-5.488J5.682
N390G02X-14.166Y15.497I82.706J89.824
N400X-20.096Y39.297I96.872J74.327
N410TC_LASER_OFF(1)
N420G01
N430G90
N440M17
N450M02
STOP_TEXT
C
DA,'L138090','UP',,
START_TEXT
N10G91
N20G01X0.1
N30TC_POS_LEVEL(40.0)
N40Y-20
N50TC_SHEET_THICK()
N60Y23
N70TC_LASER_ON(6,"T2D-5414B",0,110)
N80Y-0.6
N90TC_LASER_ON(6,"T2D-5414B",0,100)
N100Y-2.4
N110TC_LASER_ON(5,"T2D-5414B",0,100)
N120Y-3.9
N130X21.8
N140Y6.9
N150TC_LASER_OFF(1)
N160X12.147Y-2.912
N170X17.6Y-9.5
N180TC_SHEET_THICK()
N190X-20.24Y10.925
N200TC_LASER_ON(6,"T2D-5414B",0,110)
N210X1.76Y-0.95
N220TC_LASER_ON(6,"T2D-5414B",0,100)
N230X18.48Y-9.975
N240TC_LASER_ON(5,"T2D-5414B",0,100)
N250X23.522Y-12.697
N260G03X46.034Y-5.985I30.831J57.109
N270G01X17.754Y18.194
N280X10.661
N290X1.47Y-12
N300X9.823
N310X1.47Y12
N320X11.444
N330X0.287Y-5.564
N340G03X15.181Y-5.829I8.888J0.464
N350G01X8.807Y8.805
N360Y-8.412
N370G02X-62.281Y-62.502I-92.1J55.901
N380G03X-31.594Y-3.587I-15.819J-1.598
N390TC_LASER_ON(6,"T2D-5414B",0,100)
N400X0.012Y-0.098I15.775J1.989
N410G02X-65.368Y20.098I1.763J122.088
N420TC_LASER_ON(5,"T2D-5414B",0,100)
N430X-3.381Y2.307I67.131J101.99
N440G03X-12.194Y9.859I-5.488J5.682
N450G02X-14.166Y15.497I82.706J89.824
N460TC_LASER_ON(6,"T2D-5414B",0,100)
N470X-20.096Y39.297I96.872J74.327
N480TC_LASER_OFF(1)
N490G01
N500G90
N510M17
N520M02
STOP_TEXT
C
DA,'38090','HP',,
START_TEXT
N10MSG("PROGRAM NUMBER,38090")
N20MSG("SHEET Al99 : 225.3 x 87.0 x 0.8")
N30MSG("MSG,PART #:DXFPART7 QTY 1")
N40G71
N50F240000
N60TC_POS_LEVEL(40.0)
N70TC_SHEET_TECH("SHT-1")
N80TC_SHEET_LOAD("SHL-1")
N90 ;GOTOF ENTRY_LASER
N100;ENTRY_LASER:
N110;(PART NUMBER: L138090  DXFPART7 NUMBER:1)
N120G01X10.872Y86.989
N130LV138090
N140G01X10.872Y86.989
N150L138090
N160TC_LASER_OFF(2)
N170M30
STOP_TEXT
ENDE_PROGRAMM
ED


