BD
SET_METRIC
C
BEGIN_EINRICHTEPLAN_INFO
C
ZA,MM,2
MM,AT,1, 60,1,1,,,,,T
MM,AT,1,170,1,1,,,,,T
ZA,DA,1
C
DA,38091,1
C
ENDE_EINRICHTEPLAN_INFO
C
BEGIN_SHEET_TECH
C
ZA,MM,7
MM,AT,1,10,1,1,,,,,T
MM,AT,1,20,1,1,,,,'mm',Z
MM,AT,1,30,1,1,,,,'mm',Z
MM,AT,1,40,1,1,,,,'mm',Z
MM,AT,1,220,1,1,,,,'mm',Z
MM,AT,1,230,1,1,,,,'mm',Z
MM,AT,1,240,1,1,,'Materialkennung',,'',T
C
ZA,DA,1
DA,'SHT-1',293.0,162.0,0.8,293.0,162.0,'Al99'
C
ENDE_SHEET_TECH
C
BEGIN_SHEET_LOAD
C
ZA,MM,10
MM,AT,1,10,1,1,,'Table identifier',,,T
MM,AT,1,500,1,1,,'Loading unit',,,Z
MM,AT,1,620,1,1,,'Sheet stopper',,,Z
MM,AT,1,630,1,1,,'Measure sheet position',,,Z
MM,AT,1,640,1,1,,'Measure range in X',,'mm',Z
MM,AT,1,650,1,1,,'Measure range in Y',,'mm',Z
MM,AT,1,660,1,1,,'Calibration',,'Bool',Z
MM,AT,1,690,1,1,,'Type of pallet change',,,Z
MM,AT,1,700,1,1,,'Measuring Corner',,,Z
MM,AT,1,710,1,1,,,,,Z
C
ZA,DA,1
DA,'SHL-1',1,1,1,50.0,50.0,1,0,1,1
C
ENDE_SHEET_LOAD
C
BEGIN_LTT_CALLS
C
ZA,MM,1
MM,AT,1,10,1,1,,,,,T
C
ZA,DA,1
DA,'T2D-5414B'
C
ENDE_LTT_CALLS
C
BEGIN_PROGRAMM
C
ZA,MM,4
MM,AT,1, 10,1,1,,,,,T
MM,AT,1, 20,1,1,,,,,T
MM,AT,1, 30,1,1,,,,,T
MM,AT,1, 40,1,1,,,,,Z
C
ZA,DA,3
DA,'LV138091','UP',,
START_TEXT
N10G91
N20G01X0.1Y-0.008
N30TC_POS_LEVEL(40.0)
N40TC_LASER_ON(6,"T2D-5414B",0,400)
N50X-0.242Y-2.989
N60G03X0.142Y5.997I0.142J2.997
N70X0.201Y-5.993I0J-3
N80G01X0.037Y0.044
N90TC_LASER_OFF(1)
N100X17.161Y-8.062
N110TC_LASER_ON(6,"T2D-5414B",0,400)
N120X-0.238Y-2.135
N130G03X0.139Y4.296I0.139J2.146
N140X0.198Y-4.291I0J-2.15
N150G01X0.036Y0.045
N160TC_LASER_OFF(1)
N170X6.237Y22.656
N180TC_LASER_ON(6,"T2D-5414B",0,400)
N190X-0.238Y-2.134
N200G03X0.139Y4.295I0.139J2.145
N210X0.197Y-4.291I0J-2.15
N220G01X0.037Y0.046
N230TC_LASER_OFF(1)
N240X9.929Y-4.456
N250TC_LASER_ON(6,"T2D-5414B",0,400)
N260X-0.233Y-1.478
N270G03X0.134Y2.994I0.134J1.494
N280X0.193Y-2.988I0J-1.5
N290G01X0.034Y0.047
N300TC_LASER_OFF(1)
N310X9.936Y-5.106
N320TC_LASER_ON(6,"T2D-5414B",0,400)
N330X-0.238Y-2.135
N340G03X0.139Y4.296I0.139J2.146
N350X0.198Y-4.291I0J-2.15
N360G01X0.036Y0.045
N370TC_LASER_OFF(1)
N380X4.865Y14.166
N390TC_LASER_ON(6,"T2D-5414B",0,400)
N400X-8.386Y5.446
N410G03X-2.615Y-4.025I-1.308J-2.012
N420G01X13.838Y-8.987
N430G03X5.338Y8.219I2.669J4.11
N440G01X-27.257Y17.701
N450G03X-5.337Y-8.219I-2.669J-4.11
N460G01X13.838Y-8.987
N470G02X-0.109Y-0.167I-0.055J-0.083
N480G01X-0.084Y0.054
N490TC_LASER_OFF(1)
N500X26.274Y-20.616
N510TC_LASER_ON(6,"T2D-5414B",0,400)
N520X-0.238Y-2.135
N530G03X0.139Y4.296I0.139J2.146
N540X0.198Y-4.291I0J-2.15
N550G01X0.036Y0.045
N560TC_LASER_OFF(1)
N570X5.316Y42.396
N580TC_LASER_ON(6,"T2D-5414B",0,400)
N590Y-4.9
N600X-3.3
N610Y9.8
N620X6.3
N630Y-9.8
N640X-3.359
N650X-0.07Y0.071
N660TC_LASER_OFF(1)
N670X-27.081Y42.396
N680TC_LASER_ON(6,"T2D-5414B",0,400)
N690X-1.326Y-1.326
N700G03X0.142Y-0.142I0.071J-0.071
N710G01X2.545Y2.546
N720G03X-0.424Y0.424I-0.212J0.212
N730G01X-4.738Y-4.737
N740G03X0.424Y-0.425I0.212J-0.213
N750G01X2.546Y2.546
N760G02X0.141Y-0.142I0.071J-0.071
N770G01X-0.07Y-0.07
N780TC_LASER_OFF(1)
N790X-34.28Y-38.049
N800TC_LASER_ON(6,"T2D-5414B",0,400)
N810X-0.242Y-2.989
N820G03X0.142Y5.997I0.142J2.997
N830X0.201Y-5.993I0J-3
N840G01X0.037Y0.044
N850TC_LASER_OFF(1)
N860X73.861Y73.435
N870TC_LASER_ON(6,"T2D-5414B",0,400)
N880X-0.235Y-1.63
N890G03X0.136Y3.294I0.136J1.644
N900X0.194Y-3.289I0J-1.65
N910G01X0.035Y0.047
N920TC_LASER_OFF(1)
N930X38.146Y2.45
N940TC_LASER_ON(6,"T2D-5414B",0,400)
N950X1.875
N960G02Y-0.2I0J-0.1
N970G01X-3.6
N980G02Y0.6I0J0.3
N990G01X6.7
N1000G02Y-0.6I0J-0.3
N1010G01X-3.6
N1020G03Y-0.2I0J-0.1
N1030G01X0.1
N1040TC_LASER_OFF(1)
N1050X40.249Y-0.472
N1060TC_LASER_ON(6,"T2D-5414B",0,400)
N1070X-0.235Y-1.63
N1080G03X0.136Y3.294I0.136J1.644
N1090X0.194Y-3.289I0J-1.65
N1100G01X0.035Y0.047
N1110TC_LASER_OFF(1)
N1120X38.631Y-29.541
N1130TC_LASER_ON(6,"T2D-5414B",0,400)
N1140X1.326Y-1.326
N1150G02X-0.142Y-0.142I-0.071J-0.071
N1160G01X-2.545Y2.546
N1170G02X0.424Y0.424I0.212J0.212
N1180G01X4.738Y-4.737
N1190G02X-0.424Y-0.425I-0.212J-0.213
N1200G01X-2.546Y2.546
N1210G03X-0.141Y-0.142I-0.071J-0.071
N1220G01X0.07Y-0.07
N1230TC_LASER_OFF(1)
N1240X-27.97Y-36.241
N1250TC_LASER_ON(6,"T2D-5414B",0,400)
N1260Y-4.9
N1270X-3.3
N1280Y9.8
N1290X6.3
N1300Y-9.8
N1310X-3.359
N1320X-0.07Y0.071
N1330TC_LASER_OFF(1)
N1340X62.879Y3.021
N1350TC_LASER_ON(6,"T2D-5414B",0,400)
N1360X-0.242Y-2.989
N1370G03X0.142Y5.997I0.142J2.997
N1380X0.201Y-5.993I0J-3
N1390G01X0.037Y0.044
N1400TC_LASER_OFF(1)
N1410X7.062Y-24.559
N1420TC_LASER_ON(6,"T2D-5414B",0,400)
N1430X-0.242Y-2.989
N1440G03X0.142Y5.997I0.142J2.997
N1450X0.201Y-5.993I0J-3
N1460G01X0.037Y0.044
N1470TC_LASER_OFF(1)
N1480X-53.241Y-37.076
N1490TC_LASER_ON(6,"T2D-5414B",0,400)
N1500X-0.221Y-0.866
N1510G03X0.124Y1.791I0.124J0.891
N1520X0.183Y-1.781I0J-0.9
N1530G01X0.029Y0.049
N1540TC_LASER_OFF(1)
N1550X-3.515Y0.807
N1560TC_LASER_ON(6,"T2D-5414B",0,400)
N1570X-0.221Y-0.866
N1580G03X0.124Y1.791I0.124J0.891
N1590X0.183Y-1.781I0J-0.9
N1600G01X0.029Y0.049
N1610TC_LASER_OFF(1)
N1620X-3.515Y0.807
N1630TC_LASER_ON(6,"T2D-5414B",0,400)
N1640X-0.221Y-0.866
N1650G03X0.124Y1.791I0.124J0.891
N1660X0.183Y-1.781I0J-0.9
N1670G01X0.029Y0.049
N1680TC_LASER_OFF(1)
N1690X-3.515Y0.807
N1700TC_LASER_ON(6,"T2D-5414B",0,400)
N1710X-0.221Y-0.866
N1720G03X0.124Y1.791I0.124J0.891
N1730X0.183Y-1.781I0J-0.9
N1740G01X0.029Y0.049
N1750TC_LASER_OFF(1)
N1760X-1.712Y-9.168
N1770Y20
N1780TC_SHEET_THICK()
N1790Y-23
N1800TC_LASER_ON(6,"T2D-5414B",0,400)
N1810Y0.6
N1820Y2.4
N1830Y9.9
N1840X-6.3
N1850Y-12.9
N1860TC_LASER_OFF(1)
N1870X25.8Y3
N1880Y20
N1890TC_SHEET_THICK()
N1900Y-23
N1910TC_LASER_ON(6,"T2D-5414B",0,400)
N1920Y0.6
N1930Y2.4
N1940Y9.9
N1950X-6.3
N1960Y-12.9
N1970TC_LASER_OFF(1)
N1980X76.9Y18.4
N1990X-20
N2000TC_SHEET_THICK()
N2010X23
N2020TC_LASER_ON(6,"T2D-5414B",0,400)
N2030X-0.6
N2040X-2.4
N2050X-9.4
N2060Y-13
N2070X-10.8
N2080Y-5.4
N2090TC_LASER_OFF(1)
N2100X-252.6Y3
N2110Y20
N2120TC_SHEET_THICK()
N2130Y-20
N2140TC_LASER_ON(6,"T2D-5414B",0,400)
N2150Y2.4
N2160X-10.8
N2170Y13
N2180X-12.4
N2190TC_LASER_OFF(1)
N2200X98.9Y-15.4
N2210Y20
N2220TC_SHEET_THICK()
N2230Y-23
N2240TC_LASER_ON(6,"T2D-5414B",0,400)
N2250Y0.6
N2260Y2.4
N2270Y11.9
N2280X-59.8
N2290Y-14.9
N2300TC_LASER_OFF(1)
N2310X146Y165
N2320Y-20
N2330TC_SHEET_THICK()
N2340Y23
N2350TC_LASER_ON(6,"T2D-5414B",0,400)
N2360Y-0.6
N2370Y-2.4
N2380Y-9.4
N2390X23.941
N2400X59.559Y-59.559
N2410Y-29.3
N2420X7.2Y-7.2
N2430Y-11.941
N2440X9.6
N2450Y-12.5
N2460X13.6
N2470TC_LASER_OFF(1)
N2480X-296
N2490X20
N2500TC_SHEET_THICK()
N2510X-23
N2520TC_LASER_ON(6,"T2D-5414B",0,400)
N2530X0.6
N2540X2.4
N2550X10.6
N2560Y12.5
N2570X9.6
N2580Y11.941
N2590X7.2Y7.2
N2600Y29.3
N2610X59.559Y59.559
N2620X23.941
N2630Y12.4
N2640TC_LASER_OFF(1)
N2650G01
N2660G90
N2670M17
N2680M02
STOP_TEXT
C
DA,'L138091','UP',,
START_TEXT
N10G91
N20G01X0.1Y-0.008
N30TC_POS_LEVEL(40.0)
N40TC_LASER_ON(1,"T2D-5414B",10,110)
N50X-0.242Y-2.989
N60TC_LASER_ON(5,"T2D-5414B",0,100)
N70G03X0.142Y5.997I0.142J2.997
N80X0.201Y-5.993I0J-3
N90G01X0.037Y0.044
N100TC_LASER_OFF(1)
N110X17.161Y-8.062
N120TC_LASER_ON(1,"T2D-5414B",10,110)
N130X-0.238Y-2.135
N140TC_LASER_ON(5,"T2D-5414B",0,100)
N150G03X0.139Y4.296I0.139J2.146
N160X0.198Y-4.291I0J-2.15
N170G01X0.036Y0.045
N180TC_LASER_OFF(1)
N190X6.237Y22.656
N200TC_LASER_ON(1,"T2D-5414B",10,110)
N210X-0.238Y-2.134
N220TC_LASER_ON(5,"T2D-5414B",0,100)
N230G03X0.139Y4.295I0.139J2.145
N240X0.197Y-4.291I0J-2.15
N250G01X0.037Y0.046
N260TC_LASER_OFF(1)
N270X9.929Y-4.456
N280TC_LASER_ON(1,"T2D-5414B",10,110)
N290X-0.233Y-1.478
N300TC_LASER_ON(5,"T2D-5414B",0,100)
N310G03X0.134Y2.994I0.134J1.494
N320X0.193Y-2.988I0J-1.5
N330G01X0.034Y0.047
N340TC_LASER_OFF(1)
N350X9.936Y-5.106
N360TC_LASER_ON(1,"T2D-5414B",10,110)
N370X-0.238Y-2.135
N380TC_LASER_ON(5,"T2D-5414B",0,100)
N390G03X0.139Y4.296I0.139J2.146
N400X0.198Y-4.291I0J-2.15
N410G01X0.036Y0.045
N420TC_LASER_OFF(1)
N430X4.865Y14.166
N440TC_LASER_ON(1,"T2D-5414B",10,110)
N450X-8.386Y5.446
N460TC_LASER_ON(5,"T2D-5414B",0,100)
N470G03X-2.615Y-4.025I-1.308J-2.012
N480G01X13.838Y-8.987
N490G03X5.338Y8.219I2.669J4.11
N500G01X-27.257Y17.701
N510G03X-5.337Y-8.219I-2.669J-4.11
N520G01X13.838Y-8.987
N530G02X-0.109Y-0.167I-0.055J-0.083
N540G01X-0.084Y0.054
N550TC_LASER_OFF(1)
N560X26.274Y-20.616
N570TC_LASER_ON(1,"T2D-5414B",10,110)
N580X-0.238Y-2.135
N590TC_LASER_ON(5,"T2D-5414B",0,100)
N600G03X0.139Y4.296I0.139J2.146
N610X0.198Y-4.291I0J-2.15
N620G01X0.036Y0.045
N630TC_LASER_OFF(1)
N640X5.316Y42.396
N650TC_LASER_ON(1,"T2D-5414B",10,110)
N660Y-4.9
N670TC_LASER_ON(5,"T2D-5414B",0,100)
N680X-3.3
N690Y9.8
N700X6.3
N710Y-9.8
N720X-3.359
N730X-0.07Y0.071
N740TC_LASER_OFF(1)
N750X-27.081Y42.396
N760TC_LASER_ON(1,"T2D-5414B",10,110)
N770X-1.326Y-1.326
N780TC_LASER_ON(5,"T2D-5414B",0,100)
N790G03X0.142Y-0.142I0.071J-0.071
N800G01X2.545Y2.546
N810G03X-0.424Y0.424I-0.212J0.212
N820G01X-4.738Y-4.737
N830G03X0.424Y-0.425I0.212J-0.213
N840G01X2.546Y2.546
N850G02X0.141Y-0.142I0.071J-0.071
N860G01X-0.07Y-0.07
N870TC_LASER_OFF(1)
N880X-34.28Y-38.049
N890TC_LASER_ON(1,"T2D-5414B",10,110)
N900X-0.242Y-2.989
N910TC_LASER_ON(5,"T2D-5414B",0,100)
N920G03X0.142Y5.997I0.142J2.997
N930X0.201Y-5.993I0J-3
N940G01X0.037Y0.044
N950TC_LASER_OFF(1)
N960X73.861Y73.435
N970TC_LASER_ON(1,"T2D-5414B",10,110)
N980X-0.235Y-1.63
N990TC_LASER_ON(5,"T2D-5414B",0,100)
N1000G03X0.136Y3.294I0.136J1.644
N1010X0.194Y-3.289I0J-1.65
N1020G01X0.035Y0.047
N1030TC_LASER_OFF(1)
N1040X38.146Y2.45
N1050TC_LASER_ON(1,"T2D-5414B",10,110)
N1060X1.875
N1070TC_LASER_ON(5,"T2D-5414B",0,100)
N1080G02Y-0.2I0J-0.1
N1090G01X-3.6
N1100G02Y0.6I0J0.3
N1110G01X6.7
N1120G02Y-0.6I0J-0.3
N1130G01X-3.6
N1140G03Y-0.2I0J-0.1
N1150G01X0.1
N1160TC_LASER_OFF(1)
N1170X40.249Y-0.472
N1180TC_LASER_ON(1,"T2D-5414B",10,110)
N1190X-0.235Y-1.63
N1200TC_LASER_ON(5,"T2D-5414B",0,100)
N1210G03X0.136Y3.294I0.136J1.644
N1220X0.194Y-3.289I0J-1.65
N1230G01X0.035Y0.047
N1240TC_LASER_OFF(1)
N1250X38.631Y-29.541
N1260TC_LASER_ON(1,"T2D-5414B",10,110)
N1270X1.326Y-1.326
N1280TC_LASER_ON(5,"T2D-5414B",0,100)
N1290G02X-0.142Y-0.142I-0.071J-0.071
N1300G01X-2.545Y2.546
N1310G02X0.424Y0.424I0.212J0.212
N1320G01X4.738Y-4.737
N1330G02X-0.424Y-0.425I-0.212J-0.213
N1340G01X-2.546Y2.546
N1350G03X-0.141Y-0.142I-0.071J-0.071
N1360G01X0.07Y-0.07
N1370TC_LASER_OFF(1)
N1380X-27.97Y-36.241
N1390TC_LASER_ON(1,"T2D-5414B",10,110)
N1400Y-4.9
N1410TC_LASER_ON(5,"T2D-5414B",0,100)
N1420X-3.3
N1430Y9.8
N1440X6.3
N1450Y-9.8
N1460X-3.359
N1470X-0.07Y0.071
N1480TC_LASER_OFF(1)
N1490X62.879Y3.021
N1500TC_LASER_ON(1,"T2D-5414B",10,110)
N1510X-0.242Y-2.989
N1520TC_LASER_ON(5,"T2D-5414B",0,100)
N1530G03X0.142Y5.997I0.142J2.997
N1540X0.201Y-5.993I0J-3
N1550G01X0.037Y0.044
N1560TC_LASER_OFF(1)
N1570X7.062Y-24.559
N1580TC_LASER_ON(1,"T2D-5414B",10,110)
N1590X-0.242Y-2.989
N1600TC_LASER_ON(5,"T2D-5414B",0,100)
N1610G03X0.142Y5.997I0.142J2.997
N1620X0.201Y-5.993I0J-3
N1630G01X0.037Y0.044
N1640TC_LASER_OFF(1)
N1650X-53.241Y-37.076
N1660TC_LASER_ON(1,"T2D-5414B",10,110)
N1670X-0.221Y-0.866
N1680TC_LASER_ON(5,"T2D-5414B",0,100)
N1690G03X0.124Y1.791I0.124J0.891
N1700X0.183Y-1.781I0J-0.9
N1710G01X0.029Y0.049
N1720TC_LASER_OFF(1)
N1730X-3.515Y0.807
N1740TC_LASER_ON(1,"T2D-5414B",10,110)
N1750X-0.221Y-0.866
N1760TC_LASER_ON(5,"T2D-5414B",0,100)
N1770G03X0.124Y1.791I0.124J0.891
N1780X0.183Y-1.781I0J-0.9
N1790G01X0.029Y0.049
N1800TC_LASER_OFF(1)
N1810X-3.515Y0.807
N1820TC_LASER_ON(1,"T2D-5414B",10,110)
N1830X-0.221Y-0.866
N1840TC_LASER_ON(5,"T2D-5414B",0,100)
N1850G03X0.124Y1.791I0.124J0.891
N1860X0.183Y-1.781I0J-0.9
N1870G01X0.029Y0.049
N1880TC_LASER_OFF(1)
N1890X-3.515Y0.807
N1900TC_LASER_ON(1,"T2D-5414B",10,110)
N1910X-0.221Y-0.866
N1920TC_LASER_ON(5,"T2D-5414B",0,100)
N1930G03X0.124Y1.791I0.124J0.891
N1940X0.183Y-1.781I0J-0.9
N1950G01X0.029Y0.049
N1960TC_LASER_OFF(1)
N1970X-1.712Y-9.168
N1980Y20
N1990TC_SHEET_THICK()
N2000Y-23
N2010TC_LASER_ON(6,"T2D-5414B",0,110)
N2020Y0.6
N2030TC_LASER_ON(6,"T2D-5414B",0,100)
N2040Y2.4
N2050TC_LASER_ON(5,"T2D-5414B",0,100)
N2060Y9.9
N2070X-6.3
N2080Y-12.9
N2090TC_LASER_OFF(1)
N2100X25.8Y3
N2110Y20
N2120TC_SHEET_THICK()
N2130Y-23
N2140TC_LASER_ON(6,"T2D-5414B",0,110)
N2150Y0.6
N2160TC_LASER_ON(6,"T2D-5414B",0,100)
N2170Y2.4
N2180TC_LASER_ON(5,"T2D-5414B",0,100)
N2190Y9.9
N2200X-6.3
N2210Y-12.9
N2220TC_LASER_OFF(1)
N2230X76.9Y18.4
N2240X-20
N2250TC_SHEET_THICK()
N2260X23
N2270TC_LASER_ON(6,"T2D-5414B",0,110)
N2280X-0.6
N2290TC_LASER_ON(6,"T2D-5414B",0,100)
N2300X-2.4
N2310TC_LASER_ON(5,"T2D-5414B",0,100)
N2320X-9.4
N2330Y-13
N2340X-10.8
N2350Y-5.4
N2360TC_LASER_OFF(1)
N2370X-252.6Y3
N2380Y20
N2390TC_SHEET_THICK()
N2400Y-20
N2410TC_LASER_ON(5,"T2D-5414B",0,100)
N2420Y2.4
N2430X-10.8
N2440Y13
N2450X-12.4
N2460TC_LASER_OFF(1)
N2470X98.9Y-15.4
N2480Y20
N2490TC_SHEET_THICK()
N2500Y-23
N2510TC_LASER_ON(6,"T2D-5414B",0,110)
N2520Y0.6
N2530TC_LASER_ON(6,"T2D-5414B",0,100)
N2540Y2.4
N2550TC_LASER_ON(5,"T2D-5414B",0,100)
N2560Y11.9
N2570X-59.8
N2580Y-14.9
N2590TC_LASER_OFF(1)
N2600X146Y165
N2610Y-20
N2620TC_SHEET_THICK()
N2630Y23
N2640TC_LASER_ON(6,"T2D-5414B",0,110)
N2650Y-0.6
N2660TC_LASER_ON(6,"T2D-5414B",0,100)
N2670Y-2.4
N2680TC_LASER_ON(5,"T2D-5414B",0,100)
N2690Y-9.4
N2700X23.941
N2710X59.559Y-59.559
N2720Y-29.3
N2730X7.2Y-7.2
N2740Y-11.941
N2750X9.6
N2760Y-12.5
N2770X13.6
N2780TC_LASER_OFF(1)
N2790X-296
N2800X20
N2810TC_SHEET_THICK()
N2820X-23
N2830TC_LASER_ON(6,"T2D-5414B",0,110)
N2840X0.6
N2850TC_LASER_ON(6,"T2D-5414B",0,100)
N2860X2.4
N2870TC_LASER_ON(5,"T2D-5414B",0,100)
N2880X10.6
N2890Y12.5
N2900X9.6
N2910Y11.941
N2920X7.2Y7.2
N2930Y29.3
N2940X59.559Y59.559
N2950X23.941
N2960Y12.4
N2970TC_LASER_OFF(1)
N2980G01
N2990G90
N3000M17
N3010M02
STOP_TEXT
C
DA,'38091','HP',,
START_TEXT
N10MSG("PROGRAM NUMBER,38091")
N20MSG("SHEET Al99 : 293.0 x 162.0 x 0.8")
N30MSG("MSG,PART #:DXFPUNC0 QTY 1")
N40G71
N50F240000
N60TC_POS_LEVEL(40.0)
N70TC_SHEET_TECH("SHT-1")
N80TC_SHEET_LOAD("SHL-1")
N90 ;GOTOF ENTRY_LASER
N100;ENTRY_LASER:
N110;(PART NUMBER: L138091  DXFPUNC0 NUMBER:1)
N120G01X25.3Y50
N130LV138091
N140G01X25.3Y50
N150L138091
N160TC_LASER_OFF(2)
N170M30
STOP_TEXT
ENDE_PROGRAMM
ED


