BD
SET_METRIC
C
BEGIN_EINRICHTEPLAN_INFO
C
ZA,MM,2
MM,AT,1, 60,1,1,,,,,T
MM,AT,1,170,1,1,,,,,T
ZA,DA,1
C
DA,38092,1
C
ENDE_EINRICHTEPLAN_INFO
C
BEGIN_SHEET_TECH
C
ZA,MM,7
MM,AT,1,10,1,1,,,,,T
MM,AT,1,20,1,1,,,,'mm',Z
MM,AT,1,30,1,1,,,,'mm',Z
MM,AT,1,40,1,1,,,,'mm',Z
MM,AT,1,220,1,1,,,,'mm',Z
MM,AT,1,230,1,1,,,,'mm',Z
MM,AT,1,240,1,1,,'Materialkennung',,'',T
C
ZA,DA,1
DA,'SHT-1',203.3,175.3,0.8,203.3,175.3,'Al99'
C
ENDE_SHEET_TECH
C
BEGIN_SHEET_LOAD
C
ZA,MM,10
MM,AT,1,10,1,1,,'Table identifier',,,T
MM,AT,1,500,1,1,,'Loading unit',,,Z
MM,AT,1,620,1,1,,'Sheet stopper',,,Z
MM,AT,1,630,1,1,,'Measure sheet position',,,Z
MM,AT,1,640,1,1,,'Measure range in X',,'mm',Z
MM,AT,1,650,1,1,,'Measure range in Y',,'mm',Z
MM,AT,1,660,1,1,,'Calibration',,'Bool',Z
MM,AT,1,690,1,1,,'Type of pallet change',,,Z
MM,AT,1,700,1,1,,'Measuring Corner',,,Z
MM,AT,1,710,1,1,,,,,Z
C
ZA,DA,1
DA,'SHL-1',1,1,1,50.0,50.0,1,0,1,1
C
ENDE_SHEET_LOAD
C
BEGIN_LTT_CALLS
C
ZA,MM,1
MM,AT,1,10,1,1,,,,,T
C
ZA,DA,1
DA,'T2D-5414B'
C
ENDE_LTT_CALLS
C
BEGIN_PROGRAMM
C
ZA,MM,4
MM,AT,1, 10,1,1,,,,,T
MM,AT,1, 20,1,1,,,,,T
MM,AT,1, 30,1,1,,,,,T
MM,AT,1, 40,1,1,,,,,Z
C
ZA,DA,3
DA,'LV138092','UP',,
START_TEXT
N10G91
N20G01X0.095Y-0.03
N30TC_POS_LEVEL(40.0)
N40TC_LASER_ON(6,"T2D-5414B",0,400)
N50X-1.663Y-5.242
N60G03X0.718Y-1.985I1.652J-0.525
N70X7.586Y1.849I2.91J4.549
N80G02X40.483Y40.483I95.783J-55.3
N90G03X-5.4Y9.353I-2.7J4.676
N100X-44.436Y-44.436I60.7J-105.136
N110X2.155Y-7.475I4.677J-2.7
N120G01X0.056Y0.018
N130TC_LASER_OFF(1)
N140X93.024Y86.252
N150TC_LASER_ON(6,"T2D-5414B",0,400)
N160X-0.244Y-4.392
N170G03X0.145Y8.797I0.145J4.397
N180X0.203Y-8.795I0J-4.4
N190G01X0.039Y0.043
N200TC_LASER_OFF(1)
N210X19.857Y4.347
N220TC_LASER_ON(6,"T2D-5414B",0,400)
N230X-0.244Y-4.392
N240G03X0.145Y8.797I0.145J4.397
N250X0.203Y-8.795I0J-4.4
N260G01X0.039Y0.043
N270TC_LASER_OFF(1)
N280X-0.143Y25.347
N290TC_LASER_ON(6,"T2D-5414B",0,400)
N300X-0.244Y-4.392
N310G03X0.145Y8.797I0.145J4.397
N320X0.203Y-8.795I0J-4.4
N330G01X0.039Y0.043
N340TC_LASER_OFF(1)
N350X-20.143Y4.347
N360TC_LASER_ON(6,"T2D-5414B",0,400)
N370X-0.244Y-4.392
N380G03X0.145Y8.797I0.145J4.397
N390X0.203Y-8.795I0J-4.4
N400G01X0.039Y0.043
N410TC_LASER_OFF(1)
N420X-0.143Y39.847
N430TC_LASER_ON(6,"T2D-5414B",0,400)
N440X-0.244Y-4.392
N450G03X0.145Y8.797I0.145J4.397
N460X0.203Y-8.795I0J-4.4
N470G01X0.039Y0.043
N480TC_LASER_OFF(1)
N490X19.857Y4.347
N500TC_LASER_ON(6,"T2D-5414B",0,400)
N510X-0.244Y-4.392
N520G03X0.145Y8.797I0.145J4.397
N530X0.203Y-8.795I0J-4.4
N540G01X0.039Y0.043
N550TC_LASER_OFF(1)
N560X12.219Y-76.66
N570TC_LASER_ON(6,"T2D-5414B",0,400)
N580X4.198Y-6.81
N590G03X1.724Y-1.282I2.468J1.521
N600G02X26.917Y-11.113I-28.383J-106.896
N610G03X5.4Y9.353I2.7J4.676
N620X-60.7Y16.264I-60.7J-105.136
N630Y-10.8I0J-5.4
N640G02X28.827Y-3.823I0J-110.6
N650G01X0.05Y0.03
N660TC_LASER_OFF(1)
N670X-11.877Y104.293
N680X2.192Y-0.908
N690TC_SHEET_THICK()
N700X-2.192Y0.908
N710TC_LASER_ON(6,"T2D-5414B",0,400)
N720G02X0.158Y-0.004I0J-3.1
N730X0.622Y-0.096I-0.158J-3.096
N740X2.32Y-3I-0.78J-3
N750G01Y-57.215
N760G03X14.797Y-19.235I19.9J0
N770G02X43.51Y-20.304I-34.897J-131.55
N780X1.214Y-3.317I-1.786J-2.534
N790X-0.316Y-0.767I-3J0.783
N800TC_LASER_OFF(1)
N810G01X0.316Y0.767
N820TC_SHEET_THICK()
N830Y1.566
N840TC_LASER_ON(6,"T2D-5414B",0,400)
N850G02X0.064Y-0.31I-3J-0.783
N860X-0.064Y-1.256I-3.064J-0.473
N870G01X-11.437Y-19.955
N880X-5.972Y-10.419
N890G02X-4.549Y-0.927I-2.685J1.55
N900G03X-145.915Y-39.098I-57.663J-76.628
N910G02X-3.635Y-1.787I-2.853J1.213
N920X-0.768Y0.315I0.782J3
N930TC_LASER_OFF(1)
N940G01X0.768Y-0.315
N950TC_SHEET_THICK()
N960X1.563Y0
N970TC_LASER_ON(6,"T2D-5414B",0,400)
N980G02X-0.309Y-0.064I-0.782J3
N990X-1.254Y0.064I-0.472J3.064
N1000G01X-19.955Y11.437
N1010X-10.42Y5.972
N1020G02X-1.45Y3.467I1.55J2.685
N1030X0.186Y0.519I3J-0.782
N1040TC_LASER_OFF(1)
N1050G01X-0.186Y-0.519
N1060TC_SHEET_THICK()
N1070X-0Y-1.564
N1080TC_LASER_ON(6,"T2D-5414B",0,400)
N1090G02X-0.064Y0.31I3J0.782
N1100X0.064Y1.255I3.064J0.473
N1110X20Y31.439I123.712J-56.619
N1120X68.814Y43.492I103.712J-88.058
N1130G03X14.798Y19.235I-5.102J19.235
N1140G01Y57.215
N1150G02X2.32Y3I3.1J0
N1160X0.78Y0.1I0.78J-3
N1170TC_LASER_OFF(1)
N1180G01
N1190G90
N1200M17
N1210M02
STOP_TEXT
C
DA,'L138092','UP',,
START_TEXT
N10G91
N20G01X0.095Y-0.03
N30TC_POS_LEVEL(40.0)
N40TC_LASER_ON(1,"T2D-5414B",10,110)
N50X-1.663Y-5.242
N60TC_LASER_ON(5,"T2D-5414B",0,100)
N70G03X0.718Y-1.985I1.652J-0.525
N80X7.586Y1.849I2.91J4.549
N90G02X40.483Y40.483I95.783J-55.3
N100G03X-5.4Y9.353I-2.7J4.676
N110X-44.436Y-44.436I60.7J-105.136
N120X2.155Y-7.475I4.677J-2.7
N130G01X0.056Y0.018
N140TC_LASER_OFF(1)
N150X93.024Y86.252
N160TC_LASER_ON(1,"T2D-5414B",10,110)
N170X-0.244Y-4.392
N180TC_LASER_ON(5,"T2D-5414B",0,100)
N190G03X0.145Y8.797I0.145J4.397
N200X0.203Y-8.795I0J-4.4
N210G01X0.039Y0.043
N220TC_LASER_OFF(1)
N230X19.857Y4.347
N240TC_LASER_ON(1,"T2D-5414B",10,110)
N250X-0.244Y-4.392
N260TC_LASER_ON(5,"T2D-5414B",0,100)
N270G03X0.145Y8.797I0.145J4.397
N280X0.203Y-8.795I0J-4.4
N290G01X0.039Y0.043
N300TC_LASER_OFF(1)
N310X-0.143Y25.347
N320TC_LASER_ON(1,"T2D-5414B",10,110)
N330X-0.244Y-4.392
N340TC_LASER_ON(5,"T2D-5414B",0,100)
N350G03X0.145Y8.797I0.145J4.397
N360X0.203Y-8.795I0J-4.4
N370G01X0.039Y0.043
N380TC_LASER_OFF(1)
N390X-20.143Y4.347
N400TC_LASER_ON(1,"T2D-5414B",10,110)
N410X-0.244Y-4.392
N420TC_LASER_ON(5,"T2D-5414B",0,100)
N430G03X0.145Y8.797I0.145J4.397
N440X0.203Y-8.795I0J-4.4
N450G01X0.039Y0.043
N460TC_LASER_OFF(1)
N470X-0.143Y39.847
N480TC_LASER_ON(1,"T2D-5414B",10,110)
N490X-0.244Y-4.392
N500TC_LASER_ON(5,"T2D-5414B",0,100)
N510G03X0.145Y8.797I0.145J4.397
N520X0.203Y-8.795I0J-4.4
N530G01X0.039Y0.043
N540TC_LASER_OFF(1)
N550X19.857Y4.347
N560TC_LASER_ON(1,"T2D-5414B",10,110)
N570X-0.244Y-4.392
N580TC_LASER_ON(5,"T2D-5414B",0,100)
N590G03X0.145Y8.797I0.145J4.397
N600X0.203Y-8.795I0J-4.4
N610G01X0.039Y0.043
N620TC_LASER_OFF(1)
N630X12.219Y-76.66
N640TC_LASER_ON(1,"T2D-5414B",10,110)
N650X4.198Y-6.81
N660TC_LASER_ON(5,"T2D-5414B",0,100)
N670G03X1.724Y-1.282I2.468J1.521
N680G02X26.917Y-11.113I-28.383J-106.896
N690G03X5.4Y9.353I2.7J4.676
N700X-60.7Y16.264I-60.7J-105.136
N710Y-10.8I0J-5.4
N720G02X28.827Y-3.823I0J-110.6
N730G01X0.05Y0.03
N740TC_LASER_OFF(1)
N750X-11.877Y104.293
N760X2.192Y-0.908
N770TC_SHEET_THICK()
N780X-2.192Y0.908
N790TC_LASER_ON(6,"T2D-5414B",0,110)
N800G02X0.158Y-0.004I0J-3.1
N810TC_LASER_ON(6,"T2D-5414B",0,100)
N820X0.622Y-0.096I-0.158J-3.096
N830TC_LASER_ON(5,"T2D-5414B",0,100)
N840X2.32Y-3I-0.78J-3
N850G01Y-57.215
N860G03X14.797Y-19.235I19.9J0
N870G02X43.51Y-20.304I-34.897J-131.55
N880X1.214Y-3.317I-1.786J-2.534
N890TC_LASER_ON(6,"T2D-5414B",0,100)
N900X-0.316Y-0.767I-3J0.783
N910TC_LASER_OFF(1)
N920G01X0.316Y0.767
N930TC_SHEET_THICK()
N940Y1.566
N950TC_LASER_ON(6,"T2D-5414B",0,100)
N960G02X0.064Y-0.31I-3J-0.783
N970X-0.064Y-1.256I-3.064J-0.473
N980TC_LASER_ON(5,"T2D-5414B",0,100)
N990G01X-11.437Y-19.955
N1000X-5.972Y-10.419
N1010G02X-4.549Y-0.927I-2.685J1.55
N1020G03X-145.915Y-39.098I-57.663J-76.628
N1030G02X-3.635Y-1.787I-2.853J1.213
N1040TC_LASER_ON(6,"T2D-5414B",0,100)
N1050X-0.768Y0.315I0.782J3
N1060TC_LASER_OFF(1)
N1070G01X0.768Y-0.315
N1080TC_SHEET_THICK()
N1090X1.563Y0
N1100TC_LASER_ON(6,"T2D-5414B",0,100)
N1110G02X-0.309Y-0.064I-0.782J3
N1120X-1.254Y0.064I-0.472J3.064
N1130TC_LASER_ON(5,"T2D-5414B",0,100)
N1140G01X-19.955Y11.437
N1150X-10.42Y5.972
N1160G02X-1.45Y3.467I1.55J2.685
N1170TC_LASER_ON(6,"T2D-5414B",0,100)
N1180X0.186Y0.519I3J-0.782
N1190TC_LASER_OFF(1)
N1200G01X-0.186Y-0.519
N1210TC_SHEET_THICK()
N1220X-0Y-1.564
N1230TC_LASER_ON(6,"T2D-5414B",0,100)
N1240G02X-0.064Y0.31I3J0.782
N1250X0.064Y1.255I3.064J0.473
N1260TC_LASER_ON(5,"T2D-5414B",0,100)
N1270X20Y31.439I123.712J-56.619
N1280X68.814Y43.492I103.712J-88.058
N1290G03X14.798Y19.235I-5.102J19.235
N1300G01Y57.215
N1310G02X2.32Y3I3.1J0
N1320TC_LASER_ON(6,"T2D-5414B",0,100)
N1330X0.78Y0.1I0.78J-3
N1340TC_LASER_OFF(1)
N1350G01
N1360G90
N1370M17
N1380M02
STOP_TEXT
C
DA,'38092','HP',,
START_TEXT
N10MSG("PROGRAM NUMBER,38092")
N20MSG("SHEET Al99 : 203.3 x 175.3 x 0.8")
N30MSG("MSG,PART #:DXFPAR0105 QTY 1")
N40G71
N50F240000
N60TC_POS_LEVEL(40.0)
N70TC_SHEET_TECH("SHT-1")
N80TC_SHEET_LOAD("SHL-1")
N90 ;GOTOF ENTRY_LASER
N100;ENTRY_LASER:
N110;(PART NUMBER: L138092  DXFPAR0105 NUMBER:1)
N120G01X21.193Y24.965
N130LV138092
N140G01X21.193Y24.965
N150L138092
N160TC_LASER_OFF(2)
N170M30
STOP_TEXT
ENDE_PROGRAMM
ED


