BD
SET_METRIC
C
BEGIN_EINRICHTEPLAN_INFO
C
ZA,MM,2
MM,AT,1, 60,1,1,,,,,T
MM,AT,1,170,1,1,,,,,T
ZA,DA,1
C
DA,0038093,1
C
ENDE_EINRICHTEPLAN_INFO
C
BEGIN_SHEET_TECH
C
ZA,MM,7
MM,AT,1,10,1,1,,,,,T
MM,AT,1,20,1,1,,,,'mm',Z
MM,AT,1,30,1,1,,,,'mm',Z
MM,AT,1,40,1,1,,,,'mm',Z
MM,AT,1,220,1,1,,,,'mm',Z
MM,AT,1,230,1,1,,,,'mm',Z
MM,AT,1,240,1,1,,'Materialkennung',,'',T
C
ZA,DA,1
DA,'SHT-1',130.0,130.0,0.8,130.0,130.0,'Al99'
C
ENDE_SHEET_TECH
C
BEGIN_SHEET_LOAD
C
ZA,MM,10
MM,AT,1,10,1,1,,'Table identifier',,,T
MM,AT,1,500,1,1,,'Loading unit',,,Z
MM,AT,1,620,1,1,,'Sheet stopper',,,Z
MM,AT,1,630,1,1,,'Measure sheet position',,,Z
MM,AT,1,640,1,1,,'Measure range in X',,'mm',Z
MM,AT,1,650,1,1,,'Measure range in Y',,'mm',Z
MM,AT,1,660,1,1,,'Calibration',,'Bool',Z
MM,AT,1,690,1,1,,'Type of pallet change',,,Z
MM,AT,1,700,1,1,,'Measuring Corner',,,Z
MM,AT,1,710,1,1,,,,,Z
C
ZA,DA,1
DA,'SHL-1',1,1,1,50.0,50.0,1,0,1,1
C
ENDE_SHEET_LOAD
C
BEGIN_LTT_CALLS
C
ZA,MM,1
MM,AT,1,10,1,1,,,,,T
C
ZA,DA,1
DA,'T2D-6915'
C
ENDE_LTT_CALLS
C
BEGIN_PROGRAMM
C
ZA,MM,4
MM,AT,1, 10,1,1,,,,,T
MM,AT,1, 20,1,1,,,,,T
MM,AT,1, 30,1,1,,,,,T
MM,AT,1, 40,1,1,,,,,Z
C
ZA,DA,2
DA,'L10038093','UP',,
START_TEXT
N10G91
N20G01X0.1
N30TC_POS_LEVEL(40.0)
N40TC_LASER_ON(9,"T2D-6915",10,100)
N50X-0.024Y-2.4
N60G03X0.149Y49.8I0.149J24.9
N70X0.249Y-49.799I0J-24.9
N80TC_LASER_OFF(3)
N90G01X-17.927Y42.577
N100TC_LASER_ON(9,"T2D-6915",10,100)
N110X-32.322Y32.322
N120TC_LASER_OFF(3)
N130X102.5Y-54.85
N140TC_LASER_ON(9,"T2D-6915",10,100)
N150X-2.4
N160Y-45.25
N170X-90.1
N180G02X-10.1Y10.1I0J10.1
N190G01Y90.1
N200X90.1
N210G02X10.1Y-10.1I0J-10.1
N220G01Y-45.25
N230TC_LASER_OFF(3)
N240G01
N250G90
N260M17
N270M02
STOP_TEXT
C
DA,'0038093','HP',,
START_TEXT
N10MSG("PROGRAM NUMBER,0038093")
N20MSG("SHEET Al99 : 130.0 x 130.0 x 0.8")
N30MSG("MSG,PART #:Pieza_prueba_Maxwell QTY 1")
N40G71
N50F282000
N60TC_PCS_PIERCE
N70TC_POS_LEVEL(40.0)
N80TC_SHEET_TECH("SHT-1")
N90TC_SHEET_LOAD("SHL-1")
N100 ;GOTOF ENTRY_LASER
N110;ENTRY_LASER:
N120;(PART NUMBER: L10038093  Pieza_prueba_Maxwell NUMBER:1)
N130G01X69.775Y47.501
N140L10038093
N150TC_LASER_OFF(2)
N160M30
STOP_TEXT
ENDE_PROGRAMM
ED


