BD
SET_METRIC
C
BEGIN_EINRICHTEPLAN_INFO
C
ZA,MM,2
MM,AT,1, 60,1,1,,,,,T
MM,AT,1,170,1,1,,,,,T
ZA,DA,1
C
DA,0038096,1
C
ENDE_EINRICHTEPLAN_INFO
C
BEGIN_SHEET_TECH
C
ZA,MM,7
MM,AT,1,10,1,1,,,,,T
MM,AT,1,20,1,1,,,,'mm',Z
MM,AT,1,30,1,1,,,,'mm',Z
MM,AT,1,40,1,1,,,,'mm',Z
MM,AT,1,220,1,1,,,,'mm',Z
MM,AT,1,230,1,1,,,,'mm',Z
MM,AT,1,240,1,1,,'Materialkennung',,'',T
C
ZA,DA,1
DA,'SHT-1',323.0,192.0,0.8,323.0,192.0,'Al99'
C
ENDE_SHEET_TECH
C
BEGIN_SHEET_LOAD
C
ZA,MM,10
MM,AT,1,10,1,1,,'Table identifier',,,T
MM,AT,1,500,1,1,,'Loading unit',,,Z
MM,AT,1,620,1,1,,'Sheet stopper',,,Z
MM,AT,1,630,1,1,,'Measure sheet position',,,Z
MM,AT,1,640,1,1,,'Measure range in X',,'mm',Z
MM,AT,1,650,1,1,,'Measure range in Y',,'mm',Z
MM,AT,1,660,1,1,,'Calibration',,'Bool',Z
MM,AT,1,690,1,1,,'Type of pallet change',,,Z
MM,AT,1,700,1,1,,'Measuring Corner',,,Z
MM,AT,1,710,1,1,,,,,Z
C
ZA,DA,1
DA,'SHL-1',1,1,1,50.0,50.0,1,0,1,1
C
ENDE_SHEET_LOAD
C
BEGIN_LTT_CALLS
C
ZA,MM,1
MM,AT,1,10,1,1,,,,,T
C
ZA,DA,1
DA,'T2D-6915'
C
ENDE_LTT_CALLS
C
BEGIN_PROGRAMM
C
ZA,MM,4
MM,AT,1, 10,1,1,,,,,T
MM,AT,1, 20,1,1,,,,,T
MM,AT,1, 30,1,1,,,,,T
MM,AT,1, 40,1,1,,,,,Z
C
ZA,DA,2
DA,'L10038096','UP',,
START_TEXT
N10G91
N20G01X0.099Y-0.008
N30TC_POS_LEVEL(40.0)
N40TC_LASER_ON(9,"T2D-6915",10,100)
N50X-0.193Y-2.391
N60G03X0.142Y5.997I0.142J2.997
N70X0.242Y-5.99I0J-3
N80TC_LASER_OFF(3)
N90G01X17.157Y-8.021
N100TC_LASER_ON(9,"T2D-6915",10,100)
N110X-0.238Y-2.135
N120G03X0.139Y4.296I0.139J2.146
N130X0.238Y-4.287I0J-2.15
N140TC_LASER_OFF(3)
N150G01X6.233Y22.697
N160TC_LASER_ON(9,"T2D-6915",10,100)
N170X-0.238Y-2.134
N180G03X0.139Y4.295I0.139J2.145
N190X0.238Y-4.286I0J-2.15
N200TC_LASER_OFF(3)
N210G01X9.925Y-4.415
N220TC_LASER_ON(9,"T2D-6915",10,100)
N230X-0.233Y-1.478
N240G03X0.134Y2.994I0.134J1.494
N250X0.233Y-2.982I0J-1.5
N260TC_LASER_OFF(3)
N270G01X9.93Y-5.065
N280TC_LASER_ON(9,"T2D-6915",10,100)
N290X-0.238Y-2.135
N300G03X0.139Y4.296I0.139J2.146
N310X0.238Y-4.287I0J-2.15
N320TC_LASER_OFF(3)
N330G01X-4.749Y17.586
N340TC_LASER_ON(9,"T2D-6915",10,100)
N350X-1.307Y-2.013
N360X13.754Y-8.932
N370G03X5.338Y8.219I2.669J4.11
N380G01X-27.257Y17.701
N390G03X-5.337Y-8.219I-2.669J-4.11
N400G01X13.838Y-8.987
N410TC_LASER_OFF(3)
N420X26.081Y-20.729
N430TC_LASER_ON(9,"T2D-6915",10,100)
N440X-0.238Y-2.135
N450G03X0.139Y4.296I0.139J2.146
N460X0.238Y-4.287I0J-2.15
N470TC_LASER_OFF(3)
N480G01X5.312Y39.937
N490TC_LASER_ON(9,"T2D-6915",10,100)
N500Y-2.4
N510X-3.3
N520Y9.8
N530X6.3
N540Y-9.8
N550X-3.4
N560TC_LASER_OFF(3)
N570X-28.754Y40.893
N580TC_LASER_ON(9,"T2D-6915",10,100)
N590X0.177Y-0.177
N600X2.828Y2.829
N610G03X-0.424Y0.424I-0.212J0.212
N620G01X-4.738Y-4.737
N630G03X0.424Y-0.425I0.212J-0.213
N640G01X2.193Y2.192
N650TC_LASER_OFF(3)
N660X-33.905Y-38.505
N670TC_LASER_ON(9,"T2D-6915",10,100)
N680X-0.193Y-2.391
N690G03X0.142Y5.997I0.142J2.997
N700X0.242Y-5.99I0J-3
N710TC_LASER_OFF(3)
N720G01X73.857Y73.476
N730TC_LASER_ON(9,"T2D-6915",10,100)
N740X-0.235Y-1.63
N750G03X0.136Y3.294I0.136J1.644
N760X0.235Y-3.283I0J-1.65
N770TC_LASER_OFF(3)
N780G01X40.415Y2.541
N790TC_LASER_ON(9,"T2D-6915",10,100)
N800Y-0.25
N810X-4
N820G02Y0.6I0J0.3
N830G01X6.7
N840G02Y-0.6I0J-0.3
N850G01X-3.1
N860TC_LASER_OFF(3)
N870X39.849Y-0.672
N880TC_LASER_ON(9,"T2D-6915",10,100)
N890X-0.235Y-1.63
N900G03X0.136Y3.294I0.136J1.644
N910X0.235Y-3.283I0J-1.65
N920TC_LASER_OFF(3)
N930G01X40.269Y-31.074
N940TC_LASER_ON(9,"T2D-6915",10,100)
N950X-0.177Y-0.177
N960X-2.828Y2.829
N970G02X0.424Y0.424I0.212J0.212
N980G01X4.738Y-4.737
N990G02X-0.424Y-0.425I-0.212J-0.213
N1000G01X-2.193Y2.192
N1010TC_LASER_OFF(3)
N1020X-28.394Y-38.599
N1030TC_LASER_ON(9,"T2D-6915",10,100)
N1040Y-2.4
N1050X-3.3
N1060Y9.8
N1070X6.3
N1080Y-9.8
N1090X-3.4
N1100TC_LASER_OFF(3)
N1110X62.801Y2.494
N1120TC_LASER_ON(9,"T2D-6915",10,100)
N1130X-0.193Y-2.391
N1140G03X0.142Y5.997I0.142J2.997
N1150X0.242Y-5.99I0J-3
N1160TC_LASER_OFF(3)
N1170G01X7.009Y-25.116
N1180TC_LASER_ON(9,"T2D-6915",10,100)
N1190X-0.193Y-2.391
N1200G03X0.142Y5.997I0.142J2.997
N1210X0.242Y-5.99I0J-3
N1220TC_LASER_OFF(3)
N1230G01X-53.245Y-37.035
N1240TC_LASER_ON(9,"T2D-6915",10,100)
N1250X-0.221Y-0.866
N1260G03X0.124Y1.791I0.124J0.891
N1270X0.223Y-1.772I0J-0.9
N1280TC_LASER_OFF(3)
N1290G01X-3.526Y0.847
N1300TC_LASER_ON(9,"T2D-6915",10,100)
N1310X-0.221Y-0.866
N1320G03X0.124Y1.791I0.124J0.891
N1330X0.223Y-1.772I0J-0.9
N1340TC_LASER_OFF(3)
N1350G01X-3.526Y0.847
N1360TC_LASER_ON(9,"T2D-6915",10,100)
N1370X-0.221Y-0.866
N1380G03X0.124Y1.791I0.124J0.891
N1390X0.223Y-1.772I0J-0.9
N1400TC_LASER_OFF(3)
N1410G01X-3.526Y0.847
N1420TC_LASER_ON(9,"T2D-6915",10,100)
N1430X-0.221Y-0.866
N1440G03X0.124Y1.791I0.124J0.891
N1450X0.223Y-1.772I0J-0.9
N1460TC_LASER_OFF(3)
N1470G01X73.627Y-9.128
N1480TC_LASER_ON(9,"T2D-6915",10,100)
N1490Y2.4
N1500X-5.45
N1510Y-2.5
N1520X-50.4
N1530Y10
N1540X-6.3
N1550Y-10
N1560X-13.2
N1570Y10
N1580X-6.3
N1590Y-10
N1600X-100.7
N1610Y12
N1620X-59.8
N1630Y-12
N1640X-15.9
N1650Y2.5
N1660X-10.8
N1670Y13
N1680X-9.5
N1690Y16.7
N1700X10.7
N1710Y12.5
N1720X9.6
N1730Y11.941
N1740X7.2Y7.2
N1750Y29.3
N1760X59.559Y59.559
N1770X23.941
N1780Y9.5
N1790X71.2
N1800Y-9.5
N1810X23.941
N1820X59.559Y-59.559
N1830Y-29.3
N1840X7.2Y-7.2
N1850Y-11.941
N1860X9.6
N1870Y-12.5
N1880X10.7
N1890Y-16.7
N1900X-9.5
N1910Y-13
N1920X-5.75
N1930TC_LASER_OFF(3)
N1940G01
N1950G90
N1960M17
N1970M02
STOP_TEXT
C
DA,'0038096','HP',,
START_TEXT
N10MSG("PROGRAM NUMBER,0038096")
N20MSG("SHEET Al99 : 323.0 x 192.0 x 0.8")
N30MSG("MSG,PART #:DXFPUNC0 QTY 1")
N40G71
N50F282000
N60TC_PCS_PIERCE
N70TC_POS_LEVEL(40.0)
N80TC_SHEET_TECH("SHT-1")
N90TC_SHEET_LOAD("SHL-1")
N100 ;GOTOF ENTRY_LASER
N110;ENTRY_LASER:
N120;(PART NUMBER: L10038096  DXFPUNC0 NUMBER:1)
N130G01X45.252Y69.402
N140L10038096
N150TC_LASER_OFF(2)
N160M30
STOP_TEXT
ENDE_PROGRAMM
ED


