BD
SET_METRIC
C
BEGIN_EINRICHTEPLAN_INFO
C
ZA,MM,2
MM,AT,1, 60,1,1,,,,,T
MM,AT,1,170,1,1,,,,,T
ZA,DA,1
C
DA,0038095,1
C
ENDE_EINRICHTEPLAN_INFO
C
BEGIN_SHEET_TECH
C
ZA,MM,7
MM,AT,1,10,1,1,,,,,T
MM,AT,1,20,1,1,,,,'mm',Z
MM,AT,1,30,1,1,,,,'mm',Z
MM,AT,1,40,1,1,,,,'mm',Z
MM,AT,1,220,1,1,,,,'mm',Z
MM,AT,1,230,1,1,,,,'mm',Z
MM,AT,1,240,1,1,,'Materialkennung',,'',T
C
ZA,DA,1
DA,'SHT-1',255.3,117.0,0.8,255.3,117.0,'Al99'
C
ENDE_SHEET_TECH
C
BEGIN_SHEET_LOAD
C
ZA,MM,10
MM,AT,1,10,1,1,,'Table identifier',,,T
MM,AT,1,500,1,1,,'Loading unit',,,Z
MM,AT,1,620,1,1,,'Sheet stopper',,,Z
MM,AT,1,630,1,1,,'Measure sheet position',,,Z
MM,AT,1,640,1,1,,'Measure range in X',,'mm',Z
MM,AT,1,650,1,1,,'Measure range in Y',,'mm',Z
MM,AT,1,660,1,1,,'Calibration',,'Bool',Z
MM,AT,1,690,1,1,,'Type of pallet change',,,Z
MM,AT,1,700,1,1,,'Measuring Corner',,,Z
MM,AT,1,710,1,1,,,,,Z
C
ZA,DA,1
DA,'SHL-1',1,1,1,50.0,50.0,1,0,1,1
C
ENDE_SHEET_LOAD
C
BEGIN_LTT_CALLS
C
ZA,MM,1
MM,AT,1,10,1,1,,,,,T
C
ZA,DA,1
DA,'T2D-6915'
C
ENDE_LTT_CALLS
C
BEGIN_PROGRAMM
C
ZA,MM,4
MM,AT,1, 10,1,1,,,,,T
MM,AT,1, 20,1,1,,,,,T
MM,AT,1, 30,1,1,,,,,T
MM,AT,1, 40,1,1,,,,,Z
C
ZA,DA,2
DA,'L10038095','UP',,
START_TEXT
N10G91
N20G01X0.079Y0.062
N30TC_POS_LEVEL(40.0)
N40TC_LASER_ON(9,"T2D-6915",10,100)
N50X-1.488Y1.883
N60G03X32.771Y39.837I-75.781J95.738
N70G01X-16.452
N80Y8.412
N90X-8.807Y-8.805
N100G02X-15.181Y5.829I-6.293J6.293
N110G01X-0.287Y5.564
N120X-11.444
N130X-1.47Y-12
N140X-9.823
N150X-1.47Y12
N160X-10.661
N170X-17.754Y-18.194
N180G02X-46.034Y5.985I-15.203J63.094
N190G01X-41.144Y22.209
N200X-12.125
N210Y-4
N220X-21.8
N230Y4
N240X-11.106
N250G03X34.3Y-54.923I117.006J34.901
N260G02X12.194Y-9.859I6.706J-4.177
N270G03X68.749Y-22.405I70.512J99.683
N280G02X31.582Y3.685I15.763J2.087
N290G03X46.275Y22.914I-29.819J118.403
N300TC_LASER_OFF(3)
N310G01
N320G90
N330M17
N340M02
STOP_TEXT
C
DA,'0038095','HP',,
START_TEXT
N10MSG("PROGRAM NUMBER,0038095")
N20MSG("SHEET Al99 : 255.3 x 117.0 x 0.8")
N30MSG("MSG,PART #:DXFPART7 QTY 1")
N40G71
N50F282000
N60TC_PCS_PIERCE
N70TC_POS_LEVEL(40.0)
N80TC_SHEET_TECH("SHT-1")
N90TC_SHEET_LOAD("SHL-1")
N100 ;GOTOF ENTRY_LASER
N110;ENTRY_LASER:
N120;(PART NUMBER: L10038095  DXFPART7 NUMBER:1)
N130G01X214.062Y44.307
N140L10038095
N150TC_LASER_OFF(2)
N160M30
STOP_TEXT
ENDE_PROGRAMM
ED


