BD
SET_METRIC
C
BEGIN_EINRICHTEPLAN_INFO
C
ZA,MM,2
MM,AT,1, 60,1,1,,,,,T
MM,AT,1,170,1,1,,,,,T
ZA,DA,1
C
DA,0038094,1
C
ENDE_EINRICHTEPLAN_INFO
C
BEGIN_SHEET_TECH
C
ZA,MM,7
MM,AT,1,10,1,1,,,,,T
MM,AT,1,20,1,1,,,,'mm',Z
MM,AT,1,30,1,1,,,,'mm',Z
MM,AT,1,40,1,1,,,,'mm',Z
MM,AT,1,220,1,1,,,,'mm',Z
MM,AT,1,230,1,1,,,,'mm',Z
MM,AT,1,240,1,1,,'Materialkennung',,'',T
C
ZA,DA,1
DA,'SHT-1',210.0,145.0,0.8,210.0,145.0,'Al99'
C
ENDE_SHEET_TECH
C
BEGIN_SHEET_LOAD
C
ZA,MM,10
MM,AT,1,10,1,1,,'Table identifier',,,T
MM,AT,1,500,1,1,,'Loading unit',,,Z
MM,AT,1,620,1,1,,'Sheet stopper',,,Z
MM,AT,1,630,1,1,,'Measure sheet position',,,Z
MM,AT,1,640,1,1,,'Measure range in X',,'mm',Z
MM,AT,1,650,1,1,,'Measure range in Y',,'mm',Z
MM,AT,1,660,1,1,,'Calibration',,'Bool',Z
MM,AT,1,690,1,1,,'Type of pallet change',,,Z
MM,AT,1,700,1,1,,'Measuring Corner',,,Z
MM,AT,1,710,1,1,,,,,Z
C
ZA,DA,1
DA,'SHL-1',1,1,1,50.0,50.0,1,0,1,1
C
ENDE_SHEET_LOAD
C
BEGIN_LTT_CALLS
C
ZA,MM,1
MM,AT,1,10,1,1,,,,,T
C
ZA,DA,1
DA,'T2D-6915'
C
ENDE_LTT_CALLS
C
BEGIN_PROGRAMM
C
ZA,MM,4
MM,AT,1, 10,1,1,,,,,T
MM,AT,1, 20,1,1,,,,,T
MM,AT,1, 30,1,1,,,,,T
MM,AT,1, 40,1,1,,,,,Z
C
ZA,DA,2
DA,'L10038094','UP',,
START_TEXT
N10G91
N20G01X0.099Y-0.002
N30TC_POS_LEVEL(40.0)
N40TC_LASER_ON(9,"T2D-6915",10,100)
N50X-0.059Y-2.399
N60G03X0.147Y19.799I0.147J9.899
N70X0.247Y-19.797I0J-9.9
N80TC_LASER_OFF(3)
N90G01X-0.335Y67.397
N100TC_LASER_ON(9,"T2D-6915",10,100)
N110X-0.059Y-2.399
N120G03X0.147Y19.799I0.147J9.899
N130X0.247Y-19.797I0J-9.9
N140TC_LASER_OFF(3)
N150G01X64.894Y-65.518
N160TC_LASER_ON(9,"T2D-6915",10,100)
N170Y-2.4
N180X10.05
N190Y9.976
N200G03X26.165Y26.166I-9.9J36.066
N210G01X28.935
N220G03Y19.8I0J9.9
N230G01X-28.935
N240G03X-26.165Y26.166I-36.065J-9.9
N250G01Y9.976
N260X-19.8
N270Y-9.976
N280G03X-26.166Y-26.166I9.9J-36.066
N290G01X-28.934
N300G03Y-19.8I0J-9.9
N310G01X28.934
N320G03X26.166Y-26.166I36.066J9.9
N330G01Y-9.976
N340X10.15
N350TC_LASER_OFF(3)
N360X64.371Y70.315
N370TC_LASER_ON(9,"T2D-6915",10,100)
N380X-0.059Y-2.399
N390G03X0.147Y19.799I0.147J9.899
N400X0.247Y-19.797I0J-9.9
N410TC_LASER_OFF(3)
N420G01X-0.335Y-62.603
N430TC_LASER_ON(9,"T2D-6915",10,100)
N440X-0.059Y-2.399
N450G03X0.147Y19.799I0.147J9.899
N460X0.247Y-19.797I0J-9.9
N470TC_LASER_OFF(3)
N480G01X19.074Y-9.672
N490TC_LASER_ON(9,"T2D-6915",10,100)
N500X-1.68Y1.714
N510G03X7.459Y17.855I-17.641J17.855
N520G01Y65
N530G03X-25.1Y25.1I-25.1J0
N540G01X-130
N550G03X-25.1Y-25.1I0J-25.1
N560G01Y-65
N570G03X25.1Y-25.1I25.1J0
N580G01X130
N590G03X17.925Y7.53I0J25.1
N600TC_LASER_OFF(3)
N610G01
N620G90
N630M17
N640M02
STOP_TEXT
C
DA,'0038094','HP',,
START_TEXT
N10MSG("PROGRAM NUMBER,0038094")
N20MSG("SHEET Al99 : 210.0 x 145.0 x 0.8")
N30MSG("MSG,PART #:Pieza_prueba_Maxwell_2 QTY 1")
N40G71
N50F282000
N60TC_PCS_PIERCE
N70TC_POS_LEVEL(40.0)
N80TC_SHEET_TECH("SHT-1")
N90TC_SHEET_LOAD("SHL-1")
N100 ;GOTOF ENTRY_LASER
N110;ENTRY_LASER:
N120;(PART NUMBER: L10038094  Pieza_prueba_Maxwell_2 NUMBER:1)
N130G01X44.813Y37.502
N140L10038094
N150TC_LASER_OFF(2)
N160M30
STOP_TEXT
ENDE_PROGRAMM
ED


