BD
SET_METRIC
C
BEGIN_EINRICHTEPLAN_INFO
C
ZA,MM,2
MM,AT,1, 60,1,1,,,,,T
MM,AT,1,170,1,1,,,,,T
ZA,DA,1
C
DA,0038097,1
C
ENDE_EINRICHTEPLAN_INFO
C
BEGIN_SHEET_TECH
C
ZA,MM,7
MM,AT,1,10,1,1,,,,,T
MM,AT,1,20,1,1,,,,'mm',Z
MM,AT,1,30,1,1,,,,'mm',Z
MM,AT,1,40,1,1,,,,'mm',Z
MM,AT,1,220,1,1,,,,'mm',Z
MM,AT,1,230,1,1,,,,'mm',Z
MM,AT,1,240,1,1,,'Materialkennung',,'',T
C
ZA,DA,1
DA,'SHT-1',233.3,205.3,0.8,233.3,205.3,'Al99'
C
ENDE_SHEET_TECH
C
BEGIN_SHEET_LOAD
C
ZA,MM,10
MM,AT,1,10,1,1,,'Table identifier',,,T
MM,AT,1,500,1,1,,'Loading unit',,,Z
MM,AT,1,620,1,1,,'Sheet stopper',,,Z
MM,AT,1,630,1,1,,'Measure sheet position',,,Z
MM,AT,1,640,1,1,,'Measure range in X',,'mm',Z
MM,AT,1,650,1,1,,'Measure range in Y',,'mm',Z
MM,AT,1,660,1,1,,'Calibration',,'Bool',Z
MM,AT,1,690,1,1,,'Type of pallet change',,,Z
MM,AT,1,700,1,1,,'Measuring Corner',,,Z
MM,AT,1,710,1,1,,,,,Z
C
ZA,DA,1
DA,'SHL-1',1,1,1,50.0,50.0,1,0,1,1
C
ENDE_SHEET_LOAD
C
BEGIN_LTT_CALLS
C
ZA,MM,1
MM,AT,1,10,1,1,,,,,T
C
ZA,DA,1
DA,'T2D-6915'
C
ENDE_LTT_CALLS
C
BEGIN_PROGRAMM
C
ZA,MM,4
MM,AT,1, 10,1,1,,,,,T
MM,AT,1, 20,1,1,,,,,T
MM,AT,1, 30,1,1,,,,,T
MM,AT,1, 40,1,1,,,,,Z
C
ZA,DA,2
DA,'L10038097','UP',,
START_TEXT
N10G91
N20G01X0.084Y-0.054
N30TC_POS_LEVEL(40.0)
N40TC_LASER_ON(9,"T2D-6915",10,100)
N50X-1.292Y-2.021
N60G03X7.501Y1.902I2.825J4.602
N70G02X40.483Y40.483I95.783J-55.3
N80G03X-5.4Y9.353I-2.7J4.676
N90X-44.436Y-44.436I60.7J-105.136
N100X2.192Y-7.494I4.677J-2.7
N110TC_LASER_OFF(3)
N120G01X92.932Y84.292
N130TC_LASER_ON(9,"T2D-6915",10,100)
N140X-0.133Y-2.395
N150G03X0.145Y8.797I0.145J4.397
N160X0.244Y-8.793I0J-4.4
N170TC_LASER_OFF(3)
N180G01X19.744Y2.391
N190TC_LASER_ON(9,"T2D-6915",10,100)
N200X-0.133Y-2.395
N210G03X0.145Y8.797I0.145J4.397
N220X0.244Y-8.793I0J-4.4
N230TC_LASER_OFF(3)
N240G01X-0.256Y23.391
N250TC_LASER_ON(9,"T2D-6915",10,100)
N260X-0.133Y-2.395
N270G03X0.145Y8.797I0.145J4.397
N280X0.244Y-8.793I0J-4.4
N290TC_LASER_OFF(3)
N300G01X-20.256Y2.391
N310TC_LASER_ON(9,"T2D-6915",10,100)
N320X-0.133Y-2.395
N330G03X0.145Y8.797I0.145J4.397
N340X0.244Y-8.793I0J-4.4
N350TC_LASER_OFF(3)
N360G01X-0.256Y37.891
N370TC_LASER_ON(9,"T2D-6915",10,100)
N380X-0.133Y-2.395
N390G03X0.145Y8.797I0.145J4.397
N400X0.244Y-8.793I0J-4.4
N410TC_LASER_OFF(3)
N420G01X19.744Y2.391
N430TC_LASER_ON(9,"T2D-6915",10,100)
N440X-0.133Y-2.395
N450G03X0.145Y8.797I0.145J4.397
N460X0.244Y-8.793I0J-4.4
N470TC_LASER_OFF(3)
N480G01X18.852Y-82.417
N490TC_LASER_ON(9,"T2D-6915",10,100)
N500X-0.616Y-2.32
N510G02X26.82Y-11.087I-28.48J-106.87
N520G03X5.4Y9.353I2.7J4.676
N530X-60.7Y16.264I-60.7J-105.136
N540Y-10.8I0J-5.4
N550G02X28.867Y-3.833I0J-110.6
N560TC_LASER_OFF(3)
N570G01X44.045Y-15.479
N580TC_LASER_ON(9,"T2D-6915",10,100)
N590X-2.079Y1.2
N600X-8.621Y-14.933
N610G02X-4.549Y-0.927I-2.685J1.55
N620G03X-145.915Y-39.098I-57.663J-76.628
N630G02X-4.403Y-1.472I-2.853J1.213
N640G01X-29.607Y17.094
N650G02X-1.264Y3.986I1.55J2.685
N660X88.628Y74.412I123.526J-57.138
N670G03X14.798Y19.235I-5.102J19.235
N680G01Y57.215
N690G02X3.1Y3.1I3.1J0
N700G01X34
N710G02X3.1Y-3.1I0J-3.1
N720G01Y-57.215
N730G03X14.797Y-19.235I19.9J0
N740G02X43.51Y-20.304I-34.897J-131.55
N750X0.898Y-4.084I-1.786J-2.534
N760G01X-8.672Y-15.02
N770TC_LASER_OFF(3)
N780G01
N790G90
N800M17
N810M02
STOP_TEXT
C
DA,'0038097','HP',,
START_TEXT
N10MSG("PROGRAM NUMBER,0038097")
N20MSG("SHEET Al99 : 233.3 x 205.3 x 0.8")
N30MSG("MSG,PART #:DXFPAR0105 QTY 1")
N40G71
N50F282000
N60TC_PCS_PIERCE
N70TC_POS_LEVEL(40.0)
N80TC_SHEET_TECH("SHT-1")
N90TC_SHEET_LOAD("SHL-1")
N100 ;GOTOF ENTRY_LASER
N110;ENTRY_LASER:
N120;(PART NUMBER: L10038097  DXFPAR0105 NUMBER:1)
N130G01X41.636Y39.73
N140L10038097
N150TC_LASER_OFF(2)
N160M30
STOP_TEXT
ENDE_PROGRAMM
ED


