BD
SET_METRIC
C
BEGIN_EINRICHTEPLAN_INFO
C
ZA,MM,4
MM,AT,1, 60,1,1,,,,,T
MM,AT,1, 100,1,1,,,,,T
MM,AT,1,150,1,1,,'Maschinenzeit',,'min',Z
MM,AT,1,170,1,1,,,,,T
ZA,DA,1
C
DA,38099,1,16.43,1
C
ENDE_EINRICHTEPLAN_INFO
C
BEGIN_SHEET_TECH
C
ZA,MM,7
MM,AT,1,10,1,1,,,,,T
MM,AT,1,20,1,1,,,,'mm',Z
MM,AT,1,30,1,1,,,,'mm',Z
MM,AT,1,40,1,1,,,,'mm',Z
MM,AT,1,220,1,1,,,,'mm',Z
MM,AT,1,230,1,1,,,,'mm',Z
MM,AT,1,240,1,1,,'Materialkennung',,'',T
C
ZA,DA,1
DA,'SHT-1',180.0,375.0,0.8,180.0,375.0,'Al99'
C
ENDE_SHEET_TECH
C
BEGIN_SHEET_LOAD
C
ZA,MM,10
MM,AT,1,10,1,1,,'Table identifier',,,T
MM,AT,1,500,1,1,,'Loading unit',,,Z
MM,AT,1,620,1,1,,'Sheet stopper',,,Z
MM,AT,1,630,1,1,,'Measure sheet position',,,Z
MM,AT,1,640,1,1,,'Measure range in X',,'mm',Z
MM,AT,1,650,1,1,,'Measure range in Y',,'mm',Z
MM,AT,1,660,1,1,,'Calibration',,'Bool',Z
MM,AT,1,690,1,1,,'Type of pallet change',,,Z
MM,AT,1,700,1,1,,'Measuring Corner',,,Z
MM,AT,1,710,1,1,,,,,Z
C
ZA,DA,1
DA,'SHL-1',1,1,1,100.0,100.0,1,0,1,1
C
ENDE_SHEET_LOAD
C
BEGIN_LTT_CALLS
C
ZA,MM,1
MM,AT,1,10,1,1,,,,,T
C
ZA,DA,1
DA,'AL010MD0-N2S0-30-2'
C
ENDE_LTT_CALLS
C
BEGIN_MICROJOINT
C
ZA,MM,12
MM,AT,1,  10,1,1,,'Tabellenidentifikator              ',,'',T
MM,AT,1, 100,1,1,,'programmierte Microjoints aktiv    ',,'Bool',Z
MM,AT,1, 110,1,1,,'automatische Microjoints aktiv     ',,'Bool',Z
MM,AT,1, 120,1,1,,'Microjointbreite kleine Kontur     ',,'mm',Z
MM,AT,1, 130,1,1,,'Microjointbreite mittlere Kontur   ',,'mm',Z
MM,AT,1, 140,1,1,,'Microjointbreite grosse Kontur     ',,'mm',Z
MM,AT,1, 150,1,1,,'Konturausdehnung min X autom. Microjoint',,'mm',Z
MM,AT,1, 160,1,1,,'Konturausdehnung max X autom. Microjoint',,'mm',Z
MM,AT,1, 170,1,1,,'Konturausdehnung min Y autom. Microjoint',,'mm',Z
MM,AT,1, 180,1,1,,'Konturausdehnung max Y autom. Microjoint',,'mm',Z
MM,AT,1, 190,1,1,,'Einstechart nach Microjoint        ',,'',Z
MM,AT,1, 500,1,1,,'TRUMPF-Kennung                     ',,'',Z
C
ZA,DA,1
DA,'MIJO-1',1,0,0,0,1,-1,-1,-1,-1,11,1
C
ENDE_MICROJOINT
C
BEGIN_PROGRAM_PROPERTIES
C
ZA,MM,10
MM,AT,1,10,1,1,,'SyncDataChangePierceToCut',,'',Z
MM,AT,1,20,1,1,,'ProgramType',,'',Z
MM,AT,1,30,1,1,,'ProgramedClampPositionsObligatory',,'Bool',Z
MM,AT,1,40,1,1,,'ReentryRestriction',,'',Z
MM,AT,1,50,1,1,,'ContourLineAdjustmentActive',,'Bool',Z
MM,AT,1,60,1,1,,'FinishedPartSupportNumber',,'',Z
MM,AT,1,70,1,1,,'BevelCuttingVersion',,'',Z
MM,AT,1,80,1,1,,'FluidSprayMode',,'',Z
MM,AT,1,90,1,1,,'RetractableClampsRequired',,'Bool',Z
MM,AT,1,100,1,1,,'AdjustLineLevel',,'',Z
C
ZA,DA,1
DA,0,3,0,0,0,0,0,0,0,0
C
ENDE_PROGRAM_PROPERTIES
C
BEGIN_PROGRAMM
C
ZA,MM,4
MM,AT,1, 10,1,1,,,,,T
MM,AT,1, 20,1,1,,,,,T
MM,AT,1, 30,1,1,,,,,T
MM,AT,1, 40,1,1,,,,,Z
C
ZA,DA,2
DA,'L138099','UP',,
START_TEXT
N10G91
N20TC_POS_LEVEL(40.0)
N30TC_LASER_ON(1,"AL010MD0-N2S0-30-2",10,100)
N40TC_LASERCORR_ON(T_LEFT)
N50G01X-0.075Y-2.999
N60G03X0.25Y19.997I0.25J9.997
N70X0.25Y-19.997I0J-10
N80TC_LASER_OFF(1)
N90TC_LASERCORR_OFF
N100G01X-0.425Y67.999
N110TC_LASER_ON(1,"AL010MD0-N2S0-30-2",10,100)
N120TC_LASERCORR_ON(T_LEFT)
N130X-0.075Y-2.999
N140G03X0.25Y19.997I0.25J9.997
N150X0.25Y-19.997I0J-10
N160TC_LASER_OFF(1)
N170TC_LASERCORR_OFF
N180G01X64.791Y-64.918
N190TC_LASER_ON(1,"AL010MD0-N2S0-30-2",10,100)
N200TC_LASERCORR_ON(T_LEFT)
N210Y-3
N220X10.25
N230Y10
N240G03X26.142Y26.142I-10J36.142
N250G01X28.858
N260G03Y20I0J10
N270G01X-28.858
N280G03X-26.142Y26.142I-36.142J-10
N290G01Y10
N300X-20
N310Y-10
N320G03X-26.143Y-26.142I10J-36.142
N330G01X-28.857
N340G03Y-20I0J-10
N350G01X28.857
N360G03X26.143Y-26.142I36.143J10
N370G01Y-10
N380X10.25
N390TC_LASER_OFF(1)
N400TC_LASERCORR_OFF
N410X64.284Y70.917
N420TC_LASER_ON(1,"AL010MD0-N2S0-30-2",10,100)
N430TC_LASERCORR_ON(T_LEFT)
N440X-0.075Y-2.999
N450G03X0.25Y19.997I0.25J9.997
N460X0.25Y-19.997I0J-10
N470TC_LASER_OFF(1)
N480TC_LASERCORR_OFF
N490G01X-0.425Y-62.001
N500TC_LASER_ON(1,"AL010MD0-N2S0-30-2",10,100)
N510TC_LASERCORR_ON(T_LEFT)
N520X-0.075Y-2.999
N530G03X0.25Y19.997I0.25J9.997
N540X0.25Y-19.997I0J-10
N550TC_LASER_OFF(1)
N560TC_LASERCORR_OFF
N570G01X24.75Y9.997
N580TC_LASER_ON(11,"AL010MD0-N2S0-30-2",0,100)
N590TC_LASERCORR_ON(T_LEFT)
N600X-0.002Y-0.3
N610G02X-24.998Y-24.7I-24.998J0.3
N620G01X-130
N630G02X-25Y25I0J25
N640TC_LASER_OFF(1)
N650TC_LASERCORR_OFF
N660G01X0Y65
N670TC_LASER_ON(11,"AL010MD0-N2S0-30-2",0,100)
N680TC_LASERCORR_ON(T_LEFT)
N690X0.002Y0.3
N700G02X24.998Y24.7I24.998J-0.3
N710G01X130
N720G02X25Y-25I0J-25
N730TC_LASER_OFF(1)
N740TC_LASERCORR_OFF
N750G01
N760G90
N770M17
N780M02
STOP_TEXT
C
DA,'38099','HP',,
START_TEXT
N10MSG("PROGRAM NUMBER,38099")
N20MSG("SHEET Al99 : 180.0 x 375.0 x 0.8")
N30MSG("MSG,PART #:Pieza_prueba_Maxwell_2 QTY 1")
N40G71
N50F82000
N60TC_PCS_PIERCE
N70TC_POS_LEVEL(40.0)
N80TC_SHEET_TECH("SHT-1")
N90TC_SHEET_LOAD("SHL-1")
N100TC_MICROJOINT("MIJO-1")
N110 ;GOTOF ENTRY_LASER
N120;ENTRY_LASER:
N130;(PART NUMBER: L138099  Pieza_prueba_Maxwell_2 NUMBER:1)
N140G01X24.825Y28.002
N150L138099
N160TC_LASER_OFF(2)
N170M30
STOP_TEXT
ENDE_PROGRAMM
ED


