BD
SET_METRIC
C
BEGIN_EINRICHTEPLAN_INFO
C
ZA,MM,4
MM,AT,1, 60,1,1,,,,,T
MM,AT,1, 100,1,1,,,,,T
MM,AT,1,150,1,1,,'Maschinenzeit',,'min',Z
MM,AT,1,170,1,1,,,,,T
ZA,DA,1
C
DA,38101,1,47.94,1
C
ENDE_EINRICHTEPLAN_INFO
C
BEGIN_SHEET_TECH
C
ZA,MM,7
MM,AT,1,10,1,1,,,,,T
MM,AT,1,20,1,1,,,,'mm',Z
MM,AT,1,30,1,1,,,,'mm',Z
MM,AT,1,40,1,1,,,,'mm',Z
MM,AT,1,220,1,1,,,,'mm',Z
MM,AT,1,230,1,1,,,,'mm',Z
MM,AT,1,240,1,1,,'Materialkennung',,'',T
C
ZA,DA,1
DA,'SHT-1',293.0,422.0,0.8,293.0,422.0,'Al99'
C
ENDE_SHEET_TECH
C
BEGIN_SHEET_LOAD
C
ZA,MM,10
MM,AT,1,10,1,1,,'Table identifier',,,T
MM,AT,1,500,1,1,,'Loading unit',,,Z
MM,AT,1,620,1,1,,'Sheet stopper',,,Z
MM,AT,1,630,1,1,,'Measure sheet position',,,Z
MM,AT,1,640,1,1,,'Measure range in X',,'mm',Z
MM,AT,1,650,1,1,,'Measure range in Y',,'mm',Z
MM,AT,1,660,1,1,,'Calibration',,'Bool',Z
MM,AT,1,690,1,1,,'Type of pallet change',,,Z
MM,AT,1,700,1,1,,'Measuring Corner',,,Z
MM,AT,1,710,1,1,,,,,Z
C
ZA,DA,1
DA,'SHL-1',1,1,1,100.0,100.0,1,0,1,1
C
ENDE_SHEET_LOAD
C
BEGIN_LTT_CALLS
C
ZA,MM,1
MM,AT,1,10,1,1,,,,,T
C
ZA,DA,1
DA,'AL010MD0-N2S0-30-2'
C
ENDE_LTT_CALLS
C
BEGIN_MICROJOINT
C
ZA,MM,12
MM,AT,1,  10,1,1,,'Tabellenidentifikator              ',,'',T
MM,AT,1, 100,1,1,,'programmierte Microjoints aktiv    ',,'Bool',Z
MM,AT,1, 110,1,1,,'automatische Microjoints aktiv     ',,'Bool',Z
MM,AT,1, 120,1,1,,'Microjointbreite kleine Kontur     ',,'mm',Z
MM,AT,1, 130,1,1,,'Microjointbreite mittlere Kontur   ',,'mm',Z
MM,AT,1, 140,1,1,,'Microjointbreite grosse Kontur     ',,'mm',Z
MM,AT,1, 150,1,1,,'Konturausdehnung min X autom. Microjoint',,'mm',Z
MM,AT,1, 160,1,1,,'Konturausdehnung max X autom. Microjoint',,'mm',Z
MM,AT,1, 170,1,1,,'Konturausdehnung min Y autom. Microjoint',,'mm',Z
MM,AT,1, 180,1,1,,'Konturausdehnung max Y autom. Microjoint',,'mm',Z
MM,AT,1, 190,1,1,,'Einstechart nach Microjoint        ',,'',Z
MM,AT,1, 500,1,1,,'TRUMPF-Kennung                     ',,'',Z
C
ZA,DA,1
DA,'MIJO-1',1,0,0,0,1,-1,-1,-1,-1,11,1
C
ENDE_MICROJOINT
C
BEGIN_PROGRAM_PROPERTIES
C
ZA,MM,10
MM,AT,1,10,1,1,,'SyncDataChangePierceToCut',,'',Z
MM,AT,1,20,1,1,,'ProgramType',,'',Z
MM,AT,1,30,1,1,,'ProgramedClampPositionsObligatory',,'Bool',Z
MM,AT,1,40,1,1,,'ReentryRestriction',,'',Z
MM,AT,1,50,1,1,,'ContourLineAdjustmentActive',,'Bool',Z
MM,AT,1,60,1,1,,'FinishedPartSupportNumber',,'',Z
MM,AT,1,70,1,1,,'BevelCuttingVersion',,'',Z
MM,AT,1,80,1,1,,'FluidSprayMode',,'',Z
MM,AT,1,90,1,1,,'RetractableClampsRequired',,'Bool',Z
MM,AT,1,100,1,1,,'AdjustLineLevel',,'',Z
C
ZA,DA,1
DA,0,3,0,0,0,0,0,0,0,0
C
ENDE_PROGRAM_PROPERTIES
C
BEGIN_PROGRAMM
C
ZA,MM,4
MM,AT,1, 10,1,1,,,,,T
MM,AT,1, 20,1,1,,,,,T
MM,AT,1, 30,1,1,,,,,T
MM,AT,1, 40,1,1,,,,,Z
C
ZA,DA,2
DA,'L138101','UP',,
START_TEXT
N10G91
N20TC_POS_LEVEL(40.0)
N30TC_LASER_ON(1,"AL010MD0-N2S0-30-2",10,100)
N40TC_LASERCORR_ON(T_LEFT)
N50G01X-0.242Y-2.99
N60G03X0.25Y6.19I0.25J3.09
N70X0.25Y-6.19I0J-3.1
N80TC_LASER_OFF(1)
N90TC_LASERCORR_OFF
N100G01X17.05Y-7.91
N110TC_LASER_ON(1,"AL010MD0-N2S0-30-2",10,100)
N120TC_LASERCORR_ON(T_LEFT)
N130X-0.249Y-2.236
N140G03X0.249Y4.486I0.249J2.236
N150X0.249Y-4.486I0J-2.25
N160TC_LASER_OFF(1)
N170TC_LASERCORR_OFF
N180G01X6.123Y22.807
N190TC_LASER_ON(1,"AL010MD0-N2S0-30-2",10,100)
N200TC_LASERCORR_ON(T_LEFT)
N210X-0.25Y-2.236
N220G03X0.25Y4.486I0.25J2.236
N230X0.249Y-4.486I0J-2.25
N240TC_LASER_OFF(1)
N250TC_LASERCORR_OFF
N260G01X9.815Y-4.299
N270TC_LASER_ON(1,"AL010MD0-N2S0-30-2",10,100)
N280TC_LASERCORR_ON(T_LEFT)
N290X-0.249Y-1.581
N300G03X0.249Y3.181I0.249J1.581
N310X0.249Y-3.181I0J-1.6
N320TC_LASER_OFF(1)
N330TC_LASERCORR_OFF
N340G01X9.815Y-4.955
N350TC_LASER_ON(1,"AL010MD0-N2S0-30-2",10,100)
N360TC_LASERCORR_ON(T_LEFT)
N370X-0.249Y-2.236
N380G03X0.249Y4.486I0.249J2.236
N390X0.249Y-4.486I0J-2.25
N400TC_LASER_OFF(1)
N410TC_LASERCORR_OFF
N420G01X-4.571Y18.159
N430TC_LASER_ON(1,"AL010MD0-N2S0-30-2",10,100)
N440TC_LASERCORR_ON(T_LEFT)
N450X-1.634Y-2.516
N460X13.838Y-8.987
N470G03X5.446Y8.387I2.723J4.194
N480G01X-27.257Y17.701
N490G03X-5.446Y-8.387I-2.723J-4.194
N500G01X13.838Y-8.986
N510TC_LASER_OFF(1)
N520TC_LASERCORR_OFF
N530X26.037Y-20.635
N540TC_LASER_ON(1,"AL010MD0-N2S0-30-2",10,100)
N550TC_LASERCORR_ON(T_LEFT)
N560X-0.249Y-2.236
N570G03X0.249Y4.486I0.249J2.236
N580X0.249Y-4.486I0J-2.25
N590TC_LASER_OFF(1)
N600TC_LASERCORR_OFF
N610G01X5.401Y40.536
N620TC_LASER_ON(1,"AL010MD0-N2S0-30-2",10,100)
N630TC_LASERCORR_ON(T_RIGHT)
N640Y-3
N650X-3.5
N660Y10
N670X6.5
N680Y-10
N690X-3.5
N700TC_LASER_OFF(1)
N710TC_LASERCORR_OFF
N720X-28.507Y41.311
N730TC_LASER_ON(1,"AL010MD0-N2S0-30-2",10,100)
N740TC_LASERCORR_ON(T_LEFT)
N750X0.283Y-0.282
N760X2.546Y2.545
N770G03X-0.566Y0.566I-0.283J0.283
N780G01X-4.737Y-4.738
N790G03X0.565Y-0.565I0.282J-0.283
N800G01X2.546Y2.545
N810TC_LASER_OFF(1)
N820TC_LASERCORR_OFF
N830X-34.388Y-38.282
N840TC_LASER_ON(1,"AL010MD0-N2S0-30-2",10,100)
N850TC_LASERCORR_ON(T_LEFT)
N860X-0.242Y-2.99
N870G03X0.25Y6.19I0.25J3.09
N880X0.25Y-6.19I0J-3.1
N890TC_LASER_OFF(1)
N900TC_LASERCORR_OFF
N910G01X73.75Y73.59
N920TC_LASER_ON(1,"AL010MD0-N2S0-30-2",10,100)
N930TC_LASERCORR_ON(T_LEFT)
N940X-0.249Y-1.732
N950G03X0.249Y3.482I0.249J1.732
N960X0.249Y-3.482I0J-1.75
N970TC_LASER_OFF(1)
N980TC_LASERCORR_OFF
N990G01X40.001Y2.69
N1000TC_LASER_ON(1,"AL010MD0-N2S0-30-2",10,100)
N1010TC_LASERCORR_ON(T_RIGHT)
N1020Y-0.4
N1030X-3.6
N1040G02Y0.8I0J0.4
N1050G01X6.7
N1060G02Y-0.8I0J-0.4
N1070G01X-3.6
N1080TC_LASER_OFF(1)
N1090TC_LASERCORR_OFF
N1100X40.25Y-0.558
N1110TC_LASER_ON(1,"AL010MD0-N2S0-30-2",10,100)
N1120TC_LASERCORR_ON(T_LEFT)
N1130X-0.249Y-1.732
N1140G03X0.249Y3.482I0.249J1.732
N1150X0.249Y-3.482I0J-1.75
N1160TC_LASER_OFF(1)
N1170TC_LASERCORR_OFF
N1180G01X40.008Y-30.657
N1190TC_LASER_ON(1,"AL010MD0-N2S0-30-2",10,100)
N1200TC_LASERCORR_ON(T_RIGHT)
N1210X-0.283Y-0.282
N1220X-2.546Y2.545
N1230G02X0.566Y0.566I0.283J0.283
N1240G01X4.737Y-4.738
N1250G02X-0.565Y-0.565I-0.282J-0.283
N1260G01X-2.546Y2.545
N1270TC_LASER_OFF(1)
N1280TC_LASERCORR_OFF
N1290X-27.87Y-38.382
N1300TC_LASER_ON(1,"AL010MD0-N2S0-30-2",10,100)
N1310TC_LASERCORR_ON(T_RIGHT)
N1320Y-3
N1330X-3.5
N1340Y10
N1350X6.5
N1360Y-10
N1370X-3.5
N1380TC_LASER_OFF(1)
N1390TC_LASERCORR_OFF
N1400X62.742Y3.1
N1410TC_LASER_ON(1,"AL010MD0-N2S0-30-2",10,100)
N1420TC_LASERCORR_ON(T_LEFT)
N1430X-0.242Y-2.99
N1440G03X0.25Y6.19I0.25J3.09
N1450X0.25Y-6.19I0J-3.1
N1460TC_LASER_OFF(1)
N1470TC_LASERCORR_OFF
N1480G01X6.942Y-24.51
N1490TC_LASER_ON(1,"AL010MD0-N2S0-30-2",10,100)
N1500TC_LASERCORR_ON(T_LEFT)
N1510X-0.242Y-2.99
N1520G03X0.25Y6.19I0.25J3.09
N1530X0.25Y-6.19I0J-3.1
N1540TC_LASER_OFF(1)
N1550TC_LASERCORR_OFF
N1560G01X-53.35Y-36.91
N1570TC_LASER_ON(1,"AL010MD0-N2S0-30-2",10,100)
N1580TC_LASERCORR_ON(T_LEFT)
N1590X-0.247Y-0.969
N1600G03X0.247Y1.969I0.247J0.969
N1610X0.247Y-1.969I0J-1
N1620TC_LASER_OFF(1)
N1630TC_LASERCORR_OFF
N1640G01X-3.647Y0.969
N1650TC_LASER_ON(1,"AL010MD0-N2S0-30-2",10,100)
N1660TC_LASERCORR_ON(T_LEFT)
N1670X-0.247Y-0.969
N1680G03X0.247Y1.969I0.247J0.969
N1690X0.247Y-1.969I0J-1
N1700TC_LASER_OFF(1)
N1710TC_LASERCORR_OFF
N1720G01X-3.647Y0.969
N1730TC_LASER_ON(1,"AL010MD0-N2S0-30-2",10,100)
N1740TC_LASERCORR_ON(T_LEFT)
N1750X-0.247Y-0.969
N1760G03X0.247Y1.969I0.247J0.969
N1770X0.247Y-1.969I0J-1
N1780TC_LASER_OFF(1)
N1790TC_LASERCORR_OFF
N1800G01X-3.647Y0.969
N1810TC_LASER_ON(1,"AL010MD0-N2S0-30-2",10,100)
N1820TC_LASERCORR_ON(T_LEFT)
N1830X-0.247Y-0.969
N1840G03X0.247Y1.969I0.247J0.969
N1850X0.247Y-1.969I0J-1
N1860TC_LASER_OFF(1)
N1870TC_LASERCORR_OFF
N1880G01X88.353Y6.469
N1890X-10
N1900TC_SHEET_THICK()
N1910X13
N1920TC_LASER_ON(6,"AL010MD0-N2S0-30-2",0,100)
N1930TC_LASERCORR_ON(T_LEFT)
N1940X-3
N1950TC_LASER_ON(5,"AL010MD0-N2S0-30-2",0,100)
N1960X-9.5
N1970Y-13
N1980X-10.8
N1990Y-2.5
N2000X-50.2
N2010Y10
N2020X-6.5
N2030Y-10
N2040X-13
N2050Y10
N2060X-6.5
N2070Y-10
N2080X-100.5
N2090Y12
N2100X-60
N2110Y-12
N2120X-15.7
N2130Y2.5
N2140X-10.8
N2150Y13
N2160X-12.5
N2170TC_LASER_OFF(1)
N2180TC_LASERCORR_OFF
N2190X3Y16.5
N2200X10
N2210TC_SHEET_THICK()
N2220X-13
N2230TC_LASER_ON(6,"AL010MD0-N2S0-30-2",0,100)
N2240TC_LASERCORR_ON(T_LEFT)
N2250X3
N2260TC_LASER_ON(5,"AL010MD0-N2S0-30-2",0,100)
N2270X10.7
N2280Y12.5
N2290X9.6
N2300Y12
N2310X7.2Y7.2
N2320Y29.3
N2330X59.5Y59.5
N2340X24
N2350Y9.5
N2360X71
N2370Y-9.5
N2380X24
N2390X59.5Y-59.5
N2400Y-29.3
N2410X7.2Y-7.2
N2420Y-12
N2430X9.6
N2440Y-12.5
N2450X0.7
N2460TC_LASER_ON(6,"AL010MD0-N2S0-30-2",0,100)
N2470X13
N2480TC_LASER_OFF(1)
N2490TC_LASERCORR_OFF
N2500G01
N2510G90
N2520M17
N2530M02
STOP_TEXT
C
DA,'38101','HP',,
START_TEXT
N10MSG("PROGRAM NUMBER,38101")
N20MSG("SHEET Al99 : 293.0 x 422.0 x 0.8")
N30MSG("MSG,PART #:DXFPUNC0 QTY 1")
N40G71
N50F82000
N60TC_PCS_PIERCE
N70TC_POS_LEVEL(40.0)
N80TC_SHEET_TECH("SHT-1")
N90TC_SHEET_LOAD("SHL-1")
N100TC_MICROJOINT("MIJO-1")
N110 ;GOTOF ENTRY_LASER
N120;ENTRY_LASER:
N130;(PART NUMBER: L138101  DXFPUNC0 NUMBER:1)
N140G01X25.292Y59.9
N150L138101
N160TC_LASER_OFF(2)
N170M30
STOP_TEXT
ENDE_PROGRAMM
ED


