BD
SET_METRIC
C
BEGIN_EINRICHTEPLAN_INFO
C
ZA,MM,4
MM,AT,1, 60,1,1,,,,,T
MM,AT,1, 100,1,1,,,,,T
MM,AT,1,150,1,1,,'Maschinenzeit',,'min',Z
MM,AT,1,170,1,1,,,,,T
ZA,DA,1
C
DA,38104,1,14.76,1
C
ENDE_EINRICHTEPLAN_INFO
C
BEGIN_SHEET_TECH
C
ZA,MM,7
MM,AT,1,10,1,1,,,,,T
MM,AT,1,20,1,1,,,,'mm',Z
MM,AT,1,30,1,1,,,,'mm',Z
MM,AT,1,40,1,1,,,,'mm',Z
MM,AT,1,220,1,1,,,,'mm',Z
MM,AT,1,230,1,1,,,,'mm',Z
MM,AT,1,240,1,1,,'Materialkennung',,'',T
C
ZA,DA,1
DA,'SHT-1',200.0,135.0,0.8,200.0,135.0,'Al99'
C
ENDE_SHEET_TECH
C
BEGIN_SHEET_LOAD
C
ZA,MM,20
MM,AT,1,10,1,1,,'Table identifier',,,T
MM,AT,1,500,1,1,,'Loading unit',,,Z
MM,AT,1,520,1,1,,,,,Z
MM,AT,1,530,1,1,,,,,Z
MM,AT,1,540,1,1,,,,,Z
MM,AT,1,550,1,1,,,,,Z
MM,AT,1,580,1,1,,'Double sheet detector',,'Bool',Z
MM,AT,1,590,1,1,,'Peeling tool activated',,'Bool',Z
MM,AT,1,620,1,1,,'Sheet stopper',,,Z
MM,AT,1,630,1,1,,'Measure sheet position',,,Z
MM,AT,1,640,1,1,,'Measure range in X',,'mm',Z
MM,AT,1,650,1,1,,'Measure range in Y',,'mm',Z
MM,AT,1,660,1,1,,'Calibration',,'Bool',Z
MM,AT,1,690,1,1,,'Type of pallet change',,,Z
MM,AT,1,700,1,1,,'Measuring Corner',,,Z
MM,AT,1,710,1,1,,,,,Z
MM,AT,1,720,1,1,,,,'Bool',Z
MM,AT,1,730,1,1,,,,'Bool',Z
MM,AT,1,740,1,1,,,,'Bool',Z
MM,AT,1,750,1,1,,,,,Z
C
ZA,DA,1
DA,'SHL-1',6,0,0,0,1,1,1,1,1,100.0,100.0,1,0,1,1,0,1,0,0
C
ENDE_SHEET_LOAD
C
BEGIN_LTT_CALLS
C
ZA,MM,1
MM,AT,1,10,1,1,,,,,T
C
ZA,DA,1
DA,'AL010MD0-N2S0-30-2'
C
ENDE_LTT_CALLS
C
BEGIN_MICROJOINT
C
ZA,MM,12
MM,AT,1,  10,1,1,,'Tabellenidentifikator              ',,'',T
MM,AT,1, 100,1,1,,'programmierte Microjoints aktiv    ',,'Bool',Z
MM,AT,1, 110,1,1,,'automatische Microjoints aktiv     ',,'Bool',Z
MM,AT,1, 120,1,1,,'Microjointbreite kleine Kontur     ',,'mm',Z
MM,AT,1, 130,1,1,,'Microjointbreite mittlere Kontur   ',,'mm',Z
MM,AT,1, 140,1,1,,'Microjointbreite grosse Kontur     ',,'mm',Z
MM,AT,1, 150,1,1,,'Konturausdehnung min X autom. Microjoint',,'mm',Z
MM,AT,1, 160,1,1,,'Konturausdehnung max X autom. Microjoint',,'mm',Z
MM,AT,1, 170,1,1,,'Konturausdehnung min Y autom. Microjoint',,'mm',Z
MM,AT,1, 180,1,1,,'Konturausdehnung max Y autom. Microjoint',,'mm',Z
MM,AT,1, 190,1,1,,'Einstechart nach Microjoint        ',,'',Z
MM,AT,1, 500,1,1,,'TRUMPF-Kennung                     ',,'',Z
C
ZA,DA,1
DA,'MIJO-1',1,0,0,0,1,-1,-1,-1,-1,11,1
C
ENDE_MICROJOINT
C
BEGIN_PROGRAM_PROPERTIES
C
ZA,MM,10
MM,AT,1,10,1,1,,'SyncDataChangePierceToCut',,'',Z
MM,AT,1,20,1,1,,'ProgramType',,'',Z
MM,AT,1,30,1,1,,'ProgramedClampPositionsObligatory',,'Bool',Z
MM,AT,1,40,1,1,,'ReentryRestriction',,'',Z
MM,AT,1,50,1,1,,'ContourLineAdjustmentActive',,'Bool',Z
MM,AT,1,60,1,1,,'FinishedPartSupportNumber',,'',Z
MM,AT,1,70,1,1,,'BevelCuttingVersion',,'',Z
MM,AT,1,80,1,1,,'FluidSprayMode',,'',Z
MM,AT,1,90,1,1,,'RetractableClampsRequired',,'Bool',Z
MM,AT,1,100,1,1,,'AdjustLineLevel',,'',Z
C
ZA,DA,1
DA,0,3,0,0,0,0,0,0,0,0
C
ENDE_PROGRAM_PROPERTIES
C
BEGIN_PROGRAMM
C
ZA,MM,4
MM,AT,1, 10,1,1,,,,,T
MM,AT,1, 20,1,1,,,,,T
MM,AT,1, 30,1,1,,,,,T
MM,AT,1, 40,1,1,,,,,Z
C
ZA,DA,2
DA,'L138104','UP',,
START_TEXT
N10G91
N20MSG("START CUT SCRAP DESTROY MACRO")
N30TC_POS_LEVEL(40.0)
N40TC_LASER_ON(1,"AL010MD0-N2S0-30-2",10,100)
N50G01X-10
N60TC_LASER_OFF(1)
N70X10
N80TC_LASER_ON(5,"AL010MD0-N2S0-30-2",0,100)
N90X10
N100TC_LASER_OFF(1)
N110X-10
N120TC_LASER_ON(5,"AL010MD0-N2S0-30-2",0,100)
N130Y-10
N140TC_LASER_OFF(1)
N150Y10
N160TC_LASER_ON(5,"AL010MD0-N2S0-30-2",0,100)
N170Y10
N180MSG("END CUT SCRAP DESTROY MACRO")
N190TC_LASER_OFF(1)
N200X-0.175Y-16.998
N210TC_LASER_ON(1,"AL010MD0-N2S0-30-2",10,100)
N220TC_LASERCORR_ON(T_LEFT)
N230X-0.075Y-2.999
N240G03X0.25Y19.997I0.25J9.997
N250X0.25Y-19.997I0J-10
N260MSG("START CUT SCRAP DESTROY MACRO")
N270TC_LASER_OFF(1)
N280TC_LASERCORR_OFF
N290G01X-0.25Y74.997
N300TC_LASER_ON(1,"AL010MD0-N2S0-30-2",10,100)
N310X-10
N320TC_LASER_OFF(1)
N330X10
N340TC_LASER_ON(5,"AL010MD0-N2S0-30-2",0,100)
N350X10
N360TC_LASER_OFF(1)
N370X-10
N380TC_LASER_ON(5,"AL010MD0-N2S0-30-2",0,100)
N390Y-10
N400TC_LASER_OFF(1)
N410Y10
N420TC_LASER_ON(5,"AL010MD0-N2S0-30-2",0,100)
N430Y10
N440MSG("END CUT SCRAP DESTROY MACRO")
N450TC_LASER_OFF(1)
N460X-0.175Y-16.998
N470TC_LASER_ON(1,"AL010MD0-N2S0-30-2",10,100)
N480TC_LASERCORR_ON(T_LEFT)
N490X-0.075Y-2.999
N500G03X0.25Y19.997I0.25J9.997
N510X0.25Y-19.997I0J-10
N520TC_LASER_OFF(1)
N530TC_LASERCORR_OFF
N540G01X64.791Y-64.918
N550TC_LASER_ON(1,"AL010MD0-N2S0-30-2",10,100)
N560TC_LASERCORR_ON(T_LEFT)
N570Y-3
N580X10.25
N590Y10
N600G03X26.142Y26.142I-10J36.142
N610G01X28.858
N620G03Y20I0J10
N630G01X-28.858
N640G03X-26.142Y26.142I-36.142J-10
N650G01Y10
N660X-20
N670Y-10
N680G03X-26.143Y-26.142I10J-36.142
N690G01X-28.857
N700G03Y-20I0J-10
N710G01X28.857
N720G03X26.143Y-26.142I36.143J10
N730G01Y-10
N740X10.25
N750MSG("START CUT SCRAP DESTROY MACRO")
N760TC_LASER_OFF(1)
N770TC_LASERCORR_OFF
N780X64.459Y77.915
N790TC_LASER_ON(1,"AL010MD0-N2S0-30-2",10,100)
N800X-10
N810TC_LASER_OFF(1)
N820X10
N830TC_LASER_ON(5,"AL010MD0-N2S0-30-2",0,100)
N840X10
N850TC_LASER_OFF(1)
N860X-10
N870TC_LASER_ON(5,"AL010MD0-N2S0-30-2",0,100)
N880Y-10
N890TC_LASER_OFF(1)
N900Y10
N910TC_LASER_ON(5,"AL010MD0-N2S0-30-2",0,100)
N920Y10
N930MSG("END CUT SCRAP DESTROY MACRO")
N940TC_LASER_OFF(1)
N950X-0.175Y-16.998
N960TC_LASER_ON(1,"AL010MD0-N2S0-30-2",10,100)
N970TC_LASERCORR_ON(T_LEFT)
N980X-0.075Y-2.999
N990G03X0.25Y19.997I0.25J9.997
N1000X0.25Y-19.997I0J-10
N1010MSG("START CUT SCRAP DESTROY MACRO")
N1020TC_LASER_OFF(1)
N1030TC_LASERCORR_OFF
N1040G01X-0.25Y-55.003
N1050TC_LASER_ON(1,"AL010MD0-N2S0-30-2",10,100)
N1060X-10
N1070TC_LASER_OFF(1)
N1080X10
N1090TC_LASER_ON(5,"AL010MD0-N2S0-30-2",0,100)
N1100X10
N1110TC_LASER_OFF(1)
N1120X-10
N1130TC_LASER_ON(5,"AL010MD0-N2S0-30-2",0,100)
N1140Y-10
N1150TC_LASER_OFF(1)
N1160Y10
N1170TC_LASER_ON(5,"AL010MD0-N2S0-30-2",0,100)
N1180Y10
N1190MSG("END CUT SCRAP DESTROY MACRO")
N1200TC_LASER_OFF(1)
N1210X-0.175Y-16.998
N1220TC_LASER_ON(1,"AL010MD0-N2S0-30-2",10,100)
N1230TC_LASERCORR_ON(T_LEFT)
N1240X-0.075Y-2.999
N1250G03X0.25Y19.997I0.25J9.997
N1260X0.25Y-19.997I0J-10
N1270TC_LASER_OFF(1)
N1280TC_LASERCORR_OFF
N1290G01X19.35Y-9.999
N1300TC_LASER_ON(1,"AL010MD0-N2S0-30-2",10,100)
N1310TC_LASERCORR_ON(T_RIGHT)
N1320X-2.1Y2.142
N1330G03X7.5Y17.854I-17.5J17.854
N1340G01Y65
N1350G03X-25Y25I-25J0
N1360G01X-130
N1370G03X-25Y-25I0J-25
N1380G01Y-65
N1390G03X25Y-25I25J0
N1400G01X130
N1410G03X17.854Y7.5I0J25
N1420TC_LASER_OFF(1)
N1430TC_LASERCORR_OFF
N1440G01
N1450G90
N1460M17
N1470M02
STOP_TEXT
C
DA,'38104','HP',,
START_TEXT
N10MSG("PROGRAM NUMBER,38104")
N20MSG("SHEET Al99 : 200.0 x 135.0 x 0.8")
N30MSG("MSG,PART #:Pieza_prueba_Maxwell_2 QTY 1")
N40G71
N50F82000
N60TC_PCS_PIERCE
N70TC_POS_LEVEL(40.0)
N80TC_SHEET_TECH("SHT-1")
N90TC_SHEET_LOAD("SHL-1")
N100TC_MICROJOINT("MIJO-1")
N110 ;GOTOF ENTRY_LASER
N120;ENTRY_LASER:
N130;(PART NUMBER: L138104  Pieza_prueba_Maxwell_2 NUMBER:1)
N140G01X35Y35
N150L138104
N160TC_LASER_OFF(2)
N170M30
STOP_TEXT
ENDE_PROGRAMM
ED


