BD
SET_METRIC
C
BEGIN_EINRICHTEPLAN_INFO
C
ZA,MM,4
MM,AT,1, 60,1,1,,,,,T
MM,AT,1, 100,1,1,,,,,T
MM,AT,1,150,1,1,,'Maschinenzeit',,'min',Z
MM,AT,1,170,1,1,,,,,T
ZA,DA,1
C
DA,38105,1,4.07,1
C
ENDE_EINRICHTEPLAN_INFO
C
BEGIN_SHEET_TECH
C
ZA,MM,7
MM,AT,1,10,1,1,,,,,T
MM,AT,1,20,1,1,,,,'mm',Z
MM,AT,1,30,1,1,,,,'mm',Z
MM,AT,1,40,1,1,,,,'mm',Z
MM,AT,1,220,1,1,,,,'mm',Z
MM,AT,1,230,1,1,,,,'mm',Z
MM,AT,1,240,1,1,,'Materialkennung',,'',T
C
ZA,DA,1
DA,'SHT-1',245.3,107.0,0.8,245.3,107.0,'Al99'
C
ENDE_SHEET_TECH
C
BEGIN_SHEET_LOAD
C
ZA,MM,20
MM,AT,1,10,1,1,,'Table identifier',,,T
MM,AT,1,500,1,1,,'Loading unit',,,Z
MM,AT,1,520,1,1,,,,,Z
MM,AT,1,530,1,1,,,,,Z
MM,AT,1,540,1,1,,,,,Z
MM,AT,1,550,1,1,,,,,Z
MM,AT,1,580,1,1,,'Double sheet detector',,'Bool',Z
MM,AT,1,590,1,1,,'Peeling tool activated',,'Bool',Z
MM,AT,1,620,1,1,,'Sheet stopper',,,Z
MM,AT,1,630,1,1,,'Measure sheet position',,,Z
MM,AT,1,640,1,1,,'Measure range in X',,'mm',Z
MM,AT,1,650,1,1,,'Measure range in Y',,'mm',Z
MM,AT,1,660,1,1,,'Calibration',,'Bool',Z
MM,AT,1,690,1,1,,'Type of pallet change',,,Z
MM,AT,1,700,1,1,,'Measuring Corner',,,Z
MM,AT,1,710,1,1,,,,,Z
MM,AT,1,720,1,1,,,,'Bool',Z
MM,AT,1,730,1,1,,,,'Bool',Z
MM,AT,1,740,1,1,,,,'Bool',Z
MM,AT,1,750,1,1,,,,,Z
C
ZA,DA,1
DA,'SHL-1',6,0,0,0,1,1,1,1,1,100.0,100.0,1,0,1,1,0,1,0,0
C
ENDE_SHEET_LOAD
C
BEGIN_LTT_CALLS
C
ZA,MM,1
MM,AT,1,10,1,1,,,,,T
C
ZA,DA,1
DA,'AL010MD0-N2S0-30-2'
C
ENDE_LTT_CALLS
C
BEGIN_MICROJOINT
C
ZA,MM,12
MM,AT,1,  10,1,1,,'Tabellenidentifikator              ',,'',T
MM,AT,1, 100,1,1,,'programmierte Microjoints aktiv    ',,'Bool',Z
MM,AT,1, 110,1,1,,'automatische Microjoints aktiv     ',,'Bool',Z
MM,AT,1, 120,1,1,,'Microjointbreite kleine Kontur     ',,'mm',Z
MM,AT,1, 130,1,1,,'Microjointbreite mittlere Kontur   ',,'mm',Z
MM,AT,1, 140,1,1,,'Microjointbreite grosse Kontur     ',,'mm',Z
MM,AT,1, 150,1,1,,'Konturausdehnung min X autom. Microjoint',,'mm',Z
MM,AT,1, 160,1,1,,'Konturausdehnung max X autom. Microjoint',,'mm',Z
MM,AT,1, 170,1,1,,'Konturausdehnung min Y autom. Microjoint',,'mm',Z
MM,AT,1, 180,1,1,,'Konturausdehnung max Y autom. Microjoint',,'mm',Z
MM,AT,1, 190,1,1,,'Einstechart nach Microjoint        ',,'',Z
MM,AT,1, 500,1,1,,'TRUMPF-Kennung                     ',,'',Z
C
ZA,DA,1
DA,'MIJO-1',1,0,0,0,1,-1,-1,-1,-1,11,1
C
ENDE_MICROJOINT
C
BEGIN_PROGRAM_PROPERTIES
C
ZA,MM,10
MM,AT,1,10,1,1,,'SyncDataChangePierceToCut',,'',Z
MM,AT,1,20,1,1,,'ProgramType',,'',Z
MM,AT,1,30,1,1,,'ProgramedClampPositionsObligatory',,'Bool',Z
MM,AT,1,40,1,1,,'ReentryRestriction',,'',Z
MM,AT,1,50,1,1,,'ContourLineAdjustmentActive',,'Bool',Z
MM,AT,1,60,1,1,,'FinishedPartSupportNumber',,'',Z
MM,AT,1,70,1,1,,'BevelCuttingVersion',,'',Z
MM,AT,1,80,1,1,,'FluidSprayMode',,'',Z
MM,AT,1,90,1,1,,'RetractableClampsRequired',,'Bool',Z
MM,AT,1,100,1,1,,'AdjustLineLevel',,'',Z
C
ZA,DA,1
DA,0,3,0,0,0,0,0,0,0,0
C
ENDE_PROGRAM_PROPERTIES
C
BEGIN_PROGRAMM
C
ZA,MM,4
MM,AT,1, 10,1,1,,,,,T
MM,AT,1, 20,1,1,,,,,T
MM,AT,1, 30,1,1,,,,,T
MM,AT,1, 40,1,1,,,,,Z
C
ZA,DA,2
DA,'L138105','UP',,
START_TEXT
N10G91
N20TC_POS_LEVEL(40.0)
N30TC_LASER_ON(1,"AL010MD0-N2S0-30-2",10,100)
N40TC_LASERCORR_ON(T_RIGHT)
N50G01X-1.86Y2.354
N60G03X32.748Y39.721I-75.64J95.721
N70G01X-16.388
N80Y8.27
N90X-8.64Y-8.63
N100G02X-15.348Y5.891I-6.36J6.36
N110G01X-0.282Y5.469
N120X-11.26
N130X-1.47Y-12
N140X-10
N150X-1.47Y12
N160X-10.53
N170X-17.746Y-18.184
N180G02X-46.133Y5.987I-15.254J63.184
N190G01X-41.121Y22.197
N200X-12
N210Y-4
N220X-22
N230Y4
N240X-10.87
N250G03X34.142Y-54.667I116.87J35.001
N260G02X12.369Y-10.004I6.728J-4.333
N270G03X68.479Y-22.314I70.359J99.672
N280G02X31.787Y3.705I15.88J1.985
N290G03X46.125Y22.87I-29.907J118.281
N300TC_LASER_OFF(1)
N310TC_LASERCORR_OFF
N320G01
N330G90
N340M17
N350M02
STOP_TEXT
C
DA,'38105','HP',,
START_TEXT
N10MSG("PROGRAM NUMBER,38105")
N20MSG("SHEET Al99 : 245.3 x 107.0 x 0.8")
N30MSG("MSG,PART #:DXFPART7 QTY 1")
N40G71
N50F82000
N60TC_PCS_PIERCE
N70TC_POS_LEVEL(40.0)
N80TC_SHEET_TECH("SHT-1")
N90TC_SHEET_LOAD("SHL-1")
N100TC_MICROJOINT("MIJO-1")
N110 ;GOTOF ENTRY_LASER
N120;ENTRY_LASER:
N130;(PART NUMBER: L138105  DXFPART7 NUMBER:1)
N140G01X204.372Y33.915
N150L138105
N160TC_LASER_OFF(2)
N170M30
STOP_TEXT
ENDE_PROGRAMM
ED


