BD
SET_METRIC
C
BEGIN_EINRICHTEPLAN_INFO
C
ZA,MM,4
MM,AT,1, 60,1,1,,,,,T
MM,AT,1, 100,1,1,,,,,T
MM,AT,1,150,1,1,,'Maschinenzeit',,'min',Z
MM,AT,1,170,1,1,,,,,T
ZA,DA,1
C
DA,38106,1,19.91,1
C
ENDE_EINRICHTEPLAN_INFO
C
BEGIN_SHEET_TECH
C
ZA,MM,7
MM,AT,1,10,1,1,,,,,T
MM,AT,1,20,1,1,,,,'mm',Z
MM,AT,1,30,1,1,,,,'mm',Z
MM,AT,1,40,1,1,,,,'mm',Z
MM,AT,1,220,1,1,,,,'mm',Z
MM,AT,1,230,1,1,,,,'mm',Z
MM,AT,1,240,1,1,,'Materialkennung',,'',T
C
ZA,DA,1
DA,'SHT-1',313.0,182.0,0.8,313.0,182.0,'Al99'
C
ENDE_SHEET_TECH
C
BEGIN_SHEET_LOAD
C
ZA,MM,20
MM,AT,1,10,1,1,,'Table identifier',,,T
MM,AT,1,500,1,1,,'Loading unit',,,Z
MM,AT,1,520,1,1,,,,,Z
MM,AT,1,530,1,1,,,,,Z
MM,AT,1,540,1,1,,,,,Z
MM,AT,1,550,1,1,,,,,Z
MM,AT,1,580,1,1,,'Double sheet detector',,'Bool',Z
MM,AT,1,590,1,1,,'Peeling tool activated',,'Bool',Z
MM,AT,1,620,1,1,,'Sheet stopper',,,Z
MM,AT,1,630,1,1,,'Measure sheet position',,,Z
MM,AT,1,640,1,1,,'Measure range in X',,'mm',Z
MM,AT,1,650,1,1,,'Measure range in Y',,'mm',Z
MM,AT,1,660,1,1,,'Calibration',,'Bool',Z
MM,AT,1,690,1,1,,'Type of pallet change',,,Z
MM,AT,1,700,1,1,,'Measuring Corner',,,Z
MM,AT,1,710,1,1,,,,,Z
MM,AT,1,720,1,1,,,,'Bool',Z
MM,AT,1,730,1,1,,,,'Bool',Z
MM,AT,1,740,1,1,,,,'Bool',Z
MM,AT,1,750,1,1,,,,,Z
C
ZA,DA,1
DA,'SHL-1',6,0,0,0,1,1,1,1,1,100.0,100.0,1,0,1,1,0,1,0,0
C
ENDE_SHEET_LOAD
C
BEGIN_LTT_CALLS
C
ZA,MM,1
MM,AT,1,10,1,1,,,,,T
C
ZA,DA,1
DA,'AL010MD0-N2S0-30-2'
C
ENDE_LTT_CALLS
C
BEGIN_MICROJOINT
C
ZA,MM,12
MM,AT,1,  10,1,1,,'Tabellenidentifikator              ',,'',T
MM,AT,1, 100,1,1,,'programmierte Microjoints aktiv    ',,'Bool',Z
MM,AT,1, 110,1,1,,'automatische Microjoints aktiv     ',,'Bool',Z
MM,AT,1, 120,1,1,,'Microjointbreite kleine Kontur     ',,'mm',Z
MM,AT,1, 130,1,1,,'Microjointbreite mittlere Kontur   ',,'mm',Z
MM,AT,1, 140,1,1,,'Microjointbreite grosse Kontur     ',,'mm',Z
MM,AT,1, 150,1,1,,'Konturausdehnung min X autom. Microjoint',,'mm',Z
MM,AT,1, 160,1,1,,'Konturausdehnung max X autom. Microjoint',,'mm',Z
MM,AT,1, 170,1,1,,'Konturausdehnung min Y autom. Microjoint',,'mm',Z
MM,AT,1, 180,1,1,,'Konturausdehnung max Y autom. Microjoint',,'mm',Z
MM,AT,1, 190,1,1,,'Einstechart nach Microjoint        ',,'',Z
MM,AT,1, 500,1,1,,'TRUMPF-Kennung                     ',,'',Z
C
ZA,DA,1
DA,'MIJO-1',1,0,0,0,1,-1,-1,-1,-1,11,1
C
ENDE_MICROJOINT
C
BEGIN_PROGRAM_PROPERTIES
C
ZA,MM,10
MM,AT,1,10,1,1,,'SyncDataChangePierceToCut',,'',Z
MM,AT,1,20,1,1,,'ProgramType',,'',Z
MM,AT,1,30,1,1,,'ProgramedClampPositionsObligatory',,'Bool',Z
MM,AT,1,40,1,1,,'ReentryRestriction',,'',Z
MM,AT,1,50,1,1,,'ContourLineAdjustmentActive',,'Bool',Z
MM,AT,1,60,1,1,,'FinishedPartSupportNumber',,'',Z
MM,AT,1,70,1,1,,'BevelCuttingVersion',,'',Z
MM,AT,1,80,1,1,,'FluidSprayMode',,'',Z
MM,AT,1,90,1,1,,'RetractableClampsRequired',,'Bool',Z
MM,AT,1,100,1,1,,'AdjustLineLevel',,'',Z
C
ZA,DA,1
DA,0,3,0,0,0,0,0,0,0,0
C
ENDE_PROGRAM_PROPERTIES
C
BEGIN_PROGRAMM
C
ZA,MM,4
MM,AT,1, 10,1,1,,,,,T
MM,AT,1, 20,1,1,,,,,T
MM,AT,1, 30,1,1,,,,,T
MM,AT,1, 40,1,1,,,,,Z
C
ZA,DA,2
DA,'L138106','UP',,
START_TEXT
N10G91
N20TC_POS_LEVEL(40.0)
N30TC_LASER_ON(1,"AL010MD0-N2S0-30-2",10,100)
N40TC_LASERCORR_ON(T_LEFT)
N50G01X-0.242Y-2.99
N60G03X0.25Y6.19I0.25J3.09
N70X0.25Y-6.19I0J-3.1
N80TC_LASER_OFF(1)
N90TC_LASERCORR_OFF
N100G01X17.05Y-7.91
N110TC_LASER_ON(1,"AL010MD0-N2S0-30-2",10,100)
N120TC_LASERCORR_ON(T_LEFT)
N130X-0.249Y-2.236
N140G03X0.249Y4.486I0.249J2.236
N150X0.249Y-4.486I0J-2.25
N160TC_LASER_OFF(1)
N170TC_LASERCORR_OFF
N180G01X6.123Y22.807
N190TC_LASER_ON(1,"AL010MD0-N2S0-30-2",10,100)
N200TC_LASERCORR_ON(T_LEFT)
N210X-0.25Y-2.236
N220G03X0.25Y4.486I0.25J2.236
N230X0.249Y-4.486I0J-2.25
N240TC_LASER_OFF(1)
N250TC_LASERCORR_OFF
N260G01X9.815Y-4.299
N270TC_LASER_ON(1,"AL010MD0-N2S0-30-2",10,100)
N280TC_LASERCORR_ON(T_LEFT)
N290X-0.249Y-1.581
N300G03X0.249Y3.181I0.249J1.581
N310X0.249Y-3.181I0J-1.6
N320TC_LASER_OFF(1)
N330TC_LASERCORR_OFF
N340G01X9.815Y-4.955
N350TC_LASER_ON(1,"AL010MD0-N2S0-30-2",10,100)
N360TC_LASERCORR_ON(T_LEFT)
N370X-0.249Y-2.236
N380G03X0.249Y4.486I0.249J2.236
N390X0.249Y-4.486I0J-2.25
N400MSG("START CUT SCRAP DESTROY MACRO")
N410TC_LASER_OFF(1)
N420TC_LASERCORR_OFF
N430G01X-3.272Y19.7
N440TC_LASER_ON(1,"AL010MD0-N2S0-30-2",10,100)
N450X-9.181
N460TC_LASER_OFF(1)
N470X9.181
N480TC_LASER_ON(5,"AL010MD0-N2S0-30-2",0,100)
N490X9.18
N500MSG("END CUT SCRAP DESTROY MACRO")
N510TC_LASER_OFF(1)
N520X-10.479Y-1.541
N530TC_LASER_ON(1,"AL010MD0-N2S0-30-2",10,100)
N540TC_LASERCORR_ON(T_LEFT)
N550X-1.634Y-2.516
N560X13.838Y-8.987
N570G03X5.446Y8.387I2.723J4.194
N580G01X-27.257Y17.701
N590G03X-5.446Y-8.387I-2.723J-4.194
N600G01X13.838Y-8.986
N610TC_LASER_OFF(1)
N620TC_LASERCORR_OFF
N630X26.037Y-20.635
N640TC_LASER_ON(1,"AL010MD0-N2S0-30-2",10,100)
N650TC_LASERCORR_ON(T_LEFT)
N660X-0.249Y-2.236
N670G03X0.249Y4.486I0.249J2.236
N680X0.249Y-4.486I0J-2.25
N690TC_LASER_OFF(1)
N700TC_LASERCORR_OFF
N710G01X5.401Y40.536
N720TC_LASER_ON(1,"AL010MD0-N2S0-30-2",10,100)
N730TC_LASERCORR_ON(T_RIGHT)
N740Y-3
N750X-3.5
N760Y10
N770X6.5
N780Y-10
N790X-3.5
N800TC_LASER_OFF(1)
N810TC_LASERCORR_OFF
N820X-28.507Y41.311
N830TC_LASER_ON(1,"AL010MD0-N2S0-30-2",10,100)
N840TC_LASERCORR_ON(T_LEFT)
N850X0.283Y-0.282
N860X2.546Y2.545
N870G03X-0.566Y0.566I-0.283J0.283
N880G01X-4.737Y-4.738
N890G03X0.565Y-0.565I0.282J-0.283
N900G01X2.546Y2.545
N910TC_LASER_OFF(1)
N920TC_LASERCORR_OFF
N930X-34.388Y-38.282
N940TC_LASER_ON(1,"AL010MD0-N2S0-30-2",10,100)
N950TC_LASERCORR_ON(T_LEFT)
N960X-0.242Y-2.99
N970G03X0.25Y6.19I0.25J3.09
N980X0.25Y-6.19I0J-3.1
N990TC_LASER_OFF(1)
N1000TC_LASERCORR_OFF
N1010G01X73.75Y73.59
N1020TC_LASER_ON(1,"AL010MD0-N2S0-30-2",10,100)
N1030TC_LASERCORR_ON(T_LEFT)
N1040X-0.249Y-1.732
N1050G03X0.249Y3.482I0.249J1.732
N1060X0.249Y-3.482I0J-1.75
N1070TC_LASER_OFF(1)
N1080TC_LASERCORR_OFF
N1090G01X40.001Y2.69
N1100TC_LASER_ON(1,"AL010MD0-N2S0-30-2",10,100)
N1110TC_LASERCORR_ON(T_RIGHT)
N1120Y-0.4
N1130X-3.6
N1140G02Y0.8I0J0.4
N1150G01X6.7
N1160G02Y-0.8I0J-0.4
N1170G01X-3.6
N1180TC_LASER_OFF(1)
N1190TC_LASERCORR_OFF
N1200X40.25Y-0.558
N1210TC_LASER_ON(1,"AL010MD0-N2S0-30-2",10,100)
N1220TC_LASERCORR_ON(T_LEFT)
N1230X-0.249Y-1.732
N1240G03X0.249Y3.482I0.249J1.732
N1250X0.249Y-3.482I0J-1.75
N1260TC_LASER_OFF(1)
N1270TC_LASERCORR_OFF
N1280G01X40.008Y-30.657
N1290TC_LASER_ON(1,"AL010MD0-N2S0-30-2",10,100)
N1300TC_LASERCORR_ON(T_RIGHT)
N1310X-0.283Y-0.282
N1320X-2.546Y2.545
N1330G02X0.566Y0.566I0.283J0.283
N1340G01X4.737Y-4.738
N1350G02X-0.565Y-0.565I-0.282J-0.283
N1360G01X-2.546Y2.545
N1370TC_LASER_OFF(1)
N1380TC_LASERCORR_OFF
N1390X-27.87Y-38.382
N1400TC_LASER_ON(1,"AL010MD0-N2S0-30-2",10,100)
N1410TC_LASERCORR_ON(T_RIGHT)
N1420Y-3
N1430X-3.5
N1440Y10
N1450X6.5
N1460Y-10
N1470X-3.5
N1480TC_LASER_OFF(1)
N1490TC_LASERCORR_OFF
N1500X62.742Y3.1
N1510TC_LASER_ON(1,"AL010MD0-N2S0-30-2",10,100)
N1520TC_LASERCORR_ON(T_LEFT)
N1530X-0.242Y-2.99
N1540G03X0.25Y6.19I0.25J3.09
N1550X0.25Y-6.19I0J-3.1
N1560TC_LASER_OFF(1)
N1570TC_LASERCORR_OFF
N1580G01X6.942Y-24.51
N1590TC_LASER_ON(1,"AL010MD0-N2S0-30-2",10,100)
N1600TC_LASERCORR_ON(T_LEFT)
N1610X-0.242Y-2.99
N1620G03X0.25Y6.19I0.25J3.09
N1630X0.25Y-6.19I0J-3.1
N1640TC_LASER_OFF(1)
N1650TC_LASERCORR_OFF
N1660G01X-53.35Y-36.91
N1670TC_LASER_ON(1,"AL010MD0-N2S0-30-2",10,100)
N1680TC_LASERCORR_ON(T_LEFT)
N1690X-0.247Y-0.969
N1700G03X0.247Y1.969I0.247J0.969
N1710X0.247Y-1.969I0J-1
N1720TC_LASER_OFF(1)
N1730TC_LASERCORR_OFF
N1740G01X-3.647Y0.969
N1750TC_LASER_ON(1,"AL010MD0-N2S0-30-2",10,100)
N1760TC_LASERCORR_ON(T_LEFT)
N1770X-0.247Y-0.969
N1780G03X0.247Y1.969I0.247J0.969
N1790X0.247Y-1.969I0J-1
N1800TC_LASER_OFF(1)
N1810TC_LASERCORR_OFF
N1820G01X-3.647Y0.969
N1830TC_LASER_ON(1,"AL010MD0-N2S0-30-2",10,100)
N1840TC_LASERCORR_ON(T_LEFT)
N1850X-0.247Y-0.969
N1860G03X0.247Y1.969I0.247J0.969
N1870X0.247Y-1.969I0J-1
N1880TC_LASER_OFF(1)
N1890TC_LASERCORR_OFF
N1900G01X-3.647Y0.969
N1910TC_LASER_ON(1,"AL010MD0-N2S0-30-2",10,100)
N1920TC_LASERCORR_ON(T_LEFT)
N1930X-0.247Y-0.969
N1940G03X0.247Y1.969I0.247J0.969
N1950X0.247Y-1.969I0J-1
N1960TC_LASER_OFF(1)
N1970TC_LASERCORR_OFF
N1980G01X-140.304Y-0.031
N1990TC_LASER_ON(1,"AL010MD0-N2S0-30-2",10,100)
N2000TC_LASERCORR_ON(T_LEFT)
N2010Y3
N2020X-28.343
N2030Y-12
N2040X-15.7
N2050Y2.5
N2060X-10.8
N2070Y13
N2080X-9.5
N2090Y16.5
N2100X10.7
N2110Y12.5
N2120X9.6
N2130Y12
N2140X7.2Y7.2
N2150Y29.3
N2160X59.5Y59.5
N2170X24
N2180Y9.5
N2190X71
N2200Y-9.5
N2210X24
N2220X59.5Y-59.5
N2230Y-29.3
N2240X7.2Y-7.2
N2250Y-12
N2260X9.6
N2270Y-12.5
N2280X10.7
N2290Y-16.5
N2300X-9.5
N2310Y-13
N2320X-10.8
N2330Y-2.5
N2340X-50.2
N2350Y10
N2360X-6.5
N2370Y-10
N2380X-13
N2390Y10
N2400X-6.5
N2410Y-10
N2420X-100.5
N2430Y12
N2440X-32.157
N2450TC_LASER_OFF(1)
N2460TC_LASERCORR_OFF
N2470G01
N2480G90
N2490M17
N2500M02
STOP_TEXT
C
DA,'38106','HP',,
START_TEXT
N10MSG("PROGRAM NUMBER,38106")
N20MSG("SHEET Al99 : 313.0 x 182.0 x 0.8")
N30MSG("MSG,PART #:DXFPUNC0 QTY 1")
N40G71
N50F82000
N60TC_PCS_PIERCE
N70TC_POS_LEVEL(40.0)
N80TC_SHEET_TECH("SHT-1")
N90TC_SHEET_LOAD("SHL-1")
N100TC_MICROJOINT("MIJO-1")
N110 ;GOTOF ENTRY_LASER
N120;ENTRY_LASER:
N130;(PART NUMBER: L138106  DXFPUNC0 NUMBER:1)
N140G01X35.292Y59.9
N150L138106
N160TC_LASER_OFF(2)
N170M30
STOP_TEXT
ENDE_PROGRAMM
ED


