BD
SET_METRIC
C
BEGIN_EINRICHTEPLAN_INFO
C
ZA,MM,4
MM,AT,1, 60,1,1,,,,,T
MM,AT,1, 100,1,1,,,,,T
MM,AT,1,150,1,1,,'Maschinenzeit',,'min',Z
MM,AT,1,170,1,1,,,,,T
ZA,DA,1
C
DA,38107,1,9.95,1
C
ENDE_EINRICHTEPLAN_INFO
C
BEGIN_SHEET_TECH
C
ZA,MM,7
MM,AT,1,10,1,1,,,,,T
MM,AT,1,20,1,1,,,,'mm',Z
MM,AT,1,30,1,1,,,,'mm',Z
MM,AT,1,40,1,1,,,,'mm',Z
MM,AT,1,220,1,1,,,,'mm',Z
MM,AT,1,230,1,1,,,,'mm',Z
MM,AT,1,240,1,1,,'Materialkennung',,'',T
C
ZA,DA,1
DA,'SHT-1',223.3,195.3,0.8,223.3,195.3,'Al99'
C
ENDE_SHEET_TECH
C
BEGIN_SHEET_LOAD
C
ZA,MM,20
MM,AT,1,10,1,1,,'Table identifier',,,T
MM,AT,1,500,1,1,,'Loading unit',,,Z
MM,AT,1,520,1,1,,,,,Z
MM,AT,1,530,1,1,,,,,Z
MM,AT,1,540,1,1,,,,,Z
MM,AT,1,550,1,1,,,,,Z
MM,AT,1,580,1,1,,'Double sheet detector',,'Bool',Z
MM,AT,1,590,1,1,,'Peeling tool activated',,'Bool',Z
MM,AT,1,620,1,1,,'Sheet stopper',,,Z
MM,AT,1,630,1,1,,'Measure sheet position',,,Z
MM,AT,1,640,1,1,,'Measure range in X',,'mm',Z
MM,AT,1,650,1,1,,'Measure range in Y',,'mm',Z
MM,AT,1,660,1,1,,'Calibration',,'Bool',Z
MM,AT,1,690,1,1,,'Type of pallet change',,,Z
MM,AT,1,700,1,1,,'Measuring Corner',,,Z
MM,AT,1,710,1,1,,,,,Z
MM,AT,1,720,1,1,,,,'Bool',Z
MM,AT,1,730,1,1,,,,'Bool',Z
MM,AT,1,740,1,1,,,,'Bool',Z
MM,AT,1,750,1,1,,,,,Z
C
ZA,DA,1
DA,'SHL-1',6,0,0,0,1,1,1,1,1,100.0,100.0,1,0,1,1,0,1,0,0
C
ENDE_SHEET_LOAD
C
BEGIN_LTT_CALLS
C
ZA,MM,1
MM,AT,1,10,1,1,,,,,T
C
ZA,DA,1
DA,'AL010MD0-N2S0-30-2'
C
ENDE_LTT_CALLS
C
BEGIN_MICROJOINT
C
ZA,MM,12
MM,AT,1,  10,1,1,,'Tabellenidentifikator              ',,'',T
MM,AT,1, 100,1,1,,'programmierte Microjoints aktiv    ',,'Bool',Z
MM,AT,1, 110,1,1,,'automatische Microjoints aktiv     ',,'Bool',Z
MM,AT,1, 120,1,1,,'Microjointbreite kleine Kontur     ',,'mm',Z
MM,AT,1, 130,1,1,,'Microjointbreite mittlere Kontur   ',,'mm',Z
MM,AT,1, 140,1,1,,'Microjointbreite grosse Kontur     ',,'mm',Z
MM,AT,1, 150,1,1,,'Konturausdehnung min X autom. Microjoint',,'mm',Z
MM,AT,1, 160,1,1,,'Konturausdehnung max X autom. Microjoint',,'mm',Z
MM,AT,1, 170,1,1,,'Konturausdehnung min Y autom. Microjoint',,'mm',Z
MM,AT,1, 180,1,1,,'Konturausdehnung max Y autom. Microjoint',,'mm',Z
MM,AT,1, 190,1,1,,'Einstechart nach Microjoint        ',,'',Z
MM,AT,1, 500,1,1,,'TRUMPF-Kennung                     ',,'',Z
C
ZA,DA,1
DA,'MIJO-1',1,0,0,0,1,-1,-1,-1,-1,11,1
C
ENDE_MICROJOINT
C
BEGIN_PROGRAM_PROPERTIES
C
ZA,MM,10
MM,AT,1,10,1,1,,'SyncDataChangePierceToCut',,'',Z
MM,AT,1,20,1,1,,'ProgramType',,'',Z
MM,AT,1,30,1,1,,'ProgramedClampPositionsObligatory',,'Bool',Z
MM,AT,1,40,1,1,,'ReentryRestriction',,'',Z
MM,AT,1,50,1,1,,'ContourLineAdjustmentActive',,'Bool',Z
MM,AT,1,60,1,1,,'FinishedPartSupportNumber',,'',Z
MM,AT,1,70,1,1,,'BevelCuttingVersion',,'',Z
MM,AT,1,80,1,1,,'FluidSprayMode',,'',Z
MM,AT,1,90,1,1,,'RetractableClampsRequired',,'Bool',Z
MM,AT,1,100,1,1,,'AdjustLineLevel',,'',Z
C
ZA,DA,1
DA,0,3,0,0,0,0,0,0,0,0
C
ENDE_PROGRAM_PROPERTIES
C
BEGIN_PROGRAMM
C
ZA,MM,4
MM,AT,1, 10,1,1,,,,,T
MM,AT,1, 20,1,1,,,,,T
MM,AT,1, 30,1,1,,,,,T
MM,AT,1, 40,1,1,,,,,Z
C
ZA,DA,2
DA,'L138107','UP',,
START_TEXT
N10G91
N20TC_POS_LEVEL(40.0)
N30TC_LASER_ON(1,"AL010MD0-N2S0-30-2",10,100)
N40TC_LASERCORR_ON(T_LEFT)
N50G01X2.126Y-2.116
N60G02X23.062Y17.737I78.312J-77.959
N70G03X-5.5Y9.526I-2.75J4.763
N80X-44.472Y-44.472I60.75J-105.222
N90X9.526Y-5.5I4.763J-2.75
N100G02X17.737Y23.062I95.696J-55.25
N110TC_LASER_OFF(1)
N120TC_LASERCORR_OFF
N130G01X67.875Y59.691
N140TC_LASER_ON(1,"AL010MD0-N2S0-30-2",10,100)
N150TC_LASERCORR_ON(T_LEFT)
N160X-0.166Y-2.996
N170G03X0.25Y8.993I0.25J4.493
N180X0.249Y-8.993I0J-4.5
N190TC_LASER_OFF(1)
N200TC_LASERCORR_OFF
N210G01X19.667Y2.996
N220TC_LASER_ON(1,"AL010MD0-N2S0-30-2",10,100)
N230TC_LASERCORR_ON(T_LEFT)
N240X-0.166Y-2.996
N250G03X0.25Y8.993I0.25J4.493
N260X0.249Y-8.993I0J-4.5
N270TC_LASER_OFF(1)
N280TC_LASERCORR_OFF
N290G01X-0.333Y23.996
N300TC_LASER_ON(1,"AL010MD0-N2S0-30-2",10,100)
N310TC_LASERCORR_ON(T_LEFT)
N320X-0.166Y-2.996
N330G03X0.25Y8.993I0.25J4.493
N340X0.249Y-8.993I0J-4.5
N350TC_LASER_OFF(1)
N360TC_LASERCORR_OFF
N370G01X-20.333Y2.996
N380TC_LASER_ON(1,"AL010MD0-N2S0-30-2",10,100)
N390TC_LASERCORR_ON(T_LEFT)
N400X-0.166Y-2.996
N410G03X0.25Y8.993I0.25J4.493
N420X0.249Y-8.993I0J-4.5
N430TC_LASER_OFF(1)
N440TC_LASERCORR_OFF
N450G01X-0.333Y38.496
N460TC_LASER_ON(1,"AL010MD0-N2S0-30-2",10,100)
N470TC_LASERCORR_ON(T_LEFT)
N480X-0.166Y-2.996
N490G03X0.25Y8.993I0.25J4.493
N500X0.249Y-8.993I0J-4.5
N510TC_LASER_OFF(1)
N520TC_LASERCORR_OFF
N530G01X19.667Y2.996
N540TC_LASER_ON(1,"AL010MD0-N2S0-30-2",10,100)
N550TC_LASERCORR_ON(T_LEFT)
N560X-0.166Y-2.996
N570G03X0.25Y8.993I0.25J4.493
N580X0.249Y-8.993I0J-4.5
N590MSG("START CUT SCRAP DESTROY MACRO")
N600TC_LASER_OFF(1)
N610TC_LASERCORR_OFF
N620G01X28.5Y-83.277
N630TC_LASER_ON(1,"AL010MD0-N2S0-30-2",10,100)
N640X-16.464
N650TC_LASER_OFF(1)
N660X16.464
N670TC_LASER_ON(5,"AL010MD0-N2S0-30-2",0,100)
N680X16.465
N690MSG("END CUT SCRAP DESTROY MACRO")
N700TC_LASER_OFF(1)
N710X-26.087Y1.469
N720TC_LASER_ON(1,"AL010MD0-N2S0-30-2",10,100)
N730TC_LASERCORR_ON(T_LEFT)
N740X-0.769Y-2.899
N750G02X26.892Y-11.104I-28.358J-106.8
N760G03X5.5Y9.526I2.75J4.763
N770X-60.75Y16.278I-60.75J-105.222
N780Y-11I0J-5.5
N790G02X28.841Y-3.83I0J-110.5
N800TC_LASER_OFF(1)
N810TC_LASERCORR_OFF
N820G01X44.554Y-15.545
N830TC_LASER_ON(1,"AL010MD0-N2S0-30-2",10,100)
N840TC_LASERCORR_ON(T_LEFT)
N850X-2.598Y1.5
N860X-8.672Y-15.02
N870G02X-4.402Y-0.897I-2.598J1.5
N880G03X-146.067Y-39.139I-57.723J-76.708
N890G02X-4.261Y-1.424I-2.761J1.174
N900G01X-29.607Y17.094
N910G02X-1.223Y3.857I1.5J2.598
N920X88.563Y74.358I123.435J-57.096
N930G03X14.872Y19.331I-5.128J19.331
N940G01Y57.215
N950G02X3Y3I3J0
N960G01X34
N970G02X3Y-3I0J-3
N980G01Y-57.215
N990G03X14.871Y-19.331I20J0
N1000G02X43.478Y-20.29I-34.871J-131.454
N1010X0.87Y-3.952I-1.728J-2.452
N1020G01X-8.672Y-15.02
N1030TC_LASER_OFF(1)
N1040TC_LASERCORR_OFF
N1050G01
N1060G90
N1070M17
N1080M02
STOP_TEXT
C
DA,'38107','HP',,
START_TEXT
N10MSG("PROGRAM NUMBER,38107")
N20MSG("SHEET Al99 : 223.3 x 195.3 x 0.8")
N30MSG("MSG,PART #:DXFPAR0105 QTY 1")
N40G71
N50F82000
N60TC_PCS_PIERCE
N70TC_POS_LEVEL(40.0)
N80TC_SHEET_TECH("SHT-1")
N90TC_SHEET_LOAD("SHL-1")
N100TC_MICROJOINT("MIJO-1")
N110 ;GOTOF ENTRY_LASER
N120;ENTRY_LASER:
N130;(PART NUMBER: L138107  DXFPAR0105 NUMBER:1)
N140G01X53.274Y54.332
N150L138107
N160TC_LASER_OFF(2)
N170M30
STOP_TEXT
ENDE_PROGRAMM
ED


