BD
SET_METRIC
C
BEGIN_EINRICHTEPLAN_INFO
C
ZA,MM,4
MM,AT,1, 60,1,1,,,,,T
MM,AT,1, 100,1,1,,,,,T
MM,AT,1,150,1,1,,'Maschinenzeit',,'min',Z
MM,AT,1,170,1,1,,,,,T
ZA,DA,1
C
DA,38108,1,3.47,1
C
ENDE_EINRICHTEPLAN_INFO
C
BEGIN_SHEET_TECH
C
ZA,MM,7
MM,AT,1,10,1,1,,,,,T
MM,AT,1,20,1,1,,,,'mm',Z
MM,AT,1,30,1,1,,,,'mm',Z
MM,AT,1,40,1,1,,,,'mm',Z
MM,AT,1,220,1,1,,,,'mm',Z
MM,AT,1,230,1,1,,,,'mm',Z
MM,AT,1,240,1,1,,'Materialkennung',,'',T
C
ZA,DA,1
DA,'SHT-1',100.0,100.0,0.8,100.0,100.0,'Al99'
C
ENDE_SHEET_TECH
C
BEGIN_SHEET_LOAD
C
ZA,MM,10
MM,AT,1,10,1,1,,'Table identifier',,,T
MM,AT,1,500,1,1,,'Loading unit',,,Z
MM,AT,1,620,1,1,,'Sheet stopper',,,Z
MM,AT,1,630,1,1,,'Measure sheet position',,,Z
MM,AT,1,640,1,1,,'Measure range in X',,'mm',Z
MM,AT,1,650,1,1,,'Measure range in Y',,'mm',Z
MM,AT,1,660,1,1,,'Calibration',,'Bool',Z
MM,AT,1,690,1,1,,'Type of pallet change',,,Z
MM,AT,1,700,1,1,,'Measuring Corner',,,Z
MM,AT,1,710,1,1,,,,,Z
C
ZA,DA,1
DA,'SHL-1',1,1,0,100.0,100.0,1,0,1,1
C
ENDE_SHEET_LOAD
C
BEGIN_LTT_CALLS
C
ZA,MM,1
MM,AT,1,10,1,1,,,,,T
C
ZA,DA,1
DA,'AL010MD0-N2S0-30-2'
C
ENDE_LTT_CALLS
C
BEGIN_MICROJOINT
C
ZA,MM,12
MM,AT,1,  10,1,1,,'Tabellenidentifikator              ',,'',T
MM,AT,1, 100,1,1,,'programmierte Microjoints aktiv    ',,'Bool',Z
MM,AT,1, 110,1,1,,'automatische Microjoints aktiv     ',,'Bool',Z
MM,AT,1, 120,1,1,,'Microjointbreite kleine Kontur     ',,'mm',Z
MM,AT,1, 130,1,1,,'Microjointbreite mittlere Kontur   ',,'mm',Z
MM,AT,1, 140,1,1,,'Microjointbreite grosse Kontur     ',,'mm',Z
MM,AT,1, 150,1,1,,'Konturausdehnung min X autom. Microjoint',,'mm',Z
MM,AT,1, 160,1,1,,'Konturausdehnung max X autom. Microjoint',,'mm',Z
MM,AT,1, 170,1,1,,'Konturausdehnung min Y autom. Microjoint',,'mm',Z
MM,AT,1, 180,1,1,,'Konturausdehnung max Y autom. Microjoint',,'mm',Z
MM,AT,1, 190,1,1,,'Einstechart nach Microjoint        ',,'',Z
MM,AT,1, 500,1,1,,'TRUMPF-Kennung                     ',,'',Z
C
ZA,DA,1
DA,'MIJO-1',1,0,0,0,1,-1,-1,-1,-1,11,1
C
ENDE_MICROJOINT
C
BEGIN_PROGRAM_PROPERTIES
C
ZA,MM,10
MM,AT,1,10,1,1,,'SyncDataChangePierceToCut',,'',Z
MM,AT,1,20,1,1,,'ProgramType',,'',Z
MM,AT,1,30,1,1,,'ProgramedClampPositionsObligatory',,'Bool',Z
MM,AT,1,40,1,1,,'ReentryRestriction',,'',Z
MM,AT,1,50,1,1,,'ContourLineAdjustmentActive',,'Bool',Z
MM,AT,1,60,1,1,,'FinishedPartSupportNumber',,'',Z
MM,AT,1,70,1,1,,'BevelCuttingVersion',,'',Z
MM,AT,1,80,1,1,,'FluidSprayMode',,'',Z
MM,AT,1,90,1,1,,'RetractableClampsRequired',,'Bool',Z
MM,AT,1,100,1,1,,'AdjustLineLevel',,'',Z
C
ZA,DA,1
DA,0,3,0,0,0,0,0,0,0,0
C
ENDE_PROGRAM_PROPERTIES
C
BEGIN_PROGRAMM
C
ZA,MM,4
MM,AT,1, 10,1,1,,,,,T
MM,AT,1, 20,1,1,,,,,T
MM,AT,1, 30,1,1,,,,,T
MM,AT,1, 40,1,1,,,,,Z
C
ZA,DA,2
DA,'L138108','UP',,
START_TEXT
N10G91
N20G01X-0.086Y0.09
N30TC_POS_LEVEL(40.0)
N40TC_LASER_ON(1,"AL010MD0-N2S0-30-2",10,100)
N50X2.884Y2.771
N60G03X0.039Y0.089I-0.086J0.091
N70X-49.749Y0.249I-24.874J0.249
N80X49.749Y0.249I24.875J0
N90TC_LASER_OFF(1)
N100G01X-42.552Y17.429
N110TC_LASER_ON(1,"AL010MD0-N2S0-30-2",10,100)
N120X-25.251Y25.251
N130TC_LASER_ON(11,"AL010MD0-N2S0-30-2",0,100)
N140X-7.071Y7.071
N150TC_LASER_OFF(1)
N160X3.258Y-101.416
N170X-0.495Y9.988
N180TC_SHEET_THICK()
N190X0.644Y-12.984
N200TC_LASER_ON(6,"AL010MD0-N2S0-30-2",0,100)
N210X-0.219Y4.412
N220TC_LASER_ON(5,"AL010MD0-N2S0-30-2",0,100)
N230X-0.128Y2.579
N240G03X-0.038Y0.085I-0.124J-0.006
N250G02X-3.022Y5.752I6.978J7.336
N260TC_LASER_ON(6,"AL010MD0-N2S0-30-2",0,100)
N270X-0.125Y1.584I10J1.584
N280G01Y89.625
N290G02X0.125Y0.331I0.5J0
N300TC_LASER_ON(5,"AL010MD0-N2S0-30-2",0,100)
N310X0.044Y0.044I0.375J-0.331
N320TC_LASER_ON(6,"AL010MD0-N2S0-30-2",0,100)
N330X0.331Y0.125I0.331J-0.375
N340G01X89.625
N350G02X1.586Y-0.125I0J-10.125
N360TC_LASER_ON(5,"AL010MD0-N2S0-30-2",0,100)
N370X8.414Y-8.414I-1.586J-10
N380TC_LASER_ON(6,"AL010MD0-N2S0-30-2",0,100)
N390X0.125Y-1.586I-10J-1.586
N400G01Y-89.625
N410G02X-0.125Y-0.331I-0.5J0
N420TC_LASER_ON(5,"AL010MD0-N2S0-30-2",0,100)
N430X-0.044Y-0.044I-0.375J0.331
N440TC_LASER_ON(6,"AL010MD0-N2S0-30-2",0,100)
N450X-0.331Y-0.125I-0.331J0.375
N460G01X-89.625
N470G02X-1.586Y0.125I0J10.125
N480TC_LASER_ON(5,"AL010MD0-N2S0-30-2",0,100)
N490X-5.75Y3.022I1.586J10
N500TC_LASER_OFF(1)
N510G01
N520G90
N530M17
N540M02
STOP_TEXT
C
DA,'38108','HP',,
START_TEXT
N10MSG("PROGRAM NUMBER,38108")
N20MSG("SHEET Al99 : 100.0 x 100.0 x 0.8")
N30MSG("MSG,PART #:Pieza_prueba_Maxwell QTY 1")
N40G71
N50F82000
N60TC_PCS_PIERCE
N70TC_POS_LEVEL(40.0)
N80TC_SHEET_TECH("SHT-1")
N90TC_SHEET_LOAD("SHL-1")
N100TC_MICROJOINT("MIJO-1")
N110 ;GOTOF ENTRY_LASER
N120;ENTRY_LASER:
N130;(PART NUMBER: L138108  Pieza_prueba_Maxwell NUMBER:1)
N140G01X72.037Y46.801
N150L138108
N160TC_LASER_OFF(2)
N170M30
STOP_TEXT
ENDE_PROGRAMM
ED


