BD
SET_METRIC
C
BEGIN_EINRICHTEPLAN_INFO
C
ZA,MM,4
MM,AT,1, 60,1,1,,,,,T
MM,AT,1, 100,1,1,,,,,T
MM,AT,1,150,1,1,,'Maschinenzeit',,'min',Z
MM,AT,1,170,1,1,,,,,T
ZA,DA,1
C
DA,38110,1,2.6,1
C
ENDE_EINRICHTEPLAN_INFO
C
BEGIN_SHEET_TECH
C
ZA,MM,7
MM,AT,1,10,1,1,,,,,T
MM,AT,1,20,1,1,,,,'mm',Z
MM,AT,1,30,1,1,,,,'mm',Z
MM,AT,1,40,1,1,,,,'mm',Z
MM,AT,1,220,1,1,,,,'mm',Z
MM,AT,1,230,1,1,,,,'mm',Z
MM,AT,1,240,1,1,,'Materialkennung',,'',T
C
ZA,DA,1
DA,'SHT-1',225.8,81.9,0.8,225.8,81.9,'Al99'
C
ENDE_SHEET_TECH
C
BEGIN_SHEET_LOAD
C
ZA,MM,10
MM,AT,1,10,1,1,,'Table identifier',,,T
MM,AT,1,500,1,1,,'Loading unit',,,Z
MM,AT,1,620,1,1,,'Sheet stopper',,,Z
MM,AT,1,630,1,1,,'Measure sheet position',,,Z
MM,AT,1,640,1,1,,'Measure range in X',,'mm',Z
MM,AT,1,650,1,1,,'Measure range in Y',,'mm',Z
MM,AT,1,660,1,1,,'Calibration',,'Bool',Z
MM,AT,1,690,1,1,,'Type of pallet change',,,Z
MM,AT,1,700,1,1,,'Measuring Corner',,,Z
MM,AT,1,710,1,1,,,,,Z
C
ZA,DA,1
DA,'SHL-1',1,1,0,100.0,100.0,1,0,1,1
C
ENDE_SHEET_LOAD
C
BEGIN_LTT_CALLS
C
ZA,MM,1
MM,AT,1,10,1,1,,,,,T
C
ZA,DA,1
DA,'AL010MD0-N2S0-30-2'
C
ENDE_LTT_CALLS
C
BEGIN_MICROJOINT
C
ZA,MM,12
MM,AT,1,  10,1,1,,'Tabellenidentifikator              ',,'',T
MM,AT,1, 100,1,1,,'programmierte Microjoints aktiv    ',,'Bool',Z
MM,AT,1, 110,1,1,,'automatische Microjoints aktiv     ',,'Bool',Z
MM,AT,1, 120,1,1,,'Microjointbreite kleine Kontur     ',,'mm',Z
MM,AT,1, 130,1,1,,'Microjointbreite mittlere Kontur   ',,'mm',Z
MM,AT,1, 140,1,1,,'Microjointbreite grosse Kontur     ',,'mm',Z
MM,AT,1, 150,1,1,,'Konturausdehnung min X autom. Microjoint',,'mm',Z
MM,AT,1, 160,1,1,,'Konturausdehnung max X autom. Microjoint',,'mm',Z
MM,AT,1, 170,1,1,,'Konturausdehnung min Y autom. Microjoint',,'mm',Z
MM,AT,1, 180,1,1,,'Konturausdehnung max Y autom. Microjoint',,'mm',Z
MM,AT,1, 190,1,1,,'Einstechart nach Microjoint        ',,'',Z
MM,AT,1, 500,1,1,,'TRUMPF-Kennung                     ',,'',Z
C
ZA,DA,1
DA,'MIJO-1',1,0,0,0,1,-1,-1,-1,-1,11,1
C
ENDE_MICROJOINT
C
BEGIN_PROGRAM_PROPERTIES
C
ZA,MM,10
MM,AT,1,10,1,1,,'SyncDataChangePierceToCut',,'',Z
MM,AT,1,20,1,1,,'ProgramType',,'',Z
MM,AT,1,30,1,1,,'ProgramedClampPositionsObligatory',,'Bool',Z
MM,AT,1,40,1,1,,'ReentryRestriction',,'',Z
MM,AT,1,50,1,1,,'ContourLineAdjustmentActive',,'Bool',Z
MM,AT,1,60,1,1,,'FinishedPartSupportNumber',,'',Z
MM,AT,1,70,1,1,,'BevelCuttingVersion',,'',Z
MM,AT,1,80,1,1,,'FluidSprayMode',,'',Z
MM,AT,1,90,1,1,,'RetractableClampsRequired',,'Bool',Z
MM,AT,1,100,1,1,,'AdjustLineLevel',,'',Z
C
ZA,DA,1
DA,0,3,0,0,0,0,0,0,0,0
C
ENDE_PROGRAM_PROPERTIES
C
BEGIN_PROGRAMM
C
ZA,MM,4
MM,AT,1, 10,1,1,,,,,T
MM,AT,1, 20,1,1,,,,,T
MM,AT,1, 30,1,1,,,,,T
MM,AT,1, 40,1,1,,,,,Z
C
ZA,DA,2
DA,'L138110','UP',,
START_TEXT
N10G91
N20G01X-0.123Y0.019
N30TC_POS_LEVEL(40.0)
N40TC_LASER_ON(1,"AL010MD0-N2S0-30-2",10,100)
N50X0.602Y3.955
N60G03X-0.023Y0.092I-0.123J0.018
N70G02X-5.393Y8.008I98.522J72.167
N80TC_LASER_ON(6,"AL010MD0-N2S0-30-2",0,100)
N90X-10.092Y20.375I103.915J64.159
N100X0.092Y0.511I0.467J0.18
N110TC_LASER_ON(5,"AL010MD0-N2S0-30-2",0,100)
N120X0.339Y0.167I0.375J-0.331
N130G01X9.967Y0.715
N140G02X0.534Y-0.463I0.035J-0.499
N150G01X0.214Y-2.993
N160G03X0.535Y-0.463I0.499J0.036
N170G01X20.697Y1.484
N180G03X0.463Y0.534I-0.036J0.499
N190G01X-0.215Y2.993
N200G02X0.463Y0.534I0.499J0.036
N210G01X1.527Y0.11
N220TC_LASER_ON(6,"AL010MD0-N2S0-30-2",0,100)
N230X9.974Y0.715
N240G02X0.241Y-0.043I0.036J-0.499
N250G01X11.852Y-5.342
N260TC_LASER_ON(5,"AL010MD0-N2S0-30-2",0,100)
N270X30.665Y-13.82
N280G03X46.181Y-2.723I26.659J59.145
N290X0.232Y0.154I-0.15J0.477
N300G01X16.181Y19.149
N310G02X0.346Y0.176I0.382J-0.323
N320G01X10.015Y0.717
N330G02X0.526Y-0.402I0.036J-0.498
N340G01X2.154Y-10.996
N350G03X0.527Y-0.403I0.491J0.096
N360G01X8.871Y0.636
N370G03X0.463Y0.474I-0.036J0.499
N380G01X0.564Y11.19
N390G02X0.464Y0.474I0.5J-0.025
N400G01X0.571Y0.041
N410TC_LASER_ON(6,"AL010MD0-N2S0-30-2",0,100)
N420X9.974Y0.715
N430G02X0.363Y-0.121I0.035J-0.499
N440TC_LASER_ON(5,"AL010MD0-N2S0-30-2",0,100)
N450X0.169Y-0.317I-0.328J-0.378
N460G01X0.629Y-5.082
N470G03X15.515Y-4.715I8.807J1.096
N480G01X7.404Y8.546
N490G02X0.876Y-0.291I0.378J-0.327
N500G01X0.482Y-6.724
N510G03X0.535Y-0.463I0.499J0.036
N520G01X15.107Y1.083
N530G02X0.41Y-0.169I0.035J-0.498
N540TC_LASER_ON(6,"AL010MD0-N2S0-30-2",0,100)
N550X0.084Y-0.529I-0.375J-0.329
N560X-10.084Y-18.587I-111.984J48.725
N570TC_LASER_ON(5,"AL010MD0-N2S0-30-2",0,100)
N580X-63.168Y-48.508I-101.9J67.312
N590X-0.648Y0.372I-0.159J0.474
N600G03X-31.187Y-5.924I-15.54J-3.244
N610G02X-0.467Y-0.584I-0.493J-0.084
N620X-55.119Y9.956I-6.43J121.956
N630TC_LASER_ON(6,"AL010MD0-N2S0-30-2",0,100)
N640X-14.052Y7.223I48.689J112
N650TC_LASER_OFF(1)
N660G01X14.052Y-7.223
N670TC_SHEET_THICK()
N680X-14.052Y7.223
N690TC_LASER_ON(6,"AL010MD0-N2S0-30-2",0,100)
N700G02X14.052Y-7.223I62.741J104.777
N710TC_LASER_ON(5,"AL010MD0-N2S0-30-2",0,100)
N720X-14.189Y7.96I-13.795J7.652
N730G03X-12.905Y8.988I-6.207J4.847
N740G02X-0.739Y-0.127I-0.425J0.263
N750X-22.295Y23.417I76.522J95.179
N760TC_LASER_OFF(1)
N770G01
N780G90
N790M17
N800M02
STOP_TEXT
C
DA,'38110','HP',,
START_TEXT
N10MSG("PROGRAM NUMBER,38110")
N20MSG("SHEET Al99 : 225.8 x 81.9 x 0.8")
N30MSG("MSG,PART #:DXFPART7 QTY 1")
N40G71
N50F82000
N60TC_PCS_PIERCE
N70TC_POS_LEVEL(40.0)
N80TC_SHEET_TECH("SHT-1")
N90TC_SHEET_LOAD("SHL-1")
N100TC_MICROJOINT("MIJO-1")
N110 ;GOTOF ENTRY_LASER
N120;ENTRY_LASER:
N130;(PART NUMBER: L138110  DXFPART7 NUMBER:1)
N140G01X14.937Y45.767
N150L138110
N160TC_LASER_OFF(2)
N170M30
STOP_TEXT
ENDE_PROGRAMM
ED


