BD
SET_METRIC
C
BEGIN_EINRICHTEPLAN_INFO
C
ZA,MM,4
MM,AT,1, 60,1,1,,,,,T
MM,AT,1, 100,1,1,,,,,T
MM,AT,1,150,1,1,,'Maschinenzeit',,'min',Z
MM,AT,1,170,1,1,,,,,T
ZA,DA,1
C
DA,38109,1,21.24,1
C
ENDE_EINRICHTEPLAN_INFO
C
BEGIN_SHEET_TECH
C
ZA,MM,7
MM,AT,1,10,1,1,,,,,T
MM,AT,1,20,1,1,,,,'mm',Z
MM,AT,1,30,1,1,,,,'mm',Z
MM,AT,1,40,1,1,,,,'mm',Z
MM,AT,1,220,1,1,,,,'mm',Z
MM,AT,1,230,1,1,,,,'mm',Z
MM,AT,1,240,1,1,,'Materialkennung',,'',T
C
ZA,DA,1
DA,'SHT-1',180.0,115.0,0.8,180.0,115.0,'Al99'
C
ENDE_SHEET_TECH
C
BEGIN_SHEET_LOAD
C
ZA,MM,10
MM,AT,1,10,1,1,,'Table identifier',,,T
MM,AT,1,500,1,1,,'Loading unit',,,Z
MM,AT,1,620,1,1,,'Sheet stopper',,,Z
MM,AT,1,630,1,1,,'Measure sheet position',,,Z
MM,AT,1,640,1,1,,'Measure range in X',,'mm',Z
MM,AT,1,650,1,1,,'Measure range in Y',,'mm',Z
MM,AT,1,660,1,1,,'Calibration',,'Bool',Z
MM,AT,1,690,1,1,,'Type of pallet change',,,Z
MM,AT,1,700,1,1,,'Measuring Corner',,,Z
MM,AT,1,710,1,1,,,,,Z
C
ZA,DA,1
DA,'SHL-1',1,1,0,100.0,100.0,1,0,1,1
C
ENDE_SHEET_LOAD
C
BEGIN_LTT_CALLS
C
ZA,MM,1
MM,AT,1,10,1,1,,,,,T
C
ZA,DA,1
DA,'AL010MD0-N2S0-30-2'
C
ENDE_LTT_CALLS
C
BEGIN_MICROJOINT
C
ZA,MM,12
MM,AT,1,  10,1,1,,'Tabellenidentifikator              ',,'',T
MM,AT,1, 100,1,1,,'programmierte Microjoints aktiv    ',,'Bool',Z
MM,AT,1, 110,1,1,,'automatische Microjoints aktiv     ',,'Bool',Z
MM,AT,1, 120,1,1,,'Microjointbreite kleine Kontur     ',,'mm',Z
MM,AT,1, 130,1,1,,'Microjointbreite mittlere Kontur   ',,'mm',Z
MM,AT,1, 140,1,1,,'Microjointbreite grosse Kontur     ',,'mm',Z
MM,AT,1, 150,1,1,,'Konturausdehnung min X autom. Microjoint',,'mm',Z
MM,AT,1, 160,1,1,,'Konturausdehnung max X autom. Microjoint',,'mm',Z
MM,AT,1, 170,1,1,,'Konturausdehnung min Y autom. Microjoint',,'mm',Z
MM,AT,1, 180,1,1,,'Konturausdehnung max Y autom. Microjoint',,'mm',Z
MM,AT,1, 190,1,1,,'Einstechart nach Microjoint        ',,'',Z
MM,AT,1, 500,1,1,,'TRUMPF-Kennung                     ',,'',Z
C
ZA,DA,1
DA,'MIJO-1',1,0,0,0,1,-1,-1,-1,-1,11,1
C
ENDE_MICROJOINT
C
BEGIN_PROGRAM_PROPERTIES
C
ZA,MM,10
MM,AT,1,10,1,1,,'SyncDataChangePierceToCut',,'',Z
MM,AT,1,20,1,1,,'ProgramType',,'',Z
MM,AT,1,30,1,1,,'ProgramedClampPositionsObligatory',,'Bool',Z
MM,AT,1,40,1,1,,'ReentryRestriction',,'',Z
MM,AT,1,50,1,1,,'ContourLineAdjustmentActive',,'Bool',Z
MM,AT,1,60,1,1,,'FinishedPartSupportNumber',,'',Z
MM,AT,1,70,1,1,,'BevelCuttingVersion',,'',Z
MM,AT,1,80,1,1,,'FluidSprayMode',,'',Z
MM,AT,1,90,1,1,,'RetractableClampsRequired',,'Bool',Z
MM,AT,1,100,1,1,,'AdjustLineLevel',,'',Z
C
ZA,DA,1
DA,0,3,0,0,0,0,0,0,0,0
C
ENDE_PROGRAM_PROPERTIES
C
BEGIN_PROGRAMM
C
ZA,MM,4
MM,AT,1, 10,1,1,,,,,T
MM,AT,1, 20,1,1,,,,,T
MM,AT,1, 30,1,1,,,,,T
MM,AT,1, 40,1,1,,,,,Z
C
ZA,DA,2
DA,'L138109','UP',,
START_TEXT
N10G91
N20G01X0.084Y-0.093
N30TC_POS_LEVEL(40.0)
N40TC_LASER_ON(1,"AL010MD0-N2S0-30-2",10,100)
N50X-2.968Y-2.682
N60G03X-0.041Y-0.089I0.084J-0.093
N70X9.872Y-10.122I9.872J-0.247
N80G01X28.573
N90G02X0.481Y-0.363I0J-0.5
N100G03X25.708Y-25.708I35.946J10.238
N110G02X0.363Y-0.481I-0.137J-0.481
N120G01Y-9.09
N130G03X0.5Y-0.5I0.5J0
N140G01X18.75
N150G03X0.5Y0.5I0J0.5
N160G01Y9.09
N170G02X0.363Y0.481I0.5J0
N180G03X25.707Y25.708I-10.238J35.946
N190G02X0.481Y0.363I0.481J-0.137
N200G01X28.574
N210G03Y19.75I0J9.875
N220G01X-28.574
N230G02X-0.481Y0.363I0J0.5
N240G03X-25.707Y25.707I-35.945J-10.238
N250G02X-0.363Y0.481I0.137J0.481
N260G01Y9.091
N270G03X-0.5Y0.5I-0.5J0
N280G01X-18.75
N290G03X-0.5Y-0.5I0J-0.5
N300G01Y-9.091
N310G02X-0.363Y-0.481I-0.5J0
N320G03X-25.708Y-25.707I10.238J-35.945
N330G02X-0.481Y-0.363I-0.481J0.137
N340G01X-28.573
N350G03X-9.872Y-10.122I0J-9.875
N360TC_LASER_OFF(1)
N370G01X18.69Y31.045
N380TC_LASER_ON(1,"AL010MD0-N2S0-30-2",11,300)
N390X0.739Y0.675
N400G03X0.024Y0.053I-0.051J0.055
N410X-19.747Y0.247I-9.872J0.247
N420X19.747Y0.247I9.875J0
N430TC_LASER_OFF(1)
N440G01X-0.763Y-66.222
N450TC_LASER_ON(1,"AL010MD0-N2S0-30-2",11,300)
N460X0.739Y0.675
N470G03X0.024Y0.053I-0.051J0.055
N480X-19.747Y0.247I-9.872J0.247
N490X19.747Y0.247I9.875J0
N500TC_LASER_OFF(1)
N510G01X129.237Y-1.222
N520TC_LASER_ON(1,"AL010MD0-N2S0-30-2",11,300)
N530X0.739Y0.675
N540G03X0.024Y0.053I-0.051J0.055
N550X-19.747Y0.247I-9.872J0.247
N560X19.747Y0.247I9.875J0
N570TC_LASER_OFF(1)
N580G01X-0.763Y63.778
N590TC_LASER_ON(1,"AL010MD0-N2S0-30-2",11,300)
N600X0.739Y0.675
N610G03X0.024Y0.053I-0.051J0.055
N620X-19.747Y0.247I-9.872J0.247
N630X19.747Y0.247I9.875J0
N640TC_LASER_OFF(1)
N650G01X-157.342Y-87.276
N660TC_LASER_ON(1,"AL010MD0-N2S0-30-2",10,100)
N670X-0.08Y3.999
N680G03X-0.038Y0.087I-0.125J-0.002
N690G02X-7.412Y15.435I17.588J17.943
N700TC_LASER_ON(6,"AL010MD0-N2S0-30-2",0,100)
N710X-0.125Y2.508I25J2.508
N720G01Y65
N730G02X0.125Y2.503I25.125J0
N740TC_LASER_ON(5,"AL010MD0-N2S0-30-2",0,100)
N750X22.497Y22.497I25J-2.503
N760TC_LASER_ON(6,"AL010MD0-N2S0-30-2",0,100)
N770X2.503Y0.125I2.503J-25
N780G01X130
N790G02X2.503Y-0.125I0J-25.125
N800TC_LASER_ON(5,"AL010MD0-N2S0-30-2",0,100)
N810X22.497Y-22.497I-2.503J-25
N820TC_LASER_ON(6,"AL010MD0-N2S0-30-2",0,100)
N830X0.125Y-2.503I-25J-2.503
N840G01Y-65
N850G02X-0.125Y-2.503I-25.125J0
N860TC_LASER_ON(5,"AL010MD0-N2S0-30-2",0,100)
N870X-22.497Y-22.497I-25J2.503
N880TC_LASER_ON(6,"AL010MD0-N2S0-30-2",0,100)
N890X-2.503Y-0.125I-2.503J25
N900G01X-130
N910G02X-2.503Y0.125I0J25.125
N920TC_LASER_ON(5,"AL010MD0-N2S0-30-2",0,100)
N930X-15.44Y7.412I2.503J25
N940TC_LASER_OFF(1)
N950G01
N960G90
N970M17
N980M02
STOP_TEXT
C
DA,'38109','HP',,
START_TEXT
N10MSG("PROGRAM NUMBER,38109")
N20MSG("SHEET Al99 : 180.0 x 115.0 x 0.8")
N30MSG("MSG,PART #:Pieza_prueba_Maxwell_2 QTY 1")
N40G71
N50F82000
N60TC_PCS_PIERCE
N70TC_POS_LEVEL(40.0)
N80TC_SHEET_TECH("SHT-1")
N90TC_SHEET_LOAD("SHL-1")
N100TC_MICROJOINT("MIJO-1")
N110 ;GOTOF ENTRY_LASER
N120;ENTRY_LASER:
N130;(PART NUMBER: L138109  Pieza_prueba_Maxwell_2 NUMBER:1)
N140G01X18.344Y61.338
N150L138109
N160TC_LASER_OFF(2)
N170M30
STOP_TEXT
ENDE_PROGRAMM
ED


