BD
SET_METRIC
C
BEGIN_EINRICHTEPLAN_INFO
C
ZA,MM,4
MM,AT,1, 60,1,1,,,,,T
MM,AT,1, 100,1,1,,,,,T
MM,AT,1,150,1,1,,'Maschinenzeit',,'min',Z
MM,AT,1,170,1,1,,,,,T
ZA,DA,1
C
DA,38111,1,21.73,1
C
ENDE_EINRICHTEPLAN_INFO
C
BEGIN_SHEET_TECH
C
ZA,MM,7
MM,AT,1,10,1,1,,,,,T
MM,AT,1,20,1,1,,,,'mm',Z
MM,AT,1,30,1,1,,,,'mm',Z
MM,AT,1,40,1,1,,,,'mm',Z
MM,AT,1,220,1,1,,,,'mm',Z
MM,AT,1,230,1,1,,,,'mm',Z
MM,AT,1,240,1,1,,'Materialkennung',,'',T
C
ZA,DA,1
DA,'SHT-1',293.0,162.0,0.8,293.0,162.0,'Al99'
C
ENDE_SHEET_TECH
C
BEGIN_SHEET_LOAD
C
ZA,MM,10
MM,AT,1,10,1,1,,'Table identifier',,,T
MM,AT,1,500,1,1,,'Loading unit',,,Z
MM,AT,1,620,1,1,,'Sheet stopper',,,Z
MM,AT,1,630,1,1,,'Measure sheet position',,,Z
MM,AT,1,640,1,1,,'Measure range in X',,'mm',Z
MM,AT,1,650,1,1,,'Measure range in Y',,'mm',Z
MM,AT,1,660,1,1,,'Calibration',,'Bool',Z
MM,AT,1,690,1,1,,'Type of pallet change',,,Z
MM,AT,1,700,1,1,,'Measuring Corner',,,Z
MM,AT,1,710,1,1,,,,,Z
C
ZA,DA,1
DA,'SHL-1',1,1,0,100.0,100.0,1,0,1,1
C
ENDE_SHEET_LOAD
C
BEGIN_LTT_CALLS
C
ZA,MM,1
MM,AT,1,10,1,1,,,,,T
C
ZA,DA,1
DA,'AL010MD0-N2S0-30-2'
C
ENDE_LTT_CALLS
C
BEGIN_MICROJOINT
C
ZA,MM,12
MM,AT,1,  10,1,1,,'Tabellenidentifikator              ',,'',T
MM,AT,1, 100,1,1,,'programmierte Microjoints aktiv    ',,'Bool',Z
MM,AT,1, 110,1,1,,'automatische Microjoints aktiv     ',,'Bool',Z
MM,AT,1, 120,1,1,,'Microjointbreite kleine Kontur     ',,'mm',Z
MM,AT,1, 130,1,1,,'Microjointbreite mittlere Kontur   ',,'mm',Z
MM,AT,1, 140,1,1,,'Microjointbreite grosse Kontur     ',,'mm',Z
MM,AT,1, 150,1,1,,'Konturausdehnung min X autom. Microjoint',,'mm',Z
MM,AT,1, 160,1,1,,'Konturausdehnung max X autom. Microjoint',,'mm',Z
MM,AT,1, 170,1,1,,'Konturausdehnung min Y autom. Microjoint',,'mm',Z
MM,AT,1, 180,1,1,,'Konturausdehnung max Y autom. Microjoint',,'mm',Z
MM,AT,1, 190,1,1,,'Einstechart nach Microjoint        ',,'',Z
MM,AT,1, 500,1,1,,'TRUMPF-Kennung                     ',,'',Z
C
ZA,DA,1
DA,'MIJO-1',1,0,0,0,1,-1,-1,-1,-1,11,1
C
ENDE_MICROJOINT
C
BEGIN_PROGRAM_PROPERTIES
C
ZA,MM,10
MM,AT,1,10,1,1,,'SyncDataChangePierceToCut',,'',Z
MM,AT,1,20,1,1,,'ProgramType',,'',Z
MM,AT,1,30,1,1,,'ProgramedClampPositionsObligatory',,'Bool',Z
MM,AT,1,40,1,1,,'ReentryRestriction',,'',Z
MM,AT,1,50,1,1,,'ContourLineAdjustmentActive',,'Bool',Z
MM,AT,1,60,1,1,,'FinishedPartSupportNumber',,'',Z
MM,AT,1,70,1,1,,'BevelCuttingVersion',,'',Z
MM,AT,1,80,1,1,,'FluidSprayMode',,'',Z
MM,AT,1,90,1,1,,'RetractableClampsRequired',,'Bool',Z
MM,AT,1,100,1,1,,'AdjustLineLevel',,'',Z
C
ZA,DA,1
DA,0,3,0,0,0,0,0,0,0,0
C
ENDE_PROGRAM_PROPERTIES
C
BEGIN_PROGRAMM
C
ZA,MM,4
MM,AT,1, 10,1,1,,,,,T
MM,AT,1, 20,1,1,,,,,T
MM,AT,1, 30,1,1,,,,,T
MM,AT,1, 40,1,1,,,,,Z
C
ZA,DA,4
DA,'L138111','UP',,
START_TEXT
N10G91
N20TC_LASER_ON(11,"AL010MD0-N2S0-30-2",0,500)
N30G03X0Y0I-1J0
N40TC_LASER_OFF(4)
N50G01X3.4
N60TC_LASER_ON(11,"AL010MD0-N2S0-30-2",0,500)
N70G03X0Y0I-1J0
N80TC_LASER_OFF(4)
N90G01X3.4
N100TC_LASER_ON(11,"AL010MD0-N2S0-30-2",0,500)
N110G03X0Y0I-1J0
N120TC_LASER_OFF(4)
N130G01X3.4
N140TC_LASER_ON(11,"AL010MD0-N2S0-30-2",0,500)
N150G03X0Y0I-1J0
N160TC_LASER_OFF(4)
N170G01X-14.35Y64.3
N180TC_LASER_ON(11,"AL010MD0-N2S0-30-2",0,500)
N190Y10
N200X-6.5
N210Y-10
N220X6.5
N230TC_LASER_OFF(4)
N240X27.416Y38.837
N250TC_LASER_ON(11,"AL010MD0-N2S0-30-2",0,500)
N260G03X0.565Y0.565I0.283J0.282
N270G01X-4.737Y4.738
N280G03X-0.566Y-0.566I-0.283J-0.283
N290G01X4.738Y-4.737
N300TC_LASER_OFF(4)
N310X34.934Y-35.637
N320TC_LASER_ON(11,"AL010MD0-N2S0-30-2",0,500)
N330G03X0Y0I-3.1J0
N340TC_LASER_OFF(4)
N350G01X7.2Y-27.5
N360TC_LASER_ON(11,"AL010MD0-N2S0-30-2",0,500)
N370G03X0Y0I-3.1J0
N380TC_LASER_OFF(1)
N390G01X-82.55Y98
N400TC_LASER_ON(11,"AL010MD0-N2S0-30-2",0,500)
N410G03X0Y0I-1.75J0
N420TC_LASER_OFF(4)
N430G01X-38.4Y0.558
N440TC_LASER_ON(11,"AL010MD0-N2S0-30-2",0,500)
N450G03Y0.8I0J0.4
N460G01X-6.7
N470G03Y-0.8I0J-0.4
N480G01X6.7
N490TC_LASER_OFF(4)
N500X-41.6Y-0.558
N510TC_LASER_ON(11,"AL010MD0-N2S0-30-2",0,500)
N520G03X0Y0I-1.75J0
N530TC_LASER_OFF(4)
N540G01X-39.178Y-30.126
N550TC_LASER_ON(11,"AL010MD0-N2S0-30-2",0,500)
N560G03X-0.566Y0.566I-0.283J0.283
N570G01X-4.737Y-4.738
N580G03X0.565Y-0.565I0.282J-0.283
N590G01X4.738Y4.737
N600TC_LASER_OFF(4)
N610X22.678Y-33.574
N620TC_LASER_ON(11,"AL010MD0-N2S0-30-2",0,500)
N630Y-10
N640X6.5
N650Y10
N660X-6.5
N670TC_LASER_OFF(4)
N680X-20.4Y-37.8
N690TC_LASER_ON(11,"AL010MD0-N2S0-30-2",0,500)
N700G03X0Y0I-2.25J0
N710TC_LASER_OFF(4)
N720G01X-10.714Y6.536
N730TC_LASER_ON(11,"AL010MD0-N2S0-30-2",0,500)
N740G03X0Y0I-1.6J0
N750TC_LASER_OFF(4)
N760G01X-9.414Y6.535
N770TC_LASER_ON(11,"AL010MD0-N2S0-30-2",0,500)
N780G03X0Y0I-2.25J0
N790TC_LASER_OFF(4)
N800G01X-6.372Y-20.571
N810TC_LASER_ON(11,"AL010MD0-N2S0-30-2",0,500)
N820G03X0Y0I-2.25J0
N830TC_LASER_OFF(4)
N840G01X-16.45Y11
N850TC_LASER_ON(11,"AL010MD0-N2S0-30-2",0,500)
N860G03X0Y0I-3.1J0
N870TC_LASER_OFF(4)
N880G01X7.2Y27.5
N890TC_LASER_ON(11,"AL010MD0-N2S0-30-2",0,500)
N900G03X0Y0I-3.1J0
N910TC_LASER_OFF(4)
N920G01X56.25Y-38.5
N930TC_LASER_ON(11,"AL010MD0-N2S0-30-2",0,500)
N940G03X0Y0I-2.25J0
N950TC_LASER_OFF(1)
N960TC_POS_LEVEL(40.0)
N970G01
N980G90
N990M17
N1000M02
STOP_TEXT
C
DA,'L238111','UP',,
START_TEXT
N10G91
N20G01Y0.3
N30TC_LASER_ON(5,"AL010MD0-N2S0-30-2",0,600)
N40G02J-0.30
N50G02J-0.30
N60TC_LASER_OFF(1)
N70G01X17.3Y-11
N80TC_LASER_ON(5,"AL010MD0-N2S0-30-2",0,600)
N90G02J-0.30
N100G02J-0.30
N110TC_LASER_OFF(1)
N120G01X6.372Y20.571
N130TC_LASER_ON(5,"AL010MD0-N2S0-30-2",0,600)
N140G02J-0.30
N150G02J-0.30
N160TC_LASER_OFF(1)
N170G01X10.064Y-6.535
N180TC_LASER_ON(5,"AL010MD0-N2S0-30-2",0,600)
N190G02J-0.30
N200G02J-0.30
N210TC_LASER_OFF(1)
N220G01X10.064Y-6.536
N230TC_LASER_ON(5,"AL010MD0-N2S0-30-2",0,600)
N240G02J-0.30
N250G02J-0.30
N260TC_LASER_OFF(1)
N270G01X20.5Y-7.5
N280TC_LASER_ON(5,"AL010MD0-N2S0-30-2",0,600)
N290G02J-0.30
N300G02J-0.30
N310TC_LASER_OFF(1)
N320G01X5.4Y40.3
N330TC_LASER_ON(5,"AL010MD0-N2S0-30-2",0,600)
N340G02J-0.30
N350G02J-0.30
N360TC_LASER_OFF(1)
N370G01X-28.58Y36.488
N380TC_LASER_ON(5,"AL010MD0-N2S0-30-2",0,600)
N390G02J-0.30
N400G02J-0.30
N410TC_LASER_OFF(1)
N420G01X-33.92Y-38.288
N430TC_LASER_ON(5,"AL010MD0-N2S0-30-2",0,600)
N440G02J-0.30
N450G02J-0.30
N460TC_LASER_OFF(1)
N470G01X74Y70.5
N480TC_LASER_ON(5,"AL010MD0-N2S0-30-2",0,600)
N490G02J-0.30
N500G02J-0.30
N510TC_LASER_OFF(1)
N520G01X40Y0.958
N530TC_LASER_ON(5,"AL010MD0-N2S0-30-2",0,600)
N540G02J-0.30
N550G02J-0.30
N560TC_LASER_OFF(1)
N570G01X40Y-0.958
N580TC_LASER_ON(5,"AL010MD0-N2S0-30-2",0,600)
N590G02J-0.30
N600G02J-0.30
N610TC_LASER_OFF(1)
N620G01X40.08Y-32.212
N630TC_LASER_ON(5,"AL010MD0-N2S0-30-2",0,600)
N640G02J-0.30
N650G02J-0.30
N660TC_LASER_OFF(1)
N670G01X-28.58Y-36.488
N680TC_LASER_ON(5,"AL010MD0-N2S0-30-2",0,600)
N690G02J-0.30
N700G02J-0.30
N710TC_LASER_OFF(1)
N720G01X62.5Y-1.8
N730TC_LASER_ON(5,"AL010MD0-N2S0-30-2",0,600)
N740G02J-0.30
N750G02J-0.30
N760TC_LASER_OFF(1)
N770G01X7.2Y-27.5
N780TC_LASER_ON(5,"AL010MD0-N2S0-30-2",0,600)
N790G02J-0.30
N800G02J-0.30
N810TC_LASER_OFF(1)
N820G01X-53.1Y-40
N830TC_LASER_ON(5,"AL010MD0-N2S0-30-2",0,600)
N840G02J-0.30
N850G02J-0.30
N860TC_LASER_OFF(1)
N870G01X-3.4
N880TC_LASER_ON(5,"AL010MD0-N2S0-30-2",0,600)
N890G02J-0.30
N900G02J-0.30
N910TC_LASER_OFF(1)
N920G01X-3.4
N930TC_LASER_ON(5,"AL010MD0-N2S0-30-2",0,600)
N940G02J-0.30
N950G02J-0.30
N960TC_LASER_OFF(1)
N970G01X-3.4
N980TC_LASER_ON(5,"AL010MD0-N2S0-30-2",0,600)
N990G02J-0.30
N1000G02J-0.30
N1010TC_LASER_OFF(1)
N1020TC_LASER_OFF(1)
N1030TC_POS_LEVEL(40.0)
N1040G01
N1050G90
N1060M17
N1070M02
STOP_TEXT
C
DA,'L338111','UP',,
START_TEXT
N10G91
N20G01X0.122Y0.026
N30TC_POS_LEVEL(40.0)
N40TC_LASER_ON(1,"AL010MD0-N2S0-30-2",11,300)
N50X0.208Y-0.978
N60G03X0.033Y-0.047I0.074J0.016
N70G01X13.838Y-8.987
N80G03X5.31Y8.177I2.655J4.089
N90G01X-27.257Y17.701
N100G03X-5.31Y-8.177I-2.655J-4.089
N110G01X13.838Y-8.987
N120TC_LASER_OFF(1)
N130X-10.735Y62.886
N140TC_LASER_ON(1,"AL010MD0-N2S0-30-2",10,100)
N150X4
N160G03X0.089Y0.037I0J0.125
N170G01X29.817Y29.817
N180G02X0.353Y0.146I0.353J-0.354
N190G01X23.22
N200G03X0.5Y0.5I0J0.5
N210G01Y8.5
N220G02X0.169Y0.375I0.5J0
N230TC_LASER_ON(6,"AL010MD0-N2S0-30-2",0,100)
N240X0.331Y0.125I0.331J-0.375
N250G01X70.25
N260G02X0.331Y-0.125I0J-0.5
N270TC_LASER_ON(5,"AL010MD0-N2S0-30-2",0,100)
N280X0.169Y-0.375I-0.331J-0.375
N290G01Y-8.5
N300G03X0.5Y-0.5I0.5J0
N310G01X23.22
N320G02X0.353Y-0.146I0J-0.5
N330G01X59.281Y-59.281
N340G02X0.146Y-0.353I-0.354J-0.353
N350G01Y-28.886
N360G03X0.146Y-0.354I0.5J0
N370G01X6.908Y-6.907
N380G02X0.146Y-0.353I-0.354J-0.353
N390G01Y-11.22
N400G03X0.5Y-0.5I0.5J0
N410G01X8.6
N420G02X0.5Y-0.5I0J-0.5
N430G01Y-11.5
N440G03X0.5Y-0.5I0.5J0
N450G01X9.7
N460G02X0.375Y-0.169I0J-0.5
N470TC_LASER_ON(6,"AL010MD0-N2S0-30-2",0,100)
N480X0.125Y-0.331I-0.375J-0.331
N490G01Y-15.75
N500G02X-0.125Y-0.331I-0.5J0
N510TC_LASER_ON(5,"AL010MD0-N2S0-30-2",0,100)
N520X-0.375Y-0.169I-0.375J0.331
N530G01X-8.5
N540G03X-0.5Y-0.5I0J-0.5
N550G01Y-12
N560G02X-0.5Y-0.5I-0.5J0
N570G01X-9.8
N580G03X-0.5Y-0.5I0J-0.5
N590G01Y-1.5
N600G02X-0.169Y-0.375I-0.5J0
N610TC_LASER_ON(6,"AL010MD0-N2S0-30-2",0,100)
N620X-0.331Y-0.125I-0.331J0.375
N630G01X-49.45
N640G02X-0.331Y0.125I0J0.5
N650TC_LASER_ON(5,"AL010MD0-N2S0-30-2",0,100)
N660X-0.169Y0.375I0.331J0.375
N670G01Y9
N680G03X-0.5Y0.5I-0.5J0
N690G01X-5.25
N700G03X-0.5Y-0.5I0J-0.5
N710G01Y-9
N720G02X-0.169Y-0.375I-0.5J0
N730TC_LASER_ON(6,"AL010MD0-N2S0-30-2",0,100)
N740X-0.331Y-0.125I-0.331J0.375
N750G01X-12.25
N760G02X-0.331Y0.125I0J0.5
N770TC_LASER_ON(5,"AL010MD0-N2S0-30-2",0,100)
N780X-0.169Y0.375I0.331J0.375
N790G01Y9
N800G03X-0.5Y0.5I-0.5J0
N810G01X-5.25
N820G03X-0.5Y-0.5I0J-0.5
N830G01Y-9
N840G02X-0.169Y-0.375I-0.5J0
N850TC_LASER_ON(6,"AL010MD0-N2S0-30-2",0,100)
N860X-0.331Y-0.125I-0.331J0.375
N870G01X-99.75
N880G02X-0.331Y0.125I0J0.5
N890TC_LASER_ON(5,"AL010MD0-N2S0-30-2",0,100)
N900X-0.169Y0.375I0.331J0.375
N910G01Y11
N920G03X-0.5Y0.5I-0.5J0
N930G01X-58.75
N940G03X-0.5Y-0.5I0J-0.5
N950G01Y-11
N960G02X-0.169Y-0.375I-0.5J0
N970TC_LASER_ON(6,"AL010MD0-N2S0-30-2",0,100)
N980X-0.331Y-0.125I-0.331J0.375
N990G01X-14.95
N1000G02X-0.331Y0.125I0J0.5
N1010TC_LASER_ON(5,"AL010MD0-N2S0-30-2",0,100)
N1020X-0.169Y0.375I0.331J0.375
N1030G01Y1.5
N1040G03X-0.5Y0.5I-0.5J0
N1050G01X-9.8
N1060G02X-0.5Y0.5I0J0.5
N1070G01Y12
N1080G03X-0.5Y0.5I-0.5J0
N1090G01X-8.5
N1100G02X-0.375Y0.169I0J0.5
N1110TC_LASER_ON(6,"AL010MD0-N2S0-30-2",0,100)
N1120X-0.125Y0.331I0.375J0.331
N1130G01Y15.75
N1140G02X0.125Y0.331I0.5J0
N1150TC_LASER_ON(5,"AL010MD0-N2S0-30-2",0,100)
N1160X0.375Y0.169I0.375J-0.331
N1170G01X9.7
N1180G03X0.5Y0.5I0J0.5
N1190G01Y11.5
N1200G02X0.5Y0.5I0.5J0
N1210G01X8.6
N1220G03X0.5Y0.5I0J0.5
N1230G01Y11.22
N1240G02X0.146Y0.353I0.5J0
N1250G01X6.908Y6.907
N1260G03X0.146Y0.354I-0.354J0.354
N1270G01Y28.886
N1280G02X0.146Y0.353I0.5J0
N1290G01X29.817Y29.817
N1300TC_LASER_OFF(1)
N1310G01
N1320G90
N1330M17
N1340M02
STOP_TEXT
C
DA,'38111','HP',,
START_TEXT
N10MSG("PROGRAM NUMBER,38111")
N20MSG("SHEET Al99 : 293.0 x 162.0 x 0.8")
N30MSG("MSG,PART #:DXFPUNC0 QTY 1")
N40G71
N50F82000
N60TC_PCS_PIERCE
N70TC_POS_LEVEL(40.0)
N80TC_SHEET_TECH("SHT-1")
N90TC_SHEET_LOAD("SHL-1")
N100TC_MICROJOINT("MIJO-1")
N110 ;GOTOF ENTRY_LASER
N120;ENTRY_LASER:
N130;(PART NUMBER: L138111  DXFPUNC0 NUMBER:1)
N140G01X205.4Y10
N150L138111
N160;ENTRY_LASER:
N170;(PART NUMBER: L238111  DXFPUNC0 NUMBER:2)
N180G01X25.3Y50
N190L238111
N200;ENTRY_LASER:
N210;(PART NUMBER: L338111  DXFPUNC0 NUMBER:3)
N220G01X62.849Y61.011
N230L338111
N240TC_LASER_OFF(2)
N250M30
STOP_TEXT
ENDE_PROGRAMM
ED


