BD
SET_METRIC
C
BEGIN_EINRICHTEPLAN_INFO
C
ZA,MM,4
MM,AT,1, 60,1,1,,,,,T
MM,AT,1, 100,1,1,,,,,T
MM,AT,1,150,1,1,,'Maschinenzeit',,'min',Z
MM,AT,1,170,1,1,,,,,T
ZA,DA,1
C
DA,38112,1,9.17,1
C
ENDE_EINRICHTEPLAN_INFO
C
BEGIN_SHEET_TECH
C
ZA,MM,7
MM,AT,1,10,1,1,,,,,T
MM,AT,1,20,1,1,,,,'mm',Z
MM,AT,1,30,1,1,,,,'mm',Z
MM,AT,1,40,1,1,,,,'mm',Z
MM,AT,1,220,1,1,,,,'mm',Z
MM,AT,1,230,1,1,,,,'mm',Z
MM,AT,1,240,1,1,,'Materialkennung',,'',T
C
ZA,DA,1
DA,'SHT-1',209.6,142.6,0.8,209.6,142.6,'Al99'
C
ENDE_SHEET_TECH
C
BEGIN_SHEET_LOAD
C
ZA,MM,10
MM,AT,1,10,1,1,,'Table identifier',,,T
MM,AT,1,500,1,1,,'Loading unit',,,Z
MM,AT,1,620,1,1,,'Sheet stopper',,,Z
MM,AT,1,630,1,1,,'Measure sheet position',,,Z
MM,AT,1,640,1,1,,'Measure range in X',,'mm',Z
MM,AT,1,650,1,1,,'Measure range in Y',,'mm',Z
MM,AT,1,660,1,1,,'Calibration',,'Bool',Z
MM,AT,1,690,1,1,,'Type of pallet change',,,Z
MM,AT,1,700,1,1,,'Measuring Corner',,,Z
MM,AT,1,710,1,1,,,,,Z
C
ZA,DA,1
DA,'SHL-1',1,1,0,100.0,100.0,1,0,1,1
C
ENDE_SHEET_LOAD
C
BEGIN_LTT_CALLS
C
ZA,MM,1
MM,AT,1,10,1,1,,,,,T
C
ZA,DA,1
DA,'AL010MD0-N2S0-30-2'
C
ENDE_LTT_CALLS
C
BEGIN_MICROJOINT
C
ZA,MM,12
MM,AT,1,  10,1,1,,'Tabellenidentifikator              ',,'',T
MM,AT,1, 100,1,1,,'programmierte Microjoints aktiv    ',,'Bool',Z
MM,AT,1, 110,1,1,,'automatische Microjoints aktiv     ',,'Bool',Z
MM,AT,1, 120,1,1,,'Microjointbreite kleine Kontur     ',,'mm',Z
MM,AT,1, 130,1,1,,'Microjointbreite mittlere Kontur   ',,'mm',Z
MM,AT,1, 140,1,1,,'Microjointbreite grosse Kontur     ',,'mm',Z
MM,AT,1, 150,1,1,,'Konturausdehnung min X autom. Microjoint',,'mm',Z
MM,AT,1, 160,1,1,,'Konturausdehnung max X autom. Microjoint',,'mm',Z
MM,AT,1, 170,1,1,,'Konturausdehnung min Y autom. Microjoint',,'mm',Z
MM,AT,1, 180,1,1,,'Konturausdehnung max Y autom. Microjoint',,'mm',Z
MM,AT,1, 190,1,1,,'Einstechart nach Microjoint        ',,'',Z
MM,AT,1, 500,1,1,,'TRUMPF-Kennung                     ',,'',Z
C
ZA,DA,1
DA,'MIJO-1',1,0,0,0,1,-1,-1,-1,-1,11,1
C
ENDE_MICROJOINT
C
BEGIN_PROGRAM_PROPERTIES
C
ZA,MM,10
MM,AT,1,10,1,1,,'SyncDataChangePierceToCut',,'',Z
MM,AT,1,20,1,1,,'ProgramType',,'',Z
MM,AT,1,30,1,1,,'ProgramedClampPositionsObligatory',,'Bool',Z
MM,AT,1,40,1,1,,'ReentryRestriction',,'',Z
MM,AT,1,50,1,1,,'ContourLineAdjustmentActive',,'Bool',Z
MM,AT,1,60,1,1,,'FinishedPartSupportNumber',,'',Z
MM,AT,1,70,1,1,,'BevelCuttingVersion',,'',Z
MM,AT,1,80,1,1,,'FluidSprayMode',,'',Z
MM,AT,1,90,1,1,,'RetractableClampsRequired',,'Bool',Z
MM,AT,1,100,1,1,,'AdjustLineLevel',,'',Z
C
ZA,DA,1
DA,0,3,0,0,0,0,0,0,0,0
C
ENDE_PROGRAM_PROPERTIES
C
BEGIN_PROGRAMM
C
ZA,MM,4
MM,AT,1, 10,1,1,,,,,T
MM,AT,1, 20,1,1,,,,,T
MM,AT,1, 30,1,1,,,,,T
MM,AT,1, 40,1,1,,,,,Z
C
ZA,DA,4
DA,'L138112','UP',,
START_TEXT
N10G91
N20TC_LASER_ON(11,"AL010MD0-N2S0-30-2",0,500)
N30G03X0Y0I-4.5J0
N40TC_LASER_OFF(4)
N50G01X-11.442Y16.403
N60TC_LASER_ON(11,"AL010MD0-N2S0-30-2",0,500)
N70G03X0Y0I-4.5J0
N80TC_LASER_OFF(4)
N90G01X-29.116Y-20.311
N100TC_LASER_ON(11,"AL010MD0-N2S0-30-2",0,500)
N110G03X0Y0I-4.5J0
N120TC_LASER_OFF(4)
N130G01X11.443Y-16.403
N140TC_LASER_ON(11,"AL010MD0-N2S0-30-2",0,500)
N150G03X0Y0I-4.5J0
N160TC_LASER_OFF(4)
N170G01X-17.223Y-12.015
N180TC_LASER_ON(11,"AL010MD0-N2S0-30-2",0,500)
N190G03X0Y0I-4.5J0
N200TC_LASER_OFF(4)
N210G01X-11.443Y16.403
N220TC_LASER_ON(11,"AL010MD0-N2S0-30-2",0,500)
N230G03X0Y0I-4.5J0
N240TC_LASER_OFF(1)
N250TC_POS_LEVEL(40.0)
N260G01
N270G90
N280M17
N290M02
STOP_TEXT
C
DA,'L238112','UP',,
START_TEXT
N10G91
N20G01Y0.3
N30TC_LASER_ON(5,"AL010MD0-N2S0-30-2",0,600)
N40G02J-0.30
N50G02J-0.30
N60TC_LASER_OFF(1)
N70G01X11.443Y-16.403
N80TC_LASER_ON(5,"AL010MD0-N2S0-30-2",0,600)
N90G02J-0.30
N100G02J-0.30
N110TC_LASER_OFF(1)
N120G01X17.223Y12.015
N130TC_LASER_ON(5,"AL010MD0-N2S0-30-2",0,600)
N140G02J-0.30
N150G02J-0.30
N160TC_LASER_OFF(1)
N170G01X-11.443Y16.403
N180TC_LASER_ON(5,"AL010MD0-N2S0-30-2",0,600)
N190G02J-0.30
N200G02J-0.30
N210TC_LASER_OFF(1)
N220G01X29.116Y20.311
N230TC_LASER_ON(5,"AL010MD0-N2S0-30-2",0,600)
N240G02J-0.30
N250G02J-0.30
N260TC_LASER_OFF(1)
N270G01X11.442Y-16.403
N280TC_LASER_ON(5,"AL010MD0-N2S0-30-2",0,600)
N290G02J-0.30
N300G02J-0.30
N310TC_LASER_OFF(1)
N320TC_LASER_OFF(1)
N330TC_POS_LEVEL(40.0)
N340G01
N350G90
N360M17
N370M02
STOP_TEXT
C
DA,'L338112','UP',,
START_TEXT
N10G91
N20G01X0.114Y-0.053
N30TC_POS_LEVEL(40.0)
N40TC_LASER_ON(1,"AL010MD0-N2S0-30-2",10,100)
N50X-1.681Y-3.63
N60G03X-0.004Y-0.095I0.114J-0.052
N70G02X6.287Y-28.441I-103.934J-37.89
N80G03X10.711Y0.919I5.355J0.46
N90X-21.386Y59.076I-120.932J-10.368
N100X-8.816Y-6.15I-4.408J-3.075
N110G02X13.375Y-25.875I-90.73J-63.294
N120TC_LASER_OFF(1)
N130G01X-87.335Y74.857
N140TC_LASER_ON(1,"AL010MD0-N2S0-30-2",10,100)
N150X2.303Y-3.27
N160G03X0.081Y-0.052I0.102J0.072
N170G02X27.773Y-8.775I-19.154J-108.954
N180G03X4.56Y9.735I2.28J4.867
N190X-61.854Y11.018I-51.487J-109.914
N200X0.918Y-10.711I0.459J-5.356
N210G02X29.096Y-1.354I9.449J-110.221
N220TC_LASER_OFF(1)
N230G01X-47.155Y1.383
N240X6.442Y7.649
N250TC_SHEET_THICK()
N260X-8.374Y-9.944
N270TC_LASER_ON(6,"AL010MD0-N2S0-30-2",0,100)
N280X3.17Y3.765
N290TC_LASER_ON(5,"AL010MD0-N2S0-30-2",0,100)
N300X1.339Y1.59
N310G03X0.029Y0.091I-0.096J0.081
N320G01X-0.628Y7.318
N330TC_LASER_ON(6,"AL010MD0-N2S0-30-2",0,100)
N340X-0.854Y9.963
N350G02X0.114Y1.144I3.114J0.267
N360TC_LASER_ON(5,"AL010MD0-N2S0-30-2",0,100)
N370X2.453Y2.199I3J-0.877
N380X75.333Y-8.025I23.817J-134.025
N390TC_LASER_ON(6,"AL010MD0-N2S0-30-2",0,100)
N400X36.425Y-22.094I-51.516J-126
N410TC_LASER_OFF(1)
N420G01X-36.425Y22.094
N430TC_SHEET_THICK()
N440X36.425Y-22.094
N450TC_LASER_ON(6,"AL010MD0-N2S0-30-2",0,100)
N460G02X-36.425Y22.094I-87.941J-103.906
N470TC_LASER_ON(5,"AL010MD0-N2S0-30-2",0,100)
N480G03X60.636Y-23.223I49.265J-6.923
N490G01X46.925Y32.735
N500G02X2.463Y0.488I1.788J-2.563
N510TC_LASER_ON(6,"AL010MD0-N2S0-30-2",0,100)
N520X1.888Y-1.263I-0.675J-3.051
N530TC_LASER_OFF(1)
N540G01X-1.888Y1.263
N550TC_SHEET_THICK()
N560X-1.351
N570TC_LASER_ON(6,"AL010MD0-N2S0-30-2",0,100)
N580G02X1.351I0.675J-3.051
N590TC_LASER_ON(5,"AL010MD0-N2S0-30-2",0,100)
N600G01X7.68Y-10.489
N610X13.661Y-18.659
N620G02X0.437Y-2.662I-2.563J-1.788
N630TC_LASER_ON(6,"AL010MD0-N2S0-30-2",0,100)
N640X-1.212Y-1.689I-3J0.874
N650TC_LASER_OFF(1)
N660G01X1.212Y1.689
N670TC_SHEET_THICK()
N680Y1.748
N690TC_LASER_ON(6,"AL010MD0-N2S0-30-2",0,100)
N700G02Y-1.748I-3J-0.874
N710TC_LASER_ON(5,"AL010MD0-N2S0-30-2",0,100)
N720G01X-10.574Y-7.562
N730X-37.563Y-26.863
N740G03X-7.3Y-23.112I11.371J-16.3
N750G02X8.243Y-47.31I-127.881J-46.653
N760X-2.858Y-3.098I-3.125J0.015
N770G01X-24.1Y-2.067
N780TC_LASER_ON(6,"AL010MD0-N2S0-30-2",0,100)
N790X-9.963Y-0.854
N800G02X-1.144Y0.114I-0.267J3.114
N810TC_LASER_ON(5,"AL010MD0-N2S0-30-2",0,100)
N820X-2.246Y3.112I0.877J3
N830G03X-115.52Y97.278I-95.813J3.45
N840G02X-3.756Y2.791I-0.643J3.058
N850G01X-1.482Y17.281
N860TC_LASER_OFF(1)
N870G01
N880G90
N890M17
N900M02
STOP_TEXT
C
DA,'38112','HP',,
START_TEXT
N10MSG("PROGRAM NUMBER,38112")
N20MSG("SHEET Al99 : 209.6 x 142.6 x 0.8")
N30MSG("MSG,PART #:DXFPAR0105 QTY 1")
N40G71
N50F82000
N60TC_PCS_PIERCE
N70TC_POS_LEVEL(40.0)
N80TC_SHEET_TECH("SHT-1")
N90TC_SHEET_LOAD("SHL-1")
N100TC_MICROJOINT("MIJO-1")
N110 ;GOTOF ENTRY_LASER
N120;ENTRY_LASER:
N130;(PART NUMBER: L138112  DXFPAR0105 NUMBER:1)
N140G01X197.241Y110.501
N150L138112
N160;ENTRY_LASER:
N170;(PART NUMBER: L238112  DXFPAR0105 NUMBER:2)
N180G01X134.96Y94.578
N190L238112
N200;ENTRY_LASER:
N210;(PART NUMBER: L338112  DXFPAR0105 NUMBER:3)
N220G01X131.775Y48.23
N230L338112
N240TC_LASER_OFF(2)
N250M30
STOP_TEXT
ENDE_PROGRAMM
ED


