BD
SET_METRIC
C
BEGIN_EINRICHTEPLAN_INFO
C
ZA,MM,7
MM,AT,1, 60,1,1,,,,'',T
MM,AT,1, 80,1,1,,'Datum'                                 ,,'',T
MM,AT,1,  90,1,1,,'Auftragsname'                          ,,'',T
MM,AT,1,130,1,1,,,,'',T
MM,AT,1, 140,1,1,,'Tafelgewicht'                          ,,'kg',Z
MM,AT,1,150,1,1,,'Maschinenzeit',,'min',Z
MM,AT,1,170,1,1,,,,'Bool',Z
C
ZA,DA,1
DA,'38113','22.06.2022',1,'Al99',0.02,8.09,1
C
ENDE_EINRICHTEPLAN_INFO
C
BEGIN_PTT
C
ZA,MM,16
MM,AT,1, 10,1,1,,,,'',T
MM,AT,1, 20,1,1,,,,'1/min',Z
MM,AT,1, 30,1,1,,,,'',Z
MM,AT,1, 40,1,1,,,,'',Z
MM,AT,1, 50,1,1,,,,'Bool',Z
MM,AT,1, 60,1,1,,,,,Z
MM,AT,1, 70,1,1,,,,,Z
MM,AT,1, 80,1,1,,,,'',Z
MM,AT,1, 90,1,1,,,,'',Z
MM,AT,1,100,1,1,,,,'',Z
MM,AT,1,110,1,1,,,,'',Z
MM,AT,1,120,1,1,,,,'m/min',Z
MM,AT,1,130,1,1,,,,'Bool',Z
MM,AT,1,160,1,1,,,,'',Z
MM,AT,1,170,1,1,,,,'',Z
MM,AT,1,180,1,1,,,,'',Z
C
ZA,DA,1
DA,'PTT-1',0,0,0,0,0.000,0.000,0,1,0.00,1,0.00,0,0,0,0
C
ENDE_PTT
C
BEGIN_SHEET_TECH
C
ZA,MM,24
MM,AT,1, 10,1,1,,,,'',T
MM,AT,1, 20,1,1,,,,,Z
MM,AT,1, 30,1,1,,,,,Z
MM,AT,1, 40,1,1,,,,,Z
MM,AT,1, 50,1,1,,,,'',Z
MM,AT,1, 60,1,1,,,,,Z
MM,AT,1, 70,1,1,,,,'',Z
MM,AT,1, 80,1,1,,,,'',T
MM,AT,1, 90,1,1,,,,'',Z
MM,AT,1,100,1,1,,,,'',Z
MM,AT,1,110,1,1,,,,'',Z
MM,AT,1,120,1,1,,,,'',Z
MM,AT,1,130,1,1,,,,'',Z
MM,AT,1,140,1,1,,,,,Z
MM,AT,1,150,1,1,,,,,Z
MM,AT,1,160,1,1,,,,'',Z
MM,AT,1,170,1,1,,,,'',Z
MM,AT,1,180,1,1,,,,'',Z
MM,AT,1,190,1,1,,,,'',Z
MM,AT,1,200,1,1,,,,'',Z
MM,AT,1,210,1,1,,,,'',Z
MM,AT,1,220,1,1,,,,,Z
MM,AT,1,230,1,1,,,,,Z
MM,AT,1,240,1,1,,,,'',T
C
ZA,DA,1
DA,'SHT-1',100,100,0.800,1,0.00,1,'',4,1,7,12,21,100,100,0,
*  0,1,3,1,-1,100,100,'Al99'
C
ENDE_SHEET_TECH
C
BEGIN_SHEET_LOAD
C
ZA,MM,19
MM,AT,1, 10,1,1,,,,'',T
MM,AT,1, 20,1,1,,,,,Z
MM,AT,1, 30,1,1,,,,,Z
MM,AT,1, 40,1,1,,,,,Z
MM,AT,1, 50,1,1,,,,'Bool',Z
MM,AT,1, 60,1,1,,,,'',Z
MM,AT,1, 70,1,1,,,,'',Z
MM,AT,1,500,1,1,,,,'',Z
MM,AT,1,510,1,1,,,,,Z
MM,AT,1,520,1,1,,,,'',Z
MM,AT,1,530,1,1,,,,'',Z
MM,AT,1,540,1,1,,,,'',Z
MM,AT,1,550,1,1,,,,'',Z
MM,AT,1,560,1,1,,,,'',Z
MM,AT,1,570,1,1,,,,'',Z
MM,AT,1,580,1,1,,,,'Bool',Z
MM,AT,1,590,1,1,,,,'Bool',Z
MM,AT,1,600,1,1,,,,'%',Z
MM,AT,1,610,1,1,,,,'%',Z
C
ZA,DA,1
DA,'SHL-1',680.000,250.000,75.000,0,0,1,1,0.00,0000,0000,
*  0000,0000,0000,0,0,1,0.000,0.000
C
ENDE_SHEET_LOAD
C
BEGIN_SHEET_UNLOAD
C
ZA,MM,68
MM,AT,1,  10,1,1,,,,'',T
MM,AT,1,  20,1,1,,,,,Z
MM,AT,1,  30,1,1,,,,,Z
MM,AT,1,  40,1,1,,,,,Z
MM,AT,1,  50,1,1,,,,'Bool',Z
MM,AT,1,  60,1,1,,,,'',Z
MM,AT,1,  70,1,1,,,,'',Z
MM,AT,1, 200,1,1,,,,,Z
MM,AT,1, 210,1,1,,,,,Z
MM,AT,1, 220,1,1,,,,,Z
MM,AT,1, 230,1,1,,,,'Bool',Z
MM,AT,1, 240,1,1,,,,,Z
MM,AT,1, 250,1,1,,,,,Z
MM,AT,1, 260,1,1,,,,,Z
MM,AT,1, 270,1,1,,,,'Bool',Z
MM,AT,1, 280,1,1,,,,'Bool',Z
MM,AT,1, 290,1,1,,,,'',Z
MM,AT,1, 300,1,1,,,,'',Z
MM,AT,1, 310,1,1,,,,'Bool',Z
MM,AT,1, 500,1,1,,,,'Bool',Z
MM,AT,1, 510,1,1,,,,'Bool',Z
MM,AT,1, 520,1,1,,,,'Bool',Z
MM,AT,1, 530,1,1,,,,'Bool',Z
MM,AT,1, 540,1,1,,,,'Bool',Z
MM,AT,1, 550,1,1,,,,'Bool',Z
MM,AT,1, 560,1,1,,,,'Bool',Z
MM,AT,1, 570,1,1,,,,'',Z
MM,AT,1, 580,1,1,,,,'',Z
MM,AT,1, 590,1,1,,,,,Z
MM,AT,1, 600,1,1,,,,'',Z
MM,AT,1, 610,1,1,,,,,Z
MM,AT,1, 620,1,1,,,,,Z
MM,AT,1, 630,1,1,,,,,Z
MM,AT,1, 640,1,1,,,,'',Z
MM,AT,1, 650,1,1,,,,'',Z
MM,AT,1, 660,1,1,,,,'',Z
MM,AT,1, 670,1,1,,,,'',Z
MM,AT,1, 680,1,1,,,,'',Z
MM,AT,1, 690,1,1,,,,'%',Z
MM,AT,1, 700,1,1,,,,'%',Z
MM,AT,1, 710,1,1,,,,'%',Z
MM,AT,1, 720,1,1,,,,'%',Z
MM,AT,1, 730,1,1,,,,'Bool',Z
MM,AT,1, 740,1,1,,,,'Bool',Z
MM,AT,1, 750,1,1,,,,'Bool',Z
MM,AT,1, 760,1,1,,,,'Bool',Z
MM,AT,1, 770,1,1,,,,'Bool',Z
MM,AT,1, 820,1,1,,,,'Bool',Z
MM,AT,1,1000,1,1,,,,'',T
MM,AT,1,1010,1,1,,,,'',T
MM,AT,1,1020,1,1,,,,'',Z
MM,AT,1,1030,1,1,,,,'',T
MM,AT,1,1040,1,1,,,,,Z
MM,AT,1,1050,1,1,,,,'',Z
MM,AT,1,1060,1,1,,,,'',Z
MM,AT,1,1070,1,1,,,,,Z
MM,AT,1,1080,1,1,,,,,Z
MM,AT,1,1090,1,1,,,,,Z
MM,AT,1,1100,1,1,,,,,Z
MM,AT,1,1110,1,1,,,,'',Z
MM,AT,1,1120,1,1,,,,'',Z
MM,AT,1,1130,1,1,,,,,Z
MM,AT,1,1140,1,1,,,,,Z
MM,AT,1,1150,1,1,,,,'',Z
MM,AT,1,1160,1,1,,,,,Z
MM,AT,1,1170,1,1,,,,,Z
MM,AT,1,1180,1,1,,,,'',T
MM,AT,1,1190,1,1,,,,'',T
C
ZA,DA,1
DA,'SHU-1',680.000,250.000,75.000,0,0,1,0.0,0.0,0.0,1,0.000,
*  0.000,75.000,0,0,0,0,0,1,0,0,0,0,0,0,0,1,0.000,0.000,
*  0.000,0.000,0.000,0,0,0,0,0,0.00,0.00,0.00,0.00,0,0,0,0,
*  0,1,' ',' ',0,'',0,0,0,0,0,0,0,0,0,0,0,0,0,0,'',''
C
ENDE_SHEET_UNLOAD
C
BEGIN_WZG_STAMM
C
ZA,MM,39
MM,AT,1, 10,1,1,,,,'',T
MM,AT,1, 20,1,1,,,,'',T
MM,AT,1, 30,1,1,,,,'',Z
MM,AT,1, 40,1,1,,,,'',Z
MM,AT,1, 50,1,1,,,,'',Z
MM,AT,1, 60,1,1,,,,'',Z
MM,AT,1, 70,1,1,,,,'',Z
MM,AT,1, 80,1,1,,,,'',Z
MM,AT,1, 90,1,1,,,,'',Z
MM,AT,1,100,1,1,,,,'',Z
MM,AT,1,110,1,1,,,,'',Z
MM,AT,1,120,1,1,,,,'',Z
MM,AT,1,130,1,1,,,,'',T
MM,AT,1,140,1,1,,,,'1/min',Z
MM,AT,1,150,1,1,,,,'',Z
MM,AT,1,160,1,1,,,,'',Z
MM,AT,1,170,1,1,,,,'',Z
MM,AT,1,180,1,1,,,,,Z
MM,AT,1,190,1,1,,,,,Z
MM,AT,1,200,1,1,,,,,Z
MM,AT,1,210,1,1,,,,,Z
MM,AT,1,220,1,1,,,,,Z
MM,AT,1,230,1,1,,,,,Z
MM,AT,1,240,1,1,,,,,Z
MM,AT,1,250,1,1,,,,,Z
MM,AT,1,260,1,1,,,,,Z
MM,AT,1,270,1,1,,,,'',Z
MM,AT,1,280,1,1,,,,'',Z
MM,AT,1,290,1,1,,,,'',Z
MM,AT,1,300,1,1,,,,'',T
MM,AT,1,310,1,1,,,,'',Z
MM,AT,1,320,1,1,,,,,Z
MM,AT,1,330,1,1,,,,'',Z
MM,AT,1,340,1,1,,,,,Z
MM,AT,1,350,1,1,,,,,Z
MM,AT,1,360,1,1,,,,,Z
MM,AT,1,370,1,1,,,,,Z
MM,AT,1,380,1,1,,,,,Z
MM,AT,1,390,1,1,,,,,Z
C
ZA,DA,1
DA,'','01500000',0,1,1,0,0,1,0,1,0,0,'RD-50',0.00,0,0,0.000,
*  50.000,0.000,0.000,0.000,0.000,0.000,0.000,0.000,0.000,
*  0.0,0.0,0.0,'',0,0.000,1,0,0,0,0,0.0,0.0
C
ENDE_WZG_STAMM
C
BEGIN_WZG_CALLS
C
ZA,MM,2
MM,AT,1, 10,1,1,,,,'',T
MM,AT,1, 20,1,1,,,,'',Z
C
ZA, DA, 1
DA,'01500000',1
C
ENDE_WZG_CALLS
C
BEGIN_PROGRAMM
C
ZA,MM,4
MM,AT,1, 10,1,1,,,,'',T
MM,AT,1, 20,1,1,,,,'',T
MM,AT,1, 30,1,1,,,,'',T
MM,AT,1, 40,1,1,,,,'min',Z
C
ZA,DA,1
DA,'38113','HP','',
START_TEXT
N20MSG("NO DU PROG. PRINCIPAL,38113")
N30MSG("DIMENSIONS DE LA TOLE: 0.800 X 100 X 100ID MATERIAU: Al99")
N40;(V:4.02#B:490.0#D:20031012#P:TOPS300_EXE)
N50;(V:4.4#B:248#D:20031014#P:TOPS300_ACCESS2000D)
N60;(NOM TOLE:C:/Lantek/Expert/CNC/2298.lst)
N70;(NOM TRANSFER :38113.LST PASSAGES DE PROGRAMME:1)
N80;(MACHINE:TC600L TYPE:2)
N90;(COMMANDE:SIN 840D VERSION:1)
N100MSG(" *** RD-50 *** ")
N110TRAILON(C2,C1)
N120G71 F75000
N130G01
N140TC_SUCTION_OFF
N150TC_POS_ACCEL(12.000,5.000)
N160TC_CLAMP_CYC
N170TC_TECHNO_MODE(1)
N180TC_SHEET_TECH("SHT-1")
N190;TC_TECHNO_MODE(2)
N200;GOTOF ENTRY_LASER
N210;TC_TECHNO_MODE(1)
N220;GOTOF ENTRY_PUNCH
N230TC_PREPARE_SHEET_LOAD("SHL-1")
N240TC_SHEET_LOAD("SHL-1")
N250TC_TANGTOOL_OFF
N260;ENTRY_PUNCH: ;RD-50
N270MSG("WZG RD-50")
N280TC_TOOL_NO("01500000")
N290TC_TOOL_CHANGE
N300TC_SUCTION_ON
N310TC_TOOL_TECH("PTT-1")
N320TC_TOOL_LUBE_ON(2)
N330PUNCH_ON
N340G01X50Y50C1=DC(0)
N350PUNCH_OFF
N360TC_TOOL_LUBE_OFF
N370TC_SHEET_UNLOAD("SHU-1")
N380X50Y96
N390X0
N400Y250
N410TC_TECHNO_MODE(1)
N420TC_SUCTION_OFF
N430M30
STOP_TEXT
ENDE_PROGRAMM
ED


