BD
SET_METRIC
C
BEGIN_EINRICHTEPLAN_INFO
C
ZA,MM,7
MM,AT,1, 60,1,1,,,,'',T
MM,AT,1, 80,1,1,,'Datum'                                 ,,'',T
MM,AT,1,  90,1,1,,'Auftragsname'                          ,,'',T
MM,AT,1,130,1,1,,,,'',T
MM,AT,1, 140,1,1,,'Tafelgewicht'                          ,,'kg',Z
MM,AT,1,150,1,1,,'Maschinenzeit',,'min',Z
MM,AT,1,170,1,1,,,,'Bool',Z
C
ZA,DA,1
DA,'38116','22.06.2022',1,'Al99',0.1,8.62,1
C
ENDE_EINRICHTEPLAN_INFO
C
BEGIN_PTT
C
ZA,MM,16
MM,AT,1, 10,1,1,,,,'',T
MM,AT,1, 20,1,1,,,,'1/min',Z
MM,AT,1, 30,1,1,,,,'',Z
MM,AT,1, 40,1,1,,,,'',Z
MM,AT,1, 50,1,1,,,,'Bool',Z
MM,AT,1, 60,1,1,,,,,Z
MM,AT,1, 70,1,1,,,,,Z
MM,AT,1, 80,1,1,,,,'',Z
MM,AT,1, 90,1,1,,,,'',Z
MM,AT,1,100,1,1,,,,'',Z
MM,AT,1,110,1,1,,,,'',Z
MM,AT,1,120,1,1,,,,'m/min',Z
MM,AT,1,130,1,1,,,,'Bool',Z
MM,AT,1,160,1,1,,,,'',Z
MM,AT,1,170,1,1,,,,'',Z
MM,AT,1,180,1,1,,,,'',Z
C
ZA,DA,6
DA,'PTT-1',0,0,0,0,0.000,0.000,0,1,0.00,1,0.00,0,0,0,0
DA,'PTT-2',0,0,0,0,0.000,0.000,0,1,0.00,1,0.00,0,0,0,0
DA,'PTT-3',0,0,0,0,0.000,0.000,0,1,0.00,1,0.00,0,0,0,0
DA,'PTT-4',0,0,0,0,0.000,0.000,0,1,0.00,1,0.00,0,0,0,0
DA,'PTT-5',0,0,0,0,0.000,0.000,0,1,0.00,1,0.00,0,0,0,0
DA,'PTT-6',0,0,0,0,0.000,0.000,0,1,0.00,4,0.00,0,0,0,0
C
ENDE_PTT
C
BEGIN_SHEET_TECH
C
ZA,MM,24
MM,AT,1, 10,1,1,,,,'',T
MM,AT,1, 20,1,1,,,,,Z
MM,AT,1, 30,1,1,,,,,Z
MM,AT,1, 40,1,1,,,,,Z
MM,AT,1, 50,1,1,,,,'',Z
MM,AT,1, 60,1,1,,,,,Z
MM,AT,1, 70,1,1,,,,'',Z
MM,AT,1, 80,1,1,,,,'',T
MM,AT,1, 90,1,1,,,,'',Z
MM,AT,1,100,1,1,,,,'',Z
MM,AT,1,110,1,1,,,,'',Z
MM,AT,1,120,1,1,,,,'',Z
MM,AT,1,130,1,1,,,,'',Z
MM,AT,1,140,1,1,,,,,Z
MM,AT,1,150,1,1,,,,,Z
MM,AT,1,160,1,1,,,,'',Z
MM,AT,1,170,1,1,,,,'',Z
MM,AT,1,180,1,1,,,,'',Z
MM,AT,1,190,1,1,,,,'',Z
MM,AT,1,200,1,1,,,,'',Z
MM,AT,1,210,1,1,,,,'',Z
MM,AT,1,220,1,1,,,,,Z
MM,AT,1,230,1,1,,,,,Z
MM,AT,1,240,1,1,,,,'',T
C
ZA,DA,1
DA,'SHT-1',293,162,0.800,1,0.00,1,'',4,1,7,12,21,100,100,0,
*  0,1,5,1,-1,293,162,'Al99'
C
ENDE_SHEET_TECH
C
BEGIN_SHEET_LOAD
C
ZA,MM,19
MM,AT,1, 10,1,1,,,,'',T
MM,AT,1, 20,1,1,,,,,Z
MM,AT,1, 30,1,1,,,,,Z
MM,AT,1, 40,1,1,,,,,Z
MM,AT,1, 50,1,1,,,,'Bool',Z
MM,AT,1, 60,1,1,,,,'',Z
MM,AT,1, 70,1,1,,,,'',Z
MM,AT,1,500,1,1,,,,'',Z
MM,AT,1,510,1,1,,,,,Z
MM,AT,1,520,1,1,,,,'',Z
MM,AT,1,530,1,1,,,,'',Z
MM,AT,1,540,1,1,,,,'',Z
MM,AT,1,550,1,1,,,,'',Z
MM,AT,1,560,1,1,,,,'',Z
MM,AT,1,570,1,1,,,,'',Z
MM,AT,1,580,1,1,,,,'Bool',Z
MM,AT,1,590,1,1,,,,'Bool',Z
MM,AT,1,600,1,1,,,,'%',Z
MM,AT,1,610,1,1,,,,'%',Z
C
ZA,DA,1
DA,'SHL-1',680.000,250.000,75.000,0,0,1,1,0.00,0000,0000,
*  0000,0000,0000,0,0,1,0.000,0.000
C
ENDE_SHEET_LOAD
C
BEGIN_SHEET_UNLOAD
C
ZA,MM,68
MM,AT,1,  10,1,1,,,,'',T
MM,AT,1,  20,1,1,,,,,Z
MM,AT,1,  30,1,1,,,,,Z
MM,AT,1,  40,1,1,,,,,Z
MM,AT,1,  50,1,1,,,,'Bool',Z
MM,AT,1,  60,1,1,,,,'',Z
MM,AT,1,  70,1,1,,,,'',Z
MM,AT,1, 200,1,1,,,,,Z
MM,AT,1, 210,1,1,,,,,Z
MM,AT,1, 220,1,1,,,,,Z
MM,AT,1, 230,1,1,,,,'Bool',Z
MM,AT,1, 240,1,1,,,,,Z
MM,AT,1, 250,1,1,,,,,Z
MM,AT,1, 260,1,1,,,,,Z
MM,AT,1, 270,1,1,,,,'Bool',Z
MM,AT,1, 280,1,1,,,,'Bool',Z
MM,AT,1, 290,1,1,,,,'',Z
MM,AT,1, 300,1,1,,,,'',Z
MM,AT,1, 310,1,1,,,,'Bool',Z
MM,AT,1, 500,1,1,,,,'Bool',Z
MM,AT,1, 510,1,1,,,,'Bool',Z
MM,AT,1, 520,1,1,,,,'Bool',Z
MM,AT,1, 530,1,1,,,,'Bool',Z
MM,AT,1, 540,1,1,,,,'Bool',Z
MM,AT,1, 550,1,1,,,,'Bool',Z
MM,AT,1, 560,1,1,,,,'Bool',Z
MM,AT,1, 570,1,1,,,,'',Z
MM,AT,1, 580,1,1,,,,'',Z
MM,AT,1, 590,1,1,,,,,Z
MM,AT,1, 600,1,1,,,,'',Z
MM,AT,1, 610,1,1,,,,,Z
MM,AT,1, 620,1,1,,,,,Z
MM,AT,1, 630,1,1,,,,,Z
MM,AT,1, 640,1,1,,,,'',Z
MM,AT,1, 650,1,1,,,,'',Z
MM,AT,1, 660,1,1,,,,'',Z
MM,AT,1, 670,1,1,,,,'',Z
MM,AT,1, 680,1,1,,,,'',Z
MM,AT,1, 690,1,1,,,,'%',Z
MM,AT,1, 700,1,1,,,,'%',Z
MM,AT,1, 710,1,1,,,,'%',Z
MM,AT,1, 720,1,1,,,,'%',Z
MM,AT,1, 730,1,1,,,,'Bool',Z
MM,AT,1, 740,1,1,,,,'Bool',Z
MM,AT,1, 750,1,1,,,,'Bool',Z
MM,AT,1, 760,1,1,,,,'Bool',Z
MM,AT,1, 770,1,1,,,,'Bool',Z
MM,AT,1, 820,1,1,,,,'Bool',Z
MM,AT,1,1000,1,1,,,,'',T
MM,AT,1,1010,1,1,,,,'',T
MM,AT,1,1020,1,1,,,,'',Z
MM,AT,1,1030,1,1,,,,'',T
MM,AT,1,1040,1,1,,,,,Z
MM,AT,1,1050,1,1,,,,'',Z
MM,AT,1,1060,1,1,,,,'',Z
MM,AT,1,1070,1,1,,,,,Z
MM,AT,1,1080,1,1,,,,,Z
MM,AT,1,1090,1,1,,,,,Z
MM,AT,1,1100,1,1,,,,,Z
MM,AT,1,1110,1,1,,,,'',Z
MM,AT,1,1120,1,1,,,,'',Z
MM,AT,1,1130,1,1,,,,,Z
MM,AT,1,1140,1,1,,,,,Z
MM,AT,1,1150,1,1,,,,'',Z
MM,AT,1,1160,1,1,,,,,Z
MM,AT,1,1170,1,1,,,,,Z
MM,AT,1,1180,1,1,,,,'',T
MM,AT,1,1190,1,1,,,,'',T
C
ZA,DA,1
DA,'SHU-1',680.000,250.000,75.000,0,0,1,0.0,0.0,0.0,1,0.000,
*  0.000,75.000,0,0,0,0,0,1,0,0,0,0,0,0,0,1,0.000,0.000,
*  0.000,0.000,0.000,0,0,0,0,0,0.00,0.00,0.00,0.00,0,0,0,0,
*  0,1,' ',' ',0,'',0,0,0,0,0,0,0,0,0,0,0,0,0,0,'',''
C
ENDE_SHEET_UNLOAD
C
BEGIN_WZG_STAMM
C
ZA,MM,39
MM,AT,1, 10,1,1,,,,'',T
MM,AT,1, 20,1,1,,,,'',T
MM,AT,1, 30,1,1,,,,'',Z
MM,AT,1, 40,1,1,,,,'',Z
MM,AT,1, 50,1,1,,,,'',Z
MM,AT,1, 60,1,1,,,,'',Z
MM,AT,1, 70,1,1,,,,'',Z
MM,AT,1, 80,1,1,,,,'',Z
MM,AT,1, 90,1,1,,,,'',Z
MM,AT,1,100,1,1,,,,'',Z
MM,AT,1,110,1,1,,,,'',Z
MM,AT,1,120,1,1,,,,'',Z
MM,AT,1,130,1,1,,,,'',T
MM,AT,1,140,1,1,,,,'1/min',Z
MM,AT,1,150,1,1,,,,'',Z
MM,AT,1,160,1,1,,,,'',Z
MM,AT,1,170,1,1,,,,'',Z
MM,AT,1,180,1,1,,,,,Z
MM,AT,1,190,1,1,,,,,Z
MM,AT,1,200,1,1,,,,,Z
MM,AT,1,210,1,1,,,,,Z
MM,AT,1,220,1,1,,,,,Z
MM,AT,1,230,1,1,,,,,Z
MM,AT,1,240,1,1,,,,,Z
MM,AT,1,250,1,1,,,,,Z
MM,AT,1,260,1,1,,,,,Z
MM,AT,1,270,1,1,,,,'',Z
MM,AT,1,280,1,1,,,,'',Z
MM,AT,1,290,1,1,,,,'',Z
MM,AT,1,300,1,1,,,,'',T
MM,AT,1,310,1,1,,,,'',Z
MM,AT,1,320,1,1,,,,,Z
MM,AT,1,330,1,1,,,,'',Z
MM,AT,1,340,1,1,,,,,Z
MM,AT,1,350,1,1,,,,,Z
MM,AT,1,360,1,1,,,,,Z
MM,AT,1,370,1,1,,,,,Z
MM,AT,1,380,1,1,,,,,Z
MM,AT,1,390,1,1,,,,,Z
C
ZA,DA,6
DA,'','101999004',0,1,1,0,0,1,0,4,0,0,'RD-2',0.00,0,0,0.000,
*  2.000,0.000,0.000,0.000,0.000,0.000,0.000,0.000,0.000,
*  0.0,0.0,0.0,'',0,0.000,1,0,0,0,0,0.0,0.0
DA,'','01032000',0,1,1,0,0,1,0,1,0,0,'RD-3.2',0.00,0,0,
*  0.000,3.200,0.000,0.000,0.000,0.000,0.000,0.000,0.000,
*  0.000,0.0,0.0,0.0,'',0,0.000,1,0,0,0,0,0.0,0.0
DA,'','01035000',0,1,1,0,0,1,0,1,0,0,'RD-3.5',0.00,0,0,
*  0.000,3.500,0.000,0.000,0.000,0.000,0.000,0.000,0.000,
*  0.000,0.0,0.0,0.0,'',0,0.000,1,0,0,0,0,0.0,0.0
DA,'','501999000',0,5,1,0,0,1,0,6,0,0,'RD-4.5',0.00,0,0,
*  0.000,4.500,0.000,0.000,0.000,0.000,0.000,0.000,0.000,
*  0.000,0.0,0.0,0.0,'',0,0.000,1,0,0,0,0,0.0,0.0
DA,'','201999004',0,2,1,0,0,1,0,4,0,0,'RD-6.2',0.00,0,0,
*  0.000,6.200,0.000,0.000,0.000,0.000,0.000,0.000,0.000,
*  0.000,0.0,0.0,0.0,'',0,0.000,1,0,0,0,0,0.0,0.0
DA,'','301999004',0,3,1,0,0,4,0,4,0,0,'RE-10x6.5',0.00,0,0,
*  0.000,10.000,6.500,0.000,0.000,0.000,0.000,0.000,0.000,
*  0.000,0.0,0.0,0.0,'',0,0.000,1,0,0,0,0,0.0,0.0
C
ENDE_WZG_STAMM
C
BEGIN_WZG_CALLS
C
ZA,MM,2
MM,AT,1, 10,1,1,,,,'',T
MM,AT,1, 20,1,1,,,,'',Z
C
ZA, DA, 6
DA,'101999004',1
DA,'01032000',2
DA,'01035000',3
DA,'501999000',4
DA,'201999004',5
DA,'301999004',6
C
ENDE_WZG_CALLS
C
BEGIN_PROGRAMM
C
ZA,MM,4
MM,AT,1, 10,1,1,,,,'',T
MM,AT,1, 20,1,1,,,,'',T
MM,AT,1, 30,1,1,,,,'',T
MM,AT,1, 40,1,1,,,,'min',Z
C
ZA,DA,1
DA,'38116','HP','',
START_TEXT
N20MSG("NO DU PROG. PRINCIPAL,38116")
N30MSG("DIMENSIONS DE LA TOLE: 0.800 X 293 X 162ID MATERIAU: Al99")
N40;(V:4.02#B:490.0#D:20031012#P:TOPS300_EXE)
N50;(V:4.4#B:248#D:20031014#P:TOPS300_ACCESS2000D)
N60;(NOM TOLE:C:/Lantek/Expert/CNC/2300.lst)
N70;(NOM TRANSFER :38116.LST PASSAGES DE PROGRAMME:1)
N80;(MACHINE:TC600L TYPE:2)
N90;(COMMANDE:SIN 840D VERSION:1)
N100MSG(" *** RD-2 *** ")
N110MSG(" *** RD-3.2 *** ")
N120MSG(" *** RD-3.5 *** ")
N130MSG(" *** RD-4.5 *** ")
N140MSG(" *** RD-6.2 *** ")
N150MSG(" *** RE-10x6.5 *** ")
N160TRAILON(C2,C1)
N170G71 F75000
N180G01
N190TC_SUCTION_OFF
N200TC_POS_ACCEL(12.000,5.000)
N210TC_CLAMP_CYC
N220TC_TECHNO_MODE(1)
N230TC_SHEET_TECH("SHT-1")
N240;TC_TECHNO_MODE(2)
N250;GOTOF ENTRY_LASER
N260;TC_TECHNO_MODE(1)
N270;GOTOF ENTRY_PUNCH
N280TC_PREPARE_SHEET_LOAD("SHL-1")
N290TC_SHEET_LOAD("SHL-1")
N300TC_TANGTOOL_OFF
N310;ENTRY_PUNCH: ;RD-2
N320MSG("WZG RD-2")
N330TC_TOOL_NO("101999004")
N340TC_TOOL_CHANGE
N350TC_SUCTION_ON
N360TC_TOOL_TECH("PTT-1")
N370TC_TOOL_LUBE_ON(2)
N380PUNCH_ON
N390G01X204.4Y10C1=DC(0)
N400X207.8Y10
N410X211.2Y10
N420X214.6Y10
N430PUNCH_OFF
N440TC_TOOL_LUBE_OFF
N450;ENTRY_PUNCH: ;RD-3.2
N460MSG("WZG RD-3.2")
N470TC_TOOL_NO("01032000")
N480TC_TOOL_CHANGE
N490TC_TOOL_TECH("PTT-2")
N500TC_TOOL_LUBE_ON(2)
N510PUNCH_ON
N520X59.036Y53.036C1=DC(0)
N530PUNCH_OFF
N540TC_TOOL_LUBE_OFF
N550;ENTRY_PUNCH: ;RD-3.5
N560MSG("WZG RD-3.5")
N570TC_TOOL_NO("01035000")
N580TC_TOOL_CHANGE
N590TC_TOOL_TECH("PTT-3")
N600TC_TOOL_LUBE_ON(2)
N610PUNCH_ON
N620X106.5Y148C1=DC(0)
N630X186.5Y148
N640PUNCH_OFF
N650TC_TOOL_LUBE_OFF
N660;ENTRY_PUNCH: ;RD-4.5
N670MSG("WZG RD-4.5")
N680TC_TOOL_NO("501999000")
N690TC_TOOL_CHANGE
N700TC_TOOL_TECH("PTT-4")
N710TC_TOOL_LUBE_ON(2)
N720PUNCH_ON
N730X89.6Y39C1=DC(0)
N740X69.1Y46.5
N750X48.972Y59.571
N760X42.6Y39
N770PUNCH_OFF
N780TC_TOOL_LUBE_OFF
N790;ENTRY_PUNCH: ;RD-6.2
N800MSG("WZG RD-6.2")
N810TC_TOOL_NO("201999004")
N820TC_TOOL_CHANGE
N830TC_TOOL_TECH("PTT-5")
N840TC_TOOL_LUBE_ON(2)
N850PUNCH_ON
N860X25.3Y50C1=DC(0)
N870X32.5Y77.5
N880X260.5Y77.5
N890X267.7Y50
N900PUNCH_OFF
N910TC_TOOL_LUBE_OFF
N920;ENTRY_PUNCH: ;RE-10x6.5
N930MSG("WZG RE-10x6.5")
N940TC_TOOL_NO("301999004")
N950TC_TOOL_CHANGE
N960TC_TOOL_TECH("PTT-6")
N970TC_TOOL_LUBE_ON(2)
N980PUNCH_ON
N990X198Y79.3C1=DC(90)
N1000X95Y79.3
N1010PUNCH_OFF
N1020TC_TOOL_LUBE_OFF
N1030TC_SHEET_UNLOAD("SHU-1")
N1040X95Y96
N1050X0
N1060Y250
N1070TC_TECHNO_MODE(1)
N1080TC_SUCTION_OFF
N1090M30
STOP_TEXT
ENDE_PROGRAMM
ED


