BD
SET_METRIC
C
BEGIN_EINRICHTEPLAN_INFO
C
ZA,MM,7
MM,AT,1, 60,1,1,,,,'',T
MM,AT,1, 80,1,1,,'Datum'                                 ,,'',T
MM,AT,1,  90,1,1,,'Auftragsname'                          ,,'',T
MM,AT,1,130,1,1,,,,'',T
MM,AT,1, 140,1,1,,'Tafelgewicht'                          ,,'kg',Z
MM,AT,1,150,1,1,,'Maschinenzeit',,'min',Z
MM,AT,1,170,1,1,,,,'Bool',Z
C
ZA,DA,1
DA,'ST00038119','22.06.2022',1,'Al99',0.09,0.62,1
C
ENDE_EINRICHTEPLAN_INFO
C
BEGIN_PTT
C
ZA,MM,16
MM,AT,1, 10,1,1,,,,'',T
MM,AT,1, 20,1,1,,,,'1/min',Z
MM,AT,1, 30,1,1,,,,'',Z
MM,AT,1, 40,1,1,,,,'',Z
MM,AT,1, 50,1,1,,,,'Bool',Z
MM,AT,1, 60,1,1,,,,,Z
MM,AT,1, 70,1,1,,,,,Z
MM,AT,1, 80,1,1,,,,'',Z
MM,AT,1, 90,1,1,,,,'',Z
MM,AT,1,100,1,1,,,,'',Z
MM,AT,1,110,1,1,,,,'',Z
MM,AT,1,120,1,1,,,,'m/min',Z
MM,AT,1,130,1,1,,,,'Bool',Z
MM,AT,1,160,1,1,,,,'',Z
MM,AT,1,170,1,1,,,,'',Z
MM,AT,1,180,1,1,,,,'',Z
C
ZA,DA,0
C
ENDE_PTT
C
BEGIN_SHEET_TECH
C
ZA,MM,24
MM,AT,1, 10,1,1,,,,'',T
MM,AT,1, 20,1,1,,,,,Z
MM,AT,1, 30,1,1,,,,,Z
MM,AT,1, 40,1,1,,,,,Z
MM,AT,1, 50,1,1,,,,'',Z
MM,AT,1, 60,1,1,,,,,Z
MM,AT,1, 70,1,1,,,,'',Z
MM,AT,1, 80,1,1,,,,'',T
MM,AT,1, 90,1,1,,,,'',Z
MM,AT,1,100,1,1,,,,'',Z
MM,AT,1,110,1,1,,,,'',Z
MM,AT,1,120,1,1,,,,'',Z
MM,AT,1,130,1,1,,,,'',Z
MM,AT,1,140,1,1,,,,,Z
MM,AT,1,150,1,1,,,,,Z
MM,AT,1,160,1,1,,,,'',Z
MM,AT,1,170,1,1,,,,'',Z
MM,AT,1,180,1,1,,,,'',Z
MM,AT,1,190,1,1,,,,'',Z
MM,AT,1,200,1,1,,,,'',Z
MM,AT,1,210,1,1,,,,'',Z
MM,AT,1,220,1,1,,,,,Z
MM,AT,1,230,1,1,,,,,Z
MM,AT,1,240,1,1,,,,'',T
C
ZA,DA,1
DA,'SHT-1',220,194,0.800,1,0.00,1,'',3,4,10,14,0,100,100,0,
*  0,1,0,1,-1,220,194,'Al99'
C
ENDE_SHEET_TECH
C
BEGIN_SHEET_LOAD
C
ZA,MM,19
MM,AT,1, 10,1,1,,,,'',T
MM,AT,1, 20,1,1,,,,,Z
MM,AT,1, 30,1,1,,,,,Z
MM,AT,1, 40,1,1,,,,,Z
MM,AT,1, 50,1,1,,,,'Bool',Z
MM,AT,1, 60,1,1,,,,'',Z
MM,AT,1, 70,1,1,,,,'',Z
MM,AT,1,500,1,1,,,,'',Z
MM,AT,1,510,1,1,,,,,Z
MM,AT,1,520,1,1,,,,'',Z
MM,AT,1,530,1,1,,,,'',Z
MM,AT,1,540,1,1,,,,'',Z
MM,AT,1,550,1,1,,,,'',Z
MM,AT,1,560,1,1,,,,'',Z
MM,AT,1,570,1,1,,,,'',Z
MM,AT,1,580,1,1,,,,'Bool',Z
MM,AT,1,590,1,1,,,,'Bool',Z
MM,AT,1,600,1,1,,,,'%',Z
MM,AT,1,610,1,1,,,,'%',Z
C
ZA,DA,1
DA,'SHL-1',1.200,62.000,100.000,0,0,1,3,0.00,0000,0000,0000,
*  0010,0040,0,1,1,100.000,50.000
C
ENDE_SHEET_LOAD
C
BEGIN_SHEET_UNLOAD
C
ZA,MM,68
MM,AT,1,  10,1,1,,,,'',T
MM,AT,1,  20,1,1,,,,,Z
MM,AT,1,  30,1,1,,,,,Z
MM,AT,1,  40,1,1,,,,,Z
MM,AT,1,  50,1,1,,,,'Bool',Z
MM,AT,1,  60,1,1,,,,'',Z
MM,AT,1,  70,1,1,,,,'',Z
MM,AT,1, 200,1,1,,,,,Z
MM,AT,1, 210,1,1,,,,,Z
MM,AT,1, 220,1,1,,,,,Z
MM,AT,1, 230,1,1,,,,'Bool',Z
MM,AT,1, 240,1,1,,,,,Z
MM,AT,1, 250,1,1,,,,,Z
MM,AT,1, 260,1,1,,,,,Z
MM,AT,1, 270,1,1,,,,'Bool',Z
MM,AT,1, 280,1,1,,,,'Bool',Z
MM,AT,1, 290,1,1,,,,'',Z
MM,AT,1, 300,1,1,,,,'',Z
MM,AT,1, 310,1,1,,,,'Bool',Z
MM,AT,1, 500,1,1,,,,'Bool',Z
MM,AT,1, 510,1,1,,,,'Bool',Z
MM,AT,1, 520,1,1,,,,'Bool',Z
MM,AT,1, 530,1,1,,,,'Bool',Z
MM,AT,1, 540,1,1,,,,'Bool',Z
MM,AT,1, 550,1,1,,,,'Bool',Z
MM,AT,1, 560,1,1,,,,'Bool',Z
MM,AT,1, 570,1,1,,,,'',Z
MM,AT,1, 580,1,1,,,,'',Z
MM,AT,1, 590,1,1,,,,,Z
MM,AT,1, 600,1,1,,,,'',Z
MM,AT,1, 610,1,1,,,,,Z
MM,AT,1, 620,1,1,,,,,Z
MM,AT,1, 630,1,1,,,,,Z
MM,AT,1, 640,1,1,,,,'',Z
MM,AT,1, 650,1,1,,,,'',Z
MM,AT,1, 660,1,1,,,,'',Z
MM,AT,1, 670,1,1,,,,'',Z
MM,AT,1, 680,1,1,,,,'',Z
MM,AT,1, 690,1,1,,,,'%',Z
MM,AT,1, 700,1,1,,,,'%',Z
MM,AT,1, 710,1,1,,,,'%',Z
MM,AT,1, 720,1,1,,,,'%',Z
MM,AT,1, 730,1,1,,,,'Bool',Z
MM,AT,1, 740,1,1,,,,'Bool',Z
MM,AT,1, 750,1,1,,,,'Bool',Z
MM,AT,1, 760,1,1,,,,'Bool',Z
MM,AT,1, 770,1,1,,,,'Bool',Z
MM,AT,1, 820,1,1,,,,'Bool',Z
MM,AT,1,1000,1,1,,,,'',T
MM,AT,1,1010,1,1,,,,'',T
MM,AT,1,1020,1,1,,,,'',Z
MM,AT,1,1030,1,1,,,,'',T
MM,AT,1,1040,1,1,,,,,Z
MM,AT,1,1050,1,1,,,,'',Z
MM,AT,1,1060,1,1,,,,'',Z
MM,AT,1,1070,1,1,,,,,Z
MM,AT,1,1080,1,1,,,,,Z
MM,AT,1,1090,1,1,,,,,Z
MM,AT,1,1100,1,1,,,,,Z
MM,AT,1,1110,1,1,,,,'',Z
MM,AT,1,1120,1,1,,,,'',Z
MM,AT,1,1130,1,1,,,,,Z
MM,AT,1,1140,1,1,,,,,Z
MM,AT,1,1150,1,1,,,,'',Z
MM,AT,1,1160,1,1,,,,,Z
MM,AT,1,1170,1,1,,,,,Z
MM,AT,1,1180,1,1,,,,'',T
MM,AT,1,1190,1,1,,,,'',T
C
ZA,DA,1
DA,'SHU-1',2584,90.000,100.000,0,0,1,0.0,0.0,0.0,1,0.000,
*  0.000,100.000,0,0,0,0,0,1,0,0,0,0,0,0,0,4,0.000,0.000,
*  0.000,0.000,0.000,0,0,0,0,0,0.00,0.00,0.00,0.00,0,0,0,0,
*  0,1,' ',' ',0,'',0,0,0,0,0,0,0,0,0,0,0,0,0,0,'',''
C
ENDE_SHEET_UNLOAD
C
BEGIN_LTT_CALLS
C
ZA,MM,1
MM,AT,1, 10,1,1,,,,'',T
C
ZA,DA,1
DA,'T2D-5524'
C
ENDE_LTT_CALLS
C
BEGIN_WZG_STAMM
C
ZA,MM,39
MM,AT,1, 10,1,1,,,,'',T
MM,AT,1, 20,1,1,,,,'',T
MM,AT,1, 30,1,1,,,,'',Z
MM,AT,1, 40,1,1,,,,'',Z
MM,AT,1, 50,1,1,,,,'',Z
MM,AT,1, 60,1,1,,,,'',Z
MM,AT,1, 70,1,1,,,,'',Z
MM,AT,1, 80,1,1,,,,'',Z
MM,AT,1, 90,1,1,,,,'',Z
MM,AT,1,100,1,1,,,,'',Z
MM,AT,1,110,1,1,,,,'',Z
MM,AT,1,120,1,1,,,,'',Z
MM,AT,1,130,1,1,,,,'',T
MM,AT,1,140,1,1,,,,'1/min',Z
MM,AT,1,150,1,1,,,,'',Z
MM,AT,1,160,1,1,,,,'',Z
MM,AT,1,170,1,1,,,,'',Z
MM,AT,1,180,1,1,,,,,Z
MM,AT,1,190,1,1,,,,,Z
MM,AT,1,200,1,1,,,,,Z
MM,AT,1,210,1,1,,,,,Z
MM,AT,1,220,1,1,,,,,Z
MM,AT,1,230,1,1,,,,,Z
MM,AT,1,240,1,1,,,,,Z
MM,AT,1,250,1,1,,,,,Z
MM,AT,1,260,1,1,,,,,Z
MM,AT,1,270,1,1,,,,'',Z
MM,AT,1,280,1,1,,,,'',Z
MM,AT,1,290,1,1,,,,'',Z
MM,AT,1,300,1,1,,,,'',T
MM,AT,1,310,1,1,,,,'',Z
MM,AT,1,320,1,1,,,,,Z
MM,AT,1,330,1,1,,,,'',Z
MM,AT,1,340,1,1,,,,,Z
MM,AT,1,350,1,1,,,,,Z
MM,AT,1,360,1,1,,,,,Z
MM,AT,1,370,1,1,,,,,Z
MM,AT,1,380,1,1,,,,,Z
MM,AT,1,390,1,1,,,,,Z
C
ZA,DA,1
DA,'','99999999',0,1,1,0,0,11,0,1,0,0,'Laser',0.00,0,0,
*  0.000,0.150,0.000,0.000,0.000,0.000,0.000,0.000,0.000,
*  0.000,0.0,0.0,0.0,'',0,0.000,1,0,0,0,0,0.0,0.0
C
ENDE_WZG_STAMM
C
BEGIN_WZG_CALLS
C
ZA,MM,2
MM,AT,1, 10,1,1,,,,'',T
MM,AT,1, 20,1,1,,,,'',Z
C
ZA, DA, 1
DA,'99999999',1
C
ENDE_WZG_CALLS
C
BEGIN_PROGRAMM
C
ZA,MM,4
MM,AT,1, 10,1,1,,,,'',T
MM,AT,1, 20,1,1,,,,'',T
MM,AT,1, 30,1,1,,,,'',T
MM,AT,1, 40,1,1,,,,'min',Z
C
ZA,DA,1
DA,'ST00038119','HP','',
START_TEXT
N20MSG("NUMERO DEL PROGRAMA PRINCIPAL,ST00038119")
N30MSG("DIMENSIONES DE LA CHAPA: 0.800 X 220 X 194 MATERIAL ID: Al99")
N40;(V:3.20#B:342.0#D:20010514#P:TOPS300_EXE)
N50;(V:4.0#B:1.0#D:20001023#P:TOPS300_EXE)
N60;(NOMBRE FICHERO:C:/Lantek/Expert/CNC/2303.LST)
N70;(TRANSFERNAME:ST00038119.LST NUM EJECUCIONES DEL PROGRAMA:1)
N80;(MAQUINA:TC600L TIPO:2)
N90;(CONTROL:SIN 840D VERSION:1)
N100MSG(" *** ##CUTTER *** ")
N110TRAILON(C2,C1)
N120G71 F100000
N130G01
N140TC_SUCTION_OFF
N150TC_POS_ACCEL(12.000,5.000)
N160TC_CLAMP_CYC
N170TC_TECHNO_MODE(1)
N180TC_SHEET_TECH("SHT-1")
N190;TC_TECHNO_MODE(2)
N200;GOTOF ENTRY_LASER
N210;TC_TECHNO_MODE(1)
N220;GOTOF ENTRY_PUNCH
N230TC_PREPARE_SHEET_LOAD("SHL-1")
N240TC_SHEET_LOAD("SHL-1")
N250TC_TANGTOOL_OFF
N260G01Y73
N270TC_TECHNO_MODE(2)
N280;UMSCHALTEN STANZEN->LASER
N290;ENTRY_LASER:
N300TC_POS_LEVEL(20.000)
N310X37.565Y84.232
N320TC_LASER_ON(1,"T2D-5524",11,100)
N330X35.806Y80.639
N340G03X35.793Y80.294I0.381J-0.187
N350X54.17Y87.798I9.207J3.706
N360X35.869Y80.11I-9.17J-3.798
N370TC_LASER_OFF(1)
N380TC_POS_LEVEL(20.000)
N390G01X39.327Y112.78
N400TC_LASER_ON(1,"T2D-5524",11,100)
N410X40.186Y108.874
N420G03X40.391Y108.595I0.415J0.091
N430X45.291Y107.302I4.9J8.632
N440G01X74.148
N450X74.194Y107.286
N460X74.221Y107.247
N470G03X100.311Y81.157I36.07J9.98
N480G01X100.35Y81.13
N490X100.366Y81.085
N500Y71.16
N510X120.216
N520Y81.085
N530X120.231Y81.13
N540X120.271Y81.157
N550G03X146.36Y107.247I-9.98J36.07
N560G01X146.387Y107.286
N570X146.433Y107.302
N580X175.291
N590G03Y127.152I0J9.925
N600G01X146.433
N610X146.387Y127.167
N620X146.36Y127.207
N630G03X120.271Y153.297I-36.069J-9.98
N640G01X120.231Y153.323
N650X120.216Y153.369
N660Y163.294
N670X100.366
N680Y153.369
N690X100.35Y153.323
N700X100.311Y153.297
N710G03X74.221Y127.207I9.98J-36.07
N720G01X74.194Y127.167
N730X74.148Y127.152
N740X45.291
N750G03X40.565Y108.499I0J-9.925
N760TC_LASER_OFF(1)
N770TC_POS_LEVEL(20.000)
N780G01X41.082Y142.677
N790TC_LASER_ON(1,"T2D-5524",11,100)
N800X43.313Y139.357
N810G03X43.606Y139.173I0.353J0.237
N820X46.295Y158.84I1.394J9.827
N830X43.803Y139.147I-1.295J-9.84
N840TC_LASER_OFF(1)
N850TC_POS_LEVEL(20.000)
N860G01X168.302Y152.236
N870TC_LASER_ON(1,"T2D-5524",11,100)
N880X165.234Y149.67
N890G03X165.081Y149.359I0.272J-0.326
N900X184.922Y148.74I9.919J-0.359
N910X165.076Y149.161I-9.922J0.26
N920TC_LASER_OFF(1)
N930TC_POS_LEVEL(20.000)
N940G01X177.518Y91
N950TC_LASER_ON(1,"T2D-5524",11,100)
N960X174.645Y93.783
N970G03X174.32Y93.902I-0.296J-0.305
N980X175.779Y74.106I0.68J-9.902
N990X174.122Y93.886I-0.779J9.894
N1000TC_LASER_OFF(1)
N1010TC_POS_LEVEL(20.000)
N1020G01X203.028Y91.063
N1030TC_LASER_ON(1,"T2D-5524",11,100)
N1040X200.199Y93.892
N1050G02X200.075Y94.192I0.301J0.3
N1060G01Y149
N1070G03X175Y174.075I-25.075J0
N1080G01X45
N1090G03X19.925Y149I0J-25.075
N1100G01Y84
N1110G03X45Y58.925I25.075J0
N1120G01X175
N1130G03X200.075Y84I0J25.075
N1140G01Y94.392
N1150TC_LASER_OFF(2)
N1160TC_PREPARE_SHEET_LOAD("SHL-1")
N1170Y90
N1180X2584
N1190TC_TECHNO_MODE(1)
N1200TC_TOOL_POSITION(TOP)
N1210TC_SHEET_UNLOAD("SHU-1")
N1220X0
N1230Y62
N1240TC_TECHNO_MODE(1)
N1250TC_SUCTION_OFF
N1260M30
STOP_TEXT
ENDE_PROGRAMM
ED


