BD
SET_METRIC
C
BEGIN_EINRICHTEPLAN_INFO
C
ZA,MM,7
MM,AT,1, 60,1,1,,,,'',T
MM,AT,1, 80,1,1,,'Datum'                                 ,,'',T
MM,AT,1,  90,1,1,,'Auftragsname'                          ,,'',T
MM,AT,1,130,1,1,,,,'',T
MM,AT,1, 140,1,1,,'Tafelgewicht'                          ,,'kg',Z
MM,AT,1,150,1,1,,'Maschinenzeit',,'min',Z
MM,AT,1,170,1,1,,,,'Bool',Z
C
ZA,DA,1
DA,'ST00038120','22.06.2022',1,'Al99',0.1,0.35,1
C
ENDE_EINRICHTEPLAN_INFO
C
BEGIN_PTT
C
ZA,MM,16
MM,AT,1, 10,1,1,,,,'',T
MM,AT,1, 20,1,1,,,,'1/min',Z
MM,AT,1, 30,1,1,,,,'',Z
MM,AT,1, 40,1,1,,,,'',Z
MM,AT,1, 50,1,1,,,,'Bool',Z
MM,AT,1, 60,1,1,,,,,Z
MM,AT,1, 70,1,1,,,,,Z
MM,AT,1, 80,1,1,,,,'',Z
MM,AT,1, 90,1,1,,,,'',Z
MM,AT,1,100,1,1,,,,'',Z
MM,AT,1,110,1,1,,,,'',Z
MM,AT,1,120,1,1,,,,'m/min',Z
MM,AT,1,130,1,1,,,,'Bool',Z
MM,AT,1,160,1,1,,,,'',Z
MM,AT,1,170,1,1,,,,'',Z
MM,AT,1,180,1,1,,,,'',Z
C
ZA,DA,0
C
ENDE_PTT
C
BEGIN_SHEET_TECH
C
ZA,MM,24
MM,AT,1, 10,1,1,,,,'',T
MM,AT,1, 20,1,1,,,,,Z
MM,AT,1, 30,1,1,,,,,Z
MM,AT,1, 40,1,1,,,,,Z
MM,AT,1, 50,1,1,,,,'',Z
MM,AT,1, 60,1,1,,,,,Z
MM,AT,1, 70,1,1,,,,'',Z
MM,AT,1, 80,1,1,,,,'',T
MM,AT,1, 90,1,1,,,,'',Z
MM,AT,1,100,1,1,,,,'',Z
MM,AT,1,110,1,1,,,,'',Z
MM,AT,1,120,1,1,,,,'',Z
MM,AT,1,130,1,1,,,,'',Z
MM,AT,1,140,1,1,,,,,Z
MM,AT,1,150,1,1,,,,,Z
MM,AT,1,160,1,1,,,,'',Z
MM,AT,1,170,1,1,,,,'',Z
MM,AT,1,180,1,1,,,,'',Z
MM,AT,1,190,1,1,,,,'',Z
MM,AT,1,200,1,1,,,,'',Z
MM,AT,1,210,1,1,,,,'',Z
MM,AT,1,220,1,1,,,,,Z
MM,AT,1,230,1,1,,,,,Z
MM,AT,1,240,1,1,,,,'',T
C
ZA,DA,1
DA,'SHT-1',265.262,165.989,0.800,1,0.00,1,'',3,4,10,14,0,
*  100,100,0,0,1,1,1,-1,265.262,165.989,'Al99'
C
ENDE_SHEET_TECH
C
BEGIN_SHEET_LOAD
C
ZA,MM,19
MM,AT,1, 10,1,1,,,,'',T
MM,AT,1, 20,1,1,,,,,Z
MM,AT,1, 30,1,1,,,,,Z
MM,AT,1, 40,1,1,,,,,Z
MM,AT,1, 50,1,1,,,,'Bool',Z
MM,AT,1, 60,1,1,,,,'',Z
MM,AT,1, 70,1,1,,,,'',Z
MM,AT,1,500,1,1,,,,'',Z
MM,AT,1,510,1,1,,,,,Z
MM,AT,1,520,1,1,,,,'',Z
MM,AT,1,530,1,1,,,,'',Z
MM,AT,1,540,1,1,,,,'',Z
MM,AT,1,550,1,1,,,,'',Z
MM,AT,1,560,1,1,,,,'',Z
MM,AT,1,570,1,1,,,,'',Z
MM,AT,1,580,1,1,,,,'Bool',Z
MM,AT,1,590,1,1,,,,'Bool',Z
MM,AT,1,600,1,1,,,,'%',Z
MM,AT,1,610,1,1,,,,'%',Z
C
ZA,DA,1
DA,'SHL-1',1.200,62.000,100.000,0,0,1,3,0.00,0000,0000,0000,
*  0015,0000,0,1,1,100.000,50.000
C
ENDE_SHEET_LOAD
C
BEGIN_SHEET_UNLOAD
C
ZA,MM,68
MM,AT,1,  10,1,1,,,,'',T
MM,AT,1,  20,1,1,,,,,Z
MM,AT,1,  30,1,1,,,,,Z
MM,AT,1,  40,1,1,,,,,Z
MM,AT,1,  50,1,1,,,,'Bool',Z
MM,AT,1,  60,1,1,,,,'',Z
MM,AT,1,  70,1,1,,,,'',Z
MM,AT,1, 200,1,1,,,,,Z
MM,AT,1, 210,1,1,,,,,Z
MM,AT,1, 220,1,1,,,,,Z
MM,AT,1, 230,1,1,,,,'Bool',Z
MM,AT,1, 240,1,1,,,,,Z
MM,AT,1, 250,1,1,,,,,Z
MM,AT,1, 260,1,1,,,,,Z
MM,AT,1, 270,1,1,,,,'Bool',Z
MM,AT,1, 280,1,1,,,,'Bool',Z
MM,AT,1, 290,1,1,,,,'',Z
MM,AT,1, 300,1,1,,,,'',Z
MM,AT,1, 310,1,1,,,,'Bool',Z
MM,AT,1, 500,1,1,,,,'Bool',Z
MM,AT,1, 510,1,1,,,,'Bool',Z
MM,AT,1, 520,1,1,,,,'Bool',Z
MM,AT,1, 530,1,1,,,,'Bool',Z
MM,AT,1, 540,1,1,,,,'Bool',Z
MM,AT,1, 550,1,1,,,,'Bool',Z
MM,AT,1, 560,1,1,,,,'Bool',Z
MM,AT,1, 570,1,1,,,,'',Z
MM,AT,1, 580,1,1,,,,'',Z
MM,AT,1, 590,1,1,,,,,Z
MM,AT,1, 600,1,1,,,,'',Z
MM,AT,1, 610,1,1,,,,,Z
MM,AT,1, 620,1,1,,,,,Z
MM,AT,1, 630,1,1,,,,,Z
MM,AT,1, 640,1,1,,,,'',Z
MM,AT,1, 650,1,1,,,,'',Z
MM,AT,1, 660,1,1,,,,'',Z
MM,AT,1, 670,1,1,,,,'',Z
MM,AT,1, 680,1,1,,,,'',Z
MM,AT,1, 690,1,1,,,,'%',Z
MM,AT,1, 700,1,1,,,,'%',Z
MM,AT,1, 710,1,1,,,,'%',Z
MM,AT,1, 720,1,1,,,,'%',Z
MM,AT,1, 730,1,1,,,,'Bool',Z
MM,AT,1, 740,1,1,,,,'Bool',Z
MM,AT,1, 750,1,1,,,,'Bool',Z
MM,AT,1, 760,1,1,,,,'Bool',Z
MM,AT,1, 770,1,1,,,,'Bool',Z
MM,AT,1, 820,1,1,,,,'Bool',Z
MM,AT,1,1000,1,1,,,,'',T
MM,AT,1,1010,1,1,,,,'',T
MM,AT,1,1020,1,1,,,,'',Z
MM,AT,1,1030,1,1,,,,'',T
MM,AT,1,1040,1,1,,,,,Z
MM,AT,1,1050,1,1,,,,'',Z
MM,AT,1,1060,1,1,,,,'',Z
MM,AT,1,1070,1,1,,,,,Z
MM,AT,1,1080,1,1,,,,,Z
MM,AT,1,1090,1,1,,,,,Z
MM,AT,1,1100,1,1,,,,,Z
MM,AT,1,1110,1,1,,,,'',Z
MM,AT,1,1120,1,1,,,,'',Z
MM,AT,1,1130,1,1,,,,,Z
MM,AT,1,1140,1,1,,,,,Z
MM,AT,1,1150,1,1,,,,'',Z
MM,AT,1,1160,1,1,,,,,Z
MM,AT,1,1170,1,1,,,,,Z
MM,AT,1,1180,1,1,,,,'',T
MM,AT,1,1190,1,1,,,,'',T
C
ZA,DA,1
DA,'SHU-1',2584,90.000,100.000,0,0,1,0.0,0.0,0.0,1,0.000,
*  0.000,100.000,0,0,0,0,0,1,0,0,0,0,0,0,0,4,0.000,0.000,
*  0.000,0.000,0.000,0,0,0,0,0,0.00,0.00,0.00,0.00,0,0,0,0,
*  0,1,' ',' ',0,'',0,0,0,0,0,0,0,0,0,0,0,0,0,0,'',''
C
ENDE_SHEET_UNLOAD
C
BEGIN_LTT_CALLS
C
ZA,MM,1
MM,AT,1, 10,1,1,,,,'',T
C
ZA,DA,1
DA,'T2D-5524'
C
ENDE_LTT_CALLS
C
BEGIN_WZG_STAMM
C
ZA,MM,39
MM,AT,1, 10,1,1,,,,'',T
MM,AT,1, 20,1,1,,,,'',T
MM,AT,1, 30,1,1,,,,'',Z
MM,AT,1, 40,1,1,,,,'',Z
MM,AT,1, 50,1,1,,,,'',Z
MM,AT,1, 60,1,1,,,,'',Z
MM,AT,1, 70,1,1,,,,'',Z
MM,AT,1, 80,1,1,,,,'',Z
MM,AT,1, 90,1,1,,,,'',Z
MM,AT,1,100,1,1,,,,'',Z
MM,AT,1,110,1,1,,,,'',Z
MM,AT,1,120,1,1,,,,'',Z
MM,AT,1,130,1,1,,,,'',T
MM,AT,1,140,1,1,,,,'1/min',Z
MM,AT,1,150,1,1,,,,'',Z
MM,AT,1,160,1,1,,,,'',Z
MM,AT,1,170,1,1,,,,'',Z
MM,AT,1,180,1,1,,,,,Z
MM,AT,1,190,1,1,,,,,Z
MM,AT,1,200,1,1,,,,,Z
MM,AT,1,210,1,1,,,,,Z
MM,AT,1,220,1,1,,,,,Z
MM,AT,1,230,1,1,,,,,Z
MM,AT,1,240,1,1,,,,,Z
MM,AT,1,250,1,1,,,,,Z
MM,AT,1,260,1,1,,,,,Z
MM,AT,1,270,1,1,,,,'',Z
MM,AT,1,280,1,1,,,,'',Z
MM,AT,1,290,1,1,,,,'',Z
MM,AT,1,300,1,1,,,,'',T
MM,AT,1,310,1,1,,,,'',Z
MM,AT,1,320,1,1,,,,,Z
MM,AT,1,330,1,1,,,,'',Z
MM,AT,1,340,1,1,,,,,Z
MM,AT,1,350,1,1,,,,,Z
MM,AT,1,360,1,1,,,,,Z
MM,AT,1,370,1,1,,,,,Z
MM,AT,1,380,1,1,,,,,Z
MM,AT,1,390,1,1,,,,,Z
C
ZA,DA,1
DA,'','99999999',0,1,1,0,0,11,0,1,0,0,'Laser',0.00,0,0,
*  0.000,0.150,0.000,0.000,0.000,0.000,0.000,0.000,0.000,
*  0.000,0.0,0.0,0.0,'',0,0.000,1,0,0,0,0,0.0,0.0
C
ENDE_WZG_STAMM
C
BEGIN_WZG_CALLS
C
ZA,MM,2
MM,AT,1, 10,1,1,,,,'',T
MM,AT,1, 20,1,1,,,,'',Z
C
ZA, DA, 1
DA,'99999999',1
C
ENDE_WZG_CALLS
C
BEGIN_PROGRAMM
C
ZA,MM,4
MM,AT,1, 10,1,1,,,,'',T
MM,AT,1, 20,1,1,,,,'',T
MM,AT,1, 30,1,1,,,,'',T
MM,AT,1, 40,1,1,,,,'min',Z
C
ZA,DA,1
DA,'ST00038120','HP','',
START_TEXT
N20MSG("NUMERO DEL PROGRAMA PRINCIPAL,ST00038120")
N30MSG("DIMENSIONES DE LA CHAPA: 0.800 X 265.262 X 165.989 MATERIAL ID: Al99")
N40;(V:3.20#B:342.0#D:20010514#P:TOPS300_EXE)
N50;(V:4.0#B:1.0#D:20001023#P:TOPS300_EXE)
N60;(NOMBRE FICHERO:C:/Lantek/Expert/CNC/2305.LST)
N70;(TRANSFERNAME:ST00038120.LST NUM EJECUCIONES DEL PROGRAMA:1)
N80;(MAQUINA:TC600L TIPO:2)
N90;(CONTROL:SIN 840D VERSION:1)
N100MSG(" *** ##CUTTER *** ")
N110TRAILON(C2,C1)
N120G71 F100000
N130G01
N140TC_SUCTION_OFF
N150TC_POS_ACCEL(12.000,5.000)
N160TC_CLAMP_CYC
N170TC_TECHNO_MODE(1)
N180TC_SHEET_TECH("SHT-1")
N190;TC_TECHNO_MODE(2)
N200;GOTOF ENTRY_LASER
N210;TC_TECHNO_MODE(1)
N220;GOTOF ENTRY_PUNCH
N230TC_PREPARE_SHEET_LOAD("SHL-1")
N240TC_SHEET_LOAD("SHL-1")
N250TC_TANGTOOL_OFF
N260G01Y73
N270TC_TECHNO_MODE(2)
N280;UMSCHALTEN STANZEN->LASER
N290;ENTRY_LASER:
N300TC_POS_LEVEL(20.000)
N310X46.708Y94.334
N320TC_LASER_ON(1,"T2D-5524",11,100)
N330X50.708Y94.339
N340G02X51.007Y94.216I0J-0.425
N350G03X54.093Y91.267I85.865J86.774
N360G01X54.13Y91.248
N370X54.172Y91.252
N380X54.207Y91.277
N390G02X66.461Y81.371I6.665J-4.288
N400G01X66.442Y81.335
N410X66.446Y81.294
N420X66.47Y81.26
N430G03X134.991Y58.929I70.402J99.73
N440G01X135.031Y58.938
N450X135.059Y58.968
N460X135.07Y59.009
N470G02X166.704Y62.701I15.802J1.98
N480G01X166.722Y62.662
N490X166.757Y62.639
N500X166.799
N510G03X245.327Y124.956I-29.927J118.351
N520G01X245.335Y124.992
N530X245.324Y125.028
N540X245.297Y125.053
N550X245.262Y125.064
N560X228.947
N570Y133.259
N580X228.934Y133.301
N590X228.9Y133.329
N600X228.857Y133.333
N610X228.819Y133.313
N620X220.183Y124.679
N630G02X204.959Y130.524I-6.311J6.31
N640G01X204.676Y135.993
N650X204.665Y136.029
N660X204.638Y136.055
N670X204.602Y136.064
N680X193.342
N690X193.307Y136.056
N700X193.28Y136.032
N710X193.267Y135.999
N720X191.805Y124.064
N730X181.938
N740X180.476Y135.999
N750X180.463Y136.032
N760X180.436Y136.056
N770X180.402Y136.064
N780X169.872
N790X169.842Y136.059
N800X169.818Y136.042
N810X152.088Y117.873
N820G02X106.029Y123.858I-15.216J63.116
N830G01X64.907Y146.055
N840X64.872Y146.064
N850X52.872
N860X52.834Y146.054
N870X52.807Y146.027
N880X52.797Y145.989
N890Y142.064
N900X30.947
N910Y145.989
N920X30.937Y146.027
N930X30.909Y146.054
N940X30.872Y146.064
N950X20.002
N960X19.957Y146.051
N970X19.929Y146.014
N980X19.928Y145.968
N990G03X51.15Y94.075I116.944J35.022
N1000TC_LASER_OFF(2)
N1010TC_PREPARE_SHEET_LOAD("SHL-1")
N1020G01Y90
N1030X2584
N1040TC_TECHNO_MODE(1)
N1050TC_TOOL_POSITION(TOP)
N1060TC_SHEET_UNLOAD("SHU-1")
N1070X0
N1080Y62
N1090TC_TECHNO_MODE(1)
N1100TC_SUCTION_OFF
N1110M30
STOP_TEXT
ENDE_PROGRAMM
ED


