BD
SET_METRIC
C
BEGIN_EINRICHTEPLAN_INFO
C
ZA,MM,7
MM,AT,1, 60,1,1,,,,'',T
MM,AT,1, 80,1,1,,'Datum'                                 ,,'',T
MM,AT,1,  90,1,1,,'Auftragsname'                          ,,'',T
MM,AT,1,130,1,1,,,,'',T
MM,AT,1, 140,1,1,,'Tafelgewicht'                          ,,'kg',Z
MM,AT,1,150,1,1,,'Maschinenzeit',,'min',Z
MM,AT,1,170,1,1,,,,'Bool',Z
C
ZA,DA,1
DA,'ST00038121','22.06.2022',1,'Al99',0.17,1.3,1
C
ENDE_EINRICHTEPLAN_INFO
C
BEGIN_PTT
C
ZA,MM,16
MM,AT,1, 10,1,1,,,,'',T
MM,AT,1, 20,1,1,,,,'1/min',Z
MM,AT,1, 30,1,1,,,,'',Z
MM,AT,1, 40,1,1,,,,'',Z
MM,AT,1, 50,1,1,,,,'Bool',Z
MM,AT,1, 60,1,1,,,,,Z
MM,AT,1, 70,1,1,,,,,Z
MM,AT,1, 80,1,1,,,,'',Z
MM,AT,1, 90,1,1,,,,'',Z
MM,AT,1,100,1,1,,,,'',Z
MM,AT,1,110,1,1,,,,'',Z
MM,AT,1,120,1,1,,,,'m/min',Z
MM,AT,1,130,1,1,,,,'Bool',Z
MM,AT,1,160,1,1,,,,'',Z
MM,AT,1,170,1,1,,,,'',Z
MM,AT,1,180,1,1,,,,'',Z
C
ZA,DA,2
DA,'PTT-1',0,0,0,0,0.000,0.000,0,1,0.00,1,0.00,0,1,0,1
DA,'PTT-2',0,0,0,0,0.000,0.000,0,1,0.00,1,0.00,0,0,0,0
C
ENDE_PTT
C
BEGIN_SHEET_TECH
C
ZA,MM,24
MM,AT,1, 10,1,1,,,,'',T
MM,AT,1, 20,1,1,,,,,Z
MM,AT,1, 30,1,1,,,,,Z
MM,AT,1, 40,1,1,,,,,Z
MM,AT,1, 50,1,1,,,,'',Z
MM,AT,1, 60,1,1,,,,,Z
MM,AT,1, 70,1,1,,,,'',Z
MM,AT,1, 80,1,1,,,,'',T
MM,AT,1, 90,1,1,,,,'',Z
MM,AT,1,100,1,1,,,,'',Z
MM,AT,1,110,1,1,,,,'',Z
MM,AT,1,120,1,1,,,,'',Z
MM,AT,1,130,1,1,,,,'',Z
MM,AT,1,140,1,1,,,,,Z
MM,AT,1,150,1,1,,,,,Z
MM,AT,1,160,1,1,,,,'',Z
MM,AT,1,170,1,1,,,,'',Z
MM,AT,1,180,1,1,,,,'',Z
MM,AT,1,190,1,1,,,,'',Z
MM,AT,1,200,1,1,,,,'',Z
MM,AT,1,210,1,1,,,,'',Z
MM,AT,1,220,1,1,,,,,Z
MM,AT,1,230,1,1,,,,,Z
MM,AT,1,240,1,1,,,,'',T
C
ZA,DA,1
DA,'SHT-1',333,241,0.800,1,0.00,1,'',3,4,10,14,0,100,100,0,
*  0,1,1,1,-1,333,241,'Al99'
C
ENDE_SHEET_TECH
C
BEGIN_SHEET_LOAD
C
ZA,MM,19
MM,AT,1, 10,1,1,,,,'',T
MM,AT,1, 20,1,1,,,,,Z
MM,AT,1, 30,1,1,,,,,Z
MM,AT,1, 40,1,1,,,,,Z
MM,AT,1, 50,1,1,,,,'Bool',Z
MM,AT,1, 60,1,1,,,,'',Z
MM,AT,1, 70,1,1,,,,'',Z
MM,AT,1,500,1,1,,,,'',Z
MM,AT,1,510,1,1,,,,,Z
MM,AT,1,520,1,1,,,,'',Z
MM,AT,1,530,1,1,,,,'',Z
MM,AT,1,540,1,1,,,,'',Z
MM,AT,1,550,1,1,,,,'',Z
MM,AT,1,560,1,1,,,,'',Z
MM,AT,1,570,1,1,,,,'',Z
MM,AT,1,580,1,1,,,,'Bool',Z
MM,AT,1,590,1,1,,,,'Bool',Z
MM,AT,1,600,1,1,,,,'%',Z
MM,AT,1,610,1,1,,,,'%',Z
C
ZA,DA,1
DA,'SHL-1',1.200,62.000,100.000,0,0,1,3,0.00,0000,0000,0000,
*  0057,0170,0,1,1,100.000,50.000
C
ENDE_SHEET_LOAD
C
BEGIN_SHEET_UNLOAD
C
ZA,MM,68
MM,AT,1,  10,1,1,,,,'',T
MM,AT,1,  20,1,1,,,,,Z
MM,AT,1,  30,1,1,,,,,Z
MM,AT,1,  40,1,1,,,,,Z
MM,AT,1,  50,1,1,,,,'Bool',Z
MM,AT,1,  60,1,1,,,,'',Z
MM,AT,1,  70,1,1,,,,'',Z
MM,AT,1, 200,1,1,,,,,Z
MM,AT,1, 210,1,1,,,,,Z
MM,AT,1, 220,1,1,,,,,Z
MM,AT,1, 230,1,1,,,,'Bool',Z
MM,AT,1, 240,1,1,,,,,Z
MM,AT,1, 250,1,1,,,,,Z
MM,AT,1, 260,1,1,,,,,Z
MM,AT,1, 270,1,1,,,,'Bool',Z
MM,AT,1, 280,1,1,,,,'Bool',Z
MM,AT,1, 290,1,1,,,,'',Z
MM,AT,1, 300,1,1,,,,'',Z
MM,AT,1, 310,1,1,,,,'Bool',Z
MM,AT,1, 500,1,1,,,,'Bool',Z
MM,AT,1, 510,1,1,,,,'Bool',Z
MM,AT,1, 520,1,1,,,,'Bool',Z
MM,AT,1, 530,1,1,,,,'Bool',Z
MM,AT,1, 540,1,1,,,,'Bool',Z
MM,AT,1, 550,1,1,,,,'Bool',Z
MM,AT,1, 560,1,1,,,,'Bool',Z
MM,AT,1, 570,1,1,,,,'',Z
MM,AT,1, 580,1,1,,,,'',Z
MM,AT,1, 590,1,1,,,,,Z
MM,AT,1, 600,1,1,,,,'',Z
MM,AT,1, 610,1,1,,,,,Z
MM,AT,1, 620,1,1,,,,,Z
MM,AT,1, 630,1,1,,,,,Z
MM,AT,1, 640,1,1,,,,'',Z
MM,AT,1, 650,1,1,,,,'',Z
MM,AT,1, 660,1,1,,,,'',Z
MM,AT,1, 670,1,1,,,,'',Z
MM,AT,1, 680,1,1,,,,'',Z
MM,AT,1, 690,1,1,,,,'%',Z
MM,AT,1, 700,1,1,,,,'%',Z
MM,AT,1, 710,1,1,,,,'%',Z
MM,AT,1, 720,1,1,,,,'%',Z
MM,AT,1, 730,1,1,,,,'Bool',Z
MM,AT,1, 740,1,1,,,,'Bool',Z
MM,AT,1, 750,1,1,,,,'Bool',Z
MM,AT,1, 760,1,1,,,,'Bool',Z
MM,AT,1, 770,1,1,,,,'Bool',Z
MM,AT,1, 820,1,1,,,,'Bool',Z
MM,AT,1,1000,1,1,,,,'',T
MM,AT,1,1010,1,1,,,,'',T
MM,AT,1,1020,1,1,,,,'',Z
MM,AT,1,1030,1,1,,,,'',T
MM,AT,1,1040,1,1,,,,,Z
MM,AT,1,1050,1,1,,,,'',Z
MM,AT,1,1060,1,1,,,,'',Z
MM,AT,1,1070,1,1,,,,,Z
MM,AT,1,1080,1,1,,,,,Z
MM,AT,1,1090,1,1,,,,,Z
MM,AT,1,1100,1,1,,,,,Z
MM,AT,1,1110,1,1,,,,'',Z
MM,AT,1,1120,1,1,,,,'',Z
MM,AT,1,1130,1,1,,,,,Z
MM,AT,1,1140,1,1,,,,,Z
MM,AT,1,1150,1,1,,,,'',Z
MM,AT,1,1160,1,1,,,,,Z
MM,AT,1,1170,1,1,,,,,Z
MM,AT,1,1180,1,1,,,,'',T
MM,AT,1,1190,1,1,,,,'',T
C
ZA,DA,1
DA,'SHU-1',2584,90.000,100.000,0,0,1,0.0,0.0,0.0,1,0.000,
*  0.000,100.000,0,0,0,0,0,1,0,0,0,0,0,0,0,4,0.000,0.000,
*  0.000,0.000,0.000,0,0,0,0,0,0.00,0.00,0.00,0.00,0,0,0,0,
*  0,1,' ',' ',0,'',0,0,0,0,0,0,0,0,0,0,0,0,0,0,'',''
C
ENDE_SHEET_UNLOAD
C
BEGIN_LTT_CALLS
C
ZA,MM,1
MM,AT,1, 10,1,1,,,,'',T
C
ZA,DA,1
DA,'T2D-5524'
C
ENDE_LTT_CALLS
C
BEGIN_WZG_STAMM
C
ZA,MM,39
MM,AT,1, 10,1,1,,,,'',T
MM,AT,1, 20,1,1,,,,'',T
MM,AT,1, 30,1,1,,,,'',Z
MM,AT,1, 40,1,1,,,,'',Z
MM,AT,1, 50,1,1,,,,'',Z
MM,AT,1, 60,1,1,,,,'',Z
MM,AT,1, 70,1,1,,,,'',Z
MM,AT,1, 80,1,1,,,,'',Z
MM,AT,1, 90,1,1,,,,'',Z
MM,AT,1,100,1,1,,,,'',Z
MM,AT,1,110,1,1,,,,'',Z
MM,AT,1,120,1,1,,,,'',Z
MM,AT,1,130,1,1,,,,'',T
MM,AT,1,140,1,1,,,,'1/min',Z
MM,AT,1,150,1,1,,,,'',Z
MM,AT,1,160,1,1,,,,'',Z
MM,AT,1,170,1,1,,,,'',Z
MM,AT,1,180,1,1,,,,,Z
MM,AT,1,190,1,1,,,,,Z
MM,AT,1,200,1,1,,,,,Z
MM,AT,1,210,1,1,,,,,Z
MM,AT,1,220,1,1,,,,,Z
MM,AT,1,230,1,1,,,,,Z
MM,AT,1,240,1,1,,,,,Z
MM,AT,1,250,1,1,,,,,Z
MM,AT,1,260,1,1,,,,,Z
MM,AT,1,270,1,1,,,,'',Z
MM,AT,1,280,1,1,,,,'',Z
MM,AT,1,290,1,1,,,,'',Z
MM,AT,1,300,1,1,,,,'',T
MM,AT,1,310,1,1,,,,'',Z
MM,AT,1,320,1,1,,,,,Z
MM,AT,1,330,1,1,,,,'',Z
MM,AT,1,340,1,1,,,,,Z
MM,AT,1,350,1,1,,,,,Z
MM,AT,1,360,1,1,,,,,Z
MM,AT,1,370,1,1,,,,,Z
MM,AT,1,380,1,1,,,,,Z
MM,AT,1,390,1,1,,,,,Z
C
ZA,DA,3
DA,'','01035000',0,1,1,0,0,1,0,1,0,0,'RD-3.5',0.00,0,0,
*  0.000,3.500,0.000,0.000,0.000,0.000,0.000,0.000,0.000,
*  0.000,0.0,0.0,0.0,'',0,0.000,1,0,0,0,0,0.0,0.0
DA,'','01045000',0,1,1,0,0,1,0,1,0,0,'RD-4.5',0.00,0,0,
*  0.000,4.500,0.000,0.000,0.000,0.000,0.000,0.000,0.000,
*  0.000,0.0,0.0,0.0,'',0,0.000,1,0,0,0,0,0.0,0.0
DA,'','99999999',0,1,1,0,0,11,0,1,0,0,'Laser',0.00,0,0,
*  0.000,0.150,0.000,0.000,0.000,0.000,0.000,0.000,0.000,
*  0.000,0.0,0.0,0.0,'',0,0.000,1,0,0,0,0,0.0,0.0
C
ENDE_WZG_STAMM
C
BEGIN_WZG_CALLS
C
ZA,MM,2
MM,AT,1, 10,1,1,,,,'',T
MM,AT,1, 20,1,1,,,,'',Z
C
ZA, DA, 3
DA,'01035000',1
DA,'01045000',2
DA,'99999999',3
C
ENDE_WZG_CALLS
C
BEGIN_PROGRAMM
C
ZA,MM,4
MM,AT,1, 10,1,1,,,,'',T
MM,AT,1, 20,1,1,,,,'',T
MM,AT,1, 30,1,1,,,,'',T
MM,AT,1, 40,1,1,,,,'min',Z
C
ZA,DA,1
DA,'ST00038121','HP','',
START_TEXT
N20MSG("NUMERO DEL PROGRAMA PRINCIPAL,ST00038121")
N30MSG("DIMENSIONES DE LA CHAPA: 0.800 X 333 X 241 MATERIAL ID: Al99")
N40;(V:3.20#B:342.0#D:20010514#P:TOPS300_EXE)
N50;(V:4.0#B:1.0#D:20001023#P:TOPS300_EXE)
N60;(NOMBRE FICHERO:C:/Lantek/Expert/CNC/2306.LST)
N70;(TRANSFERNAME:ST00038121.LST NUM EJECUCIONES DEL PROGRAMA:1)
N80;(MAQUINA:TC600L TIPO:2)
N90;(CONTROL:SIN 840D VERSION:1)
N100MSG(" *** RD-3.5 *** ")
N110MSG(" *** RD-4.5 *** ")
N120MSG(" *** ##CUTTER *** ")
N130TRAILON(C2,C1)
N140G71 F100000
N150G01
N160TC_SUCTION_OFF
N170TC_POS_ACCEL(12.000,5.000)
N180TC_CLAMP_CYC
N190TC_TECHNO_MODE(1)
N200TC_SHEET_TECH("SHT-1")
N210;TC_TECHNO_MODE(2)
N220;GOTOF ENTRY_LASER
N230;TC_TECHNO_MODE(1)
N240;GOTOF ENTRY_PUNCH
N250TC_PREPARE_SHEET_LOAD("SHL-1")
N260TC_SHEET_LOAD("SHL-1")
N270TC_TANGTOOL_OFF
N280G01Y73
N290;ENTRY_PUNCH: ;RD-3.5
N300MSG("WZG RD-3.5")
N310TC_TOOL_NO("01035000")
N320TC_TOOL_CHANGE
N330TC_TOOL_TECH("PTT-1")
N340PUNCH_ON
N350X126.5Y207C1=DC(0)
N360X206.5Y207
N370PUNCH_OFF
N380;ENTRY_PUNCH: ;RD-4.5
N390MSG("WZG RD-4.5")
N400TC_TOOL_NO("01045000")
N410TC_TOOL_CHANGE
N420TC_SUCTION_ON
N430TC_TOOL_TECH("PTT-2")
N440TC_TOOL_LUBE_ON(2)
N450PUNCH_ON
N460X109.6Y98C1=DC(0)
N470X89.1Y105.5
N480X68.972Y118.571
N490X62.6Y98
N500TC_TOOL_LUBE_OFF
N510PUNCH_OFF
N520TC_TECHNO_MODE(2)
N530;UMSCHALTEN STANZEN->LASER
N540;ENTRY_LASER:
N550TC_POS_LEVEL(20.000)
N560X44.73Y107.17
N570TC_LASER_ON(1,"T2D-5524",11,100)
N580X47.27Y106.928
N590G03X47.639Y107.082I0.041J0.424
N600X42.9Y110.842I-2.339J1.918
N610X47.758Y107.237I2.4J-1.842
N620TC_LASER_OFF(1)
N630TC_POS_LEVEL(20.000)
N640G01X50.63Y136.078
N650TC_LASER_ON(1,"T2D-5524",11,100)
N660X51.691Y133.758
N670G03X52.009Y133.515I0.387J0.177
N680X52.895Y139.499I0.491J2.985
N690X52.202Y133.49I-0.395J-2.999
N700TC_LASER_OFF(1)
N710TC_POS_LEVEL(20.000)
N720G01X79.275Y112.765
N730TC_LASER_ON(1,"T2D-5524",11,100)
N740X78.374Y113.149
N750G03X77.886Y113.038I-0.167J-0.39
N760X80.246Y111.107I1.15J-1.002
N770X77.77Y112.887I-1.21J0.929
N780TC_LASER_OFF(1)
N790TC_POS_LEVEL(20.000)
N800G01X79.751Y124.721
N810TC_LASER_ON(1,"T2D-5524",11,100)
N820X80.582Y120.808
N830G03X80.767Y120.54I0.416J0.088
N840G01X97.023Y109.983
N850G03X102.387Y118.244I2.682J4.131
N860G01X75.131Y135.945
N870G03X69.766Y127.684I-2.683J-4.131
N880G01X80.934Y120.431
N890TC_LASER_OFF(1)
N900TC_POS_LEVEL(20.000)
N910X118.229Y136.328
N920TC_LASER_ON(1,"T2D-5524",11,100)
N930X115.401Y133.499
N940G02X115.1Y133.375I-0.301J0.301
N950G01X111.825
N960Y143.225
N970X118.175
N980Y133.375
N990X114.9
N1000TC_LASER_OFF(1)
N1010TC_POS_LEVEL(20.000)
N1020X82.279Y174.363
N1030TC_LASER_ON(1,"T2D-5524",11,100)
N1040X86.279Y174.363
N1050G03X86.579Y174.488I0J0.425
N1060G01X89.019Y176.927
N1070G03X88.559Y177.387I-0.23J0.23
N1080G01X83.822Y172.649
N1090G03X84.281Y172.19I0.229J-0.23
N1100G01X86.721Y174.629
N1110TC_LASER_OFF(1)
N1120TC_POS_LEVEL(20.000)
N1130X163.126Y207.833
N1140TC_LASER_ON(1,"T2D-5524",11,100)
N1150X162.869Y207.901
N1160X162.837Y207.921
N1170X162.825Y207.957
N1180G02X163.15Y208.283I0.325J0.001
N1190G01X169.85
N1200G02Y207.633I0J-0.325
N1210G01X163.15
N1220G02X162.864Y208.113I0J0.325
N1230TC_LASER_OFF(1)
N1240TC_POS_LEVEL(20.000)
N1250G01X221.229Y136.328
N1260TC_LASER_ON(1,"T2D-5524",11,100)
N1270X218.401Y133.499
N1280G02X218.1Y133.375I-0.301J0.301
N1290G01X214.825
N1300Y143.225
N1310X221.175
N1320Y133.375
N1330X217.9
N1340TC_LASER_OFF(1)
N1350TC_POS_LEVEL(20.000)
N1360X250.721Y174.363
N1370TC_LASER_ON(1,"T2D-5524",11,100)
N1380X246.721Y174.363
N1390G02X246.421Y174.488I0J0.425
N1400G01X243.981Y176.927
N1410G02X244.441Y177.387I0.23J0.23
N1420G01X249.178Y172.649
N1430G02X248.719Y172.19I-0.229J-0.23
N1440G01X246.279Y174.629
N1450TC_LASER_OFF(1)
N1460TC_POS_LEVEL(20.000)
N1470X281.438Y138.171
N1480TC_LASER_ON(1,"T2D-5524",11,100)
N1490X279.003Y138.936
N1500G03X278.611Y138.862I-0.127J-0.406
N1510X282.465Y134.2I1.889J-2.362
N1520X278.462Y138.736I-1.965J2.3
N1530TC_LASER_OFF(1)
N1540TC_POS_LEVEL(20.000)
N1550G01X289.236Y110.146
N1560TC_LASER_ON(1,"T2D-5524",11,100)
N1570X287.324Y111.834
N1580G03X286.935Y111.927I-0.282J-0.319
N1590X288.559Y106.1I0.765J-2.927
N1600X286.748Y111.871I-0.859J2.9
N1610TC_LASER_OFF(1)
N1620TC_POS_LEVEL(20.000)
N1630G01X234.946Y68.735
N1640TC_LASER_ON(1,"T2D-5524",11,100)
N1650X235.363Y69.134
N1660G03X235.411Y69.445I-0.179J0.187
N1670X233.838Y68.476I-0.811J-0.445
N1680X235.306Y69.597I0.762J0.524
N1690TC_LASER_OFF(1)
N1700TC_POS_LEVEL(20.000)
N1710G01X231.408Y68.617
N1720TC_LASER_ON(1,"T2D-5524",11,100)
N1730X231.952Y68.812
N1740G03X232.122Y69.077I-0.088J0.243
N1750X230.29Y68.831I-0.922J-0.077
N1760X232.088Y69.259I0.91J0.169
N1770TC_LASER_OFF(1)
N1780TC_POS_LEVEL(20.000)
N1790G01X227.924Y68.582
N1800TC_LASER_ON(1,"T2D-5524",11,100)
N1810X228.496Y68.66
N1820G03X228.718Y68.884I-0.035J0.256
N1830X226.875Y69.024I-0.918J0.116
N1840X228.722Y69.068I0.925J-0.024
N1850TC_LASER_OFF(1)
N1860TC_POS_LEVEL(20.000)
N1870G01X224.524Y68.582
N1880TC_LASER_ON(1,"T2D-5524",11,100)
N1890X225.096Y68.66
N1900G03X225.318Y68.884I-0.035J0.256
N1910X223.475Y69.024I-0.918J0.116
N1920X225.322Y69.068I0.925J-0.024
N1930TC_LASER_OFF(1)
N1940TC_POS_LEVEL(20.000)
N1950G01X219.528Y68.562
N1960TC_LASER_ON(1,"T2D-5524",11,100)
N1970X216.699Y65.734
N1980G03X216.575Y65.433I0.301J-0.301
N1990G01Y59
N2000X216.565Y58.963
N2010X216.537Y58.935
N2020X216.5Y58.925
N2030X116
N2040X115.962Y58.935
N2050X115.935Y58.963
N2060X115.925Y59
N2070Y70.925
N2080X56.075
N2090Y59
N2100X56.065Y58.963
N2110X56.038Y58.935
N2120X56Y58.925
N2130X40.3
N2140X40.262Y58.935
N2150X40.235Y58.963
N2160X40.225Y59
N2170Y61.425
N2180X29.5
N2190X29.462Y61.435
N2200X29.435Y61.463
N2210X29.425Y61.5
N2220Y74.425
N2230X20
N2240X19.962Y74.435
N2250X19.935Y74.463
N2260X19.925Y74.5
N2270Y91
N2280X19.935Y91.038
N2290X19.963Y91.065
N2300X20Y91.075
N2310X30.625
N2320Y103.5
N2330X30.635Y103.538
N2340X30.663Y103.565
N2350X30.7Y103.575
N2360X40.225
N2370Y115.5
N2380X40.231Y115.529
N2390X40.247Y115.553
N2400X47.425Y122.731
N2410Y152
N2420X47.431Y152.029
N2430X47.447Y152.053
N2440X106.947Y211.553
N2450X106.971Y211.569
N2460X107Y211.575
N2470X130.925
N2480Y221
N2490X130.935Y221.038
N2500X130.963Y221.065
N2510X131Y221.075
N2520X202
N2530X202.037Y221.065
N2540X202.065Y221.037
N2550X202.075Y221
N2560Y211.575
N2570X226
N2580X226.029Y211.569
N2590X226.053Y211.553
N2600X285.553Y152.053
N2610X285.569Y152.029
N2620X285.575Y152
N2630Y122.731
N2640X292.753Y115.553
N2650X292.769Y115.529
N2660X292.775Y115.5
N2670Y103.575
N2680X302.3
N2690X302.337Y103.565
N2700X302.365Y103.537
N2710X302.375Y103.5
N2720Y91.075
N2730X313
N2740X313.037Y91.065
N2750X313.065Y91.037
N2760X313.075Y91
N2770Y74.5
N2780X313.065Y74.462
N2790X313.037Y74.435
N2800X313Y74.425
N2810X303.575
N2820Y61.5
N2830X303.565Y61.463
N2840X303.537Y61.435
N2850X303.5Y61.425
N2860X292.775
N2870Y59
N2880X292.765Y58.963
N2890X292.738Y58.935
N2900X292.7Y58.925
N2910X242.5
N2920X242.462Y58.935
N2930X242.435Y58.963
N2940X242.425Y59
N2950Y68.925
N2960X236.075
N2970Y59
N2980X236.065Y58.963
N2990X236.037Y58.935
N3000X236Y58.925
N3010X223
N3020X222.962Y58.935
N3030X222.935Y58.963
N3040X222.925Y59
N3050Y68.925
N3060X216.575
N3070Y65.233
N3080TC_LASER_OFF(2)
N3090TC_PREPARE_SHEET_LOAD("SHL-1")
N3100Y90
N3110X2584
N3120TC_TECHNO_MODE(1)
N3130TC_TOOL_POSITION(TOP)
N3140TC_SHEET_UNLOAD("SHU-1")
N3150X0
N3160Y62
N3170TC_TECHNO_MODE(1)
N3180TC_SUCTION_OFF
N3190M30
STOP_TEXT
ENDE_PROGRAMM
ED


