BD
SET_METRIC
C
BEGIN_EINRICHTEPLAN_INFO
C
ZA,MM,7
MM,AT,1, 60,1,1,,,,'',T
MM,AT,1, 80,1,1,,'Datum'                                 ,,'',T
MM,AT,1,  90,1,1,,'Auftragsname'                          ,,'',T
MM,AT,1,130,1,1,,,,'',T
MM,AT,1, 140,1,1,,'Tafelgewicht'                          ,,'kg',Z
MM,AT,1,150,1,1,,'Maschinenzeit',,'min',Z
MM,AT,1,170,1,1,,,,'Bool',Z
C
ZA,DA,1
DA,'ST00038122','22.06.2022',1,'Al99',0.13,0.63,1
C
ENDE_EINRICHTEPLAN_INFO
C
BEGIN_PTT
C
ZA,MM,16
MM,AT,1, 10,1,1,,,,'',T
MM,AT,1, 20,1,1,,,,'1/min',Z
MM,AT,1, 30,1,1,,,,'',Z
MM,AT,1, 40,1,1,,,,'',Z
MM,AT,1, 50,1,1,,,,'Bool',Z
MM,AT,1, 60,1,1,,,,,Z
MM,AT,1, 70,1,1,,,,,Z
MM,AT,1, 80,1,1,,,,'',Z
MM,AT,1, 90,1,1,,,,'',Z
MM,AT,1,100,1,1,,,,'',Z
MM,AT,1,110,1,1,,,,'',Z
MM,AT,1,120,1,1,,,,'m/min',Z
MM,AT,1,130,1,1,,,,'Bool',Z
MM,AT,1,160,1,1,,,,'',Z
MM,AT,1,170,1,1,,,,'',Z
MM,AT,1,180,1,1,,,,'',Z
C
ZA,DA,1
DA,'PTT-1',0,0,0,0,0.000,0.000,0,1,0.00,1,0.00,0,0,0,0
C
ENDE_PTT
C
BEGIN_SHEET_TECH
C
ZA,MM,24
MM,AT,1, 10,1,1,,,,'',T
MM,AT,1, 20,1,1,,,,,Z
MM,AT,1, 30,1,1,,,,,Z
MM,AT,1, 40,1,1,,,,,Z
MM,AT,1, 50,1,1,,,,'',Z
MM,AT,1, 60,1,1,,,,,Z
MM,AT,1, 70,1,1,,,,'',Z
MM,AT,1, 80,1,1,,,,'',T
MM,AT,1, 90,1,1,,,,'',Z
MM,AT,1,100,1,1,,,,'',Z
MM,AT,1,110,1,1,,,,'',Z
MM,AT,1,120,1,1,,,,'',Z
MM,AT,1,130,1,1,,,,'',Z
MM,AT,1,140,1,1,,,,,Z
MM,AT,1,150,1,1,,,,,Z
MM,AT,1,160,1,1,,,,'',Z
MM,AT,1,170,1,1,,,,'',Z
MM,AT,1,180,1,1,,,,'',Z
MM,AT,1,190,1,1,,,,'',Z
MM,AT,1,200,1,1,,,,'',Z
MM,AT,1,210,1,1,,,,'',Z
MM,AT,1,220,1,1,,,,,Z
MM,AT,1,230,1,1,,,,,Z
MM,AT,1,240,1,1,,,,'',T
C
ZA,DA,1
DA,'SHT-1',243.333,254.257,0.800,1,0.00,1,'',3,4,10,14,0,
*  100,100,0,0,1,1,1,-1,243.333,254.257,'Al99'
C
ENDE_SHEET_TECH
C
BEGIN_SHEET_LOAD
C
ZA,MM,19
MM,AT,1, 10,1,1,,,,'',T
MM,AT,1, 20,1,1,,,,,Z
MM,AT,1, 30,1,1,,,,,Z
MM,AT,1, 40,1,1,,,,,Z
MM,AT,1, 50,1,1,,,,'Bool',Z
MM,AT,1, 60,1,1,,,,'',Z
MM,AT,1, 70,1,1,,,,'',Z
MM,AT,1,500,1,1,,,,'',Z
MM,AT,1,510,1,1,,,,,Z
MM,AT,1,520,1,1,,,,'',Z
MM,AT,1,530,1,1,,,,'',Z
MM,AT,1,540,1,1,,,,'',Z
MM,AT,1,550,1,1,,,,'',Z
MM,AT,1,560,1,1,,,,'',Z
MM,AT,1,570,1,1,,,,'',Z
MM,AT,1,580,1,1,,,,'Bool',Z
MM,AT,1,590,1,1,,,,'Bool',Z
MM,AT,1,600,1,1,,,,'%',Z
MM,AT,1,610,1,1,,,,'%',Z
C
ZA,DA,1
DA,'SHL-1',1.200,62.000,100.000,0,0,1,3,0.00,0000,0000,0000,
*  0014,0174,0,1,1,100.000,50.000
C
ENDE_SHEET_LOAD
C
BEGIN_SHEET_UNLOAD
C
ZA,MM,68
MM,AT,1,  10,1,1,,,,'',T
MM,AT,1,  20,1,1,,,,,Z
MM,AT,1,  30,1,1,,,,,Z
MM,AT,1,  40,1,1,,,,,Z
MM,AT,1,  50,1,1,,,,'Bool',Z
MM,AT,1,  60,1,1,,,,'',Z
MM,AT,1,  70,1,1,,,,'',Z
MM,AT,1, 200,1,1,,,,,Z
MM,AT,1, 210,1,1,,,,,Z
MM,AT,1, 220,1,1,,,,,Z
MM,AT,1, 230,1,1,,,,'Bool',Z
MM,AT,1, 240,1,1,,,,,Z
MM,AT,1, 250,1,1,,,,,Z
MM,AT,1, 260,1,1,,,,,Z
MM,AT,1, 270,1,1,,,,'Bool',Z
MM,AT,1, 280,1,1,,,,'Bool',Z
MM,AT,1, 290,1,1,,,,'',Z
MM,AT,1, 300,1,1,,,,'',Z
MM,AT,1, 310,1,1,,,,'Bool',Z
MM,AT,1, 500,1,1,,,,'Bool',Z
MM,AT,1, 510,1,1,,,,'Bool',Z
MM,AT,1, 520,1,1,,,,'Bool',Z
MM,AT,1, 530,1,1,,,,'Bool',Z
MM,AT,1, 540,1,1,,,,'Bool',Z
MM,AT,1, 550,1,1,,,,'Bool',Z
MM,AT,1, 560,1,1,,,,'Bool',Z
MM,AT,1, 570,1,1,,,,'',Z
MM,AT,1, 580,1,1,,,,'',Z
MM,AT,1, 590,1,1,,,,,Z
MM,AT,1, 600,1,1,,,,'',Z
MM,AT,1, 610,1,1,,,,,Z
MM,AT,1, 620,1,1,,,,,Z
MM,AT,1, 630,1,1,,,,,Z
MM,AT,1, 640,1,1,,,,'',Z
MM,AT,1, 650,1,1,,,,'',Z
MM,AT,1, 660,1,1,,,,'',Z
MM,AT,1, 670,1,1,,,,'',Z
MM,AT,1, 680,1,1,,,,'',Z
MM,AT,1, 690,1,1,,,,'%',Z
MM,AT,1, 700,1,1,,,,'%',Z
MM,AT,1, 710,1,1,,,,'%',Z
MM,AT,1, 720,1,1,,,,'%',Z
MM,AT,1, 730,1,1,,,,'Bool',Z
MM,AT,1, 740,1,1,,,,'Bool',Z
MM,AT,1, 750,1,1,,,,'Bool',Z
MM,AT,1, 760,1,1,,,,'Bool',Z
MM,AT,1, 770,1,1,,,,'Bool',Z
MM,AT,1, 820,1,1,,,,'Bool',Z
MM,AT,1,1000,1,1,,,,'',T
MM,AT,1,1010,1,1,,,,'',T
MM,AT,1,1020,1,1,,,,'',Z
MM,AT,1,1030,1,1,,,,'',T
MM,AT,1,1040,1,1,,,,,Z
MM,AT,1,1050,1,1,,,,'',Z
MM,AT,1,1060,1,1,,,,'',Z
MM,AT,1,1070,1,1,,,,,Z
MM,AT,1,1080,1,1,,,,,Z
MM,AT,1,1090,1,1,,,,,Z
MM,AT,1,1100,1,1,,,,,Z
MM,AT,1,1110,1,1,,,,'',Z
MM,AT,1,1120,1,1,,,,'',Z
MM,AT,1,1130,1,1,,,,,Z
MM,AT,1,1140,1,1,,,,,Z
MM,AT,1,1150,1,1,,,,'',Z
MM,AT,1,1160,1,1,,,,,Z
MM,AT,1,1170,1,1,,,,,Z
MM,AT,1,1180,1,1,,,,'',T
MM,AT,1,1190,1,1,,,,'',T
C
ZA,DA,1
DA,'SHU-1',2584,90.000,100.000,0,0,1,0.0,0.0,0.0,1,0.000,
*  0.000,100.000,0,0,0,0,0,1,0,0,0,0,0,0,0,4,0.000,0.000,
*  0.000,0.000,0.000,0,0,0,0,0,0.00,0.00,0.00,0.00,0,0,0,0,
*  0,1,' ',' ',0,'',0,0,0,0,0,0,0,0,0,0,0,0,0,0,'',''
C
ENDE_SHEET_UNLOAD
C
BEGIN_LTT_CALLS
C
ZA,MM,1
MM,AT,1, 10,1,1,,,,'',T
C
ZA,DA,1
DA,'T2D-5524'
C
ENDE_LTT_CALLS
C
BEGIN_WZG_STAMM
C
ZA,MM,39
MM,AT,1, 10,1,1,,,,'',T
MM,AT,1, 20,1,1,,,,'',T
MM,AT,1, 30,1,1,,,,'',Z
MM,AT,1, 40,1,1,,,,'',Z
MM,AT,1, 50,1,1,,,,'',Z
MM,AT,1, 60,1,1,,,,'',Z
MM,AT,1, 70,1,1,,,,'',Z
MM,AT,1, 80,1,1,,,,'',Z
MM,AT,1, 90,1,1,,,,'',Z
MM,AT,1,100,1,1,,,,'',Z
MM,AT,1,110,1,1,,,,'',Z
MM,AT,1,120,1,1,,,,'',Z
MM,AT,1,130,1,1,,,,'',T
MM,AT,1,140,1,1,,,,'1/min',Z
MM,AT,1,150,1,1,,,,'',Z
MM,AT,1,160,1,1,,,,'',Z
MM,AT,1,170,1,1,,,,'',Z
MM,AT,1,180,1,1,,,,,Z
MM,AT,1,190,1,1,,,,,Z
MM,AT,1,200,1,1,,,,,Z
MM,AT,1,210,1,1,,,,,Z
MM,AT,1,220,1,1,,,,,Z
MM,AT,1,230,1,1,,,,,Z
MM,AT,1,240,1,1,,,,,Z
MM,AT,1,250,1,1,,,,,Z
MM,AT,1,260,1,1,,,,,Z
MM,AT,1,270,1,1,,,,'',Z
MM,AT,1,280,1,1,,,,'',Z
MM,AT,1,290,1,1,,,,'',Z
MM,AT,1,300,1,1,,,,'',T
MM,AT,1,310,1,1,,,,'',Z
MM,AT,1,320,1,1,,,,,Z
MM,AT,1,330,1,1,,,,'',Z
MM,AT,1,340,1,1,,,,,Z
MM,AT,1,350,1,1,,,,,Z
MM,AT,1,360,1,1,,,,,Z
MM,AT,1,370,1,1,,,,,Z
MM,AT,1,380,1,1,,,,,Z
MM,AT,1,390,1,1,,,,,Z
C
ZA,DA,2
DA,'','01090000',0,1,1,0,0,1,0,1,0,0,'RD-9',0.00,0,0,0.000,
*  9.000,0.000,0.000,0.000,0.000,0.000,0.000,0.000,0.000,
*  0.0,0.0,0.0,'',0,0.000,1,0,0,0,0,0.0,0.0
DA,'','99999999',0,1,1,0,0,11,0,1,0,0,'Laser',0.00,0,0,
*  0.000,0.150,0.000,0.000,0.000,0.000,0.000,0.000,0.000,
*  0.000,0.0,0.0,0.0,'',0,0.000,1,0,0,0,0,0.0,0.0
C
ENDE_WZG_STAMM
C
BEGIN_WZG_CALLS
C
ZA,MM,2
MM,AT,1, 10,1,1,,,,'',T
MM,AT,1, 20,1,1,,,,'',Z
C
ZA, DA, 2
DA,'01090000',1
DA,'99999999',2
C
ENDE_WZG_CALLS
C
BEGIN_PROGRAMM
C
ZA,MM,4
MM,AT,1, 10,1,1,,,,'',T
MM,AT,1, 20,1,1,,,,'',T
MM,AT,1, 30,1,1,,,,'',T
MM,AT,1, 40,1,1,,,,'min',Z
C
ZA,DA,1
DA,'ST00038122','HP','',
START_TEXT
N20MSG("NUMERO DEL PROGRAMA PRINCIPAL,ST00038122")
N30MSG("DIMENSIONES DE LA CHAPA: 0.800 X 243.333 X 254.257 MATERIAL ID: Al99")
N40;(V:3.20#B:342.0#D:20010514#P:TOPS300_EXE)
N50;(V:4.0#B:1.0#D:20001023#P:TOPS300_EXE)
N60;(NOMBRE FICHERO:C:/Lantek/Expert/CNC/2307.LST)
N70;(TRANSFERNAME:ST00038122.LST NUM EJECUCIONES DEL PROGRAMA:1)
N80;(MAQUINA:TC600L TIPO:2)
N90;(CONTROL:SIN 840D VERSION:1)
N100MSG(" *** RD-9 *** ")
N110MSG(" *** ##CUTTER *** ")
N120TRAILON(C2,C1)
N130G71 F100000
N140G01
N150TC_SUCTION_OFF
N160TC_POS_ACCEL(12.000,5.000)
N170TC_CLAMP_CYC
N180TC_TECHNO_MODE(1)
N190TC_SHEET_TECH("SHT-1")
N200;TC_TECHNO_MODE(2)
N210;GOTOF ENTRY_LASER
N220;TC_TECHNO_MODE(1)
N230;GOTOF ENTRY_PUNCH
N240TC_PREPARE_SHEET_LOAD("SHL-1")
N250TC_SHEET_LOAD("SHL-1")
N260TC_TANGTOOL_OFF
N270G01Y73
N280;ENTRY_PUNCH: ;RD-9
N290MSG("WZG RD-9")
N300TC_TOOL_NO("01090000")
N310TC_TOOL_CHANGE
N320TC_SUCTION_ON
N330TC_TOOL_TECH("PTT-1")
N340TC_TOOL_LUBE_ON(2)
N350PUNCH_ON
N360X133.712Y162.757C1=DC(0)
N370X153.712Y162.757
N380X153.712Y183.757
N390X133.712Y183.757
N400X133.712Y219.257
N410X153.712Y219.257
N420TC_TOOL_LUBE_OFF
N430PUNCH_OFF
N440TC_TECHNO_MODE(2)
N450;UMSCHALTEN STANZEN->LASER
N460;ENTRY_LASER:
N470TC_POS_LEVEL(20.000)
N480X155.42Y141.178
N490TC_LASER_ON(1,"T2D-5524",11,100)
N500X152.817Y144.215
N510G03X152.525Y144.362I-0.323J-0.277
N520X143.712Y144.682I-8.813J-121.105
N530Y133.832I0J-5.425
N540G02X198.999Y119.018I0J-110.575
N550G03X204.424Y128.414I2.713J4.698
N560X152.326Y144.376I-60.712J-105.157
N570TC_LASER_OFF(1)
N580TC_POS_LEVEL(20.000)
N590G01X88.833Y121.939
N600TC_LASER_ON(1,"T2D-5524",11,100)
N610X90.686Y125.484
N620G03X90.7Y125.848I-0.377J0.197
N630X82.999Y128.414I-4.988J-2.132
N640X38.554Y83.97I60.713J-105.157
N650X47.951Y78.545I4.699J-2.713
N660G02X88.424Y119.018I95.761J-55.288
N670G03X90.619Y126.028I-2.712J4.698
N680TC_LASER_OFF(1)
N690TC_POS_LEVEL(20.000)
N700G01X76.509Y144.992
N710TC_LASER_ON(1,"T2D-5524",11,100)
N720X80.331Y143.81
N730G03X80.653Y143.839I0.125J0.406
N740G02X108.821Y154.783I63.059J-120.582
N750G03X123.637Y174.042I-5.109J19.259
N760G01Y231.257
N770G02X126.712Y234.332I3.075J0
N780G01X160.712
N790G02X163.787Y231.257I0J-3.075
N800G01Y174.042
N810G03X178.603Y154.783I19.925J0
N820G02X222.104Y134.482I-34.891J-131.526
N830X222.996Y130.431I-1.771J-2.513
N840G01X205.902Y100.824
N850G02X201.39Y99.905I-2.663J1.538
N860G03X55.437Y60.797I-57.678J-76.648
N870G02X51.07Y59.337I-2.83J1.203
N880G01X21.462Y76.431
N890G02X20.209Y80.385I1.538J2.663
N900X80.831Y143.932I123.503J-57.128
N910TC_LASER_OFF(2)
N920TC_PREPARE_SHEET_LOAD("SHL-1")
N930G01Y90
N940X2584
N950TC_TECHNO_MODE(1)
N960TC_TOOL_POSITION(TOP)
N970TC_SHEET_UNLOAD("SHU-1")
N980X0
N990Y62
N1000TC_TECHNO_MODE(1)
N1010TC_SUCTION_OFF
N1020M30
STOP_TEXT
ENDE_PROGRAMM
ED


