

%
(DFS,P01038125)
N10(*MSG, SUB-PROGRAM NO.,P01038125)
N20G91
N30(*MSG, PART NUMBER: 1)
N40G928[20.0]
N50G915[0]
N60G914
N70G01X0Y-0.075
N80G09
N90X0Y-3.925
N100X21.85Y0
N110X0Y3.925
N120X0Y0.075
N130G918
N140G929[40.0]
N150G00G40X12.044Y0.027
N160G914
N170G01X0.066Y-0.036
N180G08
N190X41.122Y-22.197
N200G03X46.059Y-5.985I30.843J57.131
N210G01X17.752Y18.191
N220X10.628Y0
N230X1.47Y-12
N240X9.867Y0
N250X1.47Y12
N260X11.398Y0
N270X0.286Y-5.54
N280G03X15.224Y-5.845I8.913J0.465
N290G09
N300G01X8.764Y8.762
N310X0Y-8.377
N320X16.436Y0
N330G02X-78.67Y-62.446I-108.511J55.926
N340G03X-31.632Y-3.69I-15.841J-1.629
N350G02X-68.682Y22.382I1.791J122.062
N360G03X-12.238Y9.895I-5.527J5.679
N370G02X-34.233Y54.763I82.711J89.785
N380G01X-0.021Y0.071
N390G918
N400G01X11.04Y0.025
N410G801[1849000]
N420G928[0.8]
N430G915[1]
N440G08
N450G932
N460G914
N470G01X0Y-0.075
N480G09
N490X0Y-3.925
N500X21.85Y0
N510X0Y3.925
N520X0Y0.075
N530G918
N540G929[40.0]
N550G00G40X12.044Y0.027
N560G932
N570G914
N580G01X0.066Y-0.036
N590G08
N600X41.122Y-22.197
N610G03X46.059Y-5.985I30.843J57.131
N620G01X17.752Y18.191
N630X10.628Y0
N640X1.47Y-12
N650X9.867Y0
N660X1.47Y12
N670X11.398Y0
N680X0.286Y-5.54
N690G03X15.224Y-5.845I8.913J0.465
N700G09
N710G01X8.764Y8.762
N720X0Y-8.377
N730X16.436Y0
N740G02X-78.67Y-62.446I-108.511J55.926
N750G03X-31.632Y-3.69I-15.841J-1.629
N760G02X-68.682Y22.382I1.791J122.062
N770G03X-12.238Y9.895I-5.527J5.679
N780G02X-34.233Y54.763I82.711J89.785
N790G01X-0.021Y0.071
N800G918
N810G01
N820G90
N830M02


(DFS,P038125)
 (*MSG,NUMERO DEL PROGRAMA PRINCIPAL:,P038125)
 (*MSG,DIMENSIONES DE LA CHAPA 0.80 X 225.26 X 86.99 )
N10G92
N20G71F60
N30G928[0.8]
N40G929[40.0]
N50G801[1849020]
N60G924
N70G778[1,225.26,86.99,50.00,50.00]
N80G62
N90F60
N100(*MSG, EL NUMERO DE PIEZA CORTADA ES EL 4 A LINE NUMBER 110)
N110F60
N120G929[40.0]
N130G01X10.947Y87.064
N140Q01038125
N150G919
N160G07
N170M02


