

%
(DFS,P01038123)
N10(*MSG, SUB-PROGRAM NO.,P01038123)
N20G91
N30(*MSG, PART NUMBER: 1)
N40G929[40.0]
N50G01G40X0.001Y0.075
N60G928[20.0]
N70G915[0]
N80G914
N90G01X2.924Y-0.029
N100G03X0Y0I-24.924J0.174
N110G03X0Y0.423I-24.924J0.174
N120G918
N130G01G40X-42.602Y17.429
N140G914
N150G01X-32.322Y32.322
N160G918
N170G00G40X89.925Y0.075
N180G914
N190G01X0.075Y0
N200G02X10.075Y-10.075I0J-10.075
N210G01X0Y-0.075
N220G918
N230G00G40X-90Y-90
N240G914
N250G01X-0.075Y0
N260G02X-10.075Y10.075I0J10.075
N270G01X0Y0.075
N280G918
N290G01X72.074Y39.705
N300G929[40.0]
N310G01G40X0.001Y0.075
N320G801[1849000]
N330G928[0.8]
N340G915[1]
N350G08
N360G932
N370G914
N380G01X2.924Y-0.029
N390G03X0Y0I-24.924J0.174
N400G03X0Y0.423I-24.924J0.174
N410G918
N420G01G40X-42.602Y17.429
N430G932
N440G914
N450G01X-32.322Y32.322
N460G918
N470G00G40X89.925Y0.075
N480G932
N490G914
N500G01X0.075Y0
N510G02X10.075Y-10.075I0J-10.075
N520G01X0Y-0.075
N530G918
N540G00G40X-90Y-90
N550G932
N560G914
N570G01X-0.075Y0
N580G02X-10.075Y10.075I0J10.075
N590G01X0Y0.075
N600G918
N610G01
N620G90
N630M02


(DFS,P038123)
 (*MSG,NUMERO DEL PROGRAMA PRINCIPAL:,P038123)
 (*MSG,DIMENSIONES DE LA CHAPA 0.80 X 100.00 X 100.00 )
N10G92
N20G71F60
N30G928[0.8]
N40G929[40.0]
N50G801[1849020]
N60G924
N70G778[1,100,100,50.00,50.00]
N80G62
N90F60
N100G24L110
N110(*MSG, EL NUMERO DE PIEZA CORTADA ES EL 1 A LINE NUMBER 110)
N120F60
N130G929[40.0]
N140G01X71.999Y49.78
N150Q01038123
N160G919
N170G07
N180M02


