

%
(DFS,P01038124)
N10(*MSG, SUB-PROGRAM NO.,P01038124)
N20G91
N30(*MSG, PART NUMBER: 1)
N40G929[40.0]
N50G01G40X0.002Y0.075
N60G928[20.0]
N70G915[0]
N80G914
N90G01X2.923Y-0.073
N100G03X0Y0I-9.923J0.173
N110G03X-0.001Y0.421I-9.923J0.173
N120G918
N130G01G40X-2.922Y64.652
N140G09
N150G914
N160G01X2.923Y-0.073
N170G08
N180G03X0Y0I-9.923J0.173
N190G03X-0.001Y0.421I-9.923J0.173
N200G918
N210G01G40X88.511Y-41.946
N220G914
N230G01X3Y0
N240X28.858Y0
N250G03X0Y19.85I0J9.925
N260G01X-28.915Y0
N270G03X-26.16Y26.16I-36.085J-9.925
N280G09
N290G01X0Y9.982
N300X-19.85Y0
N310G08
N320X0Y-9.982
N330G03X-26.16Y-26.16I9.925J-36.085
N340G01X-28.915Y0
N350G03X0Y-19.85I0J-9.925
N360G01X28.915Y0
N370G03X26.16Y-26.16I36.085J9.925
N380G09
N390G01X0Y-9.982
N400X19.85Y0
N410G08
N420X0Y9.982
N430G03X26.144Y26.105I-9.925J36.085
N440G01X0.027Y0.096
N450G918
N460G00G40X35.613Y41.557
N470G09
N480G914
N490G01X2.923Y-0.073
N500G08
N510G03X0Y0I-9.923J0.173
N520G03X-0.001Y0.421I-9.923J0.173
N530G918
N540G01G40X-2.922Y-65.348
N550G09
N560G914
N570G01X2.923Y-0.073
N580G08
N590G03X0Y0I-9.923J0.173
N600G03X-0.001Y0.421I-9.923J0.173
N610G918
N620G01G40X15.153Y-0.173
N630G914
N640G01X0Y-0.075
N650G02X-25.075Y-25.075I-25.075J0
N660G01X-0.075Y0
N670G918
N680G00G40X0Y115.15
N690G914
N700G01X0.075Y0
N710G02X25.075Y-25.075I0J-25.075
N720G01X0Y-0.075
N730G918
N740G00G40X-155Y-90
N750G914
N760G01X-0.075Y0
N770G02X-25.075Y25.075I0J25.075
N780G01X0Y0.075
N790G918
N800G00G40X0Y64.85
N810G914
N820G01X0Y0.075
N830G02X25.075Y25.075I25.075J0
N840G01X0.075Y0
N850G918
N860G01X6.923Y-90.25
N870G929[40.0]
N880G01G40X0.002Y0.075
N890G801[1849000]
N900G928[0.8]
N910G915[1]
N920G08
N930G932
N940G914
N950G01X2.923Y-0.073
N960G03X0Y0I-9.923J0.173
N970G03X-0.001Y0.421I-9.923J0.173
N980G918
N990G01G40X-2.922Y64.652
N1000G09
N1010G932
N1020G914
N1030G01X2.923Y-0.073
N1040G08
N1050G03X0Y0I-9.923J0.173
N1060G03X-0.001Y0.421I-9.923J0.173
N1070G918
N1080G01G40X88.511Y-41.946
N1090G932
N1100G914
N1110G01X3Y0
N1120X28.858Y0
N1130G03X0Y19.85I0J9.925
N1140G01X-28.915Y0
N1150G03X-26.16Y26.16I-36.085J-9.925
N1160G09
N1170G01X0Y9.982
N1180X-19.85Y0
N1190G08
N1200X0Y-9.982
N1210G03X-26.16Y-26.16I9.925J-36.085
N1220G01X-28.915Y0
N1230G03X0Y-19.85I0J-9.925
N1240G01X28.915Y0
N1250G03X26.16Y-26.16I36.085J9.925
N1260G09
N1270G01X0Y-9.982
N1280X19.85Y0
N1290G08
N1300X0Y9.982
N1310G03X26.144Y26.105I-9.925J36.085
N1320G01X0.027Y0.096
N1330G918
N1340G00G40X35.613Y41.557
N1350G09
N1360G932
N1370G914
N1380G01X2.923Y-0.073
N1390G08
N1400G03X0Y0I-9.923J0.173
N1410G03X-0.001Y0.421I-9.923J0.173
N1420G918
N1430G01G40X-2.922Y-65.348
N1440G09
N1450G932
N1460G914
N1470G01X2.923Y-0.073
N1480G08
N1490G03X0Y0I-9.923J0.173
N1500G03X-0.001Y0.421I-9.923J0.173
N1510G918
N1520G01G40X15.153Y-0.173
N1530G932
N1540G914
N1550G01X0Y-0.075
N1560G02X-25.075Y-25.075I-25.075J0
N1570G01X-0.075Y0
N1580G918
N1590G00G40X0Y115.15
N1600G932
N1610G914
N1620G01X0.075Y0
N1630G02X25.075Y-25.075I0J-25.075
N1640G01X0Y-0.075
N1650G918
N1660G00G40X-155Y-90
N1670G932
N1680G914
N1690G01X-0.075Y0
N1700G02X-25.075Y25.075I0J25.075
N1710G01X0Y0.075
N1720G918
N1730G00G40X0Y64.85
N1740G932
N1750G914
N1760G01X0Y0.075
N1770G02X25.075Y25.075I25.075J0
N1780G01X0.075Y0
N1790G918
N1800G01
N1810G90
N1820M02


(DFS,P038124)
 (*MSG,NUMERO DEL PROGRAMA PRINCIPAL:,P038124)
 (*MSG,DIMENSIONES DE LA CHAPA 0.80 X 180.00 X 115.00 )
N10G92
N20G71F60
N30G928[0.8]
N40G929[40.0]
N50G801[1849020]
N60G924
N70G778[1,180,115,50.00,50.00]
N80G62
N90F60
N100(*MSG, EL NUMERO DE PIEZA CORTADA ES EL 2 A LINE NUMBER 110)
N110F60
N120G929[40.0]
N130G01X31.998Y24.825
N140Q01038124
N150G919
N160G07
N170M02


