

%
(DFS,P01038126)
N10(*MSG, SUB-PROGRAM NO.,P01038126)
N20G91
N30(*MSG, PART NUMBER: 1)
N40G929[40.0]
N50G01G40X0.006Y0.075
N60G928[20.0]
N70G915[0]
N80G914
N90G01X2.914Y-0.236
N100G03X0Y0I-3.02J0.169
N110G03X-0.005Y0.413I-3.02J0.169
N120G918
N130G01G40X14.293Y-11.169
N140G09
N150G914
N160G01X2.161Y-0.241
N170G08
N180G03X0Y0I-2.169J0.166
N190G03X-0.007Y0.407I-2.169J0.166
N200G918
N210G01G40X4.218Y20.405
N220G09
N230G914
N240G01X2.161Y-0.241
N250G08
N260G03X0Y0I-2.169J0.166
N270G03X-0.008Y0.408I-2.169J0.166
N280G918
N290G01G40X7.915Y-6.703
N300G09
N310G914
N320G01X1.504Y-0.237
N330G08
N340G03X0Y0I-1.516J0.163
N350G03X-0.01Y0.4I-1.516J0.163
N360G918
N370G01G40X8.566Y-6.698
N380G09
N390G914
N400G01X2.161Y-0.241
N410G08
N420G03X0Y0I-2.169J0.166
N430G03X-0.007Y0.407I-2.169J0.166
N440G918
N450G01G40X10.108Y7.262
N460G09
N470G914
N480G01X2.37Y-1.714
N490G08
N500G03X-1.353Y6.955I-4.035J2.825
N510G01X-27.256Y17.701
N520G03X-5.365Y-8.261I-2.683J-4.131
N530G01X27.257Y-17.701
N540G03X6.941Y1.658I2.682J4.131
N550G918
N560G01G40X5.644Y-13.566
N570G09
N580G914
N590G01X2.161Y-0.241
N600G08
N610G03X0Y0I-2.169J0.166
N620G03X-0.007Y0.407I-2.169J0.166
N630G918
N640G01G40X3.488Y40.234
N650G09
N660G914
N670G01X2.925Y0
N680X0Y-5.1
N690X-6.35Y0
N700X0Y9.85
N710X6.35Y0
N720X0Y-5.175
N730G918
N740G00G40X-31.879Y36.614
N750G914
N760G01X0.23Y-0.229
N770G08
N780X2.493Y2.492
N790G03X-0.46Y0.46I-0.23J0.23
N800G01X-4.737Y-4.738
N810G03X0.459Y-0.459I0.229J-0.23
N820G01X2.546Y2.545
N830G918
N840G00G40X-34.221Y-38.168
N850G09
N860G914
N870G01X2.914Y-0.236
N880G08
N890G03X0Y0I-3.02J0.169
N900G03X-0.005Y0.413I-3.02J0.169
N910G918
N920G01G40X70.996Y70.33
N930G09
N940G914
N950G01X1.656Y-0.238
N960G08
N970G03X0Y0I-1.667J0.164
N980G03X-0.009Y0.402I-1.667J0.164
N990G918
N1000G01G40X38.517Y0.72
N1010G09
N1020G914
N1030G01X0Y-0.325
N1040G08
N1050X-3.525Y0
N1060G02X0Y0.65I0J0.325
N1070G01X6.7Y0
N1080G02X0Y-0.65I0J-0.325
N1090G01X-3.6Y0
N1100G918
N1110G00G40X40.261Y-0.559
N1120G09
N1130G914
N1140G01X1.656Y-0.238
N1150G08
N1160G03X0Y0I-1.667J0.164
N1170G03X-0.009Y0.402I-1.667J0.164
N1180G918
N1190G01G40X38.298Y-32.326
N1200G09
N1210G914
N1220G01X0.23Y0.23
N1230G08
N1240X2.492Y-2.493
N1250G02X-0.459Y-0.459I-0.229J-0.23
N1260G01X-4.738Y4.737
N1270G02X0.46Y0.46I0.23J0.23
N1280G01X2.545Y-2.546
N1290G918
N1300G00G40X-28.736Y-36.366
N1310G09
N1320G914
N1330G01X2.925Y0
N1340X0Y-5.1
N1350X-6.35Y0
N1360X0Y9.85
N1370X6.35Y0
N1380X0Y-5.175
N1390G918
N1400G00G40X59.431Y-1.483
N1410G914
N1420G01X2.914Y-0.236
N1430G08
N1440G03X0Y0I-3.02J0.169
N1450G03X-0.005Y0.413I-3.02J0.169
N1460G918
N1470G01G40X4.291Y-27.677
N1480G09
N1490G914
N1500G01X2.914Y-0.236
N1510G08
N1520G03X0Y0I-3.02J0.169
N1530G03X-0.005Y0.413I-3.02J0.169
N1540G918
N1550G01G40X-56.096Y-40.171
N1560G09
N1570G914
N1580G01X0.893Y-0.228
N1590G08
N1600G03X0Y0I-0.912J0.155
N1610G03X-0.016Y0.384I-0.912J0.155
N1620G918
N1630G01G40X-4.277Y-0.156
N1640G09
N1650G914
N1660G01X0.893Y-0.228
N1670G08
N1680G03X0Y0I-0.912J0.155
N1690G03X-0.016Y0.384I-0.912J0.155
N1700G918
N1710G01G40X-4.277Y-0.156
N1720G09
N1730G914
N1740G01X0.893Y-0.228
N1750G08
N1760G03X0Y0I-0.912J0.155
N1770G03X-0.016Y0.384I-0.912J0.155
N1780G918
N1790G01G40X-4.277Y-0.156
N1800G09
N1810G914
N1820G01X0.893Y-0.228
N1830G08
N1840G03X0Y0I-0.912J0.155
N1850G03X-0.016Y0.384I-0.912J0.155
N1860G918
N1870G01G40X-2.371Y-10.304
N1880G914
N1890G01X0Y0.075
N1900G09
N1910X0Y9.925
N1920X-6.35Y0
N1930X0Y-9.925
N1940X0Y-0.075
N1950G918
N1960G00G40X25.85Y0
N1970G914
N1980G01X0Y0.075
N1990X0Y9.925
N2000X-6.35Y0
N2010X0Y-9.925
N2020X0Y-0.075
N2030G918
N2040G00G40X77Y15.5
N2050G914
N2060G01X-0.075Y0
N2070X-9.425Y0
N2080X0Y-13
N2090X-10.8Y0
N2100X0Y-2.425
N2110X0Y-0.075
N2120G918
N2130G00G40X-252.55Y0
N2140G914
N2150G01X0Y0.075
N2160X0Y2.425
N2170X-10.8Y0
N2180X0Y13
N2190X-9.425Y0
N2200X-0.075Y0
N2210G918
N2220G00G40X96Y-15.5
N2230G914
N2240G01X0Y0.075
N2250X0Y11.925
N2260X-59.85Y0
N2270X0Y-11.925
N2280X0Y-0.075
N2290G918
N2300G00G40X146Y162.15
N2310G914
N2320G01X0Y-0.075
N2330X0Y-9.425
N2340G08
N2350X23.956Y0
N2360X59.544Y-59.544
N2370X0Y-29.3
N2380X7.2Y-7.2
N2390G09
N2400X0Y-11.956
N2410X9.6Y0
N2420X0Y-12.5
N2430X10.625Y0
N2440X0.075Y0
N2450G918
N2460G00G40X-293.15Y0
N2470G914
N2480G01X0.075Y0
N2490X10.625Y0
N2500X0Y12.5
N2510X9.6Y0
N2520G08
N2530X0Y11.956
N2540X7.2Y7.2
N2550X0Y29.3
N2560X59.544Y59.544
N2570G09
N2580X23.956Y0
N2590X0Y9.425
N2600X0Y0.075
N2610G918
N2620G01X-85.525Y-112.083
N2630G929[40.0]
N2640G01G40X0.006Y0.075
N2650G801[1849000]
N2660G928[0.8]
N2670G915[1]
N2680G08
N2690G932
N2700G914
N2710G01X2.914Y-0.236
N2720G03X0Y0I-3.02J0.169
N2730G03X-0.005Y0.413I-3.02J0.169
N2740G918
N2750G01G40X14.293Y-11.169
N2760G09
N2770G932
N2780G914
N2790G01X2.161Y-0.241
N2800G08
N2810G03X0Y0I-2.169J0.166
N2820G03X-0.007Y0.407I-2.169J0.166
N2830G918
N2840G01G40X4.218Y20.405
N2850G09
N2860G932
N2870G914
N2880G01X2.161Y-0.241
N2890G08
N2900G03X0Y0I-2.169J0.166
N2910G03X-0.008Y0.408I-2.169J0.166
N2920G918
N2930G01G40X7.915Y-6.703
N2940G09
N2950G932
N2960G914
N2970G01X1.504Y-0.237
N2980G08
N2990G03X0Y0I-1.516J0.163
N3000G03X-0.01Y0.4I-1.516J0.163
N3010G918
N3020G01G40X8.566Y-6.698
N3030G09
N3040G932
N3050G914
N3060G01X2.161Y-0.241
N3070G08
N3080G03X0Y0I-2.169J0.166
N3090G03X-0.007Y0.407I-2.169J0.166
N3100G918
N3110G01G40X10.108Y7.262
N3120G09
N3130G932
N3140G914
N3150G01X2.37Y-1.714
N3160G08
N3170G03X-1.353Y6.955I-4.035J2.825
N3180G01X-27.256Y17.701
N3190G03X-5.365Y-8.261I-2.683J-4.131
N3200G01X27.257Y-17.701
N3210G03X6.941Y1.658I2.682J4.131
N3220G918
N3230G01G40X5.644Y-13.566
N3240G09
N3250G932
N3260G914
N3270G01X2.161Y-0.241
N3280G08
N3290G03X0Y0I-2.169J0.166
N3300G03X-0.007Y0.407I-2.169J0.166
N3310G918
N3320G01G40X3.488Y40.234
N3330G09
N3340G932
N3350G914
N3360G01X2.925Y0
N3370X0Y-5.1
N3380X-6.35Y0
N3390X0Y9.85
N3400X6.35Y0
N3410X0Y-5.175
N3420G918
N3430G00G40X-31.879Y36.614
N3440G932
N3450G914
N3460G01X0.23Y-0.229
N3470G08
N3480X2.493Y2.492
N3490G03X-0.46Y0.46I-0.23J0.23
N3500G01X-4.737Y-4.738
N3510G03X0.459Y-0.459I0.229J-0.23
N3520G01X2.546Y2.545
N3530G918
N3540G00G40X-34.221Y-38.168
N3550G09
N3560G932
N3570G914
N3580G01X2.914Y-0.236
N3590G08
N3600G03X0Y0I-3.02J0.169
N3610G03X-0.005Y0.413I-3.02J0.169
N3620G918
N3630G01G40X70.996Y70.33
N3640G09
N3650G932
N3660G914
N3670G01X1.656Y-0.238
N3680G08
N3690G03X0Y0I-1.667J0.164
N3700G03X-0.009Y0.402I-1.667J0.164
N3710G918
N3720G01G40X38.517Y0.72
N3730G09
N3740G932
N3750G914
N3760G01X0Y-0.325
N3770G08
N3780X-3.525Y0
N3790G02X0Y0.65I0J0.325
N3800G01X6.7Y0
N3810G02X0Y-0.65I0J-0.325
N3820G01X-3.6Y0
N3830G918
N3840G00G40X40.261Y-0.559
N3850G09
N3860G932
N3870G914
N3880G01X1.656Y-0.238
N3890G08
N3900G03X0Y0I-1.667J0.164
N3910G03X-0.009Y0.402I-1.667J0.164
N3920G918
N3930G01G40X38.298Y-32.326
N3940G09
N3950G932
N3960G914
N3970G01X0.23Y0.23
N3980G08
N3990X2.492Y-2.493
N4000G02X-0.459Y-0.459I-0.229J-0.23
N4010G01X-4.738Y4.737
N4020G02X0.46Y0.46I0.23J0.23
N4030G01X2.545Y-2.546
N4040G918
N4050G00G40X-28.736Y-36.366
N4060G09
N4070G932
N4080G914
N4090G01X2.925Y0
N4100X0Y-5.1
N4110X-6.35Y0
N4120X0Y9.85
N4130X6.35Y0
N4140X0Y-5.175
N4150G918
N4160G00G40X59.431Y-1.483
N4170G932
N4180G914
N4190G01X2.914Y-0.236
N4200G08
N4210G03X0Y0I-3.02J0.169
N4220G03X-0.005Y0.413I-3.02J0.169
N4230G918
N4240G01G40X4.291Y-27.677
N4250G09
N4260G932
N4270G914
N4280G01X2.914Y-0.236
N4290G08
N4300G03X0Y0I-3.02J0.169
N4310G03X-0.005Y0.413I-3.02J0.169
N4320G918
N4330G01G40X-56.096Y-40.171
N4340G09
N4350G932
N4360G914
N4370G01X0.893Y-0.228
N4380G08
N4390G03X0Y0I-0.912J0.155
N4400G03X-0.016Y0.384I-0.912J0.155
N4410G918
N4420G01G40X-4.277Y-0.156
N4430G09
N4440G932
N4450G914
N4460G01X0.893Y-0.228
N4470G08
N4480G03X0Y0I-0.912J0.155
N4490G03X-0.016Y0.384I-0.912J0.155
N4500G918
N4510G01G40X-4.277Y-0.156
N4520G09
N4530G932
N4540G914
N4550G01X0.893Y-0.228
N4560G08
N4570G03X0Y0I-0.912J0.155
N4580G03X-0.016Y0.384I-0.912J0.155
N4590G918
N4600G01G40X-4.277Y-0.156
N4610G09
N4620G932
N4630G914
N4640G01X0.893Y-0.228
N4650G08
N4660G03X0Y0I-0.912J0.155
N4670G03X-0.016Y0.384I-0.912J0.155
N4680G918
N4690G01G40X-2.371Y-10.304
N4700G932
N4710G914
N4720G01X0Y0.075
N4730G09
N4740X0Y9.925
N4750X-6.35Y0
N4760X0Y-9.925
N4770X0Y-0.075
N4780G918
N4790G00G40X25.85Y0
N4800G932
N4810G914
N4820G01X0Y0.075
N4830X0Y9.925
N4840X-6.35Y0
N4850X0Y-9.925
N4860X0Y-0.075
N4870G918
N4880G00G40X77Y15.5
N4890G932
N4900G914
N4910G01X-0.075Y0
N4920X-9.425Y0
N4930X0Y-13
N4940X-10.8Y0
N4950X0Y-2.425
N4960X0Y-0.075
N4970G918
N4980G00G40X-252.55Y0
N4990G932
N5000G914
N5010G01X0Y0.075
N5020X0Y2.425
N5030X-10.8Y0
N5040X0Y13
N5050X-9.425Y0
N5060X-0.075Y0
N5070G918
N5080G00G40X96Y-15.5
N5090G932
N5100G914
N5110G01X0Y0.075
N5120X0Y11.925
N5130X-59.85Y0
N5140X0Y-11.925
N5150X0Y-0.075
N5160G918
N5170G00G40X146Y162.15
N5180G932
N5190G914
N5200G01X0Y-0.075
N5210X0Y-9.425
N5220G08
N5230X23.956Y0
N5240X59.544Y-59.544
N5250X0Y-29.3
N5260X7.2Y-7.2
N5270G09
N5280X0Y-11.956
N5290X9.6Y0
N5300X0Y-12.5
N5310X10.625Y0
N5320X0.075Y0
N5330G918
N5340G00G40X-293.15Y0
N5350G932
N5360G914
N5370G01X0.075Y0
N5380X10.625Y0
N5390X0Y12.5
N5400X9.6Y0
N5410G08
N5420X0Y11.956
N5430X7.2Y7.2
N5440X0Y29.3
N5450X59.544Y59.544
N5460G09
N5470X23.956Y0
N5480X0Y9.425
N5490X0Y0.075
N5500G918
N5510G01
N5520G90
N5530M02


(DFS,P038126)
 (*MSG,NUMERO DEL PROGRAMA PRINCIPAL:,P038126)
 (*MSG,DIMENSIONES DE LA CHAPA 0.80 X 293.00 X 162.00 )
N10G92
N20G71F60
N30G928[0.8]
N40G929[40.0]
N50G801[1849020]
N60G924
N70G778[1,293,162,50.00,50.00]
N80G62
N90F60
N100(*MSG, EL NUMERO DE PIEZA CORTADA ES EL 3 A LINE NUMBER 110)
N110F60
N120G929[40.0]
N130G01X25.4Y49.992
N140Q01038126
N150G919
N160G07
N170M02


