

%
(DFS,P01038127)
N10(*MSG, SUB-PROGRAM NO.,P01038127)
N20G91
N30(*MSG, PART NUMBER: 1)
N40G929[40.0]
N50G01G40X-0.034Y0.066
N60G928[20.0]
N70G915[0]
N80G914
N90G01X2.596Y1.346
N100G03X-7.494Y2.135I-4.781J-2.563
N110G03X-44.445Y-44.444I60.713J-105.157
N120G03X9.397Y-5.425I4.699J-2.713
N130G02X40.473Y40.473I95.761J-55.288
N140G03X1.858Y7.621I-2.712J4.698
N150G918
N160G01G40X44.931Y36.11
N170G09
N180G914
N190G01X2.92Y-0.162
N200G08
N210G03X0Y0I-4.421J0.17
N220G03X-0.003Y0.416I-4.421J0.17
N230G918
N240G01G40X17.083Y-0.254
N250G09
N260G914
N270G01X2.92Y-0.162
N280G08
N290G03X0Y0I-4.421J0.17
N300G03X-0.003Y0.416I-4.421J0.17
N310G918
N320G01G40X-2.917Y20.746
N330G09
N340G914
N350G01X2.92Y-0.162
N360G08
N370G03X0Y0I-4.421J0.17
N380G03X-0.003Y0.416I-4.421J0.17
N390G918
N400G01G40X-22.917Y-0.254
N410G09
N420G914
N430G01X2.92Y-0.162
N440G08
N450G03X0Y0I-4.421J0.17
N460G03X-0.003Y0.416I-4.421J0.17
N470G918
N480G01G40X-2.917Y35.246
N490G09
N500G914
N510G01X2.92Y-0.162
N520G08
N530G03X0Y0I-4.421J0.17
N540G03X-0.003Y0.416I-4.421J0.17
N550G918
N560G01G40X17.083Y-0.254
N570G09
N580G914
N590G01X2.92Y-0.162
N600G08
N610G03X0Y0I-4.421J0.17
N620G03X-0.003Y0.416I-4.421J0.17
N630G918
N640G01G40X45.728Y-97.071
N650G09
N660G914
N670G01X2.464Y-1.575
N680G08
N690G03X-1.898Y7.557I-4.61J2.859
N700G03X-60.712Y16.268I-60.712J-105.157
N710G03X0Y-10.85I0J-5.425
N720G02X55.287Y-14.814I0J-110.575
N730G03X7.529Y2.202I2.713J4.698
N740G918
N750G01G40X-45.891Y113.112
N760G914
N770G01X0.075Y0
N780G02X3.075Y-3.075I0J-3.075
N790G01X0Y-57.215
N800G03X14.816Y-19.259I19.925J0
N810G02X43.501Y-20.301I-34.891J-131.526
N820G02X0.892Y-4.051I-1.771J-2.513
N830G01X-17.094Y-29.607
N840G02X-4.512Y-0.919I-2.663J1.538
N850G03X-145.953Y-39.108I-57.678J-76.648
N860G02X-4.367Y-1.46I-2.83J1.203
N870G01X-29.608Y17.094
N880G02X-1.253Y3.954I1.538J2.663
N890G02X88.612Y74.398I123.503J-57.128
N900G03X14.816Y19.259I-5.109J19.259
N910G01X0Y57.215
N920G02X3.075Y3.075I3.075J0
N930G01X0.075Y0
N940G918
N950G01X-38.856Y-109.465
N960G929[40.0]
N970G01G40X-0.034Y0.066
N980G801[1849000]
N990G928[0.8]
N1000G915[1]
N1010G08
N1020G932
N1030G914
N1040G01X2.596Y1.346
N1050G03X-7.494Y2.135I-4.781J-2.563
N1060G03X-44.445Y-44.444I60.713J-105.157
N1070G03X9.397Y-5.425I4.699J-2.713
N1080G02X40.473Y40.473I95.761J-55.288
N1090G03X1.858Y7.621I-2.712J4.698
N1100G918
N1110G01G40X44.931Y36.11
N1120G09
N1130G932
N1140G914
N1150G01X2.92Y-0.162
N1160G08
N1170G03X0Y0I-4.421J0.17
N1180G03X-0.003Y0.416I-4.421J0.17
N1190G918
N1200G01G40X17.083Y-0.254
N1210G09
N1220G932
N1230G914
N1240G01X2.92Y-0.162
N1250G08
N1260G03X0Y0I-4.421J0.17
N1270G03X-0.003Y0.416I-4.421J0.17
N1280G918
N1290G01G40X-2.917Y20.746
N1300G09
N1310G932
N1320G914
N1330G01X2.92Y-0.162
N1340G08
N1350G03X0Y0I-4.421J0.17
N1360G03X-0.003Y0.416I-4.421J0.17
N1370G918
N1380G01G40X-22.917Y-0.254
N1390G09
N1400G932
N1410G914
N1420G01X2.92Y-0.162
N1430G08
N1440G03X0Y0I-4.421J0.17
N1450G03X-0.003Y0.416I-4.421J0.17
N1460G918
N1470G01G40X-2.917Y35.246
N1480G09
N1490G932
N1500G914
N1510G01X2.92Y-0.162
N1520G08
N1530G03X0Y0I-4.421J0.17
N1540G03X-0.003Y0.416I-4.421J0.17
N1550G918
N1560G01G40X17.083Y-0.254
N1570G09
N1580G932
N1590G914
N1600G01X2.92Y-0.162
N1610G08
N1620G03X0Y0I-4.421J0.17
N1630G03X-0.003Y0.416I-4.421J0.17
N1640G918
N1650G01G40X45.728Y-97.071
N1660G09
N1670G932
N1680G914
N1690G01X2.464Y-1.575
N1700G08
N1710G03X-1.898Y7.557I-4.61J2.859
N1720G03X-60.712Y16.268I-60.712J-105.157
N1730G03X0Y-10.85I0J-5.425
N1740G02X55.287Y-14.814I0J-110.575
N1750G03X7.529Y2.202I2.713J4.698
N1760G918
N1770G01G40X-45.891Y113.112
N1780G932
N1790G914
N1800G01X0.075Y0
N1810G02X3.075Y-3.075I0J-3.075
N1820G01X0Y-57.215
N1830G03X14.816Y-19.259I19.925J0
N1840G02X43.501Y-20.301I-34.891J-131.526
N1850G02X0.892Y-4.051I-1.771J-2.513
N1860G01X-17.094Y-29.607
N1870G02X-4.512Y-0.919I-2.663J1.538
N1880G03X-145.953Y-39.108I-57.678J-76.648
N1890G02X-4.367Y-1.46I-2.83J1.203
N1900G01X-29.608Y17.094
N1910G02X-1.253Y3.954I1.538J2.663
N1920G02X88.612Y74.398I123.503J-57.128
N1930G03X14.816Y19.259I-5.109J19.259
N1940G01X0Y57.215
N1950G02X3.075Y3.075I3.075J0
N1960G01X0.075Y0
N1970G918
N1980G01
N1990G90
N2000M02


(DFS,P038127)
 (*MSG,NUMERO DEL PROGRAMA PRINCIPAL:,P038127)
 (*MSG,DIMENSIONES DE LA CHAPA 0.80 X 203.33 X 175.26 )
N10G92
N20G71F60
N30G928[0.8]
N40G929[40.0]
N50G801[1849020]
N60G924
N70G778[1,203.33,175.26,50.00,50.00]
N80G62
N90F60
N100(*MSG, EL NUMERO DE PIEZA CORTADA ES EL 5 A LINE NUMBER 110)
N110F60
N120G929[40.0]
N130G01X67.931Y65.867
N140Q01038127
N150G919
N160G07
N170M02


