

%
(DFS,P00138128)
N10(*MSG, SUB-PROGRAM NO.,P00138128)
N20G91
N30(*MSG, PART NUMBER: 1)
N40G929[40.0]
N50G01G40X-0.027Y0.03
N60G08
N70G801[1881000]
N80G934[0]
N90G915[1]
N100G932
N110G914
N120G01X2.25Y1.984
N130G03X0.41Y0.895I-0.8J0.908
N140G03X0Y0I-24.959J0.25
N150G03X0Y0.5I-24.959J0.25
N160G03X-0.429Y0.934I-1.26J-0.013
N170G01X-0.15Y0.132
N180G918
N190G00G40X-42.058Y16.362
N200G932
N210G914
N220G01X-1.414Y1.414
N230X-30.908Y30.908
N240G918
N250G00G40X103Y-100.04
N260G932
N270G914
N280G01X-3Y0
N290X-90Y0
N300G02X-10.04Y10.04I0J10.04
N310G01X0Y90
N320G02X0.04Y0.04I0.04J0
N330G01X90Y0
N340G02X10.04Y-10.04I-0J-10.04
N350G01X0Y-90
N360X0Y-0.2
N370G918
N380G01
N390G90
N400M02


(DFS,P38128)
N10G92
N20G71F84
N30G928[0.8]
N40G929[40.0]
N50G801[1881000]
N60G924
N70G62
N80F84
N90G24L100
N100(*MSG, EL NUMERO DE PIEZA CORTADA ES EL 1 A LINE NUMBER 100)
N110F84
N120G929[40.0]
N130G01X82.326Y56.841
N140Q00138128
N150G916
N160G919
N170G07
N180M02


