

%
(DFS,P00138130)
N10(*MSG, SUB-PROGRAM NO.,P00138130)
N20G91
N30(*MSG, PART NUMBER: 1)
N40G929[40.0]
N50G01G40X0.036Y-0.019
N60G08
N70G801[1881000]
N80G934[0]
N90G915[1]
N100G932
N110G914
N120G01X-1.377Y-2.665
N130G02X-78.505Y-62.298I-108.424J56.018
N140G02X-0.052Y0.031I-0.015J0.034
N150G03X-31.704Y-3.7I-15.857J-1.805
N160G02X-0.044Y-0.041I-0.043J0.002
N170G02X-68.501Y22.325I1.881J122.026
N180G02X-0.005Y0.057I0.021J0.031
N190G03X-12.308Y9.95I-5.618J5.638
N200G02X-0.06Y-0.003I-0.031J0.028
N210G02X-34.155Y54.685I82.756J89.696
N220G02X0.04Y0.051I0.04J0.01
N230G01X10.87Y0
N240G02X0.04Y-0.04I-0J-0.04
N250G09
N260G01X0Y-3.96
N270X21.92Y0
N280G08
N290X0Y3.96
N300G02X0.04Y0.04I0.04J-0
N310G01X12Y0
N320G02X0.019Y-0.004I0.002J-0.04
N330G01X41.121Y-22.198
N340G03X46.094Y-5.986I30.859J57.162
N350G01X17.737Y18.176
N360G02X0.029Y0.012I0.029J-0.028
N370G01X10.53Y0
N380G02X0.039Y-0.035I-0.001J-0.04
N390G01X1.466Y-11.965
N400X9.929Y0
N410X1.466Y11.965
N420G02X0.04Y0.035I0.04J-0.005
N430G01X11.26Y0
N440G02X0.04Y-0.037I0J-0.04
N450G01X0.282Y-5.47
N460G03X15.283Y-5.868I8.948J0.469
N470G01X8.636Y8.634
N480G02X0.069Y-0.029I0.028J-0.03
N490G09
N500G01X0Y-8.23
N510G08
N520X16.35Y0
N530X0.2Y0
N540G918
N550G01
N560G90
N570M02


(DFS,P38130)
N10G92
N20G71F84
N30G928[0.8]
N40G929[40.0]
N50G801[1881000]
N60G924
N70G62
N80F84
N90(*MSG, EL NUMERO DE PIEZA CORTADA ES EL 3 A LINE NUMBER 100)
N100F84
N110G929[40.0]
N120G01X236.637Y78.656
N130Q00138130
N140G916
N150G919
N160G07
N170M02


