

%
(DFS,P00138129)
N10(*MSG, SUB-PROGRAM NO.,P00138129)
N20G91
N30(*MSG, PART NUMBER: 1)
N40G929[40.0]
N50G01G40X-0.023Y0.033
N60G08
N70G801[1881000]
N80G934[0]
N90G915[1]
N100G932
N110G914
N120G01X2.446Y1.735
N130G03X0.51Y0.957I-0.7J0.987
N140G03X0Y0I-9.957J0.249
N150G03X0Y0.498I-9.957J0.249
N160G03X-0.537Y1.001I-1.26J-0.031
N170G01X-0.164Y0.115
N180G918
N190G00G40X-2.255Y60.694
N200G932
N210G914
N220G01X2.446Y1.735
N230G03X0.51Y0.957I-0.7J0.987
N240G03X0Y0I-9.957J0.249
N250G03X0Y0.498I-9.957J0.249
N260G03X-0.537Y1.001I-1.26J-0.031
N270G01X-0.164Y0.115
N280G918
N290G00G40X22.892Y-23.178
N300G932
N310G914
N320G01X-3Y0
N330X-28.857Y0
N340G03X0Y-19.92I0J-9.96
N350G01X28.857Y0
N360G02X0.039Y-0.03I0J-0.04
N370G03X26.114Y-26.114I36.104J9.99
N380G02X0.03Y-0.038I-0.009J-0.038
N390G09
N400G01X0Y-9.96
N410X19.92Y0
N420G08
N430X0Y9.96
N440G02X0.029Y0.038I0.04J-0
N450G03X26.114Y26.114I-9.99J36.104
N460G02X0.039Y0.03I0.039J-0.01
N470G01X28.858Y0
N480G03X0Y19.92I-0J9.96
N490G01X-28.858Y0
N500G02X-0.039Y0.029I-0.001J0.04
N510G03X-26.114Y26.114I-36.103J-9.989
N520G02X-0.029Y0.039I0.012J0.039
N530G09
N540G01X0Y9.96
N550X-19.92Y0
N560G08
N570X0Y-9.96
N580G02X-0.03Y-0.039I-0.04J-0
N590G03X-26.114Y-26.114I9.989J-36.103
N600G01X-0.053Y-0.193
N610G918
N620G00G40X107.867Y19.036
N630G932
N640G914
N650G01X2.446Y1.735
N660G03X0.51Y0.957I-0.7J0.987
N670G03X0Y0I-9.957J0.249
N680G03X0Y0.498I-9.957J0.249
N690G03X-0.537Y1.001I-1.26J-0.031
N700G01X-0.164Y0.115
N710G918
N720G00G40X-2.255Y-69.306
N730G932
N740G914
N750G01X2.446Y1.735
N760G03X0.51Y0.957I-0.7J0.987
N770G03X0Y0I-9.957J0.249
N780G03X0Y0.498I-9.957J0.249
N790G03X-0.537Y1.001I-1.26J-0.031
N800G01X-0.164Y0.115
N810G918
N820G00G40X8.254Y-22.729
N830G932
N840G914
N850G01X2.1Y2.142
N860G03X-1.728Y1.694I-0.864J0.847
N870G02X-17.882Y-7.512I-17.882J17.528
N880G01X-130Y0
N890G02X-25.04Y25.04I0J25.04
N900G01X0Y65
N910G02X25.04Y25.04I25.04J0
N920G01X130Y0
N930G02X25.04Y-25.04I-0J-25.04
N940G01X0Y-65
N950G02X-7.512Y-17.882I-25.04J0
N960G03X1.764Y-1.8I0.882J-0.9
N970G01X0.143Y0.14
N980G918
N990G01
N1000G90
N1010M02


(DFS,P38129)
N10G92
N20G71F84
N30G928[0.8]
N40G929[40.0]
N50G801[1881000]
N60G924
N70G62
N80F84
N90(*MSG, EL NUMERO DE PIEZA CORTADA ES EL 2 A LINE NUMBER 100)
N100F84
N110G929[40.0]
N120G01X42.024Y32.026
N130Q00138129
N140G916
N150G919
N160G07
N170M02


