

%
(DFS,P00138131)
N10(*MSG, SUB-PROGRAM NO.,P00138131)
N20G91
N30(*MSG, PART NUMBER: 1)
N40G929[40.0]
N50G01G40X-0.008Y0.039
N60G08
N70G801[1881000]
N80G934[0]
N90G915[1]
N100G932
N110G914
N120G01X1.761Y0.322
N130G03X0.811Y0.897I-0.18J0.978
N140G03X0Y0I-3.05J0.247
N150G03X0Y0.494I-3.05J0.247
N160G03X-0.811Y0.897I-0.99J-0.08
N170G01X-0.197Y0.036
N180G918
N190G00G40X15.571Y-13.243
N200G932
N210G914
N220G01X1.284Y0.195
N230G03X0.599Y0.623I-0.107J0.702
N240G03X0Y0I-2.196J0.245
N250G03X0Y0.49I-2.196J0.245
N260G03X-0.599Y0.623I-0.705J-0.078
N270G01X-0.197Y0.03
N280G918
N290G00G40X5.285Y18.61
N300G932
N310G914
N320G01X1.284Y0.195
N330G03X0.599Y0.623I-0.107J0.702
N340G03X0Y0I-2.196J0.245
N350G03X0Y0.49I-2.196J0.245
N360G03X-0.599Y0.624I-0.705J-0.077
N370G01X-0.197Y0.03
N380G918
N390G00G40X8.851Y-8.188
N400G932
N410G914
N420G01X0.919Y0.097
N430G03X0.435Y0.414I-0.053J0.491
N440G03X0Y0I-1.541J0.243
N450G03X0Y0.485I-1.541J0.243
N460G03X-0.435Y0.414I-0.487J-0.076
N470G01X-0.199Y0.021
N480G918
N490G00G40X9.47Y-8.276
N500G932
N510G914
N520G01X1.284Y0.195
N530G03X0.599Y0.623I-0.107J0.702
N540G03X0Y0I-2.196J0.245
N550G03X0Y0.49I-2.196J0.245
N560G03X-0.599Y0.623I-0.705J-0.078
N570G01X-0.197Y0.03
N580G918
N590G00G40X-3.5Y12.938
N600G932
N610G914
N620G01X-2.516Y1.634
N630G03X-1.318Y-2.03I-0.659J-1.015
N640G01X13.838Y-8.986
N650G03X5.402Y8.319I2.647J4.195
N660G01X-27.256Y17.701
N670G03X-5.403Y-8.319I-2.771J-4.114
N680G01X13.838Y-8.987
N690G03X1.372Y2.114I0.686J1.057
N700G01X-0.167Y0.108
N710G918
N720G00G40X25.123Y-23.953
N730G932
N740G914
N750G01X1.284Y0.195
N760G03X0.599Y0.623I-0.107J0.702
N770G03X0Y0I-2.196J0.245
N780G03X0Y0.49I-2.196J0.245
N790G03X-0.599Y0.623I-0.705J-0.078
N800G01X-0.197Y0.03
N810G918
N820G00G40X3.21Y37.152
N830G932
N840G914
N850G01X0Y2.5
N860G03X-2.42Y0I-1.21J-0
N870G09
N880G01X0Y-5.21
N890X6.42Y0
N900X0Y9.92
N910X-6.42Y0
N920G08
N930X0Y-5.21
N940G03X2.52Y0I1.26J0
N950G01X0Y0.2
N960G918
N970G00G40X-26.713Y37.659
N980G932
N990G914
N1000G01X-1.325Y-1.326
N1010G03X0.226Y-0.226I0.113J-0.113
N1020G01X2.546Y2.545
N1030G03X-0.51Y0.51I-0.255J0.255
N1040G01X-4.737Y-4.738
N1050G03X0.509Y-0.509I0.254J-0.255
N1060G01X2.545Y2.545
N1070G03X-0.226Y0.227I-0.105J0.121
N1080G01X-0.141Y-0.142
N1090G918
N1100G00G40X-33.506Y-39.761
N1110G932
N1120G914
N1130G01X1.761Y0.322
N1140G03X0.811Y0.897I-0.18J0.978
N1150G03X0Y0I-3.05J0.247
N1160G03X0Y0.494I-3.05J0.247
N1170G03X-0.811Y0.897I-0.99J-0.08
N1180G01X-0.197Y0.036
N1190G918
N1200G00G40X72.174Y68.495
N1210G932
N1220G914
N1230G01X1.003Y0.119
N1240G03X0.474Y0.463I-0.064J0.54
N1250G03X0Y0I-1.693J0.243
N1260G03X0Y0.486I-1.693J0.243
N1270G03X-0.474Y0.463I-0.538J-0.077
N1280G01X-0.198Y0.023
N1290G918
N1300G00G40X40.604Y0.189
N1310G932
N1320G914
N1330G01X-1.875Y0
N1340G03X0Y-0.32I-0J-0.16
N1350G01X3.6Y0
N1360G03X0Y0.72I-0J0.36
N1370G01X-6.7Y0
N1380G03X0Y-0.72I0J-0.36
N1390G01X3.6Y0
N1400G03X0Y0.32I0J0.16
N1410G01X-0.2Y0
N1420G918
N1430G00G40X40.166Y-1.743
N1440G932
N1450G914
N1460G01X1.003Y0.119
N1470G03X0.474Y0.463I-0.064J0.54
N1480G03X0Y0I-1.693J0.243
N1490G03X0Y0.486I-1.693J0.243
N1500G03X-0.474Y0.463I-0.538J-0.077
N1510G01X-0.198Y0.023
N1520G918
N1530G00G40X40.18Y-34.118
N1540G932
N1550G914
N1560G01X-1.326Y1.326
N1570G03X-0.226Y-0.227I-0.121J-0.106
N1580G01X2.545Y-2.545
N1590G03X0.509Y0.509I0.255J0.254
N1600G01X-4.737Y4.738
N1610G03X-0.51Y-0.51I-0.255J-0.255
N1620G01X2.546Y-2.545
N1630G03X0.226Y0.226I0.113J0.113
N1640G01X-0.141Y0.142
N1650G918
N1660G00G40X-29.377Y-38.675
N1670G932
N1680G914
N1690G01X0Y2.5
N1700G03X-2.42Y0I-1.21J0
N1710G09
N1720G01X0Y-5.21
N1730X6.42Y0
N1740X0Y9.92
N1750X-6.42Y0
N1760G08
N1770X0Y-5.21
N1780G03X2.52Y0I1.26J0
N1790G01X0Y0.2
N1800G918
N1810G00G40X63.668Y-3.216
N1820G932
N1830G914
N1840G01X1.761Y0.322
N1850G03X0.811Y0.897I-0.18J0.978
N1860G03X0Y0I-3.05J0.247
N1870G03X0Y0.494I-3.05J0.247
N1880G03X-0.811Y0.897I-0.99J-0.08
N1890G01X-0.197Y0.036
N1900G918
N1910G00G40X5.636Y-30.146
N1920G932
N1930G914
N1940G01X1.761Y0.322
N1950G03X0.811Y0.897I-0.18J0.978
N1960G03X0Y0I-3.05J0.247
N1970G03X0Y0.494I-3.05J0.247
N1980G03X-0.811Y0.897I-0.99J-0.08
N1990G01X-0.197Y0.036
N2000G918
N2010G00G40X-55.07Y-41.645
N2020G932
N2030G914
N2040G01X0.577Y0.007
N2050G03X0.281Y0.22I-0.003J0.293
N2060G03X0Y0I-0.93J0.238
N2070G03X0Y0.476I-0.93J0.238
N2080G03X-0.281Y0.22I-0.284J-0.073
N2090G01X-0.2Y0.003
N2100G918
N2110G00G40X-3.777Y-0.926
N2120G932
N2130G914
N2140G01X0.577Y0.007
N2150G03X0.281Y0.22I-0.003J0.293
N2160G03X0Y0I-0.93J0.238
N2170G03X0Y0.476I-0.93J0.238
N2180G03X-0.281Y0.22I-0.284J-0.073
N2190G01X-0.2Y0.003
N2200G918
N2210G00G40X-3.777Y-0.926
N2220G932
N2230G914
N2240G01X0.577Y0.007
N2250G03X0.281Y0.22I-0.003J0.293
N2260G03X0Y0I-0.93J0.238
N2270G03X0Y0.476I-0.93J0.238
N2280G03X-0.281Y0.22I-0.284J-0.073
N2290G01X-0.2Y0.003
N2300G918
N2310G00G40X-3.777Y-0.926
N2320G932
N2330G914
N2340G01X0.577Y0.007
N2350G03X0.281Y0.22I-0.003J0.293
N2360G03X0Y0I-0.93J0.238
N2370G03X0Y0.476I-0.93J0.238
N2380G03X-0.281Y0.22I-0.284J-0.073
N2390G01X-0.2Y0.003
N2400G918
N2410G00G40X81.651Y-8.001
N2420G932
N2430G914
N2440G01X-3Y0
N2450G09
N2460X-10.76Y0
N2470G08
N2480X0Y-2.46
N2490G02X-0.04Y-0.04I-0.04J0
N2500G01X-50.2Y0
N2510G02X-0.04Y0.04I0J0.04
N2520G09
N2530G01X0Y9.96
N2540X-6.42Y0
N2550G08
N2560X0Y-9.96
N2570G02X-0.04Y-0.04I-0.04J0
N2580G01X-13Y0
N2590G02X-0.04Y0.04I0J0.04
N2600G09
N2610G01X0Y9.96
N2620X-6.42Y0
N2630G08
N2640X0Y-9.96
N2650G02X-0.04Y-0.04I-0.04J0
N2660G01X-100.5Y0
N2670G02X-0.04Y0.04I0J0.04
N2680G09
N2690G01X0Y11.96
N2700X-59.92Y0
N2710G08
N2720X0Y-11.96
N2730G02X-0.04Y-0.04I-0.04J0
N2740G01X-15.7Y0
N2750G02X-0.04Y0.04I0J0.04
N2760G09
N2770G01X0Y2.46
N2780G08
N2790X-10.76Y0
N2800G02X-0.04Y0.04I0J0.04
N2810G09
N2820G01X0Y12.96
N2830G08
N2840X-9.46Y0
N2850G02X-0.04Y0.04I0J0.04
N2860G01X0Y16.5
N2870G02X0.04Y0.04I0.04J0
N2880G09
N2890G01X10.66Y0
N2900G08
N2910X0Y12.46
N2920G02X0.04Y0.04I0.04J0
N2930G09
N2940G01X9.56Y0
N2950G08
N2960X0Y11.96
N2970G02X0.012Y0.028I0.04J-0.001
N2980G01X7.188Y7.189
N2990X0Y29.283
N3000G02X0.012Y0.028I0.04J-0.001
N3010G01X59.5Y59.5
N3020G02X0.028Y0.012I0.028J-0.028
N3030G09
N3040G01X23.96Y0
N3050G08
N3060X0Y9.46
N3070G02X0.04Y0.04I0.04J0
N3080G01X71Y0
N3090G02X0.04Y-0.04I-0J-0.04
N3100G09
N3110G01X0Y-9.46
N3120G08
N3130X23.96Y0
N3140G02X0.028Y-0.012I-0.001J-0.04
N3150G01X59.5Y-59.5
N3160G02X0.012Y-0.028I-0.028J-0.028
N3170G01X0Y-29.283
N3180X7.188Y-7.189
N3190G02X0.012Y-0.028I-0.028J-0.028
N3200G09
N3210G01X0Y-11.96
N3220G08
N3230X9.56Y0
N3240G02X0.04Y-0.04I0J-0.04
N3250G09
N3260G01X0Y-12.46
N3270G08
N3280X10.66Y0
N3290G02X0.04Y-0.04I0J-0.04
N3300G01X0Y-16.5
N3310G02X-0.04Y-0.04I-0.04J0
N3320G09
N3330G01X-9.46Y0
N3340G08
N3350X0Y-12.96
N3360X0Y-0.2
N3370G918
N3380G01
N3390G90
N3400M02


(DFS,P38131)
N10G92
N20G71F84
N30G928[0.8]
N40G929[40.0]
N50G801[1881000]
N60G924
N70G62
N80F84
N90(*MSG, EL NUMERO DE PIEZA CORTADA ES EL 5 A LINE NUMBER 100)
N100F84
N110G929[40.0]
N120G01X35.786Y58.495
N130Q00138131
N140G916
N150G919
N160G07
N170M02


