

%
(DFS,P00138132)
N10(*MSG, SUB-PROGRAM NO.,P00138132)
N20G91
N30(*MSG, PART NUMBER: 1)
N40G929[40.0]
N50G01G40X-0.021Y-0.034
N60G08
N70G801[1881000]
N80G934[0]
N90G915[1]
N100G932
N110G914
N120G01X-2.527Y1.616
N130G03X-1.304Y-2.038I-0.652J-1.019
N140G03X7.67Y1.869I2.942J4.599
N150G02X40.461Y40.461I95.731J-55.27
N160G03X-5.46Y9.457I-2.79J4.694
N170G03X-44.458Y-44.458I60.73J-105.188
N180G03X2.216Y-7.577I4.729J-2.729
N190G03X1.16Y2.237I0.61J1.103
N200G01X-0.178Y0.092
N210G918
N220G00G40X92.799Y81.709
N230G932
N240G914
N250G01X2.833Y0.986
N260G03X0.811Y1.076I-0.397J1.143
N270G03X0Y0I-4.453J0.247
N280G03X0Y0.495I-4.453J0.248
N290G03X-0.872Y1.129I-1.258J-0.07
N300G01X-0.191Y0.062
N310G918
N320G00G40X17.419Y-3.748
N330G932
N340G914
N350G01X2.833Y0.986
N360G03X0.811Y1.076I-0.397J1.143
N370G03X0Y0I-4.453J0.247
N380G03X0Y0.495I-4.453J0.248
N390G03X-0.872Y1.129I-1.258J-0.07
N400G01X-0.191Y0.062
N410G918
N420G00G40X-2.581Y17.252
N430G932
N440G914
N450G01X2.833Y0.986
N460G03X0.811Y1.076I-0.397J1.143
N470G03X0Y0I-4.453J0.247
N480G03X0Y0.495I-4.453J0.248
N490G03X-0.872Y1.129I-1.258J-0.07
N500G01X-0.191Y0.062
N510G918
N520G00G40X-22.581Y-3.748
N530G932
N540G914
N550G01X2.833Y0.986
N560G03X0.811Y1.076I-0.397J1.143
N570G03X0Y0I-4.453J0.247
N580G03X0Y0.495I-4.453J0.248
N590G03X-0.872Y1.129I-1.258J-0.07
N600G01X-0.191Y0.062
N610G918
N620G00G40X-2.581Y31.752
N630G932
N640G914
N650G01X2.833Y0.986
N660G03X0.811Y1.076I-0.397J1.143
N670G03X0Y0I-4.453J0.247
N680G03X0Y0.495I-4.453J0.248
N690G03X-0.872Y1.129I-1.258J-0.07
N700G01X-0.191Y0.062
N710G918
N720G00G40X17.419Y-3.748
N730G932
N740G914
N750G01X2.833Y0.986
N760G03X0.811Y1.076I-0.397J1.143
N770G03X0Y0I-4.453J0.247
N780G03X0Y0.495I-4.453J0.248
N790G03X-0.872Y1.129I-1.258J-0.07
N800G01X-0.191Y0.062
N810G918
N820G00G40X-16.564Y-84.297
N830G932
N840G914
N850G01X0.137Y2.996
N860G03X-2.418Y0.11I-1.209J0.055
N870G03X5.455Y-5.708I5.455J-0.247
N880G02X55.27Y-14.809I0.001J-110.54
N890G03X5.46Y9.457I2.79J4.694
N900G03X-60.73Y16.272I-60.729J-105.188
N910G03X-5.455Y-5.708I-0.001J-5.46
N920G03X2.518Y0.115I1.259J0.05
N930G01X-0.009Y0.199
N940G918
N950G00G40X74.373Y-27.269
N960G932
N970G914
N980G01X1.5Y2.598
N990G03X-2.095Y1.21I-1.064J0.577
N1000G01X-8.672Y-15.02
N1010G02X-4.461Y-0.909I-2.633J1.52
N1020G03X-146.006Y-39.123I-57.699J-76.676
N1030G02X-4.318Y-1.443I-2.798J1.19
N1040G01X-29.607Y17.094
N1050G02X-1.239Y3.909I1.52J2.633
N1060G02X88.589Y74.379I123.471J-57.113
N1070G03X14.842Y19.293I-5.118J19.293
N1080G01X0Y57.215
N1090G02X3.04Y3.04I3.04J0
N1100G01X34Y0
N1110G02X3.04Y-3.04I-0J-3.04
N1120G01X0Y-57.215
N1130G03X14.842Y-19.293I19.96J-0
N1140G02X43.49Y-20.295I-34.882J-131.492
N1150G02X0.881Y-4.005I-1.751J-2.485
N1160G01X-8.671Y-15.02
N1170G03X2.182Y-1.26I1.091J-0.63
N1180G01X0.1Y0.173
N1190G918
N1200G01
N1210G90
N1220M02


(DFS,P38132)
N10G92
N20G71F84
N30G928[0.8]
N40G929[40.0]
N50G801[1881000]
N60G924
N70G62
N80F84
N90(*MSG, EL NUMERO DE PIEZA CORTADA ES EL 4 A LINE NUMBER 100)
N100F84
N110G929[40.0]
N120G01X34.163Y28.114
N130Q00138132
N140G916
N150G919
N160G07
N170M02


