BD
SET_METRIC
C
BEGIN_EINRICHTEPLAN_INFO
C
ZA,MM,04
MM,AT,1, 60,1,1,,'Programmnummer',,'',T
MM,AT,1,100,1,1,,'Anzahl der Programmdurchlaeufe',,'',Z
MM,AT,1,130,1,1,,'Material-ID',,'',T
MM,AT,1,170,1,1,,'Flag Automatisiert',,'Bool',Z
C
ZA,DA,1
DA,'',1,'Al99',1
C
ENDE_EINRICHTEPLAN_INFO
C
BEGIN_PTT
C
ZA,MM,28
MM,AT,1,  10, 1,1,,'Tabellenidentifikator'                 ,,'',T
MM,AT,1,  20, 1,1,,'GEWIRO Drehzahl'                  ,,'1/min',Z
MM,AT,1,  30, 1,1,,'GEWIRO Schmierbehaelter Nr.'           ,,'',Z
MM,AT,1,  40, 1,1,,'GEWIRO Anzahl Schmierimpulse'          ,,'',Z
MM,AT,1,  60, 1,1,,'OT-Offset'                           ,,'mm',Z
MM,AT,1,  70, 1,1,,'UT-Offset'                           ,,'mm',Z
MM,AT,1,  80, 1,1,,'Arbeitslage'                           ,,'',Z
MM,AT,1,  90, 1,1,,'TRUMPF-Kennung'                        ,,'',Z
MM,AT,1, 100, 1,1,,'Anz.C-Achsen Drehung'                  ,,'',Z
MM,AT,1, 110, 1,1,,'Tabellenart (Werkzeugtyp)'             ,,'',Z
MM,AT,1, 120, 1,1,,'Vorschub'                         ,,'m/min',Z
MM,AT,1, 130, 1,1,,'Stangendruck Abstreifer'           ,,'Bool',Z
MM,AT,1, 140, 1,1,,'Niederhalterkraft'                    ,,'N',Z
MM,AT,1, 150, 1,1,,'Freifahrweg'                         ,,'mm',Z
MM,AT,1, 160, 1,1,,'Niederhalter'                          ,,'',Z
MM,AT,1, 170, 1,1,,'Softpunch'                             ,,'',Z
MM,AT,1, 180, 1,1,,'Stanzen mit Verzoegerung'              ,,'',Z
MM,AT,1, 190, 1,1,,'Absaugung'                             ,,'',Z
MM,AT,1, 200, 1,1,,'Werkzeugschmierung'                    ,,'',Z
MM,AT,1, 210, 1,1,,'Werkzeugidentnummer'                   ,,'',T
MM,AT,1, 220, 1,1,,'Werkzeugbemerkung'                     ,,'',T
MM,AT,1, 230, 1,1,,'Wzg-ID. Gueltigkeit'                   ,,'',Z
MM,AT,1, 240, 1,1,,'UT2_Offset'                          ,,'mm',Z
MM,AT,1, 250, 1,1,,'OT2_Offset'                          ,,'mm',Z
MM,AT,1, 260, 1,1,,'Vorschub je Hub'                     ,,'mm',Z
MM,AT,1, 270, 1,1,,'Geschwindigkeit'                  ,,'m/min',Z
MM,AT,1, 280, 1,1,,'Geschw.Reduzierung Stanzhub ab'   ,,'%',Z
MM,AT,1, 290, 1,1,,'Geschw.Reduzierung Stanzhub auf'  ,,'%',Z
C
ZA,DA,1
DA,'PTT-1',0,0,0,0.000,0.000,0,1,0.00,3,0,0,0,0.0,0,0,0,1,2,
*  '03050000','SQ-5',1,0.000,0.000,0.00,0.0,100,100
C
ENDE_PTT
C
BEGIN_SHEET_TECH
C
ZA,MM,25
MM,AT,1, 10,1,1,,,,,T
MM,AT,1, 20,1,1,,,,,Z
MM,AT,1, 30,1,1,,,,,Z
MM,AT,1, 40,1,1,,,,,Z
MM,AT,1, 50,1,1,,,,,Z
MM,AT,1, 60,1,1,,,,,Z
MM,AT,1, 70,1,1,,,,,Z
MM,AT,1, 80,1,1,,,,,T
MM,AT,1, 90,1,1,,,,,Z
MM,AT,1,100,1,1,,,,,Z
MM,AT,1,110,1,1,,,,,Z
MM,AT,1,120,1,1,,,,,Z
MM,AT,1,130,1,1,,,,,Z
MM,AT,1,140,1,1,,,,,Z
MM,AT,1,150,1,1,,,,,Z
MM,AT,1,160,1,1,,,,,Z
MM,AT,1,170,1,1,,,,,Z
MM,AT,1,180,1,1,,,,,Z
MM,AT,1,190,1,1,,,,,Z
MM,AT,1,200,1,1,,,,,Z
MM,AT,1,210,1,1,,,,,Z
MM,AT,1,220,1,1,,,,,Z
MM,AT,1,230,1,1,,,,,Z
MM,AT,1,240,1,1,,,,,T
MM,AT,1,260,1,1,,,,'kg/dm3',Z
C
ZA,DA,1
DA,'SHT-1',180,115,0.8,1,0.00,1,0,2,2,3,0,0,100,100,0,0,1,2,
*  1,-1,180,115,'Al99',2.7
C
ENDE_SHEET_TECH
C
BEGIN_SHEET_LOAD
C
ZA,MM,21
MM,AT,1, 10, 1,1,,'Table Identifier'                     ,,'',T
MM,AT,1, 20, 1,1,,'Loading position X'                 ,,'mm',Z
MM,AT,1, 30, 1,1,,'Loading position Y'                 ,,'mm',Z
MM,AT,1, 40, 1,1,,'Feed for loading position'       ,,'m/min',Z
MM,AT,1, 50, 1,1,,'Calculation of multitool offset'  ,,'Bool',Z
MM,AT,1, 60, 1,1,,'Load trigger material UB'             ,,'',Z
MM,AT,1, 70, 1,1,,'TRUMPF-Identification''               ,,'',Z
MM,AT,1,500, 1,1,,'Loading unit'                         ,,'',Z
MM,AT,1,510 ,1,1,,'Lift offset X loading pile'         ,,'mm',Z
MM,AT,1,520, 1,1,,'Lift cup group 1'                     ,,'',Z
MM,AT,1,530, 1,1,,'Lift cup group 2'                     ,,'',Z
MM,AT,1,540, 1,1,,'Lift cup group 3'                     ,,'',Z
MM,AT,1,550, 1,1,,'Lift cup group 4'                     ,,'',Z
MM,AT,1,560, 1,1,,'Lift cup group 5'                     ,,'',Z
MM,AT,1,570, 1,1,,'Lift pivot suction cup'               ,,'',Z
MM,AT,1,580, 1,1,,'Double sheet detector'            ,,'Bool',Z
MM,AT,1,590, 1,1,,'Peel off lift'                    ,,'Bool',Z
MM,AT,1,600, 1,1,,'Lift speed'                          ,,'%',Z
MM,AT,1,610, 1,1,,'Lift acceleration'                   ,,'%',Z
MM,AT,1,710, 1,1,,'Index pin'                            ,,'',Z
MM,AT,1,750, 1,1,,'Lift cup group 6'                     ,,'',Z
C
ZA,DA,01
DA,'SHL-1',240.000,0.000,90.000,0,0,1,1,0.00,0000,0000,0000,
*  0000,0000,0,0,1,0.00,0.00,1,0000
C
ENDE_SHEET_LOAD
C
BEGIN_SHEET_UNLOAD
C
ZA,MM,69
MM,AT,1,  10,1,1,,,,,T
MM,AT,1,  20,1,1,,,,,Z
MM,AT,1,  30,1,1,,,,,Z
MM,AT,1,  40,1,1,,,,,Z
MM,AT,1,  50,1,1,,,,,Z
MM,AT,1,  60,1,1,,,,,Z
MM,AT,1,  70,1,1,,,,,Z
MM,AT,1, 200,1,1,,,,,Z
MM,AT,1, 210,1,1,,,,,Z
MM,AT,1, 220,1,1,,,,,Z
MM,AT,1, 230,1,1,,,,,Z
MM,AT,1, 240,1,1,,,,,Z
MM,AT,1, 250,1,1,,,,,Z
MM,AT,1, 260,1,1,,,,,Z
MM,AT,1, 270,1,1,,,,,Z
MM,AT,1, 280,1,1,,,,,Z
MM,AT,1, 290,1,1,,,,,Z
MM,AT,1, 300,1,1,,,,,Z
MM,AT,1, 310,1,1,,,,,Z
MM,AT,1, 500,1,1,,,,,Z
MM,AT,1, 510,1,1,,,,,Z
MM,AT,1, 520,1,1,,,,,Z
MM,AT,1, 530,1,1,,,,,Z
MM,AT,1, 540,1,1,,,,,Z
MM,AT,1, 550,1,1,,,,,Z
MM,AT,1, 560,1,1,,,,,Z
MM,AT,1, 570,1,1,,,,,Z
MM,AT,1, 580,1,1,,,,,Z
MM,AT,1, 590,1,1,,,,,Z
MM,AT,1, 600,1,1,,,,,Z
MM,AT,1, 610,1,1,,,,,Z
MM,AT,1, 620,1,1,,,,,Z
MM,AT,1, 630,1,1,,,,,Z
MM,AT,1, 640,1,1,,,,,Z
MM,AT,1, 650,1,1,,,,,Z
MM,AT,1, 660,1,1,,,,,Z
MM,AT,1, 670,1,1,,,,,Z
MM,AT,1, 680,1,1,,,,,Z
MM,AT,1, 690,1,1,,,,,Z
MM,AT,1, 700,1,1,,,,,Z
MM,AT,1, 710,1,1,,,,,Z
MM,AT,1, 720,1,1,,,,,Z
MM,AT,1, 730,1,1,,,,,Z
MM,AT,1, 740,1,1,,,,,Z
MM,AT,1, 750,1,1,,,,,Z
MM,AT,1, 760,1,1,,,,,Z
MM,AT,1, 770,1,1,,,,,Z
MM,AT,1, 820,1,1,,,,,Z
MM,AT,1, 830,1,1,,,,,Z
MM,AT,1,1000,1,1,,,,,T
MM,AT,1,1010,1,1,,,,,T
MM,AT,1,1020,1,1,,,,,Z
MM,AT,1,1030,1,1,,,,,T
MM,AT,1,1040,1,1,,,,,Z
MM,AT,1,1050,1,1,,,,,Z
MM,AT,1,1060,1,1,,,,,Z
MM,AT,1,1070,1,1,,,,,Z
MM,AT,1,1080,1,1,,,,,Z
MM,AT,1,1090,1,1,,,,,Z
MM,AT,1,1100,1,1,,,,,Z
MM,AT,1,1110,1,1,,,,,Z
MM,AT,1,1120,1,1,,,,,Z
MM,AT,1,1130,1,1,,,,,Z
MM,AT,1,1140,1,1,,,,,Z
MM,AT,1,1150,1,1,,,,,Z
MM,AT,1,1160,1,1,,,,,Z
MM,AT,1,1170,1,1,,,,,Z
MM,AT,1,1180,1,1,,,,,T
MM,AT,1,1190,1,1,,,,,T
C
ZA,DA,1
DA,'SHU-1',240.000,0.000,90.000,0,0,1,0.0,0.0,0.0,1,0.000,
*  0.000,90.000,0,0,0,0,0,1,0,0,0,0,0,0,0,1,0.000,1,0.000,
*  0.000,0.000,0,0,0,0,0,0.00,0.00,0.00,0.00,0,0,0,0,0,1,
*  0000,' ',' ',0,'',0,0,0,0,0,0,0,0,0,0,0,0,0,0,'',''
C
ENDE_SHEET_UNLOAD
C
BEGIN_SHEET_REPOSIT
C
ZA,MM,7
MM,AT,1,  10,1,1,,,,,T
MM,AT,1,  20,1,1,,,,,Z
MM,AT,1,  30,1,1,,,,,Z
MM,AT,1,  40,1,1,,,,,Z
MM,AT,1,  50,1,1,,,,,Z
MM,AT,1,  60,1,1,,,,,Z
MM,AT,1,  70,1,1,,,,,Z
C
ZA,DA,1
DA,'RPO-1',27.000,1.000,10.000,0,1,1
C
ENDE_SHEET_REPOSIT
C
BEGIN_WZG_STAMM
C
ZA,MM,39
MM,AT,1,  10,1,1,,'Maschine'                             ,,'',T
MM,AT,1,  20,1,1,,'Identnummer'                          ,,'',T
MM,AT,1,  30,1,1,,'Duplonummer'                          ,,'',Z
MM,AT,1,  40,1,1,,'Stempelnummer'                        ,,'',Z
MM,AT,1,  50,1,1,,'Magazinplatz'                         ,,'',Z
MM,AT,1,  60,1,1,,'Werkzeugort'                          ,,'',Z
MM,AT,1,  70,1,1,,'Index'                                ,,'',Z
MM,AT,1,  80,1,1,,'Werkzeugtyp'                          ,,'',Z
MM,AT,1,  90,1,1,,'Whispertool'                          ,,'',Z
MM,AT,1, 100,1,1,,'MultiTool'                            ,,'',Z
MM,AT,1, 110,1,1,,'Sperrkennung'                         ,,'',Z
MM,AT,1, 120,1,1,,'Prioritaet'                           ,,'',Z
MM,AT,1, 130,1,1,,'Bemerkung'                            ,,'',T
MM,AT,1, 140,1,1,,'GEWIRO-Umdrehung'                     ,,'1/min',Z
MM,AT,1, 150,1,1,,'GEWIRO-rechts-links'                  ,,'',Z
MM,AT,1, 160,1,1,,'Rotation'                             ,,'',Z
MM,AT,1, 170,1,1,,'Einbauwinkellage'                     ,,'',Z
MM,AT,1, 180,1,1,,'Werkzeugmass 1'                       ,,'mm',Z
MM,AT,1, 190,1,1,,'Werkzeugmass 2'                       ,,'mm',Z
MM,AT,1, 200,1,1,,'Werkzeugmass 3'                       ,,'mm',Z
MM,AT,1, 210,1,1,,'Werkzeugmass 4'                       ,,'mm',Z
MM,AT,1, 220,1,1,,'Werkzeugmass 5'                       ,,'mm',Z
MM,AT,1, 230,1,1,,'Werkzeugmass 6'                       ,,'mm',Z
MM,AT,1, 240,1,1,,'Vorschub min'                         ,,'m/min',Z
MM,AT,1, 250,1,1,,'Vorschub max'                         ,,'m/min',Z
MM,AT,1, 260,1,1,,'Vorschub res'                         ,,'m/min',Z
MM,AT,1, 270,1,1,,'Hubzahl min'                          ,,'',Z
MM,AT,1, 280,1,1,,'Hubzahl max'                          ,,'',Z
MM,AT,1, 290,1,1,,'Hubzahl ist'                          ,,'',Z
MM,AT,1, 300,1,1,,'Zeichnungsname'                       ,,'',T
MM,AT,1, 310,1,1,,'Niederhaltertyp'                      ,,'',Z
MM,AT,1, 320,1,1,,'OT-Lage Blechdicke 0.0'               ,,'',Z
MM,AT,1, 330,1,1,,'TRUMPF-Kennung'                       ,,'',Z
MM,AT,1, 340,1,1,,'Blechdicke'                           ,,'',Z
MM,AT,1, 350,1,1,,'Blechdickentoleranz'                  ,,'',Z
MM,AT,1, 360,1,1,,'Nachschleiflaenge'                    ,,'',Z
MM,AT,1, 370,1,1,,'Langes Werkzeug'                      ,,'',Z
MM,AT,1, 380,1,1,,'MT-Nullpunktversatz-X'                ,,'',Z
MM,AT,1, 390,1,1,,'MT-Nullpunktversatz-Y'                ,,'',Z
C
ZA,DA,1
DA,'','03050000',0,1,1,0,0,3,0,1,0,0,'SQ-5',0.00,0,0,0.000,
*  5.000,0.000,0.000,0.000,0.000,0.000,0.000,0.000,0.000,
*  0.0,0.0,0.0,'',0,0.000,1,0,0,0,0,0.0,0.0
C
ENDE_WZG_STAMM
C
BEGIN_WZG_CALLS
C
ZA,MM,2
MM,AT,1, 10,1,1,,,,,T
MM,AT,1, 20,1,1,,,,,Z
C
ZA, DA, 3
DA,'03050000',1
DA,'00000000',2
C
ENDE_WZG_CALLS
C
BEGIN_PROGRAMM
C
ZA,MM,4
MM,AT,1, 10,1,1,,,,,T
MM,AT,1, 20,1,1,,,,,T
MM,AT,1, 30,1,1,,,,,T
MM,AT,1, 40,1,1,,,,,Z
C
ZA,DA,1
DA,'','HP','',
START_TEXT
MSG("NUMERO DEL PROGRAMA PRINCIPAL,")
MSG("DIMENSIONES DE LA CHAPA: 0.800 X 180 X 115  MATERIAL ID: Al99")
N10;(V:5.10.7#B:561#D:20070405#P:TRUTOPS_PUNCH_EXE)
N11;(V:5.10.07#B:210#D:200070405#P:TRUTOPS_PUNCH_DB)
N12;(NOMBRE FICHERO:C:/Lantek/Expert/CNC/2318.LST)
N13;(TRANSFERNAME:.LST NUM EJECUCIONES DEL PROGRAMA:1)
N14;(MAQUINA:TC1000R TIPO:1)
N15;(CONTROL:BO PNC-P VERSION:1)
MSG(" *** SQ-5 *** ")
N16TRAILON(C2,C1)
N17F90000
N18G01
N19TC_SUCTION_OFF
N20TC_CLAMP_CYC
N21TC_SHEET_TECH("SHT-1")
N22;TC_TECHNO_MODE(1)
N23TC_TANGTOOL_OFF
N24;GOTOF ENTRY_PUNCH
N25TC_SHEET_LOAD("SHL-1")
N26;ENTRY_PUNCH:
N27MSG("WZG SQ-5")
N28TC_TOOL_POSITION(CHANGE)
N29TC_TOOL_NO("03050000")
N30TC_TOOL_CHANGE
N31TC_SUCTION_ON
N32TC_TOOL_TECH("PTT-1")
N33F90000
N34;ENTRY_PUNCH:
N35MSG("WZG ")
N36TC_TOOL_POSITION(CHANGE)
N37TC_TOOL_NO("")
N38TC_TOOL_CHANGE
N39TC_SUCTION_ON
N40TC_TOOL_TECH("PTT-2")
N41F90000
N42G01Y100
N43;ENTRY_PUNCH:
N44MSG("WZG SQ-5")
N45TC_TOOL_POSITION(CHANGE)
N46TC_TOOL_NO("03050000")
N47TC_TOOL_CHANGE
N48TC_SUCTION_ON
N49TC_TOOL_TECH("PTT-1")
N50F90000
N51TC_TOOL_LUBE_ON(2)
N52TC_TOOL_LUBE_OFF
N53X1.654Y104.533
N54TC_TOOL_LUBE_ON(2)
N55PUNCH_ON
N56X1.654Y104.533C1=DC(58.096)
N57X4.131Y107.909C1=DC(49.365)
N58X7.091Y110.869C1=DC(40.635)
N59X10.467Y113.346C1=DC(31.904)
N60X14.179Y115.281C1=DC(23.173)
N61X18.142Y116.631C1=DC(14.442)
N62X22.264Y117.364C1=DC(5.711)
N63TC_TOOL_LUBE_OFF
N64PUNCH_OFF
N65X157.736
N66TC_TOOL_LUBE_ON(2)
N67PUNCH_ON
N68X157.736Y117.364C1=DC(84.289)
N69X161.858Y116.631C1=DC(75.558)
N70X165.821Y115.281C1=DC(66.827)
N71X169.533Y113.346C1=DC(58.096)
N72X172.909Y110.869C1=DC(49.365)
N73X175.869Y107.909C1=DC(40.635)
N74X178.346Y104.533C1=DC(31.904)
N75X180.281Y100.821C1=DC(23.173)
N76TC_TOOL_LUBE_OFF
N77PUNCH_OFF
N78Y128
N79X0
N80G53X0Y40
N81TC_SHEET_REPOSIT("RPO-1")
N82Y129
N83TC_TOOL_LUBE_ON(2)
N84PUNCH_ON
N85X26.72Y101.82C1=DC(66.827)
N86F90000
N87TC_TOOL_LUBE_OFF
N88PUNCH_OFF
N89TC_SHEET_UNLOAD("SHU-1")
N90M30
STOP_TEXT
C
ENDE_PROGRAMM
ED
C


