BD
SET_METRIC
C
BEGIN_EINRICHTEPLAN_INFO
C
ZA,MM,04
MM,AT,1, 60,1,1,,'Programmnummer',,'',T
MM,AT,1,100,1,1,,'Anzahl der Programmdurchlaeufe',,'',Z
MM,AT,1,130,1,1,,'Material-ID',,'',T
MM,AT,1,170,1,1,,'Flag Automatisiert',,'Bool',Z
C
ZA,DA,1
DA,'',1,'Al99',1
C
ENDE_EINRICHTEPLAN_INFO
C
BEGIN_PTT
C
ZA,MM,28
MM,AT,1,  10, 1,1,,'Tabellenidentifikator'                 ,,'',T
MM,AT,1,  20, 1,1,,'GEWIRO Drehzahl'                  ,,'1/min',Z
MM,AT,1,  30, 1,1,,'GEWIRO Schmierbehaelter Nr.'           ,,'',Z
MM,AT,1,  40, 1,1,,'GEWIRO Anzahl Schmierimpulse'          ,,'',Z
MM,AT,1,  60, 1,1,,'OT-Offset'                           ,,'mm',Z
MM,AT,1,  70, 1,1,,'UT-Offset'                           ,,'mm',Z
MM,AT,1,  80, 1,1,,'Arbeitslage'                           ,,'',Z
MM,AT,1,  90, 1,1,,'TRUMPF-Kennung'                        ,,'',Z
MM,AT,1, 100, 1,1,,'Anz.C-Achsen Drehung'                  ,,'',Z
MM,AT,1, 110, 1,1,,'Tabellenart (Werkzeugtyp)'             ,,'',Z
MM,AT,1, 120, 1,1,,'Vorschub'                         ,,'m/min',Z
MM,AT,1, 130, 1,1,,'Stangendruck Abstreifer'           ,,'Bool',Z
MM,AT,1, 140, 1,1,,'Niederhalterkraft'                    ,,'N',Z
MM,AT,1, 150, 1,1,,'Freifahrweg'                         ,,'mm',Z
MM,AT,1, 160, 1,1,,'Niederhalter'                          ,,'',Z
MM,AT,1, 170, 1,1,,'Softpunch'                             ,,'',Z
MM,AT,1, 180, 1,1,,'Stanzen mit Verzoegerung'              ,,'',Z
MM,AT,1, 190, 1,1,,'Absaugung'                             ,,'',Z
MM,AT,1, 200, 1,1,,'Werkzeugschmierung'                    ,,'',Z
MM,AT,1, 210, 1,1,,'Werkzeugidentnummer'                   ,,'',T
MM,AT,1, 220, 1,1,,'Werkzeugbemerkung'                     ,,'',T
MM,AT,1, 230, 1,1,,'Wzg-ID. Gueltigkeit'                   ,,'',Z
MM,AT,1, 240, 1,1,,'UT2_Offset'                          ,,'mm',Z
MM,AT,1, 250, 1,1,,'OT2_Offset'                          ,,'mm',Z
MM,AT,1, 260, 1,1,,'Vorschub je Hub'                     ,,'mm',Z
MM,AT,1, 270, 1,1,,'Geschwindigkeit'                  ,,'m/min',Z
MM,AT,1, 280, 1,1,,'Geschw.Reduzierung Stanzhub ab'   ,,'%',Z
MM,AT,1, 290, 1,1,,'Geschw.Reduzierung Stanzhub auf'  ,,'%',Z
C
ZA,DA,4
DA,'PTT-1',0,0,0,0.000,0.000,0,1,0.00,1,0,0,0,0.0,0,0,0,1,2,
*  '01035000','RD-3.5',1,0.000,0.000,0.00,0.0,100,100
DA,'PTT-3',0,0,0,0.000,0.000,0,1,0.00,3,0,0,0,0.0,0,0,0,1,2,
*  '03050000','SQ-5',1,0.000,0.000,0.00,0.0,100,100
DA,'PTT-4',0,0,0,0.000,0.000,0,1,0.00,1,0,0,0,0.0,0,0,0,1,2,
*  '01140000','RD-14',1,0.000,0.000,0.00,0.0,100,100
DA,'PTT-5',0,0,0,0.000,0.000,0,1,0.00,4,0,0,0,0.0,0,0,0,1,2,
*  '04300050','RE-30x5',1,0.000,0.000,0.00,0.0,100,100
C
ENDE_PTT
C
BEGIN_SHEET_TECH
C
ZA,MM,25
MM,AT,1, 10,1,1,,,,,T
MM,AT,1, 20,1,1,,,,,Z
MM,AT,1, 30,1,1,,,,,Z
MM,AT,1, 40,1,1,,,,,Z
MM,AT,1, 50,1,1,,,,,Z
MM,AT,1, 60,1,1,,,,,Z
MM,AT,1, 70,1,1,,,,,Z
MM,AT,1, 80,1,1,,,,,T
MM,AT,1, 90,1,1,,,,,Z
MM,AT,1,100,1,1,,,,,Z
MM,AT,1,110,1,1,,,,,Z
MM,AT,1,120,1,1,,,,,Z
MM,AT,1,130,1,1,,,,,Z
MM,AT,1,140,1,1,,,,,Z
MM,AT,1,150,1,1,,,,,Z
MM,AT,1,160,1,1,,,,,Z
MM,AT,1,170,1,1,,,,,Z
MM,AT,1,180,1,1,,,,,Z
MM,AT,1,190,1,1,,,,,Z
MM,AT,1,200,1,1,,,,,Z
MM,AT,1,210,1,1,,,,,Z
MM,AT,1,220,1,1,,,,,Z
MM,AT,1,230,1,1,,,,,Z
MM,AT,1,240,1,1,,,,,T
MM,AT,1,260,1,1,,,,'kg/dm3',Z
C
ZA,DA,1
DA,'SHT-1',203.333,175.257,0.8,1,0.00,1,0,2,2,3,0,0,100,100,
*  0,0,1,2,1,-1,203.33,175.26,'Al99',2.7
C
ENDE_SHEET_TECH
C
BEGIN_SHEET_LOAD
C
ZA,MM,21
MM,AT,1, 10, 1,1,,'Table Identifier'                     ,,'',T
MM,AT,1, 20, 1,1,,'Loading position X'                 ,,'mm',Z
MM,AT,1, 30, 1,1,,'Loading position Y'                 ,,'mm',Z
MM,AT,1, 40, 1,1,,'Feed for loading position'       ,,'m/min',Z
MM,AT,1, 50, 1,1,,'Calculation of multitool offset'  ,,'Bool',Z
MM,AT,1, 60, 1,1,,'Load trigger material UB'             ,,'',Z
MM,AT,1, 70, 1,1,,'TRUMPF-Identification''               ,,'',Z
MM,AT,1,500, 1,1,,'Loading unit'                         ,,'',Z
MM,AT,1,510 ,1,1,,'Lift offset X loading pile'         ,,'mm',Z
MM,AT,1,520, 1,1,,'Lift cup group 1'                     ,,'',Z
MM,AT,1,530, 1,1,,'Lift cup group 2'                     ,,'',Z
MM,AT,1,540, 1,1,,'Lift cup group 3'                     ,,'',Z
MM,AT,1,550, 1,1,,'Lift cup group 4'                     ,,'',Z
MM,AT,1,560, 1,1,,'Lift cup group 5'                     ,,'',Z
MM,AT,1,570, 1,1,,'Lift pivot suction cup'               ,,'',Z
MM,AT,1,580, 1,1,,'Double sheet detector'            ,,'Bool',Z
MM,AT,1,590, 1,1,,'Peel off lift'                    ,,'Bool',Z
MM,AT,1,600, 1,1,,'Lift speed'                          ,,'%',Z
MM,AT,1,610, 1,1,,'Lift acceleration'                   ,,'%',Z
MM,AT,1,710, 1,1,,'Index pin'                            ,,'',Z
MM,AT,1,750, 1,1,,'Lift cup group 6'                     ,,'',Z
C
ZA,DA,01
DA,'SHL-1',240.000,0.000,90.000,0,0,1,1,0.00,0000,0000,0000,
*  0000,0000,0,0,1,0.00,0.00,1,0000
C
ENDE_SHEET_LOAD
C
BEGIN_SHEET_UNLOAD
C
ZA,MM,69
MM,AT,1,  10,1,1,,,,,T
MM,AT,1,  20,1,1,,,,,Z
MM,AT,1,  30,1,1,,,,,Z
MM,AT,1,  40,1,1,,,,,Z
MM,AT,1,  50,1,1,,,,,Z
MM,AT,1,  60,1,1,,,,,Z
MM,AT,1,  70,1,1,,,,,Z
MM,AT,1, 200,1,1,,,,,Z
MM,AT,1, 210,1,1,,,,,Z
MM,AT,1, 220,1,1,,,,,Z
MM,AT,1, 230,1,1,,,,,Z
MM,AT,1, 240,1,1,,,,,Z
MM,AT,1, 250,1,1,,,,,Z
MM,AT,1, 260,1,1,,,,,Z
MM,AT,1, 270,1,1,,,,,Z
MM,AT,1, 280,1,1,,,,,Z
MM,AT,1, 290,1,1,,,,,Z
MM,AT,1, 300,1,1,,,,,Z
MM,AT,1, 310,1,1,,,,,Z
MM,AT,1, 500,1,1,,,,,Z
MM,AT,1, 510,1,1,,,,,Z
MM,AT,1, 520,1,1,,,,,Z
MM,AT,1, 530,1,1,,,,,Z
MM,AT,1, 540,1,1,,,,,Z
MM,AT,1, 550,1,1,,,,,Z
MM,AT,1, 560,1,1,,,,,Z
MM,AT,1, 570,1,1,,,,,Z
MM,AT,1, 580,1,1,,,,,Z
MM,AT,1, 590,1,1,,,,,Z
MM,AT,1, 600,1,1,,,,,Z
MM,AT,1, 610,1,1,,,,,Z
MM,AT,1, 620,1,1,,,,,Z
MM,AT,1, 630,1,1,,,,,Z
MM,AT,1, 640,1,1,,,,,Z
MM,AT,1, 650,1,1,,,,,Z
MM,AT,1, 660,1,1,,,,,Z
MM,AT,1, 670,1,1,,,,,Z
MM,AT,1, 680,1,1,,,,,Z
MM,AT,1, 690,1,1,,,,,Z
MM,AT,1, 700,1,1,,,,,Z
MM,AT,1, 710,1,1,,,,,Z
MM,AT,1, 720,1,1,,,,,Z
MM,AT,1, 730,1,1,,,,,Z
MM,AT,1, 740,1,1,,,,,Z
MM,AT,1, 750,1,1,,,,,Z
MM,AT,1, 760,1,1,,,,,Z
MM,AT,1, 770,1,1,,,,,Z
MM,AT,1, 820,1,1,,,,,Z
MM,AT,1, 830,1,1,,,,,Z
MM,AT,1,1000,1,1,,,,,T
MM,AT,1,1010,1,1,,,,,T
MM,AT,1,1020,1,1,,,,,Z
MM,AT,1,1030,1,1,,,,,T
MM,AT,1,1040,1,1,,,,,Z
MM,AT,1,1050,1,1,,,,,Z
MM,AT,1,1060,1,1,,,,,Z
MM,AT,1,1070,1,1,,,,,Z
MM,AT,1,1080,1,1,,,,,Z
MM,AT,1,1090,1,1,,,,,Z
MM,AT,1,1100,1,1,,,,,Z
MM,AT,1,1110,1,1,,,,,Z
MM,AT,1,1120,1,1,,,,,Z
MM,AT,1,1130,1,1,,,,,Z
MM,AT,1,1140,1,1,,,,,Z
MM,AT,1,1150,1,1,,,,,Z
MM,AT,1,1160,1,1,,,,,Z
MM,AT,1,1170,1,1,,,,,Z
MM,AT,1,1180,1,1,,,,,T
MM,AT,1,1190,1,1,,,,,T
C
ZA,DA,1
DA,'SHU-1',240.000,0.000,90.000,0,0,1,0.0,0.0,0.0,1,0.000,
*  0.000,90.000,0,0,0,0,0,1,0,0,0,0,0,0,0,1,0.000,1,0.000,
*  0.000,0.000,0,0,0,0,0,0.00,0.00,0.00,0.00,0,0,0,0,0,1,
*  0000,' ',' ',0,'',0,0,0,0,0,0,0,0,0,0,0,0,0,0,'',''
C
ENDE_SHEET_UNLOAD
C
BEGIN_WZG_STAMM
C
ZA,MM,39
MM,AT,1,  10,1,1,,'Maschine'                             ,,'',T
MM,AT,1,  20,1,1,,'Identnummer'                          ,,'',T
MM,AT,1,  30,1,1,,'Duplonummer'                          ,,'',Z
MM,AT,1,  40,1,1,,'Stempelnummer'                        ,,'',Z
MM,AT,1,  50,1,1,,'Magazinplatz'                         ,,'',Z
MM,AT,1,  60,1,1,,'Werkzeugort'                          ,,'',Z
MM,AT,1,  70,1,1,,'Index'                                ,,'',Z
MM,AT,1,  80,1,1,,'Werkzeugtyp'                          ,,'',Z
MM,AT,1,  90,1,1,,'Whispertool'                          ,,'',Z
MM,AT,1, 100,1,1,,'MultiTool'                            ,,'',Z
MM,AT,1, 110,1,1,,'Sperrkennung'                         ,,'',Z
MM,AT,1, 120,1,1,,'Prioritaet'                           ,,'',Z
MM,AT,1, 130,1,1,,'Bemerkung'                            ,,'',T
MM,AT,1, 140,1,1,,'GEWIRO-Umdrehung'                     ,,'1/min',Z
MM,AT,1, 150,1,1,,'GEWIRO-rechts-links'                  ,,'',Z
MM,AT,1, 160,1,1,,'Rotation'                             ,,'',Z
MM,AT,1, 170,1,1,,'Einbauwinkellage'                     ,,'',Z
MM,AT,1, 180,1,1,,'Werkzeugmass 1'                       ,,'mm',Z
MM,AT,1, 190,1,1,,'Werkzeugmass 2'                       ,,'mm',Z
MM,AT,1, 200,1,1,,'Werkzeugmass 3'                       ,,'mm',Z
MM,AT,1, 210,1,1,,'Werkzeugmass 4'                       ,,'mm',Z
MM,AT,1, 220,1,1,,'Werkzeugmass 5'                       ,,'mm',Z
MM,AT,1, 230,1,1,,'Werkzeugmass 6'                       ,,'mm',Z
MM,AT,1, 240,1,1,,'Vorschub min'                         ,,'m/min',Z
MM,AT,1, 250,1,1,,'Vorschub max'                         ,,'m/min',Z
MM,AT,1, 260,1,1,,'Vorschub res'                         ,,'m/min',Z
MM,AT,1, 270,1,1,,'Hubzahl min'                          ,,'',Z
MM,AT,1, 280,1,1,,'Hubzahl max'                          ,,'',Z
MM,AT,1, 290,1,1,,'Hubzahl ist'                          ,,'',Z
MM,AT,1, 300,1,1,,'Zeichnungsname'                       ,,'',T
MM,AT,1, 310,1,1,,'Niederhaltertyp'                      ,,'',Z
MM,AT,1, 320,1,1,,'OT-Lage Blechdicke 0.0'               ,,'',Z
MM,AT,1, 330,1,1,,'TRUMPF-Kennung'                       ,,'',Z
MM,AT,1, 340,1,1,,'Blechdicke'                           ,,'',Z
MM,AT,1, 350,1,1,,'Blechdickentoleranz'                  ,,'',Z
MM,AT,1, 360,1,1,,'Nachschleiflaenge'                    ,,'',Z
MM,AT,1, 370,1,1,,'Langes Werkzeug'                      ,,'',Z
MM,AT,1, 380,1,1,,'MT-Nullpunktversatz-X'                ,,'',Z
MM,AT,1, 390,1,1,,'MT-Nullpunktversatz-Y'                ,,'',Z
C
ZA,DA,4
DA,'','01035000',0,1,1,0,0,1,0,1,0,0,'RD-3.5',0.00,0,0,
*  0.000,3.500,0.000,0.000,0.000,0.000,0.000,0.000,0.000,
*  0.000,0.0,0.0,0.0,'',0,0.000,1,0,0,0,0,0.0,0.0
DA,'','03050000',0,1,1,0,0,3,0,1,0,0,'SQ-5',0.00,0,0,0.000,
*  5.000,0.000,0.000,0.000,0.000,0.000,0.000,0.000,0.000,
*  0.0,0.0,0.0,'',0,0.000,1,0,0,0,0,0.0,0.0
DA,'','01140000',0,1,1,0,0,1,0,1,0,0,'RD-14',0.00,0,0,0.000,
*  14.000,0.000,0.000,0.000,0.000,0.000,0.000,0.000,0.000,
*  0.0,0.0,0.0,'',0,0.000,1,0,0,0,0,0.0,0.0
DA,'','04300050',0,1,1,0,0,4,0,1,0,0,'RE-30x5',0.00,0,0,
*  0.000,30.000,5.000,0.000,0.000,0.000,0.000,0.000,0.000,
*  0.000,0.0,0.0,0.0,'',0,0.000,1,0,0,0,0,0.0,0.0
C
ENDE_WZG_STAMM
C
BEGIN_WZG_CALLS
C
ZA,MM,2
MM,AT,1, 10,1,1,,,,,T
MM,AT,1, 20,1,1,,,,,Z
C
ZA, DA, 6
DA,'01035000',1
DA,'00000000',2
DA,'01035000',3
DA,'03050000',4
DA,'01140000',5
C
ENDE_WZG_CALLS
C
BEGIN_PROGRAMM
C
ZA,MM,4
MM,AT,1, 10,1,1,,,,,T
MM,AT,1, 20,1,1,,,,,T
MM,AT,1, 30,1,1,,,,,T
MM,AT,1, 40,1,1,,,,,Z
C
ZA,DA,1
DA,'','HP','',
START_TEXT
MSG("NUMERO DEL PROGRAMA PRINCIPAL,")
MSG("DIMENSIONES DE LA CHAPA: 0.800 X 203.333 X 175.257  MATERIAL ID: Al99")
N10;(V:5.10.7#B:561#D:20070405#P:TRUTOPS_PUNCH_EXE)
N11;(V:5.10.07#B:210#D:200070405#P:TRUTOPS_PUNCH_DB)
N12;(NOMBRE FICHERO:C:/Lantek/Expert/CNC/2320.LST)
N13;(TRANSFERNAME:.LST NUM EJECUCIONES DEL PROGRAMA:1)
N14;(MAQUINA:TC1000R TIPO:1)
N15;(CONTROL:BO PNC-P VERSION:1)
MSG(" *** RD-3.5 *** ")
MSG(" *** SQ-5 *** ")
MSG(" *** RD-14 *** ")
MSG(" *** RE-30x5 *** ")
N16TRAILON(C2,C1)
N17F90000
N18G01
N19TC_SUCTION_OFF
N20TC_CLAMP_CYC
N21TC_SHEET_TECH("SHT-1")
N22;TC_TECHNO_MODE(1)
N23TC_TANGTOOL_OFF
N24;GOTOF ENTRY_PUNCH
N25TC_SHEET_LOAD("SHL-1")
N26;ENTRY_PUNCH:
N27MSG("WZG RD-3.5")
N28TC_TOOL_POSITION(CHANGE)
N29TC_TOOL_NO("01035000")
N30TC_TOOL_CHANGE
N31TC_SUCTION_ON
N32TC_TOOL_TECH("PTT-1")
N33F90000
N34;ENTRY_PUNCH:
N35MSG("WZG ")
N36TC_TOOL_POSITION(CHANGE)
N37TC_TOOL_NO("")
N38TC_TOOL_CHANGE
N39TC_SUCTION_ON
N40TC_TOOL_TECH("PTT-2")
N41F90000
N42G01Y100
N43;ENTRY_PUNCH:
N44MSG("WZG RD-3.5")
N45TC_TOOL_POSITION(CHANGE)
N46TC_TOOL_NO("01035000")
N47TC_TOOL_CHANGE
N48TC_SUCTION_ON
N49TC_TOOL_TECH("PTT-1")
N50F90000
N51TC_TOOL_LUBE_ON(2)
N52PUNCH_ON
N53X133.71Y103.76C1=DC(0)
N54TC_TOOL_LUBE_OFF
N55PUNCH_OFF
N56X136.46
N57TC_TOOL_LUBE_ON(2)
N58PUNCH_ON
N59X136.46Y103.76
N60X136.374Y104.444
N61X136.12Y105.085
N62X135.715Y105.643
N63X135.184Y106.082
N64X134.56Y106.375
N65X133.883Y106.505
N66X133.195Y106.461
N67X132.539Y106.248
N68X131.957Y105.879
N69X131.485Y105.376
N70X131.153Y104.772
N71X130.982Y104.105
N72X130.982Y103.415
N73X131.153Y102.748
N74X131.485Y102.144
N75X131.957Y101.641
N76X132.539Y101.272
N77X133.195Y101.059
N78X133.883Y101.015
N79X134.56Y101.145
N80X135.184Y101.438
N81X135.715Y101.877
N82X136.12Y102.435
N83X136.374Y103.076
N84X133.71Y124.76
N85TC_TOOL_LUBE_OFF
N86PUNCH_OFF
N87X136.46
N88TC_TOOL_LUBE_ON(2)
N89PUNCH_ON
N90X136.46Y124.76
N91X136.374Y125.444
N92X136.12Y126.085
N93X135.715Y126.643
N94X135.184Y127.082
N95X134.56Y127.375
N96X133.883Y127.505
N97X133.195Y127.461
N98X132.539Y127.248
N99X131.957Y126.879
N100X131.485Y126.376
N101X131.153Y125.772
N102X130.982Y125.105
N103X130.982Y124.415
N104X131.153Y123.748
N105X131.485Y123.144
N106X131.957Y122.641
N107X132.539Y122.272
N108X133.195Y122.059
N109X133.883Y122.015
N110X134.56Y122.145
N111X135.184Y122.438
N112X135.715Y122.877
N113X136.12Y123.435
N114X136.374Y124.076
N115X113.71Y124.76
N116TC_TOOL_LUBE_OFF
N117PUNCH_OFF
N118X116.46
N119TC_TOOL_LUBE_ON(2)
N120PUNCH_ON
N121X116.46Y124.76
N122X116.374Y125.444
N123X116.12Y126.085
N124X115.715Y126.643
N125X115.184Y127.082
N126X114.56Y127.375
N127X113.883Y127.505
N128X113.195Y127.461
N129X112.539Y127.248
N130X111.957Y126.879
N131X111.485Y126.376
N132X111.153Y125.772
N133X110.982Y125.105
N134X110.982Y124.415
N135X111.153Y123.748
N136X111.485Y123.144
N137X111.957Y122.641
N138X112.539Y122.272
N139X113.195Y122.059
N140X113.883Y122.015
N141X114.56Y122.145
N142X115.184Y122.438
N143X115.715Y122.877
N144X116.12Y123.435
N145X116.374Y124.076
N146X113.71Y103.76
N147TC_TOOL_LUBE_OFF
N148PUNCH_OFF
N149X116.46
N150TC_TOOL_LUBE_ON(2)
N151PUNCH_ON
N152X116.46Y103.76
N153X116.374Y104.444
N154X116.12Y105.085
N155X115.715Y105.643
N156X115.184Y106.082
N157X114.56Y106.375
N158X113.883Y106.505
N159X113.195Y106.461
N160X112.539Y106.248
N161X111.957Y105.879
N162X111.485Y105.376
N163X111.153Y104.772
N164X110.982Y104.105
N165X110.982Y103.415
N166X111.153Y102.748
N167X111.485Y102.144
N168X111.957Y101.641
N169X112.539Y101.272
N170X113.195Y101.059
N171X113.883Y101.015
N172X114.56Y101.145
N173X115.184Y101.438
N174X115.715Y101.877
N175X116.12Y102.435
N176X116.374Y103.076
N177X113.71Y160.26
N178TC_TOOL_LUBE_OFF
N179PUNCH_OFF
N180X116.46
N181TC_TOOL_LUBE_ON(2)
N182PUNCH_ON
N183X116.46Y160.26
N184X116.374Y160.944
N185X116.12Y161.585
N186X115.715Y162.143
N187X115.184Y162.582
N188X114.56Y162.875
N189X113.883Y163.005
N190X113.195Y162.961
N191X112.539Y162.748
N192X111.957Y162.379
N193X111.485Y161.876
N194X111.153Y161.272
N195X110.982Y160.605
N196X110.982Y159.915
N197X111.153Y159.248
N198X111.485Y158.644
N199X111.957Y158.141
N200X112.539Y157.772
N201X113.195Y157.559
N202X113.883Y157.515
N203X114.56Y157.645
N204X115.184Y157.938
N205X115.715Y158.377
N206X116.12Y158.935
N207X116.374Y159.576
N208X133.71Y160.26
N209TC_TOOL_LUBE_OFF
N210PUNCH_OFF
N211X136.46
N212TC_TOOL_LUBE_ON(2)
N213PUNCH_ON
N214X136.46Y160.26
N215X136.374Y160.944
N216X136.12Y161.585
N217X135.715Y162.143
N218X135.184Y162.582
N219X134.56Y162.875
N220X133.883Y163.005
N221X133.195Y162.961
N222X132.539Y162.748
N223X131.957Y162.379
N224X131.485Y161.876
N225X131.153Y161.272
N226X130.982Y160.605
N227X130.982Y159.915
N228X131.153Y159.248
N229X131.485Y158.644
N230X131.957Y158.141
N231X132.539Y157.772
N232X133.195Y157.559
N233X133.883Y157.515
N234X134.56Y157.645
N235X135.184Y157.938
N236X135.715Y158.377
N237X136.12Y158.935
N238X136.374Y159.576
N239TC_TOOL_LUBE_OFF
N240PUNCH_OFF
N241;ENTRY_PUNCH:
N242MSG("WZG SQ-5")
N243TC_TOOL_POSITION(CHANGE)
N244TC_TOOL_NO("03050000")
N245TC_TOOL_CHANGE
N246TC_SUCTION_ON
N247TC_TOOL_TECH("PTT-3")
N248F90000
N249TC_TOOL_LUBE_ON(2)
N250PUNCH_ON
N251X101.21Y174.76C1=DC(0)
N252X102.82Y176.15C1=DC(45)
N253X104.21Y177.76C1=DC(0)
N254X143.21Y177.76
N255X144.6Y176.15C1=DC(45)
N256X146.21Y174.76C1=DC(0)
N257TC_TOOL_LUBE_OFF
N258PUNCH_OFF
N259;ENTRY_PUNCH:
N260MSG("WZG RD-14")
N261TC_TOOL_POSITION(CHANGE)
N262TC_TOOL_NO("01140000")
N263TC_TOOL_CHANGE
N264TC_SUCTION_ON
N265TC_TOOL_TECH("PTT-4")
N266F90000
N267TC_TOOL_LUBE_ON(2)
N268PUNCH_ON
N269X163.71Y115.04C1=DC(0)
N270TC_TOOL_LUBE_OFF
N271PUNCH_OFF
N272X150.71
N273TC_TOOL_LUBE_ON(2)
N274NIBBLE_ON
N275SPP=2.13
N276G03X160.377Y102.475I13J0
N277NIBBLE_OFF
N278G01
N279PUNCH_ON
N280X83.71Y115.04
N281TC_TOOL_LUBE_OFF
N282PUNCH_OFF
N283X87.043Y102.475
N284TC_TOOL_LUBE_ON(2)
N285NIBBLE_ON
N286SPP=2.13
N287G03X96.71Y115.04I-3.333J12.565
N288NIBBLE_OFF
N289G01
N290TC_TOOL_LUBE_OFF
N291;ENTRY_PUNCH:
N292MSG("WZG RE-30x5")
N293TC_TOOL_POSITION(CHANGE)
N294TC_TOOL_NO("04300050")
N295TC_TOOL_CHANGE
N296TC_SUCTION_ON
N297TC_TOOL_TECH("PTT-5")
N298F90000
N299TC_TOOL_LUBE_ON(2)
N300PUNCH_ON
N301X101.21Y130.04C1=DC(90)
N302X101.21Y157.255
N303X146.21Y157.26
N304X146.21Y130.045
N305F90000
N306TC_TOOL_LUBE_OFF
N307PUNCH_OFF
N308TC_SHEET_UNLOAD("SHU-1")
N309M30
STOP_TEXT
C
ENDE_PROGRAMM
ED
C


