BD
SET_METRIC
C
BEGIN_EINRICHTEPLAN_INFO
C
ZA,MM,04
MM,AT,1, 60,1,1,,'Program number',,'',T
MM,AT,1,100,1,1,,'Number of runs',,'',Z
MM,AT,1,130,1,1,,'Material-ID',,'',T
MM,AT,1,170,1,1,,'Flag Automated',,'Bool',Z
C
ZA,DA,1
DA,'',1,'Al99',1
C
ENDE_EINRICHTEPLAN_INFO
C
BEGIN_PTT
C
ZA,MM,26
MM,AT,1,  10, 1,1,,'Table identifier'                      ,,'',T
MM,AT,1,  20, 1,1,,'Tapping speed'                    ,,'1/min',Z
MM,AT,1,  30, 1,1,,'Tapping Lubricant container no.'       ,,'',Z
MM,AT,1,  40, 1,1,,'Tapping number of lubricant pulses'    ,,'',Z
MM,AT,1,  60, 1,1,,'UDC-Offset'                          ,,'mm',Z
MM,AT,1,  70, 1,1,,'LDC-Offset'                          ,,'mm',Z
MM,AT,1,  80, 1,1,,'Working position'                      ,,'',Z
MM,AT,1,  90, 1,1,,'TRUMPF-ID'                             ,,'',Z
MM,AT,1, 100, 1,1,,'Number of C-axis rotations'            ,,'',Z
MM,AT,1, 110, 1,1,,'Table type (tool type)'                ,,'',Z
MM,AT,1, 120, 1,1,,'Feedrate'                         ,,'m/min',Z
MM,AT,1, 130, 1,1,,'Rod presure stripper'              ,,'Bool',Z
MM,AT,1, 140, 1,1,,'Presser foot pressure'                ,,'N',Z
MM,AT,1, 150, 1,1,,'Rapid'                               ,,'mm',Z
MM,AT,1, 160, 1,1,,'Presser foot'                          ,,'',Z
MM,AT,1, 170, 1,1,,'Softpunch'                             ,,'',Z
MM,AT,1, 180, 1,1,,'Punching with delay'                   ,,'',Z
MM,AT,1, 190, 1,1,,'Suction unit'                          ,,'',Z
MM,AT,1, 200, 1,1,,'Tool lubrication'                      ,,'',Z
MM,AT,1, 210, 1,1,,'Tool ID number'                        ,,'',T
MM,AT,1, 220, 1,1,,'Tool comments'                         ,,'',T
MM,AT,1, 230, 1,1,,'Tool-ID. Validity'                     ,,'',Z
MM,AT,1, 240, 1,1,,'Plunge position offset 2'            ,,'mm',Z
MM,AT,1, 250, 1,1,,'Working position offset 2'           ,,'mm',Z
MM,AT,1, 260, 1,1,,'Feed per stroke'                     ,,'mm',Z
MM,AT,1, 270, 1,1,,'Wheel feed rate'                  ,,'m/min',Z
C
ZA,DA,5
DA,'PTT-1',0,0,0,0.000,0.000,0,1,0.00,1,0,0,0,0.0,0,0,0,1,1,
*  '01070000','RD-7MT',1,0.000,0.000,0.00,0.0
DA,'PTT-2',0,0,0,0.000,0.000,0,1,0.00,1,0,0,0,0.0,0,0,0,1,1,
*  '01075000','RD-7.5MT',1,0.000,0.000,0.00,0.0
DA,'PTT-3',0,0,0,4.000,0.000,0,1,0.00,3,0,0,0,0.0,0,0,0,1,1,
*  '03100100','SQ-10',1,0.000,0.000,0.00,0.0
DA,'PTT-4',0,0,0,4.000,0.000,0,1,0.00,1,0,0,0,0.0,0,1,0,1,1,
*  '01220000','RD-22',1,0.000,0.000,0.00,0.0
DA,'PTT-5',0,0,0,4.000,0.000,0,1,0.00,3,0,0,0,0.0,0,1,0,1,1,
*  '03200200','SQ-20',1,0.000,0.000,0.00,0.0
C
ENDE_PTT
C
BEGIN_SHEET_TECH
C
ZA,MM,25
MM,AT,1, 10,1,1,,,,,T
MM,AT,1, 20,1,1,,,,,Z
MM,AT,1, 30,1,1,,,,,Z
MM,AT,1, 40,1,1,,,,,Z
MM,AT,1, 50,1,1,,,,,Z
MM,AT,1, 60,1,1,,,,,Z
MM,AT,1, 70,1,1,,,,,Z
MM,AT,1, 80,1,1,,,,,T
MM,AT,1, 90,1,1,,,,,Z
MM,AT,1,100,1,1,,,,,Z
MM,AT,1,110,1,1,,,,,Z
MM,AT,1,120,1,1,,,,,Z
MM,AT,1,130,1,1,,,,,Z
MM,AT,1,140,1,1,,,,,Z
MM,AT,1,150,1,1,,,,,Z
MM,AT,1,160,1,1,,,,,Z
MM,AT,1,170,1,1,,,,,Z
MM,AT,1,180,1,1,,,,,Z
MM,AT,1,190,1,1,,,,,Z
MM,AT,1,200,1,1,,,,,Z
MM,AT,1,210,1,1,,,,,Z
MM,AT,1,220,1,1,,,,,Z
MM,AT,1,230,1,1,,,,,Z
MM,AT,1,240,1,1,,,,,T
MM,AT,1,260,1,1,,,,'kg/dm3',Z
C
ZA,DA,1
DA,'SHT-1',180,115,0.8,1,0.00,1,0,3,4,11,18,0,100,100,0,0,1,
*  2,1,-1,180,115,'Al99',2.7
C
ENDE_SHEET_TECH
C
BEGIN_SHEET_LOAD
C
ZA,MM,23
MM,AT,1, 10, 1,1,,'Table Identifier'                     ,,'',T
MM,AT,1, 20, 1,1,,'Loading position X'                 ,,'mm',Z
MM,AT,1, 30, 1,1,,'Loading position Y'                 ,,'mm',Z
MM,AT,1, 40, 1,1,,'Feed for loading position'       ,,'m/min',Z
MM,AT,1, 50, 1,1,,'Calculation of multitool offset'  ,,'Bool',Z
MM,AT,1, 60, 1,1,,'Load trigger material UB'             ,,'',Z
MM,AT,1, 70, 1,1,,'TRUMPF-Identification''               ,,'',Z
MM,AT,1,500, 1,1,,'Loading unit'                         ,,'',Z
MM,AT,1,510 ,1,1,,'Lift offset X loading pile'         ,,'mm',Z
MM,AT,1,520, 1,1,,'Lift cup group 1'                     ,,'',Z
MM,AT,1,530, 1,1,,'Lift cup group 2'                     ,,'',Z
MM,AT,1,540, 1,1,,'Lift cup group 3'                     ,,'',Z
MM,AT,1,550, 1,1,,'Lift cup group 4'                     ,,'',Z
MM,AT,1,560, 1,1,,'Lift cup group 5'                     ,,'',Z
MM,AT,1,570, 1,1,,'Lift pivot suction cup'               ,,'',Z
MM,AT,1,580, 1,1,,'Double sheet detector'            ,,'Bool',Z
MM,AT,1,590, 1,1,,'Peel off lift'                    ,,'Bool',Z
MM,AT,1,600, 1,1,,'Lift speed'                          ,,'%',Z
MM,AT,1,610, 1,1,,'Lift acceleration'                   ,,'%',Z
MM,AT,1,710, 1,1,,'Index pin'                            ,,'',Z
MM,AT,1,740 ,1,1,,'Align'                            ,,'Bool',Z
MM,AT,1,750, 1,1,,'Lift cup group 6'                     ,,'',Z
MM,AT,1,780, 1,1,,'Insertion Aid'                    ,,'Bool',Z
C
ZA,DA,01
DA,'SHL-1',580.000,100.000,116.000,0,0,1,1,0.00,0000,0000,
*  0000,0000,0000,0,0,1,0.00,0.00,1,0,0000,1
C
ENDE_SHEET_LOAD
C
BEGIN_SHEET_UNLOAD
C
ZA,MM,69
MM,AT,1,  10,1,1,,,,,T
MM,AT,1,  20,1,1,,,,,Z
MM,AT,1,  30,1,1,,,,,Z
MM,AT,1,  40,1,1,,,,,Z
MM,AT,1,  50,1,1,,,,,Z
MM,AT,1,  60,1,1,,,,,Z
MM,AT,1,  70,1,1,,,,,Z
MM,AT,1, 200,1,1,,,,,Z
MM,AT,1, 210,1,1,,,,,Z
MM,AT,1, 220,1,1,,,,,Z
MM,AT,1, 230,1,1,,,,,Z
MM,AT,1, 240,1,1,,,,,Z
MM,AT,1, 250,1,1,,,,,Z
MM,AT,1, 260,1,1,,,,,Z
MM,AT,1, 270,1,1,,,,,Z
MM,AT,1, 280,1,1,,,,,Z
MM,AT,1, 290,1,1,,,,,Z
MM,AT,1, 300,1,1,,,,,Z
MM,AT,1, 310,1,1,,,,,Z
MM,AT,1, 500,1,1,,,,,Z
MM,AT,1, 510,1,1,,,,,Z
MM,AT,1, 520,1,1,,,,,Z
MM,AT,1, 530,1,1,,,,,Z
MM,AT,1, 540,1,1,,,,,Z
MM,AT,1, 550,1,1,,,,,Z
MM,AT,1, 560,1,1,,,,,Z
MM,AT,1, 570,1,1,,,,,Z
MM,AT,1, 580,1,1,,,,,Z
MM,AT,1, 590,1,1,,,,,Z
MM,AT,1, 600,1,1,,,,,Z
MM,AT,1, 610,1,1,,,,,Z
MM,AT,1, 620,1,1,,,,,Z
MM,AT,1, 630,1,1,,,,,Z
MM,AT,1, 640,1,1,,,,,Z
MM,AT,1, 650,1,1,,,,,Z
MM,AT,1, 660,1,1,,,,,Z
MM,AT,1, 670,1,1,,,,,Z
MM,AT,1, 680,1,1,,,,,Z
MM,AT,1, 690,1,1,,,,,Z
MM,AT,1, 700,1,1,,,,,Z
MM,AT,1, 710,1,1,,,,,Z
MM,AT,1, 720,1,1,,,,,Z
MM,AT,1, 730,1,1,,,,,Z
MM,AT,1, 740,1,1,,,,,Z
MM,AT,1, 750,1,1,,,,,Z
MM,AT,1, 760,1,1,,,,,Z
MM,AT,1, 770,1,1,,,,,Z
MM,AT,1, 820,1,1,,,,,Z
MM,AT,1, 830,1,1,,,,,Z
MM,AT,1,1000,1,1,,,,,T
MM,AT,1,1010,1,1,,,,,T
MM,AT,1,1020,1,1,,,,,Z
MM,AT,1,1030,1,1,,,,,T
MM,AT,1,1040,1,1,,,,,Z
MM,AT,1,1050,1,1,,,,,Z
MM,AT,1,1060,1,1,,,,,Z
MM,AT,1,1070,1,1,,,,,Z
MM,AT,1,1080,1,1,,,,,Z
MM,AT,1,1090,1,1,,,,,Z
MM,AT,1,1100,1,1,,,,,Z
MM,AT,1,1110,1,1,,,,,Z
MM,AT,1,1120,1,1,,,,,Z
MM,AT,1,1130,1,1,,,,,Z
MM,AT,1,1140,1,1,,,,,Z
MM,AT,1,1150,1,1,,,,,Z
MM,AT,1,1160,1,1,,,,,Z
MM,AT,1,1170,1,1,,,,,Z
MM,AT,1,1180,1,1,,,,,T
MM,AT,1,1190,1,1,,,,,T
C
ZA,DA,1
DA,'SHU-1',580.000,100.000,116.000,0,0,1,0.0,0.0,0.0,1,
*  0.000,0.000,116.000,0,0,0,1,1,1,0,0,0,0,0,0,0,1,0.000,0,
*  0.000,0.000,0.000,0,0,0,0,0,0.00,0.00,0.00,0.00,0,0,0,0,
*  0,1,0000,' ',' ',0,'',0,0,0,0,0,0,0,0,0,0,0,0,0,0,'',''
C
ENDE_SHEET_UNLOAD
C
BEGIN_WZG_STAMM
C
ZA,MM,39
MM,AT,1,  10,1,1,,'Maschine'                             ,,'',T
MM,AT,1,  20,1,1,,'Identnummer'                          ,,'',T
MM,AT,1,  30,1,1,,'Duplonummer'                          ,,'',Z
MM,AT,1,  40,1,1,,'Stempelnummer'                        ,,'',Z
MM,AT,1,  50,1,1,,'Magazinplatz'                         ,,'',Z
MM,AT,1,  60,1,1,,'Werkzeugort'                          ,,'',Z
MM,AT,1,  70,1,1,,'Index'                                ,,'',Z
MM,AT,1,  80,1,1,,'Werkzeugtyp'                          ,,'',Z
MM,AT,1,  90,1,1,,'Whispertool'                          ,,'',Z
MM,AT,1, 100,1,1,,'MultiTool'                            ,,'',Z
MM,AT,1, 110,1,1,,'Sperrkennung'                         ,,'',Z
MM,AT,1, 120,1,1,,'Prioritaet'                           ,,'',Z
MM,AT,1, 130,1,1,,'Bemerkung'                            ,,'',T
MM,AT,1, 140,1,1,,'GEWIRO-Umdrehung'                     ,,'1/min',Z
MM,AT,1, 150,1,1,,'GEWIRO-rechts-links'                  ,,'',Z
MM,AT,1, 160,1,1,,'Rotation'                             ,,'',Z
MM,AT,1, 170,1,1,,'Einbauwinkellage'                     ,,'',Z
MM,AT,1, 180,1,1,,'Werkzeugmass 1'                       ,,'mm',Z
MM,AT,1, 190,1,1,,'Werkzeugmass 2'                       ,,'mm',Z
MM,AT,1, 200,1,1,,'Werkzeugmass 3'                       ,,'mm',Z
MM,AT,1, 210,1,1,,'Werkzeugmass 4'                       ,,'mm',Z
MM,AT,1, 220,1,1,,'Werkzeugmass 5'                       ,,'mm',Z
MM,AT,1, 230,1,1,,'Werkzeugmass 6'                       ,,'mm',Z
MM,AT,1, 240,1,1,,'Vorschub min'                         ,,'m/min',Z
MM,AT,1, 250,1,1,,'Vorschub max'                         ,,'m/min',Z
MM,AT,1, 260,1,1,,'Vorschub res'                         ,,'m/min',Z
MM,AT,1, 270,1,1,,'Hubzahl min'                          ,,'',Z
MM,AT,1, 280,1,1,,'Hubzahl max'                          ,,'',Z
MM,AT,1, 290,1,1,,'Hubzahl ist'                          ,,'',Z
MM,AT,1, 300,1,1,,'Zeichnungsname'                       ,,'',T
MM,AT,1, 310,1,1,,'Niederhaltertyp'                      ,,'',Z
MM,AT,1, 320,1,1,,'OT-Lage Blechdicke 0.0'               ,,'',Z
MM,AT,1, 330,1,1,,'TRUMPF-Kennung'                       ,,'',Z
MM,AT,1, 340,1,1,,'Blechdicke'                           ,,'',Z
MM,AT,1, 350,1,1,,'Blechdickentoleranz'                  ,,'',Z
MM,AT,1, 360,1,1,,'Nachschleiflaenge'                    ,,'',Z
MM,AT,1, 370,1,1,,'Langes Werkzeug'                      ,,'',Z
MM,AT,1, 380,1,1,,'MT-Nullpunktversatz-X'                ,,'',Z
MM,AT,1, 390,1,1,,'MT-Nullpunktversatz-Y'                ,,'',Z
C
ZA,DA,5
DA,'','01070000',0,2,1,0,0,1,0,5,0,0,'RD-7MT',0.00,0,0,
*  0.000,7.000,0.000,0.000,0.000,0.000,0.000,0.000,0.000,
*  0.000,0.0,0.0,0.0,'',0,0.000,1,0,0,0,0,0.0,0.0
DA,'','01075000',0,3,1,0,0,1,0,5,0,0,'RD-7.5MT',0.00,0,0,
*  0.000,7.500,0.000,0.000,0.000,0.000,0.000,0.000,0.000,
*  0.000,0.0,0.0,0.0,'',0,0.000,1,0,0,0,0,0.0,0.0
DA,'','03100100',0,1,1,0,0,3,0,3,0,0,'SQ-10',0.00,0,0,0.000,
*  10.000,0.000,0.000,0.000,0.000,0.000,0.000,0.000,0.000,
*  0.0,0.0,0.0,'',0,0.000,1,0,0,0,0,0.0,0.0
DA,'','01220000',0,1,1,0,0,1,0,5,0,0,'RD-22',0.00,0,0,0.000,
*  22.000,0.000,0.000,0.000,0.000,0.000,0.000,0.000,0.000,
*  0.0,0.0,0.0,'',0,0.000,1,0,0,0,0,0.0,0.0
DA,'','03200200',0,1,1,0,0,3,0,1,0,0,'SQ-20',0.00,0,0,0.000,
*  20.000,0.000,0.000,0.000,0.000,0.000,0.000,0.000,0.000,
*  0.0,0.0,0.0,'',0,0.000,1,0,0,0,0,0.0,0.0
C
ENDE_WZG_STAMM
C
BEGIN_WZG_CALLS
C
ZA,MM,2
MM,AT,1, 10,1,1,,,,,T
MM,AT,1, 20,1,1,,,,,Z
C
ZA, DA, 5
DA,'01070000',1
DA,'01075000',2
DA,'03100100',3
DA,'01220000',4
DA,'03200200',5
C
ENDE_WZG_CALLS
C
BEGIN_PROGRAMM
C
ZA,MM,4
MM,AT,1, 10,1,1,,,,,T
MM,AT,1, 20,1,1,,,,,T
MM,AT,1, 30,1,1,,,,,T
MM,AT,1, 40,1,1,,,,,Z
C
ZA,DA,1
DA,'','HP','',
START_TEXT
MSG("MAIN PROGRAM NUMBER,")
MSG("SHEET DIMENSIONS: 0.800 X 180 X 115 MATERIAL ID: Al99")
N10;(V:3.00#B:171.0#D:19981217#P:TOPS300_EXE)
N20;(V:3.7#B:51#D:981221104305#P:TOPS300_ACCESS20)
N30;(FILE NAME:C:/Lantek/Expert/CNC/2329.LST)
N40;(TRANSFERNAME:.LSTPROGRAM NUMBER EXECUTIONS:1)
N50;(MACHINE:TC3000R TYPE:2)
N60;(CONTROL:SIN 840D VERSION:1)
MSG(" *** RD-7MT *** ")
MSG(" *** RD-7.5MT *** ")
MSG(" *** SQ-10 *** ")
MSG(" *** RD-22 *** ")
MSG(" *** SQ-20 *** ")
N70TRAILON(C2,C1)
N80F116000
N90G01
N100TC_SUCTION_OFF
N110TRUMPF:
N120TC_CLAMP_CYC
N130TC_SHEET_TECH("SHT-1")
N140;TC_TECHNO_MODE(1)
N150TC_PREPARE_SHEET_LOAD("SHL-1")
N160;GOTOF ENTRY_PUNCH
N170TC_TOOL_POSITION(CHANGE_ALL)
N180TC_TANGTOOL_OFF
N190TC_SHEET_LOAD("SHL-1")
N200;ENTRY_PUNCH: ;RD-7MT
N210MSG("WZG RD-7MT")
N220TC_TOOL_NO("01070000")
N230TC_TOOL_CHANGE
N240TC_SUCTION_ON
N250TC_TOOL_TECH("PTT-1")
N260TC_TOOL_LUBE_ON(1)
N270PUNCH_ON
N280G01X155Y90C1=DC(0)
N290TC_TOOL_LUBE_OFF
N300PUNCH_OFF
N310X161.5
N320TC_TOOL_LUBE_ON(1)
N330PUNCH_ON
N340X161.5Y90
N350X161.411Y91.07
N360X161.148Y92.111
N370X160.717Y93.094
N380X160.129Y93.992
N390X159.402Y94.782
N400X158.555Y95.442
N410X157.611Y95.953
N420X156.596Y96.301
N430X155.537Y96.478
N440X154.463Y96.478
N450X153.404Y96.301
N460X152.389Y95.953
N470X151.445Y95.442
N480X150.598Y94.782
N490X149.871Y93.992
N500X149.283Y93.094
N510X148.852Y92.111
N520X148.589Y91.07
N530X148.5Y90
N540X148.589Y88.93
N550X148.852Y87.889
N560X149.283Y86.906
N570X149.871Y86.008
N580X150.598Y85.218
N590X151.445Y84.558
N600X152.389Y84.047
N610X153.404Y83.699
N620X154.463Y83.522
N630X155.537Y83.522
N640X156.596Y83.699
N650X157.611Y84.047
N660X158.555Y84.558
N670X159.402Y85.218
N680X160.129Y86.008
N690X160.717Y86.906
N700X161.148Y87.889
N710X161.411Y88.93
N720X155Y25
N730TC_TOOL_LUBE_OFF
N740PUNCH_OFF
N750X161.5
N760TC_TOOL_LUBE_ON(1)
N770PUNCH_ON
N780X161.5Y25
N790X161.411Y26.07
N800X161.148Y27.111
N810X160.717Y28.094
N820X160.129Y28.992
N830X159.402Y29.782
N840X158.555Y30.442
N850X157.611Y30.953
N860X156.596Y31.301
N870X155.537Y31.478
N880X154.463Y31.478
N890X153.404Y31.301
N900X152.389Y30.953
N910X151.445Y30.442
N920X150.598Y29.782
N930X149.871Y28.992
N940X149.283Y28.094
N950X148.852Y27.111
N960X148.589Y26.07
N970X148.5Y25
N980X148.589Y23.93
N990X148.852Y22.889
N1000X149.283Y21.906
N1010X149.871Y21.008
N1020X150.598Y20.218
N1030X151.445Y19.558
N1040X152.389Y19.047
N1050X153.404Y18.699
N1060X154.463Y18.522
N1070X155.537Y18.522
N1080X156.596Y18.699
N1090X157.611Y19.047
N1100X158.555Y19.558
N1110X159.402Y20.218
N1120X160.129Y21.008
N1130X160.717Y21.906
N1140X161.148Y22.889
N1150X161.411Y23.93
N1160X25Y25
N1170TC_TOOL_LUBE_OFF
N1180PUNCH_OFF
N1190X31.5
N1200TC_TOOL_LUBE_ON(1)
N1210PUNCH_ON
N1220X31.5Y25
N1230X31.411Y26.07
N1240X31.148Y27.111
N1250X30.717Y28.094
N1260X30.129Y28.992
N1270X29.402Y29.782
N1280X28.555Y30.442
N1290X27.611Y30.953
N1300X26.596Y31.301
N1310X25.537Y31.478
N1320X24.463Y31.478
N1330X23.404Y31.301
N1340X22.389Y30.953
N1350X21.445Y30.442
N1360X20.598Y29.782
N1370X19.871Y28.992
N1380X19.283Y28.094
N1390X18.852Y27.111
N1400X18.589Y26.07
N1410X18.5Y25
N1420X18.589Y23.93
N1430X18.852Y22.889
N1440X19.283Y21.906
N1450X19.871Y21.008
N1460X20.598Y20.218
N1470X21.445Y19.558
N1480X22.389Y19.047
N1490X23.404Y18.699
N1500X24.463Y18.522
N1510X25.537Y18.522
N1520X26.596Y18.699
N1530X27.611Y19.047
N1540X28.555Y19.558
N1550X29.402Y20.218
N1560X30.129Y21.008
N1570X30.717Y21.906
N1580X31.148Y22.889
N1590X31.411Y23.93
N1600X25Y90
N1610TC_TOOL_LUBE_OFF
N1620PUNCH_OFF
N1630X31.5
N1640TC_TOOL_LUBE_ON(1)
N1650PUNCH_ON
N1660X31.5Y90
N1670X31.411Y91.07
N1680X31.148Y92.111
N1690X30.717Y93.094
N1700X30.129Y93.992
N1710X29.402Y94.782
N1720X28.555Y95.442
N1730X27.611Y95.953
N1740X26.596Y96.301
N1750X25.537Y96.478
N1760X24.463Y96.478
N1770X23.404Y96.301
N1780X22.389Y95.953
N1790X21.445Y95.442
N1800X20.598Y94.782
N1810X19.871Y93.992
N1820X19.283Y93.094
N1830X18.852Y92.111
N1840X18.589Y91.07
N1850X18.5Y90
N1860X18.589Y88.93
N1870X18.852Y87.889
N1880X19.283Y86.906
N1890X19.871Y86.008
N1900X20.598Y85.218
N1910X21.445Y84.558
N1920X22.389Y84.047
N1930X23.404Y83.699
N1940X24.463Y83.522
N1950X25.537Y83.522
N1960X26.596Y83.699
N1970X27.611Y84.047
N1980X28.555Y84.558
N1990X29.402Y85.218
N2000X30.129Y86.008
N2010X30.717Y86.906
N2020X31.148Y87.889
N2030X31.411Y88.93
N2040TC_TOOL_LUBE_OFF
N2050PUNCH_OFF
N2060;ENTRY_PUNCH: ;RD-7.5MT
N2070MSG("WZG RD-7.5MT")
N2080TC_TOOL_NO("01075000")
N2090TC_TOOL_CHANGE
N2100TC_SUCTION_ON
N2110TC_TOOL_TECH("PTT-2")
N2120TC_TOOL_LUBE_ON(1)
N2130TC_TOOL_LUBE_OFF
N2140X0.114Y104.397
N2150TC_TOOL_LUBE_ON(1)
N2160NIBBLE_ON
N2170SPP=1.67
N2180G02X25Y118.75I24.886J-14.397
N2190NIBBLE_OFF
N2200G01
N2210PUNCH_ON
N2220X25.29Y58.23C1=DC(0)
N2230TC_TOOL_LUBE_OFF
N2240PUNCH_OFF
N2250Y64.48
N2260TC_TOOL_LUBE_ON(1)
N2270NIBBLE_ON
N2280SPP=1.4
N2290G03Y51.98I0J-6.25
N2300NIBBLE_OFF
N2310G01
N2320TC_TOOL_LUBE_OFF
N2330X0.114Y10.603
N2340TC_TOOL_LUBE_ON(1)
N2350NIBBLE_ON
N2360SPP=1.67
N2370G03X25Y-3.75I24.886J14.397
N2380NIBBLE_OFF
N2390G01
N2400PUNCH_ON
N2410X155.29Y58.23
N2420TC_TOOL_LUBE_OFF
N2430PUNCH_OFF
N2440Y51.98
N2450TC_TOOL_LUBE_ON(1)
N2460NIBBLE_ON
N2470SPP=1.4
N2480G03Y64.48I0J6.25
N2490NIBBLE_OFF
N2500G01
N2510TC_TOOL_LUBE_OFF
N2520X155Y118.75
N2530TC_TOOL_LUBE_ON(1)
N2540NIBBLE_ON
N2550SPP=1.67
N2560G02X183.75Y90I-0J-28.75
N2570NIBBLE_OFF
N2580G01
N2590TC_TOOL_LUBE_OFF
N2600Y25
N2610TC_TOOL_LUBE_ON(1)
N2620NIBBLE_ON
N2630SPP=1.67
N2640G02X155Y-3.75I-28.75J0
N2650NIBBLE_OFF
N2660G01
N2670TC_TOOL_LUBE_OFF
N2680;ENTRY_PUNCH: ;SQ-10
N2690MSG("WZG SQ-10")
N2700TC_TOOL_NO("03100100")
N2710TC_TOOL_CHANGE
N2720TC_SUCTION_ON
N2730TC_TOOL_TECH("PTT-3")
N2740TC_TOOL_LUBE_ON(1)
N2750PUNCH_ON
N2760X95.29Y17.08C1=DC(0)
N2770X90.29Y17.08
N2780X85.29Y17.08
N2790X85.29Y99.37
N2800X90.29Y99.37
N2810X95.29Y99.37
N2820TC_TOOL_LUBE_OFF
N2830PUNCH_OFF
N2840;ENTRY_PUNCH: ;RD-22
N2850MSG("WZG RD-22")
N2860TC_TOOL_NO("01220000")
N2870TC_TOOL_CHANGE
N2880TC_SUCTION_ON
N2890TC_TOOL_TECH("PTT-4")
N2900TC_TOOL_LUBE_ON(1)
N2910TC_TOOL_LUBE_OFF
N2920X97.357Y83.77
N2930TC_TOOL_LUBE_ON(1)
N2940NIBBLE_ON
N2950SPP=2.73
N2960G02X115.83Y65.297I-7.067J-25.54
N2970NIBBLE_OFF
N2980G01
N2990TC_TOOL_LUBE_OFF
N3000Y51.163
N3010TC_TOOL_LUBE_ON(1)
N3020NIBBLE_ON
N3030SPP=2.73
N3040G02X97.357Y32.69I-25.54J7.067
N3050NIBBLE_OFF
N3060G01
N3070TC_TOOL_LUBE_OFF
N3080X83.223
N3090TC_TOOL_LUBE_ON(1)
N3100NIBBLE_ON
N3110SPP=2.73
N3120G02X64.75Y51.163I7.067J25.54
N3130NIBBLE_OFF
N3140G01
N3150TC_TOOL_LUBE_OFF
N3160Y65.297
N3170TC_TOOL_LUBE_ON(1)
N3180NIBBLE_ON
N3190SPP=2.73
N3200G02X83.223Y83.77I25.54J-7.067
N3210NIBBLE_OFF
N3220G01
N3230TC_TOOL_LUBE_OFF
N3240;ENTRY_PUNCH: ;SQ-20
N3250MSG("WZG SQ-20")
N3260TC_TOOL_NO("03200200")
N3270TC_TOOL_CHANGE
N3280TC_SUCTION_ON
N3290TC_TOOL_TECH("PTT-5")
N3300TC_TOOL_LUBE_ON(1)
N3310PUNCH_ON
N3320X44.25Y58.23C1=DC(0)
N3330X35.292Y58.23
N3340X136.33Y58.23
N3350X145.288Y58.23
N3360F116000
N3370TC_TOOL_LUBE_OFF
N3380PUNCH_OFF
N3390TC_TOOL_POSITION(TOP)
N3400GOTOB TRUMPF
N3410TC_SHEET_UNLOAD("SHU-1")
N3420M30
STOP_TEXT
C
ENDE_PROGRAMM
ED
C


