BD
SET_METRIC
C
BEGIN_EINRICHTEPLAN_INFO
C
ZA,MM,2
MM,AT,1, 60,1,1,,,,,T
MM,AT,1,170,1,1,,,,,T
ZA,DA,1
C
DA,00006,1
C
ENDE_EINRICHTEPLAN_INFO
C
BEGIN_SHEET_TECH
C
ZA,MM,7
MM,AT,1,10,1,1,,,,,T
MM,AT,1,20,1,1,,,,'mm',Z
MM,AT,1,30,1,1,,,,'mm',Z
MM,AT,1,40,1,1,,,,'mm',Z
MM,AT,1,220,1,1,,,,'mm',Z
MM,AT,1,230,1,1,,,,'mm',Z
MM,AT,1,240,1,1,,'Materialkennung',,'',T
C
ZA,DA,1
DA,'SHT-1',120.0,120.0,0.8,120.0,120.0,'Al99'
C
ENDE_SHEET_TECH
C
BEGIN_SHEET_LOAD
C
ZA,MM,10
MM,AT,1,10,1,1,,'Table identifier',,,T
MM,AT,1,500,1,1,,'Loading unit',,,Z
MM,AT,1,620,1,1,,'Sheet stopper',,,Z
MM,AT,1,630,1,1,,'Measure sheet position',,,Z
MM,AT,1,640,1,1,,'Measure range in X',,'mm',Z
MM,AT,1,650,1,1,,'Measure range in Y',,'mm',Z
MM,AT,1,660,1,1,,'Calibration',,'Bool',Z
MM,AT,1,690,1,1,,'Type of pallet change',,,Z
MM,AT,1,700,1,1,,'Measuring Corner',,,Z
MM,AT,1,710,1,1,,,,,Z
C
ZA,DA,1
DA,'SHL-1',1,1,1,120.0,120.0,1,0,1,1
C
ENDE_SHEET_LOAD
C
BEGIN_LTT_CALLS
C
ZA,MM,1
MM,AT,1,10,1,1,,,,,T
C
ZA,DA,1
DA,'HS040MD0-N2S0-30-2'
C
ENDE_LTT_CALLS
C
BEGIN_MICROJOINT
C
ZA,MM,12
MM,AT,1,  10,1,1,,'Tabellenidentifikator              ',,'',T
MM,AT,1, 100,1,1,,'programmierte Microjoints aktiv    ',,'Bool',Z
MM,AT,1, 110,1,1,,'automatische Microjoints aktiv     ',,'Bool',Z
MM,AT,1, 120,1,1,,'Microjointbreite kleine Kontur     ',,'mm',Z
MM,AT,1, 130,1,1,,'Microjointbreite mittlere Kontur   ',,'mm',Z
MM,AT,1, 140,1,1,,'Microjointbreite grosse Kontur     ',,'mm',Z
MM,AT,1, 150,1,1,,'Konturausdehnung min X autom. Microjoint',,'mm',Z
MM,AT,1, 160,1,1,,'Konturausdehnung max X autom. Microjoint',,'mm',Z
MM,AT,1, 170,1,1,,'Konturausdehnung min Y autom. Microjoint',,'mm',Z
MM,AT,1, 180,1,1,,'Konturausdehnung max Y autom. Microjoint',,'mm',Z
MM,AT,1, 190,1,1,,'Einstechart nach Microjoint        ',,'',Z
MM,AT,1, 500,1,1,,'TRUMPF-Kennung                     ',,'',Z
C
ZA,DA,1
DA,'MIJO-1',1,0,0,0,1,-1,-1,-1,-1,11,1
C
ENDE_MICROJOINT
C
BEGIN_PROGRAMM
C
ZA,MM,4
MM,AT,1, 10,1,1,,,,,T
MM,AT,1, 20,1,1,,,,,T
MM,AT,1, 30,1,1,,,,,T
MM,AT,1, 40,1,1,,,,,Z
C
ZA,DA,2
DA,'L100006','UP',,
START_TEXT
N10G91
N11G01X0.004Y0.125
N12TC_POS_LEVEL(40.0)
N13TC_LASER_ON(1,"HS040MD0-N2S0-30-2",10,110)
N14X3.998Y-0.122
N15TC_LASER_ON(5,"HS040MD0-N2S0-30-2",0,100)
N16G03X0.387Y0.371I0.012J0.375
N17X-49.749Y0.249I-24.874J0.249
N18X49.749Y0.249I24.875J0
N19TC_LASER_OFF(1)
N20G01X-42.552Y17.429
N21TC_LASER_ON(1,"HS040MD0-N2S0-30-2",10,110)
N22X-7.071Y7.071
N23TC_LASER_ON(5,"HS040MD0-N2S0-30-2",0,100)
N24X-25.251Y25.251
N25TC_LASER_OFF(1)
N26X98.627Y-0.21
N27TC_LASER_ON(1,"HS040MD0-N2S0-30-2",10,110)
N28X-1.674Y-1.937
N29TC_LASER_ON(5,"HS040MD0-N2S0-30-2",0,100)
N30G03X0.025Y-0.517I0.284J-0.245
N31G02X3.147Y-7.336I-6.978J-7.336
N32G01Y-90.125
N33X-90.125
N34G02X-10.125Y10.125I0J10.125
N35G01Y90.125
N36X90.125
N37G02X7.336Y-3.147I0J-10.125
N38TC_LASER_OFF(1)
N39G01
N40G90
N41M17
N42M02
STOP_TEXT
C
DA,'00006','HP',,
START_TEXT
N10MSG("PROGRAM NUMBER,00006")
N11MSG("SHEET Al99 : 120.0 x 120.0 x 0.8")
N12MSG("MSG,PART #:Pieza_prueba_Maxwell QTY 1")
N13G71
N14F282000
N15TC_PCS_PIERCE
N16TC_POS_LEVEL(40.0)
N17TC_SHEET_TECH("SHT-1")
N18TC_SHEET_LOAD("SHL-1")
N19TC_MICROJOINT("MIJO-1")
N20 ;GOTOF ENTRY_LASER
N21;ENTRY_LASER:
N22;(PART NUMBER: L100006  Pieza_prueba_Maxwell NUMBER:1)
N23G01X80.485Y59.377
N24L100006
N25TC_LASER_OFF(2)
N26TC_PART_END(-1)
N27M30
STOP_TEXT
ENDE_PROGRAMM
ED


