BD
SET_METRIC
C
BEGIN_EINRICHTEPLAN_INFO
C
ZA,MM,2
MM,AT,1, 60,1,1,,,,,T
MM,AT,1,170,1,1,,,,,T
ZA,DA,1
C
DA,00007,1
C
ENDE_EINRICHTEPLAN_INFO
C
BEGIN_SHEET_TECH
C
ZA,MM,7
MM,AT,1,10,1,1,,,,,T
MM,AT,1,20,1,1,,,,'mm',Z
MM,AT,1,30,1,1,,,,'mm',Z
MM,AT,1,40,1,1,,,,'mm',Z
MM,AT,1,220,1,1,,,,'mm',Z
MM,AT,1,230,1,1,,,,'mm',Z
MM,AT,1,240,1,1,,'Materialkennung',,'',T
C
ZA,DA,1
DA,'SHT-1',200.0,135.0,0.8,200.0,135.0,'Al99'
C
ENDE_SHEET_TECH
C
BEGIN_SHEET_LOAD
C
ZA,MM,10
MM,AT,1,10,1,1,,'Table identifier',,,T
MM,AT,1,500,1,1,,'Loading unit',,,Z
MM,AT,1,620,1,1,,'Sheet stopper',,,Z
MM,AT,1,630,1,1,,'Measure sheet position',,,Z
MM,AT,1,640,1,1,,'Measure range in X',,'mm',Z
MM,AT,1,650,1,1,,'Measure range in Y',,'mm',Z
MM,AT,1,660,1,1,,'Calibration',,'Bool',Z
MM,AT,1,690,1,1,,'Type of pallet change',,,Z
MM,AT,1,700,1,1,,'Measuring Corner',,,Z
MM,AT,1,710,1,1,,,,,Z
C
ZA,DA,1
DA,'SHL-1',1,1,1,120.0,120.0,1,0,1,1
C
ENDE_SHEET_LOAD
C
BEGIN_LTT_CALLS
C
ZA,MM,1
MM,AT,1,10,1,1,,,,,T
C
ZA,DA,1
DA,'HS040MD0-N2S0-30-2'
C
ENDE_LTT_CALLS
C
BEGIN_MICROJOINT
C
ZA,MM,12
MM,AT,1,  10,1,1,,'Tabellenidentifikator              ',,'',T
MM,AT,1, 100,1,1,,'programmierte Microjoints aktiv    ',,'Bool',Z
MM,AT,1, 110,1,1,,'automatische Microjoints aktiv     ',,'Bool',Z
MM,AT,1, 120,1,1,,'Microjointbreite kleine Kontur     ',,'mm',Z
MM,AT,1, 130,1,1,,'Microjointbreite mittlere Kontur   ',,'mm',Z
MM,AT,1, 140,1,1,,'Microjointbreite grosse Kontur     ',,'mm',Z
MM,AT,1, 150,1,1,,'Konturausdehnung min X autom. Microjoint',,'mm',Z
MM,AT,1, 160,1,1,,'Konturausdehnung max X autom. Microjoint',,'mm',Z
MM,AT,1, 170,1,1,,'Konturausdehnung min Y autom. Microjoint',,'mm',Z
MM,AT,1, 180,1,1,,'Konturausdehnung max Y autom. Microjoint',,'mm',Z
MM,AT,1, 190,1,1,,'Einstechart nach Microjoint        ',,'',Z
MM,AT,1, 500,1,1,,'TRUMPF-Kennung                     ',,'',Z
C
ZA,DA,1
DA,'MIJO-1',1,0,0,0,1,-1,-1,-1,-1,11,1
C
ENDE_MICROJOINT
C
BEGIN_PROGRAMM
C
ZA,MM,4
MM,AT,1, 10,1,1,,,,,T
MM,AT,1, 20,1,1,,,,,T
MM,AT,1, 30,1,1,,,,,T
MM,AT,1, 40,1,1,,,,,Z
C
ZA,DA,2
DA,'L100007','UP',,
START_TEXT
N10G91
N11G01X0.01Y0.125
N12TC_POS_LEVEL(40.0)
N13TC_LASER_ON(1,"HS040MD0-N2S0-30-2",10,110)
N14X3.988Y-0.31
N15TC_LASER_ON(5,"HS040MD0-N2S0-30-2",0,100)
N16G03X0.404Y0.364I0.029J0.374
N17X-19.747Y0.247I-9.872J0.247
N18X19.747Y0.247I9.875J0
N19TC_LASER_OFF(1)
N20G01X-4.392Y64.452
N21TC_LASER_ON(1,"HS040MD0-N2S0-30-2",10,110)
N22X3.988Y-0.31
N23TC_LASER_ON(5,"HS040MD0-N2S0-30-2",0,100)
N24G03X0.404Y0.364I0.029J0.374
N25X-19.747Y0.247I-9.872J0.247
N26X19.747Y0.247I9.875J0
N27TC_LASER_OFF(1)
N28G01X87.561Y-41.895
N29TC_LASER_ON(1,"HS040MD0-N2S0-30-2",10,110)
N30X4
N31TC_LASER_ON(5,"HS040MD0-N2S0-30-2",0,100)
N32X28.858
N33G03Y19.75I0J9.875
N34G01X-28.954
N35G03X-26.171Y26.172I-36.046J-9.875
N36G01Y9.97
N37X-19.75
N38Y-9.97
N39G03X-26.172Y-26.172I9.875J-36.047
N40G01X-28.953
N41G03Y-19.75I0J-9.875
N42G01X28.953
N43G03X26.172Y-26.172I36.047J9.875
N44G01Y-9.97
N45X19.75
N46Y9.97
N47G03X26.146Y26.08I-9.875J36.047
N48TC_LASER_OFF(1)
N49G01X34.168Y41.439
N50TC_LASER_ON(1,"HS040MD0-N2S0-30-2",10,110)
N51X3.988Y-0.31
N52TC_LASER_ON(5,"HS040MD0-N2S0-30-2",0,100)
N53G03X0.404Y0.364I0.029J0.374
N54X-19.747Y0.247I-9.872J0.247
N55X19.747Y0.247I9.875J0
N56TC_LASER_OFF(1)
N57G01X-4.392Y-65.548
N58TC_LASER_ON(1,"HS040MD0-N2S0-30-2",10,110)
N59X3.988Y-0.31
N60TC_LASER_ON(5,"HS040MD0-N2S0-30-2",0,100)
N61G03X0.404Y0.364I0.029J0.374
N62X-19.747Y0.247I-9.872J0.247
N63X19.747Y0.247I9.875J0
N64TC_LASER_OFF(1)
N65G01X11.507Y85.074
N66TC_LASER_ON(1,"HS040MD0-N2S0-30-2",10,110)
N67X-2.911Y-2.744
N68TC_LASER_ON(5,"HS040MD0-N2S0-30-2",0,100)
N69G02X-0.525Y0.011I-0.257J0.273
N70G03X-17.943Y7.537I-17.943J-17.588
N71G01X-130
N72G03X-25.125Y-25.125I0J-25.125
N73G01Y-65
N74G03X25.125Y-25.125I25.125J0
N75G01X130
N76G03X25.125Y25.125I0J25.125
N77G01Y65
N78G03X-7.537Y17.943I-25.125J0
N79TC_LASER_OFF(1)
N80G01
N81G90
N82M17
N83M02
STOP_TEXT
C
DA,'00007','HP',,
START_TEXT
N10MSG("PROGRAM NUMBER,00007")
N11MSG("SHEET Al99 : 200.0 x 135.0 x 0.8")
N12MSG("MSG,PART #:Pieza_prueba_Maxwell_2 QTY 1")
N13G71
N14F282000
N15TC_PCS_PIERCE
N16TC_POS_LEVEL(40.0)
N17TC_SHEET_TECH("SHT-1")
N18TC_SHEET_LOAD("SHL-1")
N19TC_MICROJOINT("MIJO-1")
N20 ;GOTOF ENTRY_LASER
N21;ENTRY_LASER:
N22;(PART NUMBER: L100007  Pieza_prueba_Maxwell_2 NUMBER:1)
N23G01X40.47Y34.574
N24L100007
N25TC_LASER_OFF(2)
N26TC_PART_END(-1)
N27M30
STOP_TEXT
ENDE_PROGRAMM
ED


