BD
SET_METRIC
C
BEGIN_EINRICHTEPLAN_INFO
C
ZA,MM,2
MM,AT,1, 60,1,1,,,,,T
MM,AT,1,170,1,1,,,,,T
ZA,DA,1
C
DA,00008,1
C
ENDE_EINRICHTEPLAN_INFO
C
BEGIN_SHEET_TECH
C
ZA,MM,7
MM,AT,1,10,1,1,,,,,T
MM,AT,1,20,1,1,,,,'mm',Z
MM,AT,1,30,1,1,,,,'mm',Z
MM,AT,1,40,1,1,,,,'mm',Z
MM,AT,1,220,1,1,,,,'mm',Z
MM,AT,1,230,1,1,,,,'mm',Z
MM,AT,1,240,1,1,,'Materialkennung',,'',T
C
ZA,DA,1
DA,'SHT-1',245.3,107.0,0.8,245.3,107.0,'Al99'
C
ENDE_SHEET_TECH
C
BEGIN_SHEET_LOAD
C
ZA,MM,10
MM,AT,1,10,1,1,,'Table identifier',,,T
MM,AT,1,500,1,1,,'Loading unit',,,Z
MM,AT,1,620,1,1,,'Sheet stopper',,,Z
MM,AT,1,630,1,1,,'Measure sheet position',,,Z
MM,AT,1,640,1,1,,'Measure range in X',,'mm',Z
MM,AT,1,650,1,1,,'Measure range in Y',,'mm',Z
MM,AT,1,660,1,1,,'Calibration',,'Bool',Z
MM,AT,1,690,1,1,,'Type of pallet change',,,Z
MM,AT,1,700,1,1,,'Measuring Corner',,,Z
MM,AT,1,710,1,1,,,,,Z
C
ZA,DA,1
DA,'SHL-1',1,1,1,120.0,120.0,1,0,1,1
C
ENDE_SHEET_LOAD
C
BEGIN_LTT_CALLS
C
ZA,MM,1
MM,AT,1,10,1,1,,,,,T
C
ZA,DA,1
DA,'HS040MD0-N2S0-30-2'
C
ENDE_LTT_CALLS
C
BEGIN_MICROJOINT
C
ZA,MM,12
MM,AT,1,  10,1,1,,'Tabellenidentifikator              ',,'',T
MM,AT,1, 100,1,1,,'programmierte Microjoints aktiv    ',,'Bool',Z
MM,AT,1, 110,1,1,,'automatische Microjoints aktiv     ',,'Bool',Z
MM,AT,1, 120,1,1,,'Microjointbreite kleine Kontur     ',,'mm',Z
MM,AT,1, 130,1,1,,'Microjointbreite mittlere Kontur   ',,'mm',Z
MM,AT,1, 140,1,1,,'Microjointbreite grosse Kontur     ',,'mm',Z
MM,AT,1, 150,1,1,,'Konturausdehnung min X autom. Microjoint',,'mm',Z
MM,AT,1, 160,1,1,,'Konturausdehnung max X autom. Microjoint',,'mm',Z
MM,AT,1, 170,1,1,,'Konturausdehnung min Y autom. Microjoint',,'mm',Z
MM,AT,1, 180,1,1,,'Konturausdehnung max Y autom. Microjoint',,'mm',Z
MM,AT,1, 190,1,1,,'Einstechart nach Microjoint        ',,'',Z
MM,AT,1, 500,1,1,,'TRUMPF-Kennung                     ',,'',Z
C
ZA,DA,1
DA,'MIJO-1',1,0,0,0,1,-1,-1,-1,-1,11,1
C
ENDE_MICROJOINT
C
BEGIN_PROGRAMM
C
ZA,MM,4
MM,AT,1, 10,1,1,,,,,T
MM,AT,1, 20,1,1,,,,,T
MM,AT,1, 30,1,1,,,,,T
MM,AT,1, 40,1,1,,,,,Z
C
ZA,DA,2
DA,'L100008','UP',,
START_TEXT
N10G91
N11G01X-0.089Y0.089
N12TC_POS_LEVEL(40.0)
N13TC_LASER_ON(1,"HS040MD0-N2S0-30-2",10,110)
N14X-2.83Y-2.827
N15TC_LASER_ON(5,"HS040MD0-N2S0-30-2",0,100)
N16X-8.636Y-8.634
N17G02X-15.138Y5.812I-6.275J6.275
N18G01X-0.289Y5.588
N19X-11.489
N20X-1.47Y-12
N21X-9.779
N22X-1.47Y12
N23X-10.693
N24X-17.757Y-18.196
N25G02X-46.01Y5.984I-15.19J63.071
N26G01X-41.149Y22.212
N27X-12.156
N28Y-4
N29X-21.75
N30Y4
N31X-11.165
N32G03X34.339Y-54.987I117.04J34.876
N33G02X12.15Y-9.823I6.701J-4.138
N34G03X68.817Y-22.427I70.551J99.686
N35G02X31.531Y3.678I15.734J2.112
N36G03X78.796Y62.559I-29.797J118.435
N37G01X-16.468
N38Y8.145
N39TC_LASER_OFF(1)
N40G01
N41G90
N42M17
N43M02
STOP_TEXT
C
DA,'00008','HP',,
START_TEXT
N10MSG("PROGRAM NUMBER,00008")
N11MSG("SHEET Al99 : 245.3 x 107.0 x 0.8")
N12MSG("MSG,PART #:DXFPART7 QTY 1")
N13G71
N14F282000
N15TC_PCS_PIERCE
N16TC_POS_LEVEL(40.0)
N17TC_SHEET_TECH("SHT-1")
N18TC_SHEET_LOAD("SHL-1")
N19TC_MICROJOINT("MIJO-1")
N20 ;GOTOF ENTRY_LASER
N21;ENTRY_LASER:
N22;(PART NUMBER: L100008  DXFPART7 NUMBER:1)
N23G01X221.702Y87.086
N24L100008
N25TC_LASER_OFF(2)
N26TC_PART_END(-1)
N27M30
STOP_TEXT
ENDE_PROGRAMM
ED


