BD
SET_METRIC
C
BEGIN_EINRICHTEPLAN_INFO
C
ZA,MM,2
MM,AT,1, 60,1,1,,,,,T
MM,AT,1,170,1,1,,,,,T
ZA,DA,1
C
DA,00009,1
C
ENDE_EINRICHTEPLAN_INFO
C
BEGIN_SHEET_TECH
C
ZA,MM,7
MM,AT,1,10,1,1,,,,,T
MM,AT,1,20,1,1,,,,'mm',Z
MM,AT,1,30,1,1,,,,'mm',Z
MM,AT,1,40,1,1,,,,'mm',Z
MM,AT,1,220,1,1,,,,'mm',Z
MM,AT,1,230,1,1,,,,'mm',Z
MM,AT,1,240,1,1,,'Materialkennung',,'',T
C
ZA,DA,1
DA,'SHT-1',313.0,182.0,0.8,313.0,182.0,'Al99'
C
ENDE_SHEET_TECH
C
BEGIN_SHEET_LOAD
C
ZA,MM,10
MM,AT,1,10,1,1,,'Table identifier',,,T
MM,AT,1,500,1,1,,'Loading unit',,,Z
MM,AT,1,620,1,1,,'Sheet stopper',,,Z
MM,AT,1,630,1,1,,'Measure sheet position',,,Z
MM,AT,1,640,1,1,,'Measure range in X',,'mm',Z
MM,AT,1,650,1,1,,'Measure range in Y',,'mm',Z
MM,AT,1,660,1,1,,'Calibration',,'Bool',Z
MM,AT,1,690,1,1,,'Type of pallet change',,,Z
MM,AT,1,700,1,1,,'Measuring Corner',,,Z
MM,AT,1,710,1,1,,,,,Z
C
ZA,DA,1
DA,'SHL-1',1,1,1,120.0,120.0,1,0,1,1
C
ENDE_SHEET_LOAD
C
BEGIN_LTT_CALLS
C
ZA,MM,1
MM,AT,1,10,1,1,,,,,T
C
ZA,DA,1
DA,'HS040MD0-N2S0-30-2'
C
ENDE_LTT_CALLS
C
BEGIN_MICROJOINT
C
ZA,MM,12
MM,AT,1,  10,1,1,,'Tabellenidentifikator              ',,'',T
MM,AT,1, 100,1,1,,'programmierte Microjoints aktiv    ',,'Bool',Z
MM,AT,1, 110,1,1,,'automatische Microjoints aktiv     ',,'Bool',Z
MM,AT,1, 120,1,1,,'Microjointbreite kleine Kontur     ',,'mm',Z
MM,AT,1, 130,1,1,,'Microjointbreite mittlere Kontur   ',,'mm',Z
MM,AT,1, 140,1,1,,'Microjointbreite grosse Kontur     ',,'mm',Z
MM,AT,1, 150,1,1,,'Konturausdehnung min X autom. Microjoint',,'mm',Z
MM,AT,1, 160,1,1,,'Konturausdehnung max X autom. Microjoint',,'mm',Z
MM,AT,1, 170,1,1,,'Konturausdehnung min Y autom. Microjoint',,'mm',Z
MM,AT,1, 180,1,1,,'Konturausdehnung max Y autom. Microjoint',,'mm',Z
MM,AT,1, 190,1,1,,'Einstechart nach Microjoint        ',,'',Z
MM,AT,1, 500,1,1,,'TRUMPF-Kennung                     ',,'',Z
C
ZA,DA,1
DA,'MIJO-1',1,0,0,0,1,-1,-1,-1,-1,11,1
C
ENDE_MICROJOINT
C
BEGIN_PROGRAMM
C
ZA,MM,4
MM,AT,1, 10,1,1,,,,,T
MM,AT,1, 20,1,1,,,,,T
MM,AT,1, 30,1,1,,,,,T
MM,AT,1, 40,1,1,,,,,Z
C
ZA,DA,2
DA,'L100009','UP',,
START_TEXT
N10G91
N11G01X0.034Y0.12
N12TC_POS_LEVEL(40.0)
N13TC_LASER_ON(1,"HS040MD0-N2S0-30-2",10,110)
N14X2.456Y-0.69
N15TC_LASER_ON(5,"HS040MD0-N2S0-30-2",0,100)
N16G03X0.475Y0.33I0.102J0.361
N17X-5.94Y0.24I-2.965J0.24
N18X5.94Y0.24I2.975J0
N19TC_LASER_OFF(1)
N20G01X14.384Y-11.125
N21TC_LASER_ON(1,"HS040MD0-N2S0-30-2",10,110)
N22X1.544Y-0.654
N23TC_LASER_ON(5,"HS040MD0-N2S0-30-2",0,100)
N24G03X0.519Y0.303I0.146J0.345
N25X-4.237Y0.236I-2.112J0.236
N26X4.237Y0.236I2.125J0
N27TC_LASER_OFF(1)
N28G01X4.309Y20.45
N29TC_LASER_ON(1,"HS040MD0-N2S0-30-2",10,110)
N30X1.544Y-0.654
N31TC_LASER_ON(5,"HS040MD0-N2S0-30-2",0,100)
N32G03X0.519Y0.304I0.146J0.345
N33X-4.237Y0.235I-2.112J0.235
N34X4.237Y0.236I2.125J0
N35TC_LASER_OFF(1)
N36G01X8.025Y-6.67
N37TC_LASER_ON(1,"HS040MD0-N2S0-30-2",10,110)
N38X0.793Y-0.576
N39TC_LASER_ON(5,"HS040MD0-N2S0-30-2",0,100)
N40G03X0.591Y0.245I0.221J0.303
N41X-2.932Y0.23I-1.457J0.23
N42X2.932Y0.229I1.475J0
N43TC_LASER_OFF(1)
N44G01X8.656Y-6.65
N45TC_LASER_ON(1,"HS040MD0-N2S0-30-2",10,110)
N46X1.544Y-0.654
N47TC_LASER_ON(5,"HS040MD0-N2S0-30-2",0,100)
N48G03X0.519Y0.303I0.146J0.345
N49X-4.237Y0.236I-2.112J0.236
N50X4.237Y0.236I2.125J0
N51TC_LASER_OFF(1)
N52G01X8.927Y8.153
N53TC_LASER_ON(1,"HS040MD0-N2S0-30-2",10,110)
N54X2.961Y-2.689
N55TC_LASER_ON(5,"HS040MD0-N2S0-30-2",0,100)
N56G03X0.556Y0.057I0.252J0.277
N57X-1.296Y6.945I-3.951J2.857
N58G01X-27.257Y17.701
N59G03X-5.31Y-8.177I-2.655J-4.089
N60G01X27.257Y-17.701
N61G03X6.871Y1.641I2.655J4.089
N62TC_LASER_OFF(1)
N63G01X5.728Y-13.551
N64TC_LASER_ON(1,"HS040MD0-N2S0-30-2",10,110)
N65X1.544Y-0.654
N66TC_LASER_ON(5,"HS040MD0-N2S0-30-2",0,100)
N67G03X0.519Y0.303I0.146J0.345
N68X-4.237Y0.236I-2.112J0.236
N69X4.237Y0.236I2.125J0
N70TC_LASER_OFF(1)
N71G01X3.231Y40.679
N72TC_LASER_ON(1,"HS040MD0-N2S0-30-2",10,110)
N73X2.817
N74TC_LASER_ON(5,"HS040MD0-N2S0-30-2",0,100)
N75G02X0.365Y-0.365I0J-0.365
N76G01Y-5.125
N77X-6.25
N78Y9.75
N79X6.25
N80Y-5.125
N81TC_LASER_OFF(1)
N82X-31.941Y36.556
N83TC_LASER_ON(1,"HS040MD0-N2S0-30-2",10,110)
N84X0.188Y-0.189
N85TC_LASER_ON(5,"HS040MD0-N2S0-30-2",0,100)
N86G03X0.066I0.033J0.033
N87G01X2.545Y2.546
N88G03X-0.388Y0.388I-0.194J0.194
N89G01X-4.738Y-4.737
N90G03X0.389Y-0.389I0.194J-0.195
N91G01X2.545Y2.546
N92TC_LASER_OFF(1)
N93X-34.257Y-38.151
N94TC_LASER_ON(1,"HS040MD0-N2S0-30-2",10,110)
N95X2.456Y-0.69
N96TC_LASER_ON(5,"HS040MD0-N2S0-30-2",0,100)
N97G03X0.475Y0.33I0.102J0.361
N98X-5.94Y0.24I-2.965J0.24
N99X5.94Y0.24I2.975J0
N100TC_LASER_OFF(1)
N101G01X71.101Y70.366
N102TC_LASER_ON(1,"HS040MD0-N2S0-30-2",10,110)
N103X0.974Y-0.603
N104TC_LASER_ON(5,"HS040MD0-N2S0-30-2",0,100)
N105G03X0.568Y0.266I0.197J0.319
N106X-3.233Y0.231I-1.608J0.231
N107X3.233Y0.231I1.625J0
N108TC_LASER_OFF(1)
N109G01X38.688Y0.765
N110TC_LASER_ON(1,"HS040MD0-N2S0-30-2",10,110)
N111Y-0.266
N112TC_LASER_ON(5,"HS040MD0-N2S0-30-2",0,100)
N113G02X-0.046Y-0.047I-0.046J0
N114G01X-3.6
N115G02Y0.55I0J0.275
N116G01X6.7
N117G02Y-0.55I0J-0.275
N118G01X-3.6
N119TC_LASER_OFF(1)
N120X40.316Y-0.577
N121TC_LASER_ON(1,"HS040MD0-N2S0-30-2",10,110)
N122X0.974Y-0.603
N123TC_LASER_ON(5,"HS040MD0-N2S0-30-2",0,100)
N124G03X0.568Y0.266I0.197J0.319
N125X-3.233Y0.231I-1.608J0.231
N126X3.233Y0.231I1.625J0
N127TC_LASER_OFF(1)
N128G01X38.235Y-32.26
N129TC_LASER_ON(1,"HS040MD0-N2S0-30-2",10,110)
N130X0.189Y0.188
N131TC_LASER_ON(5,"HS040MD0-N2S0-30-2",0,100)
N132G02X0.066I0.033J-0.032
N133G01X2.545Y-2.545
N134G02X-0.389Y-0.389I-0.194J-0.195
N135G01X-4.737Y4.738
N136G02X0.388Y0.388I0.194J0.194
N137G01X2.546Y-2.545
N138TC_LASER_OFF(1)
N139X-29.008Y-35.891
N140TC_LASER_ON(1,"HS040MD0-N2S0-30-2",10,110)
N141X2.817
N142TC_LASER_ON(5,"HS040MD0-N2S0-30-2",0,100)
N143G02X0.365Y-0.365I0J-0.365
N144G01Y-5.125
N145X-6.25
N146Y9.75
N147X6.25
N148Y-5.125
N149TC_LASER_OFF(1)
N150X59.409Y-1.43
N151TC_LASER_ON(1,"HS040MD0-N2S0-30-2",10,110)
N152X2.456Y-0.69
N153TC_LASER_ON(5,"HS040MD0-N2S0-30-2",0,100)
N154G03X0.475Y0.33I0.102J0.361
N155X-5.94Y0.24I-2.965J0.24
N156X5.94Y0.24I2.975J0
N157TC_LASER_OFF(1)
N158G01X4.269Y-27.62
N159TC_LASER_ON(1,"HS040MD0-N2S0-30-2",10,110)
N160X2.456Y-0.69
N161TC_LASER_ON(5,"HS040MD0-N2S0-30-2",0,100)
N162G03X0.475Y0.33I0.102J0.361
N163X-5.94Y0.24I-2.965J0.24
N164X5.94Y0.24I2.975J0
N165TC_LASER_OFF(1)
N166G01X-55.978Y-40.151
N167TC_LASER_ON(1,"HS040MD0-N2S0-30-2",10,110)
N168X0.413Y-0.403
N169TC_LASER_ON(5,"HS040MD0-N2S0-30-2",0,100)
N170G03X0.348Y0.098I0.146J0.149
N171X-1.723Y0.216I-0.848J0.216
N172X1.723Y0.216I0.875J0
N173TC_LASER_OFF(1)
N174G01X-4.161Y-0.127
N175TC_LASER_ON(1,"HS040MD0-N2S0-30-2",10,110)
N176X0.413Y-0.403
N177TC_LASER_ON(5,"HS040MD0-N2S0-30-2",0,100)
N178G03X0.348Y0.098I0.146J0.149
N179X-1.723Y0.216I-0.848J0.216
N180X1.723Y0.216I0.875J0
N181TC_LASER_OFF(1)
N182G01X-4.161Y-0.127
N183TC_LASER_ON(1,"HS040MD0-N2S0-30-2",10,110)
N184X0.413Y-0.403
N185TC_LASER_ON(5,"HS040MD0-N2S0-30-2",0,100)
N186G03X0.348Y0.098I0.146J0.149
N187X-1.723Y0.216I-0.848J0.216
N188X1.723Y0.216I0.875J0
N189TC_LASER_OFF(1)
N190G01X-4.161Y-0.127
N191TC_LASER_ON(1,"HS040MD0-N2S0-30-2",10,110)
N192X0.413Y-0.403
N193TC_LASER_ON(5,"HS040MD0-N2S0-30-2",0,100)
N194G03X0.348Y0.098I0.146J0.149
N195X-1.723Y0.216I-0.848J0.216
N196X1.723Y0.216I0.875J0
N197TC_LASER_OFF(1)
N198G01X77.177Y38.284
N199TC_LASER_ON(1,"HS040MD0-N2S0-30-2",10,110)
N200Y-4
N201TC_LASER_ON(5,"HS040MD0-N2S0-30-2",0,100)
N202Y-12.375
N203X10.7
N204Y-16.75
N205X-9.5
N206Y-13
N207X-10.8
N208Y-2.5
N209X-50.45
N210Y10
N211X-6.25
N212Y-10
N213X-13.25
N214Y10
N215X-6.25
N216Y-10
N217X-100.75
N218Y12
N219X-59.75
N220Y-12
N221X-15.95
N222Y2.5
N223X-10.8
N224Y13
N225X-9.5
N226Y16.75
N227X10.7
N228Y12.5
N229X9.6
N230Y11.927
N231X7.2Y7.2
N232Y29.3
N233X59.573Y59.573
N234X23.927
N235Y9.5
N236X71.25
N237Y-9.5
N238X23.927
N239X59.573Y-59.573
N240Y-29.3
N241X7.2Y-7.2
N242Y-11.927
N243X9.475
N244TC_LASER_OFF(1)
N245G01
N246G90
N247M17
N248M02
STOP_TEXT
C
DA,'00009','HP',,
START_TEXT
N10MSG("PROGRAM NUMBER,00009")
N11MSG("SHEET Al99 : 313.0 x 182.0 x 0.8")
N12MSG("MSG,PART #:DXFPUNC0 QTY 1")
N13G71
N14F282000
N15TC_PCS_PIERCE
N16TC_POS_LEVEL(40.0)
N17TC_SHEET_TECH("SHT-1")
N18TC_SHEET_LOAD("SHL-1")
N19TC_MICROJOINT("MIJO-1")
N20 ;GOTOF ENTRY_LASER
N21;ENTRY_LASER:
N22;(PART NUMBER: L100009  DXFPUNC0 NUMBER:1)
N23G01X35.3Y60
N24L100009
N25TC_LASER_OFF(2)
N26TC_PART_END(-1)
N27M30
STOP_TEXT
ENDE_PROGRAMM
ED


