BD
SET_METRIC
C
BEGIN_EINRICHTEPLAN_INFO
C
ZA,MM,2
MM,AT,1, 60,1,1,,,,,T
MM,AT,1,170,1,1,,,,,T
ZA,DA,1
C
DA,00010,1
C
ENDE_EINRICHTEPLAN_INFO
C
BEGIN_SHEET_TECH
C
ZA,MM,7
MM,AT,1,10,1,1,,,,,T
MM,AT,1,20,1,1,,,,'mm',Z
MM,AT,1,30,1,1,,,,'mm',Z
MM,AT,1,40,1,1,,,,'mm',Z
MM,AT,1,220,1,1,,,,'mm',Z
MM,AT,1,230,1,1,,,,'mm',Z
MM,AT,1,240,1,1,,'Materialkennung',,'',T
C
ZA,DA,1
DA,'SHT-1',223.3,195.3,0.8,223.3,195.3,'Al99'
C
ENDE_SHEET_TECH
C
BEGIN_SHEET_LOAD
C
ZA,MM,10
MM,AT,1,10,1,1,,'Table identifier',,,T
MM,AT,1,500,1,1,,'Loading unit',,,Z
MM,AT,1,620,1,1,,'Sheet stopper',,,Z
MM,AT,1,630,1,1,,'Measure sheet position',,,Z
MM,AT,1,640,1,1,,'Measure range in X',,'mm',Z
MM,AT,1,650,1,1,,'Measure range in Y',,'mm',Z
MM,AT,1,660,1,1,,'Calibration',,'Bool',Z
MM,AT,1,690,1,1,,'Type of pallet change',,,Z
MM,AT,1,700,1,1,,'Measuring Corner',,,Z
MM,AT,1,710,1,1,,,,,Z
C
ZA,DA,1
DA,'SHL-1',1,1,1,120.0,120.0,1,0,1,1
C
ENDE_SHEET_LOAD
C
BEGIN_LTT_CALLS
C
ZA,MM,1
MM,AT,1,10,1,1,,,,,T
C
ZA,DA,1
DA,'HS040MD0-N2S0-30-2'
C
ENDE_LTT_CALLS
C
BEGIN_MICROJOINT
C
ZA,MM,12
MM,AT,1,  10,1,1,,'Tabellenidentifikator              ',,'',T
MM,AT,1, 100,1,1,,'programmierte Microjoints aktiv    ',,'Bool',Z
MM,AT,1, 110,1,1,,'automatische Microjoints aktiv     ',,'Bool',Z
MM,AT,1, 120,1,1,,'Microjointbreite kleine Kontur     ',,'mm',Z
MM,AT,1, 130,1,1,,'Microjointbreite mittlere Kontur   ',,'mm',Z
MM,AT,1, 140,1,1,,'Microjointbreite grosse Kontur     ',,'mm',Z
MM,AT,1, 150,1,1,,'Konturausdehnung min X autom. Microjoint',,'mm',Z
MM,AT,1, 160,1,1,,'Konturausdehnung max X autom. Microjoint',,'mm',Z
MM,AT,1, 170,1,1,,'Konturausdehnung min Y autom. Microjoint',,'mm',Z
MM,AT,1, 180,1,1,,'Konturausdehnung max Y autom. Microjoint',,'mm',Z
MM,AT,1, 190,1,1,,'Einstechart nach Microjoint        ',,'',Z
MM,AT,1, 500,1,1,,'TRUMPF-Kennung                     ',,'',Z
C
ZA,DA,1
DA,'MIJO-1',1,0,0,0,1,-1,-1,-1,-1,11,1
C
ENDE_MICROJOINT
C
BEGIN_PROGRAMM
C
ZA,MM,4
MM,AT,1, 10,1,1,,,,,T
MM,AT,1, 20,1,1,,,,,T
MM,AT,1, 30,1,1,,,,,T
MM,AT,1, 40,1,1,,,,,Z
C
ZA,DA,2
DA,'L100010','UP',,
START_TEXT
N10G91
N11G01X-0.046Y0.116
N12TC_POS_LEVEL(40.0)
N13TC_LASER_ON(1,"HS040MD0-N2S0-30-2",10,110)
N14X3.717Y1.476
N15TC_LASER_ON(5,"HS040MD0-N2S0-30-2",0,100)
N16G03X0.195Y0.521I-0.138J0.349
N17X-7.46Y2.182I-4.772J-2.473
N18X-44.426Y-44.426I60.688J-105.114
N19X9.31Y-5.375I4.655J-2.688
N20G02X40.491Y40.491I95.804J-55.313
N21G03X1.841Y7.551I-2.687J4.655
N22TC_LASER_OFF(1)
N23G01X43.494Y36.268
N24TC_LASER_ON(1,"HS040MD0-N2S0-30-2",10,110)
N25X3.904Y-0.714
N26TC_LASER_ON(5,"HS040MD0-N2S0-30-2",0,100)
N27G03X0.442Y0.348I0.067J0.369
N28X-8.743Y0.243I-4.368J0.243
N29X8.743Y0.243I4.375J0
N30TC_LASER_OFF(1)
N31G01X15.654Y-0.12
N32TC_LASER_ON(1,"HS040MD0-N2S0-30-2",10,110)
N33X3.904Y-0.714
N34TC_LASER_ON(5,"HS040MD0-N2S0-30-2",0,100)
N35G03X0.442Y0.348I0.067J0.369
N36X-8.743Y0.243I-4.368J0.243
N37X8.743Y0.243I4.375J0
N38TC_LASER_OFF(1)
N39G01X-4.346Y20.88
N40TC_LASER_ON(1,"HS040MD0-N2S0-30-2",10,110)
N41X3.904Y-0.714
N42TC_LASER_ON(5,"HS040MD0-N2S0-30-2",0,100)
N43G03X0.442Y0.348I0.067J0.369
N44X-8.743Y0.243I-4.368J0.243
N45X8.743Y0.243I4.375J0
N46TC_LASER_OFF(1)
N47G01X-24.346Y-0.12
N48TC_LASER_ON(1,"HS040MD0-N2S0-30-2",10,110)
N49X3.904Y-0.714
N50TC_LASER_ON(5,"HS040MD0-N2S0-30-2",0,100)
N51G03X0.442Y0.348I0.067J0.369
N52X-8.743Y0.243I-4.368J0.243
N53X8.743Y0.243I4.375J0
N54TC_LASER_OFF(1)
N55G01X-4.346Y35.38
N56TC_LASER_ON(1,"HS040MD0-N2S0-30-2",10,110)
N57X3.904Y-0.714
N58TC_LASER_ON(5,"HS040MD0-N2S0-30-2",0,100)
N59G03X0.442Y0.348I0.067J0.369
N60X-8.743Y0.243I-4.368J0.243
N61X8.743Y0.243I4.375J0
N62TC_LASER_OFF(1)
N63G01X15.654Y-0.12
N64TC_LASER_ON(1,"HS040MD0-N2S0-30-2",10,110)
N65X3.904Y-0.714
N66TC_LASER_ON(5,"HS040MD0-N2S0-30-2",0,100)
N67G03X0.442Y0.348I0.067J0.369
N68X-8.743Y0.243I-4.368J0.243
N69X8.743Y0.243I4.375J0
N70TC_LASER_OFF(1)
N71G01X44.474Y-96.291
N72TC_LASER_ON(1,"HS040MD0-N2S0-30-2",10,110)
N73X3.137Y-2.481
N74TC_LASER_ON(5,"HS040MD0-N2S0-30-2",0,100)
N75G03X0.549Y0.092I0.233J0.294
N76X-1.841Y7.551I-4.528J2.896
N77X-60.687Y16.261I-60.687J-105.114
N78Y-10.75I0J-5.375
N79G02X55.312Y-14.821I0J-110.625
N80G03X7.46Y2.182I2.688J4.655
N81TC_LASER_OFF(1)
N82G01X-38.026Y50.079
N83TC_LASER_ON(1,"HS040MD0-N2S0-30-2",10,110)
N84X-3.943Y-0.671
N85TC_LASER_ON(5,"HS040MD0-N2S0-30-2",0,100)
N86G03X-0.305Y-0.442I0.063J-0.369
N87X14.405Y-15.378I19.502J3.833
N88G02X43.518Y-20.308I-34.903J-131.574
N89X0.906Y-4.117I-1.8J-2.554
N90G01X-17.094Y-29.607
N91G02X-4.585Y-0.934I-2.706J1.563
N92G03X-145.877Y-39.088I-57.648J-76.608
N93G02X-4.438Y-1.483I-2.876J1.223
N94G01X-29.608Y17.093
N95G02X-1.273Y4.019I1.563J2.707
N96X88.644Y74.425I123.548J-57.149
N97G03X14.779Y19.211I-5.096J19.211
N98G01Y57.215
N99G02X3.125Y3.125I3.125J0
N100G01X34
N101G02X3.125Y-3.125I0J-3.125
N102G01Y-57.215
N103G03X0.475Y-4.319I19.875J0
N104TC_LASER_OFF(1)
N105G01
N106G90
N107M17
N108M02
STOP_TEXT
C
DA,'00010','HP',,
START_TEXT
N10MSG("PROGRAM NUMBER,00010")
N11MSG("SHEET Al99 : 223.3 x 195.3 x 0.8")
N12MSG("MSG,PART #:DXFPAR0105 QTY 1")
N13G71
N14F282000
N15TC_PCS_PIERCE
N16TC_POS_LEVEL(40.0)
N17TC_SHEET_TECH("SHT-1")
N18TC_SHEET_LOAD("SHL-1")
N19TC_MICROJOINT("MIJO-1")
N20 ;GOTOF ENTRY_LASER
N21;ENTRY_LASER:
N22;(PART NUMBER: L100010  DXFPAR0105 NUMBER:1)
N23G01X76.618Y75.076
N24L100010
N25TC_LASER_OFF(2)
N26TC_PART_END(-1)
N27M30
STOP_TEXT
ENDE_PROGRAMM
ED


