BD
SET_METRIC
C
BEGIN_EINRICHTEPLAN_INFO
C
ZA,MM,2
MM,AT,1, 60,1,1,,,,,T
MM,AT,1,170,1,1,,,,,T
ZA,DA,1
C
DA,0000012,1
C
ENDE_EINRICHTEPLAN_INFO
C
BEGIN_SHEET_TECH
C
ZA,MM,7
MM,AT,1,10,1,1,,,,,T
MM,AT,1,20,1,1,,,,'mm',Z
MM,AT,1,30,1,1,,,,'mm',Z
MM,AT,1,40,1,1,,,,'mm',Z
MM,AT,1,220,1,1,,,,'mm',Z
MM,AT,1,230,1,1,,,,'mm',Z
MM,AT,1,240,1,1,,'Materialkennung',,'',T
C
ZA,DA,1
DA,'SHT-1',200.0,135.0,0.8,200.0,135.0,'Al99'
C
ENDE_SHEET_TECH
C
BEGIN_SHEET_LOAD
C
ZA,MM,10
MM,AT,1,10,1,1,,'Table identifier',,,T
MM,AT,1,500,1,1,,'Loading unit',,,Z
MM,AT,1,620,1,1,,'Sheet stopper',,,Z
MM,AT,1,630,1,1,,'Measure sheet position',,,Z
MM,AT,1,640,1,1,,'Measure range in X',,'mm',Z
MM,AT,1,650,1,1,,'Measure range in Y',,'mm',Z
MM,AT,1,660,1,1,,'Calibration',,'Bool',Z
MM,AT,1,690,1,1,,'Type of pallet change',,,Z
MM,AT,1,700,1,1,,'Measuring Corner',,,Z
MM,AT,1,710,1,1,,,,,Z
C
ZA,DA,1
DA,'SHL-1',5,1,0,50.0,50.0,1,0,1,1
C
ENDE_SHEET_LOAD
C
BEGIN_LTT_CALLS
C
ZA,MM,1
MM,AT,1,10,1,1,,,,,T
C
ZA,DA,1
DA,'SS013MD0-N2S0-30-2'
C
ENDE_LTT_CALLS
C
BEGIN_MICROJOINT
C
ZA,MM,12
MM,AT,1,  10,1,1,,'Tabellenidentifikator              ',,'',T
MM,AT,1, 100,1,1,,'programmierte Microjoints aktiv    ',,'Bool',Z
MM,AT,1, 110,1,1,,'automatische Microjoints aktiv     ',,'Bool',Z
MM,AT,1, 120,1,1,,'Microjointbreite kleine Kontur     ',,'mm',Z
MM,AT,1, 130,1,1,,'Microjointbreite mittlere Kontur   ',,'mm',Z
MM,AT,1, 140,1,1,,'Microjointbreite grosse Kontur     ',,'mm',Z
MM,AT,1, 150,1,1,,'Konturausdehnung min X autom. Microjoint',,'mm',Z
MM,AT,1, 160,1,1,,'Konturausdehnung max X autom. Microjoint',,'mm',Z
MM,AT,1, 170,1,1,,'Konturausdehnung min Y autom. Microjoint',,'mm',Z
MM,AT,1, 180,1,1,,'Konturausdehnung max Y autom. Microjoint',,'mm',Z
MM,AT,1, 190,1,1,,'Einstechart nach Microjoint        ',,'',Z
MM,AT,1, 500,1,1,,'TRUMPF-Kennung                     ',,'',Z
C
ZA,DA,1
DA,'MIJO-1',1,0,0,0,1,-1,-1,-1,-1,11,1
C
ENDE_MICROJOINT
C
BEGIN_PROGRAMM
C
ZA,MM,4
MM,AT,1, 10,1,1,,,,,T
MM,AT,1, 20,1,1,,,,,T
MM,AT,1, 30,1,1,,,,,T
MM,AT,1, 40,1,1,,,,,Z
C
ZA,DA,2
DA,'L10000012','UP',,
START_TEXT
N10G91
N20G01X13.949Y25.211
N30TC_POS_LEVEL(40.0)
N40TC_LASER_ON(1,"SS013MD0-N2S0-30-2",10,100)
N50X-0.161Y-3.997
N60G03X0.021Y-0.054I0.075J-0.003
N70X14.209Y13.858I7.191J6.84
N80X-13.858Y-14.209I-7.018J-7.018
N90TC_LASER_OFF(1)
N100G01X0.173Y43.431
N110TC_LASER_ON(1,"SS013MD0-N2S0-30-2",10,100)
N120X-2.94Y-2.712
N130G03X-0.024Y-0.053I0.051J-0.055
N140X9.922Y-10.173I9.922J-0.248
N150G01X28.547
N160G02X0.466Y-0.352I0J-0.485
N170G03X25.71Y-25.71I35.987J10.277
N180G02X0.352Y-0.466I-0.133J-0.466
N190G01Y-9.099
N200G03X0.515Y-0.515I0.515J0
N210G01X18.82
N220G03X0.515Y0.515I0J0.515
N230G01Y9.099
N240G02X0.351Y0.466I0.485J0
N250G03X25.71Y25.71I-10.276J35.987
N260G02X0.466Y0.352I0.466J-0.133
N270G01X28.548
N280G03Y19.85I0J9.925
N290G01X-28.548
N300G02X-0.466Y0.352I0J0.485
N310G03X-25.71Y25.709I-35.986J-10.277
N320G02X-0.351Y0.466I0.134J0.466
N330G01Y9.1
N340G03X-0.515Y0.515I-0.515J0
N350G01X-18.82
N360G03X-0.515Y-0.515I0J-0.515
N370G01Y-9.1
N380G02X-0.352Y-0.466I-0.485J0
N390G03X-25.71Y-25.709I10.277J-35.986
N400G02X-0.466Y-0.352I-0.466J0.133
N410G01X-28.547
N420G03X-9.922Y-10.173I0J-9.925
N430TC_LASER_OFF(1)
N440G01X2.58Y29.232
N450TC_LASER_ON(1,"SS013MD0-N2S0-30-2",10,100)
N460X-0.161Y-3.997
N470G03X0.021Y-0.054I0.075J-0.003
N480X14.209Y13.858I7.191J6.84
N490X-13.858Y-14.209I-7.018J-7.018
N500TC_LASER_OFF(1)
N510G01X129.789Y4.402
N520TC_LASER_ON(1,"SS013MD0-N2S0-30-2",10,100)
N530X-0.161Y-3.997
N540G03X0.021Y-0.054I0.075J-0.003
N550X14.209Y13.858I7.191J6.84
N560X-13.858Y-14.209I-7.018J-7.018
N570TC_LASER_OFF(1)
N580G01X-0.211Y-60.598
N590TC_LASER_ON(1,"SS013MD0-N2S0-30-2",10,100)
N600X-0.161Y-3.997
N610G03X0.021Y-0.054I0.075J-0.003
N620X14.209Y13.858I7.191J6.84
N630X-13.858Y-14.209I-7.018J-7.018
N640TC_LASER_OFF(1)
N650G01
N660G90
N670M17
N680M02
STOP_TEXT
C
DA,'0000012','HP',,
START_TEXT
N10MSG("PROGRAM NUMBER,0000012")
N20MSG("SHEET Al99 : 200.0 x 135.0 x 0.8")
N30MSG("MSG,PART #:Pieza_prueba_Maxwell_2 QTY 1")
N40G71
N50F100000
N60TC_POS_LEVEL(40.0)
N70TC_SHEET_TECH("SHT-1")
N80TC_SHEET_LOAD("SHL-1")
N90TC_MICROJOINT("MIJO-1")
N100 ;GOTOF ENTRY_LASER
N110;ENTRY_LASER:
N120;(PART NUMBER: L10000012  Pieza_prueba_Maxwell_2 NUMBER:1)
N130G01X14Y7
N140L10000012
N150TC_LASER_OFF(2)
N160M30
STOP_TEXT
ENDE_PROGRAMM
ED


