BD
SET_METRIC
C
BEGIN_EINRICHTEPLAN_INFO
C
ZA,MM,2
MM,AT,1, 60,1,1,,,,,T
MM,AT,1,170,1,1,,,,,T
ZA,DA,1
C
DA,0000013,1
C
ENDE_EINRICHTEPLAN_INFO
C
BEGIN_SHEET_TECH
C
ZA,MM,7
MM,AT,1,10,1,1,,,,,T
MM,AT,1,20,1,1,,,,'mm',Z
MM,AT,1,30,1,1,,,,'mm',Z
MM,AT,1,40,1,1,,,,'mm',Z
MM,AT,1,220,1,1,,,,'mm',Z
MM,AT,1,230,1,1,,,,'mm',Z
MM,AT,1,240,1,1,,'Materialkennung',,'',T
C
ZA,DA,1
DA,'SHT-1',244.9,107.0,0.8,244.9,107.0,'Al99'
C
ENDE_SHEET_TECH
C
BEGIN_SHEET_LOAD
C
ZA,MM,10
MM,AT,1,10,1,1,,'Table identifier',,,T
MM,AT,1,500,1,1,,'Loading unit',,,Z
MM,AT,1,620,1,1,,'Sheet stopper',,,Z
MM,AT,1,630,1,1,,'Measure sheet position',,,Z
MM,AT,1,640,1,1,,'Measure range in X',,'mm',Z
MM,AT,1,650,1,1,,'Measure range in Y',,'mm',Z
MM,AT,1,660,1,1,,'Calibration',,'Bool',Z
MM,AT,1,690,1,1,,'Type of pallet change',,,Z
MM,AT,1,700,1,1,,'Measuring Corner',,,Z
MM,AT,1,710,1,1,,,,,Z
C
ZA,DA,1
DA,'SHL-1',5,1,0,50.0,50.0,1,0,1,1
C
ENDE_SHEET_LOAD
C
BEGIN_LTT_CALLS
C
ZA,MM,1
MM,AT,1,10,1,1,,,,,T
C
ZA,DA,1
DA,'SS013MD0-N2S0-30-2'
C
ENDE_LTT_CALLS
C
BEGIN_MICROJOINT
C
ZA,MM,12
MM,AT,1,  10,1,1,,'Tabellenidentifikator              ',,'',T
MM,AT,1, 100,1,1,,'programmierte Microjoints aktiv    ',,'Bool',Z
MM,AT,1, 110,1,1,,'automatische Microjoints aktiv     ',,'Bool',Z
MM,AT,1, 120,1,1,,'Microjointbreite kleine Kontur     ',,'mm',Z
MM,AT,1, 130,1,1,,'Microjointbreite mittlere Kontur   ',,'mm',Z
MM,AT,1, 140,1,1,,'Microjointbreite grosse Kontur     ',,'mm',Z
MM,AT,1, 150,1,1,,'Konturausdehnung min X autom. Microjoint',,'mm',Z
MM,AT,1, 160,1,1,,'Konturausdehnung max X autom. Microjoint',,'mm',Z
MM,AT,1, 170,1,1,,'Konturausdehnung min Y autom. Microjoint',,'mm',Z
MM,AT,1, 180,1,1,,'Konturausdehnung max Y autom. Microjoint',,'mm',Z
MM,AT,1, 190,1,1,,'Einstechart nach Microjoint        ',,'',Z
MM,AT,1, 500,1,1,,'TRUMPF-Kennung                     ',,'',Z
C
ZA,DA,1
DA,'MIJO-1',1,0,0,0,1,-1,-1,-1,-1,11,1
C
ENDE_MICROJOINT
C
BEGIN_PROGRAMM
C
ZA,MM,4
MM,AT,1, 10,1,1,,,,,T
MM,AT,1, 20,1,1,,,,,T
MM,AT,1, 30,1,1,,,,,T
MM,AT,1, 40,1,1,,,,,Z
C
ZA,DA,2
DA,'L10000013','UP',,
START_TEXT
N10G91
N20G01X8.468Y56.106
N30TC_POS_LEVEL(40.0)
N40TC_LASER_ON(1,"SS013MD0-N2S0-30-2",10,100)
N50X0.887Y3.9
N60G03X-0.01Y0.057I-0.074J0.017
N70G02X-13.399Y29.363I103.385J64.915
N80X0.464Y0.627I0.464J0.142
N90G01X9.91
N100G02X0.485Y-0.485I0J-0.485
N110G01Y-3
N120G03X0.515Y-0.515I0.515J0
N130G01X20.82
N140G03X0.515Y0.515I0J0.515
N150G01Y3
N160G02X0.485Y0.485I0.485J0
N170G01X11.486
N180G02X0.23Y-0.059I0J-0.485
N190G01X41.031Y-22.148
N200G03X45.913Y-6.02I30.843J57.131
N210X0.249Y0.141I-0.119J0.501
N220G01X17.506Y17.939
N230G02X0.347Y0.147I0.347J-0.338
N240G01X9.995
N250G02X0.481Y-0.426I0J-0.485
N260G01X1.363Y-11.122
N270G03X0.511Y-0.452I0.511J0.063
N280G01X8.956
N290G03X0.511Y0.452I0J0.515
N300G01X1.362Y11.122
N310G02X0.481Y0.426I0.481J-0.059
N320G01X10.508
N330G02X0.484Y-0.461I0J-0.485
N340G01X0.263Y-5.08
N350G03X15.224Y-5.845I8.913J0.466
N360G01X7.936Y7.935
N370G02X0.828Y-0.343I0.343J-0.343
N380G01Y-6.691
N390G03X0.515Y-0.515I0.515J0
N400G01X15.122
N410G02X0.43Y-0.71I0J-0.485
N420X-77.765Y-61.6I-108.142J56.635
N430X-0.601Y0.403I-0.12J0.469
N440G03X-31.629Y-3.69I-15.776J-2.168
N450G02X-0.492Y-0.531I-0.482J-0.046
N460X-67.665Y22.048I2.345J122.053
N470X-0.084Y0.721I0.278J0.397
N480G03X-12.31Y9.953I-5.906J5.284
N490G02X-0.722Y-0.07I-0.392J0.285
N500X-20.524Y24.91I83.126J89.401
N510TC_LASER_OFF(1)
N520G01
N530G90
N540M17
N550M02
STOP_TEXT
C
DA,'0000013','HP',,
START_TEXT
N10MSG("PROGRAM NUMBER,0000013")
N20MSG("SHEET Al99 : 244.9 x 107.0 x 0.8")
N30MSG("MSG,PART #:DXFPART7 QTY 1")
N40G71
N50F100000
N60TC_POS_LEVEL(40.0)
N70TC_SHEET_TECH("SHT-1")
N80TC_SHEET_LOAD("SHL-1")
N90TC_MICROJOINT("MIJO-1")
N100 ;GOTOF ENTRY_LASER
N110;ENTRY_LASER:
N120;(PART NUMBER: L10000013  DXFPART7 NUMBER:1)
N130G01X14Y7
N140L10000013
N150TC_LASER_OFF(2)
N160M30
STOP_TEXT
ENDE_PROGRAMM
ED


