BD
SET_METRIC
C
BEGIN_EINRICHTEPLAN_INFO
C
ZA,MM,2
MM,AT,1, 60,1,1,,,,,T
MM,AT,1,170,1,1,,,,,T
ZA,DA,1
C
DA,0000014,1
C
ENDE_EINRICHTEPLAN_INFO
C
BEGIN_SHEET_TECH
C
ZA,MM,7
MM,AT,1,10,1,1,,,,,T
MM,AT,1,20,1,1,,,,'mm',Z
MM,AT,1,30,1,1,,,,'mm',Z
MM,AT,1,40,1,1,,,,'mm',Z
MM,AT,1,220,1,1,,,,'mm',Z
MM,AT,1,230,1,1,,,,'mm',Z
MM,AT,1,240,1,1,,'Materialkennung',,'',T
C
ZA,DA,1
DA,'SHT-1',313.0,182.0,0.8,313.0,182.0,'Al99'
C
ENDE_SHEET_TECH
C
BEGIN_SHEET_LOAD
C
ZA,MM,10
MM,AT,1,10,1,1,,'Table identifier',,,T
MM,AT,1,500,1,1,,'Loading unit',,,Z
MM,AT,1,620,1,1,,'Sheet stopper',,,Z
MM,AT,1,630,1,1,,'Measure sheet position',,,Z
MM,AT,1,640,1,1,,'Measure range in X',,'mm',Z
MM,AT,1,650,1,1,,'Measure range in Y',,'mm',Z
MM,AT,1,660,1,1,,'Calibration',,'Bool',Z
MM,AT,1,690,1,1,,'Type of pallet change',,,Z
MM,AT,1,700,1,1,,'Measuring Corner',,,Z
MM,AT,1,710,1,1,,,,,Z
C
ZA,DA,1
DA,'SHL-1',5,1,0,50.0,50.0,1,0,1,1
C
ENDE_SHEET_LOAD
C
BEGIN_LTT_CALLS
C
ZA,MM,1
MM,AT,1,10,1,1,,,,,T
C
ZA,DA,1
DA,'SS013MD0-N2S0-30-2'
C
ENDE_LTT_CALLS
C
BEGIN_MICROJOINT
C
ZA,MM,12
MM,AT,1,  10,1,1,,'Tabellenidentifikator              ',,'',T
MM,AT,1, 100,1,1,,'programmierte Microjoints aktiv    ',,'Bool',Z
MM,AT,1, 110,1,1,,'automatische Microjoints aktiv     ',,'Bool',Z
MM,AT,1, 120,1,1,,'Microjointbreite kleine Kontur     ',,'mm',Z
MM,AT,1, 130,1,1,,'Microjointbreite mittlere Kontur   ',,'mm',Z
MM,AT,1, 140,1,1,,'Microjointbreite grosse Kontur     ',,'mm',Z
MM,AT,1, 150,1,1,,'Konturausdehnung min X autom. Microjoint',,'mm',Z
MM,AT,1, 160,1,1,,'Konturausdehnung max X autom. Microjoint',,'mm',Z
MM,AT,1, 170,1,1,,'Konturausdehnung min Y autom. Microjoint',,'mm',Z
MM,AT,1, 180,1,1,,'Konturausdehnung max Y autom. Microjoint',,'mm',Z
MM,AT,1, 190,1,1,,'Einstechart nach Microjoint        ',,'',Z
MM,AT,1, 500,1,1,,'TRUMPF-Kennung                     ',,'',Z
C
ZA,DA,1
DA,'MIJO-1',1,0,0,0,1,-1,-1,-1,-1,11,1
C
ENDE_MICROJOINT
C
BEGIN_PROGRAMM
C
ZA,MM,4
MM,AT,1, 10,1,1,,,,,T
MM,AT,1, 20,1,1,,,,,T
MM,AT,1, 30,1,1,,,,,T
MM,AT,1, 40,1,1,,,,,Z
C
ZA,DA,2
DA,'L10000014','UP',,
START_TEXT
N10G91
N20G01X19.365Y54.019
N30TC_POS_LEVEL(40.0)
N40TC_LASER_ON(1,"SS013MD0-N2S0-30-2",10,100)
N50X-0.387Y-2.92
N60G03X0.018Y-0.059I0.075J-0.01
N70X4.443Y4.099I2.304J1.96
N80X-4.099Y-4.443I-2.139J-2.139
N90TC_LASER_OFF(1)
N100G01X17.926Y-7.934
N110TC_LASER_ON(1,"SS013MD0-N2S0-30-2",10,100)
N120X-0.38Y-2.059
N130G03X0.015Y-0.061I0.074J-0.014
N140X3.237Y2.896I1.699J1.358
N150X-2.896Y-3.237I-1.538J-1.538
N160TC_LASER_OFF(1)
N170G01X21.078Y26.629
N180TC_LASER_ON(1,"SS013MD0-N2S0-30-2",10,100)
N190X0.832Y-3.913
N200G03X0.033Y-0.047I0.073J0.016
N210G01X13.838Y-8.987
N220G03X5.364Y8.261I2.682J4.131
N230G01X-27.256Y17.701
N240G03X-5.365Y-8.261I-2.683J-4.131
N250G01X13.838Y-8.987
N260TC_LASER_OFF(1)
N270X-5.442Y-6.102
N280TC_LASER_ON(1,"SS013MD0-N2S0-30-2",10,100)
N290X-0.371Y-1.393
N300G03X0.012Y-0.064I0.073J-0.02
N310X2.311Y1.976I1.233J0.898
N320X-1.975Y-2.311I-1.078J-1.078
N330TC_LASER_OFF(1)
N340G01X-10.501Y8.531
N350TC_LASER_ON(1,"SS013MD0-N2S0-30-2",10,100)
N360X-0.38Y-2.06
N370G03X0.015Y-0.061I0.073J-0.014
N380X3.237Y2.896I1.699J1.358
N390X-2.896Y-3.237I-1.538J-1.538
N400TC_LASER_OFF(1)
N410G01X-17.049Y20.647
N420TC_LASER_ON(1,"SS013MD0-N2S0-30-2",10,100)
N430X-0.387Y-2.92
N440G03X0.018Y-0.059I0.075J-0.01
N450X4.443Y4.099I2.304J1.96
N460X-4.099Y-4.443I-2.139J-2.139
N470TC_LASER_OFF(1)
N480G01X37.226Y-27.934
N490TC_LASER_ON(1,"SS013MD0-N2S0-30-2",10,100)
N500X-0.38Y-2.059
N510G03X0.015Y-0.061I0.074J-0.014
N520X3.237Y2.896I1.699J1.358
N530X-2.896Y-3.237I-1.538J-1.538
N540TC_LASER_OFF(1)
N550G01X20.524Y-5.039
N560TC_LASER_ON(1,"SS013MD0-N2S0-30-2",10,100)
N570X-0.38Y-2.059
N580G03X0.015Y-0.061I0.074J-0.014
N590X3.237Y2.896I1.699J1.358
N600X-2.896Y-3.237I-1.538J-1.538
N610TC_LASER_OFF(1)
N620G01X7.083Y40.217
N630TC_LASER_ON(1,"SS013MD0-N2S0-30-2",10,100)
N640X2.828Y2.828
N650G03X0.022Y0.053I-0.053J0.053
N660G01Y3.311
N670G03X-0.515Y0.515I-0.515J0
N680G01X-5.32
N690G03X-0.515Y-0.515I0J-0.515
N700G01Y-8.82
N710G03X0.515Y-0.515I0.515J0
N720G01X5.32
N730G03X0.515Y0.515I0J0.515
N740G01Y6.009
N750TC_LASER_OFF(1)
N760X-32.036Y34.465
N770TC_LASER_ON(1,"SS013MD0-N2S0-30-2",10,100)
N780X0.291
N790G03X0.043Y0.018I0J0.061
N800G01X2.546Y2.545
N810G03X-0.46Y0.46I-0.23J0.23
N820G01X-4.737Y-4.738
N830G03X0.459Y-0.459I0.229J-0.23
N840G01X2.546Y2.545
N850TC_LASER_OFF(1)
N860X38.693Y32.872
N870TC_LASER_ON(1,"SS013MD0-N2S0-30-2",10,100)
N880X-0.374Y-1.548
N890G03X0.013Y-0.063I0.073J-0.018
N900X2.525Y2.188I1.341J1.004
N910X-2.188Y-2.525I-1.184J-1.184
N920TC_LASER_OFF(1)
N930G01X40.505Y2.198
N940TC_LASER_ON(1,"SS013MD0-N2S0-30-2",10,100)
N950X0.206Y-0.206
N960G03X0.043Y-0.018I0.043J0.043
N970G01X3.6
N980G03Y0.65I0J0.325
N990G01X-6.7
N1000G03Y-0.65I0J-0.325
N1010G01X3.6
N1020TC_LASER_OFF(1)
N1030X38.77Y-0.026
N1040TC_LASER_ON(1,"SS013MD0-N2S0-30-2",10,100)
N1050X-0.374Y-1.548
N1060G03X0.013Y-0.063I0.073J-0.018
N1070X2.525Y2.188I1.341J1.004
N1080X-2.188Y-2.525I-1.184J-1.184
N1090TC_LASER_OFF(1)
N1100G01X40.659Y-30.59
N1110TC_LASER_ON(1,"SS013MD0-N2S0-30-2",10,100)
N1120Y-0.291
N1130G03X0.018Y-0.043I0.061J0
N1140G01X2.546Y-2.545
N1150G03X0.459Y0.459I0.23J0.229
N1160G01X-4.737Y4.738
N1170G03X-0.46Y-0.46I-0.23J-0.23
N1180G01X2.546Y-2.545
N1190TC_LASER_OFF(1)
N1200X-28.202Y-37.864
N1210TC_LASER_ON(1,"SS013MD0-N2S0-30-2",10,100)
N1220X2.828Y2.828
N1230G03X0.022Y0.053I-0.053J0.053
N1240G01Y3.311
N1250G03X-0.515Y0.515I-0.515J0
N1260G01X-5.32
N1270G03X-0.515Y-0.515I0J-0.515
N1280G01Y-8.82
N1290G03X0.515Y-0.515I0.515J0
N1300G01X5.32
N1310G03X0.515Y0.515I0J0.515
N1320G01Y6.009
N1330TC_LASER_OFF(1)
N1340X57.39Y-2.38
N1350TC_LASER_ON(1,"SS013MD0-N2S0-30-2",10,100)
N1360X-0.387Y-2.92
N1370G03X0.018Y-0.059I0.075J-0.01
N1380X4.443Y4.099I2.304J1.96
N1390X-4.099Y-4.443I-2.139J-2.139
N1400TC_LASER_OFF(1)
N1410G01X7.225Y-24.177
N1420TC_LASER_ON(1,"SS013MD0-N2S0-30-2",10,100)
N1430X-0.387Y-2.92
N1440G03X0.018Y-0.059I0.075J-0.01
N1450X4.443Y4.099I2.304J1.96
N1460X-4.099Y-4.443I-2.139J-2.139
N1470TC_LASER_OFF(1)
N1480G01X-51.593Y-37.337
N1490TC_LASER_ON(1,"SS013MD0-N2S0-30-2",10,100)
N1500X-0.346Y-0.762
N1510G03X0.003Y-0.069I0.068J-0.031
N1520X1.45Y1.126I0.796J0.472
N1530X-1.126Y-1.45I-0.654J-0.654
N1540TC_LASER_OFF(1)
N1550G01X-3.381Y1.155
N1560TC_LASER_ON(1,"SS013MD0-N2S0-30-2",10,100)
N1570X-0.346Y-0.762
N1580G03X0.003Y-0.069I0.068J-0.031
N1590X1.45Y1.126I0.796J0.472
N1600X-1.126Y-1.45I-0.654J-0.654
N1610TC_LASER_OFF(1)
N1620G01X-3.381Y1.155
N1630TC_LASER_ON(1,"SS013MD0-N2S0-30-2",10,100)
N1640X-0.346Y-0.762
N1650G03X0.003Y-0.069I0.068J-0.031
N1660X1.45Y1.126I0.796J0.472
N1670X-1.126Y-1.45I-0.654J-0.654
N1680TC_LASER_OFF(1)
N1690G01X-3.381Y1.155
N1700TC_LASER_ON(1,"SS013MD0-N2S0-30-2",10,100)
N1710X-0.346Y-0.762
N1720G03X0.003Y-0.069I0.068J-0.031
N1730X1.45Y1.126I0.796J0.472
N1740X-1.126Y-1.45I-0.654J-0.654
N1750TC_LASER_OFF(1)
N1760G01
N1770G90
N1780M17
N1790M02
STOP_TEXT
C
DA,'0000014','HP',,
START_TEXT
N10MSG("PROGRAM NUMBER,0000014")
N20MSG("SHEET Al99 : 313.0 x 182.0 x 0.8")
N30MSG("MSG,PART #:DXFPUNC0 QTY 1")
N40G71
N50F100000
N60TC_POS_LEVEL(40.0)
N70TC_SHEET_TECH("SHT-1")
N80TC_SHEET_LOAD("SHL-1")
N90TC_MICROJOINT("MIJO-1")
N100 ;GOTOF ENTRY_LASER
N110;ENTRY_LASER:
N120;(PART NUMBER: L10000014  DXFPUNC0 NUMBER:1)
N130G01X14Y7
N140L10000014
N150TC_LASER_OFF(2)
N160M30
STOP_TEXT
ENDE_PROGRAMM
ED


