BD
SET_METRIC
C
BEGIN_EINRICHTEPLAN_INFO
C
ZA,MM,2
MM,AT,1, 60,1,1,,,,,T
MM,AT,1,170,1,1,,,,,T
ZA,DA,1
C
DA,0000015,1
C
ENDE_EINRICHTEPLAN_INFO
C
BEGIN_SHEET_TECH
C
ZA,MM,7
MM,AT,1,10,1,1,,,,,T
MM,AT,1,20,1,1,,,,'mm',Z
MM,AT,1,30,1,1,,,,'mm',Z
MM,AT,1,40,1,1,,,,'mm',Z
MM,AT,1,220,1,1,,,,'mm',Z
MM,AT,1,230,1,1,,,,'mm',Z
MM,AT,1,240,1,1,,'Materialkennung',,'',T
C
ZA,DA,1
DA,'SHT-1',223.3,195.3,0.8,223.3,195.3,'Al99'
C
ENDE_SHEET_TECH
C
BEGIN_SHEET_LOAD
C
ZA,MM,10
MM,AT,1,10,1,1,,'Table identifier',,,T
MM,AT,1,500,1,1,,'Loading unit',,,Z
MM,AT,1,620,1,1,,'Sheet stopper',,,Z
MM,AT,1,630,1,1,,'Measure sheet position',,,Z
MM,AT,1,640,1,1,,'Measure range in X',,'mm',Z
MM,AT,1,650,1,1,,'Measure range in Y',,'mm',Z
MM,AT,1,660,1,1,,'Calibration',,'Bool',Z
MM,AT,1,690,1,1,,'Type of pallet change',,,Z
MM,AT,1,700,1,1,,'Measuring Corner',,,Z
MM,AT,1,710,1,1,,,,,Z
C
ZA,DA,1
DA,'SHL-1',5,1,0,50.0,50.0,1,0,1,1
C
ENDE_SHEET_LOAD
C
BEGIN_LTT_CALLS
C
ZA,MM,1
MM,AT,1,10,1,1,,,,,T
C
ZA,DA,1
DA,'SS013MD0-N2S0-30-2'
C
ENDE_LTT_CALLS
C
BEGIN_MICROJOINT
C
ZA,MM,12
MM,AT,1,  10,1,1,,'Tabellenidentifikator              ',,'',T
MM,AT,1, 100,1,1,,'programmierte Microjoints aktiv    ',,'Bool',Z
MM,AT,1, 110,1,1,,'automatische Microjoints aktiv     ',,'Bool',Z
MM,AT,1, 120,1,1,,'Microjointbreite kleine Kontur     ',,'mm',Z
MM,AT,1, 130,1,1,,'Microjointbreite mittlere Kontur   ',,'mm',Z
MM,AT,1, 140,1,1,,'Microjointbreite grosse Kontur     ',,'mm',Z
MM,AT,1, 150,1,1,,'Konturausdehnung min X autom. Microjoint',,'mm',Z
MM,AT,1, 160,1,1,,'Konturausdehnung max X autom. Microjoint',,'mm',Z
MM,AT,1, 170,1,1,,'Konturausdehnung min Y autom. Microjoint',,'mm',Z
MM,AT,1, 180,1,1,,'Konturausdehnung max Y autom. Microjoint',,'mm',Z
MM,AT,1, 190,1,1,,'Einstechart nach Microjoint        ',,'',Z
MM,AT,1, 500,1,1,,'TRUMPF-Kennung                     ',,'',Z
C
ZA,DA,1
DA,'MIJO-1',1,0,0,0,1,-1,-1,-1,-1,11,1
C
ENDE_MICROJOINT
C
BEGIN_PROGRAMM
C
ZA,MM,4
MM,AT,1, 10,1,1,,,,,T
MM,AT,1, 20,1,1,,,,,T
MM,AT,1, 30,1,1,,,,,T
MM,AT,1, 40,1,1,,,,,Z
C
ZA,DA,2
DA,'L10000015','UP',,
START_TEXT
N10G91
N20G01X37.294Y45.232
N30TC_POS_LEVEL(40.0)
N40TC_LASER_ON(1,"SS013MD0-N2S0-30-2",10,100)
N50X4Y0.014
N60G03X0.053Y0.023I-0.001J0.075
N70G02X23.077Y17.749I78.365J-78.012
N80G03X-5.425Y9.396I-2.712J4.698
N90X-44.445Y-44.444I60.713J-105.157
N100X9.397Y-5.425I4.699J-2.713
N110G02X17.749Y23.077I95.761J-55.288
N120TC_LASER_OFF(1)
N130G01X104.331Y31.999
N140TC_LASER_ON(1,"SS013MD0-N2S0-30-2",10,100)
N150X2.012Y-3.457
N160G03X0.046Y-0.035I0.065J0.037
N170G02X26.91Y-11.111I-28.377J-106.872
N180G03X5.425Y9.396I2.713J4.698
N190X-60.712Y16.268I-60.712J-105.157
N200Y-10.85I0J-5.425
N210G02X28.86Y-3.832I0J-110.575
N220TC_LASER_OFF(1)
N230G01X-21.817Y33.847
N240TC_LASER_ON(1,"SS013MD0-N2S0-30-2",10,100)
N250X-0.36Y-3.983
N260G03X0.019Y-0.057I0.075J-0.007
N270X6.427Y6.079I3.298J2.95
N280X-6.08Y-6.427I-3.129J-3.129
N290TC_LASER_OFF(1)
N300G01X-20.006Y4.388
N310TC_LASER_ON(1,"SS013MD0-N2S0-30-2",10,100)
N320X-0.36Y-3.983
N330G03X0.019Y-0.057I0.075J-0.007
N340X6.427Y6.079I3.298J2.95
N350X-6.08Y-6.427I-3.129J-3.129
N360TC_LASER_OFF(1)
N370G01X-0.006Y25.388
N380TC_LASER_ON(1,"SS013MD0-N2S0-30-2",10,100)
N390X-0.36Y-3.983
N400G03X0.019Y-0.057I0.075J-0.007
N410X6.427Y6.079I3.298J2.95
N420X-6.08Y-6.427I-3.129J-3.129
N430TC_LASER_OFF(1)
N440G01X19.994Y4.388
N450TC_LASER_ON(1,"SS013MD0-N2S0-30-2",10,100)
N460X-0.36Y-3.983
N470G03X0.019Y-0.057I0.075J-0.007
N480X6.427Y6.079I3.298J2.95
N490X-6.08Y-6.427I-3.129J-3.129
N500TC_LASER_OFF(1)
N510G01X-0.006Y39.888
N520TC_LASER_ON(1,"SS013MD0-N2S0-30-2",10,100)
N530X-0.36Y-3.983
N540G03X0.019Y-0.057I0.075J-0.007
N550X6.427Y6.079I3.298J2.95
N560X-6.08Y-6.427I-3.129J-3.129
N570TC_LASER_OFF(1)
N580G01X-20.006Y4.388
N590TC_LASER_ON(1,"SS013MD0-N2S0-30-2",10,100)
N600X-0.36Y-3.983
N610G03X0.019Y-0.057I0.075J-0.007
N620X6.427Y6.079I3.298J2.95
N630X-6.08Y-6.427I-3.129J-3.129
N640TC_LASER_OFF(1)
N650G01
N660G90
N670M17
N680M02
STOP_TEXT
C
DA,'0000015','HP',,
START_TEXT
N10MSG("PROGRAM NUMBER,0000015")
N20MSG("SHEET Al99 : 223.3 x 195.3 x 0.8")
N30MSG("MSG,PART #:DXFPAR0105 QTY 1")
N40G71
N50F100000
N60TC_POS_LEVEL(40.0)
N70TC_SHEET_TECH("SHT-1")
N80TC_SHEET_LOAD("SHL-1")
N90TC_MICROJOINT("MIJO-1")
N100 ;GOTOF ENTRY_LASER
N110;ENTRY_LASER:
N120;(PART NUMBER: L10000015  DXFPAR0105 NUMBER:1)
N130G01X14Y7
N140L10000015
N150TC_LASER_OFF(2)
N160M30
STOP_TEXT
ENDE_PROGRAMM
ED


