BD
SET_METRIC
C
BEGIN_EINRICHTEPLAN_INFO
C
ZA,MM,3
MM,AT,1,  10,1,1,,'Maschine',,'',T
MM,AT,1, 60,1,1,,,,,T
MM,AT,1,170,1,1,,,,,T
ZA,DA,1
C
DA,'L41',00016,1
C
ENDE_EINRICHTEPLAN_INFO
C
BEGIN_SHEET_TECH
C
ZA,MM,7
MM,AT,1,10,1,1,,,,,T
MM,AT,1,20,1,1,,,,'mm',Z
MM,AT,1,30,1,1,,,,'mm',Z
MM,AT,1,40,1,1,,,,'mm',Z
MM,AT,1,220,1,1,,,,'mm',Z
MM,AT,1,230,1,1,,,,'mm',Z
MM,AT,1,240,1,1,,'Materialkennung',,'',T
C
ZA,DA,1
DA,'SHT-1',120.0,120.0,0.8,120.0,120.0,'Al99'
C
ENDE_SHEET_TECH
C
BEGIN_SHEET_LOAD
C
ZA,MM,10
MM,AT,1,10,1,1,,'Table identifier',,,T
MM,AT,1,500,1,1,,'Loading unit',,,Z
MM,AT,1,620,1,1,,'Sheet stopper',,,Z
MM,AT,1,630,1,1,,'Measure sheet position',,,Z
MM,AT,1,640,1,1,,'Measure range in X',,'mm',Z
MM,AT,1,650,1,1,,'Measure range in Y',,'mm',Z
MM,AT,1,660,1,1,,'Calibration',,'Bool',Z
MM,AT,1,690,1,1,,'Type of pallet change',,,Z
MM,AT,1,700,1,1,,'Measuring Corner',,,Z
MM,AT,1,710,1,1,,,,,Z
C
ZA,DA,1
DA,'SHL-1',1,1,1,50.0,50.0,1,0,1,1
C
ENDE_SHEET_LOAD
C
BEGIN_LTT_CALLS
C
ZA,MM,1
MM,AT,1,10,1,1,,,,,T
C
ZA,DA,1
DA,'AL010MD0-N2S0-30-2'
C
ENDE_LTT_CALLS
C
BEGIN_MICROJOINT
C
ZA,MM,12
MM,AT,1,  10,1,1,,'Tabellenidentifikator              ',,'',T
MM,AT,1, 100,1,1,,'programmierte Microjoints aktiv    ',,'Bool',Z
MM,AT,1, 110,1,1,,'automatische Microjoints aktiv     ',,'Bool',Z
MM,AT,1, 120,1,1,,'Microjointbreite kleine Kontur     ',,'mm',Z
MM,AT,1, 130,1,1,,'Microjointbreite mittlere Kontur   ',,'mm',Z
MM,AT,1, 140,1,1,,'Microjointbreite grosse Kontur     ',,'mm',Z
MM,AT,1, 150,1,1,,'Konturausdehnung min X autom. Microjoint',,'mm',Z
MM,AT,1, 160,1,1,,'Konturausdehnung max X autom. Microjoint',,'mm',Z
MM,AT,1, 170,1,1,,'Konturausdehnung min Y autom. Microjoint',,'mm',Z
MM,AT,1, 180,1,1,,'Konturausdehnung max Y autom. Microjoint',,'mm',Z
MM,AT,1, 190,1,1,,'Einstechart nach Microjoint        ',,'',Z
MM,AT,1, 500,1,1,,'TRUMPF-Kennung                     ',,'',Z
C
ZA,DA,1
DA,'MIJO-1',1,0,0.7,0.7,0.7,-1,-1,-1,-1,11,1
C
ENDE_MICROJOINT
C
BEGIN_PROGRAMM
C
ZA,MM,4
MM,AT,1, 10,1,1,,,,,T
MM,AT,1, 20,1,1,,,,,T
MM,AT,1, 30,1,1,,,,,T
MM,AT,1, 40,1,1,,,,,Z
C
ZA,DA,2
DA,'SP100016','UP',,
START_TEXT
N10G91
N20MSG("START CUT SCRAP DESTROY MACRO")
N30TC_POS_LEVEL(40.0)
N40TC_LASER_ON(9,"AL010MD0-N2S0-30-2",10,100)
N50G01X50
N60MSG("END CUT SCRAP DESTROY MACRO")
N70TC_LASER_OFF(3)
N80X-3Y0.1
N90TC_LASER_ON(9,"AL010MD0-N2S0-30-2",10,100)
N100X2.9
N110G03X-49.8Y-0.1I-24.9J-0.1
N120X49.8I24.9J0
N130TC_LASER_OFF(3)
N140G01X-42.578Y17.678
N150TC_LASER_ON(9,"AL010MD0-N2S0-30-2",10,100)
N160X-32.322Y32.322
N170TC_LASER_OFF(1)
N180X5Y-5
N190X90
N200X8Y-95.1
N210TC_LASER_ON(9,"AL010MD0-N2S0-30-2",10,100)
N220X-3
N230X-90
N240G02X-10.1Y10.1I0J10.1
N250G01Y90
N260G02X0.1Y0.1I0.1J0
N270G01X90
N280G02X10.1Y-10.1I0J-10.1
N290G01Y-90
N300TC_LASER_OFF(3)
N310G01
N320G90
N330M17
N340M02
STOP_TEXT
C
DA,'00016','HP',,
START_TEXT
N10MSG("PROGRAM NUMBER,00016")
N20MSG("SHEET Al99 : 120.0 x 120.0 x 0.8")
N30G71
N40F233000
N50TC_POS_LEVEL(40.0)
N60TC_SHEET_TECH("SHT-1")
N70TC_SHEET_LOAD("SHL-1")
N80TC_MICROJOINT("MIJO-1")
N90 ;GOTOF ENTRY_LASER
N100;ENTRY_LASER:
N110;(PART NUMBER: SP100016  Pieza_prueba_Maxwell NUMBER:1)
N120G01X35Y60
N130SP100016
N140TC_LASER_OFF(2)
N150TC_PART_END(-1)
N160M30
STOP_TEXT
ENDE_PROGRAMM
ED


