BD
SET_METRIC
C
BEGIN_EINRICHTEPLAN_INFO
C
ZA,MM,3
MM,AT,1,  10,1,1,,'Maschine',,'',T
MM,AT,1, 60,1,1,,,,,T
MM,AT,1,170,1,1,,,,,T
ZA,DA,1
C
DA,'L41',00017,1
C
ENDE_EINRICHTEPLAN_INFO
C
BEGIN_SHEET_TECH
C
ZA,MM,7
MM,AT,1,10,1,1,,,,,T
MM,AT,1,20,1,1,,,,'mm',Z
MM,AT,1,30,1,1,,,,'mm',Z
MM,AT,1,40,1,1,,,,'mm',Z
MM,AT,1,220,1,1,,,,'mm',Z
MM,AT,1,230,1,1,,,,'mm',Z
MM,AT,1,240,1,1,,'Materialkennung',,'',T
C
ZA,DA,1
DA,'SHT-1',200.0,135.0,0.8,200.0,135.0,'Al99'
C
ENDE_SHEET_TECH
C
BEGIN_SHEET_LOAD
C
ZA,MM,10
MM,AT,1,10,1,1,,'Table identifier',,,T
MM,AT,1,500,1,1,,'Loading unit',,,Z
MM,AT,1,620,1,1,,'Sheet stopper',,,Z
MM,AT,1,630,1,1,,'Measure sheet position',,,Z
MM,AT,1,640,1,1,,'Measure range in X',,'mm',Z
MM,AT,1,650,1,1,,'Measure range in Y',,'mm',Z
MM,AT,1,660,1,1,,'Calibration',,'Bool',Z
MM,AT,1,690,1,1,,'Type of pallet change',,,Z
MM,AT,1,700,1,1,,'Measuring Corner',,,Z
MM,AT,1,710,1,1,,,,,Z
C
ZA,DA,1
DA,'SHL-1',1,1,1,50.0,50.0,1,0,1,1
C
ENDE_SHEET_LOAD
C
BEGIN_LTT_CALLS
C
ZA,MM,1
MM,AT,1,10,1,1,,,,,T
C
ZA,DA,1
DA,'AL010MD0-N2S0-30-2'
C
ENDE_LTT_CALLS
C
BEGIN_MICROJOINT
C
ZA,MM,12
MM,AT,1,  10,1,1,,'Tabellenidentifikator              ',,'',T
MM,AT,1, 100,1,1,,'programmierte Microjoints aktiv    ',,'Bool',Z
MM,AT,1, 110,1,1,,'automatische Microjoints aktiv     ',,'Bool',Z
MM,AT,1, 120,1,1,,'Microjointbreite kleine Kontur     ',,'mm',Z
MM,AT,1, 130,1,1,,'Microjointbreite mittlere Kontur   ',,'mm',Z
MM,AT,1, 140,1,1,,'Microjointbreite grosse Kontur     ',,'mm',Z
MM,AT,1, 150,1,1,,'Konturausdehnung min X autom. Microjoint',,'mm',Z
MM,AT,1, 160,1,1,,'Konturausdehnung max X autom. Microjoint',,'mm',Z
MM,AT,1, 170,1,1,,'Konturausdehnung min Y autom. Microjoint',,'mm',Z
MM,AT,1, 180,1,1,,'Konturausdehnung max Y autom. Microjoint',,'mm',Z
MM,AT,1, 190,1,1,,'Einstechart nach Microjoint        ',,'',Z
MM,AT,1, 500,1,1,,'TRUMPF-Kennung                     ',,'',Z
C
ZA,DA,1
DA,'MIJO-1',1,0,0.7,0.7,0.7,-1,-1,-1,-1,11,1
C
ENDE_MICROJOINT
C
BEGIN_PROGRAMM
C
ZA,MM,4
MM,AT,1, 10,1,1,,,,,T
MM,AT,1, 20,1,1,,,,,T
MM,AT,1, 30,1,1,,,,,T
MM,AT,1, 40,1,1,,,,,Z
C
ZA,DA,2
DA,'SP100017','UP',,
START_TEXT
N10G91
N20G01X-0.023Y0.097
N30TC_POS_LEVEL(40.0)
N40TC_LASER_ON(9,"AL010MD0-N2S0-30-2",10,100)
N50X2.822Y0.666
N60G03X-19.247Y-4.645I-9.612J-2.371
N70X19.27Y4.548I9.635J2.274
N80MSG("START CUT SCRAP DESTROY MACRO")
N90TC_LASER_OFF(3)
N100G01X-0.594Y20.953
N110TC_LASER_ON(9,"AL010MD0-N2S0-30-2",10,100)
N120Y20
N130TC_LASER_OFF(3)
N140X18.75
N150TC_LASER_ON(9,"AL010MD0-N2S0-30-2",10,100)
N160Y-20
N170TC_LASER_OFF(3)
N180X18.75Y-22.476
N190TC_LASER_ON(9,"AL010MD0-N2S0-30-2",10,100)
N200Y64.952
N210TC_LASER_OFF(3)
N220X18.75Y13.666
N230TC_LASER_ON(9,"AL010MD0-N2S0-30-2",10,100)
N240Y-92.284
N250TC_LASER_OFF(3)
N260X18.75Y13.666
N270TC_LASER_ON(9,"AL010MD0-N2S0-30-2",10,100)
N280Y64.952
N290TC_LASER_OFF(3)
N300X18.75Y-22.476
N310TC_LASER_ON(9,"AL010MD0-N2S0-30-2",10,100)
N320Y-20
N330TC_LASER_OFF(3)
N340X18.75
N350TC_LASER_ON(9,"AL010MD0-N2S0-30-2",10,100)
N360Y20
N370TC_LASER_OFF(3)
N380X18.75Y-10
N390TC_LASER_ON(9,"AL010MD0-N2S0-30-2",10,100)
N400X-150
N410TC_LASER_OFF(3)
N420X45.436Y23.071
N430TC_LASER_ON(9,"AL010MD0-N2S0-30-2",10,100)
N440X59.127
N450TC_LASER_OFF(3)
N460Y-46.142
N470TC_LASER_ON(9,"AL010MD0-N2S0-30-2",10,100)
N480X-59.127
N490MSG("END CUT SCRAP DESTROY MACRO")
N500TC_LASER_OFF(3)
N510X62.706Y13.171
N520TC_LASER_ON(9,"AL010MD0-N2S0-30-2",10,100)
N530X3
N540X28.858
N550G03Y19.8I0J9.9
N560G01X-28.858
N570G02X-0.097Y0.073I0J0.1
N580G03X-26.072Y26.072I-36.045J-9.973
N590G02X-0.073Y0.097I0.027J0.097
N600G01Y9.9
N610X-19.8
N620Y-9.9
N630G02X-0.074Y-0.097I-0.1J0
N640G03X-26.072Y-26.072I9.974J-36.045
N650G02X-0.097Y-0.073I-0.097J0.027
N660G01X-28.857
N670G03Y-19.8I0J-9.9
N680G01X28.857
N690G02X0.097Y-0.074I0J-0.1
N700G03X26.072Y-26.072I36.046J9.974
N710G02X0.074Y-0.096I-0.026J-0.096
N720G01Y-9.9
N730X19.8
N740Y9.9
N750G02X0.073Y0.096I0.1J0
N760G03X26.072Y26.072I-9.973J36.046
N770TC_LASER_OFF(3)
N780G01X27.813Y-16.304
N790TC_LASER_ON(9,"AL010MD0-N2S0-30-2",10,100)
N800X-0.311Y2.883
N810G03X2.225Y-19.675I1.162J-9.832
N820X-2.126Y19.686I-1.063J9.843
N830TC_LASER_OFF(3)
N840G01X-5.932Y54.862
N850TC_LASER_ON(9,"AL010MD0-N2S0-30-2",10,100)
N860X-2.898Y-0.08
N870G03X19.789Y0.65I9.893J0.375
N880X-19.792Y-0.55I-9.896J-0.275
N890TC_LASER_OFF(3)
N900G01X-113.963Y-3.086
N910TC_LASER_ON(9,"AL010MD0-N2S0-30-2",10,100)
N920X2.523Y-1.429
N930G03X-17.279Y9.667I-8.664J4.79
N940X17.23Y-9.754I8.615J-4.877
N950TC_LASER_OFF(3)
N960G01X141.113Y-79.993
N970TC_LASER_ON(9,"AL010MD0-N2S0-30-2",10,100)
N980X-2.05Y2.051
N990G02X-17.678Y-7.281I-17.678J17.819
N1000G01X-130
N1010G02X-25.1Y25.1I0J25.1
N1020G01Y65
N1030G02X25.1Y25.1I25.1J0
N1040G01X130
N1050G02X25.1Y-25.1I0J-25.1
N1060G01Y-65
N1070G02X-7.352Y-17.748I-25.1J0
N1080TC_LASER_OFF(3)
N1090G01
N1100G90
N1110M17
N1120M02
STOP_TEXT
C
DA,'00017','HP',,
START_TEXT
N10MSG("PROGRAM NUMBER,00017")
N20MSG("SHEET Al99 : 200.0 x 135.0 x 0.8")
N30G71
N40F233000
N50TC_POS_LEVEL(40.0)
N60TC_SHEET_TECH("SHT-1")
N70TC_SHEET_LOAD("SHL-1")
N80TC_MICROJOINT("MIJO-1")
N90 ;GOTOF ENTRY_LASER
N100;ENTRY_LASER:
N110;(PART NUMBER: SP100017  Pieza_prueba_Maxwell_2 NUMBER:1)
N120G01X41.813Y36.608
N130SP100017
N140TC_LASER_OFF(2)
N150TC_PART_END(-1)
N160M30
STOP_TEXT
ENDE_PROGRAMM
ED


