BD
SET_METRIC
C
BEGIN_EINRICHTEPLAN_INFO
C
ZA,MM,3
MM,AT,1,  10,1,1,,'Maschine',,'',T
MM,AT,1, 60,1,1,,,,,T
MM,AT,1,170,1,1,,,,,T
ZA,DA,1
C
DA,'L41',00018,1
C
ENDE_EINRICHTEPLAN_INFO
C
BEGIN_SHEET_TECH
C
ZA,MM,7
MM,AT,1,10,1,1,,,,,T
MM,AT,1,20,1,1,,,,'mm',Z
MM,AT,1,30,1,1,,,,'mm',Z
MM,AT,1,40,1,1,,,,'mm',Z
MM,AT,1,220,1,1,,,,'mm',Z
MM,AT,1,230,1,1,,,,'mm',Z
MM,AT,1,240,1,1,,'Materialkennung',,'',T
C
ZA,DA,1
DA,'SHT-1',245.3,107.0,0.8,245.3,107.0,'Al99'
C
ENDE_SHEET_TECH
C
BEGIN_SHEET_LOAD
C
ZA,MM,10
MM,AT,1,10,1,1,,'Table identifier',,,T
MM,AT,1,500,1,1,,'Loading unit',,,Z
MM,AT,1,620,1,1,,'Sheet stopper',,,Z
MM,AT,1,630,1,1,,'Measure sheet position',,,Z
MM,AT,1,640,1,1,,'Measure range in X',,'mm',Z
MM,AT,1,650,1,1,,'Measure range in Y',,'mm',Z
MM,AT,1,660,1,1,,'Calibration',,'Bool',Z
MM,AT,1,690,1,1,,'Type of pallet change',,,Z
MM,AT,1,700,1,1,,'Measuring Corner',,,Z
MM,AT,1,710,1,1,,,,,Z
C
ZA,DA,1
DA,'SHL-1',1,1,1,50.0,50.0,1,0,1,1
C
ENDE_SHEET_LOAD
C
BEGIN_LTT_CALLS
C
ZA,MM,1
MM,AT,1,10,1,1,,,,,T
C
ZA,DA,1
DA,'AL010MD0-N2S0-30-2'
C
ENDE_LTT_CALLS
C
BEGIN_MICROJOINT
C
ZA,MM,12
MM,AT,1,  10,1,1,,'Tabellenidentifikator              ',,'',T
MM,AT,1, 100,1,1,,'programmierte Microjoints aktiv    ',,'Bool',Z
MM,AT,1, 110,1,1,,'automatische Microjoints aktiv     ',,'Bool',Z
MM,AT,1, 120,1,1,,'Microjointbreite kleine Kontur     ',,'mm',Z
MM,AT,1, 130,1,1,,'Microjointbreite mittlere Kontur   ',,'mm',Z
MM,AT,1, 140,1,1,,'Microjointbreite grosse Kontur     ',,'mm',Z
MM,AT,1, 150,1,1,,'Konturausdehnung min X autom. Microjoint',,'mm',Z
MM,AT,1, 160,1,1,,'Konturausdehnung max X autom. Microjoint',,'mm',Z
MM,AT,1, 170,1,1,,'Konturausdehnung min Y autom. Microjoint',,'mm',Z
MM,AT,1, 180,1,1,,'Konturausdehnung max Y autom. Microjoint',,'mm',Z
MM,AT,1, 190,1,1,,'Einstechart nach Microjoint        ',,'',Z
MM,AT,1, 500,1,1,,'TRUMPF-Kennung                     ',,'',Z
C
ZA,DA,1
DA,'MIJO-1',1,0,0.7,0.7,0.7,-1,-1,-1,-1,11,1
C
ENDE_MICROJOINT
C
BEGIN_PROGRAMM
C
ZA,MM,4
MM,AT,1, 10,1,1,,,,,T
MM,AT,1, 20,1,1,,,,,T
MM,AT,1, 30,1,1,,,,,T
MM,AT,1, 40,1,1,,,,,Z
C
ZA,DA,2
DA,'SP100018','UP',,
START_TEXT
N10G91
N20G01X0.089Y-0.046
N30TC_POS_LEVEL(40.0)
N40TC_LASER_ON(9,"AL010MD0-N2S0-30-2",10,100)
N50X-1.377Y-2.666
N60G02X-78.544Y-62.328I-108.477J56.046
N70X-0.126Y0.082I-0.026J0.093
N80G03X-31.584Y-3.686I-15.807J-1.709
N90G02X-0.105Y-0.108I-0.103J-0.008
N100X-68.535Y22.336I1.882J122.086
N110X-0.012Y0.149I0.058J0.078
N120G03X-12.215Y9.875I-5.571J5.6
N130G02X-0.152Y-0.015I-0.084J0.058
N140X-34.172Y54.711I82.796J89.741
N150X0.098Y0.129I0.098J0.029
N160G01X10.87
N170G02X0.1Y-0.1I0J-0.1
N180G01Y-3.9
N190X21.8
N200Y3.9
N210G02X0.1Y0.1I0.1J0
N220G01X12
N230G02X0.047Y-0.012I0J-0.1
N240G01X41.122Y-22.197
N250G03X46.034Y-5.985I30.831J57.109
N260G01X17.725Y18.164
N270G02X0.072Y0.03I0.072J-0.07
N280G01X10.53
N290G02X0.099Y-0.087I0J-0.1
N300G01X1.459Y-11.913
N310X9.823
N320X1.459Y11.913
N330G02X0.1Y0.087I0.1J-0.013
N340G01X11.26
N350G02X0.099Y-0.094I0J-0.1
N360G01X0.283Y-5.47
N370G03X15.181Y-5.829I8.888J0.464
N380G01X8.636Y8.634
N390G02X0.171Y-0.071I0.071J-0.071
N400G01Y-8.17
N410X16.29
N420TC_LASER_OFF(3)
N430G01
N440G90
N450M17
N460M02
STOP_TEXT
C
DA,'00018','HP',,
START_TEXT
N10MSG("PROGRAM NUMBER,00018")
N20MSG("SHEET Al99 : 245.3 x 107.0 x 0.8")
N30G71
N40F233000
N50TC_POS_LEVEL(40.0)
N60TC_SHEET_TECH("SHT-1")
N70TC_SHEET_LOAD("SHL-1")
N80TC_MICROJOINT("MIJO-1")
N90 ;GOTOF ENTRY_LASER
N100;ENTRY_LASER:
N110;(PART NUMBER: SP100018  DXFPART7 NUMBER:1)
N120G01X236.637Y78.656
N130SP100018
N140TC_LASER_OFF(2)
N150TC_PART_END(-1)
N160M30
STOP_TEXT
ENDE_PROGRAMM
ED


