BD
SET_METRIC
C
BEGIN_EINRICHTEPLAN_INFO
C
ZA,MM,3
MM,AT,1,  10,1,1,,'Maschine',,'',T
MM,AT,1, 60,1,1,,,,,T
MM,AT,1,170,1,1,,,,,T
ZA,DA,1
C
DA,'L41',00019,1
C
ENDE_EINRICHTEPLAN_INFO
C
BEGIN_SHEET_TECH
C
ZA,MM,7
MM,AT,1,10,1,1,,,,,T
MM,AT,1,20,1,1,,,,'mm',Z
MM,AT,1,30,1,1,,,,'mm',Z
MM,AT,1,40,1,1,,,,'mm',Z
MM,AT,1,220,1,1,,,,'mm',Z
MM,AT,1,230,1,1,,,,'mm',Z
MM,AT,1,240,1,1,,'Materialkennung',,'',T
C
ZA,DA,1
DA,'SHT-1',313.0,182.0,0.8,313.0,182.0,'Al99'
C
ENDE_SHEET_TECH
C
BEGIN_SHEET_LOAD
C
ZA,MM,10
MM,AT,1,10,1,1,,'Table identifier',,,T
MM,AT,1,500,1,1,,'Loading unit',,,Z
MM,AT,1,620,1,1,,'Sheet stopper',,,Z
MM,AT,1,630,1,1,,'Measure sheet position',,,Z
MM,AT,1,640,1,1,,'Measure range in X',,'mm',Z
MM,AT,1,650,1,1,,'Measure range in Y',,'mm',Z
MM,AT,1,660,1,1,,'Calibration',,'Bool',Z
MM,AT,1,690,1,1,,'Type of pallet change',,,Z
MM,AT,1,700,1,1,,'Measuring Corner',,,Z
MM,AT,1,710,1,1,,,,,Z
C
ZA,DA,1
DA,'SHL-1',1,1,1,50.0,50.0,1,0,1,1
C
ENDE_SHEET_LOAD
C
BEGIN_LTT_CALLS
C
ZA,MM,1
MM,AT,1,10,1,1,,,,,T
C
ZA,DA,1
DA,'AL010MD0-N2S0-30-2'
C
ENDE_LTT_CALLS
C
BEGIN_MICROJOINT
C
ZA,MM,12
MM,AT,1,  10,1,1,,'Tabellenidentifikator              ',,'',T
MM,AT,1, 100,1,1,,'programmierte Microjoints aktiv    ',,'Bool',Z
MM,AT,1, 110,1,1,,'automatische Microjoints aktiv     ',,'Bool',Z
MM,AT,1, 120,1,1,,'Microjointbreite kleine Kontur     ',,'mm',Z
MM,AT,1, 130,1,1,,'Microjointbreite mittlere Kontur   ',,'mm',Z
MM,AT,1, 140,1,1,,'Microjointbreite grosse Kontur     ',,'mm',Z
MM,AT,1, 150,1,1,,'Konturausdehnung min X autom. Microjoint',,'mm',Z
MM,AT,1, 160,1,1,,'Konturausdehnung max X autom. Microjoint',,'mm',Z
MM,AT,1, 170,1,1,,'Konturausdehnung min Y autom. Microjoint',,'mm',Z
MM,AT,1, 180,1,1,,'Konturausdehnung max Y autom. Microjoint',,'mm',Z
MM,AT,1, 190,1,1,,'Einstechart nach Microjoint        ',,'',Z
MM,AT,1, 500,1,1,,'TRUMPF-Kennung                     ',,'',Z
C
ZA,DA,1
DA,'MIJO-1',1,0,0.7,0.7,0.7,-1,-1,-1,-1,11,1
C
ENDE_MICROJOINT
C
BEGIN_PROGRAMM
C
ZA,MM,4
MM,AT,1, 10,1,1,,,,,T
MM,AT,1, 20,1,1,,,,,T
MM,AT,1, 30,1,1,,,,,T
MM,AT,1, 40,1,1,,,,,Z
C
ZA,DA,2
DA,'SP100019','UP',,
START_TEXT
N10G91
N20G01X0.054Y0.085
N30TC_POS_LEVEL(40.0)
N40TC_LASER_ON(9,"AL010MD0-N2S0-30-2",10,100)
N50X2.446Y-1.555
N60G03X-5.116Y3.134I-2.584J1.524
N70X5.064Y-3.22I2.532J-1.61
N80TC_LASER_OFF(3)
N90G01X14.733Y-9.296
N100TC_LASER_ON(9,"AL010MD0-N2S0-30-2",10,100)
N110X2.009Y0.758
N120G03X-3.985Y-1.612I-1.974J-0.852
N130X4.022Y1.52I2.011J0.76
N140TC_LASER_OFF(3)
N150G01X36.226Y13.702
N160TC_LASER_ON(9,"AL010MD0-N2S0-30-2",10,100)
N170X1.517Y-2.471
N180G03X0.02Y8.232I-2.649J4.123
N190G01X-27.257Y17.701
N200G03X-5.337Y-8.219I-2.669J-4.11
N210G01X27.256Y-17.701
N220G03X5.233Y-0.066I2.669J4.11
N230TC_LASER_OFF(3)
N240G01X7.297Y-12.032
N250TC_LASER_ON(9,"AL010MD0-N2S0-30-2",10,100)
N260X-2.017Y0.738
N270G03X4.07Y-1.383I2.051J-0.644
N280X-4.038Y1.478I-2.019J0.739
N290TC_LASER_OFF(3)
N300G01X-18.535Y6.677
N310TC_LASER_ON(9,"AL010MD0-N2S0-30-2",10,100)
N320X-1.802Y1.17
N330G03X3.659Y-2.257I1.856J-1.086
N340X-3.606Y2.342I-1.803J1.171
N350TC_LASER_OFF(3)
N360G01X-8.316Y5.281
N370TC_LASER_ON(9,"AL010MD0-N2S0-30-2",10,100)
N380X-1.255Y0.815
N390G03X2.568Y-1.548I1.31J-0.731
N400X-2.516Y1.634I-1.258J0.817
N410TC_LASER_OFF(3)
N420G01X-8.88Y5.651
N430TC_LASER_ON(9,"AL010MD0-N2S0-30-2",10,100)
N440X-1.447Y1.587
N450G03X2.969Y-3.109I1.521J-1.52
N460X-2.896Y3.179I-1.448J1.589
N470TC_LASER_OFF(3)
N480G01X-15.033Y16.48
N490TC_LASER_ON(9,"AL010MD0-N2S0-30-2",10,100)
N500X1.922Y2.17
N510G03X-3.902Y-4.557I-1.913J-2.311
N520X3.978Y4.492I1.989J2.246
N530TC_LASER_OFF(3)
N540G01X32.002Y36.113
N550TC_LASER_ON(9,"AL010MD0-N2S0-30-2",10,100)
N560X0.212Y-0.212
N570X2.298Y2.298
N580G03X-0.424Y0.424I-0.212J0.212
N590G01X-4.738Y-4.737
N600G03X0.424Y-0.425I0.212J-0.213
N610G01X2.369Y2.369
N620TC_LASER_OFF(3)
N630X28.268Y-34.276
N640TC_LASER_ON(9,"AL010MD0-N2S0-30-2",10,100)
N650Y2.9
N660X-3.05
N670Y-9.8
N680X6.3
N690Y9.8
N700X-3.15
N710TC_LASER_OFF(3)
N720X11.5Y63.9
N730TC_LASER_ON(9,"AL010MD0-N2S0-30-2",10,100)
N740X1.647
N750G03X-3.297Y-0.1I-1.647J-0.1
N760X3.3I1.65J0
N770TC_LASER_OFF(3)
N780G01X38.45Y0.958
N790TC_LASER_ON(9,"AL010MD0-N2S0-30-2",10,100)
N800Y-0.3
N810X3.25
N820G03Y0.6I0J0.3
N830G01X-6.7
N840G03Y-0.6I0J-0.3
N850G01X3.35
N860TC_LASER_OFF(3)
N870X40.063Y-0.58
N880TC_LASER_ON(9,"AL010MD0-N2S0-30-2",10,100)
N890X1.283Y-1.032
N900G03X-2.632Y1.988I-1.346J0.954
N910X2.572Y-2.068I1.286J-1.034
N920TC_LASER_OFF(3)
N930G01X38.723Y-31.107
N940TC_LASER_ON(9,"AL010MD0-N2S0-30-2",10,100)
N950X0.212Y0.212
N960X-2.298Y2.298
N970G03X-0.424Y-0.424I-0.212J-0.212
N980G01X4.738Y-4.738
N990G03X0.424Y0.425I0.212J0.212
N1000G01X-2.369Y2.368
N1010TC_LASER_OFF(3)
N1020X-28.542Y-38.497
N1030TC_LASER_ON(9,"AL010MD0-N2S0-30-2",10,100)
N1040X2.9
N1050Y6.697
N1060X-6.3
N1070Y-9.8
N1080X6.3
N1090Y3.003
N1100TC_LASER_OFF(3)
N1110X59.472Y0.025
N1120TC_LASER_ON(9,"AL010MD0-N2S0-30-2",10,100)
N1130X0.725Y-2.806
N1140G03X-1.597Y5.783I-0.847J2.878
N1150X1.5Y-5.81I0.75J-2.905
N1160TC_LASER_OFF(3)
N1170G01X6.43Y-24.735
N1180TC_LASER_ON(9,"AL010MD0-N2S0-30-2",10,100)
N1190X-2.315Y-1.744
N1200G03X4.731Y3.689I2.335J1.884
N1210X-4.792Y-3.61I-2.396J-1.805
N1220TC_LASER_OFF(3)
N1230G01X-50.704Y-38.095
N1240TC_LASER_ON(9,"AL010MD0-N2S0-30-2",10,100)
N1250X0.894
N1260G03X-1.794Y-0.1I-0.894J-0.1
N1270X1.8I0.9J0
N1280TC_LASER_OFF(3)
N1290G01X-4.3Y0.1
N1300TC_LASER_ON(9,"AL010MD0-N2S0-30-2",10,100)
N1310X0.894
N1320G03X-1.794Y-0.1I-0.894J-0.1
N1330X1.8I0.9J0
N1340TC_LASER_OFF(3)
N1350G01X-4.3Y0.1
N1360TC_LASER_ON(9,"AL010MD0-N2S0-30-2",10,100)
N1370X0.894
N1380G03X-1.794Y-0.1I-0.894J-0.1
N1390X1.8I0.9J0
N1400TC_LASER_OFF(3)
N1410G01X-4.3Y0.1
N1420TC_LASER_ON(9,"AL010MD0-N2S0-30-2",10,100)
N1430X0.894
N1440G03X-1.794Y-0.1I-0.894J-0.1
N1450X1.8I0.9J0
N1460TC_LASER_OFF(3)
N1470G01X81.2Y-7.6
N1480TC_LASER_ON(9,"AL010MD0-N2S0-30-2",10,100)
N1490X-3
N1500X-10.7
N1510Y-2.4
N1520G02X-0.1Y-0.1I-0.1J0
N1530G01X-50.2
N1540G02X-0.1Y0.1I0J0.1
N1550G01Y9.9
N1560X-6.3
N1570Y-9.9
N1580G02X-0.1Y-0.1I-0.1J0
N1590G01X-13
N1600G02X-0.1Y0.1I0J0.1
N1610G01Y9.9
N1620X-6.3
N1630Y-9.9
N1640G02X-0.1Y-0.1I-0.1J0
N1650G01X-100.5
N1660G02X-0.1Y0.1I0J0.1
N1670G01Y11.9
N1680X-59.8
N1690Y-11.9
N1700G02X-0.1Y-0.1I-0.1J0
N1710G01X-15.7
N1720G02X-0.1Y0.1I0J0.1
N1730G01Y2.4
N1740X-10.7
N1750G02X-0.1Y0.1I0J0.1
N1760G01Y12.9
N1770X-9.4
N1780G02X-0.1Y0.1I0J0.1
N1790G01Y16.5
N1800G02X0.1Y0.1I0.1J0
N1810G01X10.6
N1820Y12.4
N1830G02X0.1Y0.1I0.1J0
N1840G01X9.5
N1850Y11.9
N1860G02X0.029Y0.071I0.1J0
N1870G01X7.171Y7.17
N1880Y29.259
N1890G02X0.029Y0.071I0.1J0
N1900G01X59.5Y59.5
N1910G02X0.071Y0.029I0.071J-0.071
N1920G01X23.9
N1930Y9.4
N1940G02X0.1Y0.1I0.1J0
N1950G01X71
N1960G02X0.1Y-0.1I0J-0.1
N1970G01Y-9.4
N1980X23.9
N1990G02X0.071Y-0.029I0J-0.1
N2000G01X59.5Y-59.5
N2010G02X0.029Y-0.071I-0.071J-0.071
N2020G01Y-29.259
N2030X7.171Y-7.17
N2040G02X0.029Y-0.071I-0.071J-0.071
N2050G01Y-11.9
N2060X9.5
N2070G02X0.1Y-0.1I0J-0.1
N2080G01Y-12.4
N2090X10.6
N2100G02X0.1Y-0.1I0J-0.1
N2110G01Y-16.5
N2120G02X-0.1Y-0.1I-0.1J0
N2130G01X-9.4
N2140Y-12.9
N2150TC_LASER_OFF(3)
N2160G01
N2170G90
N2180M17
N2190M02
STOP_TEXT
C
DA,'00019','HP',,
START_TEXT
N10MSG("PROGRAM NUMBER,00019")
N20MSG("SHEET Al99 : 313.0 x 182.0 x 0.8")
N30G71
N40F233000
N50TC_POS_LEVEL(40.0)
N60TC_SHEET_TECH("SHT-1")
N70TC_SHEET_LOAD("SHL-1")
N80TC_MICROJOINT("MIJO-1")
N90 ;GOTOF ENTRY_LASER
N100;ENTRY_LASER:
N110;(PART NUMBER: SP100019  DXFPUNC0 NUMBER:1)
N120G01X35.384Y59.946
N130SP100019
N140TC_LASER_OFF(2)
N150TC_PART_END(-1)
N160M30
STOP_TEXT
ENDE_PROGRAMM
ED


