BD
SET_METRIC
C
BEGIN_EINRICHTEPLAN_INFO
C
ZA,MM,3
MM,AT,1,  10,1,1,,'Maschine',,'',T
MM,AT,1, 60,1,1,,,,,T
MM,AT,1,170,1,1,,,,,T
ZA,DA,1
C
DA,'L41',00020,1
C
ENDE_EINRICHTEPLAN_INFO
C
BEGIN_SHEET_TECH
C
ZA,MM,7
MM,AT,1,10,1,1,,,,,T
MM,AT,1,20,1,1,,,,'mm',Z
MM,AT,1,30,1,1,,,,'mm',Z
MM,AT,1,40,1,1,,,,'mm',Z
MM,AT,1,220,1,1,,,,'mm',Z
MM,AT,1,230,1,1,,,,'mm',Z
MM,AT,1,240,1,1,,'Materialkennung',,'',T
C
ZA,DA,1
DA,'SHT-1',223.3,195.3,0.8,223.3,195.3,'Al99'
C
ENDE_SHEET_TECH
C
BEGIN_SHEET_LOAD
C
ZA,MM,10
MM,AT,1,10,1,1,,'Table identifier',,,T
MM,AT,1,500,1,1,,'Loading unit',,,Z
MM,AT,1,620,1,1,,'Sheet stopper',,,Z
MM,AT,1,630,1,1,,'Measure sheet position',,,Z
MM,AT,1,640,1,1,,'Measure range in X',,'mm',Z
MM,AT,1,650,1,1,,'Measure range in Y',,'mm',Z
MM,AT,1,660,1,1,,'Calibration',,'Bool',Z
MM,AT,1,690,1,1,,'Type of pallet change',,,Z
MM,AT,1,700,1,1,,'Measuring Corner',,,Z
MM,AT,1,710,1,1,,,,,Z
C
ZA,DA,1
DA,'SHL-1',1,1,1,50.0,50.0,1,0,1,1
C
ENDE_SHEET_LOAD
C
BEGIN_LTT_CALLS
C
ZA,MM,1
MM,AT,1,10,1,1,,,,,T
C
ZA,DA,1
DA,'AL010MD0-N2S0-30-2'
C
ENDE_LTT_CALLS
C
BEGIN_MICROJOINT
C
ZA,MM,12
MM,AT,1,  10,1,1,,'Tabellenidentifikator              ',,'',T
MM,AT,1, 100,1,1,,'programmierte Microjoints aktiv    ',,'Bool',Z
MM,AT,1, 110,1,1,,'automatische Microjoints aktiv     ',,'Bool',Z
MM,AT,1, 120,1,1,,'Microjointbreite kleine Kontur     ',,'mm',Z
MM,AT,1, 130,1,1,,'Microjointbreite mittlere Kontur   ',,'mm',Z
MM,AT,1, 140,1,1,,'Microjointbreite grosse Kontur     ',,'mm',Z
MM,AT,1, 150,1,1,,'Konturausdehnung min X autom. Microjoint',,'mm',Z
MM,AT,1, 160,1,1,,'Konturausdehnung max X autom. Microjoint',,'mm',Z
MM,AT,1, 170,1,1,,'Konturausdehnung min Y autom. Microjoint',,'mm',Z
MM,AT,1, 180,1,1,,'Konturausdehnung max Y autom. Microjoint',,'mm',Z
MM,AT,1, 190,1,1,,'Einstechart nach Microjoint        ',,'',Z
MM,AT,1, 500,1,1,,'TRUMPF-Kennung                     ',,'',Z
C
ZA,DA,1
DA,'MIJO-1',1,0,0.7,0.7,0.7,-1,-1,-1,-1,11,1
C
ENDE_MICROJOINT
C
BEGIN_PROGRAMM
C
ZA,MM,4
MM,AT,1, 10,1,1,,,,,T
MM,AT,1, 20,1,1,,,,,T
MM,AT,1, 30,1,1,,,,,T
MM,AT,1, 40,1,1,,,,,Z
C
ZA,DA,2
DA,'SP100020','UP',,
START_TEXT
N10G91
N20MSG("START CUT SCRAP DESTROY MACRO")
N30TC_POS_LEVEL(40.0)
N40TC_LASER_ON(9,"AL010MD0-N2S0-30-2",10,100)
N50G01X15.088
N60MSG("END CUT SCRAP DESTROY MACRO")
N70TC_LASER_OFF(3)
N80X20.924Y22.859
N90TC_LASER_ON(9,"AL010MD0-N2S0-30-2",10,100)
N100X2.274Y1.798
N110G03X-6.872Y1.249I-4.172J-3.428
N120X-44.436Y-44.436I60.7J-105.136
N130X9.353Y-5.4I4.677J-2.7
N140G02X40.483Y40.483I95.783J-55.3
N150G03X1.535Y8.026I-2.7J4.676
N160TC_LASER_OFF(3)
N170G01X45.253Y35.904
N180TC_LASER_ON(9,"AL010MD0-N2S0-30-2",10,100)
N190X2.891Y0.217
N200G03X-8.767Y-0.76I-4.379J-0.43
N210X8.775Y0.66I4.388J0.33
N220TC_LASER_OFF(3)
N230G01X15.407Y1.159
N240TC_LASER_ON(9,"AL010MD0-N2S0-30-2",10,100)
N250X-0.205Y2.892
N260G03X0.722Y-8.77I0.411J-4.381
N270X-0.622Y8.778I-0.311J4.389
N280TC_LASER_OFF(3)
N290G01X-1.193Y16.624
N300TC_LASER_ON(9,"AL010MD0-N2S0-30-2",10,100)
N310X-2.89Y0.217
N320G03X8.781Y-0.56I4.394J-0.23
N330X-8.775Y0.66I-4.387J0.33
N340TC_LASER_OFF(3)
N350G01X-15.649Y1.173
N360TC_LASER_ON(9,"AL010MD0-N2S0-30-2",10,100)
N370X0.123Y2.896
N380G03X-0.272Y-8.795I-0.086J-4.399
N390X0.371Y8.792I0.186J4.396
N400TC_LASER_OFF(3)
N410G01X1.318Y31.107
N420TC_LASER_ON(9,"AL010MD0-N2S0-30-2",10,100)
N430X2.893Y-0.189
N440G03X-8.787Y0.472I-4.396J0.186
N450X8.781Y-0.572I4.391J-0.286
N460TC_LASER_OFF(3)
N470G01X16.362Y-1.015
N480TC_LASER_ON(9,"AL010MD0-N2S0-30-2",10,100)
N490X1.28Y-2.601
N500G03X-3.975Y7.85I-2.032J3.902
N510X3.886Y-7.895I1.943J-3.948
N520TC_LASER_OFF(3)
N530G01X46.405Y-94.071
N540TC_LASER_ON(9,"AL010MD0-N2S0-30-2",10,100)
N550X0.289Y-2.885
N560G03X2.063Y10.039I-0.637J5.362
N570X-60.7Y16.264I-60.7J-105.136
N580Y-10.8I0J-5.4
N590G02X55.3Y-14.817I0J-110.6
N600G03X3.237Y-0.697I2.7J4.676
N610TC_LASER_OFF(3)
N620G01X2.09Y-21.88
N630TC_LASER_ON(9,"AL010MD0-N2S0-30-2",10,100)
N640X-0.579Y2.843
N650G02X-2.385Y0.579I-0.521J3.056
N660G03X-145.915Y-39.098I-57.663J-76.628
N670G02X-4.403Y-1.472I-2.853J1.213
N680G01X-29.607Y17.094
N690G02X-1.264Y3.986I1.55J2.685
N700X88.628Y74.412I123.526J-57.138
N710G03X14.798Y19.235I-5.102J19.235
N720G01Y57.215
N730G02X3.1Y3.1I3.1J0
N740G01X34
N750G02X3.1Y-3.1I0J-3.1
N760G01Y-57.215
N770G03X14.797Y-19.235I19.9J0
N780G02X43.51Y-20.304I-34.897J-131.55
N790X0.898Y-4.084I-1.786J-2.534
N800G01X-17.093Y-29.607
N810G02X-2.066Y-1.488I-2.685J1.55
N820TC_LASER_OFF(3)
N830G01
N840G90
N850M17
N860M02
STOP_TEXT
C
DA,'00020','HP',,
START_TEXT
N10MSG("PROGRAM NUMBER,00020")
N20MSG("SHEET Al99 : 223.3 x 195.3 x 0.8")
N30G71
N40F233000
N50TC_POS_LEVEL(40.0)
N60TC_SHEET_TECH("SHT-1")
N70TC_SHEET_LOAD("SHL-1")
N80TC_MICROJOINT("MIJO-1")
N90 ;GOTOF ENTRY_LASER
N100;ENTRY_LASER:
N110;(PART NUMBER: SP100020  DXFPAR0105 NUMBER:1)
N120G01X41.598Y53.487
N130SP100020
N140TC_LASER_OFF(2)
N150TC_PART_END(-1)
N160M30
STOP_TEXT
ENDE_PROGRAMM
ED


