BD
SET_METRIC
C
BEGIN_EINRICHTEPLAN_INFO
C
ZA,MM,25
MM,AT,1,  10,1,1,,'Maschine'                       ,,'',T
MM,AT,1,  20,1,1,,'Typ'                            ,,'',Z
MM,AT,1,  30,1,1,,'Steuerung'                      ,,'',T
MM,AT,1,  40,1,1,,'Variante'                       ,,'',Z
MM,AT,1,  50,1,1,,'Firma'                          ,,'',T
MM,AT,1,  60,1,1,,'Programmnummer'                 ,,'',T
MM,AT,1,  70,1,1,,'Bearbeiter'                     ,,'',T
MM,AT,1,  80,1,1,,'Datum'                          ,,'',T
MM,AT,1,  90,1,1,,'Auftragsname'                   ,,'',T
MM,AT,1, 100,1,1,,'Anzahl der Programmdurchlaeufe' ,,'',Z
MM,AT,1, 110,1,1,,'Tafelname'                      ,,'',T
MM,AT,1, 120,1,1,,'Speicherbedarf'                 ,,'',Z
MM,AT,1, 130,1,1,,'Material-ID'                    ,,'',T
MM,AT,1, 140,1,1,,'Tafelgewicht'                   ,,'kg',Z
MM,AT,1, 150,1,1,,'Maschinenzeit'                  ,,'min',Z
MM,AT,1, 160,1,1,,'Bemerkung'                      ,,'',T
MM,AT,1, 170,1,1,,'Flag Automatisiert'             ,,'Bool',Z
MM,AT,1, 180,1,1,,'Flag ToPsxxx-Programm'          ,,'Bool',Z
MM,AT,1, 190,1,1,,'Einrichteplanfilename'          ,,'',T
MM,AT,1, 200,1,1,,'Lagergutbezeichnung'            ,,'',T
MM,AT,1, 210,1,1,,'Palettierungsflag'              ,,'Bool',Z
MM,AT,1, 220,1,1,,'Palettierungmodus'              ,,'',Z
MM,AT,1, 250,1,1,,'SystemPalletType'               ,,'',T
MM,AT,1, 280,1,1,,'viewer name machine'            ,,'',T
MM,AT,1, 320,1,1,,'SortMasterBoxSetupConfiguration',,'',Z
C
ZA,DA,1
DA,'S11',1,'Bo CMP70',1,'','0000021','User','22.06.2022','',1,'',0,
*   'Al99',0.04,0,' ',0,1,'','',0,1,'','TruPunch 3000 (S11)',-1
C
ENDE_EINRICHTEPLAN_INFO
C
BEGIN_PROGRAM_PROPERTIES
C
ZA,MM,3
MM,AT,1, 20,1,1,,'ProgramType'                      ,,'',Z
MM,AT,1, 30,1,1,,'ProgramedClampPositionsObligatory',,'Bool',Z
MM,AT,1, 40,1,1,,'ReentryRestriction'               ,,'',Z
C
ZA,DA,1
DA,1,0,0
C
ENDE_PROGRAM_PROPERTIES
C
BEGIN_PTT
C
ZA,MM,40
MM,AT,1,  10,1,1,,'Tabellenidentifikator'                ,,'',T
MM,AT,1,  20,1,1,,'GEWIRO Drehzahl'                      ,,'1/min',Z
MM,AT,1,  30,1,1,,'GEWIRO Schmierbehaelter Nr.'          ,,'',Z
MM,AT,1,  40,1,1,,'GEWIRO Anzahl Schmierimpulse'         ,,'',Z
MM,AT,1,  60,1,1,,'OT-Offset'                            ,,'mm',Z
MM,AT,1,  70,1,1,,'UT-Offset'                            ,,'mm',Z
MM,AT,1,  80,1,1,,'Arbeitslage'                          ,,'',Z
MM,AT,1,  90,1,1,,'TRUMPF-Kennung'                       ,,'',Z
MM,AT,1, 100,1,1,,'Anz.C-Achsen Drehung'                 ,,'',Z
MM,AT,1, 110,1,1,,'Tabellenart (Werkzeugtyp)'            ,,'',Z
MM,AT,1, 120,1,1,,'Vorschub'                             ,,'m/min',Z
MM,AT,1, 130,1,1,,'Stangendruck Abstreifer'              ,,'Bool',Z
MM,AT,1, 140,1,1,,'Niederhalterkraft'                    ,,'N',Z
MM,AT,1, 150,1,1,,'Freifahrweg'                          ,,'mm',Z
MM,AT,1, 160,1,1,,'Niederhalter'                         ,,'',Z
MM,AT,1, 170,1,1,,'Softpunch'                            ,,'',Z
MM,AT,1, 180,1,1,,'Stanzen mit Verzoegerung'             ,,'',Z
MM,AT,1, 190,1,1,,'Absaugung'                            ,,'',Z
MM,AT,1, 200,1,1,,'Werkzeugschmierung'                   ,,'',Z
MM,AT,1, 210,1,1,,'Werkzeugidentnummer'                  ,,'',T
MM,AT,1, 220,1,1,,'Werkzeugbemerkung'                    ,,'',T
MM,AT,1, 230,1,1,,'Wzg-ID. Gueltigkeit'                  ,,'',Z
MM,AT,1, 240,1,1,,'UT2_Offset'                           ,,'mm',Z
MM,AT,1, 250,1,1,,'OT2_Offset'                           ,,'mm',Z
MM,AT,1, 260,1,1,,'Vorschub je Hub'                      ,,'mm',Z
MM,AT,1, 270,1,1,,'Geschwindigkeit'                      ,,'m/min',Z
MM,AT,1, 280,1,1,,'Geschw.Reduzierung Stanzhub ab'       ,,'%',Z
MM,AT,1, 290,1,1,,'Geschw.Reduzierung Stanzhub auf'      ,,'%',Z
MM,AT,1, 300,1,1,,'Tapping Tool Breakage Check Active'   ,,'Bool',Z
MM,AT,1, 310,1,1,,'Punching Chip Counter'                ,,'',Z
MM,AT,1, 320,1,1,,'Safe Distance Offset'                 ,,'mm',Z
MM,AT,1, 330,1,1,,'Prepare Safe Distance Offset'         ,,'mm',Z
MM,AT,1, 340,1,1,,'StrokeType'                           ,,'',Z
MM,AT,1, 350,1,1,,'OT-Offset Matrize (OTM)'              ,,'mm',Z
MM,AT,1, 360,1,1,,'Prepare Safe Distance Nibbling Offset',,'mm',Z
MM,AT,1, 370,1,1,,'PunchingToolBreakageCheckActive'      ,,'Bool',Z
MM,AT,1, 390,1,1,,'TrackPenetrationEntryDistance'        ,,'mm',Z
MM,AT,1, 400,1,1,,'TrackPenetrationExitDistance'         ,,'mm',Z
MM,AT,1, 410,1,1,,'TrackPenetrationStartDepth'           ,,'mm',Z
MM,AT,1, 420,1,1,,'TrackPenetrationDepth2'               ,,'mm',Z
C
ZA,DA,2
DA,'PTT-1',0,0,0,0.000,0.000,0,1,0.00,1,0.00,0,0,0.000,0,0,0,1,1,
*   '01071000','MT5-RD-7.1',1,0.000,0.000,0.00,0.00,100,100,1,0,0.000,
*   0.000,0,0.000,0.000,0,0.000,0.000,0.000,0.000
DA,'PTT-2',0,0,0,0.000,0.000,0,1,0.00,4,0.00,0,0,0.000,0,0,0,1,1,
*   '04200050','RE-20x5',1,0.000,0.000,0.00,0.00,100,100,1,0,0.000,
*   0.000,0,0.000,0.000,0,0.000,0.000,0.000,0.000
C
ENDE_PTT
C
BEGIN_SHEET_TECH
C
ZA,MM,30
MM,AT,1,  10,1,1,,'Tabellenidentifikator'         ,,'',T
MM,AT,1,  20,1,1,,'Blechmass X'                   ,,'mm',Z
MM,AT,1,  30,1,1,,'Blechmass Y'                   ,,'mm',Z
MM,AT,1,  40,1,1,,'Blechmass Z'                   ,,'mm',Z
MM,AT,1,  50,1,1,,'Blechtyp'                      ,,'',Z
MM,AT,1,  60,1,1,,'Blechdickenoffset'             ,,'mm',Z
MM,AT,1,  70,1,1,,'kratzerarm'                    ,,'Bool',Z
MM,AT,1,  80,1,1,,'Material-ID'                   ,,'',T
MM,AT,1,  90,1,1,,'Anzahl Pratzen'                ,,'',Z
MM,AT,1, 100,1,1,,'Magazinplatz Pratze 1'         ,,'',Z
MM,AT,1, 110,1,1,,'Magazinplatz Pratze 2'         ,,'',Z
MM,AT,1, 120,1,1,,'Magazinplatz Pratze 3'         ,,'',Z
MM,AT,1, 130,1,1,,'Magazinplatz Pratze 4'         ,,'',Z
MM,AT,1, 160,1,1,,'Magazinplatz Pratze 5'         ,,'',Z
MM,AT,1, 170,1,1,,'Magazinplatz Pratze 6'         ,,'',Z
MM,AT,1, 180,1,1,,'1.vom Blech ueberd.Steckplatz' ,,'',Z
MM,AT,1, 190,1,1,,'letzter ueberdeckt.Steckplatz' ,,'',Z
MM,AT,1, 200,1,1,,'TRUMPF-Kennung'                ,,'',Z
MM,AT,1, 210,1,1,,'Bearbeitung zwischen Pratzen'  ,,'',Z
MM,AT,1, 220,1,1,,'Blechmass X real'              ,,'mm',Z
MM,AT,1, 230,1,1,,'Blechmass Y real'              ,,'mm',Z
MM,AT,1, 240,1,1,,'Materialkennung'               ,,'',T
MM,AT,1, 250,1,1,,'Beschleunigungsanpassung'      ,,'Bool',Z
MM,AT,1, 260,1,1,,'Werkstoffdichte'               ,,'kg/dm3',Z
MM,AT,1, 290,1,1,,'Werkstoffkennung'              ,,'',T
MM,AT,1, 300,1,1,,'Scratch Free Die On Active'    ,,'Bool',Z
MM,AT,1, 310,1,1,,'Safe Distance'                 ,,'mm',Z
MM,AT,1, 320,1,1,,'Prepare Safe Distance'         ,,'mm',Z
MM,AT,1, 360,1,1,,'Prepare Safe Distance Nibbling',,'mm',Z
MM,AT,1, 400,1,1,,'MaterialGroupViewerText'       ,,'',T
C
ZA,DA,1
DA,'SHT-1',180,115,0.8,1,0.00,1,'0',3,2,10,16,0,0,0,1,2,1,-1,180,115,
*   'Al99',0,2.7,'1.0038',1,0.00,0.00,0.00,'1.0038'
C
ENDE_SHEET_TECH
C
BEGIN_MACHINE_LOAD_DATA
C
ZA,MM,13
MM,AT,1,  10,1,1,,'Load Name'                 ,,'',T
MM,AT,1,  20,1,1,,'Loading Position X'        ,,'mm',Z
MM,AT,1,  30,1,1,,'Loading Position Y'        ,,'mm',Z
MM,AT,1,  40,1,1,,'Feed To Loading Position'  ,,'m/min',Z
MM,AT,1,  50,1,1,,'Loading Type'              ,,'',Z
MM,AT,1,  60,1,1,,'Calibration Active'        ,,'Bool',Z
MM,AT,1,  70,1,1,,'Stop Pin'                  ,,'',Z
MM,AT,1,  80,1,1,,'Loading Aid Active'        ,,'Bool',Z
MM,AT,1,  90,1,1,,'Feed Against Clamps'       ,,'m/min',Z
MM,AT,1, 160,1,1,,'LoadingSideAgainstStopPin' ,,'',Z
MM,AT,1, 170,1,1,,'StopPinCode'               ,,'',Z
MM,AT,1, 180,1,1,,'RightSheetEdgeRailPosition',,'mm',Z
MM,AT,1, 190,1,1,,'LeftSheetEdgeRailPosition' ,,'mm',Z
C
ZA,DA,1
DA,'SHL-1',470.000,140.010,115.000,1,0,1,0,0.00,0,121,34.00,214.00
C
ENDE_MACHINE_LOAD_DATA
C
BEGIN_MACHINE_UNLOAD_DATA
C
ZA,MM,31
MM,AT,1,  10,1,1,,'Unload Name'                 ,,'',T
MM,AT,1,  20,1,1,,'Flap Drop Speed Factor'      ,,'%',Z
MM,AT,1,  30,1,1,,'Flap Rotation Speed Factor'  ,,'%',Z
MM,AT,1,  50,1,1,,'Push Out Distance X'         ,,'mm',Z
MM,AT,1,  60,1,1,,'Push Out Distance Y'         ,,'mm',Z
MM,AT,1,  70,1,1,,'Push Out Speed'              ,,'m/min',Z
MM,AT,1,  80,1,1,,'Light Barrier Check Active'  ,,'Bool',Z
MM,AT,1,  90,1,1,,'Air Blast Support'           ,,'',Z
MM,AT,1, 110,1,1,,'Flap Selection'              ,,'',Z
MM,AT,1, 120,1,1,,'Close Flap After Unload'     ,,'Bool',Z
MM,AT,1, 130,1,1,,'Cut Before Open'             ,,'Bool',Z
MM,AT,1, 140,1,1,,'Push Out Before Open'        ,,'Bool',Z
MM,AT,1, 150,1,1,,'Approach Uppermost Height'   ,,'Bool',Z
MM,AT,1, 160,1,1,,'SortMasterBox Number'        ,,'',Z
MM,AT,1, 170,1,1,,'Unload Type'                 ,,'',Z
MM,AT,1, 180,1,1,,'Chip Flap Closed'            ,,'Bool',Z
MM,AT,1, 190,1,1,,'Pull Back After Push Out'    ,,'Bool',Z
MM,AT,1, 200,1,1,,'Unload Position X'           ,,'mm',Z
MM,AT,1, 210,1,1,,'Unload Position Y'           ,,'mm',Z
MM,AT,1, 220,1,1,,'Unload Speed'                ,,'m/min',Z
MM,AT,1, 230,1,1,,'Unload Support Active'       ,,'Bool',Z
MM,AT,1, 240,1,1,,'Open Clamps'                 ,,'',Z
MM,AT,1, 250,1,1,,'Reserve'                     ,,'',Z
MM,AT,1, 260,1,1,,'Number Of Monitored Clamps'  ,,'',Z
MM,AT,1, 280,1,1,,'Switch Stand'                ,,'',Z
MM,AT,1, 290,1,1,,'Traveling Speed'             ,,'m/min',Z
MM,AT,1, 300,1,1,,'Support Table Minus Y Active',,'Bool',Z
MM,AT,1, 310,1,1,,'Travel And Clamp Active'     ,,'Bool',Z
MM,AT,1, 320,1,1,,'StrippingSpeedY'             ,,'m/min',Z
MM,AT,1, 330,1,1,,'StrippingAccelerationY'      ,,'m/s2',Z
MM,AT,1, 340,1,1,,'ClosePartGateAfterUnload'    ,,'Bool',Z
C
ZA,DA,1
DA,'MUNL-1',100,100,0.00,0.00,0.00,0,0,0,0,0,0,0,0,1,0,1,470.000,
*   140.010,115.000,0,63,0,0,0,0.00,0,0,0.00,0.000,1
C
ENDE_MACHINE_UNLOAD_DATA
C
BEGIN_WZG_STAMM
C
ZA,MM,69
MM,AT,1,  10,1,1,,'Maschine'              ,,'',T
MM,AT,1,  20,1,1,,'Identnummer'           ,,'',T
MM,AT,1,  30,1,1,,'Duplonummer'           ,,'',Z
MM,AT,1,  40,1,1,,'Stempelnummer'         ,,'',Z
MM,AT,1,  50,1,1,,'Magazinplatz'          ,,'',Z
MM,AT,1,  60,1,1,,'Werkzeugort'           ,,'',Z
MM,AT,1,  70,1,1,,'Index'                 ,,'',Z
MM,AT,1,  80,1,1,,'Werkzeugtyp'           ,,'',Z
MM,AT,1,  90,1,1,,'Whispertool'           ,,'',Z
MM,AT,1, 100,1,1,,'MultiTool'             ,,'',Z
MM,AT,1, 110,1,1,,'Sperrkennung'          ,,'',Z
MM,AT,1, 120,1,1,,'Prioritaet'            ,,'',Z
MM,AT,1, 130,1,1,,'Bemerkung'             ,,'',T
MM,AT,1, 140,1,1,,'GEWIRO-Umdrehung'      ,,'1/min',Z
MM,AT,1, 150,1,1,,'GEWIRO-rechts-links'   ,,'',Z
MM,AT,1, 160,1,1,,'Rotation'              ,,'',Z
MM,AT,1, 170,1,1,,'Einbauwinkellage'      ,,'',Z
MM,AT,1, 180,1,1,,'Werkzeugmass 1'        ,,'mm',Z
MM,AT,1, 190,1,1,,'Werkzeugmass 2'        ,,'mm',Z
MM,AT,1, 200,1,1,,'Werkzeugmass 3'        ,,'mm',Z
MM,AT,1, 210,1,1,,'Werkzeugmass 4'        ,,'mm',Z
MM,AT,1, 220,1,1,,'Werkzeugmass 5'        ,,'mm',Z
MM,AT,1, 230,1,1,,'Werkzeugmass 6'        ,,'mm',Z
MM,AT,1, 240,1,1,,'Vorschub min'          ,,'m/min',Z
MM,AT,1, 250,1,1,,'Vorschub max'          ,,'m/min',Z
MM,AT,1, 260,1,1,,'Vorschub res'          ,,'m/min',Z
MM,AT,1, 270,1,1,,'Hubzahl min'           ,,'',Z
MM,AT,1, 280,1,1,,'Hubzahl max'           ,,'',Z
MM,AT,1, 290,1,1,,'Hubzahl ist'           ,,'',Z
MM,AT,1, 300,1,1,,'Zeichnungsname'        ,,'',T
MM,AT,1, 310,1,1,,'Niederhaltertyp'       ,,'',Z
MM,AT,1, 320,1,1,,'OT-Lage Blechdicke 0.0',,'mm',Z
MM,AT,1, 330,1,1,,'TRUMPF-Kennung'        ,,'',Z
MM,AT,1, 340,1,1,,'Blechdicke'            ,,'mm',Z
MM,AT,1, 350,1,1,,'Blechdickentoleranz'   ,,'mm',Z
MM,AT,1, 360,1,1,,'Nachschleiflaenge'     ,,'mm',Z
MM,AT,1, 370,1,1,,'Langes Werkzeug'       ,,'mm',Z
MM,AT,1, 380,1,1,,'MT-Nullpunktversatz-X' ,,'mm',Z
MM,AT,1, 390,1,1,,'MT-Nullpunktversatz-Y' ,,'mm',Z
MM,AT,1, 490,1,1,,'Hardware Qualification',,'',Z
MM,AT,1, 510,1,1,,'Data Source'           ,,'',Z
MM,AT,1, 520,1,1,,'Customer Remark1'      ,,'',T
MM,AT,1, 590,1,1,,'Tool Group Type'       ,,'',Z
MM,AT,1, 600,1,1,,'Tool Contour Length'   ,,'mm',Z
MM,AT,1, 610,1,1,,'Tool Contour Width'    ,,'mm',Z
MM,AT,1, 620,1,1,,'Tool Diameter'         ,,'mm',Z
MM,AT,1, 630,1,1,,'Tool Corner Radius'    ,,'mm',Z
MM,AT,1, 640,1,1,,'Tool Angle'            ,,'deg',Z
MM,AT,1, 650,1,1,,'Immersion Depth'       ,,'mm',Z
MM,AT,1, 660,1,1,,'Tool Web Thickness 1'  ,,'mm',Z
MM,AT,1, 670,1,1,,'Tool Web Thickness 2'  ,,'mm',Z
MM,AT,1, 680,1,1,,'Cutting Edge Radius 1' ,,'mm',Z
MM,AT,1, 690,1,1,,'Cutting Edge Radius 2' ,,'mm',Z
MM,AT,1, 700,1,1,,'Cutting Edge Radius 3' ,,'mm',Z
MM,AT,1, 710,1,1,,'Cutting Edge Radius 4' ,,'mm',Z
MM,AT,1, 720,1,1,,'Interspace 1'          ,,'mm',Z
MM,AT,1, 730,1,1,,'Interspace 2'          ,,'mm',Z
MM,AT,1, 740,1,1,,'Interspace 3'          ,,'mm',Z
MM,AT,1, 750,1,1,,'Interspace 4'          ,,'mm',Z
MM,AT,1, 760,1,1,,'Offset Angle'          ,,'deg',Z
MM,AT,1, 770,1,1,,'Forming Result Height' ,,'mm',Z
MM,AT,1, 780,1,1,,'Tool Level Forming'    ,,'mm',Z
MM,AT,1, 790,1,1,,'Die Thickness'         ,,'mm',Z
MM,AT,1, 800,1,1,,'Tool Model'            ,,'',Z
MM,AT,1, 810,1,1,,'Core Hole Diameter'    ,,'mm',Z
MM,AT,1, 820,1,1,,'Thread Lead'           ,,'mm',Z
MM,AT,1, 830,1,1,,'Rotating Direction'    ,,'',Z
MM,AT,1, 840,1,1,,'Flag Crest Of Thread'  ,,'',Z
MM,AT,1, 850,1,1,,'Transmission'          ,,'',Z
C
ZA,DA,2
DA,'','01071000',0,1,1,0,0,1,0,1,0,0,'MT5-RD-7.1',0.00,0,0,0.000,
*   7.100,0.000,0.000,0.000,0.000,0.000,0.000,0.000,0.000,0,0,0,'',0,
*   0.000,1,0.000,0.000,0.000,0,0.000,0.000,0,0,'',0,0.000,0.000,
*   7.100,0.000,0.00,0.000,0.000,0.000,0.000,0.000,0.000,0.000,0.000,
*   0.000,0.000,0.000,0.00,0.000,0.000,0.000,0,0.000,0.000,0,0,0
DA,'','04200050',0,1,1,0,0,4,1,1,0,0,'RE-20x5',0.00,0,0,0.000,20.000,
*   5.000,0.000,0.000,0.000,0.000,0.000,0.000,0.000,0,0,0,
*   'rechteck.wzg',0,0.000,1,0.000,0.000,0.000,0,0.000,0.000,0,0,'',1,
*   20.000,5.000,0.000,0.000,0.00,0.000,0.000,0.000,0.000,0.000,0.000,
*   0.000,0.000,0.000,0.000,0.000,0.00,0.000,0.000,0.000,0,0.000,
*   0.000,0,0,0
C
ENDE_WZG_STAMM
C
BEGIN_WZG_CALLS
C
ZA,MM,3
MM,AT,1, 10,1,1,,'Werkzeugidentnummer' ,,'',T
MM,AT,1, 20,1,1,,'Werkzeugaufrufnummer',,'',Z
MM,AT,1, 30,1,1,,'ToolMountName'       ,,'',T
C
ZA,DA,2
DA,'01071000',1,'TMD-1'
DA,'04200050',2,'TMD-2'
C
ENDE_WZG_CALLS
C
BEGIN_TOOL_MOUNT_DATA
C
ZA,MM,3
MM,AT,1, 10,1,1,,'ToolMountName',,'',T
MM,AT,1, 20,1,1,,'StripperType' ,,'',Z
MM,AT,1, 30,1,1,,'DieType'      ,,'',Z
C
ZA,DA,2
DA,'TMD-1',-1,0
DA,'TMD-2',-1,0
C
ENDE_TOOL_MOUNT_DATA
C
BEGIN_PUNCHING_TOOL_USAGE
C
ZA,MM,4
MM,AT,1, 10,1,1,,'Punch Identification',,'',T
MM,AT,1, 20,1,1,,'Stroke Count'        ,,'',Z
MM,AT,1, 30,1,1,,'Process Length'      ,,'mm',Z
MM,AT,1, 40,1,1,,'Part Type Index'     ,,'',Z
C
ZA,DA,2
DA,'01071000',200,0.00,0
DA,'04200050',3,0.00,0
C
ENDE_PUNCHING_TOOL_USAGE
C
BEGIN_TOOL_MEASURE
C
ZA,MM,5
MM,AT,1, 10,1,1,,'Record Type'        ,,'',Z
MM,AT,1, 20,1,1,,'Identnummer'        ,,'',T
MM,AT,1, 30,1,1,,'Measure Point Index',,'',Z
MM,AT,1, 40,1,1,,'Measure Point X'    ,,'mm',Z
MM,AT,1, 50,1,1,,'Measure Point Y'    ,,'mm',Z
C
ZA,DA,2
DA,1,'01071000',1,0.000,0.000
DA,1,'04200050',1,0.000,0.000
C
ENDE_TOOL_MEASURE
C
BEGIN_PARTS_IN_PROGRAM
C
ZA,MM,23
MM,AT,1,  10,1,1,,'Hauptprogrammname'              ,,'',T
MM,AT,1,  20,1,1,,'reserviert'                     ,,'',T
MM,AT,1,  30,1,1,,'Teil-Identnummer'               ,,'',T
MM,AT,1,  40,1,1,,'reserviert'                     ,,'',Z
MM,AT,1,  50,1,1,,'Geometriefilename'              ,,'',T
MM,AT,1,  60,1,1,,'Anzahl'                         ,,'',Z
MM,AT,1,  70,1,1,,'Geometriefilename (einf.Darstl)',,'',T
MM,AT,1,  80,1,1,,'Bearbeitungszeit'               ,,'min',Z
MM,AT,1,  90,1,1,,'Flaeche'                        ,,'mm2',Z
MM,AT,1, 100,1,1,,'ToPs-Zeichnungskunde'           ,,'',T
MM,AT,1, 110,1,1,,'ToPs-Teile-Nummerierung'        ,,'',T
MM,AT,1, 120,1,1,,'ToPs-Zeichnungsname'            ,,'',T
MM,AT,1, 130,1,1,,'Abmessung X'                    ,,'mm',Z
MM,AT,1, 140,1,1,,'Abmessung Y'                    ,,'mm',Z
MM,AT,1, 170,1,1,,'Verbuchungsteil'                ,,'Bool',Z
MM,AT,1, 180,1,1,,'Offset X (Urspr. zu Schwerpkt.)',,'mm',Z
MM,AT,1, 190,1,1,,'Offset Y (Urspr. zu Schwerpkt.)',,'mm',Z
MM,AT,1, 220,1,1,,'Gross Area'                     ,,'mm2',Z
MM,AT,1, 230,1,1,,'Blechdicke_im_Stapel'           ,,'mm',Z
MM,AT,1, 240,1,1,,'Part Type Index'                ,,'',Z
MM,AT,1, 250,1,1,,'AmountMirroredParts'            ,,'',Z
MM,AT,1, 260,1,1,,'Part Angle In File'             ,,'deg',Z
MM,AT,1, 500,1,1,,'TRUMPF-Kennung'                 ,,'',Z
C
ZA,DA,1
DA,'0000021','0','@GRID_1',0,'',1,'',0.00,20700.00,'','','',180.000,
*   115.000,0,90.000,57.500,20700.00,0.80,1,0,0.00,1
C
ENDE_PARTS_IN_PROGRAM
C
BEGIN_PARTS_IN_PROGRAM_POS
C
ZA,MM,21
MM,AT,1,  10,1,1,,'laufende Nummer gefertigtes Teil',,'',Z
MM,AT,1,  20,1,1,,'Hauptprogrammname'               ,,'',T
MM,AT,1,  30,1,1,,'Teil-Identnummer'                ,,'',T
MM,AT,1,  60,1,1,,'Position X-Koordinate'           ,,'mm',Z
MM,AT,1,  70,1,1,,'Position Y-Koordinate'           ,,'mm',Z
MM,AT,1,  80,1,1,,'Abmessung in X'                  ,,'mm',Z
MM,AT,1,  90,1,1,,'Abmessung in Y'                  ,,'mm',Z
MM,AT,1, 100,1,1,,'Winkellage'                      ,,'deg',Z
MM,AT,1, 150,1,1,,'X-Koordinate Schwerpunkt'        ,,'mm',Z
MM,AT,1, 160,1,1,,'Y-Koordinate Schwerpunkt'        ,,'mm',Z
MM,AT,1, 190,1,1,,'Entnahmenummer'                  ,,'',Z
MM,AT,1, 200,1,1,,'Referenzteil'                    ,,'',Z
MM,AT,1, 210,1,1,,'Name der PartUnloadData-Tabelle' ,,'',T
MM,AT,1, 220,1,1,,'Name der PartPalettData-Tabelle' ,,'',T
MM,AT,1, 240,1,1,,'Klassifizierung'                 ,,'',Z
MM,AT,1, 250,1,1,,'reserviert'                      ,,'',T
MM,AT,1, 300,1,1,,'Pallet Sequence'                 ,,'',Z
MM,AT,1, 310,1,1,,'Unload Data Name'                ,,'',T
MM,AT,1, 320,1,1,,'Part Type Index'                 ,,'',Z
MM,AT,1, 330,1,1,,'Mirrored At Y'                   ,,'Bool',Z
MM,AT,1, 500,1,1,,'TRUMPF-Kennung'                  ,,'',Z
C
ZA,DA,1
DA,1,'0000021','@GRID_1',0.00,0.00,180.00,115.00,0.00,90.00,57.50,1,1,
*   '','',5,'',1,'MUNL-1',1,0,1
C
ENDE_PARTS_IN_PROGRAM_POS
C
BEGIN_PROGRAMM
C
ZA,MM,7
MM,AT,1, 10,1,1,,'Programmnummer'            ,,'',T
MM,AT,1, 20,1,1,,'Programmtyp'               ,,'',T
MM,AT,1, 30,1,1,,'Bemerkung'                 ,,'',T
MM,AT,1, 40,1,1,,'Bearbeitungszeit'          ,,'min',Z
MM,AT,1, 50,1,1,,'Dateityp'                  ,,'',T
MM,AT,1, 60,1,1,,'IncreasingRecordNumberFlag',,'Bool',Z
MM,AT,1, 70,1,1,,'PartTypeIndex'             ,,'',Z
C
ZA,DA,1
DA,'0000021','HP',' ',0,'LST',1,0
START_TEXT
N10MSG(" *** MT5-RD-7.1 *** ")
N12MSG(" *** RE-20x5 *** ")
N14TRAILON(C2,C1)
N16F115000
N18G01
N20TC_POS_ACCEL(12.0,6.0)
N22TC_CLAMP_CYC
N24TC_SHEET_TECH("SHT-1")
N26;TC_TECHNO_MODE(1)
N28TC_TANGTOOL_OFF
N30;GOTOF ENTRY_PUNCH
N32TC_SHEET_LOAD("SHL-1")
N34;ENTRY_PUNCH: ;MT5-RD-7.1
N36MSG("WZG MT5-RD-7.1")
N38TC_TOOL_LOAD("01071000","PTT-1")
N40TC_TOOL_LUBE_ON(1)
N42TC_TOOL_LUBE_OFF
N44G01X183.55Y90
N46NIBBLE_ON
N48SPP=1.12
N50G03X155Y118.55I-28.55J0
N52NIBBLE_OFF
N54G01
N56PUNCH_ON
N58X155Y90C1=DC(0)
N60PUNCH_OFF
N62X161.45
N64PUNCH_ON
N66X161.45Y90
N68X161.405Y90.763
N70X161.27Y91.515
N72X161.046Y92.246
N74X160.738Y92.945
N76X160.35Y93.603
N78X159.886Y94.211
N80X159.354Y94.759
N82X158.76Y95.241
N84X158.114Y95.648
N86X157.424Y95.977
N88X156.7Y96.222
N90X155.952Y96.379
N92X155.191Y96.447
N94X154.427Y96.425
N96X153.671Y96.312
N98X152.934Y96.11
N100X152.226Y95.823
N102X151.557Y95.454
N104X150.936Y95.009
N106X150.372Y94.493
N108X149.873Y93.914
N110X149.446Y93.28
N112X149.097Y92.6
N114X148.831Y91.884
N116X148.652Y91.141
N118X148.561Y90.382
N120X148.561Y89.618
N122X148.652Y88.859
N124X148.831Y88.116
N126X149.097Y87.4
N128X149.446Y86.72
N130X149.873Y86.086
N132X150.372Y85.507
N134X150.936Y84.991
N136X151.557Y84.546
N138X152.226Y84.177
N140X152.934Y83.89
N142X153.671Y83.688
N144X154.427Y83.575
N146X155.191Y83.553
N148X155.952Y83.621
N150X156.7Y83.778
N152X157.424Y84.023
N154X158.114Y84.352
N156X158.76Y84.759
N158X159.354Y85.241
N160X159.886Y85.789
N162X160.35Y86.397
N164X160.738Y87.055
N166X161.046Y87.754
N168X161.27Y88.485
N170X161.405Y89.237
N172PUNCH_OFF
N174X121.25Y72.161
N176NIBBLE_ON
N178SPP=1.15
N180G03X99.343Y90.951I-30.96J-13.931
N182NIBBLE_OFF
N184G01
N186X81.237
N188NIBBLE_ON
N190SPP=1.15
N192G03X59.33Y72.161I9.053J-32.721
N194NIBBLE_OFF
N196G01
N198Y102
N200X25.29
N202PUNCH_ON
N204X25.29Y58.23
N206PUNCH_OFF
N208Y64.68
N210NIBBLE_ON
N212SPP=0.96
N214G03Y51.78I0J-6.45
N216NIBBLE_OFF
N218G01
N220PUNCH_ON
N222X25Y25
N224PUNCH_OFF
N226X31.45
N228PUNCH_ON
N230X31.45Y25
N232X31.405Y25.763
N234X31.27Y26.515
N236X31.046Y27.246
N238X30.738Y27.945
N240X30.35Y28.603
N242X29.886Y29.211
N244X29.354Y29.759
N246X28.76Y30.241
N248X28.114Y30.648
N250X27.424Y30.977
N252X26.7Y31.222
N254X25.952Y31.379
N256X25.191Y31.447
N258X24.427Y31.425
N260X23.671Y31.312
N262X22.934Y31.11
N264X22.226Y30.823
N266X21.557Y30.454
N268X20.936Y30.009
N270X20.372Y29.493
N272X19.873Y28.914
N274X19.446Y28.28
N276X19.097Y27.6
N278X18.831Y26.884
N280X18.652Y26.141
N282X18.561Y25.382
N284X18.561Y24.618
N286X18.652Y23.859
N288X18.831Y23.116
N290X19.097Y22.4
N292X19.446Y21.72
N294X19.873Y21.086
N296X20.372Y20.507
N298X20.936Y19.991
N300X21.557Y19.546
N302X22.226Y19.177
N304X22.934Y18.89
N306X23.671Y18.688
N308X24.427Y18.575
N310X25.191Y18.553
N312X25.952Y18.621
N314X26.7Y18.778
N316X27.424Y19.023
N318X28.114Y19.352
N320X28.76Y19.759
N322X29.354Y20.241
N324X29.886Y20.789
N326X30.35Y21.397
N328X30.738Y22.055
N330X31.046Y22.754
N332X31.27Y23.485
N334X31.405Y24.237
N336PUNCH_OFF
N338X25Y-3.55
N340NIBBLE_ON
N342SPP=1.12
N344G02X-3.55Y25I0J28.55
N346NIBBLE_OFF
N348G01
N350Y90
N352NIBBLE_ON
N354SPP=1.12
N356G02X25Y118.55I28.55J-0
N358NIBBLE_OFF
N360G01
N362PUNCH_ON
N364X25Y90
N366PUNCH_OFF
N368X31.45
N370PUNCH_ON
N372X31.45Y90
N374X31.405Y90.763
N376X31.27Y91.515
N378X31.046Y92.246
N380X30.738Y92.945
N382X30.35Y93.603
N384X29.886Y94.211
N386X29.354Y94.759
N388X28.76Y95.241
N390X28.114Y95.648
N392X27.424Y95.977
N394X26.7Y96.222
N396X25.952Y96.379
N398X25.191Y96.447
N400X24.427Y96.425
N402X23.671Y96.312
N404X22.934Y96.11
N406X22.226Y95.823
N408X21.557Y95.454
N410X20.936Y95.009
N412X20.372Y94.493
N414X19.873Y93.914
N416X19.446Y93.28
N418X19.097Y92.6
N420X18.831Y91.884
N422X18.652Y91.141
N424X18.561Y90.382
N426X18.561Y89.618
N428X18.652Y88.859
N430X18.831Y88.116
N432X19.097Y87.4
N434X19.446Y86.72
N436X19.873Y86.086
N438X20.372Y85.507
N440X20.936Y84.991
N442X21.557Y84.546
N444X22.226Y84.177
N446X22.934Y83.89
N448X23.671Y83.688
N450X24.427Y83.575
N452X25.191Y83.553
N454X25.952Y83.621
N456X26.7Y83.778
N458X27.424Y84.023
N460X28.114Y84.352
N462X28.76Y84.759
N464X29.354Y85.241
N466X29.886Y85.789
N468X30.35Y86.397
N470X30.738Y87.055
N472X31.046Y87.754
N474X31.27Y88.485
N476X31.405Y89.237
N478TC_TOOL_LUBE_ON(1)
N480TC_TOOL_LUBE_OFF
N482PUNCH_OFF
N484;ENTRY_PUNCH: ;RE-20x5
N486MSG("WZG RE-20x5")
N488TC_TOOL_LOAD("04200050","PTT-2")
N490PUNCH_ON
N492X82.79Y94.37C1=DC(90)
N494X90.29Y101.87C1=DC(0)
N496X97.79Y94.37C1=DC(90)
N498F115000
N500PUNCH_OFF
N502TC_SUCTION_OFF
N504TC_UNLOAD("1")
N506M30
STOP_TEXT
C
ENDE_PROGRAMM
C
ED


