

%
(DFS,P0024)
N10G92
N15G71F3
N20G01G40
N25G928[0.80]
N30G801[1090050]
N35(*MSG,PART NUMBER 4 AT LINE 35)
N40G01X-4.00Y103.00
N45Q01000024
N50G919
N55M02


N10%
(DFS,P01000024,)
15   IF #UPJUMP? THEN GOTO .UPEND ENDIF
N20G91
N25G01X36.45Y-66.33
N30G801[1090050]
N35G934[0]
N40G915[1]
N45G08
N50G62
N55G933[5]
N60G01X-0.08Y-3.83
N65G03X35.02Y34.56I17.62J17.16
N70G03X-34.56Y-35.02I-17.39J-17.39
N75G01X2.83Y0.06
N80G918
N85X-3.35Y35.25
N90G933[5]
N95G01X-32.32Y32.32
N100G918
N105X-4.00Y0.40
N110G933[5]
N115G01X4.00
N120X90.00
N125G02X10.40Y-10.40I0.00J-10.40
N130G01Y-90.00
N135G02X-0.40Y-0.40I-0.40J0.00
N140G01X-90.00
N145G02X-10.40Y10.40I0.00J10.40
N150G01Y90.00
N155Y3.00
N160G918
N165G01G40
N170G90
175   .UPEND
N180M02




(DFS,G 999999999,FICHIER DECOUPE PAR JET D'EAU ,RWED)

101
1001  01090050
1002 TRE-O-GRK
1003 Al99     
1004  2206
1005  1345
1006  RWED
1007  4
1008  03590
1009  0.80
1010  1.00
1011  6.40
1012  125.0
1013  0.0
1014  1
1015  0
1016  0.2
1017  0.2
1018  1.000
1019  5.0
1020  5
1021  0.0
1023  5.0
1025  0.0
1026  3.00
1027  3.0
1028  2500
1029  3
1030  0.0
1031  2.0
1032  0.3
1033  
1034  0.0
1035  1.0
1036  1.0
1037  0.0
1038  
1039  
1040  3.0
1041  2500
1042  3
1044  135
1045  1000
1046  1
1047  1
**
57167
+M30

(CLM,G999999999)





