

%
(DFS,P0025)
N10G92
N15G71F3
N20G01G40
N25G928[0.80]
N30G801[1090050]
N35(*MSG,PART NUMBER 1 AT LINE 35)
N40G01X0.00Y115.00
N45Q01000025
N50G919
N55M02


N10%
(DFS,P01000025,)
15   IF #UPJUMP? THEN GOTO .UPEND ENDIF
N20G91
N25G01X18.18Y-92.73
N30G801[1090050]
N35G934[0]
N40G915[1]
N45G08
N50G62
N55G933[5]
N60G01X-0.19Y-3.83
N65G03X13.80Y13.35I7.01J6.56
N70G03X-13.35Y-13.80I-6.79J-6.79
N75G01X2.83Y0.14
N80G918
N85X-3.08Y69.13
N90G933[5]
N95G01X-0.19Y-3.83
N100G03X13.80Y13.35I7.01J6.56
N105G03X-13.35Y-13.80I-6.79J-6.79
N110G01X2.83Y0.14
N115G918
N120X32.20Y-30.94
N125G933[5]
N130G01X1.07Y-3.86
N135G03X25.86Y-25.86I35.76J9.89
N140G02X0.29Y-0.38I-0.11J-0.38
N145G01Y-9.60
N150X19.20
N155Y9.60
N160G02X0.29Y0.38I0.40J0.00
N165G03X25.86Y25.86I-9.89J35.76
N170G02X0.39Y0.29I0.39J-0.11
N175G01X28.86
N180G03Y19.20I0.00J9.60
N185G01X-28.86
N190G02X-0.39Y0.29I0.00J0.40
N195G03X-25.86Y25.86I-35.76J-9.89
N200G02X-0.29Y0.39I0.11J0.39
N205G01Y9.60
N210X-19.20
N215Y-9.60
N220G02X-0.29Y-0.39I-0.40J0.00
N225G03X-25.86Y-25.86I9.89J-35.76
N230G02X-0.39Y-0.29I-0.39J0.11
N235G01X-28.86
N240G03Y-19.20I0.00J-9.60
N245G01X28.86
N250X3.00
N255G918
N260X91.04Y38.64
N265G933[5]
N270G01X-0.19Y-3.83
N275G03X13.80Y13.35I7.01J6.56
N280G03X-13.35Y-13.80I-6.79J-6.79
N285G01X2.83Y0.14
N290G918
N295X-3.08Y-60.87
N300G933[5]
N305G01X-0.19Y-3.83
N310G03X13.80Y13.35I7.01J6.56
N315G03X-13.35Y-13.80I-6.79J-6.79
N320G01X2.83Y0.14
N325G918
N330X-148.30Y-10.77
N335G933[5]
N340G01X3.83Y-0.08
N345G03X18.20Y-7.68I18.20J17.72
N350G01X130.00
N355G03X25.40Y25.40I0.00J25.40
N360G01Y65.00
N365G03X-25.40Y25.40I-25.40J0.00
N370G01X-130.00
N375G03X-25.40Y-25.40I0.00J-25.40
N380G01Y-65.00
N385G03X7.68Y-18.20I25.40J0.00
N390G01X0.06Y-2.83
N395G918
N400G01G40
N405G90
410   .UPEND
N415M02




(DFS,G 999999999,FICHIER DECOUPE PAR JET D'EAU ,RWED)

101
1001  01090050
1002 TRE-O-GRK
1003 Al99     
1004  2206
1005  1345
1006  RWED
1007  4
1008  03590
1009  0.80
1010  1.00
1011  6.40
1012  125.0
1013  0.0
1014  1
1015  0
1016  0.2
1017  0.2
1018  1.000
1019  5.0
1020  5
1021  0.0
1023  5.0
1025  0.0
1026  3.00
1027  3.0
1028  2500
1029  3
1030  0.0
1031  2.0
1032  0.3
1033  
1034  0.0
1035  1.0
1036  1.0
1037  0.0
1038  
1039  
1040  3.0
1041  2500
1042  3
1044  135
1045  1000
1046  1
1047  1
**
30828
+M30

(CLM,G999999999)





