

%
(DFS,P0026)
N10G92
N15G71F3
N20G01G40
N25G928[0.80]
N30G801[1090050]
N35(*MSG,PART NUMBER 2 AT LINE 35)
N40G01X0.00Y86.99
N45Q01000026
N50G919
N55M02


N10%
(DFS,P01000026,)
15   IF #UPJUMP? THEN GOTO .UPEND ENDIF
N20G91
N25G01X32.32Y-58.25
N30G801[1090050]
N35G934[0]
N40G915[1]
N45G08
N50G62
N55G933[5]
N60G01X2.16Y3.36
N65G02X11.75Y-9.50I6.39J-4.11
N70G03X0.05Y-0.61I0.28J-0.28
N75G03X68.70Y-22.39I70.59J99.99
N80G03X0.41Y0.45I0.01J0.40
N85G02X30.99Y3.62I15.48J1.94
N90G03X0.50Y-0.34I0.40J0.05
N95G03X78.74Y62.48I-30.01J118.66
N100G03X-0.35Y0.58I-0.35J0.18
N105G01X-15.99
N110Y7.87
N115G03X-0.68Y0.28I-0.40J0.00
N120G01X-8.64Y-8.63
N125G02X-14.67Y5.63I-6.08J6.08
N130G01X-0.28Y5.47
N135G03X-0.40Y0.38I-0.40J-0.02
N140G01X-11.26
N145G03X-0.40Y-0.35I0.00J-0.40
N150G01X-1.43Y-11.65
N155X-9.29
N160X-1.43Y11.65
N165G03X-0.40Y0.35I-0.40J-0.05
N170G01X-10.53
N175G03X-0.29Y-0.12I0.00J-0.40
N180G01X-17.66Y-18.10
N185G02X-45.74Y5.98I-15.05J62.82
N190G01X-41.12Y22.20
N195G03X-0.19Y0.05I-0.19J-0.35
N200G01X-12.00
N205G03X-0.40Y-0.40I0.00J-0.40
N210G01Y-3.60
N215X-21.20
N220Y3.60
N225G03X-0.40Y0.40I-0.40J0.00
N230G01X-10.87
N235G03X-0.38Y-0.52I-0.00J-0.40
N240G03X34.26Y-54.85I117.25J35.12
N245G01X2.21Y-2.03
N250G918
N255G01G40
N260G90
265   .UPEND
N270M02




(DFS,G 999999999,FICHIER DECOUPE PAR JET D'EAU ,RWED)

101
1001  01090050
1002 TRE-O-GRK
1003 Al99     
1004  2206
1005  1345
1006  RWED
1007  4
1008  03590
1009  0.80
1010  1.00
1011  6.40
1012  125.0
1013  0.0
1014  1
1015  0
1016  0.2
1017  0.2
1018  1.000
1019  5.0
1020  5
1021  0.0
1023  5.0
1025  0.0
1026  3.00
1027  3.0
1028  2500
1029  3
1030  0.0
1031  2.0
1032  0.3
1033  
1034  0.0
1035  1.0
1036  1.0
1037  0.0
1038  
1039  
1040  3.0
1041  2500
1042  3
1044  135
1045  1000
1046  1
1047  1
**
52301
+M30

(CLM,G999999999)





