

%
(DFS,P0027)
N10G92
N15G71F3
N20G01G40
N25G928[0.80]
N30G801[1090050]
N35(*MSG,PART NUMBER 3 AT LINE 35)
N40G01X0.00Y162.00
N45Q01000027
N50G919
N55M02


N10%
(DFS,P01000027,)
15   IF #UPJUMP? THEN GOTO .UPEND ENDIF
N20G91
N25G01X25.53Y-112.32
N30G801[1090050]
N35G934[0]
N40G915[1]
N45G08
N50G62
N55G933[5]
N60G01X-2.17Y-1.56
N65G03X3.84Y3.79I1.93J1.88
N70G03X-3.61Y-4.00I-1.91J-1.91
N75G01X2.79Y0.45
N80G918
N85X16.43Y-9.70
N90G933[5]
N95G01X-1.53Y-0.96
N100G03X2.62Y2.61I1.31J1.30
N105G03X-2.61Y-2.62I-1.31J-1.31
N110G01X0.96Y1.53
N115G918
N120X6.92Y20.02
N125G933[5]
N130G01X-1.53Y-0.96
N135G03X2.62Y2.61I1.31J1.30
N140G03X-2.61Y-2.62I-1.31J-1.31
N145G01X0.96Y1.53
N150G918
N155X10.58Y-7.11
N160G933[5]
N165G01X-1.01Y-0.52
N170G03X1.67Y1.72I0.83J0.87
N175G03X-1.39Y-1.92I-0.85J-0.85
N180G918
N185G01X10.83Y-5.80
N190G933[5]
N195G01X-1.53Y-0.96
N200G03X2.62Y2.61I1.31J1.30
N205G03X-2.61Y-2.62I-1.31J-1.31
N210G01X0.97Y1.53
N215G918
N220X-6.61Y18.95
N225G933[5]
N230G01X1.14Y-5.37
N235X13.91Y-9.03
N240G03X5.01Y7.72I2.50J3.86
N245G01X-27.26Y17.70
N250G03X-5.01Y-7.71I-2.51J-3.86
N255G01X13.91Y-9.03
N260X3.99Y0.85
N265G918
N270X21.97Y-22.11
N275G933[5]
N280G01X-1.53Y-0.96
N285G03X2.62Y2.61I1.31J1.30
N290G03X-2.61Y-2.62I-1.31J-1.31
N295G01X0.97Y1.53
N300G918
N305X5.10Y37.06
N310G933[5]
N315G01X-2.21Y-1.28
N320Y8.91
N325X5.70
N330Y-9.20
N335X-5.41
N340X1.15Y2.00
N345G918
N350X-28.52Y38.15
N355G933[5]
N360G01X0.40
N365X3.31Y3.31
N370X-4.74Y-4.74
N375X1.90Y1.90
N380Y0.40
N385G918
N390X-33.21Y-38.54
N395G933[5]
N400G01X-2.17Y-1.56
N405G03X3.84Y3.79I1.93J1.89
N410G03X-3.61Y-4.00I-1.91J-1.91
N415G01X2.79Y0.45
N420G918
N425X73.11Y71.79
N430G933[5]
N435G01X-1.13Y-0.62
N440G03X1.89Y1.92I0.94J0.97
N445G03X-1.60Y-2.14I-0.95J-0.96
N450G918
N455G01X42.26Y2.43
N460G933[5]
N465G01X-0.28Y-0.28
N470X-4.68
N475X6.70
N480X-2.68
N485X-0.28Y0.28
N490G918
N495X39.81Y-1.59
N500G933[5]
N505G01X-1.13Y-0.62
N510G03X1.90Y1.92I0.94J0.97
N515G03X-1.60Y-2.14I-0.96J-0.96
N520G918
N525G01X42.07Y-31.97
N530G933[5]
N535G01X-0.40
N540X-3.31Y3.31
N545X4.74Y-4.74
N550X-1.90Y1.90
N555Y0.40
N560G918
N565X-29.69Y-39.45
N570G933[5]
N575G01X-2.22Y-1.28
N580Y8.91
N585X5.70
N590Y-9.20
N595X-5.41
N600X1.15Y2.00
N605G918
N610X64.14Y0.48
N615G933[5]
N620G01X-2.17Y-1.56
N625G03X3.84Y3.79I1.93J1.89
N630G03X-3.62Y-4.00I-1.91J-1.91
N635G01X2.79Y0.45
N640G918
N645X6.35Y-26.19
N650G933[5]
N655G01X-2.17Y-1.56
N660G03X3.84Y3.79I1.93J1.88
N665G03X-3.61Y-4.00I-1.91J-1.91
N670G01X2.79Y0.45
N675G918
N680X-54.45Y-38.66
N685G933[5]
N690G01X-0.34Y0.29
N695G03X1.19Y-0.12I0.60J0.01
N700G03X-1.16Y-0.04I-0.59J0.13
N705G918
N710G01X-3.09Y-0.13
N715G933[5]
N720G01X-0.34Y0.29
N725G03X1.19Y-0.12I0.60J0.01
N730G03X-1.16Y-0.04I-0.59J0.13
N735G918
N740G01X-3.09Y-0.13
N745G933[5]
N750G01X-0.34Y0.29
N755G03X1.19Y-0.12I0.60J0.01
N760G03X-1.16Y-0.04I-0.59J0.13
N765G918
N770G01X-3.09Y-0.13
N775G933[5]
N780G01X-0.34Y0.29
N785G03X1.19Y-0.12I0.60J0.01
N790G03X-1.16Y-0.04I-0.59J0.13
N795G918
N800G01X-197.12Y35.07
N805G933[5]
N810G01X4.00
N815X9.20
N820Y11.60
N825G02X0.12Y0.28I0.40J0.00
N830G01X7.08Y7.08
N835Y29.13
N840G02X0.12Y0.28I0.40J0.00
N845G01X59.50Y59.50
N850G02X0.28Y0.12I0.28J-0.28
N855G01X23.60
N860Y9.10
N865G02X0.40Y0.40I0.40J0.00
N870G01X71.00
N875G02X0.40Y-0.40I0.00J-0.40
N880G01Y-9.10
N885X23.60
N890G02X0.28Y-0.12I0.00J-0.40
N895G01X59.50Y-59.50
N900G02X0.12Y-0.28I-0.28J-0.28
N905G01Y-29.13
N910X7.08Y-7.08
N915G02X0.12Y-0.28I-0.28J-0.28
N920G01Y-11.60
N925X9.20
N930G02X0.40Y-0.40I0.00J-0.40
N935G01Y-12.10
N940X10.30
N945G02X0.40Y-0.40I0.00J-0.40
N950G01Y-16.50
N955G02X-0.40Y-0.40I-0.40J0.00
N960G01X-9.10
N965Y-12.60
N970G02X-0.40Y-0.40I-0.40J0.00
N975G01X-10.40
N980Y-2.10
N985G02X-0.40Y-0.40I-0.40J0.00
N990G01X-50.20
N995G02X-0.40Y0.40I0.00J0.40
N1000G01Y9.60
N1005X-5.70
N1010Y-9.60
N1015G02X-0.40Y-0.40I-0.40J0.00
N1020G01X-13.00
N1025G02X-0.40Y0.40I0.00J0.40
N1030G01Y9.60
N1035X-5.70
N1040Y-9.60
N1045G02X-0.40Y-0.40I-0.40J0.00
N1050G01X-100.50
N1055G02X-0.40Y0.40I0.00J0.40
N1060G01Y11.60
N1065X-59.20
N1070Y-11.60
N1075G02X-0.40Y-0.40I-0.40J0.00
N1080G01X-15.70
N1085G02X-0.40Y0.40I0.00J0.40
N1090G01Y2.10
N1095X-10.40
N1100G02X-0.40Y0.40I0.00J0.40
N1105G01Y12.60
N1110X-9.10
N1115G02X-0.40Y0.40I0.00J0.40
N1120G01Y16.50
N1125G02X0.40Y0.40I0.40J0.00
N1130G01X10.30
N1135Y12.10
N1140Y3.00
N1145G918
N1150G01G40
N1155G90
1160   .UPEND
N1165M02




(DFS,G 999999999,FICHIER DECOUPE PAR JET D'EAU ,RWED)

101
1001  01090050
1002 TRE-O-GRK
1003 Al99     
1004  2206
1005  1345
1006  RWED
1007  4
1008  03590
1009  0.80
1010  1.00
1011  6.40
1012  125.0
1013  0.0
1014  1
1015  0
1016  0.2
1017  0.2
1018  1.000
1019  5.0
1020  5
1021  0.0
1023  5.0
1025  0.0
1026  3.00
1027  3.0
1028  2500
1029  3
1030  0.0
1031  2.0
1032  0.3
1033  
1034  0.0
1035  1.0
1036  1.0
1037  0.0
1038  
1039  
1040  3.0
1041  2500
1042  3
1044  135
1045  1000
1046  1
1047  1
**
42910
+M30

(CLM,G999999999)





