

%
(DFS,P0028)
N10G92
N15G71F3
N20G01G40
N25G928[0.80]
N30G801[1090050]
N35(*MSG,PART NUMBER 5 AT LINE 35)
N40G01X0.00Y175.26
N45Q01000028
N50G919
N55M02


N10%
(DFS,P01000028,)
15   IF #UPJUMP? THEN GOTO .UPEND ENDIF
N20G91
N25G01X19.80Y-153.48
N30G801[1090050]
N35G934[0]
N40G915[1]
N45G08
N50G62
N55G933[5]
N60G01X0.65Y-3.77
N65G03X7.22Y1.71I2.81J4.26
N70G02X40.59Y40.59I96.04J-55.45
N75G03X-5.10Y8.83I-2.55J4.42
N80G03X-44.33Y-44.33I60.55J-104.88
N85G03X2.13Y-7.11I4.42J-2.55
N90G01X2.66Y0.98
N95G918
N100X87.41Y86.20
N105G933[5]
N110G01X-0.42Y-3.81
N115G03X6.00Y5.58I3.10J2.68
N120G03X-5.58Y-6.00I-2.90J-2.90
N125G01X2.81Y0.31
N130G918
N135X17.20Y3.91
N140G933[5]
N145G01X-0.42Y-3.81
N150G03X6.00Y5.58I3.10J2.68
N155G03X-5.58Y-6.00I-2.90J-2.90
N160G01X2.81Y0.31
N165G918
N170X-2.80Y24.91
N175G933[5]
N180G01X-0.42Y-3.81
N185G03X6.00Y5.58I3.10J2.68
N190G03X-5.58Y-6.00I-2.90J-2.90
N195G01X2.81Y0.31
N200G918
N205X-22.80Y3.91
N210G933[5]
N215G01X-0.42Y-3.81
N220G03X6.00Y5.58I3.10J2.68
N225G03X-5.58Y-6.00I-2.90J-2.90
N230G01X2.81Y0.31
N235G918
N240X-2.80Y39.41
N245G933[5]
N250G01X-0.42Y-3.81
N255G03X6.00Y5.58I3.10J2.68
N260G03X-5.58Y-6.00I-2.90J-2.90
N265G01X2.81Y0.31
N270G918
N275X17.20Y3.91
N280G933[5]
N285G01X-0.42Y-3.81
N290G03X6.00Y5.58I3.10J2.68
N295G03X-5.58Y-6.00I-2.90J-2.90
N300G01X2.81Y0.31
N305G918
N310X-12.27Y-74.46
N315G933[5]
N320G01X-2.94Y-2.45
N325G03X5.09Y-5.40I5.09J-0.30
N330G02X55.45Y-14.86I0.00J-110.90
N335G03X5.10Y8.83I2.55J4.42
N340G03X-60.55Y16.22I-60.55J-104.88
N345G03X-5.09Y-5.40I0.00J-5.10
N350G01X2.17Y-1.81
N355G918
N360X-102.98Y-75.01
N365G933[5]
N370G01X-1.42Y5.30
N375X-15.09Y8.71
N380G02X-1.39Y4.37I1.70J2.94
N385G02X88.82Y74.58I123.80J-57.26
N390G03X14.58Y18.94I-5.02J18.94
N395G01Y57.21
N400G02X3.40Y3.40I3.40J0.00
N405G01X34.00
N410G02X3.40Y-3.40I0.00J-3.40
N415G01Y-57.21
N420G03X14.57Y-18.94I19.60J0.00
N425G02X43.60Y-20.35I-34.97J-131.84
N430G02X0.99Y-4.48I-1.96J-2.78
N435G01X-17.09Y-29.61
N440G02X-4.99Y-1.02I-2.94J1.70
N445G03X-145.46Y-38.98I-57.48J-76.39
N450G02X-4.83Y-1.61I-3.13J1.33
N455G01X-15.09Y8.71
N460X-3.94Y-1.06
N465G918
N470G01G40
N475G90
480   .UPEND
N485M02




(DFS,G 999999999,FICHIER DECOUPE PAR JET D'EAU ,RWED)

101
1001  01090050
1002 TRE-O-GRK
1003 Al99     
1004  2206
1005  1345
1006  RWED
1007  4
1008  03590
1009  0.80
1010  1.00
1011  6.40
1012  125.0
1013  0.0
1014  1
1015  0
1016  0.2
1017  0.2
1018  1.000
1019  5.0
1020  5
1021  0.0
1023  5.0
1025  0.0
1026  3.00
1027  3.0
1028  2500
1029  3
1030  0.0
1031  2.0
1032  0.3
1033  
1034  0.0
1035  1.0
1036  1.0
1037  0.0
1038  
1039  
1040  3.0
1041  2500
1042  3
1044  135
1045  1000
1046  1
1047  1
**
54736
+M30

(CLM,G999999999)





