BD
SET_METRIC
C
BEGIN_EINRICHTEPLAN_INFO
C
ZA,MM,2
MM,AT,1, 60,1,1,,,,,T
MM,AT,1,170,1,1,,,,,T
ZA,DA,1
C
DA,00031,1
C
ENDE_EINRICHTEPLAN_INFO
C
BEGIN_SHEET_MEASURE
C
ZA,MM,33
MM,AT,1,10,1,1,,,,,T
MM,AT,1,20,1,1,,,,,Z
MM,AT,1,30,1,1,,,,'Bool',Z
MM,AT,1,40,1,1,,,,'mm',Z
MM,AT,1,50,1,1,,,,'mm',Z
MM,AT,1,60,1,1,,,,'mm',Z
MM,AT,1,70,1,1,,,,'mm',Z
MM,AT,1,80,1,1,,,,'mm',Z
MM,AT,1,90,1,1,,,,'mm',Z
MM,AT,1,100,1,1,,,,'mm',Z
MM,AT,1,110,1,1,,,,'mm',Z
MM,AT,1,120,1,1,,,,'mm',Z
MM,AT,1,130,1,1,,,,'mm',Z
MM,AT,1,140,1,1,,,,'mm',Z
MM,AT,1,150,1,1,,,,'mm',Z
MM,AT,1,160,1,1,,,,'mm',Z
MM,AT,1,170,1,1,,,,'mm',Z
MM,AT,1,180,1,1,,,,'mm',Z
MM,AT,1,190,1,1,,,,'mm',Z
MM,AT,1,200,1,1,,,,'mm',Z
MM,AT,1,210,1,1,,,,'mm',Z
MM,AT,1,220,1,1,,,,'mm',Z
MM,AT,1,230,1,1,,,,'mm',Z
MM,AT,1,240,1,1,,,,'mm',Z
MM,AT,1,250,1,1,,,,'mm',Z
MM,AT,1,260,1,1,,,,'mm',Z
MM,AT,1,270,1,1,,,,'',Z
MM,AT,1,300,1,1,,,,'mm',Z
MM,AT,1,310,1,1,,,,'mm',Z
MM,AT,1,320,1,1,,,,'mm',Z
MM,AT,1,330,1,1,,,,'mm',Z
MM,AT,1,340,1,1,,,,'mm',Z
MM,AT,1,350,1,1,,,,'mm',Z
C
ZA,DA,1
DA,'SHM-1',0,0,25,0.0,0.0,0.0,0.0,244.36,106.97,0.0,0.0,0.0,
*  0.0,0.0,0.0,0.0,0.0,0.0,0.0,0.0,0.0,0.0,0.0,0.0,0.0,1,
*  183.27,61.09,53.48,0.0,0.0,0.0
C
ENDE_SHEET_MEASURE
C
BEGIN_SHEET_TECH
C
ZA,MM,7
MM,AT,1,10,1,1,,,,,T
MM,AT,1,20,1,1,,,,'mm',Z
MM,AT,1,30,1,1,,,,'mm',Z
MM,AT,1,40,1,1,,,,'mm',Z
MM,AT,1,220,1,1,,,,'mm',Z
MM,AT,1,230,1,1,,,,'mm',Z
MM,AT,1,240,1,1,,'Materialkennung',,'',T
C
ZA,DA,1
DA,'SHT-1',244.4,107.0,0.8,244.4,107.0,'Al99'
C
ENDE_SHEET_TECH
C
BEGIN_SHEET_LOAD
C
ZA,MM,10
MM,AT,1,10,1,1,,'Table identifier',,,T
MM,AT,1,500,1,1,,'Loading unit',,,Z
MM,AT,1,620,1,1,,'Sheet stopper',,,Z
MM,AT,1,630,1,1,,'Measure sheet position',,,Z
MM,AT,1,640,1,1,,'Measure range in X',,'mm',Z
MM,AT,1,650,1,1,,'Measure range in Y',,'mm',Z
MM,AT,1,660,1,1,,'Calibration',,'Bool',Z
MM,AT,1,690,1,1,,'Type of pallet change',,,Z
MM,AT,1,700,1,1,,'Measuring Corner',,,Z
MM,AT,1,710,1,1,,,,,Z
C
ZA,DA,1
DA,'SHL-1',1,1,1,120.0,120.0,1,0,1,1
C
ENDE_SHEET_LOAD
C
BEGIN_LTT_CALLS
C
ZA,MM,1
MM,AT,1,10,1,1,,,,,T
C
ZA,DA,1
DA,'TI040MD0-ARS0-30-2'
C
ENDE_LTT_CALLS
C
BEGIN_PROGRAMM
C
ZA,MM,4
MM,AT,1, 10,1,1,,,,,T
MM,AT,1, 20,1,1,,,,,T
MM,AT,1, 30,1,1,,,,,T
MM,AT,1, 40,1,1,,,,,Z
C
ZA,DA,2
DA,'L100031','UP',,
START_TEXT
N10G91
N11G01X-0.023Y-0.098
N12TC_POS_LEVEL(40.0)
N13TC_LASER_ON(9,"TI040MD0-ARS0-30-2",10,110)
N14X5.349Y-1.279
N15TC_LASER_ON(11,"TI040MD0-ARS0-30-2",0,100)
N16G02X0.431Y-0.311I-0.163J-0.681
N17G03X20.1Y-24.492I103.637J64.558
N18X1.455Y0.091I0.685J0.729
N19G02X12.285Y-9.933I6.082J-5.041
N20G03X0.216Y-1.441I0.785J-0.62
N21X66.691Y-21.733I69.581J100.333
N22X1.022Y1.063I0.024J1
N23G02X31.541Y3.68I15.868J1.003
N24G03X1.239Y-0.799I0.986J0.168
N25X76.871Y60.752I-30.912J118.122
N26X-0.883Y1.47I-0.883J0.47
N27G01X-13.8
N28G02X-1Y1I0J1
N29G01Y4.999
N30G03X-1.706Y0.708I-1J0
N31G01X-7.1Y-7.1
N32G02X-15.181Y5.828I-6.294J6.293
N33G01X-0.239Y4.616
N34G03X-0.999Y0.949I-0.999J-0.051
N35G01X-9.608
N36G03X-0.993Y-0.878I0J-1
N37G01X-1.255Y-10.244
N38G02X-0.992Y-0.878I-0.992J0.122
N39G01X-8.053
N40G02X-0.993Y0.878I0J1
N41G01X-1.255Y10.244
N42G03X-0.992Y0.878I-0.992J-0.122
N43G01X-9.354
N44G03X-0.716Y-0.302I0J-1
N45G01X-17.258Y-17.685
N46G02X-0.486Y-0.275I-0.716J0.698
N47X-45.751Y6.053I-14.92J63.162
N48G01X-40.921Y22.089
N49G03X-0.475Y0.12I-0.475J-0.88
N50G01X-10.873
N51G03X-1Y-1I0J-1
N52G01Y-2
N53G02X-1Y-1I-1J0
N54G01X-19.8
N55G02X-1Y1I0J1
N56G01Y2
N57G03X-1Y1I-1J0
N58G01X-8.756
N59G03X-0.955Y-1.296I0J-1
N60X13.24Y-28.786I116.611J36.196
N61TC_LASER_OFF(3)
N62G01
N63G90
N64M17
N65M02
STOP_TEXT
C
DA,'00031','HP',,
START_TEXT
N10MSG("PROGRAM NUMBER,00031")
N11MSG("SHEET Al99 : 244.4 x 107.0 x 0.8")
N12MSG("MSG,PART #:DXFPART7 QTY 1")
N13G71
N14F282000
N15TC_PCS_PIERCE
N16TC_POS_LEVEL(40.0)
N17TC_SHEET_TECH("SHT-1")
N18TC_SHEET_LOAD("SHL-1")
N19 ;GOTOF ENTRY_LASER
N20;ENTRY_LASER:
N21;(PART NUMBER: L100031  DXFPART7 NUMBER:1)
N22G01X17.162Y69.096
N23L100031
N24TC_LASER_OFF(2)
N25M30
STOP_TEXT
ENDE_PROGRAMM
ED


