BD
SET_METRIC
C
BEGIN_EINRICHTEPLAN_INFO
C
ZA,MM,2
MM,AT,1, 60,1,1,,,,,T
MM,AT,1,170,1,1,,,,,T
ZA,DA,1
C
DA,00030,1
C
ENDE_EINRICHTEPLAN_INFO
C
BEGIN_SHEET_MEASURE
C
ZA,MM,33
MM,AT,1,10,1,1,,,,,T
MM,AT,1,20,1,1,,,,,Z
MM,AT,1,30,1,1,,,,'Bool',Z
MM,AT,1,40,1,1,,,,'mm',Z
MM,AT,1,50,1,1,,,,'mm',Z
MM,AT,1,60,1,1,,,,'mm',Z
MM,AT,1,70,1,1,,,,'mm',Z
MM,AT,1,80,1,1,,,,'mm',Z
MM,AT,1,90,1,1,,,,'mm',Z
MM,AT,1,100,1,1,,,,'mm',Z
MM,AT,1,110,1,1,,,,'mm',Z
MM,AT,1,120,1,1,,,,'mm',Z
MM,AT,1,130,1,1,,,,'mm',Z
MM,AT,1,140,1,1,,,,'mm',Z
MM,AT,1,150,1,1,,,,'mm',Z
MM,AT,1,160,1,1,,,,'mm',Z
MM,AT,1,170,1,1,,,,'mm',Z
MM,AT,1,180,1,1,,,,'mm',Z
MM,AT,1,190,1,1,,,,'mm',Z
MM,AT,1,200,1,1,,,,'mm',Z
MM,AT,1,210,1,1,,,,'mm',Z
MM,AT,1,220,1,1,,,,'mm',Z
MM,AT,1,230,1,1,,,,'mm',Z
MM,AT,1,240,1,1,,,,'mm',Z
MM,AT,1,250,1,1,,,,'mm',Z
MM,AT,1,260,1,1,,,,'mm',Z
MM,AT,1,270,1,1,,,,'',Z
MM,AT,1,300,1,1,,,,'mm',Z
MM,AT,1,310,1,1,,,,'mm',Z
MM,AT,1,320,1,1,,,,'mm',Z
MM,AT,1,330,1,1,,,,'mm',Z
MM,AT,1,340,1,1,,,,'mm',Z
MM,AT,1,350,1,1,,,,'mm',Z
C
ZA,DA,1
DA,'SHM-1',0,0,25,0.0,0.0,0.0,0.0,200,135,0.0,0.0,0.0,0.0,
*  0.0,0.0,0.0,0.0,0.0,0.0,0.0,0.0,0.0,0.0,0.0,0.0,1,150,50,
*  67.5,0.0,0.0,0.0
C
ENDE_SHEET_MEASURE
C
BEGIN_SHEET_TECH
C
ZA,MM,7
MM,AT,1,10,1,1,,,,,T
MM,AT,1,20,1,1,,,,'mm',Z
MM,AT,1,30,1,1,,,,'mm',Z
MM,AT,1,40,1,1,,,,'mm',Z
MM,AT,1,220,1,1,,,,'mm',Z
MM,AT,1,230,1,1,,,,'mm',Z
MM,AT,1,240,1,1,,'Materialkennung',,'',T
C
ZA,DA,1
DA,'SHT-1',200.0,135.0,0.8,200.0,135.0,'Al99'
C
ENDE_SHEET_TECH
C
BEGIN_SHEET_LOAD
C
ZA,MM,10
MM,AT,1,10,1,1,,'Table identifier',,,T
MM,AT,1,500,1,1,,'Loading unit',,,Z
MM,AT,1,620,1,1,,'Sheet stopper',,,Z
MM,AT,1,630,1,1,,'Measure sheet position',,,Z
MM,AT,1,640,1,1,,'Measure range in X',,'mm',Z
MM,AT,1,650,1,1,,'Measure range in Y',,'mm',Z
MM,AT,1,660,1,1,,'Calibration',,'Bool',Z
MM,AT,1,690,1,1,,'Type of pallet change',,,Z
MM,AT,1,700,1,1,,'Measuring Corner',,,Z
MM,AT,1,710,1,1,,,,,Z
C
ZA,DA,1
DA,'SHL-1',1,1,1,120.0,120.0,1,0,1,1
C
ENDE_SHEET_LOAD
C
BEGIN_LTT_CALLS
C
ZA,MM,1
MM,AT,1,10,1,1,,,,,T
C
ZA,DA,1
DA,'TI040MD0-ARS0-30-2'
C
ENDE_LTT_CALLS
C
BEGIN_PROGRAMM
C
ZA,MM,4
MM,AT,1, 10,1,1,,,,,T
MM,AT,1, 20,1,1,,,,,T
MM,AT,1, 30,1,1,,,,,T
MM,AT,1, 40,1,1,,,,,Z
C
ZA,DA,2
DA,'L100030','UP',,
START_TEXT
N10G91
N11G01X0.099Y-0.011
N12TC_POS_LEVEL(40.0)
N13TC_LASER_ON(9,"TI040MD0-ARS0-30-2",10,110)
N14X-0.615Y-5.465
N15TC_LASER_ON(11,"TI040MD0-ARS0-30-2",0,100)
N16G03X0.189Y-0.561I0.696J-0.079
N17X14.173Y13.823I7.173J6.823
N18X-13.823Y-14.173I-7J-7
N19TC_LASER_OFF(3)
N20G01X1.78Y44.607
N21TC_LASER_ON(9,"TI040MD0-ARS0-30-2",10,110)
N22X-4.3Y-3.43
N23TC_LASER_ON(11,"TI040MD0-ARS0-30-2",0,100)
N24G03X-0.263Y-0.53I0.436J-0.547
N25X9.897Y-10.147I9.897J-0.247
N26G01X28.179
N27G02X0.959Y-0.716I0J-1
N28G03X25.245Y-25.246I35.862J10.616
N29G02X0.717Y-0.959I-0.283J-0.959
N30G01Y-8.221
N31G03X1Y-1I1J0
N32G01X17.8
N33G03X1Y1I0J1
N34G01Y8.221
N35G02X0.716Y0.959I1J0
N36G03X25.245Y25.246I-10.616J35.862
N37G02X0.959Y0.716I0.959J-0.284
N38G01X28.18
N39G03Y19.8I0J9.9
N40G01X-28.18
N41G02X-0.959Y0.716I0J1
N42G03X-25.245Y25.245I-35.861J-10.616
N43G02X-0.716Y0.959I0.284J0.959
N44G01Y8.222
N45G03X-1Y1I-1J0
N46G01X-17.8
N47G03X-1Y-1I0J-1
N48G01Y-8.222
N49G02X-0.717Y-0.959I-1J0
N50G03X-25.245Y-25.245I10.617J-35.861
N51G02X-0.959Y-0.716I-0.959J0.284
N52G01X-28.179
N53G03X-9.897Y-10.148I0J-9.9
N54TC_LASER_OFF(3)
N55G01X2.859Y31.224
N56TC_LASER_ON(9,"TI040MD0-ARS0-30-2",10,110)
N57X-0.615Y-5.465
N58TC_LASER_ON(11,"TI040MD0-ARS0-30-2",0,100)
N59G03X0.189Y-0.561I0.696J-0.079
N60X14.173Y13.823I7.173J6.823
N61X-13.823Y-14.173I-7J-7
N62TC_LASER_OFF(3)
N63G01X130.076Y6.376
N64TC_LASER_ON(9,"TI040MD0-ARS0-30-2",10,110)
N65X-0.615Y-5.465
N66TC_LASER_ON(11,"TI040MD0-ARS0-30-2",0,100)
N67G03X0.189Y-0.561I0.696J-0.079
N68X14.173Y13.823I7.173J6.823
N69X-13.823Y-14.173I-7J-7
N70TC_LASER_OFF(3)
N71G01X0.076Y-58.624
N72TC_LASER_ON(9,"TI040MD0-ARS0-30-2",10,110)
N73X-0.615Y-5.465
N74TC_LASER_ON(11,"TI040MD0-ARS0-30-2",0,100)
N75G03X0.189Y-0.561I0.696J-0.079
N76X14.173Y13.823I7.173J6.823
N77X-13.823Y-14.173I-7J-7
N78TC_LASER_OFF(3)
N79G01X-147.069Y-9.962
N80TC_LASER_ON(9,"TI040MD0-ARS0-30-2",10,110)
N81X5.496Y-0.226
N82TC_LASER_ON(11,"TI040MD0-ARS0-30-2",0,100)
N83G02X0.471Y-0.209I-0.029J-0.699
N84G03X17.925Y-7.53I17.925J17.57
N85G01X130
N86G03X25.1Y25.1I0J25.1
N87G01Y65
N88G03X-25.1Y25.1I-25.1J0
N89G01X-130
N90G03X-25.1Y-25.1I0J-25.1
N91G01Y-65
N92G03X7.53Y-17.925I25.1J0
N93TC_LASER_OFF(3)
N94G01
N95G90
N96M17
N97M02
STOP_TEXT
C
DA,'00030','HP',,
START_TEXT
N10MSG("PROGRAM NUMBER,00030")
N11MSG("SHEET Al99 : 200.0 x 135.0 x 0.8")
N12MSG("MSG,PART #:Pieza_prueba_Maxwell_2 QTY 1")
N13G71
N14F282000
N15TC_PCS_PIERCE
N16TC_POS_LEVEL(40.0)
N17TC_SHEET_TECH("SHT-1")
N18TC_SHEET_LOAD("SHL-1")
N19 ;GOTOF ENTRY_LASER
N20;ENTRY_LASER:
N21;(PART NUMBER: L100030  Pieza_prueba_Maxwell_2 NUMBER:1)
N22G01X28.154Y34.214
N23L100030
N24TC_LASER_OFF(2)
N25M30
STOP_TEXT
ENDE_PROGRAMM
ED


