BD
SET_METRIC
C
BEGIN_EINRICHTEPLAN_INFO
C
ZA,MM,2
MM,AT,1, 60,1,1,,,,,T
MM,AT,1,170,1,1,,,,,T
ZA,DA,1
C
DA,00032,1
C
ENDE_EINRICHTEPLAN_INFO
C
BEGIN_SHEET_MEASURE
C
ZA,MM,33
MM,AT,1,10,1,1,,,,,T
MM,AT,1,20,1,1,,,,,Z
MM,AT,1,30,1,1,,,,'Bool',Z
MM,AT,1,40,1,1,,,,'mm',Z
MM,AT,1,50,1,1,,,,'mm',Z
MM,AT,1,60,1,1,,,,'mm',Z
MM,AT,1,70,1,1,,,,'mm',Z
MM,AT,1,80,1,1,,,,'mm',Z
MM,AT,1,90,1,1,,,,'mm',Z
MM,AT,1,100,1,1,,,,'mm',Z
MM,AT,1,110,1,1,,,,'mm',Z
MM,AT,1,120,1,1,,,,'mm',Z
MM,AT,1,130,1,1,,,,'mm',Z
MM,AT,1,140,1,1,,,,'mm',Z
MM,AT,1,150,1,1,,,,'mm',Z
MM,AT,1,160,1,1,,,,'mm',Z
MM,AT,1,170,1,1,,,,'mm',Z
MM,AT,1,180,1,1,,,,'mm',Z
MM,AT,1,190,1,1,,,,'mm',Z
MM,AT,1,200,1,1,,,,'mm',Z
MM,AT,1,210,1,1,,,,'mm',Z
MM,AT,1,220,1,1,,,,'mm',Z
MM,AT,1,230,1,1,,,,'mm',Z
MM,AT,1,240,1,1,,,,'mm',Z
MM,AT,1,250,1,1,,,,'mm',Z
MM,AT,1,260,1,1,,,,'mm',Z
MM,AT,1,270,1,1,,,,'',Z
MM,AT,1,300,1,1,,,,'mm',Z
MM,AT,1,310,1,1,,,,'mm',Z
MM,AT,1,320,1,1,,,,'mm',Z
MM,AT,1,330,1,1,,,,'mm',Z
MM,AT,1,340,1,1,,,,'mm',Z
MM,AT,1,350,1,1,,,,'mm',Z
C
ZA,DA,1
DA,'SHM-1',0,0,25,0.0,0.0,0.0,0.0,313,182,0.0,0.0,0.0,0.0,
*  0.0,0.0,0.0,0.0,0.0,0.0,0.0,0.0,0.0,0.0,0.0,0.0,1,234.75,
*  78.25,91,0.0,0.0,0.0
C
ENDE_SHEET_MEASURE
C
BEGIN_SHEET_TECH
C
ZA,MM,7
MM,AT,1,10,1,1,,,,,T
MM,AT,1,20,1,1,,,,'mm',Z
MM,AT,1,30,1,1,,,,'mm',Z
MM,AT,1,40,1,1,,,,'mm',Z
MM,AT,1,220,1,1,,,,'mm',Z
MM,AT,1,230,1,1,,,,'mm',Z
MM,AT,1,240,1,1,,'Materialkennung',,'',T
C
ZA,DA,1
DA,'SHT-1',313.0,182.0,0.8,313.0,182.0,'Al99'
C
ENDE_SHEET_TECH
C
BEGIN_SHEET_LOAD
C
ZA,MM,10
MM,AT,1,10,1,1,,'Table identifier',,,T
MM,AT,1,500,1,1,,'Loading unit',,,Z
MM,AT,1,620,1,1,,'Sheet stopper',,,Z
MM,AT,1,630,1,1,,'Measure sheet position',,,Z
MM,AT,1,640,1,1,,'Measure range in X',,'mm',Z
MM,AT,1,650,1,1,,'Measure range in Y',,'mm',Z
MM,AT,1,660,1,1,,'Calibration',,'Bool',Z
MM,AT,1,690,1,1,,'Type of pallet change',,,Z
MM,AT,1,700,1,1,,'Measuring Corner',,,Z
MM,AT,1,710,1,1,,,,,Z
C
ZA,DA,1
DA,'SHL-1',1,1,1,120.0,120.0,1,0,1,1
C
ENDE_SHEET_LOAD
C
BEGIN_LTT_CALLS
C
ZA,MM,1
MM,AT,1,10,1,1,,,,,T
C
ZA,DA,1
DA,'TI040MD0-ARS0-30-2'
C
ENDE_LTT_CALLS
C
BEGIN_PROGRAMM
C
ZA,MM,4
MM,AT,1, 10,1,1,,,,,T
MM,AT,1, 20,1,1,,,,,T
MM,AT,1, 30,1,1,,,,,T
MM,AT,1, 40,1,1,,,,,Z
C
ZA,DA,2
DA,'L100032','UP',,
START_TEXT
N10G91
N11G01X0.091Y-0.042
N12TC_POS_LEVEL(40.0)
N13TC_LASER_ON(9,"TI040MD0-ARS0-30-2",10,110)
N14X-0.911Y-1.954
N15TC_LASER_ON(11,"TI040MD0-ARS0-30-2",0,100)
N16G03X0.102Y-0.75I0.635J-0.296
N17X4.406Y4.065I2.285J1.944
N18X-4.065Y-4.406I-2.121J-2.121
N19TC_LASER_OFF(3)
N20G01X18.319Y-8.22
N21TC_LASER_ON(9,"TI040MD0-ARS0-30-2",10,110)
N22X-0.77Y-1.046
N23TC_LASER_ON(11,"TI040MD0-ARS0-30-2",0,100)
N24G03X0.016Y-0.791I0.523J-0.386
N25X3.199Y2.862I1.679J1.342
N26X-2.862Y-3.199I-1.52J-1.52
N27TC_LASER_OFF(3)
N28G01X20.748Y27.316
N29TC_LASER_ON(9,"TI040MD0-ARS0-30-2",10,110)
N30X0.896Y-4.216
N31TC_LASER_ON(11,"TI040MD0-ARS0-30-2",0,100)
N32G03X0.296Y-0.43I0.668J0.142
N33G01X13.838Y-8.987
N34G03X5.338Y8.219I2.669J4.11
N35G01X-27.257Y17.701
N36G03X-5.337Y-8.219I-2.669J-4.11
N37G01X13.838Y-8.987
N38TC_LASER_OFF(3)
N39X-5.201Y-6.319
N40TC_LASER_ON(9,"TI040MD0-ARS0-30-2",10,110)
N41X-0.58Y-0.719
N42TC_LASER_ON(11,"TI040MD0-ARS0-30-2",0,100)
N43G03X-0.014Y-0.527I0.337J-0.272
N44X2.274Y1.943I1.213J0.883
N45X-1.944Y-2.273I-1.061J-1.06
N46TC_LASER_OFF(3)
N47G01X-10.106Y8.243
N48TC_LASER_ON(9,"TI040MD0-ARS0-30-2",10,110)
N49X-0.77Y-1.046
N50TC_LASER_ON(11,"TI040MD0-ARS0-30-2",0,100)
N51G03X0.015Y-0.791I0.523J-0.385
N52X3.2Y2.863I1.68J1.342
N53X-2.862Y-3.2I-1.52J-1.521
N54TC_LASER_OFF(3)
N55G01X-16.606Y20.368
N56TC_LASER_ON(9,"TI040MD0-ARS0-30-2",10,110)
N57X-0.911Y-1.954
N58TC_LASER_ON(11,"TI040MD0-ARS0-30-2",0,100)
N59G03X0.102Y-0.75I0.635J-0.296
N60X4.406Y4.065I2.285J1.944
N61X-4.065Y-4.406I-2.121J-2.121
N62TC_LASER_OFF(3)
N63G01X37.619Y-28.22
N64TC_LASER_ON(9,"TI040MD0-ARS0-30-2",10,110)
N65X-0.77Y-1.046
N66TC_LASER_ON(11,"TI040MD0-ARS0-30-2",0,100)
N67G03X0.016Y-0.791I0.523J-0.386
N68X3.199Y2.862I1.679J1.342
N69X-2.862Y-3.199I-1.52J-1.52
N70TC_LASER_OFF(3)
N71G01X20.917Y-5.326
N72TC_LASER_ON(9,"TI040MD0-ARS0-30-2",10,110)
N73X-0.77Y-1.046
N74TC_LASER_ON(11,"TI040MD0-ARS0-30-2",0,100)
N75G03X0.016Y-0.791I0.523J-0.386
N76X3.199Y2.862I1.679J1.342
N77X-2.862Y-3.199I-1.52J-1.52
N78TC_LASER_OFF(3)
N79G01X11.376Y41.173
N80TC_LASER_ON(9,"TI040MD0-ARS0-30-2",10,110)
N81X-3.889Y-3.889
N82TC_LASER_ON(11,"TI040MD0-ARS0-30-2",0,100)
N83G02X-0.495Y-0.205I-0.495J0.495
N84G01X-2.4
N85G02X-1Y1I0J1
N86G01Y7.8
N87G02X1Y1I1J0
N88G01X4.3
N89G02X1Y-1I0J-1
N90G01Y-7.8
N91G02X-1Y-1I-1J0
N92G01X-2.4
N93TC_LASER_OFF(3)
N94X-28.612Y40.978
N95TC_LASER_ON(9,"TI040MD0-ARS0-30-2",10,110)
N96X0.267
N97TC_LASER_ON(11,"TI040MD0-ARS0-30-2",0,100)
N98G03X0.051Y0.021I0J0.072
N99G01X2.545Y2.546
N100G03X-0.424Y0.424I-0.212J0.212
N101G01X-4.738Y-4.737
N102G03X0.424Y-0.425I0.212J-0.213
N103G01X2.546Y2.546
N104TC_LASER_OFF(3)
N105X39.002Y32.641
N106TC_LASER_ON(9,"TI040MD0-ARS0-30-2",10,110)
N107X-0.625Y-0.794
N108TC_LASER_ON(11,"TI040MD0-ARS0-30-2",0,100)
N109G03X-0.007Y-0.589I0.38J-0.299
N110X2.488Y2.156I1.321J0.989
N111X-2.156Y-2.488I-1.167J-1.167
N112TC_LASER_OFF(3)
N113G01X41.478Y2.189
N114TC_LASER_ON(9,"TI040MD0-ARS0-30-2",10,110)
N115X-0.188Y-0.189
N116TC_LASER_ON(11,"TI040MD0-ARS0-30-2",0,100)
N117G02X-0.051Y-0.021I-0.051J0.051
N118G01X-3.6
N119G02Y0.6I0J0.3
N120G01X6.7
N121G02Y-0.6I0J-0.3
N122G01X-3.6
N123TC_LASER_OFF(3)
N124X39.561Y-0.264
N125TC_LASER_ON(9,"TI040MD0-ARS0-30-2",10,110)
N126X-0.625Y-0.794
N127TC_LASER_ON(11,"TI040MD0-ARS0-30-2",0,100)
N128G03X-0.007Y-0.589I0.38J-0.299
N129X2.488Y2.156I1.321J0.989
N130X-2.156Y-2.488I-1.167J-1.167
N131TC_LASER_OFF(3)
N132G01X41.351Y-31.301
N133TC_LASER_ON(9,"TI040MD0-ARS0-30-2",10,110)
N134X-0.267
N135TC_LASER_ON(11,"TI040MD0-ARS0-30-2",0,100)
N136G02X-0.051Y0.021I0J0.072
N137G01X-2.545Y2.546
N138G02X0.424Y0.424I0.212J0.212
N139G01X4.738Y-4.737
N140G02X-0.424Y-0.425I-0.212J-0.213
N141G01X-2.546Y2.546
N142TC_LASER_OFF(3)
N143X-23.557Y-37.259
N144TC_LASER_ON(9,"TI040MD0-ARS0-30-2",10,110)
N145X-3.889Y-3.889
N146TC_LASER_ON(11,"TI040MD0-ARS0-30-2",0,100)
N147G02X-0.495Y-0.205I-0.495J0.495
N148G01X-2.4
N149G02X-1Y1I0J1
N150G01Y7.8
N151G02X1Y1I1J0
N152G01X4.3
N153G02X1Y-1I0J-1
N154G01Y-7.8
N155G02X-1Y-1I-1J0
N156G01X-2.4
N157TC_LASER_OFF(3)
N158X61.274Y3.86
N159TC_LASER_ON(9,"TI040MD0-ARS0-30-2",10,110)
N160X-0.911Y-1.954
N161TC_LASER_ON(11,"TI040MD0-ARS0-30-2",0,100)
N162G03X0.102Y-0.75I0.635J-0.296
N163X4.406Y4.065I2.285J1.944
N164X-4.065Y-4.406I-2.121J-2.121
N165TC_LASER_OFF(3)
N166G01X7.668Y-24.455
N167TC_LASER_ON(9,"TI040MD0-ARS0-30-2",10,110)
N168X-0.911Y-1.954
N169TC_LASER_ON(11,"TI040MD0-ARS0-30-2",0,100)
N170G03X0.102Y-0.75I0.635J-0.296
N171X4.406Y4.065I2.285J1.944
N172X-4.065Y-4.406I-2.121J-2.121
N173TC_LASER_OFF(3)
N174G01X-51.493Y-37.479
N175TC_LASER_ON(9,"TI040MD0-ARS0-30-2",10,110)
N176X-0.403Y-0.413
N177TC_LASER_ON(11,"TI040MD0-ARS0-30-2",0,100)
N178G03X-0.034Y-0.282I0.167J-0.163
N179X1.41Y1.095I0.774J0.459
N180X-1.095Y-1.41I-0.636J-0.636
N181TC_LASER_OFF(3)
N182G01X-3.278Y1.01
N183TC_LASER_ON(9,"TI040MD0-ARS0-30-2",10,110)
N184X-0.403Y-0.413
N185TC_LASER_ON(11,"TI040MD0-ARS0-30-2",0,100)
N186G03X-0.034Y-0.282I0.167J-0.163
N187X1.41Y1.095I0.774J0.459
N188X-1.095Y-1.41I-0.636J-0.636
N189TC_LASER_OFF(3)
N190G01X-3.278Y1.01
N191TC_LASER_ON(9,"TI040MD0-ARS0-30-2",10,110)
N192X-0.403Y-0.413
N193TC_LASER_ON(11,"TI040MD0-ARS0-30-2",0,100)
N194G03X-0.034Y-0.282I0.167J-0.163
N195X1.41Y1.095I0.774J0.459
N196X-1.095Y-1.41I-0.636J-0.636
N197TC_LASER_OFF(3)
N198G01X-3.278Y1.01
N199TC_LASER_ON(9,"TI040MD0-ARS0-30-2",10,110)
N200X-0.403Y-0.413
N201TC_LASER_ON(11,"TI040MD0-ARS0-30-2",0,100)
N202G03X-0.034Y-0.282I0.167J-0.163
N203X1.41Y1.095I0.774J0.459
N204X-1.095Y-1.41I-0.636J-0.636
N205TC_LASER_OFF(3)
N206G01X-184.507Y-10.92
N207TC_LASER_ON(9,"TI040MD0-ARS0-30-2",10,110)
N208X-3.889Y3.889
N209TC_LASER_ON(11,"TI040MD0-ARS0-30-2",0,100)
N210G03X-0.495Y0.205I-0.495J-0.495
N211G01X-4.65
N212G02X-1Y1I0J1
N213G01Y11
N214G03X-1Y1I-1J0
N215G01X-7.5
N216G02X-1Y1I0J1
N217G01Y14.7
N218G02X1Y1I1J0
N219G01X8.7
N220G03X1Y1I0J1
N221G01Y10.5
N222G02X1Y1I1J0
N223G01X7.6
N224G03X1Y1I0J1
N225G01Y10.527
N226G02X0.293Y0.707I1J0
N227G01X6.614Y6.615
N228G03X0.293Y0.707I-0.707J0.707
N229G01Y28.471
N230G02X0.293Y0.707I1J0
N231G01X58.973Y58.973
N232G02X0.707Y0.293I0.707J-0.707
N233G01X22.527
N234G03X1Y1I0J1
N235G01Y7.5
N236G02X1Y1I1J0
N237G01X69.2
N238G02X1Y-1I0J-1
N239G01Y-7.5
N240G03X1Y-1I1J0
N241G01X22.527
N242G02X0.707Y-0.293I0J-1
N243G01X58.973Y-58.973
N244G02X0.293Y-0.707I-0.707J-0.707
N245G01Y-28.471
N246G03X0.293Y-0.707I1J0
N247G01X6.614Y-6.615
N248G02X0.293Y-0.707I-0.707J-0.707
N249G01Y-10.527
N250G03X1Y-1I1J0
N251G01X7.6
N252G02X1Y-1I0J-1
N253G01Y-10.5
N254G03X1Y-1I1J0
N255G01X8.7
N256G02X1Y-1I0J-1
N257G01Y-14.7
N258G02X-1Y-1I-1J0
N259G01X-7.5
N260G03X-1Y-1I0J-1
N261G01Y-11
N262G02X-1Y-1I-1J0
N263G01X-8.8
N264G03X-1Y-1I0J-1
N265G01Y-0.5
N266G02X-1Y-1I-1J0
N267G01X-48.4
N268G02X-1Y1I0J1
N269G01Y8
N270G03X-1Y1I-1J0
N271G01X-4.3
N272G03X-1Y-1I0J-1
N273G01Y-8
N274G02X-1Y-1I-1J0
N275G01X-11.2
N276G02X-1Y1I0J1
N277G01Y8
N278G03X-1Y1I-1J0
N279G01X-4.3
N280G03X-1Y-1I0J-1
N281G01Y-8
N282G02X-1Y-1I-1J0
N283G01X-98.7
N284G02X-1Y1I0J1
N285G01Y10
N286G03X-1Y1I-1J0
N287G01X-57.8
N288G03X-1Y-1I0J-1
N289G01Y-10
N290G02X-1Y-1I-1J0
N291G01X-13.9
N292G02X-1Y1I0J1
N293G01Y0.5
N294G03X-1Y1I-1J0
N295G01X-4.65
N296TC_LASER_OFF(3)
N297G01
N298G90
N299M17
N300M02
STOP_TEXT
C
DA,'00032','HP',,
START_TEXT
N10MSG("PROGRAM NUMBER,00032")
N11MSG("SHEET Al99 : 313.0 x 182.0 x 0.8")
N12MSG("MSG,PART #:DXFPUNC0 QTY 1")
N13G71
N14F282000
N15TC_PCS_PIERCE
N16TC_POS_LEVEL(40.0)
N17TC_SHEET_TECH("SHT-1")
N18TC_SHEET_LOAD("SHL-1")
N19 ;GOTOF ENTRY_LASER
N20;ENTRY_LASER:
N21;(PART NUMBER: L100032  DXFPUNC0 NUMBER:1)
N22G01X33.733Y60.802
N23L100032
N24TC_LASER_OFF(2)
N25M30
STOP_TEXT
ENDE_PROGRAMM
ED


