BD
SET_METRIC
C
BEGIN_EINRICHTEPLAN_INFO
C
ZA,MM,2
MM,AT,1, 60,1,1,,,,,T
MM,AT,1,170,1,1,,,,,T
ZA,DA,1
C
DA,00033,1
C
ENDE_EINRICHTEPLAN_INFO
C
BEGIN_SHEET_MEASURE
C
ZA,MM,33
MM,AT,1,10,1,1,,,,,T
MM,AT,1,20,1,1,,,,,Z
MM,AT,1,30,1,1,,,,'Bool',Z
MM,AT,1,40,1,1,,,,'mm',Z
MM,AT,1,50,1,1,,,,'mm',Z
MM,AT,1,60,1,1,,,,'mm',Z
MM,AT,1,70,1,1,,,,'mm',Z
MM,AT,1,80,1,1,,,,'mm',Z
MM,AT,1,90,1,1,,,,'mm',Z
MM,AT,1,100,1,1,,,,'mm',Z
MM,AT,1,110,1,1,,,,'mm',Z
MM,AT,1,120,1,1,,,,'mm',Z
MM,AT,1,130,1,1,,,,'mm',Z
MM,AT,1,140,1,1,,,,'mm',Z
MM,AT,1,150,1,1,,,,'mm',Z
MM,AT,1,160,1,1,,,,'mm',Z
MM,AT,1,170,1,1,,,,'mm',Z
MM,AT,1,180,1,1,,,,'mm',Z
MM,AT,1,190,1,1,,,,'mm',Z
MM,AT,1,200,1,1,,,,'mm',Z
MM,AT,1,210,1,1,,,,'mm',Z
MM,AT,1,220,1,1,,,,'mm',Z
MM,AT,1,230,1,1,,,,'mm',Z
MM,AT,1,240,1,1,,,,'mm',Z
MM,AT,1,250,1,1,,,,'mm',Z
MM,AT,1,260,1,1,,,,'mm',Z
MM,AT,1,270,1,1,,,,'',Z
MM,AT,1,300,1,1,,,,'mm',Z
MM,AT,1,310,1,1,,,,'mm',Z
MM,AT,1,320,1,1,,,,'mm',Z
MM,AT,1,330,1,1,,,,'mm',Z
MM,AT,1,340,1,1,,,,'mm',Z
MM,AT,1,350,1,1,,,,'mm',Z
C
ZA,DA,1
DA,'SHM-1',0,0,25,0.0,0.0,0.0,0.0,223.33,195.26,0.0,0.0,0.0,
*  0.0,0.0,0.0,0.0,0.0,0.0,0.0,0.0,0.0,0.0,0.0,0.0,0.0,1,
*  167.5,55.83,97.63,0.0,0.0,0.0
C
ENDE_SHEET_MEASURE
C
BEGIN_SHEET_TECH
C
ZA,MM,7
MM,AT,1,10,1,1,,,,,T
MM,AT,1,20,1,1,,,,'mm',Z
MM,AT,1,30,1,1,,,,'mm',Z
MM,AT,1,40,1,1,,,,'mm',Z
MM,AT,1,220,1,1,,,,'mm',Z
MM,AT,1,230,1,1,,,,'mm',Z
MM,AT,1,240,1,1,,'Materialkennung',,'',T
C
ZA,DA,1
DA,'SHT-1',223.3,195.3,0.8,223.3,195.3,'Al99'
C
ENDE_SHEET_TECH
C
BEGIN_SHEET_LOAD
C
ZA,MM,10
MM,AT,1,10,1,1,,'Table identifier',,,T
MM,AT,1,500,1,1,,'Loading unit',,,Z
MM,AT,1,620,1,1,,'Sheet stopper',,,Z
MM,AT,1,630,1,1,,'Measure sheet position',,,Z
MM,AT,1,640,1,1,,'Measure range in X',,'mm',Z
MM,AT,1,650,1,1,,'Measure range in Y',,'mm',Z
MM,AT,1,660,1,1,,'Calibration',,'Bool',Z
MM,AT,1,690,1,1,,'Type of pallet change',,,Z
MM,AT,1,700,1,1,,'Measuring Corner',,,Z
MM,AT,1,710,1,1,,,,,Z
C
ZA,DA,1
DA,'SHL-1',1,1,1,120.0,120.0,1,0,1,1
C
ENDE_SHEET_LOAD
C
BEGIN_LTT_CALLS
C
ZA,MM,1
MM,AT,1,10,1,1,,,,,T
C
ZA,DA,1
DA,'TI040MD0-ARS0-30-2'
C
ENDE_LTT_CALLS
C
BEGIN_PROGRAMM
C
ZA,MM,4
MM,AT,1, 10,1,1,,,,,T
MM,AT,1, 20,1,1,,,,,T
MM,AT,1, 30,1,1,,,,,T
MM,AT,1, 40,1,1,,,,,Z
C
ZA,DA,2
DA,'L100033','UP',,
START_TEXT
N10G91
N11G01Y0.1
N12TC_POS_LEVEL(40.0)
N13TC_LASER_ON(9,"TI040MD0-ARS0-30-2",10,110)
N14X5.499Y0.052
N15TC_LASER_ON(11,"TI040MD0-ARS0-30-2",0,100)
N16G03X0.49Y0.206I-0.006J0.7
N17G02X23.083Y17.754I78.383J-78.029
N18G03X-5.4Y9.353I-2.7J4.676
N19X-44.436Y-44.436I60.7J-105.136
N20X9.353Y-5.4I4.677J-2.7
N21G02X17.754Y23.083I95.783J-55.3
N22TC_LASER_OFF(3)
N23G01X103.194Y33.571
N24TC_LASER_ON(9,"TI040MD0-ARS0-30-2",10,110)
N25X2.795Y-4.737
N26TC_LASER_ON(11,"TI040MD0-ARS0-30-2",0,100)
N27G03X0.423Y-0.321I0.603J0.356
N28G02X26.917Y-11.113I-28.383J-106.896
N29G03X5.4Y9.353I2.7J4.676
N30X-60.7Y16.264I-60.7J-105.136
N31Y-10.8I0J-5.4
N32G02X28.867Y-3.833I0J-110.6
N33TC_LASER_OFF(3)
N34G01X-21.323Y33.934
N35TC_LASER_ON(9,"TI040MD0-ARS0-30-2",10,110)
N36X-0.976Y-3.479
N37TC_LASER_ON(11,"TI040MD0-ARS0-30-2",0,100)
N38G03X0.152Y-0.655I0.674J-0.189
N39X6.391Y6.045I3.28J2.933
N40X-6.045Y-6.391I-3.111J-3.112
N41TC_LASER_OFF(3)
N42G01X-19.522Y4.48
N43TC_LASER_ON(9,"TI040MD0-ARS0-30-2",10,110)
N44X-0.976Y-3.479
N45TC_LASER_ON(11,"TI040MD0-ARS0-30-2",0,100)
N46G03X0.152Y-0.655I0.674J-0.189
N47X6.391Y6.045I3.28J2.933
N48X-6.045Y-6.391I-3.111J-3.112
N49TC_LASER_OFF(3)
N50G01X0.478Y25.48
N51TC_LASER_ON(9,"TI040MD0-ARS0-30-2",10,110)
N52X-0.976Y-3.479
N53TC_LASER_ON(11,"TI040MD0-ARS0-30-2",0,100)
N54G03X0.152Y-0.655I0.674J-0.189
N55X6.391Y6.045I3.28J2.933
N56X-6.045Y-6.391I-3.111J-3.112
N57TC_LASER_OFF(3)
N58G01X20.478Y4.48
N59TC_LASER_ON(9,"TI040MD0-ARS0-30-2",10,110)
N60X-0.976Y-3.479
N61TC_LASER_ON(11,"TI040MD0-ARS0-30-2",0,100)
N62G03X0.152Y-0.655I0.674J-0.189
N63X6.391Y6.045I3.28J2.933
N64X-6.045Y-6.391I-3.111J-3.112
N65TC_LASER_OFF(3)
N66G01X0.478Y39.98
N67TC_LASER_ON(9,"TI040MD0-ARS0-30-2",10,110)
N68X-0.976Y-3.479
N69TC_LASER_ON(11,"TI040MD0-ARS0-30-2",0,100)
N70G03X0.152Y-0.655I0.674J-0.189
N71X6.391Y6.045I3.28J2.933
N72X-6.045Y-6.391I-3.111J-3.112
N73TC_LASER_OFF(3)
N74G01X-19.522Y4.48
N75TC_LASER_ON(9,"TI040MD0-ARS0-30-2",10,110)
N76X-0.976Y-3.479
N77TC_LASER_ON(11,"TI040MD0-ARS0-30-2",0,100)
N78G03X0.152Y-0.655I0.674J-0.189
N79X6.391Y6.045I3.28J2.933
N80X-6.045Y-6.391I-3.111J-3.112
N81TC_LASER_OFF(3)
N82G01X-92.558Y-153.978
N83TC_LASER_ON(9,"TI040MD0-ARS0-30-2",10,110)
N84X-1.424Y5.312
N85TC_LASER_ON(11,"TI040MD0-ARS0-30-2",0,100)
N86G03X-0.326Y0.425I-0.676J-0.181
N87G01X-15.02Y8.672
N88G02X-1.264Y3.986I1.55J2.685
N89X88.628Y74.412I123.526J-57.138
N90G03X14.798Y19.235I-5.102J19.235
N91G01Y57.215
N92G02X3.1Y3.1I3.1J0
N93G01X34
N94G02X3.1Y-3.1I0J-3.1
N95G01Y-57.215
N96G03X14.797Y-19.235I19.9J0
N97G02X43.51Y-20.304I-34.897J-131.55
N98X0.898Y-4.084I-1.786J-2.534
N99G01X-17.093Y-29.607
N100G02X-4.549Y-0.927I-2.685J1.55
N101G03X-145.915Y-39.098I-57.663J-76.628
N102G02X-4.403Y-1.472I-2.853J1.213
N103G01X-15.02Y8.672
N104TC_LASER_OFF(3)
N105G01
N106G90
N107M17
N108M02
STOP_TEXT
C
DA,'00033','HP',,
START_TEXT
N10MSG("PROGRAM NUMBER,00033")
N11MSG("SHEET Al99 : 223.3 x 195.3 x 0.8")
N12MSG("MSG,PART #:DXFPAR0105 QTY 1")
N13G71
N14F282000
N15TC_PCS_PIERCE
N16TC_POS_LEVEL(40.0)
N17TC_SHEET_TECH("SHT-1")
N18TC_SHEET_LOAD("SHL-1")
N19 ;GOTOF ENTRY_LASER
N20;ENTRY_LASER:
N21;(PART NUMBER: L100033  DXFPAR0105 NUMBER:1)
N22G01X49.341Y51.928
N23L100033
N24TC_LASER_OFF(2)
N25M30
STOP_TEXT
ENDE_PROGRAMM
ED


